[2025-02-12T07:18:37.171+0000] {taskinstance.py:1165} INFO - Dependencies all met for <TaskInstance: group_dag.transforms.transform_a scheduled__2025-02-11T07:25:19.762871+00:00 [queued]>
[2025-02-12T07:18:37.196+0000] {taskinstance.py:1165} INFO - Dependencies all met for <TaskInstance: group_dag.transforms.transform_a scheduled__2025-02-11T07:25:19.762871+00:00 [queued]>
[2025-02-12T07:18:37.197+0000] {taskinstance.py:1362} INFO - 
--------------------------------------------------------------------------------
[2025-02-12T07:18:37.198+0000] {taskinstance.py:1363} INFO - Starting attempt 1 of 1
[2025-02-12T07:18:37.199+0000] {taskinstance.py:1364} INFO - 
--------------------------------------------------------------------------------
[2025-02-12T07:18:37.249+0000] {taskinstance.py:1383} INFO - Executing <Task(BashOperator): transform_a> on 2025-02-11 07:25:19.762871+00:00
[2025-02-12T07:18:37.266+0000] {standard_task_runner.py:55} INFO - Started process 435 to run task
[2025-02-12T07:18:37.276+0000] {standard_task_runner.py:82} INFO - Running: ['***', 'tasks', 'run', 'group_dag.transforms', 'transform_a', 'scheduled__2025-02-11T07:25:19.762871+00:00', '--job-id', '89', '--raw', '--subdir', 'DAGS_FOLDER/group_dag.py', '--cfg-path', '/tmp/tmpc_2ldlye']
[2025-02-12T07:18:37.278+0000] {standard_task_runner.py:83} INFO - Job 89: Subtask transform_a
[2025-02-12T07:18:37.520+0000] {task_command.py:376} INFO - Running <TaskInstance: group_dag.transforms.transform_a scheduled__2025-02-11T07:25:19.762871+00:00 [running]> on host 3817b1be0181
[2025-02-12T07:18:38.050+0000] {taskinstance.py:1592} INFO - Exporting the following env vars:
AIRFLOW_CTX_DAG_OWNER=***
AIRFLOW_CTX_DAG_ID=group_dag.transforms
AIRFLOW_CTX_TASK_ID=transform_a
AIRFLOW_CTX_EXECUTION_DATE=2025-02-11T07:25:19.762871+00:00
AIRFLOW_CTX_TRY_NUMBER=1
AIRFLOW_CTX_DAG_RUN_ID=scheduled__2025-02-11T07:25:19.762871+00:00
[2025-02-12T07:18:38.059+0000] {subprocess.py:63} INFO - Tmp dir root location: 
 /tmp
[2025-02-12T07:18:38.064+0000] {subprocess.py:75} INFO - Running command: ['/bin/bash', '-c', 'sleep 10']
[2025-02-12T07:18:38.093+0000] {subprocess.py:86} INFO - Output:
[2025-02-12T07:18:48.099+0000] {subprocess.py:97} INFO - Command exited with return code 0
[2025-02-12T07:18:48.160+0000] {taskinstance.py:1406} INFO - Marking task as SUCCESS. dag_id=group_dag.transforms, task_id=transform_a, execution_date=20250211T072519, start_date=20250212T071837, end_date=20250212T071848
[2025-02-12T07:18:48.247+0000] {local_task_job.py:164} INFO - Task exited with return code 0
[2025-02-12T07:18:48.291+0000] {local_task_job.py:273} INFO - 0 downstream tasks scheduled from follow-on schedule check
