[2025-01-28T08:11:37.103+0000] {taskinstance.py:1165} INFO - Dependencies all met for <TaskInstance: example_bash_operator.this_will_skip scheduled__2025-01-27T00:00:00+00:00 [queued]>
[2025-01-28T08:11:37.137+0000] {taskinstance.py:1165} INFO - Dependencies all met for <TaskInstance: example_bash_operator.this_will_skip scheduled__2025-01-27T00:00:00+00:00 [queued]>
[2025-01-28T08:11:37.138+0000] {taskinstance.py:1362} INFO - 
--------------------------------------------------------------------------------
[2025-01-28T08:11:37.139+0000] {taskinstance.py:1363} INFO - Starting attempt 1 of 1
[2025-01-28T08:11:37.140+0000] {taskinstance.py:1364} INFO - 
--------------------------------------------------------------------------------
[2025-01-28T08:11:37.177+0000] {taskinstance.py:1383} INFO - Executing <Task(BashOperator): this_will_skip> on 2025-01-27 00:00:00+00:00
[2025-01-28T08:11:37.190+0000] {standard_task_runner.py:55} INFO - Started process 2837 to run task
[2025-01-28T08:11:37.198+0000] {standard_task_runner.py:82} INFO - Running: ['***', 'tasks', 'run', 'example_bash_operator', 'this_will_skip', 'scheduled__2025-01-27T00:00:00+00:00', '--job-id', '7', '--raw', '--subdir', '/home/***/.local/lib/python3.7/site-packages/***/example_dags/example_bash_operator.py', '--cfg-path', '/tmp/tmphdy8w4xt']
[2025-01-28T08:11:37.199+0000] {standard_task_runner.py:83} INFO - Job 7: Subtask this_will_skip
[2025-01-28T08:11:37.354+0000] {task_command.py:376} INFO - Running <TaskInstance: example_bash_operator.this_will_skip scheduled__2025-01-27T00:00:00+00:00 [running]> on host fb1f760c5ca3
[2025-01-28T08:11:37.538+0000] {taskinstance.py:1592} INFO - Exporting the following env vars:
AIRFLOW_CTX_DAG_OWNER=***
AIRFLOW_CTX_DAG_ID=example_bash_operator
AIRFLOW_CTX_TASK_ID=this_will_skip
AIRFLOW_CTX_EXECUTION_DATE=2025-01-27T00:00:00+00:00
AIRFLOW_CTX_TRY_NUMBER=1
AIRFLOW_CTX_DAG_RUN_ID=scheduled__2025-01-27T00:00:00+00:00
[2025-01-28T08:11:37.543+0000] {subprocess.py:63} INFO - Tmp dir root location: 
 /tmp
[2025-01-28T08:11:37.546+0000] {subprocess.py:75} INFO - Running command: ['/bin/bash', '-c', 'echo "hello world"; exit 99;']
[2025-01-28T08:11:37.575+0000] {subprocess.py:86} INFO - Output:
[2025-01-28T08:11:37.582+0000] {subprocess.py:93} INFO - hello world
[2025-01-28T08:11:37.587+0000] {subprocess.py:97} INFO - Command exited with return code 99
[2025-01-28T08:11:37.588+0000] {taskinstance.py:1481} INFO - Bash command returned exit code 99. Skipping.
[2025-01-28T08:11:37.616+0000] {taskinstance.py:1406} INFO - Marking task as SKIPPED. dag_id=example_bash_operator, task_id=this_will_skip, execution_date=20250127T000000, start_date=20250128T081137, end_date=20250128T081137
[2025-01-28T08:11:37.671+0000] {local_task_job.py:164} INFO - Task exited with return code 0
[2025-01-28T08:11:37.734+0000] {local_task_job.py:273} INFO - 0 downstream tasks scheduled from follow-on schedule check
