[2025-02-11T06:29:09.532+0000] {taskinstance.py:1165} INFO - Dependencies all met for <TaskInstance: parallel_dag.extract_a manual__2025-02-11T06:29:05.952472+00:00 [queued]>
[2025-02-11T06:29:09.555+0000] {taskinstance.py:1165} INFO - Dependencies all met for <TaskInstance: parallel_dag.extract_a manual__2025-02-11T06:29:05.952472+00:00 [queued]>
[2025-02-11T06:29:09.556+0000] {taskinstance.py:1362} INFO - 
--------------------------------------------------------------------------------
[2025-02-11T06:29:09.556+0000] {taskinstance.py:1363} INFO - Starting attempt 1 of 1
[2025-02-11T06:29:09.557+0000] {taskinstance.py:1364} INFO - 
--------------------------------------------------------------------------------
[2025-02-11T06:29:09.589+0000] {taskinstance.py:1383} INFO - Executing <Task(BashOperator): extract_a> on 2025-02-11 06:29:05.952472+00:00
[2025-02-11T06:29:09.597+0000] {standard_task_runner.py:55} INFO - Started process 2129 to run task
[2025-02-11T06:29:09.612+0000] {standard_task_runner.py:82} INFO - Running: ['***', 'tasks', 'run', 'parallel_dag', 'extract_a', 'manual__2025-02-11T06:29:05.952472+00:00', '--job-id', '56', '--raw', '--subdir', 'DAGS_FOLDER/parallel_dag.py', '--cfg-path', '/tmp/tmpknnvlaa8']
[2025-02-11T06:29:09.614+0000] {standard_task_runner.py:83} INFO - Job 56: Subtask extract_a
[2025-02-11T06:29:10.194+0000] {task_command.py:376} INFO - Running <TaskInstance: parallel_dag.extract_a manual__2025-02-11T06:29:05.952472+00:00 [running]> on host 93d4299ff626
[2025-02-11T06:29:10.471+0000] {taskinstance.py:1592} INFO - Exporting the following env vars:
AIRFLOW_CTX_DAG_OWNER=***
AIRFLOW_CTX_DAG_ID=parallel_dag
AIRFLOW_CTX_TASK_ID=extract_a
AIRFLOW_CTX_EXECUTION_DATE=2025-02-11T06:29:05.952472+00:00
AIRFLOW_CTX_TRY_NUMBER=1
AIRFLOW_CTX_DAG_RUN_ID=manual__2025-02-11T06:29:05.952472+00:00
[2025-02-11T06:29:10.493+0000] {subprocess.py:63} INFO - Tmp dir root location: 
 /tmp
[2025-02-11T06:29:10.498+0000] {subprocess.py:75} INFO - Running command: ['/bin/bash', '-c', 'sleep 1']
[2025-02-11T06:29:10.535+0000] {subprocess.py:86} INFO - Output:
[2025-02-11T06:29:11.549+0000] {subprocess.py:97} INFO - Command exited with return code 0
[2025-02-11T06:29:11.612+0000] {taskinstance.py:1406} INFO - Marking task as SUCCESS. dag_id=parallel_dag, task_id=extract_a, execution_date=20250211T062905, start_date=20250211T062909, end_date=20250211T062911
[2025-02-11T06:29:11.659+0000] {local_task_job.py:164} INFO - Task exited with return code 0
[2025-02-11T06:29:11.750+0000] {local_task_job.py:273} INFO - 1 downstream tasks scheduled from follow-on schedule check
