[2025-02-11T06:29:17.407+0000] {taskinstance.py:1165} INFO - Dependencies all met for <TaskInstance: parallel_dag.transform scheduled__2025-02-10T00:00:00+00:00 [queued]>
[2025-02-11T06:29:17.425+0000] {taskinstance.py:1165} INFO - Dependencies all met for <TaskInstance: parallel_dag.transform scheduled__2025-02-10T00:00:00+00:00 [queued]>
[2025-02-11T06:29:17.425+0000] {taskinstance.py:1362} INFO - 
--------------------------------------------------------------------------------
[2025-02-11T06:29:17.426+0000] {taskinstance.py:1363} INFO - Starting attempt 1 of 1
[2025-02-11T06:29:17.426+0000] {taskinstance.py:1364} INFO - 
--------------------------------------------------------------------------------
[2025-02-11T06:29:17.454+0000] {taskinstance.py:1383} INFO - Executing <Task(BashOperator): transform> on 2025-02-10 00:00:00+00:00
[2025-02-11T06:29:17.466+0000] {standard_task_runner.py:55} INFO - Started process 2135 to run task
[2025-02-11T06:29:17.473+0000] {standard_task_runner.py:82} INFO - Running: ['***', 'tasks', 'run', 'parallel_dag', 'transform', 'scheduled__2025-02-10T00:00:00+00:00', '--job-id', '64', '--raw', '--subdir', 'DAGS_FOLDER/parallel_dag.py', '--cfg-path', '/tmp/tmpzdk14tdv']
[2025-02-11T06:29:17.475+0000] {standard_task_runner.py:83} INFO - Job 64: Subtask transform
[2025-02-11T06:29:17.793+0000] {task_command.py:376} INFO - Running <TaskInstance: parallel_dag.transform scheduled__2025-02-10T00:00:00+00:00 [running]> on host 192c3f41754c
[2025-02-11T06:29:18.025+0000] {taskinstance.py:1592} INFO - Exporting the following env vars:
AIRFLOW_CTX_DAG_OWNER=***
AIRFLOW_CTX_DAG_ID=parallel_dag
AIRFLOW_CTX_TASK_ID=transform
AIRFLOW_CTX_EXECUTION_DATE=2025-02-10T00:00:00+00:00
AIRFLOW_CTX_TRY_NUMBER=1
AIRFLOW_CTX_DAG_RUN_ID=scheduled__2025-02-10T00:00:00+00:00
[2025-02-11T06:29:18.030+0000] {subprocess.py:63} INFO - Tmp dir root location: 
 /tmp
[2025-02-11T06:29:18.032+0000] {subprocess.py:75} INFO - Running command: ['/bin/bash', '-c', 'sleep 30']
[2025-02-11T06:29:18.052+0000] {subprocess.py:86} INFO - Output:
[2025-02-11T06:29:48.064+0000] {subprocess.py:97} INFO - Command exited with return code 0
[2025-02-11T06:29:48.126+0000] {taskinstance.py:1406} INFO - Marking task as SUCCESS. dag_id=parallel_dag, task_id=transform, execution_date=20250210T000000, start_date=20250211T062917, end_date=20250211T062948
[2025-02-11T06:29:48.212+0000] {local_task_job.py:164} INFO - Task exited with return code 0
[2025-02-11T06:29:48.259+0000] {local_task_job.py:273} INFO - 0 downstream tasks scheduled from follow-on schedule check
