[2025-02-12T07:18:34.002+0000] {taskinstance.py:1165} INFO - Dependencies all met for <TaskInstance: group_dag.transforms scheduled__2025-02-10T00:00:00+00:00 [queued]>
[2025-02-12T07:18:34.026+0000] {taskinstance.py:1165} INFO - Dependencies all met for <TaskInstance: group_dag.transforms scheduled__2025-02-10T00:00:00+00:00 [queued]>
[2025-02-12T07:18:34.027+0000] {taskinstance.py:1362} INFO - 
--------------------------------------------------------------------------------
[2025-02-12T07:18:34.028+0000] {taskinstance.py:1363} INFO - Starting attempt 1 of 1
[2025-02-12T07:18:34.028+0000] {taskinstance.py:1364} INFO - 
--------------------------------------------------------------------------------
[2025-02-12T07:18:34.065+0000] {taskinstance.py:1383} INFO - Executing <Task(SubDagOperator): transforms> on 2025-02-10 00:00:00+00:00
[2025-02-12T07:18:34.073+0000] {standard_task_runner.py:55} INFO - Started process 427 to run task
[2025-02-12T07:18:34.082+0000] {standard_task_runner.py:82} INFO - Running: ['***', 'tasks', 'run', 'group_dag', 'transforms', 'scheduled__2025-02-10T00:00:00+00:00', '--job-id', '87', '--raw', '--subdir', 'DAGS_FOLDER/group_dag.py', '--cfg-path', '/tmp/tmp7dnzlaef']
[2025-02-12T07:18:34.083+0000] {standard_task_runner.py:83} INFO - Job 87: Subtask transforms
[2025-02-12T07:18:34.221+0000] {task_command.py:376} INFO - Running <TaskInstance: group_dag.transforms scheduled__2025-02-10T00:00:00+00:00 [running]> on host 3817b1be0181
[2025-02-12T07:18:34.364+0000] {taskinstance.py:1592} INFO - Exporting the following env vars:
AIRFLOW_CTX_DAG_OWNER=***
AIRFLOW_CTX_DAG_ID=group_dag
AIRFLOW_CTX_TASK_ID=transforms
AIRFLOW_CTX_EXECUTION_DATE=2025-02-10T00:00:00+00:00
AIRFLOW_CTX_TRY_NUMBER=1
AIRFLOW_CTX_DAG_RUN_ID=scheduled__2025-02-10T00:00:00+00:00
[2025-02-12T07:18:34.366+0000] {warnings.py:110} WARNING - /home/***/.local/lib/python3.7/site-packages/***/utils/context.py:204: AirflowContextDeprecationWarning: Accessing 'execution_date' from the template is deprecated and will be removed in a future version. Please use 'data_interval_start' or 'logical_date' instead.
  warnings.warn(_create_deprecation_warning(key, self._deprecation_replacements[key]))

[2025-02-12T07:18:34.427+0000] {subdag.py:171} INFO - Created DagRun: scheduled__2025-02-10T00:00:00+00:00
[2025-02-12T07:19:34.450+0000] {base.py:213} INFO - Success criteria met. Exiting.
[2025-02-12T07:19:34.466+0000] {subdag.py:186} INFO - Execution finished. State is success
[2025-02-12T07:19:34.489+0000] {taskinstance.py:1406} INFO - Marking task as SUCCESS. dag_id=group_dag, task_id=transforms, execution_date=20250210T000000, start_date=20250212T071834, end_date=20250212T071934
[2025-02-12T07:19:34.558+0000] {local_task_job.py:164} INFO - Task exited with return code 0
[2025-02-12T07:19:34.615+0000] {local_task_job.py:273} INFO - 0 downstream tasks scheduled from follow-on schedule check
