[2025-01-28T08:11:37.241+0000] {taskinstance.py:1165} INFO - Dependencies all met for <TaskInstance: example_bash_operator.runme_0 scheduled__2025-01-27T00:00:00+00:00 [queued]>
[2025-01-28T08:11:37.263+0000] {taskinstance.py:1165} INFO - Dependencies all met for <TaskInstance: example_bash_operator.runme_0 scheduled__2025-01-27T00:00:00+00:00 [queued]>
[2025-01-28T08:11:37.263+0000] {taskinstance.py:1362} INFO - 
--------------------------------------------------------------------------------
[2025-01-28T08:11:37.264+0000] {taskinstance.py:1363} INFO - Starting attempt 1 of 1
[2025-01-28T08:11:37.264+0000] {taskinstance.py:1364} INFO - 
--------------------------------------------------------------------------------
[2025-01-28T08:11:37.293+0000] {taskinstance.py:1383} INFO - Executing <Task(BashOperator): runme_0> on 2025-01-27 00:00:00+00:00
[2025-01-28T08:11:37.303+0000] {standard_task_runner.py:55} INFO - Started process 2841 to run task
[2025-01-28T08:11:37.312+0000] {standard_task_runner.py:82} INFO - Running: ['***', 'tasks', 'run', 'example_bash_operator', 'runme_0', 'scheduled__2025-01-27T00:00:00+00:00', '--job-id', '9', '--raw', '--subdir', '/home/***/.local/lib/python3.7/site-packages/***/example_dags/example_bash_operator.py', '--cfg-path', '/tmp/tmpejejqp9v']
[2025-01-28T08:11:37.313+0000] {standard_task_runner.py:83} INFO - Job 9: Subtask runme_0
[2025-01-28T08:11:37.465+0000] {task_command.py:376} INFO - Running <TaskInstance: example_bash_operator.runme_0 scheduled__2025-01-27T00:00:00+00:00 [running]> on host fb1f760c5ca3
[2025-01-28T08:11:37.667+0000] {taskinstance.py:1592} INFO - Exporting the following env vars:
AIRFLOW_CTX_DAG_OWNER=***
AIRFLOW_CTX_DAG_ID=example_bash_operator
AIRFLOW_CTX_TASK_ID=runme_0
AIRFLOW_CTX_EXECUTION_DATE=2025-01-27T00:00:00+00:00
AIRFLOW_CTX_TRY_NUMBER=1
AIRFLOW_CTX_DAG_RUN_ID=scheduled__2025-01-27T00:00:00+00:00
[2025-01-28T08:11:37.676+0000] {subprocess.py:63} INFO - Tmp dir root location: 
 /tmp
[2025-01-28T08:11:37.678+0000] {subprocess.py:75} INFO - Running command: ['/bin/bash', '-c', 'echo "example_bash_operator__runme_0__20250127" && sleep 1']
[2025-01-28T08:11:37.706+0000] {subprocess.py:86} INFO - Output:
[2025-01-28T08:11:37.710+0000] {subprocess.py:93} INFO - example_bash_operator__runme_0__20250127
[2025-01-28T08:11:38.715+0000] {subprocess.py:97} INFO - Command exited with return code 0
[2025-01-28T08:11:38.758+0000] {taskinstance.py:1406} INFO - Marking task as SUCCESS. dag_id=example_bash_operator, task_id=runme_0, execution_date=20250127T000000, start_date=20250128T081137, end_date=20250128T081138
[2025-01-28T08:11:38.806+0000] {local_task_job.py:164} INFO - Task exited with return code 0
[2025-01-28T08:11:38.838+0000] {local_task_job.py:273} INFO - 0 downstream tasks scheduled from follow-on schedule check
