[2025-02-13T07:18:32.386+0000] {processor.py:154} INFO - Started process (PID=72) to work on /opt/airflow/dags/consumer.py
[2025-02-13T07:18:32.390+0000] {processor.py:756} INFO - Processing file /opt/airflow/dags/consumer.py for tasks to queue
[2025-02-13T07:18:32.392+0000] {logging_mixin.py:120} INFO - [2025-02-13T07:18:32.392+0000] {dagbag.py:537} INFO - Filling up the DagBag from /opt/airflow/dags/consumer.py
[2025-02-13T07:18:32.461+0000] {processor.py:766} INFO - DAG(s) dict_keys(['consumer']) retrieved from /opt/airflow/dags/consumer.py
[2025-02-13T07:18:32.844+0000] {logging_mixin.py:120} INFO - [2025-02-13T07:18:32.843+0000] {dag.py:2585} INFO - Sync 1 DAGs
[2025-02-13T07:18:32.968+0000] {logging_mixin.py:120} INFO - [2025-02-13T07:18:32.968+0000] {dag.py:3340} INFO - Setting next_dagrun for consumer to None, run_after=None
[2025-02-13T07:18:33.689+0000] {processor.py:176} INFO - Processing /opt/airflow/dags/consumer.py took 1.318 seconds
[2025-02-13T07:19:03.990+0000] {processor.py:154} INFO - Started process (PID=98) to work on /opt/airflow/dags/consumer.py
[2025-02-13T07:19:03.992+0000] {processor.py:756} INFO - Processing file /opt/airflow/dags/consumer.py for tasks to queue
[2025-02-13T07:19:03.994+0000] {logging_mixin.py:120} INFO - [2025-02-13T07:19:03.993+0000] {dagbag.py:537} INFO - Filling up the DagBag from /opt/airflow/dags/consumer.py
[2025-02-13T07:19:04.053+0000] {processor.py:766} INFO - DAG(s) dict_keys(['consumer']) retrieved from /opt/airflow/dags/consumer.py
[2025-02-13T07:19:04.191+0000] {logging_mixin.py:120} INFO - [2025-02-13T07:19:04.190+0000] {dag.py:2585} INFO - Sync 1 DAGs
[2025-02-13T07:19:04.357+0000] {logging_mixin.py:120} INFO - [2025-02-13T07:19:04.356+0000] {dag.py:3340} INFO - Setting next_dagrun for consumer to None, run_after=None
[2025-02-13T07:19:04.453+0000] {processor.py:176} INFO - Processing /opt/airflow/dags/consumer.py took 0.472 seconds
[2025-02-13T07:19:35.116+0000] {processor.py:154} INFO - Started process (PID=125) to work on /opt/airflow/dags/consumer.py
[2025-02-13T07:19:35.118+0000] {processor.py:756} INFO - Processing file /opt/airflow/dags/consumer.py for tasks to queue
[2025-02-13T07:19:35.120+0000] {logging_mixin.py:120} INFO - [2025-02-13T07:19:35.120+0000] {dagbag.py:537} INFO - Filling up the DagBag from /opt/airflow/dags/consumer.py
[2025-02-13T07:19:35.179+0000] {processor.py:766} INFO - DAG(s) dict_keys(['consumer']) retrieved from /opt/airflow/dags/consumer.py
[2025-02-13T07:19:35.271+0000] {logging_mixin.py:120} INFO - [2025-02-13T07:19:35.270+0000] {dag.py:2585} INFO - Sync 1 DAGs
[2025-02-13T07:19:35.356+0000] {logging_mixin.py:120} INFO - [2025-02-13T07:19:35.355+0000] {dag.py:3340} INFO - Setting next_dagrun for consumer to None, run_after=None
[2025-02-13T07:19:35.415+0000] {processor.py:176} INFO - Processing /opt/airflow/dags/consumer.py took 0.310 seconds
[2025-02-13T07:20:06.151+0000] {processor.py:154} INFO - Started process (PID=161) to work on /opt/airflow/dags/consumer.py
[2025-02-13T07:20:06.158+0000] {processor.py:756} INFO - Processing file /opt/airflow/dags/consumer.py for tasks to queue
[2025-02-13T07:20:06.162+0000] {logging_mixin.py:120} INFO - [2025-02-13T07:20:06.162+0000] {dagbag.py:537} INFO - Filling up the DagBag from /opt/airflow/dags/consumer.py
[2025-02-13T07:20:06.333+0000] {processor.py:766} INFO - DAG(s) dict_keys(['consumer']) retrieved from /opt/airflow/dags/consumer.py
[2025-02-13T07:20:06.496+0000] {logging_mixin.py:120} INFO - [2025-02-13T07:20:06.496+0000] {dag.py:2585} INFO - Sync 1 DAGs
[2025-02-13T07:20:06.635+0000] {logging_mixin.py:120} INFO - [2025-02-13T07:20:06.634+0000] {dag.py:3340} INFO - Setting next_dagrun for consumer to None, run_after=None
[2025-02-13T07:20:06.720+0000] {processor.py:176} INFO - Processing /opt/airflow/dags/consumer.py took 0.597 seconds
[2025-02-13T07:20:37.192+0000] {processor.py:154} INFO - Started process (PID=188) to work on /opt/airflow/dags/consumer.py
[2025-02-13T07:20:37.195+0000] {processor.py:756} INFO - Processing file /opt/airflow/dags/consumer.py for tasks to queue
[2025-02-13T07:20:37.197+0000] {logging_mixin.py:120} INFO - [2025-02-13T07:20:37.196+0000] {dagbag.py:537} INFO - Filling up the DagBag from /opt/airflow/dags/consumer.py
[2025-02-13T07:20:37.233+0000] {processor.py:766} INFO - DAG(s) dict_keys(['consumer']) retrieved from /opt/airflow/dags/consumer.py
[2025-02-13T07:20:37.305+0000] {logging_mixin.py:120} INFO - [2025-02-13T07:20:37.304+0000] {dag.py:2585} INFO - Sync 1 DAGs
[2025-02-13T07:20:37.351+0000] {logging_mixin.py:120} INFO - [2025-02-13T07:20:37.350+0000] {dag.py:3340} INFO - Setting next_dagrun for consumer to None, run_after=None
[2025-02-13T07:20:37.391+0000] {processor.py:176} INFO - Processing /opt/airflow/dags/consumer.py took 0.204 seconds
[2025-02-13T07:21:07.854+0000] {processor.py:154} INFO - Started process (PID=215) to work on /opt/airflow/dags/consumer.py
[2025-02-13T07:21:07.856+0000] {processor.py:756} INFO - Processing file /opt/airflow/dags/consumer.py for tasks to queue
[2025-02-13T07:21:07.857+0000] {logging_mixin.py:120} INFO - [2025-02-13T07:21:07.857+0000] {dagbag.py:537} INFO - Filling up the DagBag from /opt/airflow/dags/consumer.py
[2025-02-13T07:21:07.895+0000] {processor.py:766} INFO - DAG(s) dict_keys(['consumer']) retrieved from /opt/airflow/dags/consumer.py
[2025-02-13T07:21:07.965+0000] {logging_mixin.py:120} INFO - [2025-02-13T07:21:07.965+0000] {dag.py:2585} INFO - Sync 1 DAGs
[2025-02-13T07:21:08.015+0000] {logging_mixin.py:120} INFO - [2025-02-13T07:21:08.015+0000] {dag.py:3340} INFO - Setting next_dagrun for consumer to None, run_after=None
[2025-02-13T07:21:08.056+0000] {processor.py:176} INFO - Processing /opt/airflow/dags/consumer.py took 0.210 seconds
[2025-02-13T07:21:38.719+0000] {processor.py:154} INFO - Started process (PID=251) to work on /opt/airflow/dags/consumer.py
[2025-02-13T07:21:38.721+0000] {processor.py:756} INFO - Processing file /opt/airflow/dags/consumer.py for tasks to queue
[2025-02-13T07:21:38.725+0000] {logging_mixin.py:120} INFO - [2025-02-13T07:21:38.724+0000] {dagbag.py:537} INFO - Filling up the DagBag from /opt/airflow/dags/consumer.py
[2025-02-13T07:21:38.768+0000] {processor.py:766} INFO - DAG(s) dict_keys(['consumer']) retrieved from /opt/airflow/dags/consumer.py
[2025-02-13T07:21:38.854+0000] {logging_mixin.py:120} INFO - [2025-02-13T07:21:38.854+0000] {dag.py:2585} INFO - Sync 1 DAGs
[2025-02-13T07:21:38.924+0000] {logging_mixin.py:120} INFO - [2025-02-13T07:21:38.924+0000] {dag.py:3340} INFO - Setting next_dagrun for consumer to None, run_after=None
[2025-02-13T07:21:38.968+0000] {processor.py:176} INFO - Processing /opt/airflow/dags/consumer.py took 0.255 seconds
[2025-02-13T07:22:09.098+0000] {processor.py:154} INFO - Started process (PID=277) to work on /opt/airflow/dags/consumer.py
[2025-02-13T07:22:09.099+0000] {processor.py:756} INFO - Processing file /opt/airflow/dags/consumer.py for tasks to queue
[2025-02-13T07:22:09.101+0000] {logging_mixin.py:120} INFO - [2025-02-13T07:22:09.101+0000] {dagbag.py:537} INFO - Filling up the DagBag from /opt/airflow/dags/consumer.py
[2025-02-13T07:22:09.219+0000] {processor.py:766} INFO - DAG(s) dict_keys(['consumer']) retrieved from /opt/airflow/dags/consumer.py
[2025-02-13T07:22:09.313+0000] {logging_mixin.py:120} INFO - [2025-02-13T07:22:09.312+0000] {dag.py:2585} INFO - Sync 1 DAGs
[2025-02-13T07:22:09.370+0000] {logging_mixin.py:120} INFO - [2025-02-13T07:22:09.370+0000] {dag.py:3340} INFO - Setting next_dagrun for consumer to None, run_after=None
[2025-02-13T07:22:09.415+0000] {processor.py:176} INFO - Processing /opt/airflow/dags/consumer.py took 0.323 seconds
[2025-02-13T07:22:39.876+0000] {processor.py:154} INFO - Started process (PID=312) to work on /opt/airflow/dags/consumer.py
[2025-02-13T07:22:39.878+0000] {processor.py:756} INFO - Processing file /opt/airflow/dags/consumer.py for tasks to queue
[2025-02-13T07:22:39.880+0000] {logging_mixin.py:120} INFO - [2025-02-13T07:22:39.879+0000] {dagbag.py:537} INFO - Filling up the DagBag from /opt/airflow/dags/consumer.py
[2025-02-13T07:22:39.914+0000] {processor.py:766} INFO - DAG(s) dict_keys(['consumer']) retrieved from /opt/airflow/dags/consumer.py
[2025-02-13T07:22:39.982+0000] {logging_mixin.py:120} INFO - [2025-02-13T07:22:39.982+0000] {dag.py:2585} INFO - Sync 1 DAGs
[2025-02-13T07:22:40.024+0000] {logging_mixin.py:120} INFO - [2025-02-13T07:22:40.024+0000] {dag.py:3340} INFO - Setting next_dagrun for consumer to None, run_after=None
[2025-02-13T07:22:40.063+0000] {processor.py:176} INFO - Processing /opt/airflow/dags/consumer.py took 0.192 seconds
[2025-02-13T07:23:10.618+0000] {processor.py:154} INFO - Started process (PID=339) to work on /opt/airflow/dags/consumer.py
[2025-02-13T07:23:10.620+0000] {processor.py:756} INFO - Processing file /opt/airflow/dags/consumer.py for tasks to queue
[2025-02-13T07:23:10.621+0000] {logging_mixin.py:120} INFO - [2025-02-13T07:23:10.621+0000] {dagbag.py:537} INFO - Filling up the DagBag from /opt/airflow/dags/consumer.py
[2025-02-13T07:23:10.654+0000] {processor.py:766} INFO - DAG(s) dict_keys(['consumer']) retrieved from /opt/airflow/dags/consumer.py
[2025-02-13T07:23:10.717+0000] {logging_mixin.py:120} INFO - [2025-02-13T07:23:10.717+0000] {dag.py:2585} INFO - Sync 1 DAGs
[2025-02-13T07:23:10.757+0000] {logging_mixin.py:120} INFO - [2025-02-13T07:23:10.756+0000] {dag.py:3340} INFO - Setting next_dagrun for consumer to None, run_after=None
[2025-02-13T07:23:10.794+0000] {processor.py:176} INFO - Processing /opt/airflow/dags/consumer.py took 0.181 seconds
[2025-02-13T07:23:41.482+0000] {processor.py:154} INFO - Started process (PID=375) to work on /opt/airflow/dags/consumer.py
[2025-02-13T07:23:41.485+0000] {processor.py:756} INFO - Processing file /opt/airflow/dags/consumer.py for tasks to queue
[2025-02-13T07:23:41.487+0000] {logging_mixin.py:120} INFO - [2025-02-13T07:23:41.487+0000] {dagbag.py:537} INFO - Filling up the DagBag from /opt/airflow/dags/consumer.py
[2025-02-13T07:23:41.547+0000] {processor.py:766} INFO - DAG(s) dict_keys(['consumer']) retrieved from /opt/airflow/dags/consumer.py
[2025-02-13T07:23:41.653+0000] {logging_mixin.py:120} INFO - [2025-02-13T07:23:41.653+0000] {dag.py:2585} INFO - Sync 1 DAGs
[2025-02-13T07:23:41.729+0000] {logging_mixin.py:120} INFO - [2025-02-13T07:23:41.728+0000] {dag.py:3340} INFO - Setting next_dagrun for consumer to None, run_after=None
[2025-02-13T07:23:41.780+0000] {processor.py:176} INFO - Processing /opt/airflow/dags/consumer.py took 0.309 seconds
[2025-02-13T07:24:11.891+0000] {processor.py:154} INFO - Started process (PID=401) to work on /opt/airflow/dags/consumer.py
[2025-02-13T07:24:11.893+0000] {processor.py:756} INFO - Processing file /opt/airflow/dags/consumer.py for tasks to queue
[2025-02-13T07:24:11.894+0000] {logging_mixin.py:120} INFO - [2025-02-13T07:24:11.894+0000] {dagbag.py:537} INFO - Filling up the DagBag from /opt/airflow/dags/consumer.py
[2025-02-13T07:24:11.936+0000] {processor.py:766} INFO - DAG(s) dict_keys(['consumer']) retrieved from /opt/airflow/dags/consumer.py
[2025-02-13T07:24:12.025+0000] {logging_mixin.py:120} INFO - [2025-02-13T07:24:12.025+0000] {dag.py:2585} INFO - Sync 1 DAGs
[2025-02-13T07:24:12.116+0000] {logging_mixin.py:120} INFO - [2025-02-13T07:24:12.116+0000] {dag.py:3340} INFO - Setting next_dagrun for consumer to None, run_after=None
[2025-02-13T07:24:12.189+0000] {processor.py:176} INFO - Processing /opt/airflow/dags/consumer.py took 0.303 seconds
[2025-02-13T07:25:40.415+0000] {processor.py:154} INFO - Started process (PID=52) to work on /opt/airflow/dags/consumer.py
[2025-02-13T07:25:40.417+0000] {processor.py:756} INFO - Processing file /opt/airflow/dags/consumer.py for tasks to queue
[2025-02-13T07:25:40.419+0000] {logging_mixin.py:120} INFO - [2025-02-13T07:25:40.419+0000] {dagbag.py:537} INFO - Filling up the DagBag from /opt/airflow/dags/consumer.py
[2025-02-13T07:25:40.524+0000] {processor.py:766} INFO - DAG(s) dict_keys(['consumer']) retrieved from /opt/airflow/dags/consumer.py
[2025-02-13T07:25:40.786+0000] {logging_mixin.py:120} INFO - [2025-02-13T07:25:40.785+0000] {dag.py:2585} INFO - Sync 1 DAGs
[2025-02-13T07:25:40.864+0000] {logging_mixin.py:120} INFO - [2025-02-13T07:25:40.863+0000] {dag.py:3340} INFO - Setting next_dagrun for consumer to None, run_after=None
[2025-02-13T07:25:40.922+0000] {processor.py:176} INFO - Processing /opt/airflow/dags/consumer.py took 0.514 seconds
[2025-02-13T07:26:11.585+0000] {processor.py:154} INFO - Started process (PID=87) to work on /opt/airflow/dags/consumer.py
[2025-02-13T07:26:11.587+0000] {processor.py:756} INFO - Processing file /opt/airflow/dags/consumer.py for tasks to queue
[2025-02-13T07:26:11.588+0000] {logging_mixin.py:120} INFO - [2025-02-13T07:26:11.588+0000] {dagbag.py:537} INFO - Filling up the DagBag from /opt/airflow/dags/consumer.py
[2025-02-13T07:26:11.632+0000] {processor.py:766} INFO - DAG(s) dict_keys(['consumer']) retrieved from /opt/airflow/dags/consumer.py
[2025-02-13T07:26:11.709+0000] {logging_mixin.py:120} INFO - [2025-02-13T07:26:11.708+0000] {dag.py:2585} INFO - Sync 1 DAGs
[2025-02-13T07:26:11.750+0000] {logging_mixin.py:120} INFO - [2025-02-13T07:26:11.750+0000] {dag.py:3340} INFO - Setting next_dagrun for consumer to None, run_after=None
[2025-02-13T07:26:11.791+0000] {processor.py:176} INFO - Processing /opt/airflow/dags/consumer.py took 0.210 seconds
[2025-02-13T07:26:42.437+0000] {processor.py:154} INFO - Started process (PID=119) to work on /opt/airflow/dags/consumer.py
[2025-02-13T07:26:42.439+0000] {processor.py:756} INFO - Processing file /opt/airflow/dags/consumer.py for tasks to queue
[2025-02-13T07:26:42.441+0000] {logging_mixin.py:120} INFO - [2025-02-13T07:26:42.441+0000] {dagbag.py:537} INFO - Filling up the DagBag from /opt/airflow/dags/consumer.py
[2025-02-13T07:26:42.481+0000] {processor.py:766} INFO - DAG(s) dict_keys(['consumer']) retrieved from /opt/airflow/dags/consumer.py
[2025-02-13T07:26:42.557+0000] {logging_mixin.py:120} INFO - [2025-02-13T07:26:42.557+0000] {dag.py:2585} INFO - Sync 1 DAGs
[2025-02-13T07:26:42.603+0000] {logging_mixin.py:120} INFO - [2025-02-13T07:26:42.603+0000] {dag.py:3340} INFO - Setting next_dagrun for consumer to None, run_after=None
[2025-02-13T07:26:42.644+0000] {processor.py:176} INFO - Processing /opt/airflow/dags/consumer.py took 0.211 seconds
[2025-02-13T07:27:13.311+0000] {processor.py:154} INFO - Started process (PID=149) to work on /opt/airflow/dags/consumer.py
[2025-02-13T07:27:13.313+0000] {processor.py:756} INFO - Processing file /opt/airflow/dags/consumer.py for tasks to queue
[2025-02-13T07:27:13.315+0000] {logging_mixin.py:120} INFO - [2025-02-13T07:27:13.315+0000] {dagbag.py:537} INFO - Filling up the DagBag from /opt/airflow/dags/consumer.py
[2025-02-13T07:27:13.372+0000] {processor.py:766} INFO - DAG(s) dict_keys(['consumer']) retrieved from /opt/airflow/dags/consumer.py
[2025-02-13T07:27:13.465+0000] {logging_mixin.py:120} INFO - [2025-02-13T07:27:13.464+0000] {dag.py:2585} INFO - Sync 1 DAGs
[2025-02-13T07:27:13.512+0000] {logging_mixin.py:120} INFO - [2025-02-13T07:27:13.511+0000] {dag.py:3340} INFO - Setting next_dagrun for consumer to None, run_after=None
[2025-02-13T07:27:13.550+0000] {processor.py:176} INFO - Processing /opt/airflow/dags/consumer.py took 0.248 seconds
[2025-02-13T07:27:44.168+0000] {processor.py:154} INFO - Started process (PID=185) to work on /opt/airflow/dags/consumer.py
[2025-02-13T07:27:44.170+0000] {processor.py:756} INFO - Processing file /opt/airflow/dags/consumer.py for tasks to queue
[2025-02-13T07:27:44.172+0000] {logging_mixin.py:120} INFO - [2025-02-13T07:27:44.171+0000] {dagbag.py:537} INFO - Filling up the DagBag from /opt/airflow/dags/consumer.py
[2025-02-13T07:27:44.215+0000] {processor.py:766} INFO - DAG(s) dict_keys(['consumer']) retrieved from /opt/airflow/dags/consumer.py
[2025-02-13T07:27:44.288+0000] {logging_mixin.py:120} INFO - [2025-02-13T07:27:44.288+0000] {dag.py:2585} INFO - Sync 1 DAGs
[2025-02-13T07:27:44.335+0000] {logging_mixin.py:120} INFO - [2025-02-13T07:27:44.335+0000] {dag.py:3340} INFO - Setting next_dagrun for consumer to None, run_after=None
[2025-02-13T07:27:44.410+0000] {processor.py:176} INFO - Processing /opt/airflow/dags/consumer.py took 0.219 seconds
[2025-02-13T07:28:15.058+0000] {processor.py:154} INFO - Started process (PID=213) to work on /opt/airflow/dags/consumer.py
[2025-02-13T07:28:15.061+0000] {processor.py:756} INFO - Processing file /opt/airflow/dags/consumer.py for tasks to queue
[2025-02-13T07:28:15.063+0000] {logging_mixin.py:120} INFO - [2025-02-13T07:28:15.063+0000] {dagbag.py:537} INFO - Filling up the DagBag from /opt/airflow/dags/consumer.py
[2025-02-13T07:28:15.115+0000] {processor.py:766} INFO - DAG(s) dict_keys(['consumer']) retrieved from /opt/airflow/dags/consumer.py
[2025-02-13T07:28:15.199+0000] {logging_mixin.py:120} INFO - [2025-02-13T07:28:15.198+0000] {dag.py:2585} INFO - Sync 1 DAGs
[2025-02-13T07:28:15.250+0000] {logging_mixin.py:120} INFO - [2025-02-13T07:28:15.250+0000] {dag.py:3340} INFO - Setting next_dagrun for consumer to None, run_after=None
[2025-02-13T07:28:15.288+0000] {processor.py:176} INFO - Processing /opt/airflow/dags/consumer.py took 0.240 seconds
[2025-02-13T07:28:46.050+0000] {processor.py:154} INFO - Started process (PID=248) to work on /opt/airflow/dags/consumer.py
[2025-02-13T07:28:46.053+0000] {processor.py:756} INFO - Processing file /opt/airflow/dags/consumer.py for tasks to queue
[2025-02-13T07:28:46.056+0000] {logging_mixin.py:120} INFO - [2025-02-13T07:28:46.055+0000] {dagbag.py:537} INFO - Filling up the DagBag from /opt/airflow/dags/consumer.py
[2025-02-13T07:28:46.101+0000] {processor.py:766} INFO - DAG(s) dict_keys(['consumer']) retrieved from /opt/airflow/dags/consumer.py
[2025-02-13T07:28:46.181+0000] {logging_mixin.py:120} INFO - [2025-02-13T07:28:46.181+0000] {dag.py:2585} INFO - Sync 1 DAGs
[2025-02-13T07:28:46.228+0000] {logging_mixin.py:120} INFO - [2025-02-13T07:28:46.228+0000] {dag.py:3340} INFO - Setting next_dagrun for consumer to None, run_after=None
[2025-02-13T07:28:46.279+0000] {processor.py:176} INFO - Processing /opt/airflow/dags/consumer.py took 0.236 seconds
[2025-02-13T07:29:16.806+0000] {processor.py:154} INFO - Started process (PID=275) to work on /opt/airflow/dags/consumer.py
[2025-02-13T07:29:16.808+0000] {processor.py:756} INFO - Processing file /opt/airflow/dags/consumer.py for tasks to queue
[2025-02-13T07:29:16.809+0000] {logging_mixin.py:120} INFO - [2025-02-13T07:29:16.809+0000] {dagbag.py:537} INFO - Filling up the DagBag from /opt/airflow/dags/consumer.py
[2025-02-13T07:29:16.850+0000] {processor.py:766} INFO - DAG(s) dict_keys(['consumer']) retrieved from /opt/airflow/dags/consumer.py
[2025-02-13T07:29:16.938+0000] {logging_mixin.py:120} INFO - [2025-02-13T07:29:16.937+0000] {dag.py:2585} INFO - Sync 1 DAGs
[2025-02-13T07:29:17.000+0000] {logging_mixin.py:120} INFO - [2025-02-13T07:29:16.999+0000] {dag.py:3340} INFO - Setting next_dagrun for consumer to None, run_after=None
[2025-02-13T07:29:17.053+0000] {processor.py:176} INFO - Processing /opt/airflow/dags/consumer.py took 0.253 seconds
[2025-02-13T07:29:47.177+0000] {processor.py:154} INFO - Started process (PID=301) to work on /opt/airflow/dags/consumer.py
[2025-02-13T07:29:47.179+0000] {processor.py:756} INFO - Processing file /opt/airflow/dags/consumer.py for tasks to queue
[2025-02-13T07:29:47.180+0000] {logging_mixin.py:120} INFO - [2025-02-13T07:29:47.180+0000] {dagbag.py:537} INFO - Filling up the DagBag from /opt/airflow/dags/consumer.py
[2025-02-13T07:29:47.267+0000] {processor.py:766} INFO - DAG(s) dict_keys(['consumer']) retrieved from /opt/airflow/dags/consumer.py
[2025-02-13T07:29:47.372+0000] {logging_mixin.py:120} INFO - [2025-02-13T07:29:47.371+0000] {dag.py:2585} INFO - Sync 1 DAGs
[2025-02-13T07:29:47.510+0000] {logging_mixin.py:120} INFO - [2025-02-13T07:29:47.509+0000] {dag.py:3340} INFO - Setting next_dagrun for consumer to None, run_after=None
[2025-02-13T07:29:47.655+0000] {processor.py:176} INFO - Processing /opt/airflow/dags/consumer.py took 0.484 seconds
[2025-02-13T07:30:18.422+0000] {processor.py:154} INFO - Started process (PID=336) to work on /opt/airflow/dags/consumer.py
[2025-02-13T07:30:18.424+0000] {processor.py:756} INFO - Processing file /opt/airflow/dags/consumer.py for tasks to queue
[2025-02-13T07:30:18.425+0000] {logging_mixin.py:120} INFO - [2025-02-13T07:30:18.425+0000] {dagbag.py:537} INFO - Filling up the DagBag from /opt/airflow/dags/consumer.py
[2025-02-13T07:30:18.467+0000] {processor.py:766} INFO - DAG(s) dict_keys(['consumer']) retrieved from /opt/airflow/dags/consumer.py
[2025-02-13T07:30:18.538+0000] {logging_mixin.py:120} INFO - [2025-02-13T07:30:18.538+0000] {dag.py:2585} INFO - Sync 1 DAGs
[2025-02-13T07:30:18.581+0000] {logging_mixin.py:120} INFO - [2025-02-13T07:30:18.580+0000] {dag.py:3340} INFO - Setting next_dagrun for consumer to None, run_after=None
[2025-02-13T07:30:18.621+0000] {processor.py:176} INFO - Processing /opt/airflow/dags/consumer.py took 0.204 seconds
[2025-02-13T07:30:49.029+0000] {processor.py:154} INFO - Started process (PID=372) to work on /opt/airflow/dags/consumer.py
[2025-02-13T07:30:49.030+0000] {processor.py:756} INFO - Processing file /opt/airflow/dags/consumer.py for tasks to queue
[2025-02-13T07:30:49.032+0000] {logging_mixin.py:120} INFO - [2025-02-13T07:30:49.032+0000] {dagbag.py:537} INFO - Filling up the DagBag from /opt/airflow/dags/consumer.py
[2025-02-13T07:30:49.079+0000] {processor.py:766} INFO - DAG(s) dict_keys(['consumer']) retrieved from /opt/airflow/dags/consumer.py
[2025-02-13T07:30:49.163+0000] {logging_mixin.py:120} INFO - [2025-02-13T07:30:49.163+0000] {dag.py:2585} INFO - Sync 1 DAGs
[2025-02-13T07:30:49.235+0000] {logging_mixin.py:120} INFO - [2025-02-13T07:30:49.234+0000] {dag.py:3340} INFO - Setting next_dagrun for consumer to None, run_after=None
[2025-02-13T07:30:49.285+0000] {processor.py:176} INFO - Processing /opt/airflow/dags/consumer.py took 0.262 seconds
[2025-02-13T07:31:19.315+0000] {processor.py:154} INFO - Started process (PID=398) to work on /opt/airflow/dags/consumer.py
[2025-02-13T07:31:19.317+0000] {processor.py:756} INFO - Processing file /opt/airflow/dags/consumer.py for tasks to queue
[2025-02-13T07:31:19.318+0000] {logging_mixin.py:120} INFO - [2025-02-13T07:31:19.318+0000] {dagbag.py:537} INFO - Filling up the DagBag from /opt/airflow/dags/consumer.py
[2025-02-13T07:31:19.370+0000] {processor.py:766} INFO - DAG(s) dict_keys(['consumer']) retrieved from /opt/airflow/dags/consumer.py
[2025-02-13T07:31:19.513+0000] {logging_mixin.py:120} INFO - [2025-02-13T07:31:19.510+0000] {dag.py:2585} INFO - Sync 1 DAGs
[2025-02-13T07:31:19.661+0000] {logging_mixin.py:120} INFO - [2025-02-13T07:31:19.661+0000] {dag.py:3340} INFO - Setting next_dagrun for consumer to None, run_after=None
[2025-02-13T07:31:19.729+0000] {processor.py:176} INFO - Processing /opt/airflow/dags/consumer.py took 0.419 seconds
[2025-02-13T07:31:50.332+0000] {processor.py:154} INFO - Started process (PID=433) to work on /opt/airflow/dags/consumer.py
[2025-02-13T07:31:50.334+0000] {processor.py:756} INFO - Processing file /opt/airflow/dags/consumer.py for tasks to queue
[2025-02-13T07:31:50.336+0000] {logging_mixin.py:120} INFO - [2025-02-13T07:31:50.336+0000] {dagbag.py:537} INFO - Filling up the DagBag from /opt/airflow/dags/consumer.py
[2025-02-13T07:31:50.377+0000] {processor.py:766} INFO - DAG(s) dict_keys(['consumer']) retrieved from /opt/airflow/dags/consumer.py
[2025-02-13T07:31:50.461+0000] {logging_mixin.py:120} INFO - [2025-02-13T07:31:50.460+0000] {dag.py:2585} INFO - Sync 1 DAGs
[2025-02-13T07:31:50.515+0000] {logging_mixin.py:120} INFO - [2025-02-13T07:31:50.514+0000] {dag.py:3340} INFO - Setting next_dagrun for consumer to None, run_after=None
[2025-02-13T07:31:50.570+0000] {processor.py:176} INFO - Processing /opt/airflow/dags/consumer.py took 0.244 seconds
[2025-02-13T07:32:21.360+0000] {processor.py:154} INFO - Started process (PID=460) to work on /opt/airflow/dags/consumer.py
[2025-02-13T07:32:21.362+0000] {processor.py:756} INFO - Processing file /opt/airflow/dags/consumer.py for tasks to queue
[2025-02-13T07:32:21.365+0000] {logging_mixin.py:120} INFO - [2025-02-13T07:32:21.365+0000] {dagbag.py:537} INFO - Filling up the DagBag from /opt/airflow/dags/consumer.py
[2025-02-13T07:32:21.464+0000] {processor.py:766} INFO - DAG(s) dict_keys(['consumer']) retrieved from /opt/airflow/dags/consumer.py
[2025-02-13T07:32:21.586+0000] {logging_mixin.py:120} INFO - [2025-02-13T07:32:21.586+0000] {dag.py:2585} INFO - Sync 1 DAGs
[2025-02-13T07:32:21.676+0000] {logging_mixin.py:120} INFO - [2025-02-13T07:32:21.675+0000] {dag.py:3340} INFO - Setting next_dagrun for consumer to None, run_after=None
[2025-02-13T07:32:21.793+0000] {processor.py:176} INFO - Processing /opt/airflow/dags/consumer.py took 0.440 seconds
[2025-02-13T07:32:52.469+0000] {processor.py:154} INFO - Started process (PID=493) to work on /opt/airflow/dags/consumer.py
[2025-02-13T07:32:52.470+0000] {processor.py:756} INFO - Processing file /opt/airflow/dags/consumer.py for tasks to queue
[2025-02-13T07:32:52.472+0000] {logging_mixin.py:120} INFO - [2025-02-13T07:32:52.471+0000] {dagbag.py:537} INFO - Filling up the DagBag from /opt/airflow/dags/consumer.py
[2025-02-13T07:32:52.512+0000] {processor.py:766} INFO - DAG(s) dict_keys(['consumer']) retrieved from /opt/airflow/dags/consumer.py
[2025-02-13T07:32:52.583+0000] {logging_mixin.py:120} INFO - [2025-02-13T07:32:52.582+0000] {dag.py:2585} INFO - Sync 1 DAGs
[2025-02-13T07:32:52.647+0000] {logging_mixin.py:120} INFO - [2025-02-13T07:32:52.647+0000] {dag.py:3340} INFO - Setting next_dagrun for consumer to None, run_after=None
[2025-02-13T07:32:52.702+0000] {processor.py:176} INFO - Processing /opt/airflow/dags/consumer.py took 0.239 seconds
[2025-02-13T07:33:23.381+0000] {processor.py:154} INFO - Started process (PID=522) to work on /opt/airflow/dags/consumer.py
[2025-02-13T07:33:23.383+0000] {processor.py:756} INFO - Processing file /opt/airflow/dags/consumer.py for tasks to queue
[2025-02-13T07:33:23.387+0000] {logging_mixin.py:120} INFO - [2025-02-13T07:33:23.386+0000] {dagbag.py:537} INFO - Filling up the DagBag from /opt/airflow/dags/consumer.py
[2025-02-13T07:33:23.436+0000] {processor.py:766} INFO - DAG(s) dict_keys(['consumer']) retrieved from /opt/airflow/dags/consumer.py
[2025-02-13T07:33:23.506+0000] {logging_mixin.py:120} INFO - [2025-02-13T07:33:23.505+0000] {dag.py:2585} INFO - Sync 1 DAGs
[2025-02-13T07:33:23.562+0000] {logging_mixin.py:120} INFO - [2025-02-13T07:33:23.562+0000] {dag.py:3340} INFO - Setting next_dagrun for consumer to None, run_after=None
[2025-02-13T07:33:23.615+0000] {processor.py:176} INFO - Processing /opt/airflow/dags/consumer.py took 0.244 seconds
[2025-02-13T07:33:54.608+0000] {processor.py:154} INFO - Started process (PID=565) to work on /opt/airflow/dags/consumer.py
[2025-02-13T07:33:54.611+0000] {processor.py:756} INFO - Processing file /opt/airflow/dags/consumer.py for tasks to queue
[2025-02-13T07:33:54.612+0000] {logging_mixin.py:120} INFO - [2025-02-13T07:33:54.612+0000] {dagbag.py:537} INFO - Filling up the DagBag from /opt/airflow/dags/consumer.py
[2025-02-13T07:33:54.652+0000] {processor.py:766} INFO - DAG(s) dict_keys(['consumer']) retrieved from /opt/airflow/dags/consumer.py
[2025-02-13T07:33:54.722+0000] {logging_mixin.py:120} INFO - [2025-02-13T07:33:54.722+0000] {dag.py:2585} INFO - Sync 1 DAGs
[2025-02-13T07:33:54.784+0000] {logging_mixin.py:120} INFO - [2025-02-13T07:33:54.783+0000] {dag.py:3340} INFO - Setting next_dagrun for consumer to None, run_after=None
[2025-02-13T07:33:54.832+0000] {processor.py:176} INFO - Processing /opt/airflow/dags/consumer.py took 0.230 seconds
[2025-02-13T07:34:25.102+0000] {processor.py:154} INFO - Started process (PID=592) to work on /opt/airflow/dags/consumer.py
[2025-02-13T07:34:25.103+0000] {processor.py:756} INFO - Processing file /opt/airflow/dags/consumer.py for tasks to queue
[2025-02-13T07:34:25.104+0000] {logging_mixin.py:120} INFO - [2025-02-13T07:34:25.104+0000] {dagbag.py:537} INFO - Filling up the DagBag from /opt/airflow/dags/consumer.py
[2025-02-13T07:34:25.140+0000] {processor.py:766} INFO - DAG(s) dict_keys(['consumer']) retrieved from /opt/airflow/dags/consumer.py
[2025-02-13T07:34:25.208+0000] {logging_mixin.py:120} INFO - [2025-02-13T07:34:25.208+0000] {dag.py:2585} INFO - Sync 1 DAGs
[2025-02-13T07:34:25.249+0000] {logging_mixin.py:120} INFO - [2025-02-13T07:34:25.249+0000] {dag.py:3340} INFO - Setting next_dagrun for consumer to None, run_after=None
[2025-02-13T07:34:25.291+0000] {processor.py:176} INFO - Processing /opt/airflow/dags/consumer.py took 0.196 seconds
[2025-02-13T07:34:55.469+0000] {processor.py:154} INFO - Started process (PID=627) to work on /opt/airflow/dags/consumer.py
[2025-02-13T07:34:55.470+0000] {processor.py:756} INFO - Processing file /opt/airflow/dags/consumer.py for tasks to queue
[2025-02-13T07:34:55.472+0000] {logging_mixin.py:120} INFO - [2025-02-13T07:34:55.472+0000] {dagbag.py:537} INFO - Filling up the DagBag from /opt/airflow/dags/consumer.py
[2025-02-13T07:34:55.521+0000] {processor.py:766} INFO - DAG(s) dict_keys(['consumer']) retrieved from /opt/airflow/dags/consumer.py
[2025-02-13T07:34:55.607+0000] {logging_mixin.py:120} INFO - [2025-02-13T07:34:55.607+0000] {dag.py:2585} INFO - Sync 1 DAGs
[2025-02-13T07:34:55.677+0000] {logging_mixin.py:120} INFO - [2025-02-13T07:34:55.677+0000] {dag.py:3340} INFO - Setting next_dagrun for consumer to None, run_after=None
[2025-02-13T07:34:55.723+0000] {processor.py:176} INFO - Processing /opt/airflow/dags/consumer.py took 0.263 seconds
[2025-02-13T07:35:25.827+0000] {processor.py:154} INFO - Started process (PID=658) to work on /opt/airflow/dags/consumer.py
[2025-02-13T07:35:25.830+0000] {processor.py:756} INFO - Processing file /opt/airflow/dags/consumer.py for tasks to queue
[2025-02-13T07:35:25.832+0000] {logging_mixin.py:120} INFO - [2025-02-13T07:35:25.831+0000] {dagbag.py:537} INFO - Filling up the DagBag from /opt/airflow/dags/consumer.py
[2025-02-13T07:35:25.901+0000] {processor.py:766} INFO - DAG(s) dict_keys(['consumer']) retrieved from /opt/airflow/dags/consumer.py
[2025-02-13T07:35:26.009+0000] {logging_mixin.py:120} INFO - [2025-02-13T07:35:26.008+0000] {dag.py:2585} INFO - Sync 1 DAGs
[2025-02-13T07:35:26.061+0000] {logging_mixin.py:120} INFO - [2025-02-13T07:35:26.061+0000] {dag.py:3340} INFO - Setting next_dagrun for consumer to None, run_after=None
[2025-02-13T07:35:26.110+0000] {processor.py:176} INFO - Processing /opt/airflow/dags/consumer.py took 0.294 seconds
[2025-02-13T07:35:56.344+0000] {processor.py:154} INFO - Started process (PID=687) to work on /opt/airflow/dags/consumer.py
[2025-02-13T07:35:56.346+0000] {processor.py:756} INFO - Processing file /opt/airflow/dags/consumer.py for tasks to queue
[2025-02-13T07:35:56.347+0000] {logging_mixin.py:120} INFO - [2025-02-13T07:35:56.347+0000] {dagbag.py:537} INFO - Filling up the DagBag from /opt/airflow/dags/consumer.py
[2025-02-13T07:35:56.413+0000] {processor.py:766} INFO - DAG(s) dict_keys(['consumer']) retrieved from /opt/airflow/dags/consumer.py
[2025-02-13T07:35:56.483+0000] {logging_mixin.py:120} INFO - [2025-02-13T07:35:56.483+0000] {dag.py:2585} INFO - Sync 1 DAGs
[2025-02-13T07:35:56.527+0000] {logging_mixin.py:120} INFO - [2025-02-13T07:35:56.526+0000] {dag.py:3340} INFO - Setting next_dagrun for consumer to None, run_after=None
[2025-02-13T07:35:56.564+0000] {processor.py:176} INFO - Processing /opt/airflow/dags/consumer.py took 0.225 seconds
[2025-02-13T07:36:27.048+0000] {processor.py:154} INFO - Started process (PID=721) to work on /opt/airflow/dags/consumer.py
[2025-02-13T07:36:27.050+0000] {processor.py:756} INFO - Processing file /opt/airflow/dags/consumer.py for tasks to queue
[2025-02-13T07:36:27.052+0000] {logging_mixin.py:120} INFO - [2025-02-13T07:36:27.052+0000] {dagbag.py:537} INFO - Filling up the DagBag from /opt/airflow/dags/consumer.py
[2025-02-13T07:36:27.103+0000] {processor.py:766} INFO - DAG(s) dict_keys(['consumer']) retrieved from /opt/airflow/dags/consumer.py
[2025-02-13T07:36:27.212+0000] {logging_mixin.py:120} INFO - [2025-02-13T07:36:27.211+0000] {dag.py:2585} INFO - Sync 1 DAGs
[2025-02-13T07:36:27.286+0000] {logging_mixin.py:120} INFO - [2025-02-13T07:36:27.286+0000] {dag.py:3340} INFO - Setting next_dagrun for consumer to None, run_after=None
[2025-02-13T07:36:27.348+0000] {processor.py:176} INFO - Processing /opt/airflow/dags/consumer.py took 0.306 seconds
[2025-02-13T07:36:57.496+0000] {processor.py:154} INFO - Started process (PID=748) to work on /opt/airflow/dags/consumer.py
[2025-02-13T07:36:57.501+0000] {processor.py:756} INFO - Processing file /opt/airflow/dags/consumer.py for tasks to queue
[2025-02-13T07:36:57.502+0000] {logging_mixin.py:120} INFO - [2025-02-13T07:36:57.502+0000] {dagbag.py:537} INFO - Filling up the DagBag from /opt/airflow/dags/consumer.py
[2025-02-13T07:36:57.541+0000] {processor.py:766} INFO - DAG(s) dict_keys(['consumer']) retrieved from /opt/airflow/dags/consumer.py
[2025-02-13T07:36:57.777+0000] {logging_mixin.py:120} INFO - [2025-02-13T07:36:57.776+0000] {dag.py:2585} INFO - Sync 1 DAGs
[2025-02-13T07:36:57.836+0000] {logging_mixin.py:120} INFO - [2025-02-13T07:36:57.836+0000] {dag.py:3340} INFO - Setting next_dagrun for consumer to None, run_after=None
[2025-02-13T07:36:57.892+0000] {processor.py:176} INFO - Processing /opt/airflow/dags/consumer.py took 0.401 seconds
[2025-02-13T07:37:28.473+0000] {processor.py:154} INFO - Started process (PID=783) to work on /opt/airflow/dags/consumer.py
[2025-02-13T07:37:28.474+0000] {processor.py:756} INFO - Processing file /opt/airflow/dags/consumer.py for tasks to queue
[2025-02-13T07:37:28.478+0000] {logging_mixin.py:120} INFO - [2025-02-13T07:37:28.477+0000] {dagbag.py:537} INFO - Filling up the DagBag from /opt/airflow/dags/consumer.py
[2025-02-13T07:37:28.531+0000] {processor.py:766} INFO - DAG(s) dict_keys(['consumer']) retrieved from /opt/airflow/dags/consumer.py
[2025-02-13T07:37:28.618+0000] {logging_mixin.py:120} INFO - [2025-02-13T07:37:28.618+0000] {dag.py:2585} INFO - Sync 1 DAGs
[2025-02-13T07:37:28.674+0000] {logging_mixin.py:120} INFO - [2025-02-13T07:37:28.674+0000] {dag.py:3340} INFO - Setting next_dagrun for consumer to None, run_after=None
[2025-02-13T07:37:28.731+0000] {processor.py:176} INFO - Processing /opt/airflow/dags/consumer.py took 0.263 seconds
[2025-02-13T07:37:59.369+0000] {processor.py:154} INFO - Started process (PID=808) to work on /opt/airflow/dags/consumer.py
[2025-02-13T07:37:59.373+0000] {processor.py:756} INFO - Processing file /opt/airflow/dags/consumer.py for tasks to queue
[2025-02-13T07:37:59.376+0000] {logging_mixin.py:120} INFO - [2025-02-13T07:37:59.375+0000] {dagbag.py:537} INFO - Filling up the DagBag from /opt/airflow/dags/consumer.py
[2025-02-13T07:37:59.414+0000] {processor.py:766} INFO - DAG(s) dict_keys(['consumer']) retrieved from /opt/airflow/dags/consumer.py
[2025-02-13T07:37:59.500+0000] {logging_mixin.py:120} INFO - [2025-02-13T07:37:59.500+0000] {dag.py:2585} INFO - Sync 1 DAGs
[2025-02-13T07:37:59.645+0000] {logging_mixin.py:120} INFO - [2025-02-13T07:37:59.645+0000] {dag.py:3340} INFO - Setting next_dagrun for consumer to None, run_after=None
[2025-02-13T07:37:59.693+0000] {processor.py:176} INFO - Processing /opt/airflow/dags/consumer.py took 0.330 seconds
[2025-02-13T07:38:30.485+0000] {processor.py:154} INFO - Started process (PID=850) to work on /opt/airflow/dags/consumer.py
[2025-02-13T07:38:30.486+0000] {processor.py:756} INFO - Processing file /opt/airflow/dags/consumer.py for tasks to queue
[2025-02-13T07:38:30.488+0000] {logging_mixin.py:120} INFO - [2025-02-13T07:38:30.488+0000] {dagbag.py:537} INFO - Filling up the DagBag from /opt/airflow/dags/consumer.py
[2025-02-13T07:38:30.529+0000] {processor.py:766} INFO - DAG(s) dict_keys(['consumer']) retrieved from /opt/airflow/dags/consumer.py
[2025-02-13T07:38:30.618+0000] {logging_mixin.py:120} INFO - [2025-02-13T07:38:30.618+0000] {dag.py:2585} INFO - Sync 1 DAGs
[2025-02-13T07:38:30.667+0000] {logging_mixin.py:120} INFO - [2025-02-13T07:38:30.667+0000] {dag.py:3340} INFO - Setting next_dagrun for consumer to None, run_after=None
[2025-02-13T07:38:30.718+0000] {processor.py:176} INFO - Processing /opt/airflow/dags/consumer.py took 0.240 seconds
[2025-02-13T07:39:01.687+0000] {processor.py:154} INFO - Started process (PID=878) to work on /opt/airflow/dags/consumer.py
[2025-02-13T07:39:01.691+0000] {processor.py:756} INFO - Processing file /opt/airflow/dags/consumer.py for tasks to queue
[2025-02-13T07:39:01.693+0000] {logging_mixin.py:120} INFO - [2025-02-13T07:39:01.693+0000] {dagbag.py:537} INFO - Filling up the DagBag from /opt/airflow/dags/consumer.py
[2025-02-13T07:39:01.753+0000] {processor.py:766} INFO - DAG(s) dict_keys(['consumer']) retrieved from /opt/airflow/dags/consumer.py
[2025-02-13T07:39:01.851+0000] {logging_mixin.py:120} INFO - [2025-02-13T07:39:01.850+0000] {dag.py:2585} INFO - Sync 1 DAGs
[2025-02-13T07:39:01.928+0000] {logging_mixin.py:120} INFO - [2025-02-13T07:39:01.928+0000] {dag.py:3340} INFO - Setting next_dagrun for consumer to None, run_after=None
[2025-02-13T07:39:01.996+0000] {processor.py:176} INFO - Processing /opt/airflow/dags/consumer.py took 0.318 seconds
[2025-02-13T07:39:32.059+0000] {processor.py:154} INFO - Started process (PID=912) to work on /opt/airflow/dags/consumer.py
[2025-02-13T07:39:32.064+0000] {processor.py:756} INFO - Processing file /opt/airflow/dags/consumer.py for tasks to queue
[2025-02-13T07:39:32.065+0000] {logging_mixin.py:120} INFO - [2025-02-13T07:39:32.065+0000] {dagbag.py:537} INFO - Filling up the DagBag from /opt/airflow/dags/consumer.py
[2025-02-13T07:39:32.104+0000] {processor.py:766} INFO - DAG(s) dict_keys(['consumer']) retrieved from /opt/airflow/dags/consumer.py
[2025-02-13T07:39:32.190+0000] {logging_mixin.py:120} INFO - [2025-02-13T07:39:32.190+0000] {dag.py:2585} INFO - Sync 1 DAGs
[2025-02-13T07:39:32.243+0000] {logging_mixin.py:120} INFO - [2025-02-13T07:39:32.242+0000] {dag.py:3340} INFO - Setting next_dagrun for consumer to None, run_after=None
[2025-02-13T07:39:32.310+0000] {processor.py:176} INFO - Processing /opt/airflow/dags/consumer.py took 0.259 seconds
[2025-02-13T07:40:03.156+0000] {processor.py:154} INFO - Started process (PID=938) to work on /opt/airflow/dags/consumer.py
[2025-02-13T07:40:03.161+0000] {processor.py:756} INFO - Processing file /opt/airflow/dags/consumer.py for tasks to queue
[2025-02-13T07:40:03.162+0000] {logging_mixin.py:120} INFO - [2025-02-13T07:40:03.162+0000] {dagbag.py:537} INFO - Filling up the DagBag from /opt/airflow/dags/consumer.py
[2025-02-13T07:40:03.212+0000] {processor.py:766} INFO - DAG(s) dict_keys(['consumer']) retrieved from /opt/airflow/dags/consumer.py
[2025-02-13T07:40:03.326+0000] {logging_mixin.py:120} INFO - [2025-02-13T07:40:03.326+0000] {dag.py:2585} INFO - Sync 1 DAGs
[2025-02-13T07:40:03.398+0000] {logging_mixin.py:120} INFO - [2025-02-13T07:40:03.398+0000] {dag.py:3340} INFO - Setting next_dagrun for consumer to None, run_after=None
[2025-02-13T07:40:03.533+0000] {processor.py:176} INFO - Processing /opt/airflow/dags/consumer.py took 0.388 seconds
[2025-02-13T07:40:33.768+0000] {processor.py:154} INFO - Started process (PID=967) to work on /opt/airflow/dags/consumer.py
[2025-02-13T07:40:33.770+0000] {processor.py:756} INFO - Processing file /opt/airflow/dags/consumer.py for tasks to queue
[2025-02-13T07:40:33.771+0000] {logging_mixin.py:120} INFO - [2025-02-13T07:40:33.771+0000] {dagbag.py:537} INFO - Filling up the DagBag from /opt/airflow/dags/consumer.py
[2025-02-13T07:40:33.813+0000] {processor.py:766} INFO - DAG(s) dict_keys(['consumer']) retrieved from /opt/airflow/dags/consumer.py
[2025-02-13T07:40:33.887+0000] {logging_mixin.py:120} INFO - [2025-02-13T07:40:33.887+0000] {dag.py:2585} INFO - Sync 1 DAGs
[2025-02-13T07:40:33.931+0000] {logging_mixin.py:120} INFO - [2025-02-13T07:40:33.931+0000] {dag.py:3340} INFO - Setting next_dagrun for consumer to None, run_after=None
[2025-02-13T07:40:33.973+0000] {processor.py:176} INFO - Processing /opt/airflow/dags/consumer.py took 0.211 seconds
[2025-02-13T07:41:04.170+0000] {processor.py:154} INFO - Started process (PID=1003) to work on /opt/airflow/dags/consumer.py
[2025-02-13T07:41:04.172+0000] {processor.py:756} INFO - Processing file /opt/airflow/dags/consumer.py for tasks to queue
[2025-02-13T07:41:04.173+0000] {logging_mixin.py:120} INFO - [2025-02-13T07:41:04.173+0000] {dagbag.py:537} INFO - Filling up the DagBag from /opt/airflow/dags/consumer.py
[2025-02-13T07:41:04.367+0000] {processor.py:766} INFO - DAG(s) dict_keys(['consumer']) retrieved from /opt/airflow/dags/consumer.py
[2025-02-13T07:41:04.528+0000] {logging_mixin.py:120} INFO - [2025-02-13T07:41:04.528+0000] {dag.py:2585} INFO - Sync 1 DAGs
[2025-02-13T07:41:04.607+0000] {logging_mixin.py:120} INFO - [2025-02-13T07:41:04.607+0000] {dag.py:3340} INFO - Setting next_dagrun for consumer to None, run_after=None
[2025-02-13T07:41:04.663+0000] {processor.py:176} INFO - Processing /opt/airflow/dags/consumer.py took 0.500 seconds
[2025-02-13T07:41:35.131+0000] {processor.py:154} INFO - Started process (PID=1030) to work on /opt/airflow/dags/consumer.py
[2025-02-13T07:41:35.133+0000] {processor.py:756} INFO - Processing file /opt/airflow/dags/consumer.py for tasks to queue
[2025-02-13T07:41:35.137+0000] {logging_mixin.py:120} INFO - [2025-02-13T07:41:35.137+0000] {dagbag.py:537} INFO - Filling up the DagBag from /opt/airflow/dags/consumer.py
[2025-02-13T07:41:35.219+0000] {processor.py:766} INFO - DAG(s) dict_keys(['consumer']) retrieved from /opt/airflow/dags/consumer.py
[2025-02-13T07:41:35.348+0000] {logging_mixin.py:120} INFO - [2025-02-13T07:41:35.348+0000] {dag.py:2585} INFO - Sync 1 DAGs
[2025-02-13T07:41:35.409+0000] {logging_mixin.py:120} INFO - [2025-02-13T07:41:35.409+0000] {dag.py:3340} INFO - Setting next_dagrun for consumer to None, run_after=None
[2025-02-13T07:41:35.452+0000] {processor.py:176} INFO - Processing /opt/airflow/dags/consumer.py took 0.331 seconds
[2025-02-13T07:42:06.600+0000] {processor.py:154} INFO - Started process (PID=1066) to work on /opt/airflow/dags/consumer.py
[2025-02-13T07:42:06.602+0000] {processor.py:756} INFO - Processing file /opt/airflow/dags/consumer.py for tasks to queue
[2025-02-13T07:42:06.606+0000] {logging_mixin.py:120} INFO - [2025-02-13T07:42:06.603+0000] {dagbag.py:537} INFO - Filling up the DagBag from /opt/airflow/dags/consumer.py
[2025-02-13T07:42:06.649+0000] {processor.py:766} INFO - DAG(s) dict_keys(['consumer']) retrieved from /opt/airflow/dags/consumer.py
[2025-02-13T07:42:06.742+0000] {logging_mixin.py:120} INFO - [2025-02-13T07:42:06.742+0000] {dag.py:2585} INFO - Sync 1 DAGs
[2025-02-13T07:42:06.800+0000] {logging_mixin.py:120} INFO - [2025-02-13T07:42:06.800+0000] {dag.py:3340} INFO - Setting next_dagrun for consumer to None, run_after=None
[2025-02-13T07:42:06.853+0000] {processor.py:176} INFO - Processing /opt/airflow/dags/consumer.py took 0.260 seconds
[2025-02-13T07:42:37.217+0000] {processor.py:154} INFO - Started process (PID=1090) to work on /opt/airflow/dags/consumer.py
[2025-02-13T07:42:37.222+0000] {processor.py:756} INFO - Processing file /opt/airflow/dags/consumer.py for tasks to queue
[2025-02-13T07:42:37.226+0000] {logging_mixin.py:120} INFO - [2025-02-13T07:42:37.226+0000] {dagbag.py:537} INFO - Filling up the DagBag from /opt/airflow/dags/consumer.py
[2025-02-13T07:42:37.305+0000] {processor.py:766} INFO - DAG(s) dict_keys(['consumer']) retrieved from /opt/airflow/dags/consumer.py
[2025-02-13T07:42:37.425+0000] {logging_mixin.py:120} INFO - [2025-02-13T07:42:37.424+0000] {dag.py:2585} INFO - Sync 1 DAGs
[2025-02-13T07:42:37.503+0000] {logging_mixin.py:120} INFO - [2025-02-13T07:42:37.503+0000] {dag.py:3340} INFO - Setting next_dagrun for consumer to None, run_after=None
[2025-02-13T07:42:37.560+0000] {processor.py:176} INFO - Processing /opt/airflow/dags/consumer.py took 0.354 seconds
[2025-02-13T07:43:07.939+0000] {processor.py:154} INFO - Started process (PID=1116) to work on /opt/airflow/dags/consumer.py
[2025-02-13T07:43:07.942+0000] {processor.py:756} INFO - Processing file /opt/airflow/dags/consumer.py for tasks to queue
[2025-02-13T07:43:07.944+0000] {logging_mixin.py:120} INFO - [2025-02-13T07:43:07.944+0000] {dagbag.py:537} INFO - Filling up the DagBag from /opt/airflow/dags/consumer.py
[2025-02-13T07:43:07.996+0000] {processor.py:766} INFO - DAG(s) dict_keys(['consumer']) retrieved from /opt/airflow/dags/consumer.py
[2025-02-13T07:43:08.114+0000] {logging_mixin.py:120} INFO - [2025-02-13T07:43:08.113+0000] {dag.py:2585} INFO - Sync 1 DAGs
[2025-02-13T07:43:08.197+0000] {logging_mixin.py:120} INFO - [2025-02-13T07:43:08.196+0000] {dag.py:3340} INFO - Setting next_dagrun for consumer to None, run_after=None
[2025-02-13T07:43:08.264+0000] {processor.py:176} INFO - Processing /opt/airflow/dags/consumer.py took 0.338 seconds
[2025-02-13T07:43:38.550+0000] {processor.py:154} INFO - Started process (PID=1142) to work on /opt/airflow/dags/consumer.py
[2025-02-13T07:43:38.553+0000] {processor.py:756} INFO - Processing file /opt/airflow/dags/consumer.py for tasks to queue
[2025-02-13T07:43:38.556+0000] {logging_mixin.py:120} INFO - [2025-02-13T07:43:38.555+0000] {dagbag.py:537} INFO - Filling up the DagBag from /opt/airflow/dags/consumer.py
[2025-02-13T07:43:38.617+0000] {processor.py:766} INFO - DAG(s) dict_keys(['consumer']) retrieved from /opt/airflow/dags/consumer.py
[2025-02-13T07:43:38.854+0000] {logging_mixin.py:120} INFO - [2025-02-13T07:43:38.849+0000] {dag.py:2585} INFO - Sync 1 DAGs
[2025-02-13T07:43:38.962+0000] {logging_mixin.py:120} INFO - [2025-02-13T07:43:38.961+0000] {dag.py:3340} INFO - Setting next_dagrun for consumer to None, run_after=None
[2025-02-13T07:43:39.049+0000] {processor.py:176} INFO - Processing /opt/airflow/dags/consumer.py took 0.507 seconds
[2025-02-13T07:44:09.916+0000] {processor.py:154} INFO - Started process (PID=1178) to work on /opt/airflow/dags/consumer.py
[2025-02-13T07:44:09.919+0000] {processor.py:756} INFO - Processing file /opt/airflow/dags/consumer.py for tasks to queue
[2025-02-13T07:44:09.921+0000] {logging_mixin.py:120} INFO - [2025-02-13T07:44:09.921+0000] {dagbag.py:537} INFO - Filling up the DagBag from /opt/airflow/dags/consumer.py
[2025-02-13T07:44:09.965+0000] {processor.py:766} INFO - DAG(s) dict_keys(['consumer']) retrieved from /opt/airflow/dags/consumer.py
[2025-02-13T07:44:10.043+0000] {logging_mixin.py:120} INFO - [2025-02-13T07:44:10.043+0000] {dag.py:2585} INFO - Sync 1 DAGs
[2025-02-13T07:44:10.093+0000] {logging_mixin.py:120} INFO - [2025-02-13T07:44:10.093+0000] {dag.py:3340} INFO - Setting next_dagrun for consumer to None, run_after=None
[2025-02-13T07:44:10.140+0000] {processor.py:176} INFO - Processing /opt/airflow/dags/consumer.py took 0.230 seconds
[2025-02-13T07:44:40.268+0000] {processor.py:154} INFO - Started process (PID=1204) to work on /opt/airflow/dags/consumer.py
[2025-02-13T07:44:40.269+0000] {processor.py:756} INFO - Processing file /opt/airflow/dags/consumer.py for tasks to queue
[2025-02-13T07:44:40.271+0000] {logging_mixin.py:120} INFO - [2025-02-13T07:44:40.271+0000] {dagbag.py:537} INFO - Filling up the DagBag from /opt/airflow/dags/consumer.py
[2025-02-13T07:44:40.314+0000] {processor.py:766} INFO - DAG(s) dict_keys(['consumer']) retrieved from /opt/airflow/dags/consumer.py
[2025-02-13T07:44:40.397+0000] {logging_mixin.py:120} INFO - [2025-02-13T07:44:40.397+0000] {dag.py:2585} INFO - Sync 1 DAGs
[2025-02-13T07:44:40.448+0000] {logging_mixin.py:120} INFO - [2025-02-13T07:44:40.448+0000] {dag.py:3340} INFO - Setting next_dagrun for consumer to None, run_after=None
[2025-02-13T07:44:40.504+0000] {processor.py:176} INFO - Processing /opt/airflow/dags/consumer.py took 0.241 seconds
[2025-02-13T07:45:10.836+0000] {processor.py:154} INFO - Started process (PID=1240) to work on /opt/airflow/dags/consumer.py
[2025-02-13T07:45:10.838+0000] {processor.py:756} INFO - Processing file /opt/airflow/dags/consumer.py for tasks to queue
[2025-02-13T07:45:10.839+0000] {logging_mixin.py:120} INFO - [2025-02-13T07:45:10.839+0000] {dagbag.py:537} INFO - Filling up the DagBag from /opt/airflow/dags/consumer.py
[2025-02-13T07:45:10.891+0000] {processor.py:766} INFO - DAG(s) dict_keys(['consumer']) retrieved from /opt/airflow/dags/consumer.py
[2025-02-13T07:45:11.012+0000] {logging_mixin.py:120} INFO - [2025-02-13T07:45:11.012+0000] {dag.py:2585} INFO - Sync 1 DAGs
[2025-02-13T07:45:11.200+0000] {logging_mixin.py:120} INFO - [2025-02-13T07:45:11.200+0000] {dag.py:3340} INFO - Setting next_dagrun for consumer to None, run_after=None
[2025-02-13T07:45:11.265+0000] {processor.py:176} INFO - Processing /opt/airflow/dags/consumer.py took 0.437 seconds
[2025-02-13T07:45:42.165+0000] {processor.py:154} INFO - Started process (PID=1266) to work on /opt/airflow/dags/consumer.py
[2025-02-13T07:45:42.169+0000] {processor.py:756} INFO - Processing file /opt/airflow/dags/consumer.py for tasks to queue
[2025-02-13T07:45:42.171+0000] {logging_mixin.py:120} INFO - [2025-02-13T07:45:42.171+0000] {dagbag.py:537} INFO - Filling up the DagBag from /opt/airflow/dags/consumer.py
[2025-02-13T07:45:42.222+0000] {processor.py:766} INFO - DAG(s) dict_keys(['consumer']) retrieved from /opt/airflow/dags/consumer.py
[2025-02-13T07:45:42.323+0000] {logging_mixin.py:120} INFO - [2025-02-13T07:45:42.322+0000] {dag.py:2585} INFO - Sync 1 DAGs
[2025-02-13T07:45:42.382+0000] {logging_mixin.py:120} INFO - [2025-02-13T07:45:42.382+0000] {dag.py:3340} INFO - Setting next_dagrun for consumer to None, run_after=None
[2025-02-13T07:45:42.441+0000] {processor.py:176} INFO - Processing /opt/airflow/dags/consumer.py took 0.283 seconds
[2025-02-13T07:46:13.156+0000] {processor.py:154} INFO - Started process (PID=1301) to work on /opt/airflow/dags/consumer.py
[2025-02-13T07:46:13.157+0000] {processor.py:756} INFO - Processing file /opt/airflow/dags/consumer.py for tasks to queue
[2025-02-13T07:46:13.159+0000] {logging_mixin.py:120} INFO - [2025-02-13T07:46:13.158+0000] {dagbag.py:537} INFO - Filling up the DagBag from /opt/airflow/dags/consumer.py
[2025-02-13T07:46:13.205+0000] {processor.py:766} INFO - DAG(s) dict_keys(['consumer']) retrieved from /opt/airflow/dags/consumer.py
[2025-02-13T07:46:13.300+0000] {logging_mixin.py:120} INFO - [2025-02-13T07:46:13.299+0000] {dag.py:2585} INFO - Sync 1 DAGs
[2025-02-13T07:46:13.358+0000] {logging_mixin.py:120} INFO - [2025-02-13T07:46:13.357+0000] {dag.py:3340} INFO - Setting next_dagrun for consumer to None, run_after=None
[2025-02-13T07:46:13.417+0000] {processor.py:176} INFO - Processing /opt/airflow/dags/consumer.py took 0.267 seconds
[2025-02-13T07:46:43.483+0000] {processor.py:154} INFO - Started process (PID=1328) to work on /opt/airflow/dags/consumer.py
[2025-02-13T07:46:43.484+0000] {processor.py:756} INFO - Processing file /opt/airflow/dags/consumer.py for tasks to queue
[2025-02-13T07:46:43.486+0000] {logging_mixin.py:120} INFO - [2025-02-13T07:46:43.485+0000] {dagbag.py:537} INFO - Filling up the DagBag from /opt/airflow/dags/consumer.py
[2025-02-13T07:46:43.531+0000] {processor.py:766} INFO - DAG(s) dict_keys(['consumer']) retrieved from /opt/airflow/dags/consumer.py
[2025-02-13T07:46:43.621+0000] {logging_mixin.py:120} INFO - [2025-02-13T07:46:43.621+0000] {dag.py:2585} INFO - Sync 1 DAGs
[2025-02-13T07:46:43.670+0000] {logging_mixin.py:120} INFO - [2025-02-13T07:46:43.670+0000] {dag.py:3340} INFO - Setting next_dagrun for consumer to None, run_after=None
[2025-02-13T07:46:43.719+0000] {processor.py:176} INFO - Processing /opt/airflow/dags/consumer.py took 0.245 seconds
[2025-02-13T07:47:13.828+0000] {processor.py:154} INFO - Started process (PID=1354) to work on /opt/airflow/dags/consumer.py
[2025-02-13T07:47:13.830+0000] {processor.py:756} INFO - Processing file /opt/airflow/dags/consumer.py for tasks to queue
[2025-02-13T07:47:13.832+0000] {logging_mixin.py:120} INFO - [2025-02-13T07:47:13.832+0000] {dagbag.py:537} INFO - Filling up the DagBag from /opt/airflow/dags/consumer.py
[2025-02-13T07:47:13.900+0000] {processor.py:766} INFO - DAG(s) dict_keys(['consumer']) retrieved from /opt/airflow/dags/consumer.py
[2025-02-13T07:47:14.029+0000] {logging_mixin.py:120} INFO - [2025-02-13T07:47:14.028+0000] {dag.py:2585} INFO - Sync 1 DAGs
[2025-02-13T07:47:14.110+0000] {logging_mixin.py:120} INFO - [2025-02-13T07:47:14.110+0000] {dag.py:3340} INFO - Setting next_dagrun for consumer to None, run_after=None
[2025-02-13T07:47:14.214+0000] {processor.py:176} INFO - Processing /opt/airflow/dags/consumer.py took 0.394 seconds
[2025-02-13T07:47:44.271+0000] {processor.py:154} INFO - Started process (PID=1390) to work on /opt/airflow/dags/consumer.py
[2025-02-13T07:47:44.273+0000] {processor.py:756} INFO - Processing file /opt/airflow/dags/consumer.py for tasks to queue
[2025-02-13T07:47:44.274+0000] {logging_mixin.py:120} INFO - [2025-02-13T07:47:44.274+0000] {dagbag.py:537} INFO - Filling up the DagBag from /opt/airflow/dags/consumer.py
[2025-02-13T07:47:44.328+0000] {processor.py:766} INFO - DAG(s) dict_keys(['consumer']) retrieved from /opt/airflow/dags/consumer.py
[2025-02-13T07:47:44.418+0000] {logging_mixin.py:120} INFO - [2025-02-13T07:47:44.418+0000] {dag.py:2585} INFO - Sync 1 DAGs
[2025-02-13T07:47:44.480+0000] {logging_mixin.py:120} INFO - [2025-02-13T07:47:44.479+0000] {dag.py:3340} INFO - Setting next_dagrun for consumer to None, run_after=None
[2025-02-13T07:47:44.536+0000] {processor.py:176} INFO - Processing /opt/airflow/dags/consumer.py took 0.271 seconds
[2025-02-13T07:48:15.125+0000] {processor.py:154} INFO - Started process (PID=1415) to work on /opt/airflow/dags/consumer.py
[2025-02-13T07:48:15.128+0000] {processor.py:756} INFO - Processing file /opt/airflow/dags/consumer.py for tasks to queue
[2025-02-13T07:48:15.129+0000] {logging_mixin.py:120} INFO - [2025-02-13T07:48:15.129+0000] {dagbag.py:537} INFO - Filling up the DagBag from /opt/airflow/dags/consumer.py
[2025-02-13T07:48:15.188+0000] {processor.py:766} INFO - DAG(s) dict_keys(['consumer']) retrieved from /opt/airflow/dags/consumer.py
[2025-02-13T07:48:15.273+0000] {logging_mixin.py:120} INFO - [2025-02-13T07:48:15.273+0000] {dag.py:2585} INFO - Sync 1 DAGs
[2025-02-13T07:48:15.315+0000] {logging_mixin.py:120} INFO - [2025-02-13T07:48:15.315+0000] {dag.py:3340} INFO - Setting next_dagrun for consumer to None, run_after=None
[2025-02-13T07:48:15.356+0000] {processor.py:176} INFO - Processing /opt/airflow/dags/consumer.py took 0.237 seconds
[2025-02-13T07:48:45.437+0000] {processor.py:154} INFO - Started process (PID=1451) to work on /opt/airflow/dags/consumer.py
[2025-02-13T07:48:45.439+0000] {processor.py:756} INFO - Processing file /opt/airflow/dags/consumer.py for tasks to queue
[2025-02-13T07:48:45.441+0000] {logging_mixin.py:120} INFO - [2025-02-13T07:48:45.440+0000] {dagbag.py:537} INFO - Filling up the DagBag from /opt/airflow/dags/consumer.py
[2025-02-13T07:48:45.483+0000] {processor.py:766} INFO - DAG(s) dict_keys(['consumer']) retrieved from /opt/airflow/dags/consumer.py
[2025-02-13T07:48:45.555+0000] {logging_mixin.py:120} INFO - [2025-02-13T07:48:45.555+0000] {dag.py:2585} INFO - Sync 1 DAGs
[2025-02-13T07:48:45.605+0000] {logging_mixin.py:120} INFO - [2025-02-13T07:48:45.605+0000] {dag.py:3340} INFO - Setting next_dagrun for consumer to None, run_after=None
[2025-02-13T07:48:45.645+0000] {processor.py:176} INFO - Processing /opt/airflow/dags/consumer.py took 0.213 seconds
[2025-02-13T07:49:16.273+0000] {processor.py:154} INFO - Started process (PID=1478) to work on /opt/airflow/dags/consumer.py
[2025-02-13T07:49:16.274+0000] {processor.py:756} INFO - Processing file /opt/airflow/dags/consumer.py for tasks to queue
[2025-02-13T07:49:16.279+0000] {logging_mixin.py:120} INFO - [2025-02-13T07:49:16.279+0000] {dagbag.py:537} INFO - Filling up the DagBag from /opt/airflow/dags/consumer.py
[2025-02-13T07:49:16.315+0000] {processor.py:766} INFO - DAG(s) dict_keys(['consumer']) retrieved from /opt/airflow/dags/consumer.py
[2025-02-13T07:49:16.395+0000] {logging_mixin.py:120} INFO - [2025-02-13T07:49:16.394+0000] {dag.py:2585} INFO - Sync 1 DAGs
[2025-02-13T07:49:16.437+0000] {logging_mixin.py:120} INFO - [2025-02-13T07:49:16.436+0000] {dag.py:3340} INFO - Setting next_dagrun for consumer to None, run_after=None
[2025-02-13T07:49:16.477+0000] {processor.py:176} INFO - Processing /opt/airflow/dags/consumer.py took 0.211 seconds
[2025-02-13T07:49:46.520+0000] {processor.py:154} INFO - Started process (PID=1514) to work on /opt/airflow/dags/consumer.py
[2025-02-13T07:49:46.522+0000] {processor.py:756} INFO - Processing file /opt/airflow/dags/consumer.py for tasks to queue
[2025-02-13T07:49:46.525+0000] {logging_mixin.py:120} INFO - [2025-02-13T07:49:46.525+0000] {dagbag.py:537} INFO - Filling up the DagBag from /opt/airflow/dags/consumer.py
[2025-02-13T07:49:46.576+0000] {processor.py:766} INFO - DAG(s) dict_keys(['consumer']) retrieved from /opt/airflow/dags/consumer.py
[2025-02-13T07:49:46.684+0000] {logging_mixin.py:120} INFO - [2025-02-13T07:49:46.683+0000] {dag.py:2585} INFO - Sync 1 DAGs
[2025-02-13T07:49:46.738+0000] {logging_mixin.py:120} INFO - [2025-02-13T07:49:46.738+0000] {dag.py:3340} INFO - Setting next_dagrun for consumer to None, run_after=None
[2025-02-13T07:49:46.802+0000] {processor.py:176} INFO - Processing /opt/airflow/dags/consumer.py took 0.289 seconds
[2025-02-13T07:50:17.869+0000] {processor.py:154} INFO - Started process (PID=1541) to work on /opt/airflow/dags/consumer.py
[2025-02-13T07:50:17.871+0000] {processor.py:756} INFO - Processing file /opt/airflow/dags/consumer.py for tasks to queue
[2025-02-13T07:50:17.874+0000] {logging_mixin.py:120} INFO - [2025-02-13T07:50:17.874+0000] {dagbag.py:537} INFO - Filling up the DagBag from /opt/airflow/dags/consumer.py
[2025-02-13T07:50:17.914+0000] {processor.py:766} INFO - DAG(s) dict_keys(['consumer']) retrieved from /opt/airflow/dags/consumer.py
[2025-02-13T07:50:17.989+0000] {logging_mixin.py:120} INFO - [2025-02-13T07:50:17.989+0000] {dag.py:2585} INFO - Sync 1 DAGs
[2025-02-13T07:50:18.034+0000] {logging_mixin.py:120} INFO - [2025-02-13T07:50:18.034+0000] {dag.py:3340} INFO - Setting next_dagrun for consumer to None, run_after=None
[2025-02-13T07:50:18.074+0000] {processor.py:176} INFO - Processing /opt/airflow/dags/consumer.py took 0.214 seconds
[2025-02-13T07:50:48.371+0000] {processor.py:154} INFO - Started process (PID=1577) to work on /opt/airflow/dags/consumer.py
[2025-02-13T07:50:48.373+0000] {processor.py:756} INFO - Processing file /opt/airflow/dags/consumer.py for tasks to queue
[2025-02-13T07:50:48.374+0000] {logging_mixin.py:120} INFO - [2025-02-13T07:50:48.374+0000] {dagbag.py:537} INFO - Filling up the DagBag from /opt/airflow/dags/consumer.py
[2025-02-13T07:50:48.409+0000] {processor.py:766} INFO - DAG(s) dict_keys(['consumer']) retrieved from /opt/airflow/dags/consumer.py
[2025-02-13T07:50:48.516+0000] {logging_mixin.py:120} INFO - [2025-02-13T07:50:48.515+0000] {dag.py:2585} INFO - Sync 1 DAGs
[2025-02-13T07:50:48.565+0000] {logging_mixin.py:120} INFO - [2025-02-13T07:50:48.565+0000] {dag.py:3340} INFO - Setting next_dagrun for consumer to None, run_after=None
[2025-02-13T07:50:48.604+0000] {processor.py:176} INFO - Processing /opt/airflow/dags/consumer.py took 0.239 seconds
[2025-02-13T07:51:19.384+0000] {processor.py:154} INFO - Started process (PID=1603) to work on /opt/airflow/dags/consumer.py
[2025-02-13T07:51:19.386+0000] {processor.py:756} INFO - Processing file /opt/airflow/dags/consumer.py for tasks to queue
[2025-02-13T07:51:19.387+0000] {logging_mixin.py:120} INFO - [2025-02-13T07:51:19.387+0000] {dagbag.py:537} INFO - Filling up the DagBag from /opt/airflow/dags/consumer.py
[2025-02-13T07:51:19.432+0000] {processor.py:766} INFO - DAG(s) dict_keys(['consumer']) retrieved from /opt/airflow/dags/consumer.py
[2025-02-13T07:51:19.525+0000] {logging_mixin.py:120} INFO - [2025-02-13T07:51:19.525+0000] {dag.py:2585} INFO - Sync 1 DAGs
[2025-02-13T07:51:19.573+0000] {logging_mixin.py:120} INFO - [2025-02-13T07:51:19.572+0000] {dag.py:3340} INFO - Setting next_dagrun for consumer to None, run_after=None
[2025-02-13T07:51:19.618+0000] {processor.py:176} INFO - Processing /opt/airflow/dags/consumer.py took 0.240 seconds
[2025-02-13T07:51:50.458+0000] {processor.py:154} INFO - Started process (PID=1638) to work on /opt/airflow/dags/consumer.py
[2025-02-13T07:51:50.461+0000] {processor.py:756} INFO - Processing file /opt/airflow/dags/consumer.py for tasks to queue
[2025-02-13T07:51:50.464+0000] {logging_mixin.py:120} INFO - [2025-02-13T07:51:50.463+0000] {dagbag.py:537} INFO - Filling up the DagBag from /opt/airflow/dags/consumer.py
[2025-02-13T07:51:50.522+0000] {processor.py:766} INFO - DAG(s) dict_keys(['consumer']) retrieved from /opt/airflow/dags/consumer.py
[2025-02-13T07:51:50.615+0000] {logging_mixin.py:120} INFO - [2025-02-13T07:51:50.615+0000] {dag.py:2585} INFO - Sync 1 DAGs
[2025-02-13T07:51:50.659+0000] {logging_mixin.py:120} INFO - [2025-02-13T07:51:50.659+0000] {dag.py:3340} INFO - Setting next_dagrun for consumer to None, run_after=None
[2025-02-13T07:51:50.702+0000] {processor.py:176} INFO - Processing /opt/airflow/dags/consumer.py took 0.252 seconds
[2025-02-13T07:52:20.969+0000] {processor.py:154} INFO - Started process (PID=1665) to work on /opt/airflow/dags/consumer.py
[2025-02-13T07:52:20.971+0000] {processor.py:756} INFO - Processing file /opt/airflow/dags/consumer.py for tasks to queue
[2025-02-13T07:52:20.972+0000] {logging_mixin.py:120} INFO - [2025-02-13T07:52:20.972+0000] {dagbag.py:537} INFO - Filling up the DagBag from /opt/airflow/dags/consumer.py
[2025-02-13T07:52:21.009+0000] {processor.py:766} INFO - DAG(s) dict_keys(['consumer']) retrieved from /opt/airflow/dags/consumer.py
[2025-02-13T07:52:21.075+0000] {logging_mixin.py:120} INFO - [2025-02-13T07:52:21.074+0000] {dag.py:2585} INFO - Sync 1 DAGs
[2025-02-13T07:52:21.115+0000] {logging_mixin.py:120} INFO - [2025-02-13T07:52:21.115+0000] {dag.py:3340} INFO - Setting next_dagrun for consumer to None, run_after=None
[2025-02-13T07:52:21.153+0000] {processor.py:176} INFO - Processing /opt/airflow/dags/consumer.py took 0.189 seconds
[2025-02-13T07:52:52.092+0000] {processor.py:154} INFO - Started process (PID=1700) to work on /opt/airflow/dags/consumer.py
[2025-02-13T07:52:52.094+0000] {processor.py:756} INFO - Processing file /opt/airflow/dags/consumer.py for tasks to queue
[2025-02-13T07:52:52.097+0000] {logging_mixin.py:120} INFO - [2025-02-13T07:52:52.097+0000] {dagbag.py:537} INFO - Filling up the DagBag from /opt/airflow/dags/consumer.py
[2025-02-13T07:52:52.166+0000] {processor.py:766} INFO - DAG(s) dict_keys(['consumer']) retrieved from /opt/airflow/dags/consumer.py
[2025-02-13T07:52:52.290+0000] {logging_mixin.py:120} INFO - [2025-02-13T07:52:52.290+0000] {dag.py:2585} INFO - Sync 1 DAGs
[2025-02-13T07:52:52.368+0000] {logging_mixin.py:120} INFO - [2025-02-13T07:52:52.368+0000] {dag.py:3340} INFO - Setting next_dagrun for consumer to None, run_after=None
[2025-02-13T07:52:52.435+0000] {processor.py:176} INFO - Processing /opt/airflow/dags/consumer.py took 0.352 seconds
[2025-02-13T07:53:22.559+0000] {processor.py:154} INFO - Started process (PID=1726) to work on /opt/airflow/dags/consumer.py
[2025-02-13T07:53:22.561+0000] {processor.py:756} INFO - Processing file /opt/airflow/dags/consumer.py for tasks to queue
[2025-02-13T07:53:22.562+0000] {logging_mixin.py:120} INFO - [2025-02-13T07:53:22.562+0000] {dagbag.py:537} INFO - Filling up the DagBag from /opt/airflow/dags/consumer.py
[2025-02-13T07:53:22.621+0000] {processor.py:766} INFO - DAG(s) dict_keys(['consumer']) retrieved from /opt/airflow/dags/consumer.py
[2025-02-13T07:53:22.739+0000] {logging_mixin.py:120} INFO - [2025-02-13T07:53:22.739+0000] {dag.py:2585} INFO - Sync 1 DAGs
[2025-02-13T07:53:22.810+0000] {logging_mixin.py:120} INFO - [2025-02-13T07:53:22.809+0000] {dag.py:3340} INFO - Setting next_dagrun for consumer to None, run_after=None
[2025-02-13T07:53:22.869+0000] {processor.py:176} INFO - Processing /opt/airflow/dags/consumer.py took 0.317 seconds
[2025-02-13T07:53:53.403+0000] {processor.py:154} INFO - Started process (PID=1762) to work on /opt/airflow/dags/consumer.py
[2025-02-13T07:53:53.404+0000] {processor.py:756} INFO - Processing file /opt/airflow/dags/consumer.py for tasks to queue
[2025-02-13T07:53:53.406+0000] {logging_mixin.py:120} INFO - [2025-02-13T07:53:53.406+0000] {dagbag.py:537} INFO - Filling up the DagBag from /opt/airflow/dags/consumer.py
[2025-02-13T07:53:53.452+0000] {processor.py:766} INFO - DAG(s) dict_keys(['consumer']) retrieved from /opt/airflow/dags/consumer.py
[2025-02-13T07:53:53.535+0000] {logging_mixin.py:120} INFO - [2025-02-13T07:53:53.535+0000] {dag.py:2585} INFO - Sync 1 DAGs
[2025-02-13T07:53:53.585+0000] {logging_mixin.py:120} INFO - [2025-02-13T07:53:53.585+0000] {dag.py:3340} INFO - Setting next_dagrun for consumer to None, run_after=None
[2025-02-13T07:53:53.640+0000] {processor.py:176} INFO - Processing /opt/airflow/dags/consumer.py took 0.244 seconds
[2025-02-13T07:54:24.044+0000] {processor.py:154} INFO - Started process (PID=1788) to work on /opt/airflow/dags/consumer.py
[2025-02-13T07:54:24.046+0000] {processor.py:756} INFO - Processing file /opt/airflow/dags/consumer.py for tasks to queue
[2025-02-13T07:54:24.048+0000] {logging_mixin.py:120} INFO - [2025-02-13T07:54:24.047+0000] {dagbag.py:537} INFO - Filling up the DagBag from /opt/airflow/dags/consumer.py
[2025-02-13T07:54:24.097+0000] {processor.py:766} INFO - DAG(s) dict_keys(['consumer']) retrieved from /opt/airflow/dags/consumer.py
[2025-02-13T07:54:24.189+0000] {logging_mixin.py:120} INFO - [2025-02-13T07:54:24.189+0000] {dag.py:2585} INFO - Sync 1 DAGs
[2025-02-13T07:54:24.265+0000] {logging_mixin.py:120} INFO - [2025-02-13T07:54:24.264+0000] {dag.py:3340} INFO - Setting next_dagrun for consumer to None, run_after=None
[2025-02-13T07:54:24.347+0000] {processor.py:176} INFO - Processing /opt/airflow/dags/consumer.py took 0.309 seconds
[2025-02-13T07:54:54.676+0000] {processor.py:154} INFO - Started process (PID=1823) to work on /opt/airflow/dags/consumer.py
[2025-02-13T07:54:54.678+0000] {processor.py:756} INFO - Processing file /opt/airflow/dags/consumer.py for tasks to queue
[2025-02-13T07:54:54.681+0000] {logging_mixin.py:120} INFO - [2025-02-13T07:54:54.680+0000] {dagbag.py:537} INFO - Filling up the DagBag from /opt/airflow/dags/consumer.py
[2025-02-13T07:54:54.758+0000] {processor.py:766} INFO - DAG(s) dict_keys(['consumer']) retrieved from /opt/airflow/dags/consumer.py
[2025-02-13T07:54:54.928+0000] {logging_mixin.py:120} INFO - [2025-02-13T07:54:54.927+0000] {dag.py:2585} INFO - Sync 1 DAGs
[2025-02-13T07:54:55.015+0000] {logging_mixin.py:120} INFO - [2025-02-13T07:54:55.015+0000] {dag.py:3340} INFO - Setting next_dagrun for consumer to None, run_after=None
[2025-02-13T07:54:55.086+0000] {processor.py:176} INFO - Processing /opt/airflow/dags/consumer.py took 0.418 seconds
[2025-02-13T07:55:25.182+0000] {processor.py:154} INFO - Started process (PID=1852) to work on /opt/airflow/dags/consumer.py
[2025-02-13T07:55:25.183+0000] {processor.py:756} INFO - Processing file /opt/airflow/dags/consumer.py for tasks to queue
[2025-02-13T07:55:25.185+0000] {logging_mixin.py:120} INFO - [2025-02-13T07:55:25.185+0000] {dagbag.py:537} INFO - Filling up the DagBag from /opt/airflow/dags/consumer.py
[2025-02-13T07:55:25.226+0000] {processor.py:766} INFO - DAG(s) dict_keys(['consumer']) retrieved from /opt/airflow/dags/consumer.py
[2025-02-13T07:55:25.305+0000] {logging_mixin.py:120} INFO - [2025-02-13T07:55:25.305+0000] {dag.py:2585} INFO - Sync 1 DAGs
[2025-02-13T07:55:25.351+0000] {logging_mixin.py:120} INFO - [2025-02-13T07:55:25.351+0000] {dag.py:3340} INFO - Setting next_dagrun for consumer to None, run_after=None
[2025-02-13T07:55:25.400+0000] {processor.py:176} INFO - Processing /opt/airflow/dags/consumer.py took 0.224 seconds
[2025-02-13T07:55:57.263+0000] {processor.py:154} INFO - Started process (PID=1885) to work on /opt/airflow/dags/consumer.py
[2025-02-13T07:55:57.274+0000] {processor.py:756} INFO - Processing file /opt/airflow/dags/consumer.py for tasks to queue
[2025-02-13T07:55:57.276+0000] {logging_mixin.py:120} INFO - [2025-02-13T07:55:57.276+0000] {dagbag.py:537} INFO - Filling up the DagBag from /opt/airflow/dags/consumer.py
[2025-02-13T07:55:57.359+0000] {processor.py:766} INFO - DAG(s) dict_keys(['consumer']) retrieved from /opt/airflow/dags/consumer.py
[2025-02-13T07:55:57.458+0000] {logging_mixin.py:120} INFO - [2025-02-13T07:55:57.457+0000] {dag.py:2585} INFO - Sync 1 DAGs
[2025-02-13T07:55:57.511+0000] {logging_mixin.py:120} INFO - [2025-02-13T07:55:57.511+0000] {dag.py:3340} INFO - Setting next_dagrun for consumer to None, run_after=None
[2025-02-13T07:55:57.558+0000] {processor.py:176} INFO - Processing /opt/airflow/dags/consumer.py took 0.304 seconds
[2025-02-13T07:56:27.663+0000] {processor.py:154} INFO - Started process (PID=1912) to work on /opt/airflow/dags/consumer.py
[2025-02-13T07:56:27.664+0000] {processor.py:756} INFO - Processing file /opt/airflow/dags/consumer.py for tasks to queue
[2025-02-13T07:56:27.666+0000] {logging_mixin.py:120} INFO - [2025-02-13T07:56:27.666+0000] {dagbag.py:537} INFO - Filling up the DagBag from /opt/airflow/dags/consumer.py
[2025-02-13T07:56:27.704+0000] {processor.py:766} INFO - DAG(s) dict_keys(['consumer']) retrieved from /opt/airflow/dags/consumer.py
[2025-02-13T07:56:27.780+0000] {logging_mixin.py:120} INFO - [2025-02-13T07:56:27.780+0000] {dag.py:2585} INFO - Sync 1 DAGs
[2025-02-13T07:56:27.829+0000] {logging_mixin.py:120} INFO - [2025-02-13T07:56:27.829+0000] {dag.py:3340} INFO - Setting next_dagrun for consumer to None, run_after=None
[2025-02-13T07:56:27.866+0000] {processor.py:176} INFO - Processing /opt/airflow/dags/consumer.py took 0.208 seconds
[2025-02-13T07:56:58.393+0000] {processor.py:154} INFO - Started process (PID=1939) to work on /opt/airflow/dags/consumer.py
[2025-02-13T07:56:58.397+0000] {processor.py:756} INFO - Processing file /opt/airflow/dags/consumer.py for tasks to queue
[2025-02-13T07:56:58.399+0000] {logging_mixin.py:120} INFO - [2025-02-13T07:56:58.399+0000] {dagbag.py:537} INFO - Filling up the DagBag from /opt/airflow/dags/consumer.py
[2025-02-13T07:56:58.443+0000] {processor.py:766} INFO - DAG(s) dict_keys(['consumer']) retrieved from /opt/airflow/dags/consumer.py
[2025-02-13T07:56:58.521+0000] {logging_mixin.py:120} INFO - [2025-02-13T07:56:58.521+0000] {dag.py:2585} INFO - Sync 1 DAGs
[2025-02-13T07:56:58.571+0000] {logging_mixin.py:120} INFO - [2025-02-13T07:56:58.571+0000] {dag.py:3340} INFO - Setting next_dagrun for consumer to None, run_after=None
[2025-02-13T07:56:58.613+0000] {processor.py:176} INFO - Processing /opt/airflow/dags/consumer.py took 0.229 seconds
[2025-02-13T07:57:28.992+0000] {processor.py:154} INFO - Started process (PID=1975) to work on /opt/airflow/dags/consumer.py
[2025-02-13T07:57:28.995+0000] {processor.py:756} INFO - Processing file /opt/airflow/dags/consumer.py for tasks to queue
[2025-02-13T07:57:28.997+0000] {logging_mixin.py:120} INFO - [2025-02-13T07:57:28.997+0000] {dagbag.py:537} INFO - Filling up the DagBag from /opt/airflow/dags/consumer.py
[2025-02-13T07:57:29.106+0000] {processor.py:766} INFO - DAG(s) dict_keys(['consumer']) retrieved from /opt/airflow/dags/consumer.py
[2025-02-13T07:57:29.258+0000] {logging_mixin.py:120} INFO - [2025-02-13T07:57:29.258+0000] {dag.py:2585} INFO - Sync 1 DAGs
[2025-02-13T07:57:29.341+0000] {logging_mixin.py:120} INFO - [2025-02-13T07:57:29.341+0000] {dag.py:3340} INFO - Setting next_dagrun for consumer to None, run_after=None
[2025-02-13T07:57:29.420+0000] {processor.py:176} INFO - Processing /opt/airflow/dags/consumer.py took 0.437 seconds
[2025-02-13T07:58:00.363+0000] {processor.py:154} INFO - Started process (PID=2002) to work on /opt/airflow/dags/consumer.py
[2025-02-13T07:58:00.365+0000] {processor.py:756} INFO - Processing file /opt/airflow/dags/consumer.py for tasks to queue
[2025-02-13T07:58:00.371+0000] {logging_mixin.py:120} INFO - [2025-02-13T07:58:00.370+0000] {dagbag.py:537} INFO - Filling up the DagBag from /opt/airflow/dags/consumer.py
[2025-02-13T07:58:00.514+0000] {processor.py:766} INFO - DAG(s) dict_keys(['consumer']) retrieved from /opt/airflow/dags/consumer.py
[2025-02-13T07:58:00.793+0000] {logging_mixin.py:120} INFO - [2025-02-13T07:58:00.793+0000] {dag.py:2585} INFO - Sync 1 DAGs
[2025-02-13T07:58:00.923+0000] {logging_mixin.py:120} INFO - [2025-02-13T07:58:00.923+0000] {dag.py:3340} INFO - Setting next_dagrun for consumer to None, run_after=None
[2025-02-13T07:58:01.008+0000] {processor.py:176} INFO - Processing /opt/airflow/dags/consumer.py took 0.655 seconds
[2025-02-13T07:58:31.319+0000] {processor.py:154} INFO - Started process (PID=2028) to work on /opt/airflow/dags/consumer.py
[2025-02-13T07:58:31.321+0000] {processor.py:756} INFO - Processing file /opt/airflow/dags/consumer.py for tasks to queue
[2025-02-13T07:58:31.322+0000] {logging_mixin.py:120} INFO - [2025-02-13T07:58:31.322+0000] {dagbag.py:537} INFO - Filling up the DagBag from /opt/airflow/dags/consumer.py
[2025-02-13T07:58:31.360+0000] {processor.py:766} INFO - DAG(s) dict_keys(['consumer']) retrieved from /opt/airflow/dags/consumer.py
[2025-02-13T07:58:31.434+0000] {logging_mixin.py:120} INFO - [2025-02-13T07:58:31.434+0000] {dag.py:2585} INFO - Sync 1 DAGs
[2025-02-13T07:58:31.479+0000] {logging_mixin.py:120} INFO - [2025-02-13T07:58:31.479+0000] {dag.py:3340} INFO - Setting next_dagrun for consumer to None, run_after=None
[2025-02-13T07:58:31.521+0000] {processor.py:176} INFO - Processing /opt/airflow/dags/consumer.py took 0.208 seconds
[2025-02-13T07:59:01.613+0000] {processor.py:154} INFO - Started process (PID=2054) to work on /opt/airflow/dags/consumer.py
[2025-02-13T07:59:01.615+0000] {processor.py:756} INFO - Processing file /opt/airflow/dags/consumer.py for tasks to queue
[2025-02-13T07:59:01.616+0000] {logging_mixin.py:120} INFO - [2025-02-13T07:59:01.616+0000] {dagbag.py:537} INFO - Filling up the DagBag from /opt/airflow/dags/consumer.py
[2025-02-13T07:59:01.651+0000] {processor.py:766} INFO - DAG(s) dict_keys(['consumer']) retrieved from /opt/airflow/dags/consumer.py
[2025-02-13T07:59:01.724+0000] {logging_mixin.py:120} INFO - [2025-02-13T07:59:01.723+0000] {dag.py:2585} INFO - Sync 1 DAGs
[2025-02-13T07:59:01.768+0000] {logging_mixin.py:120} INFO - [2025-02-13T07:59:01.768+0000] {dag.py:3340} INFO - Setting next_dagrun for consumer to None, run_after=None
[2025-02-13T07:59:01.819+0000] {processor.py:176} INFO - Processing /opt/airflow/dags/consumer.py took 0.213 seconds
[2025-02-13T07:59:32.234+0000] {processor.py:154} INFO - Started process (PID=2090) to work on /opt/airflow/dags/consumer.py
[2025-02-13T07:59:32.237+0000] {processor.py:756} INFO - Processing file /opt/airflow/dags/consumer.py for tasks to queue
[2025-02-13T07:59:32.238+0000] {logging_mixin.py:120} INFO - [2025-02-13T07:59:32.238+0000] {dagbag.py:537} INFO - Filling up the DagBag from /opt/airflow/dags/consumer.py
[2025-02-13T07:59:32.279+0000] {processor.py:766} INFO - DAG(s) dict_keys(['consumer']) retrieved from /opt/airflow/dags/consumer.py
[2025-02-13T07:59:32.357+0000] {logging_mixin.py:120} INFO - [2025-02-13T07:59:32.357+0000] {dag.py:2585} INFO - Sync 1 DAGs
[2025-02-13T07:59:32.411+0000] {logging_mixin.py:120} INFO - [2025-02-13T07:59:32.410+0000] {dag.py:3340} INFO - Setting next_dagrun for consumer to None, run_after=None
[2025-02-13T07:59:32.456+0000] {processor.py:176} INFO - Processing /opt/airflow/dags/consumer.py took 0.230 seconds
[2025-02-13T08:00:02.709+0000] {processor.py:154} INFO - Started process (PID=2117) to work on /opt/airflow/dags/consumer.py
[2025-02-13T08:00:02.711+0000] {processor.py:756} INFO - Processing file /opt/airflow/dags/consumer.py for tasks to queue
[2025-02-13T08:00:02.713+0000] {logging_mixin.py:120} INFO - [2025-02-13T08:00:02.713+0000] {dagbag.py:537} INFO - Filling up the DagBag from /opt/airflow/dags/consumer.py
[2025-02-13T08:00:02.754+0000] {processor.py:766} INFO - DAG(s) dict_keys(['consumer']) retrieved from /opt/airflow/dags/consumer.py
[2025-02-13T08:00:02.851+0000] {logging_mixin.py:120} INFO - [2025-02-13T08:00:02.850+0000] {dag.py:2585} INFO - Sync 1 DAGs
[2025-02-13T08:00:02.916+0000] {logging_mixin.py:120} INFO - [2025-02-13T08:00:02.915+0000] {dag.py:3340} INFO - Setting next_dagrun for consumer to None, run_after=None
[2025-02-13T08:00:02.974+0000] {processor.py:176} INFO - Processing /opt/airflow/dags/consumer.py took 0.271 seconds
[2025-02-13T08:00:33.492+0000] {processor.py:154} INFO - Started process (PID=2150) to work on /opt/airflow/dags/consumer.py
[2025-02-13T08:00:33.496+0000] {processor.py:756} INFO - Processing file /opt/airflow/dags/consumer.py for tasks to queue
[2025-02-13T08:00:33.499+0000] {logging_mixin.py:120} INFO - [2025-02-13T08:00:33.499+0000] {dagbag.py:537} INFO - Filling up the DagBag from /opt/airflow/dags/consumer.py
[2025-02-13T08:00:33.552+0000] {processor.py:766} INFO - DAG(s) dict_keys(['consumer']) retrieved from /opt/airflow/dags/consumer.py
[2025-02-13T08:00:33.669+0000] {logging_mixin.py:120} INFO - [2025-02-13T08:00:33.669+0000] {dag.py:2585} INFO - Sync 1 DAGs
[2025-02-13T08:00:33.778+0000] {logging_mixin.py:120} INFO - [2025-02-13T08:00:33.778+0000] {dag.py:3340} INFO - Setting next_dagrun for consumer to None, run_after=None
[2025-02-13T08:00:33.874+0000] {processor.py:176} INFO - Processing /opt/airflow/dags/consumer.py took 0.389 seconds
[2025-02-13T08:01:04.822+0000] {processor.py:154} INFO - Started process (PID=2179) to work on /opt/airflow/dags/consumer.py
[2025-02-13T08:01:04.827+0000] {processor.py:756} INFO - Processing file /opt/airflow/dags/consumer.py for tasks to queue
[2025-02-13T08:01:04.831+0000] {logging_mixin.py:120} INFO - [2025-02-13T08:01:04.831+0000] {dagbag.py:537} INFO - Filling up the DagBag from /opt/airflow/dags/consumer.py
[2025-02-13T08:01:05.106+0000] {processor.py:766} INFO - DAG(s) dict_keys(['consumer']) retrieved from /opt/airflow/dags/consumer.py
[2025-02-13T08:01:05.436+0000] {logging_mixin.py:120} INFO - [2025-02-13T08:01:05.435+0000] {dag.py:2585} INFO - Sync 1 DAGs
[2025-02-13T08:01:05.552+0000] {logging_mixin.py:120} INFO - [2025-02-13T08:01:05.552+0000] {dag.py:3340} INFO - Setting next_dagrun for consumer to None, run_after=None
[2025-02-13T08:01:05.646+0000] {processor.py:176} INFO - Processing /opt/airflow/dags/consumer.py took 0.832 seconds
[2025-02-13T08:01:35.810+0000] {processor.py:154} INFO - Started process (PID=2206) to work on /opt/airflow/dags/consumer.py
[2025-02-13T08:01:35.812+0000] {processor.py:756} INFO - Processing file /opt/airflow/dags/consumer.py for tasks to queue
[2025-02-13T08:01:35.814+0000] {logging_mixin.py:120} INFO - [2025-02-13T08:01:35.814+0000] {dagbag.py:537} INFO - Filling up the DagBag from /opt/airflow/dags/consumer.py
[2025-02-13T08:01:35.884+0000] {processor.py:766} INFO - DAG(s) dict_keys(['consumer']) retrieved from /opt/airflow/dags/consumer.py
[2025-02-13T08:01:36.032+0000] {logging_mixin.py:120} INFO - [2025-02-13T08:01:36.031+0000] {dag.py:2585} INFO - Sync 1 DAGs
[2025-02-13T08:01:36.133+0000] {logging_mixin.py:120} INFO - [2025-02-13T08:01:36.132+0000] {dag.py:3340} INFO - Setting next_dagrun for consumer to None, run_after=None
[2025-02-13T08:01:36.453+0000] {processor.py:176} INFO - Processing /opt/airflow/dags/consumer.py took 0.650 seconds
[2025-02-13T08:02:07.092+0000] {processor.py:154} INFO - Started process (PID=2232) to work on /opt/airflow/dags/consumer.py
[2025-02-13T08:02:07.097+0000] {processor.py:756} INFO - Processing file /opt/airflow/dags/consumer.py for tasks to queue
[2025-02-13T08:02:07.098+0000] {logging_mixin.py:120} INFO - [2025-02-13T08:02:07.098+0000] {dagbag.py:537} INFO - Filling up the DagBag from /opt/airflow/dags/consumer.py
[2025-02-13T08:02:07.137+0000] {processor.py:766} INFO - DAG(s) dict_keys(['consumer']) retrieved from /opt/airflow/dags/consumer.py
[2025-02-13T08:02:07.206+0000] {logging_mixin.py:120} INFO - [2025-02-13T08:02:07.206+0000] {dag.py:2585} INFO - Sync 1 DAGs
[2025-02-13T08:02:07.249+0000] {logging_mixin.py:120} INFO - [2025-02-13T08:02:07.249+0000] {dag.py:3340} INFO - Setting next_dagrun for consumer to None, run_after=None
[2025-02-13T08:02:07.288+0000] {processor.py:176} INFO - Processing /opt/airflow/dags/consumer.py took 0.201 seconds
[2025-02-13T08:02:37.557+0000] {processor.py:154} INFO - Started process (PID=2267) to work on /opt/airflow/dags/consumer.py
[2025-02-13T08:02:37.558+0000] {processor.py:756} INFO - Processing file /opt/airflow/dags/consumer.py for tasks to queue
[2025-02-13T08:02:37.560+0000] {logging_mixin.py:120} INFO - [2025-02-13T08:02:37.559+0000] {dagbag.py:537} INFO - Filling up the DagBag from /opt/airflow/dags/consumer.py
[2025-02-13T08:02:37.603+0000] {processor.py:766} INFO - DAG(s) dict_keys(['consumer']) retrieved from /opt/airflow/dags/consumer.py
[2025-02-13T08:02:37.677+0000] {logging_mixin.py:120} INFO - [2025-02-13T08:02:37.677+0000] {dag.py:2585} INFO - Sync 1 DAGs
[2025-02-13T08:02:37.727+0000] {logging_mixin.py:120} INFO - [2025-02-13T08:02:37.726+0000] {dag.py:3340} INFO - Setting next_dagrun for consumer to None, run_after=None
[2025-02-13T08:02:37.768+0000] {processor.py:176} INFO - Processing /opt/airflow/dags/consumer.py took 0.216 seconds
[2025-02-13T08:03:08.505+0000] {processor.py:154} INFO - Started process (PID=2303) to work on /opt/airflow/dags/consumer.py
[2025-02-13T08:03:08.507+0000] {processor.py:756} INFO - Processing file /opt/airflow/dags/consumer.py for tasks to queue
[2025-02-13T08:03:08.509+0000] {logging_mixin.py:120} INFO - [2025-02-13T08:03:08.509+0000] {dagbag.py:537} INFO - Filling up the DagBag from /opt/airflow/dags/consumer.py
[2025-02-13T08:03:08.550+0000] {processor.py:766} INFO - DAG(s) dict_keys(['consumer']) retrieved from /opt/airflow/dags/consumer.py
[2025-02-13T08:03:08.630+0000] {logging_mixin.py:120} INFO - [2025-02-13T08:03:08.630+0000] {dag.py:2585} INFO - Sync 1 DAGs
[2025-02-13T08:03:08.677+0000] {logging_mixin.py:120} INFO - [2025-02-13T08:03:08.676+0000] {dag.py:3340} INFO - Setting next_dagrun for consumer to None, run_after=None
[2025-02-13T08:03:08.719+0000] {processor.py:176} INFO - Processing /opt/airflow/dags/consumer.py took 0.221 seconds
[2025-02-13T08:05:01.940+0000] {processor.py:154} INFO - Started process (PID=79) to work on /opt/airflow/dags/consumer.py
[2025-02-13T08:05:01.941+0000] {processor.py:756} INFO - Processing file /opt/airflow/dags/consumer.py for tasks to queue
[2025-02-13T08:05:01.946+0000] {logging_mixin.py:120} INFO - [2025-02-13T08:05:01.946+0000] {dagbag.py:537} INFO - Filling up the DagBag from /opt/airflow/dags/consumer.py
[2025-02-13T08:05:02.086+0000] {processor.py:766} INFO - DAG(s) dict_keys(['consumer']) retrieved from /opt/airflow/dags/consumer.py
[2025-02-13T08:05:02.434+0000] {logging_mixin.py:120} INFO - [2025-02-13T08:05:02.434+0000] {dag.py:2585} INFO - Sync 1 DAGs
[2025-02-13T08:05:02.514+0000] {logging_mixin.py:120} INFO - [2025-02-13T08:05:02.514+0000] {dag.py:3340} INFO - Setting next_dagrun for consumer to None, run_after=None
[2025-02-13T08:05:02.655+0000] {processor.py:176} INFO - Processing /opt/airflow/dags/consumer.py took 0.724 seconds
[2025-02-13T08:05:32.786+0000] {processor.py:154} INFO - Started process (PID=105) to work on /opt/airflow/dags/consumer.py
[2025-02-13T08:05:32.788+0000] {processor.py:756} INFO - Processing file /opt/airflow/dags/consumer.py for tasks to queue
[2025-02-13T08:05:32.790+0000] {logging_mixin.py:120} INFO - [2025-02-13T08:05:32.790+0000] {dagbag.py:537} INFO - Filling up the DagBag from /opt/airflow/dags/consumer.py
[2025-02-13T08:05:32.835+0000] {processor.py:766} INFO - DAG(s) dict_keys(['consumer']) retrieved from /opt/airflow/dags/consumer.py
[2025-02-13T08:05:32.909+0000] {logging_mixin.py:120} INFO - [2025-02-13T08:05:32.909+0000] {dag.py:2585} INFO - Sync 1 DAGs
[2025-02-13T08:05:32.957+0000] {logging_mixin.py:120} INFO - [2025-02-13T08:05:32.957+0000] {dag.py:3340} INFO - Setting next_dagrun for consumer to None, run_after=None
[2025-02-13T08:05:33.006+0000] {processor.py:176} INFO - Processing /opt/airflow/dags/consumer.py took 0.227 seconds
[2025-02-13T08:06:03.626+0000] {processor.py:154} INFO - Started process (PID=142) to work on /opt/airflow/dags/consumer.py
[2025-02-13T08:06:03.628+0000] {processor.py:756} INFO - Processing file /opt/airflow/dags/consumer.py for tasks to queue
[2025-02-13T08:06:03.632+0000] {logging_mixin.py:120} INFO - [2025-02-13T08:06:03.632+0000] {dagbag.py:537} INFO - Filling up the DagBag from /opt/airflow/dags/consumer.py
[2025-02-13T08:06:03.692+0000] {processor.py:766} INFO - DAG(s) dict_keys(['consumer']) retrieved from /opt/airflow/dags/consumer.py
[2025-02-13T08:06:03.812+0000] {logging_mixin.py:120} INFO - [2025-02-13T08:06:03.811+0000] {dag.py:2585} INFO - Sync 1 DAGs
[2025-02-13T08:06:03.898+0000] {logging_mixin.py:120} INFO - [2025-02-13T08:06:03.897+0000] {dag.py:3340} INFO - Setting next_dagrun for consumer to None, run_after=None
[2025-02-13T08:06:03.961+0000] {processor.py:176} INFO - Processing /opt/airflow/dags/consumer.py took 0.343 seconds
[2025-02-13T08:06:34.926+0000] {processor.py:154} INFO - Started process (PID=169) to work on /opt/airflow/dags/consumer.py
[2025-02-13T08:06:34.929+0000] {processor.py:756} INFO - Processing file /opt/airflow/dags/consumer.py for tasks to queue
[2025-02-13T08:06:34.932+0000] {logging_mixin.py:120} INFO - [2025-02-13T08:06:34.931+0000] {dagbag.py:537} INFO - Filling up the DagBag from /opt/airflow/dags/consumer.py
[2025-02-13T08:06:35.027+0000] {processor.py:766} INFO - DAG(s) dict_keys(['consumer']) retrieved from /opt/airflow/dags/consumer.py
[2025-02-13T08:06:35.294+0000] {logging_mixin.py:120} INFO - [2025-02-13T08:06:35.294+0000] {dag.py:2585} INFO - Sync 1 DAGs
[2025-02-13T08:06:35.407+0000] {logging_mixin.py:120} INFO - [2025-02-13T08:06:35.407+0000] {dag.py:3340} INFO - Setting next_dagrun for consumer to None, run_after=None
[2025-02-13T08:06:36.071+0000] {processor.py:176} INFO - Processing /opt/airflow/dags/consumer.py took 1.153 seconds
[2025-02-13T08:07:06.171+0000] {processor.py:154} INFO - Started process (PID=195) to work on /opt/airflow/dags/consumer.py
[2025-02-13T08:07:06.173+0000] {processor.py:756} INFO - Processing file /opt/airflow/dags/consumer.py for tasks to queue
[2025-02-13T08:07:06.174+0000] {logging_mixin.py:120} INFO - [2025-02-13T08:07:06.174+0000] {dagbag.py:537} INFO - Filling up the DagBag from /opt/airflow/dags/consumer.py
[2025-02-13T08:07:06.224+0000] {processor.py:766} INFO - DAG(s) dict_keys(['consumer']) retrieved from /opt/airflow/dags/consumer.py
[2025-02-13T08:07:06.333+0000] {logging_mixin.py:120} INFO - [2025-02-13T08:07:06.333+0000] {dag.py:2585} INFO - Sync 1 DAGs
[2025-02-13T08:07:06.390+0000] {logging_mixin.py:120} INFO - [2025-02-13T08:07:06.389+0000] {dag.py:3340} INFO - Setting next_dagrun for consumer to None, run_after=None
[2025-02-13T08:07:06.456+0000] {processor.py:176} INFO - Processing /opt/airflow/dags/consumer.py took 0.290 seconds
[2025-02-13T08:07:36.773+0000] {processor.py:154} INFO - Started process (PID=230) to work on /opt/airflow/dags/consumer.py
[2025-02-13T08:07:36.776+0000] {processor.py:756} INFO - Processing file /opt/airflow/dags/consumer.py for tasks to queue
[2025-02-13T08:07:36.777+0000] {logging_mixin.py:120} INFO - [2025-02-13T08:07:36.777+0000] {dagbag.py:537} INFO - Filling up the DagBag from /opt/airflow/dags/consumer.py
[2025-02-13T08:07:36.813+0000] {processor.py:766} INFO - DAG(s) dict_keys(['consumer']) retrieved from /opt/airflow/dags/consumer.py
[2025-02-13T08:07:36.894+0000] {logging_mixin.py:120} INFO - [2025-02-13T08:07:36.893+0000] {dag.py:2585} INFO - Sync 1 DAGs
[2025-02-13T08:07:36.948+0000] {logging_mixin.py:120} INFO - [2025-02-13T08:07:36.948+0000] {dag.py:3340} INFO - Setting next_dagrun for consumer to None, run_after=None
[2025-02-13T08:07:36.986+0000] {processor.py:176} INFO - Processing /opt/airflow/dags/consumer.py took 0.218 seconds
[2025-02-13T08:08:07.226+0000] {processor.py:154} INFO - Started process (PID=259) to work on /opt/airflow/dags/consumer.py
[2025-02-13T08:08:07.228+0000] {processor.py:756} INFO - Processing file /opt/airflow/dags/consumer.py for tasks to queue
[2025-02-13T08:08:07.230+0000] {logging_mixin.py:120} INFO - [2025-02-13T08:08:07.230+0000] {dagbag.py:537} INFO - Filling up the DagBag from /opt/airflow/dags/consumer.py
[2025-02-13T08:08:07.339+0000] {processor.py:766} INFO - DAG(s) dict_keys(['consumer']) retrieved from /opt/airflow/dags/consumer.py
[2025-02-13T08:08:07.442+0000] {logging_mixin.py:120} INFO - [2025-02-13T08:08:07.441+0000] {dag.py:2585} INFO - Sync 1 DAGs
[2025-02-13T08:08:07.494+0000] {logging_mixin.py:120} INFO - [2025-02-13T08:08:07.494+0000] {dag.py:3340} INFO - Setting next_dagrun for consumer to None, run_after=None
[2025-02-13T08:08:07.563+0000] {processor.py:176} INFO - Processing /opt/airflow/dags/consumer.py took 0.348 seconds
[2025-02-13T08:08:38.425+0000] {processor.py:154} INFO - Started process (PID=295) to work on /opt/airflow/dags/consumer.py
[2025-02-13T08:08:38.428+0000] {processor.py:756} INFO - Processing file /opt/airflow/dags/consumer.py for tasks to queue
[2025-02-13T08:08:38.430+0000] {logging_mixin.py:120} INFO - [2025-02-13T08:08:38.429+0000] {dagbag.py:537} INFO - Filling up the DagBag from /opt/airflow/dags/consumer.py
[2025-02-13T08:08:38.473+0000] {processor.py:766} INFO - DAG(s) dict_keys(['consumer']) retrieved from /opt/airflow/dags/consumer.py
[2025-02-13T08:08:38.557+0000] {logging_mixin.py:120} INFO - [2025-02-13T08:08:38.556+0000] {dag.py:2585} INFO - Sync 1 DAGs
[2025-02-13T08:08:38.609+0000] {logging_mixin.py:120} INFO - [2025-02-13T08:08:38.609+0000] {dag.py:3340} INFO - Setting next_dagrun for consumer to None, run_after=None
[2025-02-13T08:08:38.656+0000] {processor.py:176} INFO - Processing /opt/airflow/dags/consumer.py took 0.236 seconds
[2025-02-13T08:09:09.629+0000] {processor.py:154} INFO - Started process (PID=322) to work on /opt/airflow/dags/consumer.py
[2025-02-13T08:09:09.632+0000] {processor.py:756} INFO - Processing file /opt/airflow/dags/consumer.py for tasks to queue
[2025-02-13T08:09:09.635+0000] {logging_mixin.py:120} INFO - [2025-02-13T08:09:09.634+0000] {dagbag.py:537} INFO - Filling up the DagBag from /opt/airflow/dags/consumer.py
[2025-02-13T08:09:09.680+0000] {processor.py:766} INFO - DAG(s) dict_keys(['consumer']) retrieved from /opt/airflow/dags/consumer.py
[2025-02-13T08:09:09.765+0000] {logging_mixin.py:120} INFO - [2025-02-13T08:09:09.764+0000] {dag.py:2585} INFO - Sync 1 DAGs
[2025-02-13T08:09:09.812+0000] {logging_mixin.py:120} INFO - [2025-02-13T08:09:09.812+0000] {dag.py:3340} INFO - Setting next_dagrun for consumer to None, run_after=None
[2025-02-13T08:09:09.853+0000] {processor.py:176} INFO - Processing /opt/airflow/dags/consumer.py took 0.232 seconds
[2025-02-13T08:09:40.681+0000] {processor.py:154} INFO - Started process (PID=355) to work on /opt/airflow/dags/consumer.py
[2025-02-13T08:09:40.683+0000] {processor.py:756} INFO - Processing file /opt/airflow/dags/consumer.py for tasks to queue
[2025-02-13T08:09:40.685+0000] {logging_mixin.py:120} INFO - [2025-02-13T08:09:40.685+0000] {dagbag.py:537} INFO - Filling up the DagBag from /opt/airflow/dags/consumer.py
[2025-02-13T08:09:40.729+0000] {processor.py:766} INFO - DAG(s) dict_keys(['consumer']) retrieved from /opt/airflow/dags/consumer.py
[2025-02-13T08:09:40.801+0000] {logging_mixin.py:120} INFO - [2025-02-13T08:09:40.801+0000] {dag.py:2585} INFO - Sync 1 DAGs
[2025-02-13T08:09:40.850+0000] {logging_mixin.py:120} INFO - [2025-02-13T08:09:40.850+0000] {dag.py:3340} INFO - Setting next_dagrun for consumer to None, run_after=None
[2025-02-13T08:09:40.892+0000] {processor.py:176} INFO - Processing /opt/airflow/dags/consumer.py took 0.217 seconds
[2025-02-13T08:10:11.363+0000] {processor.py:154} INFO - Started process (PID=386) to work on /opt/airflow/dags/consumer.py
[2025-02-13T08:10:11.364+0000] {processor.py:756} INFO - Processing file /opt/airflow/dags/consumer.py for tasks to queue
[2025-02-13T08:10:11.366+0000] {logging_mixin.py:120} INFO - [2025-02-13T08:10:11.365+0000] {dagbag.py:537} INFO - Filling up the DagBag from /opt/airflow/dags/consumer.py
[2025-02-13T08:10:11.435+0000] {processor.py:766} INFO - DAG(s) dict_keys(['consumer']) retrieved from /opt/airflow/dags/consumer.py
[2025-02-13T08:10:11.524+0000] {logging_mixin.py:120} INFO - [2025-02-13T08:10:11.524+0000] {dag.py:2585} INFO - Sync 1 DAGs
[2025-02-13T08:10:11.571+0000] {logging_mixin.py:120} INFO - [2025-02-13T08:10:11.570+0000] {dag.py:3340} INFO - Setting next_dagrun for consumer to None, run_after=None
[2025-02-13T08:10:11.610+0000] {processor.py:176} INFO - Processing /opt/airflow/dags/consumer.py took 0.258 seconds
