[2025-02-13T07:18:30.993+0000] {processor.py:154} INFO - Started process (PID=66) to work on /opt/airflow/dags/group_dag.py
[2025-02-13T07:18:30.999+0000] {processor.py:756} INFO - Processing file /opt/airflow/dags/group_dag.py for tasks to queue
[2025-02-13T07:18:31.005+0000] {logging_mixin.py:120} INFO - [2025-02-13T07:18:31.005+0000] {dagbag.py:537} INFO - Filling up the DagBag from /opt/airflow/dags/group_dag.py
[2025-02-13T07:18:31.148+0000] {processor.py:766} INFO - DAG(s) dict_keys(['group_dag']) retrieved from /opt/airflow/dags/group_dag.py
[2025-02-13T07:18:31.268+0000] {logging_mixin.py:120} INFO - [2025-02-13T07:18:31.268+0000] {dag.py:2585} INFO - Sync 1 DAGs
[2025-02-13T07:18:31.369+0000] {logging_mixin.py:120} INFO - [2025-02-13T07:18:31.369+0000] {dag.py:3340} INFO - Setting next_dagrun for group_dag to 2025-02-12T00:00:00+00:00, run_after=2025-02-13T00:00:00+00:00
[2025-02-13T07:18:31.568+0000] {processor.py:176} INFO - Processing /opt/airflow/dags/group_dag.py took 0.582 seconds
[2025-02-13T07:19:02.043+0000] {processor.py:154} INFO - Started process (PID=93) to work on /opt/airflow/dags/group_dag.py
[2025-02-13T07:19:02.046+0000] {processor.py:756} INFO - Processing file /opt/airflow/dags/group_dag.py for tasks to queue
[2025-02-13T07:19:02.047+0000] {logging_mixin.py:120} INFO - [2025-02-13T07:19:02.047+0000] {dagbag.py:537} INFO - Filling up the DagBag from /opt/airflow/dags/group_dag.py
[2025-02-13T07:19:02.154+0000] {processor.py:766} INFO - DAG(s) dict_keys(['group_dag']) retrieved from /opt/airflow/dags/group_dag.py
[2025-02-13T07:19:02.404+0000] {logging_mixin.py:120} INFO - [2025-02-13T07:19:02.404+0000] {dag.py:2585} INFO - Sync 1 DAGs
[2025-02-13T07:19:02.504+0000] {logging_mixin.py:120} INFO - [2025-02-13T07:19:02.504+0000] {dag.py:3340} INFO - Setting next_dagrun for group_dag to 2025-02-12T00:00:00+00:00, run_after=2025-02-13T00:00:00+00:00
[2025-02-13T07:19:02.575+0000] {processor.py:176} INFO - Processing /opt/airflow/dags/group_dag.py took 0.539 seconds
[2025-02-13T07:19:32.696+0000] {processor.py:154} INFO - Started process (PID=120) to work on /opt/airflow/dags/group_dag.py
[2025-02-13T07:19:32.701+0000] {processor.py:756} INFO - Processing file /opt/airflow/dags/group_dag.py for tasks to queue
[2025-02-13T07:19:32.703+0000] {logging_mixin.py:120} INFO - [2025-02-13T07:19:32.703+0000] {dagbag.py:537} INFO - Filling up the DagBag from /opt/airflow/dags/group_dag.py
[2025-02-13T07:19:32.747+0000] {processor.py:766} INFO - DAG(s) dict_keys(['group_dag']) retrieved from /opt/airflow/dags/group_dag.py
[2025-02-13T07:19:32.833+0000] {logging_mixin.py:120} INFO - [2025-02-13T07:19:32.832+0000] {dag.py:2585} INFO - Sync 1 DAGs
[2025-02-13T07:19:32.894+0000] {logging_mixin.py:120} INFO - [2025-02-13T07:19:32.893+0000] {dag.py:3340} INFO - Setting next_dagrun for group_dag to 2025-02-12T00:00:00+00:00, run_after=2025-02-13T00:00:00+00:00
[2025-02-13T07:19:32.939+0000] {processor.py:176} INFO - Processing /opt/airflow/dags/group_dag.py took 0.248 seconds
[2025-02-13T07:20:03.016+0000] {processor.py:154} INFO - Started process (PID=154) to work on /opt/airflow/dags/group_dag.py
[2025-02-13T07:20:03.020+0000] {processor.py:756} INFO - Processing file /opt/airflow/dags/group_dag.py for tasks to queue
[2025-02-13T07:20:03.023+0000] {logging_mixin.py:120} INFO - [2025-02-13T07:20:03.023+0000] {dagbag.py:537} INFO - Filling up the DagBag from /opt/airflow/dags/group_dag.py
[2025-02-13T07:20:03.142+0000] {processor.py:766} INFO - DAG(s) dict_keys(['group_dag']) retrieved from /opt/airflow/dags/group_dag.py
[2025-02-13T07:20:03.334+0000] {logging_mixin.py:120} INFO - [2025-02-13T07:20:03.333+0000] {dag.py:2585} INFO - Sync 1 DAGs
[2025-02-13T07:20:03.441+0000] {logging_mixin.py:120} INFO - [2025-02-13T07:20:03.441+0000] {dag.py:3340} INFO - Setting next_dagrun for group_dag to 2025-02-12T00:00:00+00:00, run_after=2025-02-13T00:00:00+00:00
[2025-02-13T07:20:03.512+0000] {processor.py:176} INFO - Processing /opt/airflow/dags/group_dag.py took 0.521 seconds
[2025-02-13T07:20:33.680+0000] {processor.py:154} INFO - Started process (PID=183) to work on /opt/airflow/dags/group_dag.py
[2025-02-13T07:20:33.681+0000] {processor.py:756} INFO - Processing file /opt/airflow/dags/group_dag.py for tasks to queue
[2025-02-13T07:20:33.683+0000] {logging_mixin.py:120} INFO - [2025-02-13T07:20:33.683+0000] {dagbag.py:537} INFO - Filling up the DagBag from /opt/airflow/dags/group_dag.py
[2025-02-13T07:20:33.722+0000] {processor.py:766} INFO - DAG(s) dict_keys(['group_dag']) retrieved from /opt/airflow/dags/group_dag.py
[2025-02-13T07:20:33.798+0000] {logging_mixin.py:120} INFO - [2025-02-13T07:20:33.798+0000] {dag.py:2585} INFO - Sync 1 DAGs
[2025-02-13T07:20:33.847+0000] {logging_mixin.py:120} INFO - [2025-02-13T07:20:33.847+0000] {dag.py:3340} INFO - Setting next_dagrun for group_dag to 2025-02-12T00:00:00+00:00, run_after=2025-02-13T00:00:00+00:00
[2025-02-13T07:20:33.878+0000] {processor.py:176} INFO - Processing /opt/airflow/dags/group_dag.py took 0.204 seconds
[2025-02-13T07:21:04.888+0000] {processor.py:154} INFO - Started process (PID=210) to work on /opt/airflow/dags/group_dag.py
[2025-02-13T07:21:04.892+0000] {processor.py:756} INFO - Processing file /opt/airflow/dags/group_dag.py for tasks to queue
[2025-02-13T07:21:04.912+0000] {logging_mixin.py:120} INFO - [2025-02-13T07:21:04.911+0000] {dagbag.py:537} INFO - Filling up the DagBag from /opt/airflow/dags/group_dag.py
[2025-02-13T07:21:05.146+0000] {processor.py:766} INFO - DAG(s) dict_keys(['group_dag']) retrieved from /opt/airflow/dags/group_dag.py
[2025-02-13T07:21:05.321+0000] {logging_mixin.py:120} INFO - [2025-02-13T07:21:05.321+0000] {dag.py:2585} INFO - Sync 1 DAGs
[2025-02-13T07:21:05.411+0000] {logging_mixin.py:120} INFO - [2025-02-13T07:21:05.411+0000] {dag.py:3340} INFO - Setting next_dagrun for group_dag to 2025-02-12T00:00:00+00:00, run_after=2025-02-13T00:00:00+00:00
[2025-02-13T07:21:05.542+0000] {processor.py:176} INFO - Processing /opt/airflow/dags/group_dag.py took 0.664 seconds
[2025-02-13T07:21:36.366+0000] {processor.py:154} INFO - Started process (PID=247) to work on /opt/airflow/dags/group_dag.py
[2025-02-13T07:21:36.368+0000] {processor.py:756} INFO - Processing file /opt/airflow/dags/group_dag.py for tasks to queue
[2025-02-13T07:21:36.369+0000] {logging_mixin.py:120} INFO - [2025-02-13T07:21:36.369+0000] {dagbag.py:537} INFO - Filling up the DagBag from /opt/airflow/dags/group_dag.py
[2025-02-13T07:21:36.414+0000] {processor.py:766} INFO - DAG(s) dict_keys(['group_dag']) retrieved from /opt/airflow/dags/group_dag.py
[2025-02-13T07:21:36.492+0000] {logging_mixin.py:120} INFO - [2025-02-13T07:21:36.491+0000] {dag.py:2585} INFO - Sync 1 DAGs
[2025-02-13T07:21:36.553+0000] {logging_mixin.py:120} INFO - [2025-02-13T07:21:36.552+0000] {dag.py:3340} INFO - Setting next_dagrun for group_dag to 2025-02-12T00:00:00+00:00, run_after=2025-02-13T00:00:00+00:00
[2025-02-13T07:21:36.595+0000] {processor.py:176} INFO - Processing /opt/airflow/dags/group_dag.py took 0.236 seconds
[2025-02-13T07:22:07.510+0000] {processor.py:154} INFO - Started process (PID=273) to work on /opt/airflow/dags/group_dag.py
[2025-02-13T07:22:07.512+0000] {processor.py:756} INFO - Processing file /opt/airflow/dags/group_dag.py for tasks to queue
[2025-02-13T07:22:07.514+0000] {logging_mixin.py:120} INFO - [2025-02-13T07:22:07.513+0000] {dagbag.py:537} INFO - Filling up the DagBag from /opt/airflow/dags/group_dag.py
[2025-02-13T07:22:07.569+0000] {processor.py:766} INFO - DAG(s) dict_keys(['group_dag']) retrieved from /opt/airflow/dags/group_dag.py
[2025-02-13T07:22:07.648+0000] {logging_mixin.py:120} INFO - [2025-02-13T07:22:07.648+0000] {dag.py:2585} INFO - Sync 1 DAGs
[2025-02-13T07:22:07.701+0000] {logging_mixin.py:120} INFO - [2025-02-13T07:22:07.700+0000] {dag.py:3340} INFO - Setting next_dagrun for group_dag to 2025-02-12T00:00:00+00:00, run_after=2025-02-13T00:00:00+00:00
[2025-02-13T07:22:07.743+0000] {processor.py:176} INFO - Processing /opt/airflow/dags/group_dag.py took 0.240 seconds
[2025-02-13T07:22:38.527+0000] {processor.py:154} INFO - Started process (PID=308) to work on /opt/airflow/dags/group_dag.py
[2025-02-13T07:22:38.529+0000] {processor.py:756} INFO - Processing file /opt/airflow/dags/group_dag.py for tasks to queue
[2025-02-13T07:22:38.532+0000] {logging_mixin.py:120} INFO - [2025-02-13T07:22:38.531+0000] {dagbag.py:537} INFO - Filling up the DagBag from /opt/airflow/dags/group_dag.py
[2025-02-13T07:22:38.591+0000] {processor.py:766} INFO - DAG(s) dict_keys(['group_dag']) retrieved from /opt/airflow/dags/group_dag.py
[2025-02-13T07:22:38.675+0000] {logging_mixin.py:120} INFO - [2025-02-13T07:22:38.675+0000] {dag.py:2585} INFO - Sync 1 DAGs
[2025-02-13T07:22:38.731+0000] {logging_mixin.py:120} INFO - [2025-02-13T07:22:38.731+0000] {dag.py:3340} INFO - Setting next_dagrun for group_dag to 2025-02-12T00:00:00+00:00, run_after=2025-02-13T00:00:00+00:00
[2025-02-13T07:22:38.772+0000] {processor.py:176} INFO - Processing /opt/airflow/dags/group_dag.py took 0.254 seconds
[2025-02-13T07:23:09.317+0000] {processor.py:154} INFO - Started process (PID=335) to work on /opt/airflow/dags/group_dag.py
[2025-02-13T07:23:09.319+0000] {processor.py:756} INFO - Processing file /opt/airflow/dags/group_dag.py for tasks to queue
[2025-02-13T07:23:09.320+0000] {logging_mixin.py:120} INFO - [2025-02-13T07:23:09.320+0000] {dagbag.py:537} INFO - Filling up the DagBag from /opt/airflow/dags/group_dag.py
[2025-02-13T07:23:09.366+0000] {processor.py:766} INFO - DAG(s) dict_keys(['group_dag']) retrieved from /opt/airflow/dags/group_dag.py
[2025-02-13T07:23:09.431+0000] {logging_mixin.py:120} INFO - [2025-02-13T07:23:09.431+0000] {dag.py:2585} INFO - Sync 1 DAGs
[2025-02-13T07:23:09.475+0000] {logging_mixin.py:120} INFO - [2025-02-13T07:23:09.475+0000] {dag.py:3340} INFO - Setting next_dagrun for group_dag to 2025-02-12T00:00:00+00:00, run_after=2025-02-13T00:00:00+00:00
[2025-02-13T07:23:09.510+0000] {processor.py:176} INFO - Processing /opt/airflow/dags/group_dag.py took 0.202 seconds
[2025-02-13T07:23:40.216+0000] {processor.py:154} INFO - Started process (PID=371) to work on /opt/airflow/dags/group_dag.py
[2025-02-13T07:23:40.227+0000] {processor.py:756} INFO - Processing file /opt/airflow/dags/group_dag.py for tasks to queue
[2025-02-13T07:23:40.232+0000] {logging_mixin.py:120} INFO - [2025-02-13T07:23:40.231+0000] {dagbag.py:537} INFO - Filling up the DagBag from /opt/airflow/dags/group_dag.py
[2025-02-13T07:23:40.418+0000] {processor.py:766} INFO - DAG(s) dict_keys(['group_dag']) retrieved from /opt/airflow/dags/group_dag.py
[2025-02-13T07:23:40.716+0000] {logging_mixin.py:120} INFO - [2025-02-13T07:23:40.716+0000] {dag.py:2585} INFO - Sync 1 DAGs
[2025-02-13T07:23:40.881+0000] {logging_mixin.py:120} INFO - [2025-02-13T07:23:40.881+0000] {dag.py:3340} INFO - Setting next_dagrun for group_dag to 2025-02-12T00:00:00+00:00, run_after=2025-02-13T00:00:00+00:00
[2025-02-13T07:23:40.938+0000] {processor.py:176} INFO - Processing /opt/airflow/dags/group_dag.py took 0.753 seconds
[2025-02-13T07:24:11.320+0000] {processor.py:154} INFO - Started process (PID=397) to work on /opt/airflow/dags/group_dag.py
[2025-02-13T07:24:11.322+0000] {processor.py:756} INFO - Processing file /opt/airflow/dags/group_dag.py for tasks to queue
[2025-02-13T07:24:11.323+0000] {logging_mixin.py:120} INFO - [2025-02-13T07:24:11.323+0000] {dagbag.py:537} INFO - Filling up the DagBag from /opt/airflow/dags/group_dag.py
[2025-02-13T07:24:11.363+0000] {processor.py:766} INFO - DAG(s) dict_keys(['group_dag']) retrieved from /opt/airflow/dags/group_dag.py
[2025-02-13T07:24:11.477+0000] {logging_mixin.py:120} INFO - [2025-02-13T07:24:11.476+0000] {dag.py:2585} INFO - Sync 1 DAGs
[2025-02-13T07:24:11.532+0000] {logging_mixin.py:120} INFO - [2025-02-13T07:24:11.532+0000] {dag.py:3340} INFO - Setting next_dagrun for group_dag to 2025-02-12T00:00:00+00:00, run_after=2025-02-13T00:00:00+00:00
[2025-02-13T07:24:11.572+0000] {processor.py:176} INFO - Processing /opt/airflow/dags/group_dag.py took 0.257 seconds
[2025-02-13T07:25:39.308+0000] {processor.py:154} INFO - Started process (PID=46) to work on /opt/airflow/dags/group_dag.py
[2025-02-13T07:25:39.310+0000] {processor.py:756} INFO - Processing file /opt/airflow/dags/group_dag.py for tasks to queue
[2025-02-13T07:25:39.313+0000] {logging_mixin.py:120} INFO - [2025-02-13T07:25:39.313+0000] {dagbag.py:537} INFO - Filling up the DagBag from /opt/airflow/dags/group_dag.py
[2025-02-13T07:25:39.436+0000] {processor.py:766} INFO - DAG(s) dict_keys(['group_dag']) retrieved from /opt/airflow/dags/group_dag.py
[2025-02-13T07:25:39.690+0000] {logging_mixin.py:120} INFO - [2025-02-13T07:25:39.689+0000] {dag.py:2585} INFO - Sync 1 DAGs
[2025-02-13T07:25:39.751+0000] {logging_mixin.py:120} INFO - [2025-02-13T07:25:39.751+0000] {dag.py:3340} INFO - Setting next_dagrun for group_dag to 2025-02-12T00:00:00+00:00, run_after=2025-02-13T00:00:00+00:00
[2025-02-13T07:25:39.815+0000] {processor.py:176} INFO - Processing /opt/airflow/dags/group_dag.py took 0.516 seconds
[2025-02-13T07:26:10.191+0000] {processor.py:154} INFO - Started process (PID=82) to work on /opt/airflow/dags/group_dag.py
[2025-02-13T07:26:10.193+0000] {processor.py:756} INFO - Processing file /opt/airflow/dags/group_dag.py for tasks to queue
[2025-02-13T07:26:10.194+0000] {logging_mixin.py:120} INFO - [2025-02-13T07:26:10.194+0000] {dagbag.py:537} INFO - Filling up the DagBag from /opt/airflow/dags/group_dag.py
[2025-02-13T07:26:10.241+0000] {processor.py:766} INFO - DAG(s) dict_keys(['group_dag']) retrieved from /opt/airflow/dags/group_dag.py
[2025-02-13T07:26:10.314+0000] {logging_mixin.py:120} INFO - [2025-02-13T07:26:10.314+0000] {dag.py:2585} INFO - Sync 1 DAGs
[2025-02-13T07:26:10.375+0000] {logging_mixin.py:120} INFO - [2025-02-13T07:26:10.374+0000] {dag.py:3340} INFO - Setting next_dagrun for group_dag to 2025-02-12T00:00:00+00:00, run_after=2025-02-13T00:00:00+00:00
[2025-02-13T07:26:10.412+0000] {processor.py:176} INFO - Processing /opt/airflow/dags/group_dag.py took 0.229 seconds
[2025-02-13T07:26:41.044+0000] {processor.py:154} INFO - Started process (PID=108) to work on /opt/airflow/dags/group_dag.py
[2025-02-13T07:26:41.048+0000] {processor.py:756} INFO - Processing file /opt/airflow/dags/group_dag.py for tasks to queue
[2025-02-13T07:26:41.051+0000] {logging_mixin.py:120} INFO - [2025-02-13T07:26:41.050+0000] {dagbag.py:537} INFO - Filling up the DagBag from /opt/airflow/dags/group_dag.py
[2025-02-13T07:26:41.099+0000] {processor.py:766} INFO - DAG(s) dict_keys(['group_dag']) retrieved from /opt/airflow/dags/group_dag.py
[2025-02-13T07:26:41.184+0000] {logging_mixin.py:120} INFO - [2025-02-13T07:26:41.184+0000] {dag.py:2585} INFO - Sync 1 DAGs
[2025-02-13T07:26:41.237+0000] {logging_mixin.py:120} INFO - [2025-02-13T07:26:41.237+0000] {dag.py:3340} INFO - Setting next_dagrun for group_dag to 2025-02-12T00:00:00+00:00, run_after=2025-02-13T00:00:00+00:00
[2025-02-13T07:26:41.270+0000] {processor.py:176} INFO - Processing /opt/airflow/dags/group_dag.py took 0.234 seconds
[2025-02-13T07:27:11.926+0000] {processor.py:154} INFO - Started process (PID=144) to work on /opt/airflow/dags/group_dag.py
[2025-02-13T07:27:11.929+0000] {processor.py:756} INFO - Processing file /opt/airflow/dags/group_dag.py for tasks to queue
[2025-02-13T07:27:11.930+0000] {logging_mixin.py:120} INFO - [2025-02-13T07:27:11.930+0000] {dagbag.py:537} INFO - Filling up the DagBag from /opt/airflow/dags/group_dag.py
[2025-02-13T07:27:11.979+0000] {processor.py:766} INFO - DAG(s) dict_keys(['group_dag']) retrieved from /opt/airflow/dags/group_dag.py
[2025-02-13T07:27:12.051+0000] {logging_mixin.py:120} INFO - [2025-02-13T07:27:12.051+0000] {dag.py:2585} INFO - Sync 1 DAGs
[2025-02-13T07:27:12.100+0000] {logging_mixin.py:120} INFO - [2025-02-13T07:27:12.100+0000] {dag.py:3340} INFO - Setting next_dagrun for group_dag to 2025-02-12T00:00:00+00:00, run_after=2025-02-13T00:00:00+00:00
[2025-02-13T07:27:12.135+0000] {processor.py:176} INFO - Processing /opt/airflow/dags/group_dag.py took 0.215 seconds
[2025-02-13T07:27:42.815+0000] {processor.py:154} INFO - Started process (PID=178) to work on /opt/airflow/dags/group_dag.py
[2025-02-13T07:27:42.817+0000] {processor.py:756} INFO - Processing file /opt/airflow/dags/group_dag.py for tasks to queue
[2025-02-13T07:27:42.819+0000] {logging_mixin.py:120} INFO - [2025-02-13T07:27:42.819+0000] {dagbag.py:537} INFO - Filling up the DagBag from /opt/airflow/dags/group_dag.py
[2025-02-13T07:27:42.871+0000] {processor.py:766} INFO - DAG(s) dict_keys(['group_dag']) retrieved from /opt/airflow/dags/group_dag.py
[2025-02-13T07:27:42.951+0000] {logging_mixin.py:120} INFO - [2025-02-13T07:27:42.950+0000] {dag.py:2585} INFO - Sync 1 DAGs
[2025-02-13T07:27:43.002+0000] {logging_mixin.py:120} INFO - [2025-02-13T07:27:43.002+0000] {dag.py:3340} INFO - Setting next_dagrun for group_dag to 2025-02-12T00:00:00+00:00, run_after=2025-02-13T00:00:00+00:00
[2025-02-13T07:27:43.040+0000] {processor.py:176} INFO - Processing /opt/airflow/dags/group_dag.py took 0.232 seconds
[2025-02-13T07:28:13.659+0000] {processor.py:154} INFO - Started process (PID=208) to work on /opt/airflow/dags/group_dag.py
[2025-02-13T07:28:13.661+0000] {processor.py:756} INFO - Processing file /opt/airflow/dags/group_dag.py for tasks to queue
[2025-02-13T07:28:13.664+0000] {logging_mixin.py:120} INFO - [2025-02-13T07:28:13.664+0000] {dagbag.py:537} INFO - Filling up the DagBag from /opt/airflow/dags/group_dag.py
[2025-02-13T07:28:13.713+0000] {processor.py:766} INFO - DAG(s) dict_keys(['group_dag']) retrieved from /opt/airflow/dags/group_dag.py
[2025-02-13T07:28:13.795+0000] {logging_mixin.py:120} INFO - [2025-02-13T07:28:13.795+0000] {dag.py:2585} INFO - Sync 1 DAGs
[2025-02-13T07:28:13.840+0000] {logging_mixin.py:120} INFO - [2025-02-13T07:28:13.839+0000] {dag.py:3340} INFO - Setting next_dagrun for group_dag to 2025-02-12T00:00:00+00:00, run_after=2025-02-13T00:00:00+00:00
[2025-02-13T07:28:13.873+0000] {processor.py:176} INFO - Processing /opt/airflow/dags/group_dag.py took 0.221 seconds
[2025-02-13T07:28:44.550+0000] {processor.py:154} INFO - Started process (PID=243) to work on /opt/airflow/dags/group_dag.py
[2025-02-13T07:28:44.552+0000] {processor.py:756} INFO - Processing file /opt/airflow/dags/group_dag.py for tasks to queue
[2025-02-13T07:28:44.553+0000] {logging_mixin.py:120} INFO - [2025-02-13T07:28:44.553+0000] {dagbag.py:537} INFO - Filling up the DagBag from /opt/airflow/dags/group_dag.py
[2025-02-13T07:28:44.611+0000] {processor.py:766} INFO - DAG(s) dict_keys(['group_dag']) retrieved from /opt/airflow/dags/group_dag.py
[2025-02-13T07:28:44.713+0000] {logging_mixin.py:120} INFO - [2025-02-13T07:28:44.713+0000] {dag.py:2585} INFO - Sync 1 DAGs
[2025-02-13T07:28:44.792+0000] {logging_mixin.py:120} INFO - [2025-02-13T07:28:44.792+0000] {dag.py:3340} INFO - Setting next_dagrun for group_dag to 2025-02-12T00:00:00+00:00, run_after=2025-02-13T00:00:00+00:00
[2025-02-13T07:28:44.849+0000] {processor.py:176} INFO - Processing /opt/airflow/dags/group_dag.py took 0.306 seconds
[2025-02-13T07:29:15.395+0000] {processor.py:154} INFO - Started process (PID=270) to work on /opt/airflow/dags/group_dag.py
[2025-02-13T07:29:15.397+0000] {processor.py:756} INFO - Processing file /opt/airflow/dags/group_dag.py for tasks to queue
[2025-02-13T07:29:15.399+0000] {logging_mixin.py:120} INFO - [2025-02-13T07:29:15.398+0000] {dagbag.py:537} INFO - Filling up the DagBag from /opt/airflow/dags/group_dag.py
[2025-02-13T07:29:15.443+0000] {processor.py:766} INFO - DAG(s) dict_keys(['group_dag']) retrieved from /opt/airflow/dags/group_dag.py
[2025-02-13T07:29:15.520+0000] {logging_mixin.py:120} INFO - [2025-02-13T07:29:15.520+0000] {dag.py:2585} INFO - Sync 1 DAGs
[2025-02-13T07:29:15.574+0000] {logging_mixin.py:120} INFO - [2025-02-13T07:29:15.574+0000] {dag.py:3340} INFO - Setting next_dagrun for group_dag to 2025-02-12T00:00:00+00:00, run_after=2025-02-13T00:00:00+00:00
[2025-02-13T07:29:15.616+0000] {processor.py:176} INFO - Processing /opt/airflow/dags/group_dag.py took 0.228 seconds
[2025-02-13T07:29:46.460+0000] {processor.py:154} INFO - Started process (PID=296) to work on /opt/airflow/dags/group_dag.py
[2025-02-13T07:29:46.462+0000] {processor.py:756} INFO - Processing file /opt/airflow/dags/group_dag.py for tasks to queue
[2025-02-13T07:29:46.463+0000] {logging_mixin.py:120} INFO - [2025-02-13T07:29:46.463+0000] {dagbag.py:537} INFO - Filling up the DagBag from /opt/airflow/dags/group_dag.py
[2025-02-13T07:29:46.512+0000] {processor.py:766} INFO - DAG(s) dict_keys(['group_dag']) retrieved from /opt/airflow/dags/group_dag.py
[2025-02-13T07:29:46.600+0000] {logging_mixin.py:120} INFO - [2025-02-13T07:29:46.600+0000] {dag.py:2585} INFO - Sync 1 DAGs
[2025-02-13T07:29:46.675+0000] {logging_mixin.py:120} INFO - [2025-02-13T07:29:46.674+0000] {dag.py:3340} INFO - Setting next_dagrun for group_dag to 2025-02-12T00:00:00+00:00, run_after=2025-02-13T00:00:00+00:00
[2025-02-13T07:29:46.711+0000] {processor.py:176} INFO - Processing /opt/airflow/dags/group_dag.py took 0.257 seconds
[2025-02-13T07:30:16.995+0000] {processor.py:154} INFO - Started process (PID=331) to work on /opt/airflow/dags/group_dag.py
[2025-02-13T07:30:17.024+0000] {processor.py:756} INFO - Processing file /opt/airflow/dags/group_dag.py for tasks to queue
[2025-02-13T07:30:17.027+0000] {logging_mixin.py:120} INFO - [2025-02-13T07:30:17.027+0000] {dagbag.py:537} INFO - Filling up the DagBag from /opt/airflow/dags/group_dag.py
[2025-02-13T07:30:17.085+0000] {processor.py:766} INFO - DAG(s) dict_keys(['group_dag']) retrieved from /opt/airflow/dags/group_dag.py
[2025-02-13T07:30:17.158+0000] {logging_mixin.py:120} INFO - [2025-02-13T07:30:17.158+0000] {dag.py:2585} INFO - Sync 1 DAGs
[2025-02-13T07:30:17.214+0000] {logging_mixin.py:120} INFO - [2025-02-13T07:30:17.214+0000] {dag.py:3340} INFO - Setting next_dagrun for group_dag to 2025-02-12T00:00:00+00:00, run_after=2025-02-13T00:00:00+00:00
[2025-02-13T07:30:17.249+0000] {processor.py:176} INFO - Processing /opt/airflow/dags/group_dag.py took 0.325 seconds
[2025-02-13T07:30:47.602+0000] {processor.py:154} INFO - Started process (PID=358) to work on /opt/airflow/dags/group_dag.py
[2025-02-13T07:30:47.604+0000] {processor.py:756} INFO - Processing file /opt/airflow/dags/group_dag.py for tasks to queue
[2025-02-13T07:30:47.606+0000] {logging_mixin.py:120} INFO - [2025-02-13T07:30:47.605+0000] {dagbag.py:537} INFO - Filling up the DagBag from /opt/airflow/dags/group_dag.py
[2025-02-13T07:30:47.657+0000] {processor.py:766} INFO - DAG(s) dict_keys(['group_dag']) retrieved from /opt/airflow/dags/group_dag.py
[2025-02-13T07:30:47.782+0000] {logging_mixin.py:120} INFO - [2025-02-13T07:30:47.782+0000] {dag.py:2585} INFO - Sync 1 DAGs
[2025-02-13T07:30:47.855+0000] {logging_mixin.py:120} INFO - [2025-02-13T07:30:47.854+0000] {dag.py:3340} INFO - Setting next_dagrun for group_dag to 2025-02-12T00:00:00+00:00, run_after=2025-02-13T00:00:00+00:00
[2025-02-13T07:30:47.889+0000] {processor.py:176} INFO - Processing /opt/airflow/dags/group_dag.py took 0.296 seconds
[2025-02-13T07:31:17.951+0000] {processor.py:154} INFO - Started process (PID=393) to work on /opt/airflow/dags/group_dag.py
[2025-02-13T07:31:17.952+0000] {processor.py:756} INFO - Processing file /opt/airflow/dags/group_dag.py for tasks to queue
[2025-02-13T07:31:17.953+0000] {logging_mixin.py:120} INFO - [2025-02-13T07:31:17.953+0000] {dagbag.py:537} INFO - Filling up the DagBag from /opt/airflow/dags/group_dag.py
[2025-02-13T07:31:17.996+0000] {processor.py:766} INFO - DAG(s) dict_keys(['group_dag']) retrieved from /opt/airflow/dags/group_dag.py
[2025-02-13T07:31:18.064+0000] {logging_mixin.py:120} INFO - [2025-02-13T07:31:18.064+0000] {dag.py:2585} INFO - Sync 1 DAGs
[2025-02-13T07:31:18.110+0000] {logging_mixin.py:120} INFO - [2025-02-13T07:31:18.109+0000] {dag.py:3340} INFO - Setting next_dagrun for group_dag to 2025-02-12T00:00:00+00:00, run_after=2025-02-13T00:00:00+00:00
[2025-02-13T07:31:18.140+0000] {processor.py:176} INFO - Processing /opt/airflow/dags/group_dag.py took 0.195 seconds
[2025-02-13T07:31:49.039+0000] {processor.py:154} INFO - Started process (PID=419) to work on /opt/airflow/dags/group_dag.py
[2025-02-13T07:31:49.040+0000] {processor.py:756} INFO - Processing file /opt/airflow/dags/group_dag.py for tasks to queue
[2025-02-13T07:31:49.042+0000] {logging_mixin.py:120} INFO - [2025-02-13T07:31:49.041+0000] {dagbag.py:537} INFO - Filling up the DagBag from /opt/airflow/dags/group_dag.py
[2025-02-13T07:31:49.083+0000] {processor.py:766} INFO - DAG(s) dict_keys(['group_dag']) retrieved from /opt/airflow/dags/group_dag.py
[2025-02-13T07:31:49.149+0000] {logging_mixin.py:120} INFO - [2025-02-13T07:31:49.148+0000] {dag.py:2585} INFO - Sync 1 DAGs
[2025-02-13T07:31:49.192+0000] {logging_mixin.py:120} INFO - [2025-02-13T07:31:49.192+0000] {dag.py:3340} INFO - Setting next_dagrun for group_dag to 2025-02-12T00:00:00+00:00, run_after=2025-02-13T00:00:00+00:00
[2025-02-13T07:31:49.223+0000] {processor.py:176} INFO - Processing /opt/airflow/dags/group_dag.py took 0.189 seconds
[2025-02-13T07:32:20.047+0000] {processor.py:154} INFO - Started process (PID=455) to work on /opt/airflow/dags/group_dag.py
[2025-02-13T07:32:20.048+0000] {processor.py:756} INFO - Processing file /opt/airflow/dags/group_dag.py for tasks to queue
[2025-02-13T07:32:20.050+0000] {logging_mixin.py:120} INFO - [2025-02-13T07:32:20.049+0000] {dagbag.py:537} INFO - Filling up the DagBag from /opt/airflow/dags/group_dag.py
[2025-02-13T07:32:20.098+0000] {processor.py:766} INFO - DAG(s) dict_keys(['group_dag']) retrieved from /opt/airflow/dags/group_dag.py
[2025-02-13T07:32:20.163+0000] {logging_mixin.py:120} INFO - [2025-02-13T07:32:20.163+0000] {dag.py:2585} INFO - Sync 1 DAGs
[2025-02-13T07:32:20.209+0000] {logging_mixin.py:120} INFO - [2025-02-13T07:32:20.209+0000] {dag.py:3340} INFO - Setting next_dagrun for group_dag to 2025-02-12T00:00:00+00:00, run_after=2025-02-13T00:00:00+00:00
[2025-02-13T07:32:20.239+0000] {processor.py:176} INFO - Processing /opt/airflow/dags/group_dag.py took 0.198 seconds
[2025-02-13T07:32:50.921+0000] {processor.py:154} INFO - Started process (PID=482) to work on /opt/airflow/dags/group_dag.py
[2025-02-13T07:32:50.922+0000] {processor.py:756} INFO - Processing file /opt/airflow/dags/group_dag.py for tasks to queue
[2025-02-13T07:32:50.924+0000] {logging_mixin.py:120} INFO - [2025-02-13T07:32:50.923+0000] {dagbag.py:537} INFO - Filling up the DagBag from /opt/airflow/dags/group_dag.py
[2025-02-13T07:32:50.970+0000] {processor.py:766} INFO - DAG(s) dict_keys(['group_dag']) retrieved from /opt/airflow/dags/group_dag.py
[2025-02-13T07:32:51.038+0000] {logging_mixin.py:120} INFO - [2025-02-13T07:32:51.038+0000] {dag.py:2585} INFO - Sync 1 DAGs
[2025-02-13T07:32:51.107+0000] {logging_mixin.py:120} INFO - [2025-02-13T07:32:51.107+0000] {dag.py:3340} INFO - Setting next_dagrun for group_dag to 2025-02-12T00:00:00+00:00, run_after=2025-02-13T00:00:00+00:00
[2025-02-13T07:32:51.351+0000] {processor.py:176} INFO - Processing /opt/airflow/dags/group_dag.py took 0.436 seconds
[2025-02-13T07:33:21.958+0000] {processor.py:154} INFO - Started process (PID=517) to work on /opt/airflow/dags/group_dag.py
[2025-02-13T07:33:21.959+0000] {processor.py:756} INFO - Processing file /opt/airflow/dags/group_dag.py for tasks to queue
[2025-02-13T07:33:21.961+0000] {logging_mixin.py:120} INFO - [2025-02-13T07:33:21.961+0000] {dagbag.py:537} INFO - Filling up the DagBag from /opt/airflow/dags/group_dag.py
[2025-02-13T07:33:22.007+0000] {processor.py:766} INFO - DAG(s) dict_keys(['group_dag']) retrieved from /opt/airflow/dags/group_dag.py
[2025-02-13T07:33:22.076+0000] {logging_mixin.py:120} INFO - [2025-02-13T07:33:22.076+0000] {dag.py:2585} INFO - Sync 1 DAGs
[2025-02-13T07:33:22.122+0000] {logging_mixin.py:120} INFO - [2025-02-13T07:33:22.122+0000] {dag.py:3340} INFO - Setting next_dagrun for group_dag to 2025-02-12T00:00:00+00:00, run_after=2025-02-13T00:00:00+00:00
[2025-02-13T07:33:22.151+0000] {processor.py:176} INFO - Processing /opt/airflow/dags/group_dag.py took 0.199 seconds
[2025-02-13T07:33:52.277+0000] {processor.py:154} INFO - Started process (PID=551) to work on /opt/airflow/dags/group_dag.py
[2025-02-13T07:33:52.280+0000] {processor.py:756} INFO - Processing file /opt/airflow/dags/group_dag.py for tasks to queue
[2025-02-13T07:33:52.282+0000] {logging_mixin.py:120} INFO - [2025-02-13T07:33:52.282+0000] {dagbag.py:537} INFO - Filling up the DagBag from /opt/airflow/dags/group_dag.py
[2025-02-13T07:33:52.331+0000] {processor.py:766} INFO - DAG(s) dict_keys(['group_dag']) retrieved from /opt/airflow/dags/group_dag.py
[2025-02-13T07:33:52.402+0000] {logging_mixin.py:120} INFO - [2025-02-13T07:33:52.402+0000] {dag.py:2585} INFO - Sync 1 DAGs
[2025-02-13T07:33:52.457+0000] {logging_mixin.py:120} INFO - [2025-02-13T07:33:52.457+0000] {dag.py:3340} INFO - Setting next_dagrun for group_dag to 2025-02-12T00:00:00+00:00, run_after=2025-02-13T00:00:00+00:00
[2025-02-13T07:33:52.494+0000] {processor.py:176} INFO - Processing /opt/airflow/dags/group_dag.py took 0.224 seconds
[2025-02-13T07:34:23.286+0000] {processor.py:154} INFO - Started process (PID=587) to work on /opt/airflow/dags/group_dag.py
[2025-02-13T07:34:23.287+0000] {processor.py:756} INFO - Processing file /opt/airflow/dags/group_dag.py for tasks to queue
[2025-02-13T07:34:23.289+0000] {logging_mixin.py:120} INFO - [2025-02-13T07:34:23.288+0000] {dagbag.py:537} INFO - Filling up the DagBag from /opt/airflow/dags/group_dag.py
[2025-02-13T07:34:23.412+0000] {processor.py:766} INFO - DAG(s) dict_keys(['group_dag']) retrieved from /opt/airflow/dags/group_dag.py
[2025-02-13T07:34:23.666+0000] {logging_mixin.py:120} INFO - [2025-02-13T07:34:23.666+0000] {dag.py:2585} INFO - Sync 1 DAGs
[2025-02-13T07:34:23.724+0000] {logging_mixin.py:120} INFO - [2025-02-13T07:34:23.724+0000] {dag.py:3340} INFO - Setting next_dagrun for group_dag to 2025-02-12T00:00:00+00:00, run_after=2025-02-13T00:00:00+00:00
[2025-02-13T07:34:23.754+0000] {processor.py:176} INFO - Processing /opt/airflow/dags/group_dag.py took 0.473 seconds
[2025-02-13T07:34:53.892+0000] {processor.py:154} INFO - Started process (PID=613) to work on /opt/airflow/dags/group_dag.py
[2025-02-13T07:34:53.893+0000] {processor.py:756} INFO - Processing file /opt/airflow/dags/group_dag.py for tasks to queue
[2025-02-13T07:34:53.895+0000] {logging_mixin.py:120} INFO - [2025-02-13T07:34:53.895+0000] {dagbag.py:537} INFO - Filling up the DagBag from /opt/airflow/dags/group_dag.py
[2025-02-13T07:34:53.939+0000] {processor.py:766} INFO - DAG(s) dict_keys(['group_dag']) retrieved from /opt/airflow/dags/group_dag.py
[2025-02-13T07:34:54.012+0000] {logging_mixin.py:120} INFO - [2025-02-13T07:34:54.011+0000] {dag.py:2585} INFO - Sync 1 DAGs
[2025-02-13T07:34:54.062+0000] {logging_mixin.py:120} INFO - [2025-02-13T07:34:54.062+0000] {dag.py:3340} INFO - Setting next_dagrun for group_dag to 2025-02-12T00:00:00+00:00, run_after=2025-02-13T00:00:00+00:00
[2025-02-13T07:34:54.096+0000] {processor.py:176} INFO - Processing /opt/airflow/dags/group_dag.py took 0.209 seconds
[2025-02-13T07:35:24.442+0000] {processor.py:154} INFO - Started process (PID=653) to work on /opt/airflow/dags/group_dag.py
[2025-02-13T07:35:24.443+0000] {processor.py:756} INFO - Processing file /opt/airflow/dags/group_dag.py for tasks to queue
[2025-02-13T07:35:24.445+0000] {logging_mixin.py:120} INFO - [2025-02-13T07:35:24.445+0000] {dagbag.py:537} INFO - Filling up the DagBag from /opt/airflow/dags/group_dag.py
[2025-02-13T07:35:24.486+0000] {processor.py:766} INFO - DAG(s) dict_keys(['group_dag']) retrieved from /opt/airflow/dags/group_dag.py
[2025-02-13T07:35:24.557+0000] {logging_mixin.py:120} INFO - [2025-02-13T07:35:24.556+0000] {dag.py:2585} INFO - Sync 1 DAGs
[2025-02-13T07:35:24.626+0000] {logging_mixin.py:120} INFO - [2025-02-13T07:35:24.626+0000] {dag.py:3340} INFO - Setting next_dagrun for group_dag to 2025-02-12T00:00:00+00:00, run_after=2025-02-13T00:00:00+00:00
[2025-02-13T07:35:24.662+0000] {processor.py:176} INFO - Processing /opt/airflow/dags/group_dag.py took 0.225 seconds
[2025-02-13T07:35:54.698+0000] {processor.py:154} INFO - Started process (PID=680) to work on /opt/airflow/dags/group_dag.py
[2025-02-13T07:35:54.700+0000] {processor.py:756} INFO - Processing file /opt/airflow/dags/group_dag.py for tasks to queue
[2025-02-13T07:35:54.701+0000] {logging_mixin.py:120} INFO - [2025-02-13T07:35:54.701+0000] {dagbag.py:537} INFO - Filling up the DagBag from /opt/airflow/dags/group_dag.py
[2025-02-13T07:35:54.746+0000] {processor.py:766} INFO - DAG(s) dict_keys(['group_dag']) retrieved from /opt/airflow/dags/group_dag.py
[2025-02-13T07:35:54.838+0000] {logging_mixin.py:120} INFO - [2025-02-13T07:35:54.838+0000] {dag.py:2585} INFO - Sync 1 DAGs
[2025-02-13T07:35:54.905+0000] {logging_mixin.py:120} INFO - [2025-02-13T07:35:54.904+0000] {dag.py:3340} INFO - Setting next_dagrun for group_dag to 2025-02-12T00:00:00+00:00, run_after=2025-02-13T00:00:00+00:00
[2025-02-13T07:35:54.947+0000] {processor.py:176} INFO - Processing /opt/airflow/dags/group_dag.py took 0.255 seconds
[2025-02-13T07:36:25.344+0000] {processor.py:154} INFO - Started process (PID=716) to work on /opt/airflow/dags/group_dag.py
[2025-02-13T07:36:25.346+0000] {processor.py:756} INFO - Processing file /opt/airflow/dags/group_dag.py for tasks to queue
[2025-02-13T07:36:25.353+0000] {logging_mixin.py:120} INFO - [2025-02-13T07:36:25.353+0000] {dagbag.py:537} INFO - Filling up the DagBag from /opt/airflow/dags/group_dag.py
[2025-02-13T07:36:25.534+0000] {processor.py:766} INFO - DAG(s) dict_keys(['group_dag']) retrieved from /opt/airflow/dags/group_dag.py
[2025-02-13T07:36:25.669+0000] {logging_mixin.py:120} INFO - [2025-02-13T07:36:25.668+0000] {dag.py:2585} INFO - Sync 1 DAGs
[2025-02-13T07:36:25.747+0000] {logging_mixin.py:120} INFO - [2025-02-13T07:36:25.747+0000] {dag.py:3340} INFO - Setting next_dagrun for group_dag to 2025-02-12T00:00:00+00:00, run_after=2025-02-13T00:00:00+00:00
[2025-02-13T07:36:25.813+0000] {processor.py:176} INFO - Processing /opt/airflow/dags/group_dag.py took 0.502 seconds
[2025-02-13T07:36:56.117+0000] {processor.py:154} INFO - Started process (PID=743) to work on /opt/airflow/dags/group_dag.py
[2025-02-13T07:36:56.119+0000] {processor.py:756} INFO - Processing file /opt/airflow/dags/group_dag.py for tasks to queue
[2025-02-13T07:36:56.121+0000] {logging_mixin.py:120} INFO - [2025-02-13T07:36:56.120+0000] {dagbag.py:537} INFO - Filling up the DagBag from /opt/airflow/dags/group_dag.py
[2025-02-13T07:36:56.180+0000] {processor.py:766} INFO - DAG(s) dict_keys(['group_dag']) retrieved from /opt/airflow/dags/group_dag.py
[2025-02-13T07:36:56.265+0000] {logging_mixin.py:120} INFO - [2025-02-13T07:36:56.265+0000] {dag.py:2585} INFO - Sync 1 DAGs
[2025-02-13T07:36:56.313+0000] {logging_mixin.py:120} INFO - [2025-02-13T07:36:56.312+0000] {dag.py:3340} INFO - Setting next_dagrun for group_dag to 2025-02-12T00:00:00+00:00, run_after=2025-02-13T00:00:00+00:00
[2025-02-13T07:36:56.355+0000] {processor.py:176} INFO - Processing /opt/airflow/dags/group_dag.py took 0.251 seconds
[2025-02-13T07:37:27.143+0000] {processor.py:154} INFO - Started process (PID=778) to work on /opt/airflow/dags/group_dag.py
[2025-02-13T07:37:27.145+0000] {processor.py:756} INFO - Processing file /opt/airflow/dags/group_dag.py for tasks to queue
[2025-02-13T07:37:27.147+0000] {logging_mixin.py:120} INFO - [2025-02-13T07:37:27.146+0000] {dagbag.py:537} INFO - Filling up the DagBag from /opt/airflow/dags/group_dag.py
[2025-02-13T07:37:27.190+0000] {processor.py:766} INFO - DAG(s) dict_keys(['group_dag']) retrieved from /opt/airflow/dags/group_dag.py
[2025-02-13T07:37:27.268+0000] {logging_mixin.py:120} INFO - [2025-02-13T07:37:27.267+0000] {dag.py:2585} INFO - Sync 1 DAGs
[2025-02-13T07:37:27.324+0000] {logging_mixin.py:120} INFO - [2025-02-13T07:37:27.324+0000] {dag.py:3340} INFO - Setting next_dagrun for group_dag to 2025-02-12T00:00:00+00:00, run_after=2025-02-13T00:00:00+00:00
[2025-02-13T07:37:27.362+0000] {processor.py:176} INFO - Processing /opt/airflow/dags/group_dag.py took 0.226 seconds
[2025-02-13T07:37:58.060+0000] {processor.py:154} INFO - Started process (PID=803) to work on /opt/airflow/dags/group_dag.py
[2025-02-13T07:37:58.061+0000] {processor.py:756} INFO - Processing file /opt/airflow/dags/group_dag.py for tasks to queue
[2025-02-13T07:37:58.062+0000] {logging_mixin.py:120} INFO - [2025-02-13T07:37:58.062+0000] {dagbag.py:537} INFO - Filling up the DagBag from /opt/airflow/dags/group_dag.py
[2025-02-13T07:37:58.104+0000] {processor.py:766} INFO - DAG(s) dict_keys(['group_dag']) retrieved from /opt/airflow/dags/group_dag.py
[2025-02-13T07:37:58.178+0000] {logging_mixin.py:120} INFO - [2025-02-13T07:37:58.178+0000] {dag.py:2585} INFO - Sync 1 DAGs
[2025-02-13T07:37:58.229+0000] {logging_mixin.py:120} INFO - [2025-02-13T07:37:58.229+0000] {dag.py:3340} INFO - Setting next_dagrun for group_dag to 2025-02-12T00:00:00+00:00, run_after=2025-02-13T00:00:00+00:00
[2025-02-13T07:37:58.264+0000] {processor.py:176} INFO - Processing /opt/airflow/dags/group_dag.py took 0.211 seconds
[2025-02-13T07:38:29.185+0000] {processor.py:154} INFO - Started process (PID=845) to work on /opt/airflow/dags/group_dag.py
[2025-02-13T07:38:29.186+0000] {processor.py:756} INFO - Processing file /opt/airflow/dags/group_dag.py for tasks to queue
[2025-02-13T07:38:29.188+0000] {logging_mixin.py:120} INFO - [2025-02-13T07:38:29.187+0000] {dagbag.py:537} INFO - Filling up the DagBag from /opt/airflow/dags/group_dag.py
[2025-02-13T07:38:29.226+0000] {processor.py:766} INFO - DAG(s) dict_keys(['group_dag']) retrieved from /opt/airflow/dags/group_dag.py
[2025-02-13T07:38:29.293+0000] {logging_mixin.py:120} INFO - [2025-02-13T07:38:29.293+0000] {dag.py:2585} INFO - Sync 1 DAGs
[2025-02-13T07:38:29.339+0000] {logging_mixin.py:120} INFO - [2025-02-13T07:38:29.339+0000] {dag.py:3340} INFO - Setting next_dagrun for group_dag to 2025-02-12T00:00:00+00:00, run_after=2025-02-13T00:00:00+00:00
[2025-02-13T07:38:29.375+0000] {processor.py:176} INFO - Processing /opt/airflow/dags/group_dag.py took 0.195 seconds
[2025-02-13T07:39:00.296+0000] {processor.py:154} INFO - Started process (PID=873) to work on /opt/airflow/dags/group_dag.py
[2025-02-13T07:39:00.297+0000] {processor.py:756} INFO - Processing file /opt/airflow/dags/group_dag.py for tasks to queue
[2025-02-13T07:39:00.298+0000] {logging_mixin.py:120} INFO - [2025-02-13T07:39:00.298+0000] {dagbag.py:537} INFO - Filling up the DagBag from /opt/airflow/dags/group_dag.py
[2025-02-13T07:39:00.344+0000] {processor.py:766} INFO - DAG(s) dict_keys(['group_dag']) retrieved from /opt/airflow/dags/group_dag.py
[2025-02-13T07:39:00.428+0000] {logging_mixin.py:120} INFO - [2025-02-13T07:39:00.428+0000] {dag.py:2585} INFO - Sync 1 DAGs
[2025-02-13T07:39:00.480+0000] {logging_mixin.py:120} INFO - [2025-02-13T07:39:00.480+0000] {dag.py:3340} INFO - Setting next_dagrun for group_dag to 2025-02-12T00:00:00+00:00, run_after=2025-02-13T00:00:00+00:00
[2025-02-13T07:39:00.521+0000] {processor.py:176} INFO - Processing /opt/airflow/dags/group_dag.py took 0.235 seconds
[2025-02-13T07:39:30.652+0000] {processor.py:154} INFO - Started process (PID=907) to work on /opt/airflow/dags/group_dag.py
[2025-02-13T07:39:30.655+0000] {processor.py:756} INFO - Processing file /opt/airflow/dags/group_dag.py for tasks to queue
[2025-02-13T07:39:30.657+0000] {logging_mixin.py:120} INFO - [2025-02-13T07:39:30.657+0000] {dagbag.py:537} INFO - Filling up the DagBag from /opt/airflow/dags/group_dag.py
[2025-02-13T07:39:30.700+0000] {processor.py:766} INFO - DAG(s) dict_keys(['group_dag']) retrieved from /opt/airflow/dags/group_dag.py
[2025-02-13T07:39:30.778+0000] {logging_mixin.py:120} INFO - [2025-02-13T07:39:30.778+0000] {dag.py:2585} INFO - Sync 1 DAGs
[2025-02-13T07:39:30.835+0000] {logging_mixin.py:120} INFO - [2025-02-13T07:39:30.834+0000] {dag.py:3340} INFO - Setting next_dagrun for group_dag to 2025-02-12T00:00:00+00:00, run_after=2025-02-13T00:00:00+00:00
[2025-02-13T07:39:30.875+0000] {processor.py:176} INFO - Processing /opt/airflow/dags/group_dag.py took 0.229 seconds
[2025-02-13T07:40:01.620+0000] {processor.py:154} INFO - Started process (PID=933) to work on /opt/airflow/dags/group_dag.py
[2025-02-13T07:40:01.622+0000] {processor.py:756} INFO - Processing file /opt/airflow/dags/group_dag.py for tasks to queue
[2025-02-13T07:40:01.626+0000] {logging_mixin.py:120} INFO - [2025-02-13T07:40:01.626+0000] {dagbag.py:537} INFO - Filling up the DagBag from /opt/airflow/dags/group_dag.py
[2025-02-13T07:40:01.700+0000] {processor.py:766} INFO - DAG(s) dict_keys(['group_dag']) retrieved from /opt/airflow/dags/group_dag.py
[2025-02-13T07:40:01.823+0000] {logging_mixin.py:120} INFO - [2025-02-13T07:40:01.823+0000] {dag.py:2585} INFO - Sync 1 DAGs
[2025-02-13T07:40:01.895+0000] {logging_mixin.py:120} INFO - [2025-02-13T07:40:01.894+0000] {dag.py:3340} INFO - Setting next_dagrun for group_dag to 2025-02-12T00:00:00+00:00, run_after=2025-02-13T00:00:00+00:00
[2025-02-13T07:40:01.964+0000] {processor.py:176} INFO - Processing /opt/airflow/dags/group_dag.py took 0.354 seconds
[2025-02-13T07:40:32.197+0000] {processor.py:154} INFO - Started process (PID=962) to work on /opt/airflow/dags/group_dag.py
[2025-02-13T07:40:32.200+0000] {processor.py:756} INFO - Processing file /opt/airflow/dags/group_dag.py for tasks to queue
[2025-02-13T07:40:32.201+0000] {logging_mixin.py:120} INFO - [2025-02-13T07:40:32.201+0000] {dagbag.py:537} INFO - Filling up the DagBag from /opt/airflow/dags/group_dag.py
[2025-02-13T07:40:32.257+0000] {processor.py:766} INFO - DAG(s) dict_keys(['group_dag']) retrieved from /opt/airflow/dags/group_dag.py
[2025-02-13T07:40:32.334+0000] {logging_mixin.py:120} INFO - [2025-02-13T07:40:32.334+0000] {dag.py:2585} INFO - Sync 1 DAGs
[2025-02-13T07:40:32.389+0000] {logging_mixin.py:120} INFO - [2025-02-13T07:40:32.388+0000] {dag.py:3340} INFO - Setting next_dagrun for group_dag to 2025-02-12T00:00:00+00:00, run_after=2025-02-13T00:00:00+00:00
[2025-02-13T07:40:32.435+0000] {processor.py:176} INFO - Processing /opt/airflow/dags/group_dag.py took 0.244 seconds
[2025-02-13T07:41:02.813+0000] {processor.py:154} INFO - Started process (PID=998) to work on /opt/airflow/dags/group_dag.py
[2025-02-13T07:41:02.815+0000] {processor.py:756} INFO - Processing file /opt/airflow/dags/group_dag.py for tasks to queue
[2025-02-13T07:41:02.816+0000] {logging_mixin.py:120} INFO - [2025-02-13T07:41:02.816+0000] {dagbag.py:537} INFO - Filling up the DagBag from /opt/airflow/dags/group_dag.py
[2025-02-13T07:41:02.859+0000] {processor.py:766} INFO - DAG(s) dict_keys(['group_dag']) retrieved from /opt/airflow/dags/group_dag.py
[2025-02-13T07:41:02.931+0000] {logging_mixin.py:120} INFO - [2025-02-13T07:41:02.931+0000] {dag.py:2585} INFO - Sync 1 DAGs
[2025-02-13T07:41:02.984+0000] {logging_mixin.py:120} INFO - [2025-02-13T07:41:02.984+0000] {dag.py:3340} INFO - Setting next_dagrun for group_dag to 2025-02-12T00:00:00+00:00, run_after=2025-02-13T00:00:00+00:00
[2025-02-13T07:41:03.026+0000] {processor.py:176} INFO - Processing /opt/airflow/dags/group_dag.py took 0.221 seconds
[2025-02-13T07:41:33.427+0000] {processor.py:154} INFO - Started process (PID=1025) to work on /opt/airflow/dags/group_dag.py
[2025-02-13T07:41:33.428+0000] {processor.py:756} INFO - Processing file /opt/airflow/dags/group_dag.py for tasks to queue
[2025-02-13T07:41:33.430+0000] {logging_mixin.py:120} INFO - [2025-02-13T07:41:33.430+0000] {dagbag.py:537} INFO - Filling up the DagBag from /opt/airflow/dags/group_dag.py
[2025-02-13T07:41:33.480+0000] {processor.py:766} INFO - DAG(s) dict_keys(['group_dag']) retrieved from /opt/airflow/dags/group_dag.py
[2025-02-13T07:41:33.605+0000] {logging_mixin.py:120} INFO - [2025-02-13T07:41:33.605+0000] {dag.py:2585} INFO - Sync 1 DAGs
[2025-02-13T07:41:33.670+0000] {logging_mixin.py:120} INFO - [2025-02-13T07:41:33.670+0000] {dag.py:3340} INFO - Setting next_dagrun for group_dag to 2025-02-12T00:00:00+00:00, run_after=2025-02-13T00:00:00+00:00
[2025-02-13T07:41:33.704+0000] {processor.py:176} INFO - Processing /opt/airflow/dags/group_dag.py took 0.283 seconds
[2025-02-13T07:42:03.783+0000] {processor.py:154} INFO - Started process (PID=1059) to work on /opt/airflow/dags/group_dag.py
[2025-02-13T07:42:03.786+0000] {processor.py:756} INFO - Processing file /opt/airflow/dags/group_dag.py for tasks to queue
[2025-02-13T07:42:03.787+0000] {logging_mixin.py:120} INFO - [2025-02-13T07:42:03.787+0000] {dagbag.py:537} INFO - Filling up the DagBag from /opt/airflow/dags/group_dag.py
[2025-02-13T07:42:03.836+0000] {processor.py:766} INFO - DAG(s) dict_keys(['group_dag']) retrieved from /opt/airflow/dags/group_dag.py
[2025-02-13T07:42:03.918+0000] {logging_mixin.py:120} INFO - [2025-02-13T07:42:03.917+0000] {dag.py:2585} INFO - Sync 1 DAGs
[2025-02-13T07:42:04.280+0000] {logging_mixin.py:120} INFO - [2025-02-13T07:42:04.279+0000] {dag.py:3340} INFO - Setting next_dagrun for group_dag to 2025-02-12T00:00:00+00:00, run_after=2025-02-13T00:00:00+00:00
[2025-02-13T07:42:04.599+0000] {processor.py:176} INFO - Processing /opt/airflow/dags/group_dag.py took 0.822 seconds
[2025-02-13T07:42:34.772+0000] {processor.py:154} INFO - Started process (PID=1085) to work on /opt/airflow/dags/group_dag.py
[2025-02-13T07:42:34.774+0000] {processor.py:756} INFO - Processing file /opt/airflow/dags/group_dag.py for tasks to queue
[2025-02-13T07:42:34.776+0000] {logging_mixin.py:120} INFO - [2025-02-13T07:42:34.775+0000] {dagbag.py:537} INFO - Filling up the DagBag from /opt/airflow/dags/group_dag.py
[2025-02-13T07:42:34.826+0000] {processor.py:766} INFO - DAG(s) dict_keys(['group_dag']) retrieved from /opt/airflow/dags/group_dag.py
[2025-02-13T07:42:34.904+0000] {logging_mixin.py:120} INFO - [2025-02-13T07:42:34.904+0000] {dag.py:2585} INFO - Sync 1 DAGs
[2025-02-13T07:42:34.958+0000] {logging_mixin.py:120} INFO - [2025-02-13T07:42:34.958+0000] {dag.py:3340} INFO - Setting next_dagrun for group_dag to 2025-02-12T00:00:00+00:00, run_after=2025-02-13T00:00:00+00:00
[2025-02-13T07:42:34.994+0000] {processor.py:176} INFO - Processing /opt/airflow/dags/group_dag.py took 0.231 seconds
[2025-02-13T07:43:05.695+0000] {processor.py:154} INFO - Started process (PID=1111) to work on /opt/airflow/dags/group_dag.py
[2025-02-13T07:43:05.697+0000] {processor.py:756} INFO - Processing file /opt/airflow/dags/group_dag.py for tasks to queue
[2025-02-13T07:43:05.700+0000] {logging_mixin.py:120} INFO - [2025-02-13T07:43:05.700+0000] {dagbag.py:537} INFO - Filling up the DagBag from /opt/airflow/dags/group_dag.py
[2025-02-13T07:43:05.762+0000] {processor.py:766} INFO - DAG(s) dict_keys(['group_dag']) retrieved from /opt/airflow/dags/group_dag.py
[2025-02-13T07:43:05.844+0000] {logging_mixin.py:120} INFO - [2025-02-13T07:43:05.844+0000] {dag.py:2585} INFO - Sync 1 DAGs
[2025-02-13T07:43:05.927+0000] {logging_mixin.py:120} INFO - [2025-02-13T07:43:05.926+0000] {dag.py:3340} INFO - Setting next_dagrun for group_dag to 2025-02-12T00:00:00+00:00, run_after=2025-02-13T00:00:00+00:00
[2025-02-13T07:43:05.974+0000] {processor.py:176} INFO - Processing /opt/airflow/dags/group_dag.py took 0.286 seconds
[2025-02-13T07:43:36.075+0000] {processor.py:154} INFO - Started process (PID=1137) to work on /opt/airflow/dags/group_dag.py
[2025-02-13T07:43:36.076+0000] {processor.py:756} INFO - Processing file /opt/airflow/dags/group_dag.py for tasks to queue
[2025-02-13T07:43:36.077+0000] {logging_mixin.py:120} INFO - [2025-02-13T07:43:36.077+0000] {dagbag.py:537} INFO - Filling up the DagBag from /opt/airflow/dags/group_dag.py
[2025-02-13T07:43:36.129+0000] {processor.py:766} INFO - DAG(s) dict_keys(['group_dag']) retrieved from /opt/airflow/dags/group_dag.py
[2025-02-13T07:43:36.202+0000] {logging_mixin.py:120} INFO - [2025-02-13T07:43:36.201+0000] {dag.py:2585} INFO - Sync 1 DAGs
[2025-02-13T07:43:36.247+0000] {logging_mixin.py:120} INFO - [2025-02-13T07:43:36.247+0000] {dag.py:3340} INFO - Setting next_dagrun for group_dag to 2025-02-12T00:00:00+00:00, run_after=2025-02-13T00:00:00+00:00
[2025-02-13T07:43:36.278+0000] {processor.py:176} INFO - Processing /opt/airflow/dags/group_dag.py took 0.209 seconds
[2025-02-13T07:44:06.517+0000] {processor.py:154} INFO - Started process (PID=1173) to work on /opt/airflow/dags/group_dag.py
[2025-02-13T07:44:06.519+0000] {processor.py:756} INFO - Processing file /opt/airflow/dags/group_dag.py for tasks to queue
[2025-02-13T07:44:06.522+0000] {logging_mixin.py:120} INFO - [2025-02-13T07:44:06.522+0000] {dagbag.py:537} INFO - Filling up the DagBag from /opt/airflow/dags/group_dag.py
[2025-02-13T07:44:06.580+0000] {processor.py:766} INFO - DAG(s) dict_keys(['group_dag']) retrieved from /opt/airflow/dags/group_dag.py
[2025-02-13T07:44:06.711+0000] {logging_mixin.py:120} INFO - [2025-02-13T07:44:06.711+0000] {dag.py:2585} INFO - Sync 1 DAGs
[2025-02-13T07:44:06.799+0000] {logging_mixin.py:120} INFO - [2025-02-13T07:44:06.799+0000] {dag.py:3340} INFO - Setting next_dagrun for group_dag to 2025-02-12T00:00:00+00:00, run_after=2025-02-13T00:00:00+00:00
[2025-02-13T07:44:06.838+0000] {processor.py:176} INFO - Processing /opt/airflow/dags/group_dag.py took 0.329 seconds
[2025-02-13T07:44:37.465+0000] {processor.py:154} INFO - Started process (PID=1199) to work on /opt/airflow/dags/group_dag.py
[2025-02-13T07:44:37.467+0000] {processor.py:756} INFO - Processing file /opt/airflow/dags/group_dag.py for tasks to queue
[2025-02-13T07:44:37.469+0000] {logging_mixin.py:120} INFO - [2025-02-13T07:44:37.469+0000] {dagbag.py:537} INFO - Filling up the DagBag from /opt/airflow/dags/group_dag.py
[2025-02-13T07:44:37.533+0000] {processor.py:766} INFO - DAG(s) dict_keys(['group_dag']) retrieved from /opt/airflow/dags/group_dag.py
[2025-02-13T07:44:37.611+0000] {logging_mixin.py:120} INFO - [2025-02-13T07:44:37.611+0000] {dag.py:2585} INFO - Sync 1 DAGs
[2025-02-13T07:44:37.669+0000] {logging_mixin.py:120} INFO - [2025-02-13T07:44:37.669+0000] {dag.py:3340} INFO - Setting next_dagrun for group_dag to 2025-02-12T00:00:00+00:00, run_after=2025-02-13T00:00:00+00:00
[2025-02-13T07:44:37.709+0000] {processor.py:176} INFO - Processing /opt/airflow/dags/group_dag.py took 0.252 seconds
[2025-02-13T07:45:07.924+0000] {processor.py:154} INFO - Started process (PID=1226) to work on /opt/airflow/dags/group_dag.py
[2025-02-13T07:45:07.927+0000] {processor.py:756} INFO - Processing file /opt/airflow/dags/group_dag.py for tasks to queue
[2025-02-13T07:45:07.928+0000] {logging_mixin.py:120} INFO - [2025-02-13T07:45:07.928+0000] {dagbag.py:537} INFO - Filling up the DagBag from /opt/airflow/dags/group_dag.py
[2025-02-13T07:45:07.992+0000] {processor.py:766} INFO - DAG(s) dict_keys(['group_dag']) retrieved from /opt/airflow/dags/group_dag.py
[2025-02-13T07:45:08.108+0000] {logging_mixin.py:120} INFO - [2025-02-13T07:45:08.107+0000] {dag.py:2585} INFO - Sync 1 DAGs
[2025-02-13T07:45:08.175+0000] {logging_mixin.py:120} INFO - [2025-02-13T07:45:08.175+0000] {dag.py:3340} INFO - Setting next_dagrun for group_dag to 2025-02-12T00:00:00+00:00, run_after=2025-02-13T00:00:00+00:00
[2025-02-13T07:45:08.208+0000] {processor.py:176} INFO - Processing /opt/airflow/dags/group_dag.py took 0.293 seconds
[2025-02-13T07:45:38.519+0000] {processor.py:154} INFO - Started process (PID=1261) to work on /opt/airflow/dags/group_dag.py
[2025-02-13T07:45:38.521+0000] {processor.py:756} INFO - Processing file /opt/airflow/dags/group_dag.py for tasks to queue
[2025-02-13T07:45:38.523+0000] {logging_mixin.py:120} INFO - [2025-02-13T07:45:38.522+0000] {dagbag.py:537} INFO - Filling up the DagBag from /opt/airflow/dags/group_dag.py
[2025-02-13T07:45:38.573+0000] {processor.py:766} INFO - DAG(s) dict_keys(['group_dag']) retrieved from /opt/airflow/dags/group_dag.py
[2025-02-13T07:45:38.660+0000] {logging_mixin.py:120} INFO - [2025-02-13T07:45:38.660+0000] {dag.py:2585} INFO - Sync 1 DAGs
[2025-02-13T07:45:38.712+0000] {logging_mixin.py:120} INFO - [2025-02-13T07:45:38.712+0000] {dag.py:3340} INFO - Setting next_dagrun for group_dag to 2025-02-12T00:00:00+00:00, run_after=2025-02-13T00:00:00+00:00
[2025-02-13T07:45:38.748+0000] {processor.py:176} INFO - Processing /opt/airflow/dags/group_dag.py took 0.236 seconds
[2025-02-13T07:46:08.828+0000] {processor.py:154} INFO - Started process (PID=1289) to work on /opt/airflow/dags/group_dag.py
[2025-02-13T07:46:08.831+0000] {processor.py:756} INFO - Processing file /opt/airflow/dags/group_dag.py for tasks to queue
[2025-02-13T07:46:08.835+0000] {logging_mixin.py:120} INFO - [2025-02-13T07:46:08.834+0000] {dagbag.py:537} INFO - Filling up the DagBag from /opt/airflow/dags/group_dag.py
[2025-02-13T07:46:08.920+0000] {processor.py:766} INFO - DAG(s) dict_keys(['group_dag']) retrieved from /opt/airflow/dags/group_dag.py
[2025-02-13T07:46:08.995+0000] {logging_mixin.py:120} INFO - [2025-02-13T07:46:08.994+0000] {dag.py:2585} INFO - Sync 1 DAGs
[2025-02-13T07:46:09.050+0000] {logging_mixin.py:120} INFO - [2025-02-13T07:46:09.050+0000] {dag.py:3340} INFO - Setting next_dagrun for group_dag to 2025-02-12T00:00:00+00:00, run_after=2025-02-13T00:00:00+00:00
[2025-02-13T07:46:09.085+0000] {processor.py:176} INFO - Processing /opt/airflow/dags/group_dag.py took 0.277 seconds
[2025-02-13T07:46:39.962+0000] {processor.py:154} INFO - Started process (PID=1325) to work on /opt/airflow/dags/group_dag.py
[2025-02-13T07:46:39.963+0000] {processor.py:756} INFO - Processing file /opt/airflow/dags/group_dag.py for tasks to queue
[2025-02-13T07:46:39.965+0000] {logging_mixin.py:120} INFO - [2025-02-13T07:46:39.965+0000] {dagbag.py:537} INFO - Filling up the DagBag from /opt/airflow/dags/group_dag.py
[2025-02-13T07:46:40.022+0000] {processor.py:766} INFO - DAG(s) dict_keys(['group_dag']) retrieved from /opt/airflow/dags/group_dag.py
[2025-02-13T07:46:40.104+0000] {logging_mixin.py:120} INFO - [2025-02-13T07:46:40.103+0000] {dag.py:2585} INFO - Sync 1 DAGs
[2025-02-13T07:46:40.166+0000] {logging_mixin.py:120} INFO - [2025-02-13T07:46:40.165+0000] {dag.py:3340} INFO - Setting next_dagrun for group_dag to 2025-02-12T00:00:00+00:00, run_after=2025-02-13T00:00:00+00:00
[2025-02-13T07:46:40.199+0000] {processor.py:176} INFO - Processing /opt/airflow/dags/group_dag.py took 0.243 seconds
[2025-02-13T07:47:11.076+0000] {processor.py:154} INFO - Started process (PID=1351) to work on /opt/airflow/dags/group_dag.py
[2025-02-13T07:47:11.077+0000] {processor.py:756} INFO - Processing file /opt/airflow/dags/group_dag.py for tasks to queue
[2025-02-13T07:47:11.078+0000] {logging_mixin.py:120} INFO - [2025-02-13T07:47:11.078+0000] {dagbag.py:537} INFO - Filling up the DagBag from /opt/airflow/dags/group_dag.py
[2025-02-13T07:47:11.119+0000] {processor.py:766} INFO - DAG(s) dict_keys(['group_dag']) retrieved from /opt/airflow/dags/group_dag.py
[2025-02-13T07:47:11.192+0000] {logging_mixin.py:120} INFO - [2025-02-13T07:47:11.191+0000] {dag.py:2585} INFO - Sync 1 DAGs
[2025-02-13T07:47:11.246+0000] {logging_mixin.py:120} INFO - [2025-02-13T07:47:11.246+0000] {dag.py:3340} INFO - Setting next_dagrun for group_dag to 2025-02-12T00:00:00+00:00, run_after=2025-02-13T00:00:00+00:00
[2025-02-13T07:47:11.281+0000] {processor.py:176} INFO - Processing /opt/airflow/dags/group_dag.py took 0.214 seconds
[2025-02-13T07:47:41.705+0000] {processor.py:154} INFO - Started process (PID=1387) to work on /opt/airflow/dags/group_dag.py
[2025-02-13T07:47:41.707+0000] {processor.py:756} INFO - Processing file /opt/airflow/dags/group_dag.py for tasks to queue
[2025-02-13T07:47:41.709+0000] {logging_mixin.py:120} INFO - [2025-02-13T07:47:41.709+0000] {dagbag.py:537} INFO - Filling up the DagBag from /opt/airflow/dags/group_dag.py
[2025-02-13T07:47:41.805+0000] {processor.py:766} INFO - DAG(s) dict_keys(['group_dag']) retrieved from /opt/airflow/dags/group_dag.py
[2025-02-13T07:47:41.926+0000] {logging_mixin.py:120} INFO - [2025-02-13T07:47:41.926+0000] {dag.py:2585} INFO - Sync 1 DAGs
[2025-02-13T07:47:41.982+0000] {logging_mixin.py:120} INFO - [2025-02-13T07:47:41.981+0000] {dag.py:3340} INFO - Setting next_dagrun for group_dag to 2025-02-12T00:00:00+00:00, run_after=2025-02-13T00:00:00+00:00
[2025-02-13T07:47:42.012+0000] {processor.py:176} INFO - Processing /opt/airflow/dags/group_dag.py took 0.316 seconds
[2025-02-13T07:48:12.892+0000] {processor.py:154} INFO - Started process (PID=1412) to work on /opt/airflow/dags/group_dag.py
[2025-02-13T07:48:12.893+0000] {processor.py:756} INFO - Processing file /opt/airflow/dags/group_dag.py for tasks to queue
[2025-02-13T07:48:12.895+0000] {logging_mixin.py:120} INFO - [2025-02-13T07:48:12.894+0000] {dagbag.py:537} INFO - Filling up the DagBag from /opt/airflow/dags/group_dag.py
[2025-02-13T07:48:12.938+0000] {processor.py:766} INFO - DAG(s) dict_keys(['group_dag']) retrieved from /opt/airflow/dags/group_dag.py
[2025-02-13T07:48:13.006+0000] {logging_mixin.py:120} INFO - [2025-02-13T07:48:13.006+0000] {dag.py:2585} INFO - Sync 1 DAGs
[2025-02-13T07:48:13.050+0000] {logging_mixin.py:120} INFO - [2025-02-13T07:48:13.049+0000] {dag.py:3340} INFO - Setting next_dagrun for group_dag to 2025-02-12T00:00:00+00:00, run_after=2025-02-13T00:00:00+00:00
[2025-02-13T07:48:13.079+0000] {processor.py:176} INFO - Processing /opt/airflow/dags/group_dag.py took 0.193 seconds
[2025-02-13T07:48:44.025+0000] {processor.py:154} INFO - Started process (PID=1448) to work on /opt/airflow/dags/group_dag.py
[2025-02-13T07:48:44.027+0000] {processor.py:756} INFO - Processing file /opt/airflow/dags/group_dag.py for tasks to queue
[2025-02-13T07:48:44.030+0000] {logging_mixin.py:120} INFO - [2025-02-13T07:48:44.030+0000] {dagbag.py:537} INFO - Filling up the DagBag from /opt/airflow/dags/group_dag.py
[2025-02-13T07:48:44.106+0000] {processor.py:766} INFO - DAG(s) dict_keys(['group_dag']) retrieved from /opt/airflow/dags/group_dag.py
[2025-02-13T07:48:44.196+0000] {logging_mixin.py:120} INFO - [2025-02-13T07:48:44.196+0000] {dag.py:2585} INFO - Sync 1 DAGs
[2025-02-13T07:48:44.305+0000] {logging_mixin.py:120} INFO - [2025-02-13T07:48:44.304+0000] {dag.py:3340} INFO - Setting next_dagrun for group_dag to 2025-02-12T00:00:00+00:00, run_after=2025-02-13T00:00:00+00:00
[2025-02-13T07:48:44.376+0000] {processor.py:176} INFO - Processing /opt/airflow/dags/group_dag.py took 0.358 seconds
[2025-02-13T07:49:15.036+0000] {processor.py:154} INFO - Started process (PID=1475) to work on /opt/airflow/dags/group_dag.py
[2025-02-13T07:49:15.038+0000] {processor.py:756} INFO - Processing file /opt/airflow/dags/group_dag.py for tasks to queue
[2025-02-13T07:49:15.039+0000] {logging_mixin.py:120} INFO - [2025-02-13T07:49:15.039+0000] {dagbag.py:537} INFO - Filling up the DagBag from /opt/airflow/dags/group_dag.py
[2025-02-13T07:49:15.083+0000] {processor.py:766} INFO - DAG(s) dict_keys(['group_dag']) retrieved from /opt/airflow/dags/group_dag.py
[2025-02-13T07:49:15.153+0000] {logging_mixin.py:120} INFO - [2025-02-13T07:49:15.153+0000] {dag.py:2585} INFO - Sync 1 DAGs
[2025-02-13T07:49:15.198+0000] {logging_mixin.py:120} INFO - [2025-02-13T07:49:15.197+0000] {dag.py:3340} INFO - Setting next_dagrun for group_dag to 2025-02-12T00:00:00+00:00, run_after=2025-02-13T00:00:00+00:00
[2025-02-13T07:49:15.229+0000] {processor.py:176} INFO - Processing /opt/airflow/dags/group_dag.py took 0.201 seconds
[2025-02-13T07:49:45.849+0000] {processor.py:154} INFO - Started process (PID=1511) to work on /opt/airflow/dags/group_dag.py
[2025-02-13T07:49:45.851+0000] {processor.py:756} INFO - Processing file /opt/airflow/dags/group_dag.py for tasks to queue
[2025-02-13T07:49:45.853+0000] {logging_mixin.py:120} INFO - [2025-02-13T07:49:45.852+0000] {dagbag.py:537} INFO - Filling up the DagBag from /opt/airflow/dags/group_dag.py
[2025-02-13T07:49:45.917+0000] {processor.py:766} INFO - DAG(s) dict_keys(['group_dag']) retrieved from /opt/airflow/dags/group_dag.py
[2025-02-13T07:49:46.059+0000] {logging_mixin.py:120} INFO - [2025-02-13T07:49:46.054+0000] {dag.py:2585} INFO - Sync 1 DAGs
[2025-02-13T07:49:46.138+0000] {logging_mixin.py:120} INFO - [2025-02-13T07:49:46.138+0000] {dag.py:3340} INFO - Setting next_dagrun for group_dag to 2025-02-12T00:00:00+00:00, run_after=2025-02-13T00:00:00+00:00
[2025-02-13T07:49:46.198+0000] {processor.py:176} INFO - Processing /opt/airflow/dags/group_dag.py took 0.356 seconds
[2025-02-13T07:50:17.114+0000] {processor.py:154} INFO - Started process (PID=1538) to work on /opt/airflow/dags/group_dag.py
[2025-02-13T07:50:17.115+0000] {processor.py:756} INFO - Processing file /opt/airflow/dags/group_dag.py for tasks to queue
[2025-02-13T07:50:17.116+0000] {logging_mixin.py:120} INFO - [2025-02-13T07:50:17.116+0000] {dagbag.py:537} INFO - Filling up the DagBag from /opt/airflow/dags/group_dag.py
[2025-02-13T07:50:17.164+0000] {processor.py:766} INFO - DAG(s) dict_keys(['group_dag']) retrieved from /opt/airflow/dags/group_dag.py
[2025-02-13T07:50:17.242+0000] {logging_mixin.py:120} INFO - [2025-02-13T07:50:17.241+0000] {dag.py:2585} INFO - Sync 1 DAGs
[2025-02-13T07:50:17.294+0000] {logging_mixin.py:120} INFO - [2025-02-13T07:50:17.293+0000] {dag.py:3340} INFO - Setting next_dagrun for group_dag to 2025-02-12T00:00:00+00:00, run_after=2025-02-13T00:00:00+00:00
[2025-02-13T07:50:17.333+0000] {processor.py:176} INFO - Processing /opt/airflow/dags/group_dag.py took 0.226 seconds
[2025-02-13T07:50:47.809+0000] {processor.py:154} INFO - Started process (PID=1574) to work on /opt/airflow/dags/group_dag.py
[2025-02-13T07:50:47.811+0000] {processor.py:756} INFO - Processing file /opt/airflow/dags/group_dag.py for tasks to queue
[2025-02-13T07:50:47.814+0000] {logging_mixin.py:120} INFO - [2025-02-13T07:50:47.814+0000] {dagbag.py:537} INFO - Filling up the DagBag from /opt/airflow/dags/group_dag.py
[2025-02-13T07:50:47.886+0000] {processor.py:766} INFO - DAG(s) dict_keys(['group_dag']) retrieved from /opt/airflow/dags/group_dag.py
[2025-02-13T07:50:48.019+0000] {logging_mixin.py:120} INFO - [2025-02-13T07:50:48.019+0000] {dag.py:2585} INFO - Sync 1 DAGs
[2025-02-13T07:50:48.075+0000] {logging_mixin.py:120} INFO - [2025-02-13T07:50:48.075+0000] {dag.py:3340} INFO - Setting next_dagrun for group_dag to 2025-02-12T00:00:00+00:00, run_after=2025-02-13T00:00:00+00:00
[2025-02-13T07:50:48.115+0000] {processor.py:176} INFO - Processing /opt/airflow/dags/group_dag.py took 0.320 seconds
[2025-02-13T07:51:19.034+0000] {processor.py:154} INFO - Started process (PID=1600) to work on /opt/airflow/dags/group_dag.py
[2025-02-13T07:51:19.035+0000] {processor.py:756} INFO - Processing file /opt/airflow/dags/group_dag.py for tasks to queue
[2025-02-13T07:51:19.036+0000] {logging_mixin.py:120} INFO - [2025-02-13T07:51:19.036+0000] {dagbag.py:537} INFO - Filling up the DagBag from /opt/airflow/dags/group_dag.py
[2025-02-13T07:51:19.099+0000] {processor.py:766} INFO - DAG(s) dict_keys(['group_dag']) retrieved from /opt/airflow/dags/group_dag.py
[2025-02-13T07:51:19.213+0000] {logging_mixin.py:120} INFO - [2025-02-13T07:51:19.213+0000] {dag.py:2585} INFO - Sync 1 DAGs
[2025-02-13T07:51:19.279+0000] {logging_mixin.py:120} INFO - [2025-02-13T07:51:19.278+0000] {dag.py:3340} INFO - Setting next_dagrun for group_dag to 2025-02-12T00:00:00+00:00, run_after=2025-02-13T00:00:00+00:00
[2025-02-13T07:51:19.323+0000] {processor.py:176} INFO - Processing /opt/airflow/dags/group_dag.py took 0.296 seconds
[2025-02-13T07:51:50.142+0000] {processor.py:154} INFO - Started process (PID=1635) to work on /opt/airflow/dags/group_dag.py
[2025-02-13T07:51:50.144+0000] {processor.py:756} INFO - Processing file /opt/airflow/dags/group_dag.py for tasks to queue
[2025-02-13T07:51:50.146+0000] {logging_mixin.py:120} INFO - [2025-02-13T07:51:50.146+0000] {dagbag.py:537} INFO - Filling up the DagBag from /opt/airflow/dags/group_dag.py
[2025-02-13T07:51:50.198+0000] {processor.py:766} INFO - DAG(s) dict_keys(['group_dag']) retrieved from /opt/airflow/dags/group_dag.py
[2025-02-13T07:51:50.288+0000] {logging_mixin.py:120} INFO - [2025-02-13T07:51:50.288+0000] {dag.py:2585} INFO - Sync 1 DAGs
[2025-02-13T07:51:50.339+0000] {logging_mixin.py:120} INFO - [2025-02-13T07:51:50.338+0000] {dag.py:3340} INFO - Setting next_dagrun for group_dag to 2025-02-12T00:00:00+00:00, run_after=2025-02-13T00:00:00+00:00
[2025-02-13T07:51:50.389+0000] {processor.py:176} INFO - Processing /opt/airflow/dags/group_dag.py took 0.254 seconds
[2025-02-13T07:52:20.508+0000] {processor.py:154} INFO - Started process (PID=1662) to work on /opt/airflow/dags/group_dag.py
[2025-02-13T07:52:20.509+0000] {processor.py:756} INFO - Processing file /opt/airflow/dags/group_dag.py for tasks to queue
[2025-02-13T07:52:20.511+0000] {logging_mixin.py:120} INFO - [2025-02-13T07:52:20.510+0000] {dagbag.py:537} INFO - Filling up the DagBag from /opt/airflow/dags/group_dag.py
[2025-02-13T07:52:20.555+0000] {processor.py:766} INFO - DAG(s) dict_keys(['group_dag']) retrieved from /opt/airflow/dags/group_dag.py
[2025-02-13T07:52:20.624+0000] {logging_mixin.py:120} INFO - [2025-02-13T07:52:20.624+0000] {dag.py:2585} INFO - Sync 1 DAGs
[2025-02-13T07:52:20.670+0000] {logging_mixin.py:120} INFO - [2025-02-13T07:52:20.670+0000] {dag.py:3340} INFO - Setting next_dagrun for group_dag to 2025-02-12T00:00:00+00:00, run_after=2025-02-13T00:00:00+00:00
[2025-02-13T07:52:20.703+0000] {processor.py:176} INFO - Processing /opt/airflow/dags/group_dag.py took 0.201 seconds
[2025-02-13T07:52:51.516+0000] {processor.py:154} INFO - Started process (PID=1697) to work on /opt/airflow/dags/group_dag.py
[2025-02-13T07:52:51.517+0000] {processor.py:756} INFO - Processing file /opt/airflow/dags/group_dag.py for tasks to queue
[2025-02-13T07:52:51.519+0000] {logging_mixin.py:120} INFO - [2025-02-13T07:52:51.519+0000] {dagbag.py:537} INFO - Filling up the DagBag from /opt/airflow/dags/group_dag.py
[2025-02-13T07:52:51.572+0000] {processor.py:766} INFO - DAG(s) dict_keys(['group_dag']) retrieved from /opt/airflow/dags/group_dag.py
[2025-02-13T07:52:51.657+0000] {logging_mixin.py:120} INFO - [2025-02-13T07:52:51.657+0000] {dag.py:2585} INFO - Sync 1 DAGs
[2025-02-13T07:52:51.714+0000] {logging_mixin.py:120} INFO - [2025-02-13T07:52:51.714+0000] {dag.py:3340} INFO - Setting next_dagrun for group_dag to 2025-02-12T00:00:00+00:00, run_after=2025-02-13T00:00:00+00:00
[2025-02-13T07:52:51.759+0000] {processor.py:176} INFO - Processing /opt/airflow/dags/group_dag.py took 0.249 seconds
[2025-02-13T07:53:21.791+0000] {processor.py:154} INFO - Started process (PID=1723) to work on /opt/airflow/dags/group_dag.py
[2025-02-13T07:53:21.792+0000] {processor.py:756} INFO - Processing file /opt/airflow/dags/group_dag.py for tasks to queue
[2025-02-13T07:53:21.794+0000] {logging_mixin.py:120} INFO - [2025-02-13T07:53:21.794+0000] {dagbag.py:537} INFO - Filling up the DagBag from /opt/airflow/dags/group_dag.py
[2025-02-13T07:53:21.840+0000] {processor.py:766} INFO - DAG(s) dict_keys(['group_dag']) retrieved from /opt/airflow/dags/group_dag.py
[2025-02-13T07:53:21.926+0000] {logging_mixin.py:120} INFO - [2025-02-13T07:53:21.925+0000] {dag.py:2585} INFO - Sync 1 DAGs
[2025-02-13T07:53:21.989+0000] {logging_mixin.py:120} INFO - [2025-02-13T07:53:21.989+0000] {dag.py:3340} INFO - Setting next_dagrun for group_dag to 2025-02-12T00:00:00+00:00, run_after=2025-02-13T00:00:00+00:00
[2025-02-13T07:53:22.030+0000] {processor.py:176} INFO - Processing /opt/airflow/dags/group_dag.py took 0.245 seconds
[2025-02-13T07:53:52.884+0000] {processor.py:154} INFO - Started process (PID=1759) to work on /opt/airflow/dags/group_dag.py
[2025-02-13T07:53:52.886+0000] {processor.py:756} INFO - Processing file /opt/airflow/dags/group_dag.py for tasks to queue
[2025-02-13T07:53:52.887+0000] {logging_mixin.py:120} INFO - [2025-02-13T07:53:52.887+0000] {dagbag.py:537} INFO - Filling up the DagBag from /opt/airflow/dags/group_dag.py
[2025-02-13T07:53:52.934+0000] {processor.py:766} INFO - DAG(s) dict_keys(['group_dag']) retrieved from /opt/airflow/dags/group_dag.py
[2025-02-13T07:53:53.063+0000] {logging_mixin.py:120} INFO - [2025-02-13T07:53:53.063+0000] {dag.py:2585} INFO - Sync 1 DAGs
[2025-02-13T07:53:53.128+0000] {logging_mixin.py:120} INFO - [2025-02-13T07:53:53.128+0000] {dag.py:3340} INFO - Setting next_dagrun for group_dag to 2025-02-12T00:00:00+00:00, run_after=2025-02-13T00:00:00+00:00
[2025-02-13T07:53:53.167+0000] {processor.py:176} INFO - Processing /opt/airflow/dags/group_dag.py took 0.288 seconds
[2025-02-13T07:54:23.501+0000] {processor.py:154} INFO - Started process (PID=1785) to work on /opt/airflow/dags/group_dag.py
[2025-02-13T07:54:23.502+0000] {processor.py:756} INFO - Processing file /opt/airflow/dags/group_dag.py for tasks to queue
[2025-02-13T07:54:23.503+0000] {logging_mixin.py:120} INFO - [2025-02-13T07:54:23.503+0000] {dagbag.py:537} INFO - Filling up the DagBag from /opt/airflow/dags/group_dag.py
[2025-02-13T07:54:23.557+0000] {processor.py:766} INFO - DAG(s) dict_keys(['group_dag']) retrieved from /opt/airflow/dags/group_dag.py
[2025-02-13T07:54:23.637+0000] {logging_mixin.py:120} INFO - [2025-02-13T07:54:23.637+0000] {dag.py:2585} INFO - Sync 1 DAGs
[2025-02-13T07:54:23.687+0000] {logging_mixin.py:120} INFO - [2025-02-13T07:54:23.687+0000] {dag.py:3340} INFO - Setting next_dagrun for group_dag to 2025-02-12T00:00:00+00:00, run_after=2025-02-13T00:00:00+00:00
[2025-02-13T07:54:23.748+0000] {processor.py:176} INFO - Processing /opt/airflow/dags/group_dag.py took 0.254 seconds
[2025-02-13T07:54:53.885+0000] {processor.py:154} INFO - Started process (PID=1812) to work on /opt/airflow/dags/group_dag.py
[2025-02-13T07:54:53.887+0000] {processor.py:756} INFO - Processing file /opt/airflow/dags/group_dag.py for tasks to queue
[2025-02-13T07:54:53.888+0000] {logging_mixin.py:120} INFO - [2025-02-13T07:54:53.888+0000] {dagbag.py:537} INFO - Filling up the DagBag from /opt/airflow/dags/group_dag.py
[2025-02-13T07:54:53.939+0000] {processor.py:766} INFO - DAG(s) dict_keys(['group_dag']) retrieved from /opt/airflow/dags/group_dag.py
[2025-02-13T07:54:54.040+0000] {logging_mixin.py:120} INFO - [2025-02-13T07:54:54.040+0000] {dag.py:2585} INFO - Sync 1 DAGs
[2025-02-13T07:54:54.126+0000] {logging_mixin.py:120} INFO - [2025-02-13T07:54:54.125+0000] {dag.py:3340} INFO - Setting next_dagrun for group_dag to 2025-02-12T00:00:00+00:00, run_after=2025-02-13T00:00:00+00:00
[2025-02-13T07:54:54.177+0000] {processor.py:176} INFO - Processing /opt/airflow/dags/group_dag.py took 0.300 seconds
[2025-02-13T07:55:24.615+0000] {processor.py:154} INFO - Started process (PID=1849) to work on /opt/airflow/dags/group_dag.py
[2025-02-13T07:55:24.617+0000] {processor.py:756} INFO - Processing file /opt/airflow/dags/group_dag.py for tasks to queue
[2025-02-13T07:55:24.619+0000] {logging_mixin.py:120} INFO - [2025-02-13T07:55:24.619+0000] {dagbag.py:537} INFO - Filling up the DagBag from /opt/airflow/dags/group_dag.py
[2025-02-13T07:55:24.680+0000] {processor.py:766} INFO - DAG(s) dict_keys(['group_dag']) retrieved from /opt/airflow/dags/group_dag.py
[2025-02-13T07:55:24.758+0000] {logging_mixin.py:120} INFO - [2025-02-13T07:55:24.758+0000] {dag.py:2585} INFO - Sync 1 DAGs
[2025-02-13T07:55:24.806+0000] {logging_mixin.py:120} INFO - [2025-02-13T07:55:24.806+0000] {dag.py:3340} INFO - Setting next_dagrun for group_dag to 2025-02-12T00:00:00+00:00, run_after=2025-02-13T00:00:00+00:00
[2025-02-13T07:55:24.864+0000] {processor.py:176} INFO - Processing /opt/airflow/dags/group_dag.py took 0.256 seconds
[2025-02-13T07:55:55.755+0000] {processor.py:154} INFO - Started process (PID=1873) to work on /opt/airflow/dags/group_dag.py
[2025-02-13T07:55:55.757+0000] {processor.py:756} INFO - Processing file /opt/airflow/dags/group_dag.py for tasks to queue
[2025-02-13T07:55:55.762+0000] {logging_mixin.py:120} INFO - [2025-02-13T07:55:55.760+0000] {dagbag.py:537} INFO - Filling up the DagBag from /opt/airflow/dags/group_dag.py
[2025-02-13T07:55:55.816+0000] {processor.py:766} INFO - DAG(s) dict_keys(['group_dag']) retrieved from /opt/airflow/dags/group_dag.py
[2025-02-13T07:55:55.902+0000] {logging_mixin.py:120} INFO - [2025-02-13T07:55:55.902+0000] {dag.py:2585} INFO - Sync 1 DAGs
[2025-02-13T07:55:55.959+0000] {logging_mixin.py:120} INFO - [2025-02-13T07:55:55.959+0000] {dag.py:3340} INFO - Setting next_dagrun for group_dag to 2025-02-12T00:00:00+00:00, run_after=2025-02-13T00:00:00+00:00
[2025-02-13T07:55:56.021+0000] {processor.py:176} INFO - Processing /opt/airflow/dags/group_dag.py took 0.277 seconds
[2025-02-13T07:56:26.115+0000] {processor.py:154} INFO - Started process (PID=1909) to work on /opt/airflow/dags/group_dag.py
[2025-02-13T07:56:26.117+0000] {processor.py:756} INFO - Processing file /opt/airflow/dags/group_dag.py for tasks to queue
[2025-02-13T07:56:26.118+0000] {logging_mixin.py:120} INFO - [2025-02-13T07:56:26.118+0000] {dagbag.py:537} INFO - Filling up the DagBag from /opt/airflow/dags/group_dag.py
[2025-02-13T07:56:26.168+0000] {processor.py:766} INFO - DAG(s) dict_keys(['group_dag']) retrieved from /opt/airflow/dags/group_dag.py
[2025-02-13T07:56:26.252+0000] {logging_mixin.py:120} INFO - [2025-02-13T07:56:26.252+0000] {dag.py:2585} INFO - Sync 1 DAGs
[2025-02-13T07:56:26.309+0000] {logging_mixin.py:120} INFO - [2025-02-13T07:56:26.309+0000] {dag.py:3340} INFO - Setting next_dagrun for group_dag to 2025-02-12T00:00:00+00:00, run_after=2025-02-13T00:00:00+00:00
[2025-02-13T07:56:26.350+0000] {processor.py:176} INFO - Processing /opt/airflow/dags/group_dag.py took 0.242 seconds
[2025-02-13T07:56:57.356+0000] {processor.py:154} INFO - Started process (PID=1936) to work on /opt/airflow/dags/group_dag.py
[2025-02-13T07:56:57.358+0000] {processor.py:756} INFO - Processing file /opt/airflow/dags/group_dag.py for tasks to queue
[2025-02-13T07:56:57.360+0000] {logging_mixin.py:120} INFO - [2025-02-13T07:56:57.359+0000] {dagbag.py:537} INFO - Filling up the DagBag from /opt/airflow/dags/group_dag.py
[2025-02-13T07:56:57.410+0000] {processor.py:766} INFO - DAG(s) dict_keys(['group_dag']) retrieved from /opt/airflow/dags/group_dag.py
[2025-02-13T07:56:57.482+0000] {logging_mixin.py:120} INFO - [2025-02-13T07:56:57.482+0000] {dag.py:2585} INFO - Sync 1 DAGs
[2025-02-13T07:56:57.528+0000] {logging_mixin.py:120} INFO - [2025-02-13T07:56:57.528+0000] {dag.py:3340} INFO - Setting next_dagrun for group_dag to 2025-02-12T00:00:00+00:00, run_after=2025-02-13T00:00:00+00:00
[2025-02-13T07:56:57.566+0000] {processor.py:176} INFO - Processing /opt/airflow/dags/group_dag.py took 0.218 seconds
[2025-02-13T07:57:27.878+0000] {processor.py:154} INFO - Started process (PID=1972) to work on /opt/airflow/dags/group_dag.py
[2025-02-13T07:57:27.885+0000] {processor.py:756} INFO - Processing file /opt/airflow/dags/group_dag.py for tasks to queue
[2025-02-13T07:57:27.889+0000] {logging_mixin.py:120} INFO - [2025-02-13T07:57:27.888+0000] {dagbag.py:537} INFO - Filling up the DagBag from /opt/airflow/dags/group_dag.py
[2025-02-13T07:57:27.974+0000] {processor.py:766} INFO - DAG(s) dict_keys(['group_dag']) retrieved from /opt/airflow/dags/group_dag.py
[2025-02-13T07:57:28.085+0000] {logging_mixin.py:120} INFO - [2025-02-13T07:57:28.085+0000] {dag.py:2585} INFO - Sync 1 DAGs
[2025-02-13T07:57:28.162+0000] {logging_mixin.py:120} INFO - [2025-02-13T07:57:28.162+0000] {dag.py:3340} INFO - Setting next_dagrun for group_dag to 2025-02-12T00:00:00+00:00, run_after=2025-02-13T00:00:00+00:00
[2025-02-13T07:57:28.236+0000] {processor.py:176} INFO - Processing /opt/airflow/dags/group_dag.py took 0.366 seconds
[2025-02-13T07:57:59.359+0000] {processor.py:154} INFO - Started process (PID=1999) to work on /opt/airflow/dags/group_dag.py
[2025-02-13T07:57:59.365+0000] {processor.py:756} INFO - Processing file /opt/airflow/dags/group_dag.py for tasks to queue
[2025-02-13T07:57:59.376+0000] {logging_mixin.py:120} INFO - [2025-02-13T07:57:59.372+0000] {dagbag.py:537} INFO - Filling up the DagBag from /opt/airflow/dags/group_dag.py
[2025-02-13T07:57:59.574+0000] {processor.py:766} INFO - DAG(s) dict_keys(['group_dag']) retrieved from /opt/airflow/dags/group_dag.py
[2025-02-13T07:57:59.872+0000] {logging_mixin.py:120} INFO - [2025-02-13T07:57:59.871+0000] {dag.py:2585} INFO - Sync 1 DAGs
[2025-02-13T07:57:59.989+0000] {logging_mixin.py:120} INFO - [2025-02-13T07:57:59.989+0000] {dag.py:3340} INFO - Setting next_dagrun for group_dag to 2025-02-12T00:00:00+00:00, run_after=2025-02-13T00:00:00+00:00
[2025-02-13T07:58:00.215+0000] {processor.py:176} INFO - Processing /opt/airflow/dags/group_dag.py took 0.990 seconds
[2025-02-13T07:58:30.807+0000] {processor.py:154} INFO - Started process (PID=2025) to work on /opt/airflow/dags/group_dag.py
[2025-02-13T07:58:30.810+0000] {processor.py:756} INFO - Processing file /opt/airflow/dags/group_dag.py for tasks to queue
[2025-02-13T07:58:30.811+0000] {logging_mixin.py:120} INFO - [2025-02-13T07:58:30.811+0000] {dagbag.py:537} INFO - Filling up the DagBag from /opt/airflow/dags/group_dag.py
[2025-02-13T07:58:30.868+0000] {processor.py:766} INFO - DAG(s) dict_keys(['group_dag']) retrieved from /opt/airflow/dags/group_dag.py
[2025-02-13T07:58:30.958+0000] {logging_mixin.py:120} INFO - [2025-02-13T07:58:30.957+0000] {dag.py:2585} INFO - Sync 1 DAGs
[2025-02-13T07:58:31.012+0000] {logging_mixin.py:120} INFO - [2025-02-13T07:58:31.012+0000] {dag.py:3340} INFO - Setting next_dagrun for group_dag to 2025-02-12T00:00:00+00:00, run_after=2025-02-13T00:00:00+00:00
[2025-02-13T07:58:31.062+0000] {processor.py:176} INFO - Processing /opt/airflow/dags/group_dag.py took 0.263 seconds
[2025-02-13T07:59:01.148+0000] {processor.py:154} INFO - Started process (PID=2051) to work on /opt/airflow/dags/group_dag.py
[2025-02-13T07:59:01.150+0000] {processor.py:756} INFO - Processing file /opt/airflow/dags/group_dag.py for tasks to queue
[2025-02-13T07:59:01.152+0000] {logging_mixin.py:120} INFO - [2025-02-13T07:59:01.151+0000] {dagbag.py:537} INFO - Filling up the DagBag from /opt/airflow/dags/group_dag.py
[2025-02-13T07:59:01.198+0000] {processor.py:766} INFO - DAG(s) dict_keys(['group_dag']) retrieved from /opt/airflow/dags/group_dag.py
[2025-02-13T07:59:01.276+0000] {logging_mixin.py:120} INFO - [2025-02-13T07:59:01.276+0000] {dag.py:2585} INFO - Sync 1 DAGs
[2025-02-13T07:59:01.325+0000] {logging_mixin.py:120} INFO - [2025-02-13T07:59:01.325+0000] {dag.py:3340} INFO - Setting next_dagrun for group_dag to 2025-02-12T00:00:00+00:00, run_after=2025-02-13T00:00:00+00:00
[2025-02-13T07:59:01.366+0000] {processor.py:176} INFO - Processing /opt/airflow/dags/group_dag.py took 0.224 seconds
[2025-02-13T07:59:31.697+0000] {processor.py:154} INFO - Started process (PID=2087) to work on /opt/airflow/dags/group_dag.py
[2025-02-13T07:59:31.698+0000] {processor.py:756} INFO - Processing file /opt/airflow/dags/group_dag.py for tasks to queue
[2025-02-13T07:59:31.700+0000] {logging_mixin.py:120} INFO - [2025-02-13T07:59:31.699+0000] {dagbag.py:537} INFO - Filling up the DagBag from /opt/airflow/dags/group_dag.py
[2025-02-13T07:59:31.759+0000] {processor.py:766} INFO - DAG(s) dict_keys(['group_dag']) retrieved from /opt/airflow/dags/group_dag.py
[2025-02-13T07:59:31.849+0000] {logging_mixin.py:120} INFO - [2025-02-13T07:59:31.848+0000] {dag.py:2585} INFO - Sync 1 DAGs
[2025-02-13T07:59:31.912+0000] {logging_mixin.py:120} INFO - [2025-02-13T07:59:31.912+0000] {dag.py:3340} INFO - Setting next_dagrun for group_dag to 2025-02-12T00:00:00+00:00, run_after=2025-02-13T00:00:00+00:00
[2025-02-13T07:59:31.959+0000] {processor.py:176} INFO - Processing /opt/airflow/dags/group_dag.py took 0.268 seconds
[2025-02-13T08:00:02.061+0000] {processor.py:154} INFO - Started process (PID=2114) to work on /opt/airflow/dags/group_dag.py
[2025-02-13T08:00:02.063+0000] {processor.py:756} INFO - Processing file /opt/airflow/dags/group_dag.py for tasks to queue
[2025-02-13T08:00:02.066+0000] {logging_mixin.py:120} INFO - [2025-02-13T08:00:02.065+0000] {dagbag.py:537} INFO - Filling up the DagBag from /opt/airflow/dags/group_dag.py
[2025-02-13T08:00:02.131+0000] {processor.py:766} INFO - DAG(s) dict_keys(['group_dag']) retrieved from /opt/airflow/dags/group_dag.py
[2025-02-13T08:00:02.257+0000] {logging_mixin.py:120} INFO - [2025-02-13T08:00:02.256+0000] {dag.py:2585} INFO - Sync 1 DAGs
[2025-02-13T08:00:02.337+0000] {logging_mixin.py:120} INFO - [2025-02-13T08:00:02.336+0000] {dag.py:3340} INFO - Setting next_dagrun for group_dag to 2025-02-12T00:00:00+00:00, run_after=2025-02-13T00:00:00+00:00
[2025-02-13T08:00:02.389+0000] {processor.py:176} INFO - Processing /opt/airflow/dags/group_dag.py took 0.336 seconds
[2025-02-13T08:00:32.889+0000] {processor.py:154} INFO - Started process (PID=2141) to work on /opt/airflow/dags/group_dag.py
[2025-02-13T08:00:32.890+0000] {processor.py:756} INFO - Processing file /opt/airflow/dags/group_dag.py for tasks to queue
[2025-02-13T08:00:32.892+0000] {logging_mixin.py:120} INFO - [2025-02-13T08:00:32.892+0000] {dagbag.py:537} INFO - Filling up the DagBag from /opt/airflow/dags/group_dag.py
[2025-02-13T08:00:32.948+0000] {processor.py:766} INFO - DAG(s) dict_keys(['group_dag']) retrieved from /opt/airflow/dags/group_dag.py
[2025-02-13T08:00:33.045+0000] {logging_mixin.py:120} INFO - [2025-02-13T08:00:33.045+0000] {dag.py:2585} INFO - Sync 1 DAGs
[2025-02-13T08:00:33.124+0000] {logging_mixin.py:120} INFO - [2025-02-13T08:00:33.123+0000] {dag.py:3340} INFO - Setting next_dagrun for group_dag to 2025-02-12T00:00:00+00:00, run_after=2025-02-13T00:00:00+00:00
[2025-02-13T08:00:33.172+0000] {processor.py:176} INFO - Processing /opt/airflow/dags/group_dag.py took 0.290 seconds
[2025-02-13T08:01:03.789+0000] {processor.py:154} INFO - Started process (PID=2176) to work on /opt/airflow/dags/group_dag.py
[2025-02-13T08:01:03.814+0000] {processor.py:756} INFO - Processing file /opt/airflow/dags/group_dag.py for tasks to queue
[2025-02-13T08:01:03.837+0000] {logging_mixin.py:120} INFO - [2025-02-13T08:01:03.836+0000] {dagbag.py:537} INFO - Filling up the DagBag from /opt/airflow/dags/group_dag.py
[2025-02-13T08:01:03.927+0000] {processor.py:766} INFO - DAG(s) dict_keys(['group_dag']) retrieved from /opt/airflow/dags/group_dag.py
[2025-02-13T08:01:04.047+0000] {logging_mixin.py:120} INFO - [2025-02-13T08:01:04.046+0000] {dag.py:2585} INFO - Sync 1 DAGs
[2025-02-13T08:01:04.124+0000] {logging_mixin.py:120} INFO - [2025-02-13T08:01:04.124+0000] {dag.py:3340} INFO - Setting next_dagrun for group_dag to 2025-02-12T00:00:00+00:00, run_after=2025-02-13T00:00:00+00:00
[2025-02-13T08:01:04.228+0000] {processor.py:176} INFO - Processing /opt/airflow/dags/group_dag.py took 0.449 seconds
[2025-02-13T08:01:34.292+0000] {processor.py:154} INFO - Started process (PID=2194) to work on /opt/airflow/dags/group_dag.py
[2025-02-13T08:01:34.294+0000] {processor.py:756} INFO - Processing file /opt/airflow/dags/group_dag.py for tasks to queue
[2025-02-13T08:01:34.296+0000] {logging_mixin.py:120} INFO - [2025-02-13T08:01:34.295+0000] {dagbag.py:537} INFO - Filling up the DagBag from /opt/airflow/dags/group_dag.py
[2025-02-13T08:01:34.356+0000] {processor.py:766} INFO - DAG(s) dict_keys(['group_dag']) retrieved from /opt/airflow/dags/group_dag.py
[2025-02-13T08:01:34.496+0000] {logging_mixin.py:120} INFO - [2025-02-13T08:01:34.495+0000] {dag.py:2585} INFO - Sync 1 DAGs
[2025-02-13T08:01:34.675+0000] {logging_mixin.py:120} INFO - [2025-02-13T08:01:34.674+0000] {dag.py:3340} INFO - Setting next_dagrun for group_dag to 2025-02-12T00:00:00+00:00, run_after=2025-02-13T00:00:00+00:00
[2025-02-13T08:01:34.770+0000] {processor.py:176} INFO - Processing /opt/airflow/dags/group_dag.py took 0.487 seconds
[2025-02-13T08:02:04.829+0000] {processor.py:154} INFO - Started process (PID=2229) to work on /opt/airflow/dags/group_dag.py
[2025-02-13T08:02:04.831+0000] {processor.py:756} INFO - Processing file /opt/airflow/dags/group_dag.py for tasks to queue
[2025-02-13T08:02:04.832+0000] {logging_mixin.py:120} INFO - [2025-02-13T08:02:04.832+0000] {dagbag.py:537} INFO - Filling up the DagBag from /opt/airflow/dags/group_dag.py
[2025-02-13T08:02:04.874+0000] {processor.py:766} INFO - DAG(s) dict_keys(['group_dag']) retrieved from /opt/airflow/dags/group_dag.py
[2025-02-13T08:02:04.957+0000] {logging_mixin.py:120} INFO - [2025-02-13T08:02:04.957+0000] {dag.py:2585} INFO - Sync 1 DAGs
[2025-02-13T08:02:05.011+0000] {logging_mixin.py:120} INFO - [2025-02-13T08:02:05.011+0000] {dag.py:3340} INFO - Setting next_dagrun for group_dag to 2025-02-12T00:00:00+00:00, run_after=2025-02-13T00:00:00+00:00
[2025-02-13T08:02:05.045+0000] {processor.py:176} INFO - Processing /opt/airflow/dags/group_dag.py took 0.221 seconds
[2025-02-13T08:02:35.305+0000] {processor.py:154} INFO - Started process (PID=2264) to work on /opt/airflow/dags/group_dag.py
[2025-02-13T08:02:35.307+0000] {processor.py:756} INFO - Processing file /opt/airflow/dags/group_dag.py for tasks to queue
[2025-02-13T08:02:35.308+0000] {logging_mixin.py:120} INFO - [2025-02-13T08:02:35.308+0000] {dagbag.py:537} INFO - Filling up the DagBag from /opt/airflow/dags/group_dag.py
[2025-02-13T08:02:35.351+0000] {processor.py:766} INFO - DAG(s) dict_keys(['group_dag']) retrieved from /opt/airflow/dags/group_dag.py
[2025-02-13T08:02:35.422+0000] {logging_mixin.py:120} INFO - [2025-02-13T08:02:35.422+0000] {dag.py:2585} INFO - Sync 1 DAGs
[2025-02-13T08:02:35.473+0000] {logging_mixin.py:120} INFO - [2025-02-13T08:02:35.472+0000] {dag.py:3340} INFO - Setting next_dagrun for group_dag to 2025-02-12T00:00:00+00:00, run_after=2025-02-13T00:00:00+00:00
[2025-02-13T08:02:35.509+0000] {processor.py:176} INFO - Processing /opt/airflow/dags/group_dag.py took 0.210 seconds
[2025-02-13T08:03:06.161+0000] {processor.py:154} INFO - Started process (PID=2300) to work on /opt/airflow/dags/group_dag.py
[2025-02-13T08:03:06.162+0000] {processor.py:756} INFO - Processing file /opt/airflow/dags/group_dag.py for tasks to queue
[2025-02-13T08:03:06.164+0000] {logging_mixin.py:120} INFO - [2025-02-13T08:03:06.163+0000] {dagbag.py:537} INFO - Filling up the DagBag from /opt/airflow/dags/group_dag.py
[2025-02-13T08:03:06.210+0000] {processor.py:766} INFO - DAG(s) dict_keys(['group_dag']) retrieved from /opt/airflow/dags/group_dag.py
[2025-02-13T08:03:06.280+0000] {logging_mixin.py:120} INFO - [2025-02-13T08:03:06.279+0000] {dag.py:2585} INFO - Sync 1 DAGs
[2025-02-13T08:03:06.326+0000] {logging_mixin.py:120} INFO - [2025-02-13T08:03:06.326+0000] {dag.py:3340} INFO - Setting next_dagrun for group_dag to 2025-02-12T00:00:00+00:00, run_after=2025-02-13T00:00:00+00:00
[2025-02-13T08:03:06.358+0000] {processor.py:176} INFO - Processing /opt/airflow/dags/group_dag.py took 0.202 seconds
[2025-02-13T08:03:37.134+0000] {processor.py:154} INFO - Started process (PID=2326) to work on /opt/airflow/dags/group_dag.py
[2025-02-13T08:03:37.141+0000] {processor.py:756} INFO - Processing file /opt/airflow/dags/group_dag.py for tasks to queue
[2025-02-13T08:03:37.147+0000] {logging_mixin.py:120} INFO - [2025-02-13T08:03:37.146+0000] {dagbag.py:537} INFO - Filling up the DagBag from /opt/airflow/dags/group_dag.py
[2025-02-13T08:03:37.516+0000] {processor.py:766} INFO - DAG(s) dict_keys(['group_dag']) retrieved from /opt/airflow/dags/group_dag.py
[2025-02-13T08:05:00.495+0000] {processor.py:154} INFO - Started process (PID=73) to work on /opt/airflow/dags/group_dag.py
[2025-02-13T08:05:00.498+0000] {processor.py:756} INFO - Processing file /opt/airflow/dags/group_dag.py for tasks to queue
[2025-02-13T08:05:00.504+0000] {logging_mixin.py:120} INFO - [2025-02-13T08:05:00.501+0000] {dagbag.py:537} INFO - Filling up the DagBag from /opt/airflow/dags/group_dag.py
[2025-02-13T08:05:00.617+0000] {processor.py:766} INFO - DAG(s) dict_keys(['group_dag']) retrieved from /opt/airflow/dags/group_dag.py
[2025-02-13T08:05:00.873+0000] {logging_mixin.py:120} INFO - [2025-02-13T08:05:00.873+0000] {dag.py:2585} INFO - Sync 1 DAGs
[2025-02-13T08:05:00.945+0000] {logging_mixin.py:120} INFO - [2025-02-13T08:05:00.944+0000] {dag.py:3340} INFO - Setting next_dagrun for group_dag to 2025-02-12T00:00:00+00:00, run_after=2025-02-13T00:00:00+00:00
[2025-02-13T08:05:00.989+0000] {processor.py:176} INFO - Processing /opt/airflow/dags/group_dag.py took 0.502 seconds
[2025-02-13T08:05:31.460+0000] {processor.py:154} INFO - Started process (PID=100) to work on /opt/airflow/dags/group_dag.py
[2025-02-13T08:05:31.463+0000] {processor.py:756} INFO - Processing file /opt/airflow/dags/group_dag.py for tasks to queue
[2025-02-13T08:05:31.465+0000] {logging_mixin.py:120} INFO - [2025-02-13T08:05:31.464+0000] {dagbag.py:537} INFO - Filling up the DagBag from /opt/airflow/dags/group_dag.py
[2025-02-13T08:05:31.514+0000] {processor.py:766} INFO - DAG(s) dict_keys(['group_dag']) retrieved from /opt/airflow/dags/group_dag.py
[2025-02-13T08:05:31.587+0000] {logging_mixin.py:120} INFO - [2025-02-13T08:05:31.587+0000] {dag.py:2585} INFO - Sync 1 DAGs
[2025-02-13T08:05:31.635+0000] {logging_mixin.py:120} INFO - [2025-02-13T08:05:31.635+0000] {dag.py:3340} INFO - Setting next_dagrun for group_dag to 2025-02-12T00:00:00+00:00, run_after=2025-02-13T00:00:00+00:00
[2025-02-13T08:05:31.672+0000] {processor.py:176} INFO - Processing /opt/airflow/dags/group_dag.py took 0.220 seconds
[2025-02-13T08:06:01.890+0000] {processor.py:154} INFO - Started process (PID=128) to work on /opt/airflow/dags/group_dag.py
[2025-02-13T08:06:01.894+0000] {processor.py:756} INFO - Processing file /opt/airflow/dags/group_dag.py for tasks to queue
[2025-02-13T08:06:01.895+0000] {logging_mixin.py:120} INFO - [2025-02-13T08:06:01.895+0000] {dagbag.py:537} INFO - Filling up the DagBag from /opt/airflow/dags/group_dag.py
[2025-02-13T08:06:01.983+0000] {processor.py:766} INFO - DAG(s) dict_keys(['group_dag']) retrieved from /opt/airflow/dags/group_dag.py
[2025-02-13T08:06:02.281+0000] {logging_mixin.py:120} INFO - [2025-02-13T08:06:02.281+0000] {dag.py:2585} INFO - Sync 1 DAGs
[2025-02-13T08:06:02.409+0000] {logging_mixin.py:120} INFO - [2025-02-13T08:06:02.409+0000] {dag.py:3340} INFO - Setting next_dagrun for group_dag to 2025-02-12T00:00:00+00:00, run_after=2025-02-13T00:00:00+00:00
[2025-02-13T08:06:02.461+0000] {processor.py:176} INFO - Processing /opt/airflow/dags/group_dag.py took 0.591 seconds
[2025-02-13T08:06:32.536+0000] {processor.py:154} INFO - Started process (PID=164) to work on /opt/airflow/dags/group_dag.py
[2025-02-13T08:06:32.538+0000] {processor.py:756} INFO - Processing file /opt/airflow/dags/group_dag.py for tasks to queue
[2025-02-13T08:06:32.539+0000] {logging_mixin.py:120} INFO - [2025-02-13T08:06:32.539+0000] {dagbag.py:537} INFO - Filling up the DagBag from /opt/airflow/dags/group_dag.py
[2025-02-13T08:06:32.586+0000] {processor.py:766} INFO - DAG(s) dict_keys(['group_dag']) retrieved from /opt/airflow/dags/group_dag.py
[2025-02-13T08:06:32.661+0000] {logging_mixin.py:120} INFO - [2025-02-13T08:06:32.661+0000] {dag.py:2585} INFO - Sync 1 DAGs
[2025-02-13T08:06:32.710+0000] {logging_mixin.py:120} INFO - [2025-02-13T08:06:32.710+0000] {dag.py:3340} INFO - Setting next_dagrun for group_dag to 2025-02-12T00:00:00+00:00, run_after=2025-02-13T00:00:00+00:00
[2025-02-13T08:06:32.745+0000] {processor.py:176} INFO - Processing /opt/airflow/dags/group_dag.py took 0.214 seconds
[2025-02-13T08:07:03.458+0000] {processor.py:154} INFO - Started process (PID=191) to work on /opt/airflow/dags/group_dag.py
[2025-02-13T08:07:03.460+0000] {processor.py:756} INFO - Processing file /opt/airflow/dags/group_dag.py for tasks to queue
[2025-02-13T08:07:03.463+0000] {logging_mixin.py:120} INFO - [2025-02-13T08:07:03.462+0000] {dagbag.py:537} INFO - Filling up the DagBag from /opt/airflow/dags/group_dag.py
[2025-02-13T08:07:03.647+0000] {processor.py:766} INFO - DAG(s) dict_keys(['group_dag']) retrieved from /opt/airflow/dags/group_dag.py
[2025-02-13T08:07:03.743+0000] {logging_mixin.py:120} INFO - [2025-02-13T08:07:03.742+0000] {dag.py:2585} INFO - Sync 1 DAGs
[2025-02-13T08:07:03.857+0000] {logging_mixin.py:120} INFO - [2025-02-13T08:07:03.856+0000] {dag.py:3340} INFO - Setting next_dagrun for group_dag to 2025-02-12T00:00:00+00:00, run_after=2025-02-13T00:00:00+00:00
[2025-02-13T08:07:03.941+0000] {processor.py:176} INFO - Processing /opt/airflow/dags/group_dag.py took 0.496 seconds
[2025-02-13T08:07:34.363+0000] {processor.py:154} INFO - Started process (PID=226) to work on /opt/airflow/dags/group_dag.py
[2025-02-13T08:07:34.364+0000] {processor.py:756} INFO - Processing file /opt/airflow/dags/group_dag.py for tasks to queue
[2025-02-13T08:07:34.365+0000] {logging_mixin.py:120} INFO - [2025-02-13T08:07:34.365+0000] {dagbag.py:537} INFO - Filling up the DagBag from /opt/airflow/dags/group_dag.py
[2025-02-13T08:07:34.409+0000] {processor.py:766} INFO - DAG(s) dict_keys(['group_dag']) retrieved from /opt/airflow/dags/group_dag.py
[2025-02-13T08:07:34.492+0000] {logging_mixin.py:120} INFO - [2025-02-13T08:07:34.492+0000] {dag.py:2585} INFO - Sync 1 DAGs
[2025-02-13T08:07:34.556+0000] {logging_mixin.py:120} INFO - [2025-02-13T08:07:34.555+0000] {dag.py:3340} INFO - Setting next_dagrun for group_dag to 2025-02-12T00:00:00+00:00, run_after=2025-02-13T00:00:00+00:00
[2025-02-13T08:07:34.595+0000] {processor.py:176} INFO - Processing /opt/airflow/dags/group_dag.py took 0.237 seconds
[2025-02-13T08:08:04.668+0000] {processor.py:154} INFO - Started process (PID=254) to work on /opt/airflow/dags/group_dag.py
[2025-02-13T08:08:04.671+0000] {processor.py:756} INFO - Processing file /opt/airflow/dags/group_dag.py for tasks to queue
[2025-02-13T08:08:04.673+0000] {logging_mixin.py:120} INFO - [2025-02-13T08:08:04.673+0000] {dagbag.py:537} INFO - Filling up the DagBag from /opt/airflow/dags/group_dag.py
[2025-02-13T08:08:04.728+0000] {processor.py:766} INFO - DAG(s) dict_keys(['group_dag']) retrieved from /opt/airflow/dags/group_dag.py
[2025-02-13T08:08:04.842+0000] {logging_mixin.py:120} INFO - [2025-02-13T08:08:04.841+0000] {dag.py:2585} INFO - Sync 1 DAGs
[2025-02-13T08:08:04.915+0000] {logging_mixin.py:120} INFO - [2025-02-13T08:08:04.915+0000] {dag.py:3340} INFO - Setting next_dagrun for group_dag to 2025-02-12T00:00:00+00:00, run_after=2025-02-13T00:00:00+00:00
[2025-02-13T08:08:04.972+0000] {processor.py:176} INFO - Processing /opt/airflow/dags/group_dag.py took 0.313 seconds
[2025-02-13T08:08:35.081+0000] {processor.py:154} INFO - Started process (PID=281) to work on /opt/airflow/dags/group_dag.py
[2025-02-13T08:08:35.082+0000] {processor.py:756} INFO - Processing file /opt/airflow/dags/group_dag.py for tasks to queue
[2025-02-13T08:08:35.083+0000] {logging_mixin.py:120} INFO - [2025-02-13T08:08:35.083+0000] {dagbag.py:537} INFO - Filling up the DagBag from /opt/airflow/dags/group_dag.py
[2025-02-13T08:08:35.133+0000] {processor.py:766} INFO - DAG(s) dict_keys(['group_dag']) retrieved from /opt/airflow/dags/group_dag.py
[2025-02-13T08:08:35.206+0000] {logging_mixin.py:120} INFO - [2025-02-13T08:08:35.205+0000] {dag.py:2585} INFO - Sync 1 DAGs
[2025-02-13T08:08:35.257+0000] {logging_mixin.py:120} INFO - [2025-02-13T08:08:35.257+0000] {dag.py:3340} INFO - Setting next_dagrun for group_dag to 2025-02-12T00:00:00+00:00, run_after=2025-02-13T00:00:00+00:00
[2025-02-13T08:08:35.294+0000] {processor.py:176} INFO - Processing /opt/airflow/dags/group_dag.py took 0.221 seconds
[2025-02-13T08:09:06.209+0000] {processor.py:154} INFO - Started process (PID=317) to work on /opt/airflow/dags/group_dag.py
[2025-02-13T08:09:06.211+0000] {processor.py:756} INFO - Processing file /opt/airflow/dags/group_dag.py for tasks to queue
[2025-02-13T08:09:06.213+0000] {logging_mixin.py:120} INFO - [2025-02-13T08:09:06.213+0000] {dagbag.py:537} INFO - Filling up the DagBag from /opt/airflow/dags/group_dag.py
[2025-02-13T08:09:06.261+0000] {processor.py:766} INFO - DAG(s) dict_keys(['group_dag']) retrieved from /opt/airflow/dags/group_dag.py
[2025-02-13T08:09:06.333+0000] {logging_mixin.py:120} INFO - [2025-02-13T08:09:06.333+0000] {dag.py:2585} INFO - Sync 1 DAGs
[2025-02-13T08:09:06.387+0000] {logging_mixin.py:120} INFO - [2025-02-13T08:09:06.387+0000] {dag.py:3340} INFO - Setting next_dagrun for group_dag to 2025-02-12T00:00:00+00:00, run_after=2025-02-13T00:00:00+00:00
[2025-02-13T08:09:06.424+0000] {processor.py:176} INFO - Processing /opt/airflow/dags/group_dag.py took 0.221 seconds
[2025-02-13T08:09:37.277+0000] {processor.py:154} INFO - Started process (PID=344) to work on /opt/airflow/dags/group_dag.py
[2025-02-13T08:09:37.279+0000] {processor.py:756} INFO - Processing file /opt/airflow/dags/group_dag.py for tasks to queue
[2025-02-13T08:09:37.280+0000] {logging_mixin.py:120} INFO - [2025-02-13T08:09:37.280+0000] {dagbag.py:537} INFO - Filling up the DagBag from /opt/airflow/dags/group_dag.py
[2025-02-13T08:09:37.331+0000] {processor.py:766} INFO - DAG(s) dict_keys(['group_dag']) retrieved from /opt/airflow/dags/group_dag.py
[2025-02-13T08:09:37.403+0000] {logging_mixin.py:120} INFO - [2025-02-13T08:09:37.402+0000] {dag.py:2585} INFO - Sync 1 DAGs
[2025-02-13T08:09:37.450+0000] {logging_mixin.py:120} INFO - [2025-02-13T08:09:37.449+0000] {dag.py:3340} INFO - Setting next_dagrun for group_dag to 2025-02-12T00:00:00+00:00, run_after=2025-02-13T00:00:00+00:00
[2025-02-13T08:09:37.483+0000] {processor.py:176} INFO - Processing /opt/airflow/dags/group_dag.py took 0.212 seconds
[2025-02-13T08:10:07.641+0000] {processor.py:154} INFO - Started process (PID=381) to work on /opt/airflow/dags/group_dag.py
[2025-02-13T08:10:07.644+0000] {processor.py:756} INFO - Processing file /opt/airflow/dags/group_dag.py for tasks to queue
[2025-02-13T08:10:07.646+0000] {logging_mixin.py:120} INFO - [2025-02-13T08:10:07.645+0000] {dagbag.py:537} INFO - Filling up the DagBag from /opt/airflow/dags/group_dag.py
[2025-02-13T08:10:07.722+0000] {processor.py:766} INFO - DAG(s) dict_keys(['group_dag']) retrieved from /opt/airflow/dags/group_dag.py
[2025-02-13T08:10:07.825+0000] {logging_mixin.py:120} INFO - [2025-02-13T08:10:07.825+0000] {dag.py:2585} INFO - Sync 1 DAGs
[2025-02-13T08:10:07.973+0000] {logging_mixin.py:120} INFO - [2025-02-13T08:10:07.972+0000] {dag.py:3340} INFO - Setting next_dagrun for group_dag to 2025-02-12T00:00:00+00:00, run_after=2025-02-13T00:00:00+00:00
[2025-02-13T08:10:08.036+0000] {processor.py:176} INFO - Processing /opt/airflow/dags/group_dag.py took 0.403 seconds
