[2025-02-13T07:18:31.002+0000] {processor.py:154} INFO - Started process (PID=67) to work on /opt/airflow/dags/xcom_dag.py
[2025-02-13T07:18:31.005+0000] {processor.py:756} INFO - Processing file /opt/airflow/dags/xcom_dag.py for tasks to queue
[2025-02-13T07:18:31.007+0000] {logging_mixin.py:120} INFO - [2025-02-13T07:18:31.007+0000] {dagbag.py:537} INFO - Filling up the DagBag from /opt/airflow/dags/xcom_dag.py
[2025-02-13T07:18:31.144+0000] {processor.py:766} INFO - DAG(s) dict_keys(['xcom_dag']) retrieved from /opt/airflow/dags/xcom_dag.py
[2025-02-13T07:18:31.286+0000] {logging_mixin.py:120} INFO - [2025-02-13T07:18:31.286+0000] {dag.py:2585} INFO - Sync 1 DAGs
[2025-02-13T07:18:31.385+0000] {logging_mixin.py:120} INFO - [2025-02-13T07:18:31.381+0000] {dag.py:3340} INFO - Setting next_dagrun for xcom_dag to 2025-02-12T00:00:00+00:00, run_after=2025-02-13T00:00:00+00:00
[2025-02-13T07:18:31.591+0000] {processor.py:176} INFO - Processing /opt/airflow/dags/xcom_dag.py took 0.595 seconds
[2025-02-13T07:19:02.047+0000] {processor.py:154} INFO - Started process (PID=94) to work on /opt/airflow/dags/xcom_dag.py
[2025-02-13T07:19:02.049+0000] {processor.py:756} INFO - Processing file /opt/airflow/dags/xcom_dag.py for tasks to queue
[2025-02-13T07:19:02.053+0000] {logging_mixin.py:120} INFO - [2025-02-13T07:19:02.051+0000] {dagbag.py:537} INFO - Filling up the DagBag from /opt/airflow/dags/xcom_dag.py
[2025-02-13T07:19:02.138+0000] {processor.py:766} INFO - DAG(s) dict_keys(['xcom_dag']) retrieved from /opt/airflow/dags/xcom_dag.py
[2025-02-13T07:19:02.347+0000] {logging_mixin.py:120} INFO - [2025-02-13T07:19:02.346+0000] {dag.py:2585} INFO - Sync 1 DAGs
[2025-02-13T07:19:02.456+0000] {logging_mixin.py:120} INFO - [2025-02-13T07:19:02.455+0000] {dag.py:3340} INFO - Setting next_dagrun for xcom_dag to 2025-02-12T00:00:00+00:00, run_after=2025-02-13T00:00:00+00:00
[2025-02-13T07:19:02.502+0000] {processor.py:176} INFO - Processing /opt/airflow/dags/xcom_dag.py took 0.465 seconds
[2025-02-13T07:19:32.706+0000] {processor.py:154} INFO - Started process (PID=121) to work on /opt/airflow/dags/xcom_dag.py
[2025-02-13T07:19:32.708+0000] {processor.py:756} INFO - Processing file /opt/airflow/dags/xcom_dag.py for tasks to queue
[2025-02-13T07:19:32.711+0000] {logging_mixin.py:120} INFO - [2025-02-13T07:19:32.711+0000] {dagbag.py:537} INFO - Filling up the DagBag from /opt/airflow/dags/xcom_dag.py
[2025-02-13T07:19:32.757+0000] {processor.py:766} INFO - DAG(s) dict_keys(['xcom_dag']) retrieved from /opt/airflow/dags/xcom_dag.py
[2025-02-13T07:19:32.844+0000] {logging_mixin.py:120} INFO - [2025-02-13T07:19:32.844+0000] {dag.py:2585} INFO - Sync 1 DAGs
[2025-02-13T07:19:32.907+0000] {logging_mixin.py:120} INFO - [2025-02-13T07:19:32.907+0000] {dag.py:3340} INFO - Setting next_dagrun for xcom_dag to 2025-02-12T00:00:00+00:00, run_after=2025-02-13T00:00:00+00:00
[2025-02-13T07:19:32.957+0000] {processor.py:176} INFO - Processing /opt/airflow/dags/xcom_dag.py took 0.257 seconds
[2025-02-13T07:20:03.572+0000] {processor.py:154} INFO - Started process (PID=157) to work on /opt/airflow/dags/xcom_dag.py
[2025-02-13T07:20:03.575+0000] {processor.py:756} INFO - Processing file /opt/airflow/dags/xcom_dag.py for tasks to queue
[2025-02-13T07:20:03.577+0000] {logging_mixin.py:120} INFO - [2025-02-13T07:20:03.576+0000] {dagbag.py:537} INFO - Filling up the DagBag from /opt/airflow/dags/xcom_dag.py
[2025-02-13T07:20:03.875+0000] {processor.py:766} INFO - DAG(s) dict_keys(['xcom_dag']) retrieved from /opt/airflow/dags/xcom_dag.py
[2025-02-13T07:20:04.038+0000] {logging_mixin.py:120} INFO - [2025-02-13T07:20:04.037+0000] {dag.py:2585} INFO - Sync 1 DAGs
[2025-02-13T07:20:04.120+0000] {logging_mixin.py:120} INFO - [2025-02-13T07:20:04.120+0000] {dag.py:3340} INFO - Setting next_dagrun for xcom_dag to 2025-02-12T00:00:00+00:00, run_after=2025-02-13T00:00:00+00:00
[2025-02-13T07:20:04.176+0000] {processor.py:176} INFO - Processing /opt/airflow/dags/xcom_dag.py took 0.621 seconds
[2025-02-13T07:20:34.922+0000] {processor.py:154} INFO - Started process (PID=185) to work on /opt/airflow/dags/xcom_dag.py
[2025-02-13T07:20:34.924+0000] {processor.py:756} INFO - Processing file /opt/airflow/dags/xcom_dag.py for tasks to queue
[2025-02-13T07:20:34.925+0000] {logging_mixin.py:120} INFO - [2025-02-13T07:20:34.925+0000] {dagbag.py:537} INFO - Filling up the DagBag from /opt/airflow/dags/xcom_dag.py
[2025-02-13T07:20:34.972+0000] {processor.py:766} INFO - DAG(s) dict_keys(['xcom_dag']) retrieved from /opt/airflow/dags/xcom_dag.py
[2025-02-13T07:20:35.052+0000] {logging_mixin.py:120} INFO - [2025-02-13T07:20:35.052+0000] {dag.py:2585} INFO - Sync 1 DAGs
[2025-02-13T07:20:35.110+0000] {logging_mixin.py:120} INFO - [2025-02-13T07:20:35.110+0000] {dag.py:3340} INFO - Setting next_dagrun for xcom_dag to 2025-02-12T00:00:00+00:00, run_after=2025-02-13T00:00:00+00:00
[2025-02-13T07:20:35.148+0000] {processor.py:176} INFO - Processing /opt/airflow/dags/xcom_dag.py took 0.231 seconds
[2025-02-13T07:21:05.256+0000] {processor.py:154} INFO - Started process (PID=212) to work on /opt/airflow/dags/xcom_dag.py
[2025-02-13T07:21:05.261+0000] {processor.py:756} INFO - Processing file /opt/airflow/dags/xcom_dag.py for tasks to queue
[2025-02-13T07:21:05.264+0000] {logging_mixin.py:120} INFO - [2025-02-13T07:21:05.264+0000] {dagbag.py:537} INFO - Filling up the DagBag from /opt/airflow/dags/xcom_dag.py
[2025-02-13T07:21:05.354+0000] {processor.py:766} INFO - DAG(s) dict_keys(['xcom_dag']) retrieved from /opt/airflow/dags/xcom_dag.py
[2025-02-13T07:21:05.540+0000] {logging_mixin.py:120} INFO - [2025-02-13T07:21:05.539+0000] {dag.py:2585} INFO - Sync 1 DAGs
[2025-02-13T07:21:05.672+0000] {logging_mixin.py:120} INFO - [2025-02-13T07:21:05.672+0000] {dag.py:3340} INFO - Setting next_dagrun for xcom_dag to 2025-02-12T00:00:00+00:00, run_after=2025-02-13T00:00:00+00:00
[2025-02-13T07:21:05.747+0000] {processor.py:176} INFO - Processing /opt/airflow/dags/xcom_dag.py took 0.505 seconds
[2025-02-13T07:21:36.371+0000] {processor.py:154} INFO - Started process (PID=248) to work on /opt/airflow/dags/xcom_dag.py
[2025-02-13T07:21:36.373+0000] {processor.py:756} INFO - Processing file /opt/airflow/dags/xcom_dag.py for tasks to queue
[2025-02-13T07:21:36.375+0000] {logging_mixin.py:120} INFO - [2025-02-13T07:21:36.374+0000] {dagbag.py:537} INFO - Filling up the DagBag from /opt/airflow/dags/xcom_dag.py
[2025-02-13T07:21:36.413+0000] {processor.py:766} INFO - DAG(s) dict_keys(['xcom_dag']) retrieved from /opt/airflow/dags/xcom_dag.py
[2025-02-13T07:21:36.493+0000] {logging_mixin.py:120} INFO - [2025-02-13T07:21:36.493+0000] {dag.py:2585} INFO - Sync 1 DAGs
[2025-02-13T07:21:36.556+0000] {logging_mixin.py:120} INFO - [2025-02-13T07:21:36.555+0000] {dag.py:3340} INFO - Setting next_dagrun for xcom_dag to 2025-02-12T00:00:00+00:00, run_after=2025-02-13T00:00:00+00:00
[2025-02-13T07:21:36.600+0000] {processor.py:176} INFO - Processing /opt/airflow/dags/xcom_dag.py took 0.236 seconds
[2025-02-13T07:22:07.518+0000] {processor.py:154} INFO - Started process (PID=274) to work on /opt/airflow/dags/xcom_dag.py
[2025-02-13T07:22:07.521+0000] {processor.py:756} INFO - Processing file /opt/airflow/dags/xcom_dag.py for tasks to queue
[2025-02-13T07:22:07.523+0000] {logging_mixin.py:120} INFO - [2025-02-13T07:22:07.523+0000] {dagbag.py:537} INFO - Filling up the DagBag from /opt/airflow/dags/xcom_dag.py
[2025-02-13T07:22:07.569+0000] {processor.py:766} INFO - DAG(s) dict_keys(['xcom_dag']) retrieved from /opt/airflow/dags/xcom_dag.py
[2025-02-13T07:22:07.649+0000] {logging_mixin.py:120} INFO - [2025-02-13T07:22:07.649+0000] {dag.py:2585} INFO - Sync 1 DAGs
[2025-02-13T07:22:07.700+0000] {logging_mixin.py:120} INFO - [2025-02-13T07:22:07.700+0000] {dag.py:3340} INFO - Setting next_dagrun for xcom_dag to 2025-02-12T00:00:00+00:00, run_after=2025-02-13T00:00:00+00:00
[2025-02-13T07:22:07.740+0000] {processor.py:176} INFO - Processing /opt/airflow/dags/xcom_dag.py took 0.230 seconds
[2025-02-13T07:22:38.542+0000] {processor.py:154} INFO - Started process (PID=309) to work on /opt/airflow/dags/xcom_dag.py
[2025-02-13T07:22:38.545+0000] {processor.py:756} INFO - Processing file /opt/airflow/dags/xcom_dag.py for tasks to queue
[2025-02-13T07:22:38.550+0000] {logging_mixin.py:120} INFO - [2025-02-13T07:22:38.549+0000] {dagbag.py:537} INFO - Filling up the DagBag from /opt/airflow/dags/xcom_dag.py
[2025-02-13T07:22:38.590+0000] {processor.py:766} INFO - DAG(s) dict_keys(['xcom_dag']) retrieved from /opt/airflow/dags/xcom_dag.py
[2025-02-13T07:22:38.675+0000] {logging_mixin.py:120} INFO - [2025-02-13T07:22:38.674+0000] {dag.py:2585} INFO - Sync 1 DAGs
[2025-02-13T07:22:38.737+0000] {logging_mixin.py:120} INFO - [2025-02-13T07:22:38.737+0000] {dag.py:3340} INFO - Setting next_dagrun for xcom_dag to 2025-02-12T00:00:00+00:00, run_after=2025-02-13T00:00:00+00:00
[2025-02-13T07:22:38.775+0000] {processor.py:176} INFO - Processing /opt/airflow/dags/xcom_dag.py took 0.242 seconds
[2025-02-13T07:23:09.322+0000] {processor.py:154} INFO - Started process (PID=336) to work on /opt/airflow/dags/xcom_dag.py
[2025-02-13T07:23:09.325+0000] {processor.py:756} INFO - Processing file /opt/airflow/dags/xcom_dag.py for tasks to queue
[2025-02-13T07:23:09.329+0000] {logging_mixin.py:120} INFO - [2025-02-13T07:23:09.329+0000] {dagbag.py:537} INFO - Filling up the DagBag from /opt/airflow/dags/xcom_dag.py
[2025-02-13T07:23:09.365+0000] {processor.py:766} INFO - DAG(s) dict_keys(['xcom_dag']) retrieved from /opt/airflow/dags/xcom_dag.py
[2025-02-13T07:23:09.432+0000] {logging_mixin.py:120} INFO - [2025-02-13T07:23:09.431+0000] {dag.py:2585} INFO - Sync 1 DAGs
[2025-02-13T07:23:09.476+0000] {logging_mixin.py:120} INFO - [2025-02-13T07:23:09.475+0000] {dag.py:3340} INFO - Setting next_dagrun for xcom_dag to 2025-02-12T00:00:00+00:00, run_after=2025-02-13T00:00:00+00:00
[2025-02-13T07:23:09.514+0000] {processor.py:176} INFO - Processing /opt/airflow/dags/xcom_dag.py took 0.198 seconds
[2025-02-13T07:23:40.270+0000] {processor.py:154} INFO - Started process (PID=372) to work on /opt/airflow/dags/xcom_dag.py
[2025-02-13T07:23:40.283+0000] {processor.py:756} INFO - Processing file /opt/airflow/dags/xcom_dag.py for tasks to queue
[2025-02-13T07:23:40.287+0000] {logging_mixin.py:120} INFO - [2025-02-13T07:23:40.287+0000] {dagbag.py:537} INFO - Filling up the DagBag from /opt/airflow/dags/xcom_dag.py
[2025-02-13T07:23:40.482+0000] {processor.py:766} INFO - DAG(s) dict_keys(['xcom_dag']) retrieved from /opt/airflow/dags/xcom_dag.py
[2025-02-13T07:23:40.696+0000] {logging_mixin.py:120} INFO - [2025-02-13T07:23:40.695+0000] {dag.py:2585} INFO - Sync 1 DAGs
[2025-02-13T07:23:40.857+0000] {logging_mixin.py:120} INFO - [2025-02-13T07:23:40.857+0000] {dag.py:3340} INFO - Setting next_dagrun for xcom_dag to 2025-02-12T00:00:00+00:00, run_after=2025-02-13T00:00:00+00:00
[2025-02-13T07:23:40.929+0000] {processor.py:176} INFO - Processing /opt/airflow/dags/xcom_dag.py took 0.697 seconds
[2025-02-13T07:24:11.326+0000] {processor.py:154} INFO - Started process (PID=398) to work on /opt/airflow/dags/xcom_dag.py
[2025-02-13T07:24:11.328+0000] {processor.py:756} INFO - Processing file /opt/airflow/dags/xcom_dag.py for tasks to queue
[2025-02-13T07:24:11.329+0000] {logging_mixin.py:120} INFO - [2025-02-13T07:24:11.329+0000] {dagbag.py:537} INFO - Filling up the DagBag from /opt/airflow/dags/xcom_dag.py
[2025-02-13T07:24:11.366+0000] {processor.py:766} INFO - DAG(s) dict_keys(['xcom_dag']) retrieved from /opt/airflow/dags/xcom_dag.py
[2025-02-13T07:24:11.478+0000] {logging_mixin.py:120} INFO - [2025-02-13T07:24:11.477+0000] {dag.py:2585} INFO - Sync 1 DAGs
[2025-02-13T07:24:11.532+0000] {logging_mixin.py:120} INFO - [2025-02-13T07:24:11.532+0000] {dag.py:3340} INFO - Setting next_dagrun for xcom_dag to 2025-02-12T00:00:00+00:00, run_after=2025-02-13T00:00:00+00:00
[2025-02-13T07:24:11.572+0000] {processor.py:176} INFO - Processing /opt/airflow/dags/xcom_dag.py took 0.251 seconds
[2025-02-13T07:25:39.313+0000] {processor.py:154} INFO - Started process (PID=47) to work on /opt/airflow/dags/xcom_dag.py
[2025-02-13T07:25:39.316+0000] {processor.py:756} INFO - Processing file /opt/airflow/dags/xcom_dag.py for tasks to queue
[2025-02-13T07:25:39.318+0000] {logging_mixin.py:120} INFO - [2025-02-13T07:25:39.318+0000] {dagbag.py:537} INFO - Filling up the DagBag from /opt/airflow/dags/xcom_dag.py
[2025-02-13T07:25:39.435+0000] {processor.py:766} INFO - DAG(s) dict_keys(['xcom_dag']) retrieved from /opt/airflow/dags/xcom_dag.py
[2025-02-13T07:25:39.678+0000] {logging_mixin.py:120} INFO - [2025-02-13T07:25:39.678+0000] {dag.py:2585} INFO - Sync 1 DAGs
[2025-02-13T07:25:39.744+0000] {logging_mixin.py:120} INFO - [2025-02-13T07:25:39.744+0000] {dag.py:3340} INFO - Setting next_dagrun for xcom_dag to 2025-02-12T00:00:00+00:00, run_after=2025-02-13T00:00:00+00:00
[2025-02-13T07:25:39.800+0000] {processor.py:176} INFO - Processing /opt/airflow/dags/xcom_dag.py took 0.492 seconds
[2025-02-13T07:26:10.197+0000] {processor.py:154} INFO - Started process (PID=83) to work on /opt/airflow/dags/xcom_dag.py
[2025-02-13T07:26:10.201+0000] {processor.py:756} INFO - Processing file /opt/airflow/dags/xcom_dag.py for tasks to queue
[2025-02-13T07:26:10.203+0000] {logging_mixin.py:120} INFO - [2025-02-13T07:26:10.203+0000] {dagbag.py:537} INFO - Filling up the DagBag from /opt/airflow/dags/xcom_dag.py
[2025-02-13T07:26:10.243+0000] {processor.py:766} INFO - DAG(s) dict_keys(['xcom_dag']) retrieved from /opt/airflow/dags/xcom_dag.py
[2025-02-13T07:26:10.315+0000] {logging_mixin.py:120} INFO - [2025-02-13T07:26:10.314+0000] {dag.py:2585} INFO - Sync 1 DAGs
[2025-02-13T07:26:10.376+0000] {logging_mixin.py:120} INFO - [2025-02-13T07:26:10.376+0000] {dag.py:3340} INFO - Setting next_dagrun for xcom_dag to 2025-02-12T00:00:00+00:00, run_after=2025-02-13T00:00:00+00:00
[2025-02-13T07:26:10.418+0000] {processor.py:176} INFO - Processing /opt/airflow/dags/xcom_dag.py took 0.228 seconds
[2025-02-13T07:26:41.052+0000] {processor.py:154} INFO - Started process (PID=109) to work on /opt/airflow/dags/xcom_dag.py
[2025-02-13T07:26:41.055+0000] {processor.py:756} INFO - Processing file /opt/airflow/dags/xcom_dag.py for tasks to queue
[2025-02-13T07:26:41.058+0000] {logging_mixin.py:120} INFO - [2025-02-13T07:26:41.058+0000] {dagbag.py:537} INFO - Filling up the DagBag from /opt/airflow/dags/xcom_dag.py
[2025-02-13T07:26:41.099+0000] {processor.py:766} INFO - DAG(s) dict_keys(['xcom_dag']) retrieved from /opt/airflow/dags/xcom_dag.py
[2025-02-13T07:26:41.178+0000] {logging_mixin.py:120} INFO - [2025-02-13T07:26:41.178+0000] {dag.py:2585} INFO - Sync 1 DAGs
[2025-02-13T07:26:41.229+0000] {logging_mixin.py:120} INFO - [2025-02-13T07:26:41.228+0000] {dag.py:3340} INFO - Setting next_dagrun for xcom_dag to 2025-02-12T00:00:00+00:00, run_after=2025-02-13T00:00:00+00:00
[2025-02-13T07:26:41.261+0000] {processor.py:176} INFO - Processing /opt/airflow/dags/xcom_dag.py took 0.217 seconds
[2025-02-13T07:27:11.932+0000] {processor.py:154} INFO - Started process (PID=145) to work on /opt/airflow/dags/xcom_dag.py
[2025-02-13T07:27:11.935+0000] {processor.py:756} INFO - Processing file /opt/airflow/dags/xcom_dag.py for tasks to queue
[2025-02-13T07:27:11.937+0000] {logging_mixin.py:120} INFO - [2025-02-13T07:27:11.937+0000] {dagbag.py:537} INFO - Filling up the DagBag from /opt/airflow/dags/xcom_dag.py
[2025-02-13T07:27:11.978+0000] {processor.py:766} INFO - DAG(s) dict_keys(['xcom_dag']) retrieved from /opt/airflow/dags/xcom_dag.py
[2025-02-13T07:27:12.050+0000] {logging_mixin.py:120} INFO - [2025-02-13T07:27:12.050+0000] {dag.py:2585} INFO - Sync 1 DAGs
[2025-02-13T07:27:12.098+0000] {logging_mixin.py:120} INFO - [2025-02-13T07:27:12.098+0000] {dag.py:3340} INFO - Setting next_dagrun for xcom_dag to 2025-02-12T00:00:00+00:00, run_after=2025-02-13T00:00:00+00:00
[2025-02-13T07:27:12.134+0000] {processor.py:176} INFO - Processing /opt/airflow/dags/xcom_dag.py took 0.207 seconds
[2025-02-13T07:27:42.821+0000] {processor.py:154} INFO - Started process (PID=179) to work on /opt/airflow/dags/xcom_dag.py
[2025-02-13T07:27:42.822+0000] {processor.py:756} INFO - Processing file /opt/airflow/dags/xcom_dag.py for tasks to queue
[2025-02-13T07:27:42.824+0000] {logging_mixin.py:120} INFO - [2025-02-13T07:27:42.824+0000] {dagbag.py:537} INFO - Filling up the DagBag from /opt/airflow/dags/xcom_dag.py
[2025-02-13T07:27:42.871+0000] {processor.py:766} INFO - DAG(s) dict_keys(['xcom_dag']) retrieved from /opt/airflow/dags/xcom_dag.py
[2025-02-13T07:27:42.952+0000] {logging_mixin.py:120} INFO - [2025-02-13T07:27:42.952+0000] {dag.py:2585} INFO - Sync 1 DAGs
[2025-02-13T07:27:43.002+0000] {logging_mixin.py:120} INFO - [2025-02-13T07:27:43.002+0000] {dag.py:3340} INFO - Setting next_dagrun for xcom_dag to 2025-02-12T00:00:00+00:00, run_after=2025-02-13T00:00:00+00:00
[2025-02-13T07:27:43.039+0000] {processor.py:176} INFO - Processing /opt/airflow/dags/xcom_dag.py took 0.225 seconds
[2025-02-13T07:28:13.664+0000] {processor.py:154} INFO - Started process (PID=209) to work on /opt/airflow/dags/xcom_dag.py
[2025-02-13T07:28:13.665+0000] {processor.py:756} INFO - Processing file /opt/airflow/dags/xcom_dag.py for tasks to queue
[2025-02-13T07:28:13.667+0000] {logging_mixin.py:120} INFO - [2025-02-13T07:28:13.667+0000] {dagbag.py:537} INFO - Filling up the DagBag from /opt/airflow/dags/xcom_dag.py
[2025-02-13T07:28:13.711+0000] {processor.py:766} INFO - DAG(s) dict_keys(['xcom_dag']) retrieved from /opt/airflow/dags/xcom_dag.py
[2025-02-13T07:28:13.794+0000] {logging_mixin.py:120} INFO - [2025-02-13T07:28:13.794+0000] {dag.py:2585} INFO - Sync 1 DAGs
[2025-02-13T07:28:13.839+0000] {logging_mixin.py:120} INFO - [2025-02-13T07:28:13.839+0000] {dag.py:3340} INFO - Setting next_dagrun for xcom_dag to 2025-02-12T00:00:00+00:00, run_after=2025-02-13T00:00:00+00:00
[2025-02-13T07:28:13.872+0000] {processor.py:176} INFO - Processing /opt/airflow/dags/xcom_dag.py took 0.213 seconds
[2025-02-13T07:28:44.556+0000] {processor.py:154} INFO - Started process (PID=244) to work on /opt/airflow/dags/xcom_dag.py
[2025-02-13T07:28:44.559+0000] {processor.py:756} INFO - Processing file /opt/airflow/dags/xcom_dag.py for tasks to queue
[2025-02-13T07:28:44.563+0000] {logging_mixin.py:120} INFO - [2025-02-13T07:28:44.562+0000] {dagbag.py:537} INFO - Filling up the DagBag from /opt/airflow/dags/xcom_dag.py
[2025-02-13T07:28:44.614+0000] {processor.py:766} INFO - DAG(s) dict_keys(['xcom_dag']) retrieved from /opt/airflow/dags/xcom_dag.py
[2025-02-13T07:28:44.726+0000] {logging_mixin.py:120} INFO - [2025-02-13T07:28:44.726+0000] {dag.py:2585} INFO - Sync 1 DAGs
[2025-02-13T07:28:44.826+0000] {logging_mixin.py:120} INFO - [2025-02-13T07:28:44.826+0000] {dag.py:3340} INFO - Setting next_dagrun for xcom_dag to 2025-02-12T00:00:00+00:00, run_after=2025-02-13T00:00:00+00:00
[2025-02-13T07:28:44.870+0000] {processor.py:176} INFO - Processing /opt/airflow/dags/xcom_dag.py took 0.320 seconds
[2025-02-13T07:29:15.404+0000] {processor.py:154} INFO - Started process (PID=271) to work on /opt/airflow/dags/xcom_dag.py
[2025-02-13T07:29:15.407+0000] {processor.py:756} INFO - Processing file /opt/airflow/dags/xcom_dag.py for tasks to queue
[2025-02-13T07:29:15.409+0000] {logging_mixin.py:120} INFO - [2025-02-13T07:29:15.409+0000] {dagbag.py:537} INFO - Filling up the DagBag from /opt/airflow/dags/xcom_dag.py
[2025-02-13T07:29:15.449+0000] {processor.py:766} INFO - DAG(s) dict_keys(['xcom_dag']) retrieved from /opt/airflow/dags/xcom_dag.py
[2025-02-13T07:29:15.525+0000] {logging_mixin.py:120} INFO - [2025-02-13T07:29:15.524+0000] {dag.py:2585} INFO - Sync 1 DAGs
[2025-02-13T07:29:15.575+0000] {logging_mixin.py:120} INFO - [2025-02-13T07:29:15.575+0000] {dag.py:3340} INFO - Setting next_dagrun for xcom_dag to 2025-02-12T00:00:00+00:00, run_after=2025-02-13T00:00:00+00:00
[2025-02-13T07:29:15.616+0000] {processor.py:176} INFO - Processing /opt/airflow/dags/xcom_dag.py took 0.219 seconds
[2025-02-13T07:29:46.465+0000] {processor.py:154} INFO - Started process (PID=297) to work on /opt/airflow/dags/xcom_dag.py
[2025-02-13T07:29:46.466+0000] {processor.py:756} INFO - Processing file /opt/airflow/dags/xcom_dag.py for tasks to queue
[2025-02-13T07:29:46.468+0000] {logging_mixin.py:120} INFO - [2025-02-13T07:29:46.468+0000] {dagbag.py:537} INFO - Filling up the DagBag from /opt/airflow/dags/xcom_dag.py
[2025-02-13T07:29:46.513+0000] {processor.py:766} INFO - DAG(s) dict_keys(['xcom_dag']) retrieved from /opt/airflow/dags/xcom_dag.py
[2025-02-13T07:29:46.595+0000] {logging_mixin.py:120} INFO - [2025-02-13T07:29:46.595+0000] {dag.py:2585} INFO - Sync 1 DAGs
[2025-02-13T07:29:46.675+0000] {logging_mixin.py:120} INFO - [2025-02-13T07:29:46.675+0000] {dag.py:3340} INFO - Setting next_dagrun for xcom_dag to 2025-02-12T00:00:00+00:00, run_after=2025-02-13T00:00:00+00:00
[2025-02-13T07:29:46.707+0000] {processor.py:176} INFO - Processing /opt/airflow/dags/xcom_dag.py took 0.248 seconds
[2025-02-13T07:30:17.030+0000] {processor.py:154} INFO - Started process (PID=332) to work on /opt/airflow/dags/xcom_dag.py
[2025-02-13T07:30:17.032+0000] {processor.py:756} INFO - Processing file /opt/airflow/dags/xcom_dag.py for tasks to queue
[2025-02-13T07:30:17.037+0000] {logging_mixin.py:120} INFO - [2025-02-13T07:30:17.037+0000] {dagbag.py:537} INFO - Filling up the DagBag from /opt/airflow/dags/xcom_dag.py
[2025-02-13T07:30:17.093+0000] {processor.py:766} INFO - DAG(s) dict_keys(['xcom_dag']) retrieved from /opt/airflow/dags/xcom_dag.py
[2025-02-13T07:30:17.169+0000] {logging_mixin.py:120} INFO - [2025-02-13T07:30:17.168+0000] {dag.py:2585} INFO - Sync 1 DAGs
[2025-02-13T07:30:17.219+0000] {logging_mixin.py:120} INFO - [2025-02-13T07:30:17.219+0000] {dag.py:3340} INFO - Setting next_dagrun for xcom_dag to 2025-02-12T00:00:00+00:00, run_after=2025-02-13T00:00:00+00:00
[2025-02-13T07:30:17.252+0000] {processor.py:176} INFO - Processing /opt/airflow/dags/xcom_dag.py took 0.231 seconds
[2025-02-13T07:30:47.611+0000] {processor.py:154} INFO - Started process (PID=359) to work on /opt/airflow/dags/xcom_dag.py
[2025-02-13T07:30:47.613+0000] {processor.py:756} INFO - Processing file /opt/airflow/dags/xcom_dag.py for tasks to queue
[2025-02-13T07:30:47.615+0000] {logging_mixin.py:120} INFO - [2025-02-13T07:30:47.615+0000] {dagbag.py:537} INFO - Filling up the DagBag from /opt/airflow/dags/xcom_dag.py
[2025-02-13T07:30:47.657+0000] {processor.py:766} INFO - DAG(s) dict_keys(['xcom_dag']) retrieved from /opt/airflow/dags/xcom_dag.py
[2025-02-13T07:30:47.780+0000] {logging_mixin.py:120} INFO - [2025-02-13T07:30:47.780+0000] {dag.py:2585} INFO - Sync 1 DAGs
[2025-02-13T07:30:47.855+0000] {logging_mixin.py:120} INFO - [2025-02-13T07:30:47.854+0000] {dag.py:3340} INFO - Setting next_dagrun for xcom_dag to 2025-02-12T00:00:00+00:00, run_after=2025-02-13T00:00:00+00:00
[2025-02-13T07:30:47.889+0000] {processor.py:176} INFO - Processing /opt/airflow/dags/xcom_dag.py took 0.286 seconds
[2025-02-13T07:31:17.958+0000] {processor.py:154} INFO - Started process (PID=394) to work on /opt/airflow/dags/xcom_dag.py
[2025-02-13T07:31:17.961+0000] {processor.py:756} INFO - Processing file /opt/airflow/dags/xcom_dag.py for tasks to queue
[2025-02-13T07:31:17.962+0000] {logging_mixin.py:120} INFO - [2025-02-13T07:31:17.962+0000] {dagbag.py:537} INFO - Filling up the DagBag from /opt/airflow/dags/xcom_dag.py
[2025-02-13T07:31:18.002+0000] {processor.py:766} INFO - DAG(s) dict_keys(['xcom_dag']) retrieved from /opt/airflow/dags/xcom_dag.py
[2025-02-13T07:31:18.068+0000] {logging_mixin.py:120} INFO - [2025-02-13T07:31:18.068+0000] {dag.py:2585} INFO - Sync 1 DAGs
[2025-02-13T07:31:18.114+0000] {logging_mixin.py:120} INFO - [2025-02-13T07:31:18.114+0000] {dag.py:3340} INFO - Setting next_dagrun for xcom_dag to 2025-02-12T00:00:00+00:00, run_after=2025-02-13T00:00:00+00:00
[2025-02-13T07:31:18.145+0000] {processor.py:176} INFO - Processing /opt/airflow/dags/xcom_dag.py took 0.193 seconds
[2025-02-13T07:31:49.044+0000] {processor.py:154} INFO - Started process (PID=420) to work on /opt/airflow/dags/xcom_dag.py
[2025-02-13T07:31:49.046+0000] {processor.py:756} INFO - Processing file /opt/airflow/dags/xcom_dag.py for tasks to queue
[2025-02-13T07:31:49.047+0000] {logging_mixin.py:120} INFO - [2025-02-13T07:31:49.047+0000] {dagbag.py:537} INFO - Filling up the DagBag from /opt/airflow/dags/xcom_dag.py
[2025-02-13T07:31:49.082+0000] {processor.py:766} INFO - DAG(s) dict_keys(['xcom_dag']) retrieved from /opt/airflow/dags/xcom_dag.py
[2025-02-13T07:31:49.149+0000] {logging_mixin.py:120} INFO - [2025-02-13T07:31:49.148+0000] {dag.py:2585} INFO - Sync 1 DAGs
[2025-02-13T07:31:49.192+0000] {logging_mixin.py:120} INFO - [2025-02-13T07:31:49.192+0000] {dag.py:3340} INFO - Setting next_dagrun for xcom_dag to 2025-02-12T00:00:00+00:00, run_after=2025-02-13T00:00:00+00:00
[2025-02-13T07:31:49.223+0000] {processor.py:176} INFO - Processing /opt/airflow/dags/xcom_dag.py took 0.184 seconds
[2025-02-13T07:32:20.055+0000] {processor.py:154} INFO - Started process (PID=456) to work on /opt/airflow/dags/xcom_dag.py
[2025-02-13T07:32:20.058+0000] {processor.py:756} INFO - Processing file /opt/airflow/dags/xcom_dag.py for tasks to queue
[2025-02-13T07:32:20.060+0000] {logging_mixin.py:120} INFO - [2025-02-13T07:32:20.060+0000] {dagbag.py:537} INFO - Filling up the DagBag from /opt/airflow/dags/xcom_dag.py
[2025-02-13T07:32:20.100+0000] {processor.py:766} INFO - DAG(s) dict_keys(['xcom_dag']) retrieved from /opt/airflow/dags/xcom_dag.py
[2025-02-13T07:32:20.163+0000] {logging_mixin.py:120} INFO - [2025-02-13T07:32:20.163+0000] {dag.py:2585} INFO - Sync 1 DAGs
[2025-02-13T07:32:20.209+0000] {logging_mixin.py:120} INFO - [2025-02-13T07:32:20.209+0000] {dag.py:3340} INFO - Setting next_dagrun for xcom_dag to 2025-02-12T00:00:00+00:00, run_after=2025-02-13T00:00:00+00:00
[2025-02-13T07:32:20.239+0000] {processor.py:176} INFO - Processing /opt/airflow/dags/xcom_dag.py took 0.191 seconds
[2025-02-13T07:32:50.927+0000] {processor.py:154} INFO - Started process (PID=483) to work on /opt/airflow/dags/xcom_dag.py
[2025-02-13T07:32:50.931+0000] {processor.py:756} INFO - Processing file /opt/airflow/dags/xcom_dag.py for tasks to queue
[2025-02-13T07:32:50.932+0000] {logging_mixin.py:120} INFO - [2025-02-13T07:32:50.932+0000] {dagbag.py:537} INFO - Filling up the DagBag from /opt/airflow/dags/xcom_dag.py
[2025-02-13T07:32:50.972+0000] {processor.py:766} INFO - DAG(s) dict_keys(['xcom_dag']) retrieved from /opt/airflow/dags/xcom_dag.py
[2025-02-13T07:32:51.038+0000] {logging_mixin.py:120} INFO - [2025-02-13T07:32:51.038+0000] {dag.py:2585} INFO - Sync 1 DAGs
[2025-02-13T07:32:51.106+0000] {logging_mixin.py:120} INFO - [2025-02-13T07:32:51.105+0000] {dag.py:3340} INFO - Setting next_dagrun for xcom_dag to 2025-02-12T00:00:00+00:00, run_after=2025-02-13T00:00:00+00:00
[2025-02-13T07:32:51.346+0000] {processor.py:176} INFO - Processing /opt/airflow/dags/xcom_dag.py took 0.424 seconds
[2025-02-13T07:33:21.962+0000] {processor.py:154} INFO - Started process (PID=518) to work on /opt/airflow/dags/xcom_dag.py
[2025-02-13T07:33:21.964+0000] {processor.py:756} INFO - Processing file /opt/airflow/dags/xcom_dag.py for tasks to queue
[2025-02-13T07:33:21.965+0000] {logging_mixin.py:120} INFO - [2025-02-13T07:33:21.965+0000] {dagbag.py:537} INFO - Filling up the DagBag from /opt/airflow/dags/xcom_dag.py
[2025-02-13T07:33:22.009+0000] {processor.py:766} INFO - DAG(s) dict_keys(['xcom_dag']) retrieved from /opt/airflow/dags/xcom_dag.py
[2025-02-13T07:33:22.074+0000] {logging_mixin.py:120} INFO - [2025-02-13T07:33:22.074+0000] {dag.py:2585} INFO - Sync 1 DAGs
[2025-02-13T07:33:22.119+0000] {logging_mixin.py:120} INFO - [2025-02-13T07:33:22.119+0000] {dag.py:3340} INFO - Setting next_dagrun for xcom_dag to 2025-02-12T00:00:00+00:00, run_after=2025-02-13T00:00:00+00:00
[2025-02-13T07:33:22.149+0000] {processor.py:176} INFO - Processing /opt/airflow/dags/xcom_dag.py took 0.192 seconds
[2025-02-13T07:33:52.286+0000] {processor.py:154} INFO - Started process (PID=557) to work on /opt/airflow/dags/xcom_dag.py
[2025-02-13T07:33:52.292+0000] {processor.py:756} INFO - Processing file /opt/airflow/dags/xcom_dag.py for tasks to queue
[2025-02-13T07:33:52.294+0000] {logging_mixin.py:120} INFO - [2025-02-13T07:33:52.294+0000] {dagbag.py:537} INFO - Filling up the DagBag from /opt/airflow/dags/xcom_dag.py
[2025-02-13T07:33:52.333+0000] {processor.py:766} INFO - DAG(s) dict_keys(['xcom_dag']) retrieved from /opt/airflow/dags/xcom_dag.py
[2025-02-13T07:33:52.400+0000] {logging_mixin.py:120} INFO - [2025-02-13T07:33:52.400+0000] {dag.py:2585} INFO - Sync 1 DAGs
[2025-02-13T07:33:52.449+0000] {logging_mixin.py:120} INFO - [2025-02-13T07:33:52.448+0000] {dag.py:3340} INFO - Setting next_dagrun for xcom_dag to 2025-02-12T00:00:00+00:00, run_after=2025-02-13T00:00:00+00:00
[2025-02-13T07:33:52.486+0000] {processor.py:176} INFO - Processing /opt/airflow/dags/xcom_dag.py took 0.209 seconds
[2025-02-13T07:34:23.291+0000] {processor.py:154} INFO - Started process (PID=588) to work on /opt/airflow/dags/xcom_dag.py
[2025-02-13T07:34:23.293+0000] {processor.py:756} INFO - Processing file /opt/airflow/dags/xcom_dag.py for tasks to queue
[2025-02-13T07:34:23.294+0000] {logging_mixin.py:120} INFO - [2025-02-13T07:34:23.294+0000] {dagbag.py:537} INFO - Filling up the DagBag from /opt/airflow/dags/xcom_dag.py
[2025-02-13T07:34:23.411+0000] {processor.py:766} INFO - DAG(s) dict_keys(['xcom_dag']) retrieved from /opt/airflow/dags/xcom_dag.py
[2025-02-13T07:34:23.666+0000] {logging_mixin.py:120} INFO - [2025-02-13T07:34:23.665+0000] {dag.py:2585} INFO - Sync 1 DAGs
[2025-02-13T07:34:23.723+0000] {logging_mixin.py:120} INFO - [2025-02-13T07:34:23.723+0000] {dag.py:3340} INFO - Setting next_dagrun for xcom_dag to 2025-02-12T00:00:00+00:00, run_after=2025-02-13T00:00:00+00:00
[2025-02-13T07:34:23.753+0000] {processor.py:176} INFO - Processing /opt/airflow/dags/xcom_dag.py took 0.467 seconds
[2025-02-13T07:34:53.897+0000] {processor.py:154} INFO - Started process (PID=614) to work on /opt/airflow/dags/xcom_dag.py
[2025-02-13T07:34:53.899+0000] {processor.py:756} INFO - Processing file /opt/airflow/dags/xcom_dag.py for tasks to queue
[2025-02-13T07:34:53.900+0000] {logging_mixin.py:120} INFO - [2025-02-13T07:34:53.900+0000] {dagbag.py:537} INFO - Filling up the DagBag from /opt/airflow/dags/xcom_dag.py
[2025-02-13T07:34:53.938+0000] {processor.py:766} INFO - DAG(s) dict_keys(['xcom_dag']) retrieved from /opt/airflow/dags/xcom_dag.py
[2025-02-13T07:34:54.008+0000] {logging_mixin.py:120} INFO - [2025-02-13T07:34:54.008+0000] {dag.py:2585} INFO - Sync 1 DAGs
[2025-02-13T07:34:54.057+0000] {logging_mixin.py:120} INFO - [2025-02-13T07:34:54.057+0000] {dag.py:3340} INFO - Setting next_dagrun for xcom_dag to 2025-02-12T00:00:00+00:00, run_after=2025-02-13T00:00:00+00:00
[2025-02-13T07:34:54.089+0000] {processor.py:176} INFO - Processing /opt/airflow/dags/xcom_dag.py took 0.197 seconds
[2025-02-13T07:35:24.442+0000] {processor.py:154} INFO - Started process (PID=654) to work on /opt/airflow/dags/xcom_dag.py
[2025-02-13T07:35:24.444+0000] {processor.py:756} INFO - Processing file /opt/airflow/dags/xcom_dag.py for tasks to queue
[2025-02-13T07:35:24.445+0000] {logging_mixin.py:120} INFO - [2025-02-13T07:35:24.445+0000] {dagbag.py:537} INFO - Filling up the DagBag from /opt/airflow/dags/xcom_dag.py
[2025-02-13T07:35:24.485+0000] {processor.py:766} INFO - DAG(s) dict_keys(['xcom_dag']) retrieved from /opt/airflow/dags/xcom_dag.py
[2025-02-13T07:35:24.557+0000] {logging_mixin.py:120} INFO - [2025-02-13T07:35:24.556+0000] {dag.py:2585} INFO - Sync 1 DAGs
[2025-02-13T07:35:24.627+0000] {logging_mixin.py:120} INFO - [2025-02-13T07:35:24.627+0000] {dag.py:3340} INFO - Setting next_dagrun for xcom_dag to 2025-02-12T00:00:00+00:00, run_after=2025-02-13T00:00:00+00:00
[2025-02-13T07:35:24.662+0000] {processor.py:176} INFO - Processing /opt/airflow/dags/xcom_dag.py took 0.224 seconds
[2025-02-13T07:35:54.704+0000] {processor.py:154} INFO - Started process (PID=681) to work on /opt/airflow/dags/xcom_dag.py
[2025-02-13T07:35:54.708+0000] {processor.py:756} INFO - Processing file /opt/airflow/dags/xcom_dag.py for tasks to queue
[2025-02-13T07:35:54.709+0000] {logging_mixin.py:120} INFO - [2025-02-13T07:35:54.709+0000] {dagbag.py:537} INFO - Filling up the DagBag from /opt/airflow/dags/xcom_dag.py
[2025-02-13T07:35:54.747+0000] {processor.py:766} INFO - DAG(s) dict_keys(['xcom_dag']) retrieved from /opt/airflow/dags/xcom_dag.py
[2025-02-13T07:35:54.840+0000] {logging_mixin.py:120} INFO - [2025-02-13T07:35:54.839+0000] {dag.py:2585} INFO - Sync 1 DAGs
[2025-02-13T07:35:54.899+0000] {logging_mixin.py:120} INFO - [2025-02-13T07:35:54.898+0000] {dag.py:3340} INFO - Setting next_dagrun for xcom_dag to 2025-02-12T00:00:00+00:00, run_after=2025-02-13T00:00:00+00:00
[2025-02-13T07:35:54.940+0000] {processor.py:176} INFO - Processing /opt/airflow/dags/xcom_dag.py took 0.242 seconds
[2025-02-13T07:36:25.358+0000] {processor.py:154} INFO - Started process (PID=717) to work on /opt/airflow/dags/xcom_dag.py
[2025-02-13T07:36:25.366+0000] {processor.py:756} INFO - Processing file /opt/airflow/dags/xcom_dag.py for tasks to queue
[2025-02-13T07:36:25.381+0000] {logging_mixin.py:120} INFO - [2025-02-13T07:36:25.381+0000] {dagbag.py:537} INFO - Filling up the DagBag from /opt/airflow/dags/xcom_dag.py
[2025-02-13T07:36:25.536+0000] {processor.py:766} INFO - DAG(s) dict_keys(['xcom_dag']) retrieved from /opt/airflow/dags/xcom_dag.py
[2025-02-13T07:36:25.670+0000] {logging_mixin.py:120} INFO - [2025-02-13T07:36:25.668+0000] {dag.py:2585} INFO - Sync 1 DAGs
[2025-02-13T07:36:25.754+0000] {logging_mixin.py:120} INFO - [2025-02-13T07:36:25.754+0000] {dag.py:3340} INFO - Setting next_dagrun for xcom_dag to 2025-02-12T00:00:00+00:00, run_after=2025-02-13T00:00:00+00:00
[2025-02-13T07:36:25.813+0000] {processor.py:176} INFO - Processing /opt/airflow/dags/xcom_dag.py took 0.463 seconds
[2025-02-13T07:36:56.125+0000] {processor.py:154} INFO - Started process (PID=744) to work on /opt/airflow/dags/xcom_dag.py
[2025-02-13T07:36:56.127+0000] {processor.py:756} INFO - Processing file /opt/airflow/dags/xcom_dag.py for tasks to queue
[2025-02-13T07:36:56.129+0000] {logging_mixin.py:120} INFO - [2025-02-13T07:36:56.128+0000] {dagbag.py:537} INFO - Filling up the DagBag from /opt/airflow/dags/xcom_dag.py
[2025-02-13T07:36:56.175+0000] {processor.py:766} INFO - DAG(s) dict_keys(['xcom_dag']) retrieved from /opt/airflow/dags/xcom_dag.py
[2025-02-13T07:36:56.263+0000] {logging_mixin.py:120} INFO - [2025-02-13T07:36:56.263+0000] {dag.py:2585} INFO - Sync 1 DAGs
[2025-02-13T07:36:56.311+0000] {logging_mixin.py:120} INFO - [2025-02-13T07:36:56.311+0000] {dag.py:3340} INFO - Setting next_dagrun for xcom_dag to 2025-02-12T00:00:00+00:00, run_after=2025-02-13T00:00:00+00:00
[2025-02-13T07:36:56.362+0000] {processor.py:176} INFO - Processing /opt/airflow/dags/xcom_dag.py took 0.248 seconds
[2025-02-13T07:37:27.149+0000] {processor.py:154} INFO - Started process (PID=779) to work on /opt/airflow/dags/xcom_dag.py
[2025-02-13T07:37:27.151+0000] {processor.py:756} INFO - Processing file /opt/airflow/dags/xcom_dag.py for tasks to queue
[2025-02-13T07:37:27.154+0000] {logging_mixin.py:120} INFO - [2025-02-13T07:37:27.154+0000] {dagbag.py:537} INFO - Filling up the DagBag from /opt/airflow/dags/xcom_dag.py
[2025-02-13T07:37:27.196+0000] {processor.py:766} INFO - DAG(s) dict_keys(['xcom_dag']) retrieved from /opt/airflow/dags/xcom_dag.py
[2025-02-13T07:37:27.267+0000] {logging_mixin.py:120} INFO - [2025-02-13T07:37:27.267+0000] {dag.py:2585} INFO - Sync 1 DAGs
[2025-02-13T07:37:27.327+0000] {logging_mixin.py:120} INFO - [2025-02-13T07:37:27.326+0000] {dag.py:3340} INFO - Setting next_dagrun for xcom_dag to 2025-02-12T00:00:00+00:00, run_after=2025-02-13T00:00:00+00:00
[2025-02-13T07:37:27.367+0000] {processor.py:176} INFO - Processing /opt/airflow/dags/xcom_dag.py took 0.224 seconds
[2025-02-13T07:37:58.066+0000] {processor.py:154} INFO - Started process (PID=804) to work on /opt/airflow/dags/xcom_dag.py
[2025-02-13T07:37:58.067+0000] {processor.py:756} INFO - Processing file /opt/airflow/dags/xcom_dag.py for tasks to queue
[2025-02-13T07:37:58.068+0000] {logging_mixin.py:120} INFO - [2025-02-13T07:37:58.068+0000] {dagbag.py:537} INFO - Filling up the DagBag from /opt/airflow/dags/xcom_dag.py
[2025-02-13T07:37:58.106+0000] {processor.py:766} INFO - DAG(s) dict_keys(['xcom_dag']) retrieved from /opt/airflow/dags/xcom_dag.py
[2025-02-13T07:37:58.174+0000] {logging_mixin.py:120} INFO - [2025-02-13T07:37:58.174+0000] {dag.py:2585} INFO - Sync 1 DAGs
[2025-02-13T07:37:58.226+0000] {logging_mixin.py:120} INFO - [2025-02-13T07:37:58.226+0000] {dag.py:3340} INFO - Setting next_dagrun for xcom_dag to 2025-02-12T00:00:00+00:00, run_after=2025-02-13T00:00:00+00:00
[2025-02-13T07:37:58.258+0000] {processor.py:176} INFO - Processing /opt/airflow/dags/xcom_dag.py took 0.198 seconds
[2025-02-13T07:38:29.190+0000] {processor.py:154} INFO - Started process (PID=846) to work on /opt/airflow/dags/xcom_dag.py
[2025-02-13T07:38:29.191+0000] {processor.py:756} INFO - Processing file /opt/airflow/dags/xcom_dag.py for tasks to queue
[2025-02-13T07:38:29.193+0000] {logging_mixin.py:120} INFO - [2025-02-13T07:38:29.192+0000] {dagbag.py:537} INFO - Filling up the DagBag from /opt/airflow/dags/xcom_dag.py
[2025-02-13T07:38:29.225+0000] {processor.py:766} INFO - DAG(s) dict_keys(['xcom_dag']) retrieved from /opt/airflow/dags/xcom_dag.py
[2025-02-13T07:38:29.292+0000] {logging_mixin.py:120} INFO - [2025-02-13T07:38:29.292+0000] {dag.py:2585} INFO - Sync 1 DAGs
[2025-02-13T07:38:29.339+0000] {logging_mixin.py:120} INFO - [2025-02-13T07:38:29.338+0000] {dag.py:3340} INFO - Setting next_dagrun for xcom_dag to 2025-02-12T00:00:00+00:00, run_after=2025-02-13T00:00:00+00:00
[2025-02-13T07:38:29.373+0000] {processor.py:176} INFO - Processing /opt/airflow/dags/xcom_dag.py took 0.188 seconds
[2025-02-13T07:39:00.302+0000] {processor.py:154} INFO - Started process (PID=874) to work on /opt/airflow/dags/xcom_dag.py
[2025-02-13T07:39:00.304+0000] {processor.py:756} INFO - Processing file /opt/airflow/dags/xcom_dag.py for tasks to queue
[2025-02-13T07:39:00.307+0000] {logging_mixin.py:120} INFO - [2025-02-13T07:39:00.307+0000] {dagbag.py:537} INFO - Filling up the DagBag from /opt/airflow/dags/xcom_dag.py
[2025-02-13T07:39:00.348+0000] {processor.py:766} INFO - DAG(s) dict_keys(['xcom_dag']) retrieved from /opt/airflow/dags/xcom_dag.py
[2025-02-13T07:39:00.424+0000] {logging_mixin.py:120} INFO - [2025-02-13T07:39:00.424+0000] {dag.py:2585} INFO - Sync 1 DAGs
[2025-02-13T07:39:00.480+0000] {logging_mixin.py:120} INFO - [2025-02-13T07:39:00.480+0000] {dag.py:3340} INFO - Setting next_dagrun for xcom_dag to 2025-02-12T00:00:00+00:00, run_after=2025-02-13T00:00:00+00:00
[2025-02-13T07:39:00.521+0000] {processor.py:176} INFO - Processing /opt/airflow/dags/xcom_dag.py took 0.223 seconds
[2025-02-13T07:39:30.661+0000] {processor.py:154} INFO - Started process (PID=908) to work on /opt/airflow/dags/xcom_dag.py
[2025-02-13T07:39:30.664+0000] {processor.py:756} INFO - Processing file /opt/airflow/dags/xcom_dag.py for tasks to queue
[2025-02-13T07:39:30.666+0000] {logging_mixin.py:120} INFO - [2025-02-13T07:39:30.666+0000] {dagbag.py:537} INFO - Filling up the DagBag from /opt/airflow/dags/xcom_dag.py
[2025-02-13T07:39:30.703+0000] {processor.py:766} INFO - DAG(s) dict_keys(['xcom_dag']) retrieved from /opt/airflow/dags/xcom_dag.py
[2025-02-13T07:39:30.778+0000] {logging_mixin.py:120} INFO - [2025-02-13T07:39:30.777+0000] {dag.py:2585} INFO - Sync 1 DAGs
[2025-02-13T07:39:30.835+0000] {logging_mixin.py:120} INFO - [2025-02-13T07:39:30.834+0000] {dag.py:3340} INFO - Setting next_dagrun for xcom_dag to 2025-02-12T00:00:00+00:00, run_after=2025-02-13T00:00:00+00:00
[2025-02-13T07:39:30.879+0000] {processor.py:176} INFO - Processing /opt/airflow/dags/xcom_dag.py took 0.227 seconds
[2025-02-13T07:40:01.630+0000] {processor.py:154} INFO - Started process (PID=934) to work on /opt/airflow/dags/xcom_dag.py
[2025-02-13T07:40:01.632+0000] {processor.py:756} INFO - Processing file /opt/airflow/dags/xcom_dag.py for tasks to queue
[2025-02-13T07:40:01.635+0000] {logging_mixin.py:120} INFO - [2025-02-13T07:40:01.635+0000] {dagbag.py:537} INFO - Filling up the DagBag from /opt/airflow/dags/xcom_dag.py
[2025-02-13T07:40:01.693+0000] {processor.py:766} INFO - DAG(s) dict_keys(['xcom_dag']) retrieved from /opt/airflow/dags/xcom_dag.py
[2025-02-13T07:40:01.813+0000] {logging_mixin.py:120} INFO - [2025-02-13T07:40:01.813+0000] {dag.py:2585} INFO - Sync 1 DAGs
[2025-02-13T07:40:01.893+0000] {logging_mixin.py:120} INFO - [2025-02-13T07:40:01.893+0000] {dag.py:3340} INFO - Setting next_dagrun for xcom_dag to 2025-02-12T00:00:00+00:00, run_after=2025-02-13T00:00:00+00:00
[2025-02-13T07:40:01.964+0000] {processor.py:176} INFO - Processing /opt/airflow/dags/xcom_dag.py took 0.343 seconds
[2025-02-13T07:40:32.209+0000] {processor.py:154} INFO - Started process (PID=963) to work on /opt/airflow/dags/xcom_dag.py
[2025-02-13T07:40:32.212+0000] {processor.py:756} INFO - Processing file /opt/airflow/dags/xcom_dag.py for tasks to queue
[2025-02-13T07:40:32.213+0000] {logging_mixin.py:120} INFO - [2025-02-13T07:40:32.213+0000] {dagbag.py:537} INFO - Filling up the DagBag from /opt/airflow/dags/xcom_dag.py
[2025-02-13T07:40:32.262+0000] {processor.py:766} INFO - DAG(s) dict_keys(['xcom_dag']) retrieved from /opt/airflow/dags/xcom_dag.py
[2025-02-13T07:40:32.341+0000] {logging_mixin.py:120} INFO - [2025-02-13T07:40:32.341+0000] {dag.py:2585} INFO - Sync 1 DAGs
[2025-02-13T07:40:32.400+0000] {logging_mixin.py:120} INFO - [2025-02-13T07:40:32.400+0000] {dag.py:3340} INFO - Setting next_dagrun for xcom_dag to 2025-02-12T00:00:00+00:00, run_after=2025-02-13T00:00:00+00:00
[2025-02-13T07:40:32.438+0000] {processor.py:176} INFO - Processing /opt/airflow/dags/xcom_dag.py took 0.241 seconds
[2025-02-13T07:41:02.818+0000] {processor.py:154} INFO - Started process (PID=999) to work on /opt/airflow/dags/xcom_dag.py
[2025-02-13T07:41:02.820+0000] {processor.py:756} INFO - Processing file /opt/airflow/dags/xcom_dag.py for tasks to queue
[2025-02-13T07:41:02.822+0000] {logging_mixin.py:120} INFO - [2025-02-13T07:41:02.822+0000] {dagbag.py:537} INFO - Filling up the DagBag from /opt/airflow/dags/xcom_dag.py
[2025-02-13T07:41:02.861+0000] {processor.py:766} INFO - DAG(s) dict_keys(['xcom_dag']) retrieved from /opt/airflow/dags/xcom_dag.py
[2025-02-13T07:41:02.931+0000] {logging_mixin.py:120} INFO - [2025-02-13T07:41:02.931+0000] {dag.py:2585} INFO - Sync 1 DAGs
[2025-02-13T07:41:02.984+0000] {logging_mixin.py:120} INFO - [2025-02-13T07:41:02.984+0000] {dag.py:3340} INFO - Setting next_dagrun for xcom_dag to 2025-02-12T00:00:00+00:00, run_after=2025-02-13T00:00:00+00:00
[2025-02-13T07:41:03.020+0000] {processor.py:176} INFO - Processing /opt/airflow/dags/xcom_dag.py took 0.206 seconds
[2025-02-13T07:41:33.733+0000] {processor.py:154} INFO - Started process (PID=1026) to work on /opt/airflow/dags/xcom_dag.py
[2025-02-13T07:41:33.735+0000] {processor.py:756} INFO - Processing file /opt/airflow/dags/xcom_dag.py for tasks to queue
[2025-02-13T07:41:33.736+0000] {logging_mixin.py:120} INFO - [2025-02-13T07:41:33.736+0000] {dagbag.py:537} INFO - Filling up the DagBag from /opt/airflow/dags/xcom_dag.py
[2025-02-13T07:41:33.775+0000] {processor.py:766} INFO - DAG(s) dict_keys(['xcom_dag']) retrieved from /opt/airflow/dags/xcom_dag.py
[2025-02-13T07:41:33.846+0000] {logging_mixin.py:120} INFO - [2025-02-13T07:41:33.846+0000] {dag.py:2585} INFO - Sync 1 DAGs
[2025-02-13T07:41:33.899+0000] {logging_mixin.py:120} INFO - [2025-02-13T07:41:33.899+0000] {dag.py:3340} INFO - Setting next_dagrun for xcom_dag to 2025-02-12T00:00:00+00:00, run_after=2025-02-13T00:00:00+00:00
[2025-02-13T07:41:33.933+0000] {processor.py:176} INFO - Processing /opt/airflow/dags/xcom_dag.py took 0.204 seconds
[2025-02-13T07:42:04.197+0000] {processor.py:154} INFO - Started process (PID=1060) to work on /opt/airflow/dags/xcom_dag.py
[2025-02-13T07:42:04.202+0000] {processor.py:756} INFO - Processing file /opt/airflow/dags/xcom_dag.py for tasks to queue
[2025-02-13T07:42:04.215+0000] {logging_mixin.py:120} INFO - [2025-02-13T07:42:04.215+0000] {dagbag.py:537} INFO - Filling up the DagBag from /opt/airflow/dags/xcom_dag.py
[2025-02-13T07:42:04.596+0000] {processor.py:766} INFO - DAG(s) dict_keys(['xcom_dag']) retrieved from /opt/airflow/dags/xcom_dag.py
[2025-02-13T07:42:04.811+0000] {logging_mixin.py:120} INFO - [2025-02-13T07:42:04.811+0000] {dag.py:2585} INFO - Sync 1 DAGs
[2025-02-13T07:42:05.186+0000] {logging_mixin.py:120} INFO - [2025-02-13T07:42:05.185+0000] {dag.py:3340} INFO - Setting next_dagrun for xcom_dag to 2025-02-12T00:00:00+00:00, run_after=2025-02-13T00:00:00+00:00
[2025-02-13T07:42:05.304+0000] {processor.py:176} INFO - Processing /opt/airflow/dags/xcom_dag.py took 1.116 seconds
[2025-02-13T07:42:36.058+0000] {processor.py:154} INFO - Started process (PID=1087) to work on /opt/airflow/dags/xcom_dag.py
[2025-02-13T07:42:36.060+0000] {processor.py:756} INFO - Processing file /opt/airflow/dags/xcom_dag.py for tasks to queue
[2025-02-13T07:42:36.063+0000] {logging_mixin.py:120} INFO - [2025-02-13T07:42:36.063+0000] {dagbag.py:537} INFO - Filling up the DagBag from /opt/airflow/dags/xcom_dag.py
[2025-02-13T07:42:36.127+0000] {processor.py:766} INFO - DAG(s) dict_keys(['xcom_dag']) retrieved from /opt/airflow/dags/xcom_dag.py
[2025-02-13T07:42:36.232+0000] {logging_mixin.py:120} INFO - [2025-02-13T07:42:36.232+0000] {dag.py:2585} INFO - Sync 1 DAGs
[2025-02-13T07:42:36.325+0000] {logging_mixin.py:120} INFO - [2025-02-13T07:42:36.325+0000] {dag.py:3340} INFO - Setting next_dagrun for xcom_dag to 2025-02-12T00:00:00+00:00, run_after=2025-02-13T00:00:00+00:00
[2025-02-13T07:42:36.373+0000] {processor.py:176} INFO - Processing /opt/airflow/dags/xcom_dag.py took 0.322 seconds
[2025-02-13T07:43:06.805+0000] {processor.py:154} INFO - Started process (PID=1113) to work on /opt/airflow/dags/xcom_dag.py
[2025-02-13T07:43:06.807+0000] {processor.py:756} INFO - Processing file /opt/airflow/dags/xcom_dag.py for tasks to queue
[2025-02-13T07:43:06.809+0000] {logging_mixin.py:120} INFO - [2025-02-13T07:43:06.809+0000] {dagbag.py:537} INFO - Filling up the DagBag from /opt/airflow/dags/xcom_dag.py
[2025-02-13T07:43:06.864+0000] {processor.py:766} INFO - DAG(s) dict_keys(['xcom_dag']) retrieved from /opt/airflow/dags/xcom_dag.py
[2025-02-13T07:43:06.970+0000] {logging_mixin.py:120} INFO - [2025-02-13T07:43:06.969+0000] {dag.py:2585} INFO - Sync 1 DAGs
[2025-02-13T07:43:07.057+0000] {logging_mixin.py:120} INFO - [2025-02-13T07:43:07.057+0000] {dag.py:3340} INFO - Setting next_dagrun for xcom_dag to 2025-02-12T00:00:00+00:00, run_after=2025-02-13T00:00:00+00:00
[2025-02-13T07:43:07.118+0000] {processor.py:176} INFO - Processing /opt/airflow/dags/xcom_dag.py took 0.319 seconds
[2025-02-13T07:43:37.197+0000] {processor.py:154} INFO - Started process (PID=1139) to work on /opt/airflow/dags/xcom_dag.py
[2025-02-13T07:43:37.199+0000] {processor.py:756} INFO - Processing file /opt/airflow/dags/xcom_dag.py for tasks to queue
[2025-02-13T07:43:37.200+0000] {logging_mixin.py:120} INFO - [2025-02-13T07:43:37.200+0000] {dagbag.py:537} INFO - Filling up the DagBag from /opt/airflow/dags/xcom_dag.py
[2025-02-13T07:43:37.242+0000] {processor.py:766} INFO - DAG(s) dict_keys(['xcom_dag']) retrieved from /opt/airflow/dags/xcom_dag.py
[2025-02-13T07:43:37.319+0000] {logging_mixin.py:120} INFO - [2025-02-13T07:43:37.318+0000] {dag.py:2585} INFO - Sync 1 DAGs
[2025-02-13T07:43:37.366+0000] {logging_mixin.py:120} INFO - [2025-02-13T07:43:37.365+0000] {dag.py:3340} INFO - Setting next_dagrun for xcom_dag to 2025-02-12T00:00:00+00:00, run_after=2025-02-13T00:00:00+00:00
[2025-02-13T07:43:37.399+0000] {processor.py:176} INFO - Processing /opt/airflow/dags/xcom_dag.py took 0.214 seconds
[2025-02-13T07:44:07.644+0000] {processor.py:154} INFO - Started process (PID=1175) to work on /opt/airflow/dags/xcom_dag.py
[2025-02-13T07:44:07.646+0000] {processor.py:756} INFO - Processing file /opt/airflow/dags/xcom_dag.py for tasks to queue
[2025-02-13T07:44:07.648+0000] {logging_mixin.py:120} INFO - [2025-02-13T07:44:07.648+0000] {dagbag.py:537} INFO - Filling up the DagBag from /opt/airflow/dags/xcom_dag.py
[2025-02-13T07:44:07.692+0000] {processor.py:766} INFO - DAG(s) dict_keys(['xcom_dag']) retrieved from /opt/airflow/dags/xcom_dag.py
[2025-02-13T07:44:07.773+0000] {logging_mixin.py:120} INFO - [2025-02-13T07:44:07.773+0000] {dag.py:2585} INFO - Sync 1 DAGs
[2025-02-13T07:44:07.827+0000] {logging_mixin.py:120} INFO - [2025-02-13T07:44:07.827+0000] {dag.py:3340} INFO - Setting next_dagrun for xcom_dag to 2025-02-12T00:00:00+00:00, run_after=2025-02-13T00:00:00+00:00
[2025-02-13T07:44:07.867+0000] {processor.py:176} INFO - Processing /opt/airflow/dags/xcom_dag.py took 0.228 seconds
[2025-02-13T07:44:38.751+0000] {processor.py:154} INFO - Started process (PID=1202) to work on /opt/airflow/dags/xcom_dag.py
[2025-02-13T07:44:38.753+0000] {processor.py:756} INFO - Processing file /opt/airflow/dags/xcom_dag.py for tasks to queue
[2025-02-13T07:44:38.754+0000] {logging_mixin.py:120} INFO - [2025-02-13T07:44:38.754+0000] {dagbag.py:537} INFO - Filling up the DagBag from /opt/airflow/dags/xcom_dag.py
[2025-02-13T07:44:38.794+0000] {processor.py:766} INFO - DAG(s) dict_keys(['xcom_dag']) retrieved from /opt/airflow/dags/xcom_dag.py
[2025-02-13T07:44:38.866+0000] {logging_mixin.py:120} INFO - [2025-02-13T07:44:38.865+0000] {dag.py:2585} INFO - Sync 1 DAGs
[2025-02-13T07:44:38.917+0000] {logging_mixin.py:120} INFO - [2025-02-13T07:44:38.917+0000] {dag.py:3340} INFO - Setting next_dagrun for xcom_dag to 2025-02-12T00:00:00+00:00, run_after=2025-02-13T00:00:00+00:00
[2025-02-13T07:44:38.953+0000] {processor.py:176} INFO - Processing /opt/airflow/dags/xcom_dag.py took 0.207 seconds
[2025-02-13T07:45:09.176+0000] {processor.py:154} INFO - Started process (PID=1238) to work on /opt/airflow/dags/xcom_dag.py
[2025-02-13T07:45:09.178+0000] {processor.py:756} INFO - Processing file /opt/airflow/dags/xcom_dag.py for tasks to queue
[2025-02-13T07:45:09.180+0000] {logging_mixin.py:120} INFO - [2025-02-13T07:45:09.180+0000] {dagbag.py:537} INFO - Filling up the DagBag from /opt/airflow/dags/xcom_dag.py
[2025-02-13T07:45:09.273+0000] {processor.py:766} INFO - DAG(s) dict_keys(['xcom_dag']) retrieved from /opt/airflow/dags/xcom_dag.py
[2025-02-13T07:45:09.392+0000] {logging_mixin.py:120} INFO - [2025-02-13T07:45:09.391+0000] {dag.py:2585} INFO - Sync 1 DAGs
[2025-02-13T07:45:09.665+0000] {logging_mixin.py:120} INFO - [2025-02-13T07:45:09.664+0000] {dag.py:3340} INFO - Setting next_dagrun for xcom_dag to 2025-02-12T00:00:00+00:00, run_after=2025-02-13T00:00:00+00:00
[2025-02-13T07:45:09.714+0000] {processor.py:176} INFO - Processing /opt/airflow/dags/xcom_dag.py took 0.545 seconds
[2025-02-13T07:45:39.789+0000] {processor.py:154} INFO - Started process (PID=1264) to work on /opt/airflow/dags/xcom_dag.py
[2025-02-13T07:45:39.790+0000] {processor.py:756} INFO - Processing file /opt/airflow/dags/xcom_dag.py for tasks to queue
[2025-02-13T07:45:39.792+0000] {logging_mixin.py:120} INFO - [2025-02-13T07:45:39.791+0000] {dagbag.py:537} INFO - Filling up the DagBag from /opt/airflow/dags/xcom_dag.py
[2025-02-13T07:45:39.829+0000] {processor.py:766} INFO - DAG(s) dict_keys(['xcom_dag']) retrieved from /opt/airflow/dags/xcom_dag.py
[2025-02-13T07:45:39.901+0000] {logging_mixin.py:120} INFO - [2025-02-13T07:45:39.901+0000] {dag.py:2585} INFO - Sync 1 DAGs
[2025-02-13T07:45:39.950+0000] {logging_mixin.py:120} INFO - [2025-02-13T07:45:39.950+0000] {dag.py:3340} INFO - Setting next_dagrun for xcom_dag to 2025-02-12T00:00:00+00:00, run_after=2025-02-13T00:00:00+00:00
[2025-02-13T07:45:39.985+0000] {processor.py:176} INFO - Processing /opt/airflow/dags/xcom_dag.py took 0.202 seconds
[2025-02-13T07:46:10.124+0000] {processor.py:154} INFO - Started process (PID=1291) to work on /opt/airflow/dags/xcom_dag.py
[2025-02-13T07:46:10.126+0000] {processor.py:756} INFO - Processing file /opt/airflow/dags/xcom_dag.py for tasks to queue
[2025-02-13T07:46:10.127+0000] {logging_mixin.py:120} INFO - [2025-02-13T07:46:10.127+0000] {dagbag.py:537} INFO - Filling up the DagBag from /opt/airflow/dags/xcom_dag.py
[2025-02-13T07:46:10.165+0000] {processor.py:766} INFO - DAG(s) dict_keys(['xcom_dag']) retrieved from /opt/airflow/dags/xcom_dag.py
[2025-02-13T07:46:10.271+0000] {logging_mixin.py:120} INFO - [2025-02-13T07:46:10.271+0000] {dag.py:2585} INFO - Sync 1 DAGs
[2025-02-13T07:46:10.343+0000] {logging_mixin.py:120} INFO - [2025-02-13T07:46:10.343+0000] {dag.py:3340} INFO - Setting next_dagrun for xcom_dag to 2025-02-12T00:00:00+00:00, run_after=2025-02-13T00:00:00+00:00
[2025-02-13T07:46:10.387+0000] {processor.py:176} INFO - Processing /opt/airflow/dags/xcom_dag.py took 0.269 seconds
[2025-02-13T07:46:41.058+0000] {processor.py:154} INFO - Started process (PID=1326) to work on /opt/airflow/dags/xcom_dag.py
[2025-02-13T07:46:41.060+0000] {processor.py:756} INFO - Processing file /opt/airflow/dags/xcom_dag.py for tasks to queue
[2025-02-13T07:46:41.062+0000] {logging_mixin.py:120} INFO - [2025-02-13T07:46:41.061+0000] {dagbag.py:537} INFO - Filling up the DagBag from /opt/airflow/dags/xcom_dag.py
[2025-02-13T07:46:41.099+0000] {processor.py:766} INFO - DAG(s) dict_keys(['xcom_dag']) retrieved from /opt/airflow/dags/xcom_dag.py
[2025-02-13T07:46:41.173+0000] {logging_mixin.py:120} INFO - [2025-02-13T07:46:41.172+0000] {dag.py:2585} INFO - Sync 1 DAGs
[2025-02-13T07:46:41.231+0000] {logging_mixin.py:120} INFO - [2025-02-13T07:46:41.231+0000] {dag.py:3340} INFO - Setting next_dagrun for xcom_dag to 2025-02-12T00:00:00+00:00, run_after=2025-02-13T00:00:00+00:00
[2025-02-13T07:46:41.268+0000] {processor.py:176} INFO - Processing /opt/airflow/dags/xcom_dag.py took 0.216 seconds
[2025-02-13T07:47:11.311+0000] {processor.py:154} INFO - Started process (PID=1352) to work on /opt/airflow/dags/xcom_dag.py
[2025-02-13T07:47:11.313+0000] {processor.py:756} INFO - Processing file /opt/airflow/dags/xcom_dag.py for tasks to queue
[2025-02-13T07:47:11.314+0000] {logging_mixin.py:120} INFO - [2025-02-13T07:47:11.314+0000] {dagbag.py:537} INFO - Filling up the DagBag from /opt/airflow/dags/xcom_dag.py
[2025-02-13T07:47:11.354+0000] {processor.py:766} INFO - DAG(s) dict_keys(['xcom_dag']) retrieved from /opt/airflow/dags/xcom_dag.py
[2025-02-13T07:47:11.434+0000] {logging_mixin.py:120} INFO - [2025-02-13T07:47:11.434+0000] {dag.py:2585} INFO - Sync 1 DAGs
[2025-02-13T07:47:11.683+0000] {logging_mixin.py:120} INFO - [2025-02-13T07:47:11.683+0000] {dag.py:3340} INFO - Setting next_dagrun for xcom_dag to 2025-02-12T00:00:00+00:00, run_after=2025-02-13T00:00:00+00:00
[2025-02-13T07:47:11.741+0000] {processor.py:176} INFO - Processing /opt/airflow/dags/xcom_dag.py took 0.438 seconds
[2025-02-13T07:47:42.041+0000] {processor.py:154} INFO - Started process (PID=1388) to work on /opt/airflow/dags/xcom_dag.py
[2025-02-13T07:47:42.043+0000] {processor.py:756} INFO - Processing file /opt/airflow/dags/xcom_dag.py for tasks to queue
[2025-02-13T07:47:42.044+0000] {logging_mixin.py:120} INFO - [2025-02-13T07:47:42.044+0000] {dagbag.py:537} INFO - Filling up the DagBag from /opt/airflow/dags/xcom_dag.py
[2025-02-13T07:47:42.081+0000] {processor.py:766} INFO - DAG(s) dict_keys(['xcom_dag']) retrieved from /opt/airflow/dags/xcom_dag.py
[2025-02-13T07:47:42.146+0000] {logging_mixin.py:120} INFO - [2025-02-13T07:47:42.146+0000] {dag.py:2585} INFO - Sync 1 DAGs
[2025-02-13T07:47:42.191+0000] {logging_mixin.py:120} INFO - [2025-02-13T07:47:42.191+0000] {dag.py:3340} INFO - Setting next_dagrun for xcom_dag to 2025-02-12T00:00:00+00:00, run_after=2025-02-13T00:00:00+00:00
[2025-02-13T07:47:42.223+0000] {processor.py:176} INFO - Processing /opt/airflow/dags/xcom_dag.py took 0.188 seconds
[2025-02-13T07:48:12.900+0000] {processor.py:154} INFO - Started process (PID=1413) to work on /opt/airflow/dags/xcom_dag.py
[2025-02-13T07:48:12.902+0000] {processor.py:756} INFO - Processing file /opt/airflow/dags/xcom_dag.py for tasks to queue
[2025-02-13T07:48:12.904+0000] {logging_mixin.py:120} INFO - [2025-02-13T07:48:12.904+0000] {dagbag.py:537} INFO - Filling up the DagBag from /opt/airflow/dags/xcom_dag.py
[2025-02-13T07:48:12.942+0000] {processor.py:766} INFO - DAG(s) dict_keys(['xcom_dag']) retrieved from /opt/airflow/dags/xcom_dag.py
[2025-02-13T07:48:13.007+0000] {logging_mixin.py:120} INFO - [2025-02-13T07:48:13.006+0000] {dag.py:2585} INFO - Sync 1 DAGs
[2025-02-13T07:48:13.052+0000] {logging_mixin.py:120} INFO - [2025-02-13T07:48:13.052+0000] {dag.py:3340} INFO - Setting next_dagrun for xcom_dag to 2025-02-12T00:00:00+00:00, run_after=2025-02-13T00:00:00+00:00
[2025-02-13T07:48:13.083+0000] {processor.py:176} INFO - Processing /opt/airflow/dags/xcom_dag.py took 0.191 seconds
[2025-02-13T07:48:44.033+0000] {processor.py:154} INFO - Started process (PID=1449) to work on /opt/airflow/dags/xcom_dag.py
[2025-02-13T07:48:44.036+0000] {processor.py:756} INFO - Processing file /opt/airflow/dags/xcom_dag.py for tasks to queue
[2025-02-13T07:48:44.038+0000] {logging_mixin.py:120} INFO - [2025-02-13T07:48:44.038+0000] {dagbag.py:537} INFO - Filling up the DagBag from /opt/airflow/dags/xcom_dag.py
[2025-02-13T07:48:44.093+0000] {processor.py:766} INFO - DAG(s) dict_keys(['xcom_dag']) retrieved from /opt/airflow/dags/xcom_dag.py
[2025-02-13T07:48:44.185+0000] {logging_mixin.py:120} INFO - [2025-02-13T07:48:44.185+0000] {dag.py:2585} INFO - Sync 1 DAGs
[2025-02-13T07:48:44.298+0000] {logging_mixin.py:120} INFO - [2025-02-13T07:48:44.298+0000] {dag.py:3340} INFO - Setting next_dagrun for xcom_dag to 2025-02-12T00:00:00+00:00, run_after=2025-02-13T00:00:00+00:00
[2025-02-13T07:48:44.375+0000] {processor.py:176} INFO - Processing /opt/airflow/dags/xcom_dag.py took 0.349 seconds
[2025-02-13T07:49:15.041+0000] {processor.py:154} INFO - Started process (PID=1476) to work on /opt/airflow/dags/xcom_dag.py
[2025-02-13T07:49:15.043+0000] {processor.py:756} INFO - Processing file /opt/airflow/dags/xcom_dag.py for tasks to queue
[2025-02-13T07:49:15.045+0000] {logging_mixin.py:120} INFO - [2025-02-13T07:49:15.044+0000] {dagbag.py:537} INFO - Filling up the DagBag from /opt/airflow/dags/xcom_dag.py
[2025-02-13T07:49:15.083+0000] {processor.py:766} INFO - DAG(s) dict_keys(['xcom_dag']) retrieved from /opt/airflow/dags/xcom_dag.py
[2025-02-13T07:49:15.154+0000] {logging_mixin.py:120} INFO - [2025-02-13T07:49:15.154+0000] {dag.py:2585} INFO - Sync 1 DAGs
[2025-02-13T07:49:15.198+0000] {logging_mixin.py:120} INFO - [2025-02-13T07:49:15.198+0000] {dag.py:3340} INFO - Setting next_dagrun for xcom_dag to 2025-02-12T00:00:00+00:00, run_after=2025-02-13T00:00:00+00:00
[2025-02-13T07:49:15.230+0000] {processor.py:176} INFO - Processing /opt/airflow/dags/xcom_dag.py took 0.196 seconds
[2025-02-13T07:49:45.855+0000] {processor.py:154} INFO - Started process (PID=1512) to work on /opt/airflow/dags/xcom_dag.py
[2025-02-13T07:49:45.857+0000] {processor.py:756} INFO - Processing file /opt/airflow/dags/xcom_dag.py for tasks to queue
[2025-02-13T07:49:45.860+0000] {logging_mixin.py:120} INFO - [2025-02-13T07:49:45.860+0000] {dagbag.py:537} INFO - Filling up the DagBag from /opt/airflow/dags/xcom_dag.py
[2025-02-13T07:49:45.927+0000] {processor.py:766} INFO - DAG(s) dict_keys(['xcom_dag']) retrieved from /opt/airflow/dags/xcom_dag.py
[2025-02-13T07:49:46.050+0000] {logging_mixin.py:120} INFO - [2025-02-13T07:49:46.050+0000] {dag.py:2585} INFO - Sync 1 DAGs
[2025-02-13T07:49:46.134+0000] {logging_mixin.py:120} INFO - [2025-02-13T07:49:46.134+0000] {dag.py:3340} INFO - Setting next_dagrun for xcom_dag to 2025-02-12T00:00:00+00:00, run_after=2025-02-13T00:00:00+00:00
[2025-02-13T07:49:46.192+0000] {processor.py:176} INFO - Processing /opt/airflow/dags/xcom_dag.py took 0.344 seconds
[2025-02-13T07:50:17.120+0000] {processor.py:154} INFO - Started process (PID=1539) to work on /opt/airflow/dags/xcom_dag.py
[2025-02-13T07:50:17.123+0000] {processor.py:756} INFO - Processing file /opt/airflow/dags/xcom_dag.py for tasks to queue
[2025-02-13T07:50:17.124+0000] {logging_mixin.py:120} INFO - [2025-02-13T07:50:17.124+0000] {dagbag.py:537} INFO - Filling up the DagBag from /opt/airflow/dags/xcom_dag.py
[2025-02-13T07:50:17.165+0000] {processor.py:766} INFO - DAG(s) dict_keys(['xcom_dag']) retrieved from /opt/airflow/dags/xcom_dag.py
[2025-02-13T07:50:17.238+0000] {logging_mixin.py:120} INFO - [2025-02-13T07:50:17.238+0000] {dag.py:2585} INFO - Sync 1 DAGs
[2025-02-13T07:50:17.292+0000] {logging_mixin.py:120} INFO - [2025-02-13T07:50:17.291+0000] {dag.py:3340} INFO - Setting next_dagrun for xcom_dag to 2025-02-12T00:00:00+00:00, run_after=2025-02-13T00:00:00+00:00
[2025-02-13T07:50:17.334+0000] {processor.py:176} INFO - Processing /opt/airflow/dags/xcom_dag.py took 0.221 seconds
[2025-02-13T07:50:47.821+0000] {processor.py:154} INFO - Started process (PID=1575) to work on /opt/airflow/dags/xcom_dag.py
[2025-02-13T07:50:47.825+0000] {processor.py:756} INFO - Processing file /opt/airflow/dags/xcom_dag.py for tasks to queue
[2025-02-13T07:50:47.832+0000] {logging_mixin.py:120} INFO - [2025-02-13T07:50:47.831+0000] {dagbag.py:537} INFO - Filling up the DagBag from /opt/airflow/dags/xcom_dag.py
[2025-02-13T07:50:47.886+0000] {processor.py:766} INFO - DAG(s) dict_keys(['xcom_dag']) retrieved from /opt/airflow/dags/xcom_dag.py
[2025-02-13T07:50:48.017+0000] {logging_mixin.py:120} INFO - [2025-02-13T07:50:48.016+0000] {dag.py:2585} INFO - Sync 1 DAGs
[2025-02-13T07:50:48.077+0000] {logging_mixin.py:120} INFO - [2025-02-13T07:50:48.076+0000] {dag.py:3340} INFO - Setting next_dagrun for xcom_dag to 2025-02-12T00:00:00+00:00, run_after=2025-02-13T00:00:00+00:00
[2025-02-13T07:50:48.120+0000] {processor.py:176} INFO - Processing /opt/airflow/dags/xcom_dag.py took 0.308 seconds
[2025-02-13T07:51:19.038+0000] {processor.py:154} INFO - Started process (PID=1601) to work on /opt/airflow/dags/xcom_dag.py
[2025-02-13T07:51:19.041+0000] {processor.py:756} INFO - Processing file /opt/airflow/dags/xcom_dag.py for tasks to queue
[2025-02-13T07:51:19.042+0000] {logging_mixin.py:120} INFO - [2025-02-13T07:51:19.042+0000] {dagbag.py:537} INFO - Filling up the DagBag from /opt/airflow/dags/xcom_dag.py
[2025-02-13T07:51:19.098+0000] {processor.py:766} INFO - DAG(s) dict_keys(['xcom_dag']) retrieved from /opt/airflow/dags/xcom_dag.py
[2025-02-13T07:51:19.228+0000] {logging_mixin.py:120} INFO - [2025-02-13T07:51:19.228+0000] {dag.py:2585} INFO - Sync 1 DAGs
[2025-02-13T07:51:19.296+0000] {logging_mixin.py:120} INFO - [2025-02-13T07:51:19.296+0000] {dag.py:3340} INFO - Setting next_dagrun for xcom_dag to 2025-02-12T00:00:00+00:00, run_after=2025-02-13T00:00:00+00:00
[2025-02-13T07:51:19.341+0000] {processor.py:176} INFO - Processing /opt/airflow/dags/xcom_dag.py took 0.308 seconds
[2025-02-13T07:51:50.170+0000] {processor.py:154} INFO - Started process (PID=1636) to work on /opt/airflow/dags/xcom_dag.py
[2025-02-13T07:51:50.172+0000] {processor.py:756} INFO - Processing file /opt/airflow/dags/xcom_dag.py for tasks to queue
[2025-02-13T07:51:50.174+0000] {logging_mixin.py:120} INFO - [2025-02-13T07:51:50.174+0000] {dagbag.py:537} INFO - Filling up the DagBag from /opt/airflow/dags/xcom_dag.py
[2025-02-13T07:51:50.218+0000] {processor.py:766} INFO - DAG(s) dict_keys(['xcom_dag']) retrieved from /opt/airflow/dags/xcom_dag.py
[2025-02-13T07:51:50.299+0000] {logging_mixin.py:120} INFO - [2025-02-13T07:51:50.299+0000] {dag.py:2585} INFO - Sync 1 DAGs
[2025-02-13T07:51:50.348+0000] {logging_mixin.py:120} INFO - [2025-02-13T07:51:50.348+0000] {dag.py:3340} INFO - Setting next_dagrun for xcom_dag to 2025-02-12T00:00:00+00:00, run_after=2025-02-13T00:00:00+00:00
[2025-02-13T07:51:50.406+0000] {processor.py:176} INFO - Processing /opt/airflow/dags/xcom_dag.py took 0.262 seconds
[2025-02-13T07:52:20.514+0000] {processor.py:154} INFO - Started process (PID=1663) to work on /opt/airflow/dags/xcom_dag.py
[2025-02-13T07:52:20.516+0000] {processor.py:756} INFO - Processing file /opt/airflow/dags/xcom_dag.py for tasks to queue
[2025-02-13T07:52:20.518+0000] {logging_mixin.py:120} INFO - [2025-02-13T07:52:20.518+0000] {dagbag.py:537} INFO - Filling up the DagBag from /opt/airflow/dags/xcom_dag.py
[2025-02-13T07:52:20.557+0000] {processor.py:766} INFO - DAG(s) dict_keys(['xcom_dag']) retrieved from /opt/airflow/dags/xcom_dag.py
[2025-02-13T07:52:20.625+0000] {logging_mixin.py:120} INFO - [2025-02-13T07:52:20.625+0000] {dag.py:2585} INFO - Sync 1 DAGs
[2025-02-13T07:52:20.670+0000] {logging_mixin.py:120} INFO - [2025-02-13T07:52:20.670+0000] {dag.py:3340} INFO - Setting next_dagrun for xcom_dag to 2025-02-12T00:00:00+00:00, run_after=2025-02-13T00:00:00+00:00
[2025-02-13T07:52:20.706+0000] {processor.py:176} INFO - Processing /opt/airflow/dags/xcom_dag.py took 0.197 seconds
[2025-02-13T07:52:51.523+0000] {processor.py:154} INFO - Started process (PID=1698) to work on /opt/airflow/dags/xcom_dag.py
[2025-02-13T07:52:51.524+0000] {processor.py:756} INFO - Processing file /opt/airflow/dags/xcom_dag.py for tasks to queue
[2025-02-13T07:52:51.529+0000] {logging_mixin.py:120} INFO - [2025-02-13T07:52:51.529+0000] {dagbag.py:537} INFO - Filling up the DagBag from /opt/airflow/dags/xcom_dag.py
[2025-02-13T07:52:51.576+0000] {processor.py:766} INFO - DAG(s) dict_keys(['xcom_dag']) retrieved from /opt/airflow/dags/xcom_dag.py
[2025-02-13T07:52:51.660+0000] {logging_mixin.py:120} INFO - [2025-02-13T07:52:51.660+0000] {dag.py:2585} INFO - Sync 1 DAGs
[2025-02-13T07:52:51.715+0000] {logging_mixin.py:120} INFO - [2025-02-13T07:52:51.715+0000] {dag.py:3340} INFO - Setting next_dagrun for xcom_dag to 2025-02-12T00:00:00+00:00, run_after=2025-02-13T00:00:00+00:00
[2025-02-13T07:52:51.758+0000] {processor.py:176} INFO - Processing /opt/airflow/dags/xcom_dag.py took 0.242 seconds
[2025-02-13T07:53:21.988+0000] {processor.py:154} INFO - Started process (PID=1724) to work on /opt/airflow/dags/xcom_dag.py
[2025-02-13T07:53:21.990+0000] {processor.py:756} INFO - Processing file /opt/airflow/dags/xcom_dag.py for tasks to queue
[2025-02-13T07:53:21.993+0000] {logging_mixin.py:120} INFO - [2025-02-13T07:53:21.993+0000] {dagbag.py:537} INFO - Filling up the DagBag from /opt/airflow/dags/xcom_dag.py
[2025-02-13T07:53:22.039+0000] {processor.py:766} INFO - DAG(s) dict_keys(['xcom_dag']) retrieved from /opt/airflow/dags/xcom_dag.py
[2025-02-13T07:53:22.113+0000] {logging_mixin.py:120} INFO - [2025-02-13T07:53:22.112+0000] {dag.py:2585} INFO - Sync 1 DAGs
[2025-02-13T07:53:22.186+0000] {logging_mixin.py:120} INFO - [2025-02-13T07:53:22.185+0000] {dag.py:3340} INFO - Setting next_dagrun for xcom_dag to 2025-02-12T00:00:00+00:00, run_after=2025-02-13T00:00:00+00:00
[2025-02-13T07:53:22.260+0000] {processor.py:176} INFO - Processing /opt/airflow/dags/xcom_dag.py took 0.279 seconds
[2025-02-13T07:53:52.888+0000] {processor.py:154} INFO - Started process (PID=1760) to work on /opt/airflow/dags/xcom_dag.py
[2025-02-13T07:53:52.890+0000] {processor.py:756} INFO - Processing file /opt/airflow/dags/xcom_dag.py for tasks to queue
[2025-02-13T07:53:52.893+0000] {logging_mixin.py:120} INFO - [2025-02-13T07:53:52.892+0000] {dagbag.py:537} INFO - Filling up the DagBag from /opt/airflow/dags/xcom_dag.py
[2025-02-13T07:53:52.936+0000] {processor.py:766} INFO - DAG(s) dict_keys(['xcom_dag']) retrieved from /opt/airflow/dags/xcom_dag.py
[2025-02-13T07:53:53.061+0000] {logging_mixin.py:120} INFO - [2025-02-13T07:53:53.060+0000] {dag.py:2585} INFO - Sync 1 DAGs
[2025-02-13T07:53:53.124+0000] {logging_mixin.py:120} INFO - [2025-02-13T07:53:53.124+0000] {dag.py:3340} INFO - Setting next_dagrun for xcom_dag to 2025-02-12T00:00:00+00:00, run_after=2025-02-13T00:00:00+00:00
[2025-02-13T07:53:53.161+0000] {processor.py:176} INFO - Processing /opt/airflow/dags/xcom_dag.py took 0.278 seconds
[2025-02-13T07:54:23.506+0000] {processor.py:154} INFO - Started process (PID=1786) to work on /opt/airflow/dags/xcom_dag.py
[2025-02-13T07:54:23.508+0000] {processor.py:756} INFO - Processing file /opt/airflow/dags/xcom_dag.py for tasks to queue
[2025-02-13T07:54:23.509+0000] {logging_mixin.py:120} INFO - [2025-02-13T07:54:23.509+0000] {dagbag.py:537} INFO - Filling up the DagBag from /opt/airflow/dags/xcom_dag.py
[2025-02-13T07:54:23.551+0000] {processor.py:766} INFO - DAG(s) dict_keys(['xcom_dag']) retrieved from /opt/airflow/dags/xcom_dag.py
[2025-02-13T07:54:23.629+0000] {logging_mixin.py:120} INFO - [2025-02-13T07:54:23.628+0000] {dag.py:2585} INFO - Sync 1 DAGs
[2025-02-13T07:54:23.679+0000] {logging_mixin.py:120} INFO - [2025-02-13T07:54:23.679+0000] {dag.py:3340} INFO - Setting next_dagrun for xcom_dag to 2025-02-12T00:00:00+00:00, run_after=2025-02-13T00:00:00+00:00
[2025-02-13T07:54:23.731+0000] {processor.py:176} INFO - Processing /opt/airflow/dags/xcom_dag.py took 0.230 seconds
[2025-02-13T07:54:53.890+0000] {processor.py:154} INFO - Started process (PID=1813) to work on /opt/airflow/dags/xcom_dag.py
[2025-02-13T07:54:53.891+0000] {processor.py:756} INFO - Processing file /opt/airflow/dags/xcom_dag.py for tasks to queue
[2025-02-13T07:54:53.894+0000] {logging_mixin.py:120} INFO - [2025-02-13T07:54:53.894+0000] {dagbag.py:537} INFO - Filling up the DagBag from /opt/airflow/dags/xcom_dag.py
[2025-02-13T07:54:53.946+0000] {processor.py:766} INFO - DAG(s) dict_keys(['xcom_dag']) retrieved from /opt/airflow/dags/xcom_dag.py
[2025-02-13T07:54:54.059+0000] {logging_mixin.py:120} INFO - [2025-02-13T07:54:54.058+0000] {dag.py:2585} INFO - Sync 1 DAGs
[2025-02-13T07:54:54.134+0000] {logging_mixin.py:120} INFO - [2025-02-13T07:54:54.134+0000] {dag.py:3340} INFO - Setting next_dagrun for xcom_dag to 2025-02-12T00:00:00+00:00, run_after=2025-02-13T00:00:00+00:00
[2025-02-13T07:54:54.184+0000] {processor.py:176} INFO - Processing /opt/airflow/dags/xcom_dag.py took 0.300 seconds
[2025-02-13T07:55:24.913+0000] {processor.py:154} INFO - Started process (PID=1850) to work on /opt/airflow/dags/xcom_dag.py
[2025-02-13T07:55:24.915+0000] {processor.py:756} INFO - Processing file /opt/airflow/dags/xcom_dag.py for tasks to queue
[2025-02-13T07:55:24.917+0000] {logging_mixin.py:120} INFO - [2025-02-13T07:55:24.916+0000] {dagbag.py:537} INFO - Filling up the DagBag from /opt/airflow/dags/xcom_dag.py
[2025-02-13T07:55:24.969+0000] {processor.py:766} INFO - DAG(s) dict_keys(['xcom_dag']) retrieved from /opt/airflow/dags/xcom_dag.py
[2025-02-13T07:55:25.052+0000] {logging_mixin.py:120} INFO - [2025-02-13T07:55:25.052+0000] {dag.py:2585} INFO - Sync 1 DAGs
[2025-02-13T07:55:25.106+0000] {logging_mixin.py:120} INFO - [2025-02-13T07:55:25.106+0000] {dag.py:3340} INFO - Setting next_dagrun for xcom_dag to 2025-02-12T00:00:00+00:00, run_after=2025-02-13T00:00:00+00:00
[2025-02-13T07:55:25.147+0000] {processor.py:176} INFO - Processing /opt/airflow/dags/xcom_dag.py took 0.242 seconds
[2025-02-13T07:55:55.761+0000] {processor.py:154} INFO - Started process (PID=1874) to work on /opt/airflow/dags/xcom_dag.py
[2025-02-13T07:55:55.764+0000] {processor.py:756} INFO - Processing file /opt/airflow/dags/xcom_dag.py for tasks to queue
[2025-02-13T07:55:55.767+0000] {logging_mixin.py:120} INFO - [2025-02-13T07:55:55.767+0000] {dagbag.py:537} INFO - Filling up the DagBag from /opt/airflow/dags/xcom_dag.py
[2025-02-13T07:55:55.820+0000] {processor.py:766} INFO - DAG(s) dict_keys(['xcom_dag']) retrieved from /opt/airflow/dags/xcom_dag.py
[2025-02-13T07:55:55.903+0000] {logging_mixin.py:120} INFO - [2025-02-13T07:55:55.902+0000] {dag.py:2585} INFO - Sync 1 DAGs
[2025-02-13T07:55:55.957+0000] {logging_mixin.py:120} INFO - [2025-02-13T07:55:55.956+0000] {dag.py:3340} INFO - Setting next_dagrun for xcom_dag to 2025-02-12T00:00:00+00:00, run_after=2025-02-13T00:00:00+00:00
[2025-02-13T07:55:56.009+0000] {processor.py:176} INFO - Processing /opt/airflow/dags/xcom_dag.py took 0.260 seconds
[2025-02-13T07:56:26.121+0000] {processor.py:154} INFO - Started process (PID=1910) to work on /opt/airflow/dags/xcom_dag.py
[2025-02-13T07:56:26.122+0000] {processor.py:756} INFO - Processing file /opt/airflow/dags/xcom_dag.py for tasks to queue
[2025-02-13T07:56:26.124+0000] {logging_mixin.py:120} INFO - [2025-02-13T07:56:26.124+0000] {dagbag.py:537} INFO - Filling up the DagBag from /opt/airflow/dags/xcom_dag.py
[2025-02-13T07:56:26.168+0000] {processor.py:766} INFO - DAG(s) dict_keys(['xcom_dag']) retrieved from /opt/airflow/dags/xcom_dag.py
[2025-02-13T07:56:26.253+0000] {logging_mixin.py:120} INFO - [2025-02-13T07:56:26.252+0000] {dag.py:2585} INFO - Sync 1 DAGs
[2025-02-13T07:56:26.314+0000] {logging_mixin.py:120} INFO - [2025-02-13T07:56:26.314+0000] {dag.py:3340} INFO - Setting next_dagrun for xcom_dag to 2025-02-12T00:00:00+00:00, run_after=2025-02-13T00:00:00+00:00
[2025-02-13T07:56:26.357+0000] {processor.py:176} INFO - Processing /opt/airflow/dags/xcom_dag.py took 0.243 seconds
[2025-02-13T07:56:57.361+0000] {processor.py:154} INFO - Started process (PID=1937) to work on /opt/airflow/dags/xcom_dag.py
[2025-02-13T07:56:57.363+0000] {processor.py:756} INFO - Processing file /opt/airflow/dags/xcom_dag.py for tasks to queue
[2025-02-13T07:56:57.366+0000] {logging_mixin.py:120} INFO - [2025-02-13T07:56:57.365+0000] {dagbag.py:537} INFO - Filling up the DagBag from /opt/airflow/dags/xcom_dag.py
[2025-02-13T07:56:57.409+0000] {processor.py:766} INFO - DAG(s) dict_keys(['xcom_dag']) retrieved from /opt/airflow/dags/xcom_dag.py
[2025-02-13T07:56:57.481+0000] {logging_mixin.py:120} INFO - [2025-02-13T07:56:57.481+0000] {dag.py:2585} INFO - Sync 1 DAGs
[2025-02-13T07:56:57.530+0000] {logging_mixin.py:120} INFO - [2025-02-13T07:56:57.529+0000] {dag.py:3340} INFO - Setting next_dagrun for xcom_dag to 2025-02-12T00:00:00+00:00, run_after=2025-02-13T00:00:00+00:00
[2025-02-13T07:56:57.570+0000] {processor.py:176} INFO - Processing /opt/airflow/dags/xcom_dag.py took 0.214 seconds
[2025-02-13T07:57:27.886+0000] {processor.py:154} INFO - Started process (PID=1973) to work on /opt/airflow/dags/xcom_dag.py
[2025-02-13T07:57:27.888+0000] {processor.py:756} INFO - Processing file /opt/airflow/dags/xcom_dag.py for tasks to queue
[2025-02-13T07:57:27.890+0000] {logging_mixin.py:120} INFO - [2025-02-13T07:57:27.889+0000] {dagbag.py:537} INFO - Filling up the DagBag from /opt/airflow/dags/xcom_dag.py
[2025-02-13T07:57:27.958+0000] {processor.py:766} INFO - DAG(s) dict_keys(['xcom_dag']) retrieved from /opt/airflow/dags/xcom_dag.py
[2025-02-13T07:57:28.064+0000] {logging_mixin.py:120} INFO - [2025-02-13T07:57:28.064+0000] {dag.py:2585} INFO - Sync 1 DAGs
[2025-02-13T07:57:28.150+0000] {logging_mixin.py:120} INFO - [2025-02-13T07:57:28.150+0000] {dag.py:3340} INFO - Setting next_dagrun for xcom_dag to 2025-02-12T00:00:00+00:00, run_after=2025-02-13T00:00:00+00:00
[2025-02-13T07:57:28.237+0000] {processor.py:176} INFO - Processing /opt/airflow/dags/xcom_dag.py took 0.361 seconds
[2025-02-13T07:57:59.380+0000] {processor.py:154} INFO - Started process (PID=2000) to work on /opt/airflow/dags/xcom_dag.py
[2025-02-13T07:57:59.383+0000] {processor.py:756} INFO - Processing file /opt/airflow/dags/xcom_dag.py for tasks to queue
[2025-02-13T07:57:59.385+0000] {logging_mixin.py:120} INFO - [2025-02-13T07:57:59.385+0000] {dagbag.py:537} INFO - Filling up the DagBag from /opt/airflow/dags/xcom_dag.py
[2025-02-13T07:57:59.586+0000] {processor.py:766} INFO - DAG(s) dict_keys(['xcom_dag']) retrieved from /opt/airflow/dags/xcom_dag.py
[2025-02-13T07:57:59.899+0000] {logging_mixin.py:120} INFO - [2025-02-13T07:57:59.898+0000] {dag.py:2585} INFO - Sync 1 DAGs
[2025-02-13T07:58:00.123+0000] {logging_mixin.py:120} INFO - [2025-02-13T07:58:00.123+0000] {dag.py:3340} INFO - Setting next_dagrun for xcom_dag to 2025-02-12T00:00:00+00:00, run_after=2025-02-13T00:00:00+00:00
[2025-02-13T07:58:00.283+0000] {processor.py:176} INFO - Processing /opt/airflow/dags/xcom_dag.py took 0.911 seconds
[2025-02-13T07:58:30.814+0000] {processor.py:154} INFO - Started process (PID=2026) to work on /opt/airflow/dags/xcom_dag.py
[2025-02-13T07:58:30.818+0000] {processor.py:756} INFO - Processing file /opt/airflow/dags/xcom_dag.py for tasks to queue
[2025-02-13T07:58:30.820+0000] {logging_mixin.py:120} INFO - [2025-02-13T07:58:30.820+0000] {dagbag.py:537} INFO - Filling up the DagBag from /opt/airflow/dags/xcom_dag.py
[2025-02-13T07:58:30.871+0000] {processor.py:766} INFO - DAG(s) dict_keys(['xcom_dag']) retrieved from /opt/airflow/dags/xcom_dag.py
[2025-02-13T07:58:30.957+0000] {logging_mixin.py:120} INFO - [2025-02-13T07:58:30.957+0000] {dag.py:2585} INFO - Sync 1 DAGs
[2025-02-13T07:58:31.011+0000] {logging_mixin.py:120} INFO - [2025-02-13T07:58:31.011+0000] {dag.py:3340} INFO - Setting next_dagrun for xcom_dag to 2025-02-12T00:00:00+00:00, run_after=2025-02-13T00:00:00+00:00
[2025-02-13T07:58:31.056+0000] {processor.py:176} INFO - Processing /opt/airflow/dags/xcom_dag.py took 0.251 seconds
[2025-02-13T07:59:01.154+0000] {processor.py:154} INFO - Started process (PID=2052) to work on /opt/airflow/dags/xcom_dag.py
[2025-02-13T07:59:01.156+0000] {processor.py:756} INFO - Processing file /opt/airflow/dags/xcom_dag.py for tasks to queue
[2025-02-13T07:59:01.159+0000] {logging_mixin.py:120} INFO - [2025-02-13T07:59:01.159+0000] {dagbag.py:537} INFO - Filling up the DagBag from /opt/airflow/dags/xcom_dag.py
[2025-02-13T07:59:01.199+0000] {processor.py:766} INFO - DAG(s) dict_keys(['xcom_dag']) retrieved from /opt/airflow/dags/xcom_dag.py
[2025-02-13T07:59:01.278+0000] {logging_mixin.py:120} INFO - [2025-02-13T07:59:01.277+0000] {dag.py:2585} INFO - Sync 1 DAGs
[2025-02-13T07:59:01.326+0000] {logging_mixin.py:120} INFO - [2025-02-13T07:59:01.325+0000] {dag.py:3340} INFO - Setting next_dagrun for xcom_dag to 2025-02-12T00:00:00+00:00, run_after=2025-02-13T00:00:00+00:00
[2025-02-13T07:59:01.366+0000] {processor.py:176} INFO - Processing /opt/airflow/dags/xcom_dag.py took 0.217 seconds
[2025-02-13T07:59:31.708+0000] {processor.py:154} INFO - Started process (PID=2088) to work on /opt/airflow/dags/xcom_dag.py
[2025-02-13T07:59:31.709+0000] {processor.py:756} INFO - Processing file /opt/airflow/dags/xcom_dag.py for tasks to queue
[2025-02-13T07:59:31.711+0000] {logging_mixin.py:120} INFO - [2025-02-13T07:59:31.710+0000] {dagbag.py:537} INFO - Filling up the DagBag from /opt/airflow/dags/xcom_dag.py
[2025-02-13T07:59:31.760+0000] {processor.py:766} INFO - DAG(s) dict_keys(['xcom_dag']) retrieved from /opt/airflow/dags/xcom_dag.py
[2025-02-13T07:59:31.853+0000] {logging_mixin.py:120} INFO - [2025-02-13T07:59:31.853+0000] {dag.py:2585} INFO - Sync 1 DAGs
[2025-02-13T07:59:31.913+0000] {logging_mixin.py:120} INFO - [2025-02-13T07:59:31.912+0000] {dag.py:3340} INFO - Setting next_dagrun for xcom_dag to 2025-02-12T00:00:00+00:00, run_after=2025-02-13T00:00:00+00:00
[2025-02-13T07:59:31.960+0000] {processor.py:176} INFO - Processing /opt/airflow/dags/xcom_dag.py took 0.263 seconds
[2025-02-13T08:00:02.069+0000] {processor.py:154} INFO - Started process (PID=2115) to work on /opt/airflow/dags/xcom_dag.py
[2025-02-13T08:00:02.071+0000] {processor.py:756} INFO - Processing file /opt/airflow/dags/xcom_dag.py for tasks to queue
[2025-02-13T08:00:02.073+0000] {logging_mixin.py:120} INFO - [2025-02-13T08:00:02.073+0000] {dagbag.py:537} INFO - Filling up the DagBag from /opt/airflow/dags/xcom_dag.py
[2025-02-13T08:00:02.128+0000] {processor.py:766} INFO - DAG(s) dict_keys(['xcom_dag']) retrieved from /opt/airflow/dags/xcom_dag.py
[2025-02-13T08:00:02.256+0000] {logging_mixin.py:120} INFO - [2025-02-13T08:00:02.255+0000] {dag.py:2585} INFO - Sync 1 DAGs
[2025-02-13T08:00:02.333+0000] {logging_mixin.py:120} INFO - [2025-02-13T08:00:02.333+0000] {dag.py:3340} INFO - Setting next_dagrun for xcom_dag to 2025-02-12T00:00:00+00:00, run_after=2025-02-13T00:00:00+00:00
[2025-02-13T08:00:02.390+0000] {processor.py:176} INFO - Processing /opt/airflow/dags/xcom_dag.py took 0.330 seconds
[2025-02-13T08:00:32.897+0000] {processor.py:154} INFO - Started process (PID=2142) to work on /opt/airflow/dags/xcom_dag.py
[2025-02-13T08:00:32.899+0000] {processor.py:756} INFO - Processing file /opt/airflow/dags/xcom_dag.py for tasks to queue
[2025-02-13T08:00:32.903+0000] {logging_mixin.py:120} INFO - [2025-02-13T08:00:32.903+0000] {dagbag.py:537} INFO - Filling up the DagBag from /opt/airflow/dags/xcom_dag.py
[2025-02-13T08:00:32.948+0000] {processor.py:766} INFO - DAG(s) dict_keys(['xcom_dag']) retrieved from /opt/airflow/dags/xcom_dag.py
[2025-02-13T08:00:33.044+0000] {logging_mixin.py:120} INFO - [2025-02-13T08:00:33.043+0000] {dag.py:2585} INFO - Sync 1 DAGs
[2025-02-13T08:00:33.120+0000] {logging_mixin.py:120} INFO - [2025-02-13T08:00:33.119+0000] {dag.py:3340} INFO - Setting next_dagrun for xcom_dag to 2025-02-12T00:00:00+00:00, run_after=2025-02-13T00:00:00+00:00
[2025-02-13T08:00:33.163+0000] {processor.py:176} INFO - Processing /opt/airflow/dags/xcom_dag.py took 0.274 seconds
[2025-02-13T08:01:03.790+0000] {processor.py:154} INFO - Started process (PID=2177) to work on /opt/airflow/dags/xcom_dag.py
[2025-02-13T08:01:03.804+0000] {processor.py:756} INFO - Processing file /opt/airflow/dags/xcom_dag.py for tasks to queue
[2025-02-13T08:01:03.815+0000] {logging_mixin.py:120} INFO - [2025-02-13T08:01:03.815+0000] {dagbag.py:537} INFO - Filling up the DagBag from /opt/airflow/dags/xcom_dag.py
[2025-02-13T08:01:03.902+0000] {processor.py:766} INFO - DAG(s) dict_keys(['xcom_dag']) retrieved from /opt/airflow/dags/xcom_dag.py
[2025-02-13T08:01:04.019+0000] {logging_mixin.py:120} INFO - [2025-02-13T08:01:04.018+0000] {dag.py:2585} INFO - Sync 1 DAGs
[2025-02-13T08:01:04.138+0000] {logging_mixin.py:120} INFO - [2025-02-13T08:01:04.132+0000] {dag.py:3340} INFO - Setting next_dagrun for xcom_dag to 2025-02-12T00:00:00+00:00, run_after=2025-02-13T00:00:00+00:00
[2025-02-13T08:01:04.235+0000] {processor.py:176} INFO - Processing /opt/airflow/dags/xcom_dag.py took 0.452 seconds
[2025-02-13T08:01:34.823+0000] {processor.py:154} INFO - Started process (PID=2202) to work on /opt/airflow/dags/xcom_dag.py
[2025-02-13T08:01:34.827+0000] {processor.py:756} INFO - Processing file /opt/airflow/dags/xcom_dag.py for tasks to queue
[2025-02-13T08:01:34.829+0000] {logging_mixin.py:120} INFO - [2025-02-13T08:01:34.829+0000] {dagbag.py:537} INFO - Filling up the DagBag from /opt/airflow/dags/xcom_dag.py
[2025-02-13T08:01:34.941+0000] {processor.py:766} INFO - DAG(s) dict_keys(['xcom_dag']) retrieved from /opt/airflow/dags/xcom_dag.py
[2025-02-13T08:01:35.062+0000] {logging_mixin.py:120} INFO - [2025-02-13T08:01:35.062+0000] {dag.py:2585} INFO - Sync 1 DAGs
[2025-02-13T08:01:35.246+0000] {logging_mixin.py:120} INFO - [2025-02-13T08:01:35.245+0000] {dag.py:3340} INFO - Setting next_dagrun for xcom_dag to 2025-02-12T00:00:00+00:00, run_after=2025-02-13T00:00:00+00:00
[2025-02-13T08:01:35.306+0000] {processor.py:176} INFO - Processing /opt/airflow/dags/xcom_dag.py took 0.490 seconds
[2025-02-13T08:02:06.016+0000] {processor.py:154} INFO - Started process (PID=2230) to work on /opt/airflow/dags/xcom_dag.py
[2025-02-13T08:02:06.019+0000] {processor.py:756} INFO - Processing file /opt/airflow/dags/xcom_dag.py for tasks to queue
[2025-02-13T08:02:06.022+0000] {logging_mixin.py:120} INFO - [2025-02-13T08:02:06.021+0000] {dagbag.py:537} INFO - Filling up the DagBag from /opt/airflow/dags/xcom_dag.py
[2025-02-13T08:02:06.070+0000] {processor.py:766} INFO - DAG(s) dict_keys(['xcom_dag']) retrieved from /opt/airflow/dags/xcom_dag.py
[2025-02-13T08:02:06.145+0000] {logging_mixin.py:120} INFO - [2025-02-13T08:02:06.145+0000] {dag.py:2585} INFO - Sync 1 DAGs
[2025-02-13T08:02:06.196+0000] {logging_mixin.py:120} INFO - [2025-02-13T08:02:06.196+0000] {dag.py:3340} INFO - Setting next_dagrun for xcom_dag to 2025-02-12T00:00:00+00:00, run_after=2025-02-13T00:00:00+00:00
[2025-02-13T08:02:06.233+0000] {processor.py:176} INFO - Processing /opt/airflow/dags/xcom_dag.py took 0.226 seconds
[2025-02-13T08:02:36.329+0000] {processor.py:154} INFO - Started process (PID=2265) to work on /opt/airflow/dags/xcom_dag.py
[2025-02-13T08:02:36.330+0000] {processor.py:756} INFO - Processing file /opt/airflow/dags/xcom_dag.py for tasks to queue
[2025-02-13T08:02:36.335+0000] {logging_mixin.py:120} INFO - [2025-02-13T08:02:36.335+0000] {dagbag.py:537} INFO - Filling up the DagBag from /opt/airflow/dags/xcom_dag.py
[2025-02-13T08:02:36.376+0000] {processor.py:766} INFO - DAG(s) dict_keys(['xcom_dag']) retrieved from /opt/airflow/dags/xcom_dag.py
[2025-02-13T08:02:36.451+0000] {logging_mixin.py:120} INFO - [2025-02-13T08:02:36.451+0000] {dag.py:2585} INFO - Sync 1 DAGs
[2025-02-13T08:02:36.504+0000] {logging_mixin.py:120} INFO - [2025-02-13T08:02:36.504+0000] {dag.py:3340} INFO - Setting next_dagrun for xcom_dag to 2025-02-12T00:00:00+00:00, run_after=2025-02-13T00:00:00+00:00
[2025-02-13T08:02:36.538+0000] {processor.py:176} INFO - Processing /opt/airflow/dags/xcom_dag.py took 0.216 seconds
[2025-02-13T08:03:07.221+0000] {processor.py:154} INFO - Started process (PID=2301) to work on /opt/airflow/dags/xcom_dag.py
[2025-02-13T08:03:07.223+0000] {processor.py:756} INFO - Processing file /opt/airflow/dags/xcom_dag.py for tasks to queue
[2025-02-13T08:03:07.226+0000] {logging_mixin.py:120} INFO - [2025-02-13T08:03:07.226+0000] {dagbag.py:537} INFO - Filling up the DagBag from /opt/airflow/dags/xcom_dag.py
[2025-02-13T08:03:07.281+0000] {processor.py:766} INFO - DAG(s) dict_keys(['xcom_dag']) retrieved from /opt/airflow/dags/xcom_dag.py
[2025-02-13T08:03:07.369+0000] {logging_mixin.py:120} INFO - [2025-02-13T08:03:07.369+0000] {dag.py:2585} INFO - Sync 1 DAGs
[2025-02-13T08:03:07.429+0000] {logging_mixin.py:120} INFO - [2025-02-13T08:03:07.428+0000] {dag.py:3340} INFO - Setting next_dagrun for xcom_dag to 2025-02-12T00:00:00+00:00, run_after=2025-02-13T00:00:00+00:00
[2025-02-13T08:03:07.465+0000] {processor.py:176} INFO - Processing /opt/airflow/dags/xcom_dag.py took 0.250 seconds
[2025-02-13T08:05:00.499+0000] {processor.py:154} INFO - Started process (PID=74) to work on /opt/airflow/dags/xcom_dag.py
[2025-02-13T08:05:00.503+0000] {processor.py:756} INFO - Processing file /opt/airflow/dags/xcom_dag.py for tasks to queue
[2025-02-13T08:05:00.506+0000] {logging_mixin.py:120} INFO - [2025-02-13T08:05:00.505+0000] {dagbag.py:537} INFO - Filling up the DagBag from /opt/airflow/dags/xcom_dag.py
[2025-02-13T08:05:00.617+0000] {processor.py:766} INFO - DAG(s) dict_keys(['xcom_dag']) retrieved from /opt/airflow/dags/xcom_dag.py
[2025-02-13T08:05:00.855+0000] {logging_mixin.py:120} INFO - [2025-02-13T08:05:00.855+0000] {dag.py:2585} INFO - Sync 1 DAGs
[2025-02-13T08:05:00.931+0000] {logging_mixin.py:120} INFO - [2025-02-13T08:05:00.930+0000] {dag.py:3340} INFO - Setting next_dagrun for xcom_dag to 2025-02-12T00:00:00+00:00, run_after=2025-02-13T00:00:00+00:00
[2025-02-13T08:05:00.979+0000] {processor.py:176} INFO - Processing /opt/airflow/dags/xcom_dag.py took 0.487 seconds
[2025-02-13T08:05:31.465+0000] {processor.py:154} INFO - Started process (PID=101) to work on /opt/airflow/dags/xcom_dag.py
[2025-02-13T08:05:31.466+0000] {processor.py:756} INFO - Processing file /opt/airflow/dags/xcom_dag.py for tasks to queue
[2025-02-13T08:05:31.468+0000] {logging_mixin.py:120} INFO - [2025-02-13T08:05:31.468+0000] {dagbag.py:537} INFO - Filling up the DagBag from /opt/airflow/dags/xcom_dag.py
[2025-02-13T08:05:31.514+0000] {processor.py:766} INFO - DAG(s) dict_keys(['xcom_dag']) retrieved from /opt/airflow/dags/xcom_dag.py
[2025-02-13T08:05:31.596+0000] {logging_mixin.py:120} INFO - [2025-02-13T08:05:31.595+0000] {dag.py:2585} INFO - Sync 1 DAGs
[2025-02-13T08:05:31.642+0000] {logging_mixin.py:120} INFO - [2025-02-13T08:05:31.641+0000] {dag.py:3340} INFO - Setting next_dagrun for xcom_dag to 2025-02-12T00:00:00+00:00, run_after=2025-02-13T00:00:00+00:00
[2025-02-13T08:05:31.681+0000] {processor.py:176} INFO - Processing /opt/airflow/dags/xcom_dag.py took 0.223 seconds
[2025-02-13T08:06:01.895+0000] {processor.py:154} INFO - Started process (PID=129) to work on /opt/airflow/dags/xcom_dag.py
[2025-02-13T08:06:01.897+0000] {processor.py:756} INFO - Processing file /opt/airflow/dags/xcom_dag.py for tasks to queue
[2025-02-13T08:06:01.898+0000] {logging_mixin.py:120} INFO - [2025-02-13T08:06:01.898+0000] {dagbag.py:537} INFO - Filling up the DagBag from /opt/airflow/dags/xcom_dag.py
[2025-02-13T08:06:01.998+0000] {processor.py:766} INFO - DAG(s) dict_keys(['xcom_dag']) retrieved from /opt/airflow/dags/xcom_dag.py
[2025-02-13T08:06:02.308+0000] {logging_mixin.py:120} INFO - [2025-02-13T08:06:02.308+0000] {dag.py:2585} INFO - Sync 1 DAGs
[2025-02-13T08:06:02.413+0000] {logging_mixin.py:120} INFO - [2025-02-13T08:06:02.413+0000] {dag.py:3340} INFO - Setting next_dagrun for xcom_dag to 2025-02-12T00:00:00+00:00, run_after=2025-02-13T00:00:00+00:00
[2025-02-13T08:06:02.461+0000] {processor.py:176} INFO - Processing /opt/airflow/dags/xcom_dag.py took 0.572 seconds
[2025-02-13T08:06:32.543+0000] {processor.py:154} INFO - Started process (PID=165) to work on /opt/airflow/dags/xcom_dag.py
[2025-02-13T08:06:32.546+0000] {processor.py:756} INFO - Processing file /opt/airflow/dags/xcom_dag.py for tasks to queue
[2025-02-13T08:06:32.548+0000] {logging_mixin.py:120} INFO - [2025-02-13T08:06:32.548+0000] {dagbag.py:537} INFO - Filling up the DagBag from /opt/airflow/dags/xcom_dag.py
[2025-02-13T08:06:32.588+0000] {processor.py:766} INFO - DAG(s) dict_keys(['xcom_dag']) retrieved from /opt/airflow/dags/xcom_dag.py
[2025-02-13T08:06:32.662+0000] {logging_mixin.py:120} INFO - [2025-02-13T08:06:32.662+0000] {dag.py:2585} INFO - Sync 1 DAGs
[2025-02-13T08:06:32.711+0000] {logging_mixin.py:120} INFO - [2025-02-13T08:06:32.710+0000] {dag.py:3340} INFO - Setting next_dagrun for xcom_dag to 2025-02-12T00:00:00+00:00, run_after=2025-02-13T00:00:00+00:00
[2025-02-13T08:06:32.745+0000] {processor.py:176} INFO - Processing /opt/airflow/dags/xcom_dag.py took 0.208 seconds
[2025-02-13T08:07:03.466+0000] {processor.py:154} INFO - Started process (PID=192) to work on /opt/airflow/dags/xcom_dag.py
[2025-02-13T08:07:03.469+0000] {processor.py:756} INFO - Processing file /opt/airflow/dags/xcom_dag.py for tasks to queue
[2025-02-13T08:07:03.473+0000] {logging_mixin.py:120} INFO - [2025-02-13T08:07:03.472+0000] {dagbag.py:537} INFO - Filling up the DagBag from /opt/airflow/dags/xcom_dag.py
[2025-02-13T08:07:03.648+0000] {processor.py:766} INFO - DAG(s) dict_keys(['xcom_dag']) retrieved from /opt/airflow/dags/xcom_dag.py
[2025-02-13T08:07:03.742+0000] {logging_mixin.py:120} INFO - [2025-02-13T08:07:03.741+0000] {dag.py:2585} INFO - Sync 1 DAGs
[2025-02-13T08:07:03.845+0000] {logging_mixin.py:120} INFO - [2025-02-13T08:07:03.844+0000] {dag.py:3340} INFO - Setting next_dagrun for xcom_dag to 2025-02-12T00:00:00+00:00, run_after=2025-02-13T00:00:00+00:00
[2025-02-13T08:07:03.932+0000] {processor.py:176} INFO - Processing /opt/airflow/dags/xcom_dag.py took 0.475 seconds
[2025-02-13T08:07:34.369+0000] {processor.py:154} INFO - Started process (PID=227) to work on /opt/airflow/dags/xcom_dag.py
[2025-02-13T08:07:34.371+0000] {processor.py:756} INFO - Processing file /opt/airflow/dags/xcom_dag.py for tasks to queue
[2025-02-13T08:07:34.374+0000] {logging_mixin.py:120} INFO - [2025-02-13T08:07:34.374+0000] {dagbag.py:537} INFO - Filling up the DagBag from /opt/airflow/dags/xcom_dag.py
[2025-02-13T08:07:34.411+0000] {processor.py:766} INFO - DAG(s) dict_keys(['xcom_dag']) retrieved from /opt/airflow/dags/xcom_dag.py
[2025-02-13T08:07:34.500+0000] {logging_mixin.py:120} INFO - [2025-02-13T08:07:34.499+0000] {dag.py:2585} INFO - Sync 1 DAGs
[2025-02-13T08:07:34.555+0000] {logging_mixin.py:120} INFO - [2025-02-13T08:07:34.555+0000] {dag.py:3340} INFO - Setting next_dagrun for xcom_dag to 2025-02-12T00:00:00+00:00, run_after=2025-02-13T00:00:00+00:00
[2025-02-13T08:07:34.596+0000] {processor.py:176} INFO - Processing /opt/airflow/dags/xcom_dag.py took 0.233 seconds
[2025-02-13T08:08:04.680+0000] {processor.py:154} INFO - Started process (PID=255) to work on /opt/airflow/dags/xcom_dag.py
[2025-02-13T08:08:04.681+0000] {processor.py:756} INFO - Processing file /opt/airflow/dags/xcom_dag.py for tasks to queue
[2025-02-13T08:08:04.684+0000] {logging_mixin.py:120} INFO - [2025-02-13T08:08:04.684+0000] {dagbag.py:537} INFO - Filling up the DagBag from /opt/airflow/dags/xcom_dag.py
[2025-02-13T08:08:04.735+0000] {processor.py:766} INFO - DAG(s) dict_keys(['xcom_dag']) retrieved from /opt/airflow/dags/xcom_dag.py
[2025-02-13T08:08:04.835+0000] {logging_mixin.py:120} INFO - [2025-02-13T08:08:04.835+0000] {dag.py:2585} INFO - Sync 1 DAGs
[2025-02-13T08:08:04.916+0000] {logging_mixin.py:120} INFO - [2025-02-13T08:08:04.915+0000] {dag.py:3340} INFO - Setting next_dagrun for xcom_dag to 2025-02-12T00:00:00+00:00, run_after=2025-02-13T00:00:00+00:00
[2025-02-13T08:08:04.968+0000] {processor.py:176} INFO - Processing /opt/airflow/dags/xcom_dag.py took 0.294 seconds
[2025-02-13T08:08:35.087+0000] {processor.py:154} INFO - Started process (PID=282) to work on /opt/airflow/dags/xcom_dag.py
[2025-02-13T08:08:35.088+0000] {processor.py:756} INFO - Processing file /opt/airflow/dags/xcom_dag.py for tasks to queue
[2025-02-13T08:08:35.090+0000] {logging_mixin.py:120} INFO - [2025-02-13T08:08:35.090+0000] {dagbag.py:537} INFO - Filling up the DagBag from /opt/airflow/dags/xcom_dag.py
[2025-02-13T08:08:35.133+0000] {processor.py:766} INFO - DAG(s) dict_keys(['xcom_dag']) retrieved from /opt/airflow/dags/xcom_dag.py
[2025-02-13T08:08:35.205+0000] {logging_mixin.py:120} INFO - [2025-02-13T08:08:35.205+0000] {dag.py:2585} INFO - Sync 1 DAGs
[2025-02-13T08:08:35.256+0000] {logging_mixin.py:120} INFO - [2025-02-13T08:08:35.256+0000] {dag.py:3340} INFO - Setting next_dagrun for xcom_dag to 2025-02-12T00:00:00+00:00, run_after=2025-02-13T00:00:00+00:00
[2025-02-13T08:08:35.291+0000] {processor.py:176} INFO - Processing /opt/airflow/dags/xcom_dag.py took 0.210 seconds
[2025-02-13T08:09:06.214+0000] {processor.py:154} INFO - Started process (PID=318) to work on /opt/airflow/dags/xcom_dag.py
[2025-02-13T08:09:06.215+0000] {processor.py:756} INFO - Processing file /opt/airflow/dags/xcom_dag.py for tasks to queue
[2025-02-13T08:09:06.218+0000] {logging_mixin.py:120} INFO - [2025-02-13T08:09:06.217+0000] {dagbag.py:537} INFO - Filling up the DagBag from /opt/airflow/dags/xcom_dag.py
[2025-02-13T08:09:06.262+0000] {processor.py:766} INFO - DAG(s) dict_keys(['xcom_dag']) retrieved from /opt/airflow/dags/xcom_dag.py
[2025-02-13T08:09:06.333+0000] {logging_mixin.py:120} INFO - [2025-02-13T08:09:06.333+0000] {dag.py:2585} INFO - Sync 1 DAGs
[2025-02-13T08:09:06.386+0000] {logging_mixin.py:120} INFO - [2025-02-13T08:09:06.385+0000] {dag.py:3340} INFO - Setting next_dagrun for xcom_dag to 2025-02-12T00:00:00+00:00, run_after=2025-02-13T00:00:00+00:00
[2025-02-13T08:09:06.424+0000] {processor.py:176} INFO - Processing /opt/airflow/dags/xcom_dag.py took 0.215 seconds
[2025-02-13T08:09:37.281+0000] {processor.py:154} INFO - Started process (PID=345) to work on /opt/airflow/dags/xcom_dag.py
[2025-02-13T08:09:37.282+0000] {processor.py:756} INFO - Processing file /opt/airflow/dags/xcom_dag.py for tasks to queue
[2025-02-13T08:09:37.285+0000] {logging_mixin.py:120} INFO - [2025-02-13T08:09:37.285+0000] {dagbag.py:537} INFO - Filling up the DagBag from /opt/airflow/dags/xcom_dag.py
[2025-02-13T08:09:37.331+0000] {processor.py:766} INFO - DAG(s) dict_keys(['xcom_dag']) retrieved from /opt/airflow/dags/xcom_dag.py
[2025-02-13T08:09:37.402+0000] {logging_mixin.py:120} INFO - [2025-02-13T08:09:37.402+0000] {dag.py:2585} INFO - Sync 1 DAGs
[2025-02-13T08:09:37.450+0000] {logging_mixin.py:120} INFO - [2025-02-13T08:09:37.449+0000] {dag.py:3340} INFO - Setting next_dagrun for xcom_dag to 2025-02-12T00:00:00+00:00, run_after=2025-02-13T00:00:00+00:00
[2025-02-13T08:09:37.488+0000] {processor.py:176} INFO - Processing /opt/airflow/dags/xcom_dag.py took 0.212 seconds
[2025-02-13T08:10:07.651+0000] {processor.py:154} INFO - Started process (PID=382) to work on /opt/airflow/dags/xcom_dag.py
[2025-02-13T08:10:07.653+0000] {processor.py:756} INFO - Processing file /opt/airflow/dags/xcom_dag.py for tasks to queue
[2025-02-13T08:10:07.656+0000] {logging_mixin.py:120} INFO - [2025-02-13T08:10:07.655+0000] {dagbag.py:537} INFO - Filling up the DagBag from /opt/airflow/dags/xcom_dag.py
[2025-02-13T08:10:07.726+0000] {processor.py:766} INFO - DAG(s) dict_keys(['xcom_dag']) retrieved from /opt/airflow/dags/xcom_dag.py
[2025-02-13T08:10:07.821+0000] {logging_mixin.py:120} INFO - [2025-02-13T08:10:07.821+0000] {dag.py:2585} INFO - Sync 1 DAGs
[2025-02-13T08:10:07.933+0000] {logging_mixin.py:120} INFO - [2025-02-13T08:10:07.932+0000] {dag.py:3340} INFO - Setting next_dagrun for xcom_dag to 2025-02-12T00:00:00+00:00, run_after=2025-02-13T00:00:00+00:00
[2025-02-13T08:10:07.995+0000] {processor.py:176} INFO - Processing /opt/airflow/dags/xcom_dag.py took 0.351 seconds
