[2025-02-11T07:25:33.153+0000] {taskinstance.py:1165} INFO - Dependencies all met for <TaskInstance: group_dag.downloads.download_a scheduled__2025-02-10T00:00:00+00:00 [queued]>
[2025-02-11T07:25:33.213+0000] {taskinstance.py:1165} INFO - Dependencies all met for <TaskInstance: group_dag.downloads.download_a scheduled__2025-02-10T00:00:00+00:00 [queued]>
[2025-02-11T07:25:33.214+0000] {taskinstance.py:1362} INFO - 
--------------------------------------------------------------------------------
[2025-02-11T07:25:33.215+0000] {taskinstance.py:1363} INFO - Starting attempt 1 of 1
[2025-02-11T07:25:33.216+0000] {taskinstance.py:1364} INFO - 
--------------------------------------------------------------------------------
[2025-02-11T07:25:33.256+0000] {taskinstance.py:1383} INFO - Executing <Task(BashOperator): download_a> on 2025-02-10 00:00:00+00:00
[2025-02-11T07:25:33.266+0000] {standard_task_runner.py:55} INFO - Started process 969 to run task
[2025-02-11T07:25:33.277+0000] {standard_task_runner.py:82} INFO - Running: ['***', 'tasks', 'run', 'group_dag.downloads', 'download_a', 'scheduled__2025-02-10T00:00:00+00:00', '--job-id', '71', '--raw', '--subdir', 'DAGS_FOLDER/group_dag.py', '--cfg-path', '/tmp/tmp0hf2m2uo']
[2025-02-11T07:25:33.278+0000] {standard_task_runner.py:83} INFO - Job 71: Subtask download_a
[2025-02-11T07:25:33.501+0000] {task_command.py:376} INFO - Running <TaskInstance: group_dag.downloads.download_a scheduled__2025-02-10T00:00:00+00:00 [running]> on host 504bf2b4f87f
[2025-02-11T07:25:33.828+0000] {taskinstance.py:1592} INFO - Exporting the following env vars:
AIRFLOW_CTX_DAG_OWNER=***
AIRFLOW_CTX_DAG_ID=group_dag.downloads
AIRFLOW_CTX_TASK_ID=download_a
AIRFLOW_CTX_EXECUTION_DATE=2025-02-10T00:00:00+00:00
AIRFLOW_CTX_TRY_NUMBER=1
AIRFLOW_CTX_DAG_RUN_ID=scheduled__2025-02-10T00:00:00+00:00
[2025-02-11T07:25:33.831+0000] {subprocess.py:63} INFO - Tmp dir root location: 
 /tmp
[2025-02-11T07:25:33.833+0000] {subprocess.py:75} INFO - Running command: ['/bin/bash', '-c', 'sleep 10']
[2025-02-11T07:25:33.881+0000] {subprocess.py:86} INFO - Output:
[2025-02-11T07:25:43.933+0000] {subprocess.py:97} INFO - Command exited with return code 0
[2025-02-11T07:25:44.614+0000] {taskinstance.py:1406} INFO - Marking task as SUCCESS. dag_id=group_dag.downloads, task_id=download_a, execution_date=20250210T000000, start_date=20250211T072533, end_date=20250211T072544
[2025-02-11T07:25:45.307+0000] {local_task_job.py:164} INFO - Task exited with return code 0
[2025-02-11T07:25:45.482+0000] {local_task_job.py:273} INFO - 0 downstream tasks scheduled from follow-on schedule check
