[2025-01-27T08:33:52.742+0000] {processor.py:154} INFO - Started process (PID=65) to work on /home/airflow/.local/lib/python3.7/site-packages/airflow/example_dags/example_branch_labels.py
[2025-01-27T08:33:52.746+0000] {processor.py:756} INFO - Processing file /home/airflow/.local/lib/python3.7/site-packages/airflow/example_dags/example_branch_labels.py for tasks to queue
[2025-01-27T08:33:52.748+0000] {logging_mixin.py:120} INFO - [2025-01-27T08:33:52.748+0000] {dagbag.py:537} INFO - Filling up the DagBag from /home/airflow/.local/lib/python3.7/site-packages/airflow/example_dags/example_branch_labels.py
[2025-01-27T08:33:52.827+0000] {processor.py:766} INFO - DAG(s) dict_keys(['example_branch_labels']) retrieved from /home/airflow/.local/lib/python3.7/site-packages/airflow/example_dags/example_branch_labels.py
[2025-01-27T08:33:53.503+0000] {logging_mixin.py:120} INFO - [2025-01-27T08:33:53.502+0000] {manager.py:507} INFO - Created Permission View: can edit on DAG:example_branch_labels
[2025-01-27T08:33:53.528+0000] {logging_mixin.py:120} INFO - [2025-01-27T08:33:53.528+0000] {manager.py:507} INFO - Created Permission View: can read on DAG:example_branch_labels
[2025-01-27T08:33:53.543+0000] {logging_mixin.py:120} INFO - [2025-01-27T08:33:53.542+0000] {manager.py:507} INFO - Created Permission View: can delete on DAG:example_branch_labels
[2025-01-27T08:33:53.545+0000] {logging_mixin.py:120} INFO - [2025-01-27T08:33:53.545+0000] {dag.py:2585} INFO - Sync 1 DAGs
[2025-01-27T08:33:53.599+0000] {logging_mixin.py:120} INFO - [2025-01-27T08:33:53.598+0000] {dag.py:2606} INFO - Creating ORM DAG for example_branch_labels
[2025-01-27T08:33:53.647+0000] {logging_mixin.py:120} INFO - [2025-01-27T08:33:53.647+0000] {dag.py:3340} INFO - Setting next_dagrun for example_branch_labels to 2025-01-26T00:00:00+00:00, run_after=2025-01-27T00:00:00+00:00
[2025-01-27T08:33:53.748+0000] {processor.py:176} INFO - Processing /home/airflow/.local/lib/python3.7/site-packages/airflow/example_dags/example_branch_labels.py took 1.026 seconds
[2025-01-27T08:34:23.837+0000] {processor.py:154} INFO - Started process (PID=119) to work on /home/airflow/.local/lib/python3.7/site-packages/airflow/example_dags/example_branch_labels.py
[2025-01-27T08:34:23.840+0000] {processor.py:756} INFO - Processing file /home/airflow/.local/lib/python3.7/site-packages/airflow/example_dags/example_branch_labels.py for tasks to queue
[2025-01-27T08:34:23.841+0000] {logging_mixin.py:120} INFO - [2025-01-27T08:34:23.841+0000] {dagbag.py:537} INFO - Filling up the DagBag from /home/airflow/.local/lib/python3.7/site-packages/airflow/example_dags/example_branch_labels.py
[2025-01-27T08:34:23.872+0000] {processor.py:766} INFO - DAG(s) dict_keys(['example_branch_labels']) retrieved from /home/airflow/.local/lib/python3.7/site-packages/airflow/example_dags/example_branch_labels.py
[2025-01-27T08:34:23.947+0000] {logging_mixin.py:120} INFO - [2025-01-27T08:34:23.947+0000] {dag.py:2585} INFO - Sync 1 DAGs
[2025-01-27T08:34:23.991+0000] {logging_mixin.py:120} INFO - [2025-01-27T08:34:23.990+0000] {dag.py:3340} INFO - Setting next_dagrun for example_branch_labels to 2025-01-26T00:00:00+00:00, run_after=2025-01-27T00:00:00+00:00
[2025-01-27T08:34:24.029+0000] {processor.py:176} INFO - Processing /home/airflow/.local/lib/python3.7/site-packages/airflow/example_dags/example_branch_labels.py took 0.200 seconds
[2025-01-27T08:34:54.789+0000] {processor.py:154} INFO - Started process (PID=183) to work on /home/airflow/.local/lib/python3.7/site-packages/airflow/example_dags/example_branch_labels.py
[2025-01-27T08:34:54.791+0000] {processor.py:756} INFO - Processing file /home/airflow/.local/lib/python3.7/site-packages/airflow/example_dags/example_branch_labels.py for tasks to queue
[2025-01-27T08:34:54.792+0000] {logging_mixin.py:120} INFO - [2025-01-27T08:34:54.792+0000] {dagbag.py:537} INFO - Filling up the DagBag from /home/airflow/.local/lib/python3.7/site-packages/airflow/example_dags/example_branch_labels.py
[2025-01-27T08:34:54.823+0000] {processor.py:766} INFO - DAG(s) dict_keys(['example_branch_labels']) retrieved from /home/airflow/.local/lib/python3.7/site-packages/airflow/example_dags/example_branch_labels.py
[2025-01-27T08:34:54.908+0000] {logging_mixin.py:120} INFO - [2025-01-27T08:34:54.908+0000] {dag.py:2585} INFO - Sync 1 DAGs
[2025-01-27T08:34:54.964+0000] {logging_mixin.py:120} INFO - [2025-01-27T08:34:54.964+0000] {dag.py:3340} INFO - Setting next_dagrun for example_branch_labels to 2025-01-26T00:00:00+00:00, run_after=2025-01-27T00:00:00+00:00
[2025-01-27T08:34:55.007+0000] {processor.py:176} INFO - Processing /home/airflow/.local/lib/python3.7/site-packages/airflow/example_dags/example_branch_labels.py took 0.225 seconds
[2025-01-27T08:35:25.652+0000] {processor.py:154} INFO - Started process (PID=236) to work on /home/airflow/.local/lib/python3.7/site-packages/airflow/example_dags/example_branch_labels.py
[2025-01-27T08:35:25.654+0000] {processor.py:756} INFO - Processing file /home/airflow/.local/lib/python3.7/site-packages/airflow/example_dags/example_branch_labels.py for tasks to queue
[2025-01-27T08:35:25.656+0000] {logging_mixin.py:120} INFO - [2025-01-27T08:35:25.656+0000] {dagbag.py:537} INFO - Filling up the DagBag from /home/airflow/.local/lib/python3.7/site-packages/airflow/example_dags/example_branch_labels.py
[2025-01-27T08:35:25.684+0000] {processor.py:766} INFO - DAG(s) dict_keys(['example_branch_labels']) retrieved from /home/airflow/.local/lib/python3.7/site-packages/airflow/example_dags/example_branch_labels.py
[2025-01-27T08:35:25.765+0000] {logging_mixin.py:120} INFO - [2025-01-27T08:35:25.765+0000] {dag.py:2585} INFO - Sync 1 DAGs
[2025-01-27T08:35:25.820+0000] {logging_mixin.py:120} INFO - [2025-01-27T08:35:25.820+0000] {dag.py:3340} INFO - Setting next_dagrun for example_branch_labels to 2025-01-26T00:00:00+00:00, run_after=2025-01-27T00:00:00+00:00
[2025-01-27T08:35:25.858+0000] {processor.py:176} INFO - Processing /home/airflow/.local/lib/python3.7/site-packages/airflow/example_dags/example_branch_labels.py took 0.211 seconds
[2025-01-27T08:35:56.017+0000] {processor.py:154} INFO - Started process (PID=299) to work on /home/airflow/.local/lib/python3.7/site-packages/airflow/example_dags/example_branch_labels.py
[2025-01-27T08:35:56.019+0000] {processor.py:756} INFO - Processing file /home/airflow/.local/lib/python3.7/site-packages/airflow/example_dags/example_branch_labels.py for tasks to queue
[2025-01-27T08:35:56.023+0000] {logging_mixin.py:120} INFO - [2025-01-27T08:35:56.022+0000] {dagbag.py:537} INFO - Filling up the DagBag from /home/airflow/.local/lib/python3.7/site-packages/airflow/example_dags/example_branch_labels.py
[2025-01-27T08:35:56.053+0000] {processor.py:766} INFO - DAG(s) dict_keys(['example_branch_labels']) retrieved from /home/airflow/.local/lib/python3.7/site-packages/airflow/example_dags/example_branch_labels.py
[2025-01-27T08:35:56.142+0000] {logging_mixin.py:120} INFO - [2025-01-27T08:35:56.142+0000] {dag.py:2585} INFO - Sync 1 DAGs
[2025-01-27T08:35:56.193+0000] {logging_mixin.py:120} INFO - [2025-01-27T08:35:56.192+0000] {dag.py:3340} INFO - Setting next_dagrun for example_branch_labels to 2025-01-26T00:00:00+00:00, run_after=2025-01-27T00:00:00+00:00
[2025-01-27T08:35:56.231+0000] {processor.py:176} INFO - Processing /home/airflow/.local/lib/python3.7/site-packages/airflow/example_dags/example_branch_labels.py took 0.220 seconds
[2025-01-27T08:36:27.041+0000] {processor.py:154} INFO - Started process (PID=352) to work on /home/airflow/.local/lib/python3.7/site-packages/airflow/example_dags/example_branch_labels.py
[2025-01-27T08:36:27.044+0000] {processor.py:756} INFO - Processing file /home/airflow/.local/lib/python3.7/site-packages/airflow/example_dags/example_branch_labels.py for tasks to queue
[2025-01-27T08:36:27.046+0000] {logging_mixin.py:120} INFO - [2025-01-27T08:36:27.046+0000] {dagbag.py:537} INFO - Filling up the DagBag from /home/airflow/.local/lib/python3.7/site-packages/airflow/example_dags/example_branch_labels.py
[2025-01-27T08:36:27.076+0000] {processor.py:766} INFO - DAG(s) dict_keys(['example_branch_labels']) retrieved from /home/airflow/.local/lib/python3.7/site-packages/airflow/example_dags/example_branch_labels.py
[2025-01-27T08:36:27.153+0000] {logging_mixin.py:120} INFO - [2025-01-27T08:36:27.153+0000] {dag.py:2585} INFO - Sync 1 DAGs
[2025-01-27T08:36:27.206+0000] {logging_mixin.py:120} INFO - [2025-01-27T08:36:27.206+0000] {dag.py:3340} INFO - Setting next_dagrun for example_branch_labels to 2025-01-26T00:00:00+00:00, run_after=2025-01-27T00:00:00+00:00
[2025-01-27T08:36:27.241+0000] {processor.py:176} INFO - Processing /home/airflow/.local/lib/python3.7/site-packages/airflow/example_dags/example_branch_labels.py took 0.206 seconds
[2025-01-27T08:36:58.117+0000] {processor.py:154} INFO - Started process (PID=415) to work on /home/airflow/.local/lib/python3.7/site-packages/airflow/example_dags/example_branch_labels.py
[2025-01-27T08:36:58.118+0000] {processor.py:756} INFO - Processing file /home/airflow/.local/lib/python3.7/site-packages/airflow/example_dags/example_branch_labels.py for tasks to queue
[2025-01-27T08:36:58.120+0000] {logging_mixin.py:120} INFO - [2025-01-27T08:36:58.120+0000] {dagbag.py:537} INFO - Filling up the DagBag from /home/airflow/.local/lib/python3.7/site-packages/airflow/example_dags/example_branch_labels.py
[2025-01-27T08:36:58.156+0000] {processor.py:766} INFO - DAG(s) dict_keys(['example_branch_labels']) retrieved from /home/airflow/.local/lib/python3.7/site-packages/airflow/example_dags/example_branch_labels.py
[2025-01-27T08:36:58.234+0000] {logging_mixin.py:120} INFO - [2025-01-27T08:36:58.234+0000] {dag.py:2585} INFO - Sync 1 DAGs
[2025-01-27T08:36:58.297+0000] {logging_mixin.py:120} INFO - [2025-01-27T08:36:58.296+0000] {dag.py:3340} INFO - Setting next_dagrun for example_branch_labels to 2025-01-26T00:00:00+00:00, run_after=2025-01-27T00:00:00+00:00
[2025-01-27T08:36:58.336+0000] {processor.py:176} INFO - Processing /home/airflow/.local/lib/python3.7/site-packages/airflow/example_dags/example_branch_labels.py took 0.225 seconds
[2025-01-27T08:37:28.852+0000] {processor.py:154} INFO - Started process (PID=469) to work on /home/airflow/.local/lib/python3.7/site-packages/airflow/example_dags/example_branch_labels.py
[2025-01-27T08:37:28.854+0000] {processor.py:756} INFO - Processing file /home/airflow/.local/lib/python3.7/site-packages/airflow/example_dags/example_branch_labels.py for tasks to queue
[2025-01-27T08:37:28.855+0000] {logging_mixin.py:120} INFO - [2025-01-27T08:37:28.855+0000] {dagbag.py:537} INFO - Filling up the DagBag from /home/airflow/.local/lib/python3.7/site-packages/airflow/example_dags/example_branch_labels.py
[2025-01-27T08:37:28.888+0000] {processor.py:766} INFO - DAG(s) dict_keys(['example_branch_labels']) retrieved from /home/airflow/.local/lib/python3.7/site-packages/airflow/example_dags/example_branch_labels.py
[2025-01-27T08:37:28.976+0000] {logging_mixin.py:120} INFO - [2025-01-27T08:37:28.976+0000] {dag.py:2585} INFO - Sync 1 DAGs
[2025-01-27T08:37:29.032+0000] {logging_mixin.py:120} INFO - [2025-01-27T08:37:29.031+0000] {dag.py:3340} INFO - Setting next_dagrun for example_branch_labels to 2025-01-26T00:00:00+00:00, run_after=2025-01-27T00:00:00+00:00
[2025-01-27T08:37:29.073+0000] {processor.py:176} INFO - Processing /home/airflow/.local/lib/python3.7/site-packages/airflow/example_dags/example_branch_labels.py took 0.226 seconds
[2025-01-27T08:38:00.061+0000] {processor.py:154} INFO - Started process (PID=531) to work on /home/airflow/.local/lib/python3.7/site-packages/airflow/example_dags/example_branch_labels.py
[2025-01-27T08:38:00.063+0000] {processor.py:756} INFO - Processing file /home/airflow/.local/lib/python3.7/site-packages/airflow/example_dags/example_branch_labels.py for tasks to queue
[2025-01-27T08:38:00.065+0000] {logging_mixin.py:120} INFO - [2025-01-27T08:38:00.065+0000] {dagbag.py:537} INFO - Filling up the DagBag from /home/airflow/.local/lib/python3.7/site-packages/airflow/example_dags/example_branch_labels.py
[2025-01-27T08:38:00.099+0000] {processor.py:766} INFO - DAG(s) dict_keys(['example_branch_labels']) retrieved from /home/airflow/.local/lib/python3.7/site-packages/airflow/example_dags/example_branch_labels.py
[2025-01-27T08:38:00.190+0000] {logging_mixin.py:120} INFO - [2025-01-27T08:38:00.190+0000] {dag.py:2585} INFO - Sync 1 DAGs
[2025-01-27T08:38:00.243+0000] {logging_mixin.py:120} INFO - [2025-01-27T08:38:00.243+0000] {dag.py:3340} INFO - Setting next_dagrun for example_branch_labels to 2025-01-26T00:00:00+00:00, run_after=2025-01-27T00:00:00+00:00
[2025-01-27T08:38:00.274+0000] {processor.py:176} INFO - Processing /home/airflow/.local/lib/python3.7/site-packages/airflow/example_dags/example_branch_labels.py took 0.219 seconds
[2025-01-27T08:38:30.729+0000] {processor.py:154} INFO - Started process (PID=585) to work on /home/airflow/.local/lib/python3.7/site-packages/airflow/example_dags/example_branch_labels.py
[2025-01-27T08:38:30.731+0000] {processor.py:756} INFO - Processing file /home/airflow/.local/lib/python3.7/site-packages/airflow/example_dags/example_branch_labels.py for tasks to queue
[2025-01-27T08:38:30.732+0000] {logging_mixin.py:120} INFO - [2025-01-27T08:38:30.732+0000] {dagbag.py:537} INFO - Filling up the DagBag from /home/airflow/.local/lib/python3.7/site-packages/airflow/example_dags/example_branch_labels.py
[2025-01-27T08:38:30.762+0000] {processor.py:766} INFO - DAG(s) dict_keys(['example_branch_labels']) retrieved from /home/airflow/.local/lib/python3.7/site-packages/airflow/example_dags/example_branch_labels.py
[2025-01-27T08:38:30.841+0000] {logging_mixin.py:120} INFO - [2025-01-27T08:38:30.840+0000] {dag.py:2585} INFO - Sync 1 DAGs
[2025-01-27T08:38:30.887+0000] {logging_mixin.py:120} INFO - [2025-01-27T08:38:30.887+0000] {dag.py:3340} INFO - Setting next_dagrun for example_branch_labels to 2025-01-26T00:00:00+00:00, run_after=2025-01-27T00:00:00+00:00
[2025-01-27T08:38:30.923+0000] {processor.py:176} INFO - Processing /home/airflow/.local/lib/python3.7/site-packages/airflow/example_dags/example_branch_labels.py took 0.201 seconds
[2025-01-27T08:39:01.729+0000] {processor.py:154} INFO - Started process (PID=648) to work on /home/airflow/.local/lib/python3.7/site-packages/airflow/example_dags/example_branch_labels.py
[2025-01-27T08:39:01.732+0000] {processor.py:756} INFO - Processing file /home/airflow/.local/lib/python3.7/site-packages/airflow/example_dags/example_branch_labels.py for tasks to queue
[2025-01-27T08:39:01.735+0000] {logging_mixin.py:120} INFO - [2025-01-27T08:39:01.735+0000] {dagbag.py:537} INFO - Filling up the DagBag from /home/airflow/.local/lib/python3.7/site-packages/airflow/example_dags/example_branch_labels.py
[2025-01-27T08:39:01.768+0000] {processor.py:766} INFO - DAG(s) dict_keys(['example_branch_labels']) retrieved from /home/airflow/.local/lib/python3.7/site-packages/airflow/example_dags/example_branch_labels.py
[2025-01-27T08:39:01.845+0000] {logging_mixin.py:120} INFO - [2025-01-27T08:39:01.845+0000] {dag.py:2585} INFO - Sync 1 DAGs
[2025-01-27T08:39:01.889+0000] {logging_mixin.py:120} INFO - [2025-01-27T08:39:01.889+0000] {dag.py:3340} INFO - Setting next_dagrun for example_branch_labels to 2025-01-26T00:00:00+00:00, run_after=2025-01-27T00:00:00+00:00
[2025-01-27T08:39:01.922+0000] {processor.py:176} INFO - Processing /home/airflow/.local/lib/python3.7/site-packages/airflow/example_dags/example_branch_labels.py took 0.199 seconds
[2025-01-27T08:39:32.561+0000] {processor.py:154} INFO - Started process (PID=701) to work on /home/airflow/.local/lib/python3.7/site-packages/airflow/example_dags/example_branch_labels.py
[2025-01-27T08:39:32.564+0000] {processor.py:756} INFO - Processing file /home/airflow/.local/lib/python3.7/site-packages/airflow/example_dags/example_branch_labels.py for tasks to queue
[2025-01-27T08:39:32.565+0000] {logging_mixin.py:120} INFO - [2025-01-27T08:39:32.565+0000] {dagbag.py:537} INFO - Filling up the DagBag from /home/airflow/.local/lib/python3.7/site-packages/airflow/example_dags/example_branch_labels.py
[2025-01-27T08:39:32.597+0000] {processor.py:766} INFO - DAG(s) dict_keys(['example_branch_labels']) retrieved from /home/airflow/.local/lib/python3.7/site-packages/airflow/example_dags/example_branch_labels.py
[2025-01-27T08:39:32.680+0000] {logging_mixin.py:120} INFO - [2025-01-27T08:39:32.680+0000] {dag.py:2585} INFO - Sync 1 DAGs
[2025-01-27T08:39:32.735+0000] {logging_mixin.py:120} INFO - [2025-01-27T08:39:32.734+0000] {dag.py:3340} INFO - Setting next_dagrun for example_branch_labels to 2025-01-26T00:00:00+00:00, run_after=2025-01-27T00:00:00+00:00
[2025-01-27T08:39:32.777+0000] {processor.py:176} INFO - Processing /home/airflow/.local/lib/python3.7/site-packages/airflow/example_dags/example_branch_labels.py took 0.223 seconds
[2025-01-27T08:40:03.216+0000] {processor.py:154} INFO - Started process (PID=764) to work on /home/airflow/.local/lib/python3.7/site-packages/airflow/example_dags/example_branch_labels.py
[2025-01-27T08:40:03.217+0000] {processor.py:756} INFO - Processing file /home/airflow/.local/lib/python3.7/site-packages/airflow/example_dags/example_branch_labels.py for tasks to queue
[2025-01-27T08:40:03.220+0000] {logging_mixin.py:120} INFO - [2025-01-27T08:40:03.220+0000] {dagbag.py:537} INFO - Filling up the DagBag from /home/airflow/.local/lib/python3.7/site-packages/airflow/example_dags/example_branch_labels.py
[2025-01-27T08:40:03.251+0000] {processor.py:766} INFO - DAG(s) dict_keys(['example_branch_labels']) retrieved from /home/airflow/.local/lib/python3.7/site-packages/airflow/example_dags/example_branch_labels.py
[2025-01-27T08:40:03.338+0000] {logging_mixin.py:120} INFO - [2025-01-27T08:40:03.338+0000] {dag.py:2585} INFO - Sync 1 DAGs
[2025-01-27T08:40:03.397+0000] {logging_mixin.py:120} INFO - [2025-01-27T08:40:03.397+0000] {dag.py:3340} INFO - Setting next_dagrun for example_branch_labels to 2025-01-26T00:00:00+00:00, run_after=2025-01-27T00:00:00+00:00
[2025-01-27T08:40:03.440+0000] {processor.py:176} INFO - Processing /home/airflow/.local/lib/python3.7/site-packages/airflow/example_dags/example_branch_labels.py took 0.231 seconds
[2025-01-27T08:40:33.952+0000] {processor.py:154} INFO - Started process (PID=818) to work on /home/airflow/.local/lib/python3.7/site-packages/airflow/example_dags/example_branch_labels.py
[2025-01-27T08:40:33.953+0000] {processor.py:756} INFO - Processing file /home/airflow/.local/lib/python3.7/site-packages/airflow/example_dags/example_branch_labels.py for tasks to queue
[2025-01-27T08:40:33.955+0000] {logging_mixin.py:120} INFO - [2025-01-27T08:40:33.955+0000] {dagbag.py:537} INFO - Filling up the DagBag from /home/airflow/.local/lib/python3.7/site-packages/airflow/example_dags/example_branch_labels.py
[2025-01-27T08:40:33.988+0000] {processor.py:766} INFO - DAG(s) dict_keys(['example_branch_labels']) retrieved from /home/airflow/.local/lib/python3.7/site-packages/airflow/example_dags/example_branch_labels.py
[2025-01-27T08:40:34.063+0000] {logging_mixin.py:120} INFO - [2025-01-27T08:40:34.063+0000] {dag.py:2585} INFO - Sync 1 DAGs
[2025-01-27T08:40:34.117+0000] {logging_mixin.py:120} INFO - [2025-01-27T08:40:34.117+0000] {dag.py:3340} INFO - Setting next_dagrun for example_branch_labels to 2025-01-26T00:00:00+00:00, run_after=2025-01-27T00:00:00+00:00
[2025-01-27T08:40:34.162+0000] {processor.py:176} INFO - Processing /home/airflow/.local/lib/python3.7/site-packages/airflow/example_dags/example_branch_labels.py took 0.219 seconds
[2025-01-27T08:41:04.528+0000] {processor.py:154} INFO - Started process (PID=881) to work on /home/airflow/.local/lib/python3.7/site-packages/airflow/example_dags/example_branch_labels.py
[2025-01-27T08:41:04.530+0000] {processor.py:756} INFO - Processing file /home/airflow/.local/lib/python3.7/site-packages/airflow/example_dags/example_branch_labels.py for tasks to queue
[2025-01-27T08:41:04.532+0000] {logging_mixin.py:120} INFO - [2025-01-27T08:41:04.531+0000] {dagbag.py:537} INFO - Filling up the DagBag from /home/airflow/.local/lib/python3.7/site-packages/airflow/example_dags/example_branch_labels.py
[2025-01-27T08:41:04.570+0000] {processor.py:766} INFO - DAG(s) dict_keys(['example_branch_labels']) retrieved from /home/airflow/.local/lib/python3.7/site-packages/airflow/example_dags/example_branch_labels.py
[2025-01-27T08:41:04.657+0000] {logging_mixin.py:120} INFO - [2025-01-27T08:41:04.657+0000] {dag.py:2585} INFO - Sync 1 DAGs
[2025-01-27T08:41:04.707+0000] {logging_mixin.py:120} INFO - [2025-01-27T08:41:04.706+0000] {dag.py:3340} INFO - Setting next_dagrun for example_branch_labels to 2025-01-26T00:00:00+00:00, run_after=2025-01-27T00:00:00+00:00
[2025-01-27T08:41:04.742+0000] {processor.py:176} INFO - Processing /home/airflow/.local/lib/python3.7/site-packages/airflow/example_dags/example_branch_labels.py took 0.222 seconds
[2025-01-27T08:41:35.085+0000] {processor.py:154} INFO - Started process (PID=933) to work on /home/airflow/.local/lib/python3.7/site-packages/airflow/example_dags/example_branch_labels.py
[2025-01-27T08:41:35.086+0000] {processor.py:756} INFO - Processing file /home/airflow/.local/lib/python3.7/site-packages/airflow/example_dags/example_branch_labels.py for tasks to queue
[2025-01-27T08:41:35.088+0000] {logging_mixin.py:120} INFO - [2025-01-27T08:41:35.087+0000] {dagbag.py:537} INFO - Filling up the DagBag from /home/airflow/.local/lib/python3.7/site-packages/airflow/example_dags/example_branch_labels.py
[2025-01-27T08:41:35.114+0000] {processor.py:766} INFO - DAG(s) dict_keys(['example_branch_labels']) retrieved from /home/airflow/.local/lib/python3.7/site-packages/airflow/example_dags/example_branch_labels.py
[2025-01-27T08:41:35.190+0000] {logging_mixin.py:120} INFO - [2025-01-27T08:41:35.190+0000] {dag.py:2585} INFO - Sync 1 DAGs
[2025-01-27T08:41:35.252+0000] {logging_mixin.py:120} INFO - [2025-01-27T08:41:35.252+0000] {dag.py:3340} INFO - Setting next_dagrun for example_branch_labels to 2025-01-26T00:00:00+00:00, run_after=2025-01-27T00:00:00+00:00
[2025-01-27T08:41:35.286+0000] {processor.py:176} INFO - Processing /home/airflow/.local/lib/python3.7/site-packages/airflow/example_dags/example_branch_labels.py took 0.207 seconds
[2025-01-27T08:42:05.356+0000] {processor.py:154} INFO - Started process (PID=994) to work on /home/airflow/.local/lib/python3.7/site-packages/airflow/example_dags/example_branch_labels.py
[2025-01-27T08:42:05.358+0000] {processor.py:756} INFO - Processing file /home/airflow/.local/lib/python3.7/site-packages/airflow/example_dags/example_branch_labels.py for tasks to queue
[2025-01-27T08:42:05.361+0000] {logging_mixin.py:120} INFO - [2025-01-27T08:42:05.360+0000] {dagbag.py:537} INFO - Filling up the DagBag from /home/airflow/.local/lib/python3.7/site-packages/airflow/example_dags/example_branch_labels.py
[2025-01-27T08:42:05.407+0000] {processor.py:766} INFO - DAG(s) dict_keys(['example_branch_labels']) retrieved from /home/airflow/.local/lib/python3.7/site-packages/airflow/example_dags/example_branch_labels.py
[2025-01-27T08:42:05.519+0000] {logging_mixin.py:120} INFO - [2025-01-27T08:42:05.519+0000] {dag.py:2585} INFO - Sync 1 DAGs
[2025-01-27T08:42:05.592+0000] {logging_mixin.py:120} INFO - [2025-01-27T08:42:05.592+0000] {dag.py:3340} INFO - Setting next_dagrun for example_branch_labels to 2025-01-26T00:00:00+00:00, run_after=2025-01-27T00:00:00+00:00
[2025-01-27T08:42:05.641+0000] {processor.py:176} INFO - Processing /home/airflow/.local/lib/python3.7/site-packages/airflow/example_dags/example_branch_labels.py took 0.294 seconds
[2025-01-27T08:42:35.859+0000] {processor.py:154} INFO - Started process (PID=1048) to work on /home/airflow/.local/lib/python3.7/site-packages/airflow/example_dags/example_branch_labels.py
[2025-01-27T08:42:35.861+0000] {processor.py:756} INFO - Processing file /home/airflow/.local/lib/python3.7/site-packages/airflow/example_dags/example_branch_labels.py for tasks to queue
[2025-01-27T08:42:35.863+0000] {logging_mixin.py:120} INFO - [2025-01-27T08:42:35.863+0000] {dagbag.py:537} INFO - Filling up the DagBag from /home/airflow/.local/lib/python3.7/site-packages/airflow/example_dags/example_branch_labels.py
[2025-01-27T08:42:35.900+0000] {processor.py:766} INFO - DAG(s) dict_keys(['example_branch_labels']) retrieved from /home/airflow/.local/lib/python3.7/site-packages/airflow/example_dags/example_branch_labels.py
[2025-01-27T08:42:35.990+0000] {logging_mixin.py:120} INFO - [2025-01-27T08:42:35.990+0000] {dag.py:2585} INFO - Sync 1 DAGs
[2025-01-27T08:42:36.047+0000] {logging_mixin.py:120} INFO - [2025-01-27T08:42:36.047+0000] {dag.py:3340} INFO - Setting next_dagrun for example_branch_labels to 2025-01-26T00:00:00+00:00, run_after=2025-01-27T00:00:00+00:00
[2025-01-27T08:42:36.086+0000] {processor.py:176} INFO - Processing /home/airflow/.local/lib/python3.7/site-packages/airflow/example_dags/example_branch_labels.py took 0.234 seconds
[2025-01-27T08:43:06.247+0000] {processor.py:154} INFO - Started process (PID=1102) to work on /home/airflow/.local/lib/python3.7/site-packages/airflow/example_dags/example_branch_labels.py
[2025-01-27T08:43:06.249+0000] {processor.py:756} INFO - Processing file /home/airflow/.local/lib/python3.7/site-packages/airflow/example_dags/example_branch_labels.py for tasks to queue
[2025-01-27T08:43:06.251+0000] {logging_mixin.py:120} INFO - [2025-01-27T08:43:06.250+0000] {dagbag.py:537} INFO - Filling up the DagBag from /home/airflow/.local/lib/python3.7/site-packages/airflow/example_dags/example_branch_labels.py
[2025-01-27T08:43:06.284+0000] {processor.py:766} INFO - DAG(s) dict_keys(['example_branch_labels']) retrieved from /home/airflow/.local/lib/python3.7/site-packages/airflow/example_dags/example_branch_labels.py
[2025-01-27T08:43:06.370+0000] {logging_mixin.py:120} INFO - [2025-01-27T08:43:06.370+0000] {dag.py:2585} INFO - Sync 1 DAGs
[2025-01-27T08:43:06.423+0000] {logging_mixin.py:120} INFO - [2025-01-27T08:43:06.423+0000] {dag.py:3340} INFO - Setting next_dagrun for example_branch_labels to 2025-01-26T00:00:00+00:00, run_after=2025-01-27T00:00:00+00:00
[2025-01-27T08:43:06.455+0000] {processor.py:176} INFO - Processing /home/airflow/.local/lib/python3.7/site-packages/airflow/example_dags/example_branch_labels.py took 0.218 seconds
[2025-01-27T08:43:36.713+0000] {processor.py:154} INFO - Started process (PID=1163) to work on /home/airflow/.local/lib/python3.7/site-packages/airflow/example_dags/example_branch_labels.py
[2025-01-27T08:43:36.715+0000] {processor.py:756} INFO - Processing file /home/airflow/.local/lib/python3.7/site-packages/airflow/example_dags/example_branch_labels.py for tasks to queue
[2025-01-27T08:43:36.716+0000] {logging_mixin.py:120} INFO - [2025-01-27T08:43:36.716+0000] {dagbag.py:537} INFO - Filling up the DagBag from /home/airflow/.local/lib/python3.7/site-packages/airflow/example_dags/example_branch_labels.py
[2025-01-27T08:43:36.741+0000] {processor.py:766} INFO - DAG(s) dict_keys(['example_branch_labels']) retrieved from /home/airflow/.local/lib/python3.7/site-packages/airflow/example_dags/example_branch_labels.py
[2025-01-27T08:43:36.813+0000] {logging_mixin.py:120} INFO - [2025-01-27T08:43:36.813+0000] {dag.py:2585} INFO - Sync 1 DAGs
[2025-01-27T08:43:36.863+0000] {logging_mixin.py:120} INFO - [2025-01-27T08:43:36.862+0000] {dag.py:3340} INFO - Setting next_dagrun for example_branch_labels to 2025-01-26T00:00:00+00:00, run_after=2025-01-27T00:00:00+00:00
[2025-01-27T08:43:36.898+0000] {processor.py:176} INFO - Processing /home/airflow/.local/lib/python3.7/site-packages/airflow/example_dags/example_branch_labels.py took 0.189 seconds
[2025-01-27T08:44:07.204+0000] {processor.py:154} INFO - Started process (PID=1216) to work on /home/airflow/.local/lib/python3.7/site-packages/airflow/example_dags/example_branch_labels.py
[2025-01-27T08:44:07.206+0000] {processor.py:756} INFO - Processing file /home/airflow/.local/lib/python3.7/site-packages/airflow/example_dags/example_branch_labels.py for tasks to queue
[2025-01-27T08:44:07.208+0000] {logging_mixin.py:120} INFO - [2025-01-27T08:44:07.208+0000] {dagbag.py:537} INFO - Filling up the DagBag from /home/airflow/.local/lib/python3.7/site-packages/airflow/example_dags/example_branch_labels.py
[2025-01-27T08:44:07.234+0000] {processor.py:766} INFO - DAG(s) dict_keys(['example_branch_labels']) retrieved from /home/airflow/.local/lib/python3.7/site-packages/airflow/example_dags/example_branch_labels.py
[2025-01-27T08:44:07.320+0000] {logging_mixin.py:120} INFO - [2025-01-27T08:44:07.320+0000] {dag.py:2585} INFO - Sync 1 DAGs
[2025-01-27T08:44:07.377+0000] {logging_mixin.py:120} INFO - [2025-01-27T08:44:07.377+0000] {dag.py:3340} INFO - Setting next_dagrun for example_branch_labels to 2025-01-26T00:00:00+00:00, run_after=2025-01-27T00:00:00+00:00
[2025-01-27T08:44:07.415+0000] {processor.py:176} INFO - Processing /home/airflow/.local/lib/python3.7/site-packages/airflow/example_dags/example_branch_labels.py took 0.217 seconds
[2025-01-27T08:44:37.913+0000] {processor.py:154} INFO - Started process (PID=1279) to work on /home/airflow/.local/lib/python3.7/site-packages/airflow/example_dags/example_branch_labels.py
[2025-01-27T08:44:37.914+0000] {processor.py:756} INFO - Processing file /home/airflow/.local/lib/python3.7/site-packages/airflow/example_dags/example_branch_labels.py for tasks to queue
[2025-01-27T08:44:37.916+0000] {logging_mixin.py:120} INFO - [2025-01-27T08:44:37.916+0000] {dagbag.py:537} INFO - Filling up the DagBag from /home/airflow/.local/lib/python3.7/site-packages/airflow/example_dags/example_branch_labels.py
[2025-01-27T08:44:37.956+0000] {processor.py:766} INFO - DAG(s) dict_keys(['example_branch_labels']) retrieved from /home/airflow/.local/lib/python3.7/site-packages/airflow/example_dags/example_branch_labels.py
[2025-01-27T08:44:38.052+0000] {logging_mixin.py:120} INFO - [2025-01-27T08:44:38.051+0000] {dag.py:2585} INFO - Sync 1 DAGs
[2025-01-27T08:44:38.126+0000] {logging_mixin.py:120} INFO - [2025-01-27T08:44:38.126+0000] {dag.py:3340} INFO - Setting next_dagrun for example_branch_labels to 2025-01-26T00:00:00+00:00, run_after=2025-01-27T00:00:00+00:00
[2025-01-27T08:44:38.173+0000] {processor.py:176} INFO - Processing /home/airflow/.local/lib/python3.7/site-packages/airflow/example_dags/example_branch_labels.py took 0.270 seconds
[2025-01-27T08:45:08.962+0000] {processor.py:154} INFO - Started process (PID=1333) to work on /home/airflow/.local/lib/python3.7/site-packages/airflow/example_dags/example_branch_labels.py
[2025-01-27T08:45:08.963+0000] {processor.py:756} INFO - Processing file /home/airflow/.local/lib/python3.7/site-packages/airflow/example_dags/example_branch_labels.py for tasks to queue
[2025-01-27T08:45:08.965+0000] {logging_mixin.py:120} INFO - [2025-01-27T08:45:08.965+0000] {dagbag.py:537} INFO - Filling up the DagBag from /home/airflow/.local/lib/python3.7/site-packages/airflow/example_dags/example_branch_labels.py
[2025-01-27T08:45:08.999+0000] {processor.py:766} INFO - DAG(s) dict_keys(['example_branch_labels']) retrieved from /home/airflow/.local/lib/python3.7/site-packages/airflow/example_dags/example_branch_labels.py
[2025-01-27T08:45:09.083+0000] {logging_mixin.py:120} INFO - [2025-01-27T08:45:09.083+0000] {dag.py:2585} INFO - Sync 1 DAGs
[2025-01-27T08:45:09.134+0000] {logging_mixin.py:120} INFO - [2025-01-27T08:45:09.134+0000] {dag.py:3340} INFO - Setting next_dagrun for example_branch_labels to 2025-01-26T00:00:00+00:00, run_after=2025-01-27T00:00:00+00:00
[2025-01-27T08:45:09.170+0000] {processor.py:176} INFO - Processing /home/airflow/.local/lib/python3.7/site-packages/airflow/example_dags/example_branch_labels.py took 0.214 seconds
[2025-01-27T08:45:39.266+0000] {processor.py:154} INFO - Started process (PID=1395) to work on /home/airflow/.local/lib/python3.7/site-packages/airflow/example_dags/example_branch_labels.py
[2025-01-27T08:45:39.268+0000] {processor.py:756} INFO - Processing file /home/airflow/.local/lib/python3.7/site-packages/airflow/example_dags/example_branch_labels.py for tasks to queue
[2025-01-27T08:45:39.270+0000] {logging_mixin.py:120} INFO - [2025-01-27T08:45:39.269+0000] {dagbag.py:537} INFO - Filling up the DagBag from /home/airflow/.local/lib/python3.7/site-packages/airflow/example_dags/example_branch_labels.py
[2025-01-27T08:45:39.303+0000] {processor.py:766} INFO - DAG(s) dict_keys(['example_branch_labels']) retrieved from /home/airflow/.local/lib/python3.7/site-packages/airflow/example_dags/example_branch_labels.py
[2025-01-27T08:45:39.402+0000] {logging_mixin.py:120} INFO - [2025-01-27T08:45:39.401+0000] {dag.py:2585} INFO - Sync 1 DAGs
[2025-01-27T08:45:39.464+0000] {logging_mixin.py:120} INFO - [2025-01-27T08:45:39.464+0000] {dag.py:3340} INFO - Setting next_dagrun for example_branch_labels to 2025-01-26T00:00:00+00:00, run_after=2025-01-27T00:00:00+00:00
[2025-01-27T08:45:39.504+0000] {processor.py:176} INFO - Processing /home/airflow/.local/lib/python3.7/site-packages/airflow/example_dags/example_branch_labels.py took 0.245 seconds
[2025-01-27T08:46:09.624+0000] {processor.py:154} INFO - Started process (PID=1448) to work on /home/airflow/.local/lib/python3.7/site-packages/airflow/example_dags/example_branch_labels.py
[2025-01-27T08:46:09.625+0000] {processor.py:756} INFO - Processing file /home/airflow/.local/lib/python3.7/site-packages/airflow/example_dags/example_branch_labels.py for tasks to queue
[2025-01-27T08:46:09.626+0000] {logging_mixin.py:120} INFO - [2025-01-27T08:46:09.626+0000] {dagbag.py:537} INFO - Filling up the DagBag from /home/airflow/.local/lib/python3.7/site-packages/airflow/example_dags/example_branch_labels.py
[2025-01-27T08:46:09.658+0000] {processor.py:766} INFO - DAG(s) dict_keys(['example_branch_labels']) retrieved from /home/airflow/.local/lib/python3.7/site-packages/airflow/example_dags/example_branch_labels.py
[2025-01-27T08:46:09.730+0000] {logging_mixin.py:120} INFO - [2025-01-27T08:46:09.730+0000] {dag.py:2585} INFO - Sync 1 DAGs
[2025-01-27T08:46:09.792+0000] {logging_mixin.py:120} INFO - [2025-01-27T08:46:09.792+0000] {dag.py:3340} INFO - Setting next_dagrun for example_branch_labels to 2025-01-26T00:00:00+00:00, run_after=2025-01-27T00:00:00+00:00
[2025-01-27T08:46:09.831+0000] {processor.py:176} INFO - Processing /home/airflow/.local/lib/python3.7/site-packages/airflow/example_dags/example_branch_labels.py took 0.213 seconds
[2025-01-27T08:46:39.906+0000] {processor.py:154} INFO - Started process (PID=1502) to work on /home/airflow/.local/lib/python3.7/site-packages/airflow/example_dags/example_branch_labels.py
[2025-01-27T08:46:39.907+0000] {processor.py:756} INFO - Processing file /home/airflow/.local/lib/python3.7/site-packages/airflow/example_dags/example_branch_labels.py for tasks to queue
[2025-01-27T08:46:39.909+0000] {logging_mixin.py:120} INFO - [2025-01-27T08:46:39.909+0000] {dagbag.py:537} INFO - Filling up the DagBag from /home/airflow/.local/lib/python3.7/site-packages/airflow/example_dags/example_branch_labels.py
[2025-01-27T08:46:39.943+0000] {processor.py:766} INFO - DAG(s) dict_keys(['example_branch_labels']) retrieved from /home/airflow/.local/lib/python3.7/site-packages/airflow/example_dags/example_branch_labels.py
[2025-01-27T08:46:40.028+0000] {logging_mixin.py:120} INFO - [2025-01-27T08:46:40.027+0000] {dag.py:2585} INFO - Sync 1 DAGs
[2025-01-27T08:46:40.082+0000] {logging_mixin.py:120} INFO - [2025-01-27T08:46:40.082+0000] {dag.py:3340} INFO - Setting next_dagrun for example_branch_labels to 2025-01-26T00:00:00+00:00, run_after=2025-01-27T00:00:00+00:00
[2025-01-27T08:46:40.117+0000] {processor.py:176} INFO - Processing /home/airflow/.local/lib/python3.7/site-packages/airflow/example_dags/example_branch_labels.py took 0.219 seconds
[2025-01-27T08:47:10.433+0000] {processor.py:154} INFO - Started process (PID=1565) to work on /home/airflow/.local/lib/python3.7/site-packages/airflow/example_dags/example_branch_labels.py
[2025-01-27T08:47:10.434+0000] {processor.py:756} INFO - Processing file /home/airflow/.local/lib/python3.7/site-packages/airflow/example_dags/example_branch_labels.py for tasks to queue
[2025-01-27T08:47:10.435+0000] {logging_mixin.py:120} INFO - [2025-01-27T08:47:10.435+0000] {dagbag.py:537} INFO - Filling up the DagBag from /home/airflow/.local/lib/python3.7/site-packages/airflow/example_dags/example_branch_labels.py
[2025-01-27T08:47:10.461+0000] {processor.py:766} INFO - DAG(s) dict_keys(['example_branch_labels']) retrieved from /home/airflow/.local/lib/python3.7/site-packages/airflow/example_dags/example_branch_labels.py
[2025-01-27T08:47:10.535+0000] {logging_mixin.py:120} INFO - [2025-01-27T08:47:10.535+0000] {dag.py:2585} INFO - Sync 1 DAGs
[2025-01-27T08:47:10.585+0000] {logging_mixin.py:120} INFO - [2025-01-27T08:47:10.585+0000] {dag.py:3340} INFO - Setting next_dagrun for example_branch_labels to 2025-01-26T00:00:00+00:00, run_after=2025-01-27T00:00:00+00:00
[2025-01-27T08:47:10.625+0000] {processor.py:176} INFO - Processing /home/airflow/.local/lib/python3.7/site-packages/airflow/example_dags/example_branch_labels.py took 0.197 seconds
[2025-01-27T08:47:40.995+0000] {processor.py:154} INFO - Started process (PID=1618) to work on /home/airflow/.local/lib/python3.7/site-packages/airflow/example_dags/example_branch_labels.py
[2025-01-27T08:47:40.997+0000] {processor.py:756} INFO - Processing file /home/airflow/.local/lib/python3.7/site-packages/airflow/example_dags/example_branch_labels.py for tasks to queue
[2025-01-27T08:47:41.001+0000] {logging_mixin.py:120} INFO - [2025-01-27T08:47:41.001+0000] {dagbag.py:537} INFO - Filling up the DagBag from /home/airflow/.local/lib/python3.7/site-packages/airflow/example_dags/example_branch_labels.py
[2025-01-27T08:47:41.032+0000] {processor.py:766} INFO - DAG(s) dict_keys(['example_branch_labels']) retrieved from /home/airflow/.local/lib/python3.7/site-packages/airflow/example_dags/example_branch_labels.py
[2025-01-27T08:47:41.127+0000] {logging_mixin.py:120} INFO - [2025-01-27T08:47:41.127+0000] {dag.py:2585} INFO - Sync 1 DAGs
[2025-01-27T08:47:41.194+0000] {logging_mixin.py:120} INFO - [2025-01-27T08:47:41.194+0000] {dag.py:3340} INFO - Setting next_dagrun for example_branch_labels to 2025-01-26T00:00:00+00:00, run_after=2025-01-27T00:00:00+00:00
[2025-01-27T08:47:41.245+0000] {processor.py:176} INFO - Processing /home/airflow/.local/lib/python3.7/site-packages/airflow/example_dags/example_branch_labels.py took 0.255 seconds
[2025-01-27T08:48:11.730+0000] {processor.py:154} INFO - Started process (PID=1682) to work on /home/airflow/.local/lib/python3.7/site-packages/airflow/example_dags/example_branch_labels.py
[2025-01-27T08:48:11.731+0000] {processor.py:756} INFO - Processing file /home/airflow/.local/lib/python3.7/site-packages/airflow/example_dags/example_branch_labels.py for tasks to queue
[2025-01-27T08:48:11.732+0000] {logging_mixin.py:120} INFO - [2025-01-27T08:48:11.732+0000] {dagbag.py:537} INFO - Filling up the DagBag from /home/airflow/.local/lib/python3.7/site-packages/airflow/example_dags/example_branch_labels.py
[2025-01-27T08:48:11.761+0000] {processor.py:766} INFO - DAG(s) dict_keys(['example_branch_labels']) retrieved from /home/airflow/.local/lib/python3.7/site-packages/airflow/example_dags/example_branch_labels.py
[2025-01-27T08:48:11.849+0000] {logging_mixin.py:120} INFO - [2025-01-27T08:48:11.848+0000] {dag.py:2585} INFO - Sync 1 DAGs
[2025-01-27T08:48:11.909+0000] {logging_mixin.py:120} INFO - [2025-01-27T08:48:11.909+0000] {dag.py:3340} INFO - Setting next_dagrun for example_branch_labels to 2025-01-26T00:00:00+00:00, run_after=2025-01-27T00:00:00+00:00
[2025-01-27T08:48:11.951+0000] {processor.py:176} INFO - Processing /home/airflow/.local/lib/python3.7/site-packages/airflow/example_dags/example_branch_labels.py took 0.229 seconds
[2025-01-27T08:48:42.101+0000] {processor.py:154} INFO - Started process (PID=1736) to work on /home/airflow/.local/lib/python3.7/site-packages/airflow/example_dags/example_branch_labels.py
[2025-01-27T08:48:42.103+0000] {processor.py:756} INFO - Processing file /home/airflow/.local/lib/python3.7/site-packages/airflow/example_dags/example_branch_labels.py for tasks to queue
[2025-01-27T08:48:42.104+0000] {logging_mixin.py:120} INFO - [2025-01-27T08:48:42.104+0000] {dagbag.py:537} INFO - Filling up the DagBag from /home/airflow/.local/lib/python3.7/site-packages/airflow/example_dags/example_branch_labels.py
[2025-01-27T08:48:42.134+0000] {processor.py:766} INFO - DAG(s) dict_keys(['example_branch_labels']) retrieved from /home/airflow/.local/lib/python3.7/site-packages/airflow/example_dags/example_branch_labels.py
[2025-01-27T08:48:42.221+0000] {logging_mixin.py:120} INFO - [2025-01-27T08:48:42.221+0000] {dag.py:2585} INFO - Sync 1 DAGs
[2025-01-27T08:48:42.282+0000] {logging_mixin.py:120} INFO - [2025-01-27T08:48:42.282+0000] {dag.py:3340} INFO - Setting next_dagrun for example_branch_labels to 2025-01-26T00:00:00+00:00, run_after=2025-01-27T00:00:00+00:00
[2025-01-27T08:48:42.319+0000] {processor.py:176} INFO - Processing /home/airflow/.local/lib/python3.7/site-packages/airflow/example_dags/example_branch_labels.py took 0.226 seconds
[2025-01-27T08:49:12.943+0000] {processor.py:154} INFO - Started process (PID=1799) to work on /home/airflow/.local/lib/python3.7/site-packages/airflow/example_dags/example_branch_labels.py
[2025-01-27T08:49:12.944+0000] {processor.py:756} INFO - Processing file /home/airflow/.local/lib/python3.7/site-packages/airflow/example_dags/example_branch_labels.py for tasks to queue
[2025-01-27T08:49:12.947+0000] {logging_mixin.py:120} INFO - [2025-01-27T08:49:12.946+0000] {dagbag.py:537} INFO - Filling up the DagBag from /home/airflow/.local/lib/python3.7/site-packages/airflow/example_dags/example_branch_labels.py
[2025-01-27T08:49:12.976+0000] {processor.py:766} INFO - DAG(s) dict_keys(['example_branch_labels']) retrieved from /home/airflow/.local/lib/python3.7/site-packages/airflow/example_dags/example_branch_labels.py
[2025-01-27T08:49:13.063+0000] {logging_mixin.py:120} INFO - [2025-01-27T08:49:13.063+0000] {dag.py:2585} INFO - Sync 1 DAGs
[2025-01-27T08:49:13.118+0000] {logging_mixin.py:120} INFO - [2025-01-27T08:49:13.118+0000] {dag.py:3340} INFO - Setting next_dagrun for example_branch_labels to 2025-01-26T00:00:00+00:00, run_after=2025-01-27T00:00:00+00:00
[2025-01-27T08:49:13.160+0000] {processor.py:176} INFO - Processing /home/airflow/.local/lib/python3.7/site-packages/airflow/example_dags/example_branch_labels.py took 0.225 seconds
[2025-01-27T08:49:43.220+0000] {processor.py:154} INFO - Started process (PID=1853) to work on /home/airflow/.local/lib/python3.7/site-packages/airflow/example_dags/example_branch_labels.py
[2025-01-27T08:49:43.221+0000] {processor.py:756} INFO - Processing file /home/airflow/.local/lib/python3.7/site-packages/airflow/example_dags/example_branch_labels.py for tasks to queue
[2025-01-27T08:49:43.222+0000] {logging_mixin.py:120} INFO - [2025-01-27T08:49:43.222+0000] {dagbag.py:537} INFO - Filling up the DagBag from /home/airflow/.local/lib/python3.7/site-packages/airflow/example_dags/example_branch_labels.py
[2025-01-27T08:49:43.251+0000] {processor.py:766} INFO - DAG(s) dict_keys(['example_branch_labels']) retrieved from /home/airflow/.local/lib/python3.7/site-packages/airflow/example_dags/example_branch_labels.py
[2025-01-27T08:49:43.330+0000] {logging_mixin.py:120} INFO - [2025-01-27T08:49:43.330+0000] {dag.py:2585} INFO - Sync 1 DAGs
[2025-01-27T08:49:43.391+0000] {logging_mixin.py:120} INFO - [2025-01-27T08:49:43.391+0000] {dag.py:3340} INFO - Setting next_dagrun for example_branch_labels to 2025-01-26T00:00:00+00:00, run_after=2025-01-27T00:00:00+00:00
[2025-01-27T08:49:43.430+0000] {processor.py:176} INFO - Processing /home/airflow/.local/lib/python3.7/site-packages/airflow/example_dags/example_branch_labels.py took 0.217 seconds
[2025-01-27T08:50:13.643+0000] {processor.py:154} INFO - Started process (PID=1916) to work on /home/airflow/.local/lib/python3.7/site-packages/airflow/example_dags/example_branch_labels.py
[2025-01-27T08:50:13.645+0000] {processor.py:756} INFO - Processing file /home/airflow/.local/lib/python3.7/site-packages/airflow/example_dags/example_branch_labels.py for tasks to queue
[2025-01-27T08:50:13.651+0000] {logging_mixin.py:120} INFO - [2025-01-27T08:50:13.650+0000] {dagbag.py:537} INFO - Filling up the DagBag from /home/airflow/.local/lib/python3.7/site-packages/airflow/example_dags/example_branch_labels.py
[2025-01-27T08:50:13.689+0000] {processor.py:766} INFO - DAG(s) dict_keys(['example_branch_labels']) retrieved from /home/airflow/.local/lib/python3.7/site-packages/airflow/example_dags/example_branch_labels.py
[2025-01-27T08:50:13.794+0000] {logging_mixin.py:120} INFO - [2025-01-27T08:50:13.794+0000] {dag.py:2585} INFO - Sync 1 DAGs
[2025-01-27T08:50:13.864+0000] {logging_mixin.py:120} INFO - [2025-01-27T08:50:13.863+0000] {dag.py:3340} INFO - Setting next_dagrun for example_branch_labels to 2025-01-26T00:00:00+00:00, run_after=2025-01-27T00:00:00+00:00
[2025-01-27T08:50:13.929+0000] {processor.py:176} INFO - Processing /home/airflow/.local/lib/python3.7/site-packages/airflow/example_dags/example_branch_labels.py took 0.292 seconds
[2025-01-27T08:50:44.198+0000] {processor.py:154} INFO - Started process (PID=1969) to work on /home/airflow/.local/lib/python3.7/site-packages/airflow/example_dags/example_branch_labels.py
[2025-01-27T08:50:44.200+0000] {processor.py:756} INFO - Processing file /home/airflow/.local/lib/python3.7/site-packages/airflow/example_dags/example_branch_labels.py for tasks to queue
[2025-01-27T08:50:44.204+0000] {logging_mixin.py:120} INFO - [2025-01-27T08:50:44.204+0000] {dagbag.py:537} INFO - Filling up the DagBag from /home/airflow/.local/lib/python3.7/site-packages/airflow/example_dags/example_branch_labels.py
[2025-01-27T08:50:44.230+0000] {processor.py:766} INFO - DAG(s) dict_keys(['example_branch_labels']) retrieved from /home/airflow/.local/lib/python3.7/site-packages/airflow/example_dags/example_branch_labels.py
[2025-01-27T08:50:44.319+0000] {logging_mixin.py:120} INFO - [2025-01-27T08:50:44.319+0000] {dag.py:2585} INFO - Sync 1 DAGs
[2025-01-27T08:50:44.374+0000] {logging_mixin.py:120} INFO - [2025-01-27T08:50:44.373+0000] {dag.py:3340} INFO - Setting next_dagrun for example_branch_labels to 2025-01-26T00:00:00+00:00, run_after=2025-01-27T00:00:00+00:00
[2025-01-27T08:50:44.411+0000] {processor.py:176} INFO - Processing /home/airflow/.local/lib/python3.7/site-packages/airflow/example_dags/example_branch_labels.py took 0.218 seconds
[2025-01-27T08:51:14.721+0000] {processor.py:154} INFO - Started process (PID=2032) to work on /home/airflow/.local/lib/python3.7/site-packages/airflow/example_dags/example_branch_labels.py
[2025-01-27T08:51:14.723+0000] {processor.py:756} INFO - Processing file /home/airflow/.local/lib/python3.7/site-packages/airflow/example_dags/example_branch_labels.py for tasks to queue
[2025-01-27T08:51:14.724+0000] {logging_mixin.py:120} INFO - [2025-01-27T08:51:14.724+0000] {dagbag.py:537} INFO - Filling up the DagBag from /home/airflow/.local/lib/python3.7/site-packages/airflow/example_dags/example_branch_labels.py
[2025-01-27T08:51:14.758+0000] {processor.py:766} INFO - DAG(s) dict_keys(['example_branch_labels']) retrieved from /home/airflow/.local/lib/python3.7/site-packages/airflow/example_dags/example_branch_labels.py
[2025-01-27T08:51:14.850+0000] {logging_mixin.py:120} INFO - [2025-01-27T08:51:14.850+0000] {dag.py:2585} INFO - Sync 1 DAGs
[2025-01-27T08:51:14.911+0000] {logging_mixin.py:120} INFO - [2025-01-27T08:51:14.911+0000] {dag.py:3340} INFO - Setting next_dagrun for example_branch_labels to 2025-01-26T00:00:00+00:00, run_after=2025-01-27T00:00:00+00:00
[2025-01-27T08:51:14.951+0000] {processor.py:176} INFO - Processing /home/airflow/.local/lib/python3.7/site-packages/airflow/example_dags/example_branch_labels.py took 0.235 seconds
[2025-01-27T08:51:45.598+0000] {processor.py:154} INFO - Started process (PID=2086) to work on /home/airflow/.local/lib/python3.7/site-packages/airflow/example_dags/example_branch_labels.py
[2025-01-27T08:51:45.599+0000] {processor.py:756} INFO - Processing file /home/airflow/.local/lib/python3.7/site-packages/airflow/example_dags/example_branch_labels.py for tasks to queue
[2025-01-27T08:51:45.603+0000] {logging_mixin.py:120} INFO - [2025-01-27T08:51:45.603+0000] {dagbag.py:537} INFO - Filling up the DagBag from /home/airflow/.local/lib/python3.7/site-packages/airflow/example_dags/example_branch_labels.py
[2025-01-27T08:51:45.630+0000] {processor.py:766} INFO - DAG(s) dict_keys(['example_branch_labels']) retrieved from /home/airflow/.local/lib/python3.7/site-packages/airflow/example_dags/example_branch_labels.py
[2025-01-27T08:51:45.703+0000] {logging_mixin.py:120} INFO - [2025-01-27T08:51:45.703+0000] {dag.py:2585} INFO - Sync 1 DAGs
[2025-01-27T08:51:45.752+0000] {logging_mixin.py:120} INFO - [2025-01-27T08:51:45.752+0000] {dag.py:3340} INFO - Setting next_dagrun for example_branch_labels to 2025-01-26T00:00:00+00:00, run_after=2025-01-27T00:00:00+00:00
[2025-01-27T08:51:45.785+0000] {processor.py:176} INFO - Processing /home/airflow/.local/lib/python3.7/site-packages/airflow/example_dags/example_branch_labels.py took 0.193 seconds
[2025-01-27T08:52:16.406+0000] {processor.py:154} INFO - Started process (PID=2148) to work on /home/airflow/.local/lib/python3.7/site-packages/airflow/example_dags/example_branch_labels.py
[2025-01-27T08:52:16.408+0000] {processor.py:756} INFO - Processing file /home/airflow/.local/lib/python3.7/site-packages/airflow/example_dags/example_branch_labels.py for tasks to queue
[2025-01-27T08:52:16.409+0000] {logging_mixin.py:120} INFO - [2025-01-27T08:52:16.409+0000] {dagbag.py:537} INFO - Filling up the DagBag from /home/airflow/.local/lib/python3.7/site-packages/airflow/example_dags/example_branch_labels.py
[2025-01-27T08:52:16.440+0000] {processor.py:766} INFO - DAG(s) dict_keys(['example_branch_labels']) retrieved from /home/airflow/.local/lib/python3.7/site-packages/airflow/example_dags/example_branch_labels.py
[2025-01-27T08:52:16.526+0000] {logging_mixin.py:120} INFO - [2025-01-27T08:52:16.526+0000] {dag.py:2585} INFO - Sync 1 DAGs
[2025-01-27T08:52:16.585+0000] {logging_mixin.py:120} INFO - [2025-01-27T08:52:16.585+0000] {dag.py:3340} INFO - Setting next_dagrun for example_branch_labels to 2025-01-26T00:00:00+00:00, run_after=2025-01-27T00:00:00+00:00
[2025-01-27T08:52:16.630+0000] {processor.py:176} INFO - Processing /home/airflow/.local/lib/python3.7/site-packages/airflow/example_dags/example_branch_labels.py took 0.232 seconds
[2025-01-27T08:52:46.766+0000] {processor.py:154} INFO - Started process (PID=2202) to work on /home/airflow/.local/lib/python3.7/site-packages/airflow/example_dags/example_branch_labels.py
[2025-01-27T08:52:46.770+0000] {processor.py:756} INFO - Processing file /home/airflow/.local/lib/python3.7/site-packages/airflow/example_dags/example_branch_labels.py for tasks to queue
[2025-01-27T08:52:46.775+0000] {logging_mixin.py:120} INFO - [2025-01-27T08:52:46.774+0000] {dagbag.py:537} INFO - Filling up the DagBag from /home/airflow/.local/lib/python3.7/site-packages/airflow/example_dags/example_branch_labels.py
[2025-01-27T08:52:46.805+0000] {processor.py:766} INFO - DAG(s) dict_keys(['example_branch_labels']) retrieved from /home/airflow/.local/lib/python3.7/site-packages/airflow/example_dags/example_branch_labels.py
[2025-01-27T08:52:46.891+0000] {logging_mixin.py:120} INFO - [2025-01-27T08:52:46.891+0000] {dag.py:2585} INFO - Sync 1 DAGs
[2025-01-27T08:52:46.946+0000] {logging_mixin.py:120} INFO - [2025-01-27T08:52:46.946+0000] {dag.py:3340} INFO - Setting next_dagrun for example_branch_labels to 2025-01-26T00:00:00+00:00, run_after=2025-01-27T00:00:00+00:00
[2025-01-27T08:52:46.987+0000] {processor.py:176} INFO - Processing /home/airflow/.local/lib/python3.7/site-packages/airflow/example_dags/example_branch_labels.py took 0.230 seconds
[2025-01-27T08:53:17.289+0000] {processor.py:154} INFO - Started process (PID=2256) to work on /home/airflow/.local/lib/python3.7/site-packages/airflow/example_dags/example_branch_labels.py
[2025-01-27T08:53:17.291+0000] {processor.py:756} INFO - Processing file /home/airflow/.local/lib/python3.7/site-packages/airflow/example_dags/example_branch_labels.py for tasks to queue
[2025-01-27T08:53:17.295+0000] {logging_mixin.py:120} INFO - [2025-01-27T08:53:17.295+0000] {dagbag.py:537} INFO - Filling up the DagBag from /home/airflow/.local/lib/python3.7/site-packages/airflow/example_dags/example_branch_labels.py
[2025-01-27T08:53:17.321+0000] {processor.py:766} INFO - DAG(s) dict_keys(['example_branch_labels']) retrieved from /home/airflow/.local/lib/python3.7/site-packages/airflow/example_dags/example_branch_labels.py
[2025-01-27T08:53:17.403+0000] {logging_mixin.py:120} INFO - [2025-01-27T08:53:17.403+0000] {dag.py:2585} INFO - Sync 1 DAGs
[2025-01-27T08:53:17.460+0000] {logging_mixin.py:120} INFO - [2025-01-27T08:53:17.460+0000] {dag.py:3340} INFO - Setting next_dagrun for example_branch_labels to 2025-01-26T00:00:00+00:00, run_after=2025-01-27T00:00:00+00:00
[2025-01-27T08:53:17.498+0000] {processor.py:176} INFO - Processing /home/airflow/.local/lib/python3.7/site-packages/airflow/example_dags/example_branch_labels.py took 0.214 seconds
[2025-01-27T08:53:47.729+0000] {processor.py:154} INFO - Started process (PID=2318) to work on /home/airflow/.local/lib/python3.7/site-packages/airflow/example_dags/example_branch_labels.py
[2025-01-27T08:53:47.732+0000] {processor.py:756} INFO - Processing file /home/airflow/.local/lib/python3.7/site-packages/airflow/example_dags/example_branch_labels.py for tasks to queue
[2025-01-27T08:53:47.733+0000] {logging_mixin.py:120} INFO - [2025-01-27T08:53:47.733+0000] {dagbag.py:537} INFO - Filling up the DagBag from /home/airflow/.local/lib/python3.7/site-packages/airflow/example_dags/example_branch_labels.py
[2025-01-27T08:53:47.766+0000] {processor.py:766} INFO - DAG(s) dict_keys(['example_branch_labels']) retrieved from /home/airflow/.local/lib/python3.7/site-packages/airflow/example_dags/example_branch_labels.py
[2025-01-27T08:53:47.857+0000] {logging_mixin.py:120} INFO - [2025-01-27T08:53:47.857+0000] {dag.py:2585} INFO - Sync 1 DAGs
[2025-01-27T08:53:47.916+0000] {logging_mixin.py:120} INFO - [2025-01-27T08:53:47.915+0000] {dag.py:3340} INFO - Setting next_dagrun for example_branch_labels to 2025-01-26T00:00:00+00:00, run_after=2025-01-27T00:00:00+00:00
[2025-01-27T08:53:47.960+0000] {processor.py:176} INFO - Processing /home/airflow/.local/lib/python3.7/site-packages/airflow/example_dags/example_branch_labels.py took 0.238 seconds
[2025-01-27T08:54:18.176+0000] {processor.py:154} INFO - Started process (PID=2372) to work on /home/airflow/.local/lib/python3.7/site-packages/airflow/example_dags/example_branch_labels.py
[2025-01-27T08:54:18.179+0000] {processor.py:756} INFO - Processing file /home/airflow/.local/lib/python3.7/site-packages/airflow/example_dags/example_branch_labels.py for tasks to queue
[2025-01-27T08:54:18.180+0000] {logging_mixin.py:120} INFO - [2025-01-27T08:54:18.180+0000] {dagbag.py:537} INFO - Filling up the DagBag from /home/airflow/.local/lib/python3.7/site-packages/airflow/example_dags/example_branch_labels.py
[2025-01-27T08:54:18.209+0000] {processor.py:766} INFO - DAG(s) dict_keys(['example_branch_labels']) retrieved from /home/airflow/.local/lib/python3.7/site-packages/airflow/example_dags/example_branch_labels.py
[2025-01-27T08:54:18.288+0000] {logging_mixin.py:120} INFO - [2025-01-27T08:54:18.288+0000] {dag.py:2585} INFO - Sync 1 DAGs
[2025-01-27T08:54:18.346+0000] {logging_mixin.py:120} INFO - [2025-01-27T08:54:18.346+0000] {dag.py:3340} INFO - Setting next_dagrun for example_branch_labels to 2025-01-26T00:00:00+00:00, run_after=2025-01-27T00:00:00+00:00
[2025-01-27T08:54:18.392+0000] {processor.py:176} INFO - Processing /home/airflow/.local/lib/python3.7/site-packages/airflow/example_dags/example_branch_labels.py took 0.226 seconds
[2025-01-27T08:54:48.893+0000] {processor.py:154} INFO - Started process (PID=2435) to work on /home/airflow/.local/lib/python3.7/site-packages/airflow/example_dags/example_branch_labels.py
[2025-01-27T08:54:48.894+0000] {processor.py:756} INFO - Processing file /home/airflow/.local/lib/python3.7/site-packages/airflow/example_dags/example_branch_labels.py for tasks to queue
[2025-01-27T08:54:48.898+0000] {logging_mixin.py:120} INFO - [2025-01-27T08:54:48.898+0000] {dagbag.py:537} INFO - Filling up the DagBag from /home/airflow/.local/lib/python3.7/site-packages/airflow/example_dags/example_branch_labels.py
[2025-01-27T08:54:48.929+0000] {processor.py:766} INFO - DAG(s) dict_keys(['example_branch_labels']) retrieved from /home/airflow/.local/lib/python3.7/site-packages/airflow/example_dags/example_branch_labels.py
[2025-01-27T08:54:49.017+0000] {logging_mixin.py:120} INFO - [2025-01-27T08:54:49.017+0000] {dag.py:2585} INFO - Sync 1 DAGs
[2025-01-27T08:54:49.068+0000] {logging_mixin.py:120} INFO - [2025-01-27T08:54:49.068+0000] {dag.py:3340} INFO - Setting next_dagrun for example_branch_labels to 2025-01-26T00:00:00+00:00, run_after=2025-01-27T00:00:00+00:00
[2025-01-27T08:54:49.101+0000] {processor.py:176} INFO - Processing /home/airflow/.local/lib/python3.7/site-packages/airflow/example_dags/example_branch_labels.py took 0.214 seconds
[2025-01-27T08:55:19.324+0000] {processor.py:154} INFO - Started process (PID=2489) to work on /home/airflow/.local/lib/python3.7/site-packages/airflow/example_dags/example_branch_labels.py
[2025-01-27T08:55:19.327+0000] {processor.py:756} INFO - Processing file /home/airflow/.local/lib/python3.7/site-packages/airflow/example_dags/example_branch_labels.py for tasks to queue
[2025-01-27T08:55:19.330+0000] {logging_mixin.py:120} INFO - [2025-01-27T08:55:19.329+0000] {dagbag.py:537} INFO - Filling up the DagBag from /home/airflow/.local/lib/python3.7/site-packages/airflow/example_dags/example_branch_labels.py
[2025-01-27T08:55:19.360+0000] {processor.py:766} INFO - DAG(s) dict_keys(['example_branch_labels']) retrieved from /home/airflow/.local/lib/python3.7/site-packages/airflow/example_dags/example_branch_labels.py
[2025-01-27T08:55:19.446+0000] {logging_mixin.py:120} INFO - [2025-01-27T08:55:19.445+0000] {dag.py:2585} INFO - Sync 1 DAGs
[2025-01-27T08:55:19.496+0000] {logging_mixin.py:120} INFO - [2025-01-27T08:55:19.495+0000] {dag.py:3340} INFO - Setting next_dagrun for example_branch_labels to 2025-01-26T00:00:00+00:00, run_after=2025-01-27T00:00:00+00:00
[2025-01-27T08:55:19.534+0000] {processor.py:176} INFO - Processing /home/airflow/.local/lib/python3.7/site-packages/airflow/example_dags/example_branch_labels.py took 0.218 seconds
[2025-01-27T08:55:49.977+0000] {processor.py:154} INFO - Started process (PID=2550) to work on /home/airflow/.local/lib/python3.7/site-packages/airflow/example_dags/example_branch_labels.py
[2025-01-27T08:55:49.979+0000] {processor.py:756} INFO - Processing file /home/airflow/.local/lib/python3.7/site-packages/airflow/example_dags/example_branch_labels.py for tasks to queue
[2025-01-27T08:55:49.983+0000] {logging_mixin.py:120} INFO - [2025-01-27T08:55:49.983+0000] {dagbag.py:537} INFO - Filling up the DagBag from /home/airflow/.local/lib/python3.7/site-packages/airflow/example_dags/example_branch_labels.py
[2025-01-27T08:55:50.012+0000] {processor.py:766} INFO - DAG(s) dict_keys(['example_branch_labels']) retrieved from /home/airflow/.local/lib/python3.7/site-packages/airflow/example_dags/example_branch_labels.py
[2025-01-27T08:55:50.097+0000] {logging_mixin.py:120} INFO - [2025-01-27T08:55:50.097+0000] {dag.py:2585} INFO - Sync 1 DAGs
[2025-01-27T08:55:50.153+0000] {logging_mixin.py:120} INFO - [2025-01-27T08:55:50.153+0000] {dag.py:3340} INFO - Setting next_dagrun for example_branch_labels to 2025-01-26T00:00:00+00:00, run_after=2025-01-27T00:00:00+00:00
[2025-01-27T08:55:50.189+0000] {processor.py:176} INFO - Processing /home/airflow/.local/lib/python3.7/site-packages/airflow/example_dags/example_branch_labels.py took 0.220 seconds
[2025-01-27T08:56:20.675+0000] {processor.py:154} INFO - Started process (PID=2604) to work on /home/airflow/.local/lib/python3.7/site-packages/airflow/example_dags/example_branch_labels.py
[2025-01-27T08:56:20.676+0000] {processor.py:756} INFO - Processing file /home/airflow/.local/lib/python3.7/site-packages/airflow/example_dags/example_branch_labels.py for tasks to queue
[2025-01-27T08:56:20.678+0000] {logging_mixin.py:120} INFO - [2025-01-27T08:56:20.677+0000] {dagbag.py:537} INFO - Filling up the DagBag from /home/airflow/.local/lib/python3.7/site-packages/airflow/example_dags/example_branch_labels.py
[2025-01-27T08:56:20.705+0000] {processor.py:766} INFO - DAG(s) dict_keys(['example_branch_labels']) retrieved from /home/airflow/.local/lib/python3.7/site-packages/airflow/example_dags/example_branch_labels.py
[2025-01-27T08:56:20.788+0000] {logging_mixin.py:120} INFO - [2025-01-27T08:56:20.787+0000] {dag.py:2585} INFO - Sync 1 DAGs
[2025-01-27T08:56:20.842+0000] {logging_mixin.py:120} INFO - [2025-01-27T08:56:20.842+0000] {dag.py:3340} INFO - Setting next_dagrun for example_branch_labels to 2025-01-26T00:00:00+00:00, run_after=2025-01-27T00:00:00+00:00
[2025-01-27T08:56:20.883+0000] {processor.py:176} INFO - Processing /home/airflow/.local/lib/python3.7/site-packages/airflow/example_dags/example_branch_labels.py took 0.215 seconds
[2025-01-27T08:56:51.827+0000] {processor.py:154} INFO - Started process (PID=2666) to work on /home/airflow/.local/lib/python3.7/site-packages/airflow/example_dags/example_branch_labels.py
[2025-01-27T08:56:51.829+0000] {processor.py:756} INFO - Processing file /home/airflow/.local/lib/python3.7/site-packages/airflow/example_dags/example_branch_labels.py for tasks to queue
[2025-01-27T08:56:51.830+0000] {logging_mixin.py:120} INFO - [2025-01-27T08:56:51.830+0000] {dagbag.py:537} INFO - Filling up the DagBag from /home/airflow/.local/lib/python3.7/site-packages/airflow/example_dags/example_branch_labels.py
[2025-01-27T08:56:51.863+0000] {processor.py:766} INFO - DAG(s) dict_keys(['example_branch_labels']) retrieved from /home/airflow/.local/lib/python3.7/site-packages/airflow/example_dags/example_branch_labels.py
[2025-01-27T08:56:51.949+0000] {logging_mixin.py:120} INFO - [2025-01-27T08:56:51.949+0000] {dag.py:2585} INFO - Sync 1 DAGs
[2025-01-27T08:56:52.004+0000] {logging_mixin.py:120} INFO - [2025-01-27T08:56:52.004+0000] {dag.py:3340} INFO - Setting next_dagrun for example_branch_labels to 2025-01-26T00:00:00+00:00, run_after=2025-01-27T00:00:00+00:00
[2025-01-27T08:56:52.044+0000] {processor.py:176} INFO - Processing /home/airflow/.local/lib/python3.7/site-packages/airflow/example_dags/example_branch_labels.py took 0.221 seconds
[2025-01-27T08:57:22.456+0000] {processor.py:154} INFO - Started process (PID=2719) to work on /home/airflow/.local/lib/python3.7/site-packages/airflow/example_dags/example_branch_labels.py
[2025-01-27T08:57:22.471+0000] {processor.py:756} INFO - Processing file /home/airflow/.local/lib/python3.7/site-packages/airflow/example_dags/example_branch_labels.py for tasks to queue
[2025-01-27T08:57:22.478+0000] {logging_mixin.py:120} INFO - [2025-01-27T08:57:22.478+0000] {dagbag.py:537} INFO - Filling up the DagBag from /home/airflow/.local/lib/python3.7/site-packages/airflow/example_dags/example_branch_labels.py
[2025-01-27T08:57:22.718+0000] {processor.py:766} INFO - DAG(s) dict_keys(['example_branch_labels']) retrieved from /home/airflow/.local/lib/python3.7/site-packages/airflow/example_dags/example_branch_labels.py
[2025-01-27T08:57:23.263+0000] {logging_mixin.py:120} INFO - [2025-01-27T08:57:23.262+0000] {dag.py:2585} INFO - Sync 1 DAGs
[2025-01-27T08:57:23.322+0000] {logging_mixin.py:120} INFO - [2025-01-27T08:57:23.322+0000] {dag.py:3340} INFO - Setting next_dagrun for example_branch_labels to 2025-01-26T00:00:00+00:00, run_after=2025-01-27T00:00:00+00:00
[2025-01-27T08:57:23.364+0000] {processor.py:176} INFO - Processing /home/airflow/.local/lib/python3.7/site-packages/airflow/example_dags/example_branch_labels.py took 0.939 seconds
[2025-01-27T08:57:53.808+0000] {processor.py:154} INFO - Started process (PID=2781) to work on /home/airflow/.local/lib/python3.7/site-packages/airflow/example_dags/example_branch_labels.py
[2025-01-27T08:57:53.809+0000] {processor.py:756} INFO - Processing file /home/airflow/.local/lib/python3.7/site-packages/airflow/example_dags/example_branch_labels.py for tasks to queue
[2025-01-27T08:57:53.811+0000] {logging_mixin.py:120} INFO - [2025-01-27T08:57:53.811+0000] {dagbag.py:537} INFO - Filling up the DagBag from /home/airflow/.local/lib/python3.7/site-packages/airflow/example_dags/example_branch_labels.py
[2025-01-27T08:57:53.843+0000] {processor.py:766} INFO - DAG(s) dict_keys(['example_branch_labels']) retrieved from /home/airflow/.local/lib/python3.7/site-packages/airflow/example_dags/example_branch_labels.py
[2025-01-27T08:57:53.921+0000] {logging_mixin.py:120} INFO - [2025-01-27T08:57:53.921+0000] {dag.py:2585} INFO - Sync 1 DAGs
[2025-01-27T08:57:53.969+0000] {logging_mixin.py:120} INFO - [2025-01-27T08:57:53.969+0000] {dag.py:3340} INFO - Setting next_dagrun for example_branch_labels to 2025-01-26T00:00:00+00:00, run_after=2025-01-27T00:00:00+00:00
[2025-01-27T08:57:54.010+0000] {processor.py:176} INFO - Processing /home/airflow/.local/lib/python3.7/site-packages/airflow/example_dags/example_branch_labels.py took 0.209 seconds
[2025-01-27T08:58:24.221+0000] {processor.py:154} INFO - Started process (PID=2835) to work on /home/airflow/.local/lib/python3.7/site-packages/airflow/example_dags/example_branch_labels.py
[2025-01-27T08:58:24.223+0000] {processor.py:756} INFO - Processing file /home/airflow/.local/lib/python3.7/site-packages/airflow/example_dags/example_branch_labels.py for tasks to queue
[2025-01-27T08:58:24.225+0000] {logging_mixin.py:120} INFO - [2025-01-27T08:58:24.224+0000] {dagbag.py:537} INFO - Filling up the DagBag from /home/airflow/.local/lib/python3.7/site-packages/airflow/example_dags/example_branch_labels.py
[2025-01-27T08:58:24.258+0000] {processor.py:766} INFO - DAG(s) dict_keys(['example_branch_labels']) retrieved from /home/airflow/.local/lib/python3.7/site-packages/airflow/example_dags/example_branch_labels.py
[2025-01-27T08:58:24.346+0000] {logging_mixin.py:120} INFO - [2025-01-27T08:58:24.345+0000] {dag.py:2585} INFO - Sync 1 DAGs
[2025-01-27T08:58:24.407+0000] {logging_mixin.py:120} INFO - [2025-01-27T08:58:24.407+0000] {dag.py:3340} INFO - Setting next_dagrun for example_branch_labels to 2025-01-26T00:00:00+00:00, run_after=2025-01-27T00:00:00+00:00
[2025-01-27T08:58:24.462+0000] {processor.py:176} INFO - Processing /home/airflow/.local/lib/python3.7/site-packages/airflow/example_dags/example_branch_labels.py took 0.249 seconds
[2025-01-27T08:58:54.761+0000] {processor.py:154} INFO - Started process (PID=2898) to work on /home/airflow/.local/lib/python3.7/site-packages/airflow/example_dags/example_branch_labels.py
[2025-01-27T08:58:54.762+0000] {processor.py:756} INFO - Processing file /home/airflow/.local/lib/python3.7/site-packages/airflow/example_dags/example_branch_labels.py for tasks to queue
[2025-01-27T08:58:54.763+0000] {logging_mixin.py:120} INFO - [2025-01-27T08:58:54.763+0000] {dagbag.py:537} INFO - Filling up the DagBag from /home/airflow/.local/lib/python3.7/site-packages/airflow/example_dags/example_branch_labels.py
[2025-01-27T08:58:54.797+0000] {processor.py:766} INFO - DAG(s) dict_keys(['example_branch_labels']) retrieved from /home/airflow/.local/lib/python3.7/site-packages/airflow/example_dags/example_branch_labels.py
[2025-01-27T08:58:54.871+0000] {logging_mixin.py:120} INFO - [2025-01-27T08:58:54.870+0000] {dag.py:2585} INFO - Sync 1 DAGs
[2025-01-27T08:58:54.925+0000] {logging_mixin.py:120} INFO - [2025-01-27T08:58:54.925+0000] {dag.py:3340} INFO - Setting next_dagrun for example_branch_labels to 2025-01-26T00:00:00+00:00, run_after=2025-01-27T00:00:00+00:00
[2025-01-27T08:58:54.959+0000] {processor.py:176} INFO - Processing /home/airflow/.local/lib/python3.7/site-packages/airflow/example_dags/example_branch_labels.py took 0.204 seconds
[2025-01-27T08:59:25.329+0000] {processor.py:154} INFO - Started process (PID=2951) to work on /home/airflow/.local/lib/python3.7/site-packages/airflow/example_dags/example_branch_labels.py
[2025-01-27T08:59:25.330+0000] {processor.py:756} INFO - Processing file /home/airflow/.local/lib/python3.7/site-packages/airflow/example_dags/example_branch_labels.py for tasks to queue
[2025-01-27T08:59:25.332+0000] {logging_mixin.py:120} INFO - [2025-01-27T08:59:25.332+0000] {dagbag.py:537} INFO - Filling up the DagBag from /home/airflow/.local/lib/python3.7/site-packages/airflow/example_dags/example_branch_labels.py
[2025-01-27T08:59:25.362+0000] {processor.py:766} INFO - DAG(s) dict_keys(['example_branch_labels']) retrieved from /home/airflow/.local/lib/python3.7/site-packages/airflow/example_dags/example_branch_labels.py
[2025-01-27T08:59:25.457+0000] {logging_mixin.py:120} INFO - [2025-01-27T08:59:25.457+0000] {dag.py:2585} INFO - Sync 1 DAGs
[2025-01-27T08:59:25.511+0000] {logging_mixin.py:120} INFO - [2025-01-27T08:59:25.511+0000] {dag.py:3340} INFO - Setting next_dagrun for example_branch_labels to 2025-01-26T00:00:00+00:00, run_after=2025-01-27T00:00:00+00:00
[2025-01-27T08:59:25.557+0000] {processor.py:176} INFO - Processing /home/airflow/.local/lib/python3.7/site-packages/airflow/example_dags/example_branch_labels.py took 0.234 seconds
[2025-01-27T08:59:55.698+0000] {processor.py:154} INFO - Started process (PID=3014) to work on /home/airflow/.local/lib/python3.7/site-packages/airflow/example_dags/example_branch_labels.py
[2025-01-27T08:59:55.700+0000] {processor.py:756} INFO - Processing file /home/airflow/.local/lib/python3.7/site-packages/airflow/example_dags/example_branch_labels.py for tasks to queue
[2025-01-27T08:59:55.701+0000] {logging_mixin.py:120} INFO - [2025-01-27T08:59:55.701+0000] {dagbag.py:537} INFO - Filling up the DagBag from /home/airflow/.local/lib/python3.7/site-packages/airflow/example_dags/example_branch_labels.py
[2025-01-27T08:59:55.736+0000] {processor.py:766} INFO - DAG(s) dict_keys(['example_branch_labels']) retrieved from /home/airflow/.local/lib/python3.7/site-packages/airflow/example_dags/example_branch_labels.py
[2025-01-27T08:59:55.852+0000] {logging_mixin.py:120} INFO - [2025-01-27T08:59:55.852+0000] {dag.py:2585} INFO - Sync 1 DAGs
[2025-01-27T08:59:55.935+0000] {logging_mixin.py:120} INFO - [2025-01-27T08:59:55.934+0000] {dag.py:3340} INFO - Setting next_dagrun for example_branch_labels to 2025-01-26T00:00:00+00:00, run_after=2025-01-27T00:00:00+00:00
[2025-01-27T08:59:55.996+0000] {processor.py:176} INFO - Processing /home/airflow/.local/lib/python3.7/site-packages/airflow/example_dags/example_branch_labels.py took 0.305 seconds
[2025-01-27T09:00:26.802+0000] {processor.py:154} INFO - Started process (PID=3068) to work on /home/airflow/.local/lib/python3.7/site-packages/airflow/example_dags/example_branch_labels.py
[2025-01-27T09:00:26.803+0000] {processor.py:756} INFO - Processing file /home/airflow/.local/lib/python3.7/site-packages/airflow/example_dags/example_branch_labels.py for tasks to queue
[2025-01-27T09:00:26.805+0000] {logging_mixin.py:120} INFO - [2025-01-27T09:00:26.805+0000] {dagbag.py:537} INFO - Filling up the DagBag from /home/airflow/.local/lib/python3.7/site-packages/airflow/example_dags/example_branch_labels.py
[2025-01-27T09:00:26.837+0000] {processor.py:766} INFO - DAG(s) dict_keys(['example_branch_labels']) retrieved from /home/airflow/.local/lib/python3.7/site-packages/airflow/example_dags/example_branch_labels.py
[2025-01-27T09:00:26.927+0000] {logging_mixin.py:120} INFO - [2025-01-27T09:00:26.927+0000] {dag.py:2585} INFO - Sync 1 DAGs
[2025-01-27T09:00:26.972+0000] {logging_mixin.py:120} INFO - [2025-01-27T09:00:26.972+0000] {dag.py:3340} INFO - Setting next_dagrun for example_branch_labels to 2025-01-26T00:00:00+00:00, run_after=2025-01-27T00:00:00+00:00
[2025-01-27T09:00:27.054+0000] {processor.py:176} INFO - Processing /home/airflow/.local/lib/python3.7/site-packages/airflow/example_dags/example_branch_labels.py took 0.257 seconds
[2025-01-27T09:00:57.235+0000] {processor.py:154} INFO - Started process (PID=3128) to work on /home/airflow/.local/lib/python3.7/site-packages/airflow/example_dags/example_branch_labels.py
[2025-01-27T09:00:57.237+0000] {processor.py:756} INFO - Processing file /home/airflow/.local/lib/python3.7/site-packages/airflow/example_dags/example_branch_labels.py for tasks to queue
[2025-01-27T09:00:57.242+0000] {logging_mixin.py:120} INFO - [2025-01-27T09:00:57.242+0000] {dagbag.py:537} INFO - Filling up the DagBag from /home/airflow/.local/lib/python3.7/site-packages/airflow/example_dags/example_branch_labels.py
[2025-01-27T09:00:57.276+0000] {processor.py:766} INFO - DAG(s) dict_keys(['example_branch_labels']) retrieved from /home/airflow/.local/lib/python3.7/site-packages/airflow/example_dags/example_branch_labels.py
[2025-01-27T09:00:57.380+0000] {logging_mixin.py:120} INFO - [2025-01-27T09:00:57.380+0000] {dag.py:2585} INFO - Sync 1 DAGs
[2025-01-27T09:00:57.450+0000] {logging_mixin.py:120} INFO - [2025-01-27T09:00:57.450+0000] {dag.py:3340} INFO - Setting next_dagrun for example_branch_labels to 2025-01-26T00:00:00+00:00, run_after=2025-01-27T00:00:00+00:00
[2025-01-27T09:00:57.530+0000] {processor.py:176} INFO - Processing /home/airflow/.local/lib/python3.7/site-packages/airflow/example_dags/example_branch_labels.py took 0.301 seconds
[2025-01-27T09:01:27.659+0000] {processor.py:154} INFO - Started process (PID=3184) to work on /home/airflow/.local/lib/python3.7/site-packages/airflow/example_dags/example_branch_labels.py
[2025-01-27T09:01:27.661+0000] {processor.py:756} INFO - Processing file /home/airflow/.local/lib/python3.7/site-packages/airflow/example_dags/example_branch_labels.py for tasks to queue
[2025-01-27T09:01:27.662+0000] {logging_mixin.py:120} INFO - [2025-01-27T09:01:27.662+0000] {dagbag.py:537} INFO - Filling up the DagBag from /home/airflow/.local/lib/python3.7/site-packages/airflow/example_dags/example_branch_labels.py
[2025-01-27T09:01:27.692+0000] {processor.py:766} INFO - DAG(s) dict_keys(['example_branch_labels']) retrieved from /home/airflow/.local/lib/python3.7/site-packages/airflow/example_dags/example_branch_labels.py
[2025-01-27T09:01:27.773+0000] {logging_mixin.py:120} INFO - [2025-01-27T09:01:27.773+0000] {dag.py:2585} INFO - Sync 1 DAGs
[2025-01-27T09:01:27.822+0000] {logging_mixin.py:120} INFO - [2025-01-27T09:01:27.822+0000] {dag.py:3340} INFO - Setting next_dagrun for example_branch_labels to 2025-01-26T00:00:00+00:00, run_after=2025-01-27T00:00:00+00:00
[2025-01-27T09:01:27.862+0000] {processor.py:176} INFO - Processing /home/airflow/.local/lib/python3.7/site-packages/airflow/example_dags/example_branch_labels.py took 0.208 seconds
[2025-01-27T09:01:57.990+0000] {processor.py:154} INFO - Started process (PID=3238) to work on /home/airflow/.local/lib/python3.7/site-packages/airflow/example_dags/example_branch_labels.py
[2025-01-27T09:01:57.995+0000] {processor.py:756} INFO - Processing file /home/airflow/.local/lib/python3.7/site-packages/airflow/example_dags/example_branch_labels.py for tasks to queue
[2025-01-27T09:01:58.001+0000] {logging_mixin.py:120} INFO - [2025-01-27T09:01:58.000+0000] {dagbag.py:537} INFO - Filling up the DagBag from /home/airflow/.local/lib/python3.7/site-packages/airflow/example_dags/example_branch_labels.py
[2025-01-27T09:01:58.028+0000] {processor.py:766} INFO - DAG(s) dict_keys(['example_branch_labels']) retrieved from /home/airflow/.local/lib/python3.7/site-packages/airflow/example_dags/example_branch_labels.py
[2025-01-27T09:01:58.123+0000] {logging_mixin.py:120} INFO - [2025-01-27T09:01:58.122+0000] {dag.py:2585} INFO - Sync 1 DAGs
[2025-01-27T09:01:58.178+0000] {logging_mixin.py:120} INFO - [2025-01-27T09:01:58.178+0000] {dag.py:3340} INFO - Setting next_dagrun for example_branch_labels to 2025-01-26T00:00:00+00:00, run_after=2025-01-27T00:00:00+00:00
[2025-01-27T09:01:58.220+0000] {processor.py:176} INFO - Processing /home/airflow/.local/lib/python3.7/site-packages/airflow/example_dags/example_branch_labels.py took 0.240 seconds
[2025-01-27T09:02:28.718+0000] {processor.py:154} INFO - Started process (PID=3301) to work on /home/airflow/.local/lib/python3.7/site-packages/airflow/example_dags/example_branch_labels.py
[2025-01-27T09:02:28.719+0000] {processor.py:756} INFO - Processing file /home/airflow/.local/lib/python3.7/site-packages/airflow/example_dags/example_branch_labels.py for tasks to queue
[2025-01-27T09:02:28.720+0000] {logging_mixin.py:120} INFO - [2025-01-27T09:02:28.720+0000] {dagbag.py:537} INFO - Filling up the DagBag from /home/airflow/.local/lib/python3.7/site-packages/airflow/example_dags/example_branch_labels.py
[2025-01-27T09:02:28.755+0000] {processor.py:766} INFO - DAG(s) dict_keys(['example_branch_labels']) retrieved from /home/airflow/.local/lib/python3.7/site-packages/airflow/example_dags/example_branch_labels.py
[2025-01-27T09:02:28.854+0000] {logging_mixin.py:120} INFO - [2025-01-27T09:02:28.854+0000] {dag.py:2585} INFO - Sync 1 DAGs
[2025-01-27T09:02:28.915+0000] {logging_mixin.py:120} INFO - [2025-01-27T09:02:28.914+0000] {dag.py:3340} INFO - Setting next_dagrun for example_branch_labels to 2025-01-26T00:00:00+00:00, run_after=2025-01-27T00:00:00+00:00
[2025-01-27T09:02:28.961+0000] {processor.py:176} INFO - Processing /home/airflow/.local/lib/python3.7/site-packages/airflow/example_dags/example_branch_labels.py took 0.249 seconds
[2025-01-27T09:02:59.024+0000] {processor.py:154} INFO - Started process (PID=3354) to work on /home/airflow/.local/lib/python3.7/site-packages/airflow/example_dags/example_branch_labels.py
[2025-01-27T09:02:59.028+0000] {processor.py:756} INFO - Processing file /home/airflow/.local/lib/python3.7/site-packages/airflow/example_dags/example_branch_labels.py for tasks to queue
[2025-01-27T09:02:59.029+0000] {logging_mixin.py:120} INFO - [2025-01-27T09:02:59.029+0000] {dagbag.py:537} INFO - Filling up the DagBag from /home/airflow/.local/lib/python3.7/site-packages/airflow/example_dags/example_branch_labels.py
[2025-01-27T09:02:59.056+0000] {processor.py:766} INFO - DAG(s) dict_keys(['example_branch_labels']) retrieved from /home/airflow/.local/lib/python3.7/site-packages/airflow/example_dags/example_branch_labels.py
[2025-01-27T09:02:59.164+0000] {logging_mixin.py:120} INFO - [2025-01-27T09:02:59.164+0000] {dag.py:2585} INFO - Sync 1 DAGs
[2025-01-27T09:02:59.245+0000] {logging_mixin.py:120} INFO - [2025-01-27T09:02:59.244+0000] {dag.py:3340} INFO - Setting next_dagrun for example_branch_labels to 2025-01-26T00:00:00+00:00, run_after=2025-01-27T00:00:00+00:00
[2025-01-27T09:02:59.298+0000] {processor.py:176} INFO - Processing /home/airflow/.local/lib/python3.7/site-packages/airflow/example_dags/example_branch_labels.py took 0.279 seconds
[2025-01-27T09:03:29.572+0000] {processor.py:154} INFO - Started process (PID=3413) to work on /home/airflow/.local/lib/python3.7/site-packages/airflow/example_dags/example_branch_labels.py
[2025-01-27T09:03:29.574+0000] {processor.py:756} INFO - Processing file /home/airflow/.local/lib/python3.7/site-packages/airflow/example_dags/example_branch_labels.py for tasks to queue
[2025-01-27T09:03:29.576+0000] {logging_mixin.py:120} INFO - [2025-01-27T09:03:29.576+0000] {dagbag.py:537} INFO - Filling up the DagBag from /home/airflow/.local/lib/python3.7/site-packages/airflow/example_dags/example_branch_labels.py
[2025-01-27T09:03:29.603+0000] {processor.py:766} INFO - DAG(s) dict_keys(['example_branch_labels']) retrieved from /home/airflow/.local/lib/python3.7/site-packages/airflow/example_dags/example_branch_labels.py
[2025-01-27T09:03:29.700+0000] {logging_mixin.py:120} INFO - [2025-01-27T09:03:29.700+0000] {dag.py:2585} INFO - Sync 1 DAGs
[2025-01-27T09:03:29.771+0000] {logging_mixin.py:120} INFO - [2025-01-27T09:03:29.771+0000] {dag.py:3340} INFO - Setting next_dagrun for example_branch_labels to 2025-01-26T00:00:00+00:00, run_after=2025-01-27T00:00:00+00:00
[2025-01-27T09:03:29.834+0000] {processor.py:176} INFO - Processing /home/airflow/.local/lib/python3.7/site-packages/airflow/example_dags/example_branch_labels.py took 0.268 seconds
[2025-01-27T09:03:59.956+0000] {processor.py:154} INFO - Started process (PID=3469) to work on /home/airflow/.local/lib/python3.7/site-packages/airflow/example_dags/example_branch_labels.py
[2025-01-27T09:03:59.958+0000] {processor.py:756} INFO - Processing file /home/airflow/.local/lib/python3.7/site-packages/airflow/example_dags/example_branch_labels.py for tasks to queue
[2025-01-27T09:03:59.959+0000] {logging_mixin.py:120} INFO - [2025-01-27T09:03:59.959+0000] {dagbag.py:537} INFO - Filling up the DagBag from /home/airflow/.local/lib/python3.7/site-packages/airflow/example_dags/example_branch_labels.py
[2025-01-27T09:03:59.993+0000] {processor.py:766} INFO - DAG(s) dict_keys(['example_branch_labels']) retrieved from /home/airflow/.local/lib/python3.7/site-packages/airflow/example_dags/example_branch_labels.py
[2025-01-27T09:04:00.087+0000] {logging_mixin.py:120} INFO - [2025-01-27T09:04:00.087+0000] {dag.py:2585} INFO - Sync 1 DAGs
[2025-01-27T09:04:00.135+0000] {logging_mixin.py:120} INFO - [2025-01-27T09:04:00.134+0000] {dag.py:3340} INFO - Setting next_dagrun for example_branch_labels to 2025-01-26T00:00:00+00:00, run_after=2025-01-27T00:00:00+00:00
[2025-01-27T09:04:00.180+0000] {processor.py:176} INFO - Processing /home/airflow/.local/lib/python3.7/site-packages/airflow/example_dags/example_branch_labels.py took 0.229 seconds
[2025-01-27T09:04:30.797+0000] {processor.py:154} INFO - Started process (PID=3524) to work on /home/airflow/.local/lib/python3.7/site-packages/airflow/example_dags/example_branch_labels.py
[2025-01-27T09:04:30.800+0000] {processor.py:756} INFO - Processing file /home/airflow/.local/lib/python3.7/site-packages/airflow/example_dags/example_branch_labels.py for tasks to queue
[2025-01-27T09:04:30.801+0000] {logging_mixin.py:120} INFO - [2025-01-27T09:04:30.801+0000] {dagbag.py:537} INFO - Filling up the DagBag from /home/airflow/.local/lib/python3.7/site-packages/airflow/example_dags/example_branch_labels.py
[2025-01-27T09:04:30.845+0000] {processor.py:766} INFO - DAG(s) dict_keys(['example_branch_labels']) retrieved from /home/airflow/.local/lib/python3.7/site-packages/airflow/example_dags/example_branch_labels.py
[2025-01-27T09:04:30.954+0000] {logging_mixin.py:120} INFO - [2025-01-27T09:04:30.953+0000] {dag.py:2585} INFO - Sync 1 DAGs
[2025-01-27T09:04:31.072+0000] {logging_mixin.py:120} INFO - [2025-01-27T09:04:31.071+0000] {dag.py:3340} INFO - Setting next_dagrun for example_branch_labels to 2025-01-26T00:00:00+00:00, run_after=2025-01-27T00:00:00+00:00
[2025-01-27T09:04:31.149+0000] {processor.py:176} INFO - Processing /home/airflow/.local/lib/python3.7/site-packages/airflow/example_dags/example_branch_labels.py took 0.359 seconds
[2025-01-27T09:05:01.352+0000] {processor.py:154} INFO - Started process (PID=3587) to work on /home/airflow/.local/lib/python3.7/site-packages/airflow/example_dags/example_branch_labels.py
[2025-01-27T09:05:01.354+0000] {processor.py:756} INFO - Processing file /home/airflow/.local/lib/python3.7/site-packages/airflow/example_dags/example_branch_labels.py for tasks to queue
[2025-01-27T09:05:01.356+0000] {logging_mixin.py:120} INFO - [2025-01-27T09:05:01.355+0000] {dagbag.py:537} INFO - Filling up the DagBag from /home/airflow/.local/lib/python3.7/site-packages/airflow/example_dags/example_branch_labels.py
[2025-01-27T09:05:01.385+0000] {processor.py:766} INFO - DAG(s) dict_keys(['example_branch_labels']) retrieved from /home/airflow/.local/lib/python3.7/site-packages/airflow/example_dags/example_branch_labels.py
[2025-01-27T09:05:01.465+0000] {logging_mixin.py:120} INFO - [2025-01-27T09:05:01.465+0000] {dag.py:2585} INFO - Sync 1 DAGs
[2025-01-27T09:05:01.544+0000] {logging_mixin.py:120} INFO - [2025-01-27T09:05:01.544+0000] {dag.py:3340} INFO - Setting next_dagrun for example_branch_labels to 2025-01-26T00:00:00+00:00, run_after=2025-01-27T00:00:00+00:00
[2025-01-27T09:05:01.587+0000] {processor.py:176} INFO - Processing /home/airflow/.local/lib/python3.7/site-packages/airflow/example_dags/example_branch_labels.py took 0.242 seconds
[2025-01-27T09:05:32.083+0000] {processor.py:154} INFO - Started process (PID=3640) to work on /home/airflow/.local/lib/python3.7/site-packages/airflow/example_dags/example_branch_labels.py
[2025-01-27T09:05:32.084+0000] {processor.py:756} INFO - Processing file /home/airflow/.local/lib/python3.7/site-packages/airflow/example_dags/example_branch_labels.py for tasks to queue
[2025-01-27T09:05:32.086+0000] {logging_mixin.py:120} INFO - [2025-01-27T09:05:32.085+0000] {dagbag.py:537} INFO - Filling up the DagBag from /home/airflow/.local/lib/python3.7/site-packages/airflow/example_dags/example_branch_labels.py
[2025-01-27T09:05:32.117+0000] {processor.py:766} INFO - DAG(s) dict_keys(['example_branch_labels']) retrieved from /home/airflow/.local/lib/python3.7/site-packages/airflow/example_dags/example_branch_labels.py
[2025-01-27T09:05:32.199+0000] {logging_mixin.py:120} INFO - [2025-01-27T09:05:32.198+0000] {dag.py:2585} INFO - Sync 1 DAGs
[2025-01-27T09:05:32.256+0000] {logging_mixin.py:120} INFO - [2025-01-27T09:05:32.256+0000] {dag.py:3340} INFO - Setting next_dagrun for example_branch_labels to 2025-01-26T00:00:00+00:00, run_after=2025-01-27T00:00:00+00:00
[2025-01-27T09:05:32.296+0000] {processor.py:176} INFO - Processing /home/airflow/.local/lib/python3.7/site-packages/airflow/example_dags/example_branch_labels.py took 0.220 seconds
[2025-01-27T09:06:02.551+0000] {processor.py:154} INFO - Started process (PID=3701) to work on /home/airflow/.local/lib/python3.7/site-packages/airflow/example_dags/example_branch_labels.py
[2025-01-27T09:06:02.553+0000] {processor.py:756} INFO - Processing file /home/airflow/.local/lib/python3.7/site-packages/airflow/example_dags/example_branch_labels.py for tasks to queue
[2025-01-27T09:06:02.557+0000] {logging_mixin.py:120} INFO - [2025-01-27T09:06:02.557+0000] {dagbag.py:537} INFO - Filling up the DagBag from /home/airflow/.local/lib/python3.7/site-packages/airflow/example_dags/example_branch_labels.py
[2025-01-27T09:06:02.595+0000] {processor.py:766} INFO - DAG(s) dict_keys(['example_branch_labels']) retrieved from /home/airflow/.local/lib/python3.7/site-packages/airflow/example_dags/example_branch_labels.py
[2025-01-27T09:06:02.728+0000] {logging_mixin.py:120} INFO - [2025-01-27T09:06:02.728+0000] {dag.py:2585} INFO - Sync 1 DAGs
[2025-01-27T09:06:02.794+0000] {logging_mixin.py:120} INFO - [2025-01-27T09:06:02.794+0000] {dag.py:3340} INFO - Setting next_dagrun for example_branch_labels to 2025-01-26T00:00:00+00:00, run_after=2025-01-27T00:00:00+00:00
[2025-01-27T09:06:02.864+0000] {processor.py:176} INFO - Processing /home/airflow/.local/lib/python3.7/site-packages/airflow/example_dags/example_branch_labels.py took 0.320 seconds
[2025-01-27T09:06:33.392+0000] {processor.py:154} INFO - Started process (PID=3754) to work on /home/airflow/.local/lib/python3.7/site-packages/airflow/example_dags/example_branch_labels.py
[2025-01-27T09:06:33.394+0000] {processor.py:756} INFO - Processing file /home/airflow/.local/lib/python3.7/site-packages/airflow/example_dags/example_branch_labels.py for tasks to queue
[2025-01-27T09:06:33.395+0000] {logging_mixin.py:120} INFO - [2025-01-27T09:06:33.395+0000] {dagbag.py:537} INFO - Filling up the DagBag from /home/airflow/.local/lib/python3.7/site-packages/airflow/example_dags/example_branch_labels.py
[2025-01-27T09:06:33.434+0000] {processor.py:766} INFO - DAG(s) dict_keys(['example_branch_labels']) retrieved from /home/airflow/.local/lib/python3.7/site-packages/airflow/example_dags/example_branch_labels.py
[2025-01-27T09:06:33.537+0000] {logging_mixin.py:120} INFO - [2025-01-27T09:06:33.537+0000] {dag.py:2585} INFO - Sync 1 DAGs
[2025-01-27T09:06:33.588+0000] {logging_mixin.py:120} INFO - [2025-01-27T09:06:33.588+0000] {dag.py:3340} INFO - Setting next_dagrun for example_branch_labels to 2025-01-26T00:00:00+00:00, run_after=2025-01-27T00:00:00+00:00
[2025-01-27T09:06:33.625+0000] {processor.py:176} INFO - Processing /home/airflow/.local/lib/python3.7/site-packages/airflow/example_dags/example_branch_labels.py took 0.241 seconds
[2025-01-27T09:07:03.809+0000] {processor.py:154} INFO - Started process (PID=3808) to work on /home/airflow/.local/lib/python3.7/site-packages/airflow/example_dags/example_branch_labels.py
[2025-01-27T09:07:03.810+0000] {processor.py:756} INFO - Processing file /home/airflow/.local/lib/python3.7/site-packages/airflow/example_dags/example_branch_labels.py for tasks to queue
[2025-01-27T09:07:03.812+0000] {logging_mixin.py:120} INFO - [2025-01-27T09:07:03.811+0000] {dagbag.py:537} INFO - Filling up the DagBag from /home/airflow/.local/lib/python3.7/site-packages/airflow/example_dags/example_branch_labels.py
[2025-01-27T09:07:03.837+0000] {processor.py:766} INFO - DAG(s) dict_keys(['example_branch_labels']) retrieved from /home/airflow/.local/lib/python3.7/site-packages/airflow/example_dags/example_branch_labels.py
[2025-01-27T09:07:03.925+0000] {logging_mixin.py:120} INFO - [2025-01-27T09:07:03.924+0000] {dag.py:2585} INFO - Sync 1 DAGs
[2025-01-27T09:07:03.970+0000] {logging_mixin.py:120} INFO - [2025-01-27T09:07:03.970+0000] {dag.py:3340} INFO - Setting next_dagrun for example_branch_labels to 2025-01-26T00:00:00+00:00, run_after=2025-01-27T00:00:00+00:00
[2025-01-27T09:07:04.002+0000] {processor.py:176} INFO - Processing /home/airflow/.local/lib/python3.7/site-packages/airflow/example_dags/example_branch_labels.py took 0.198 seconds
[2025-01-27T09:07:34.691+0000] {processor.py:154} INFO - Started process (PID=3871) to work on /home/airflow/.local/lib/python3.7/site-packages/airflow/example_dags/example_branch_labels.py
[2025-01-27T09:07:34.693+0000] {processor.py:756} INFO - Processing file /home/airflow/.local/lib/python3.7/site-packages/airflow/example_dags/example_branch_labels.py for tasks to queue
[2025-01-27T09:07:34.694+0000] {logging_mixin.py:120} INFO - [2025-01-27T09:07:34.693+0000] {dagbag.py:537} INFO - Filling up the DagBag from /home/airflow/.local/lib/python3.7/site-packages/airflow/example_dags/example_branch_labels.py
[2025-01-27T09:07:34.720+0000] {processor.py:766} INFO - DAG(s) dict_keys(['example_branch_labels']) retrieved from /home/airflow/.local/lib/python3.7/site-packages/airflow/example_dags/example_branch_labels.py
[2025-01-27T09:07:34.823+0000] {logging_mixin.py:120} INFO - [2025-01-27T09:07:34.822+0000] {dag.py:2585} INFO - Sync 1 DAGs
[2025-01-27T09:07:34.894+0000] {logging_mixin.py:120} INFO - [2025-01-27T09:07:34.894+0000] {dag.py:3340} INFO - Setting next_dagrun for example_branch_labels to 2025-01-26T00:00:00+00:00, run_after=2025-01-27T00:00:00+00:00
[2025-01-27T09:07:34.939+0000] {processor.py:176} INFO - Processing /home/airflow/.local/lib/python3.7/site-packages/airflow/example_dags/example_branch_labels.py took 0.253 seconds
[2025-01-27T09:08:05.172+0000] {processor.py:154} INFO - Started process (PID=3925) to work on /home/airflow/.local/lib/python3.7/site-packages/airflow/example_dags/example_branch_labels.py
[2025-01-27T09:08:05.173+0000] {processor.py:756} INFO - Processing file /home/airflow/.local/lib/python3.7/site-packages/airflow/example_dags/example_branch_labels.py for tasks to queue
[2025-01-27T09:08:05.175+0000] {logging_mixin.py:120} INFO - [2025-01-27T09:08:05.175+0000] {dagbag.py:537} INFO - Filling up the DagBag from /home/airflow/.local/lib/python3.7/site-packages/airflow/example_dags/example_branch_labels.py
[2025-01-27T09:08:05.206+0000] {processor.py:766} INFO - DAG(s) dict_keys(['example_branch_labels']) retrieved from /home/airflow/.local/lib/python3.7/site-packages/airflow/example_dags/example_branch_labels.py
[2025-01-27T09:08:05.297+0000] {logging_mixin.py:120} INFO - [2025-01-27T09:08:05.297+0000] {dag.py:2585} INFO - Sync 1 DAGs
[2025-01-27T09:08:05.376+0000] {logging_mixin.py:120} INFO - [2025-01-27T09:08:05.376+0000] {dag.py:3340} INFO - Setting next_dagrun for example_branch_labels to 2025-01-26T00:00:00+00:00, run_after=2025-01-27T00:00:00+00:00
[2025-01-27T09:08:05.428+0000] {processor.py:176} INFO - Processing /home/airflow/.local/lib/python3.7/site-packages/airflow/example_dags/example_branch_labels.py took 0.262 seconds
[2025-01-27T09:08:35.941+0000] {processor.py:154} INFO - Started process (PID=3988) to work on /home/airflow/.local/lib/python3.7/site-packages/airflow/example_dags/example_branch_labels.py
[2025-01-27T09:08:35.946+0000] {processor.py:756} INFO - Processing file /home/airflow/.local/lib/python3.7/site-packages/airflow/example_dags/example_branch_labels.py for tasks to queue
[2025-01-27T09:08:35.949+0000] {logging_mixin.py:120} INFO - [2025-01-27T09:08:35.948+0000] {dagbag.py:537} INFO - Filling up the DagBag from /home/airflow/.local/lib/python3.7/site-packages/airflow/example_dags/example_branch_labels.py
[2025-01-27T09:08:35.987+0000] {processor.py:766} INFO - DAG(s) dict_keys(['example_branch_labels']) retrieved from /home/airflow/.local/lib/python3.7/site-packages/airflow/example_dags/example_branch_labels.py
[2025-01-27T09:08:36.090+0000] {logging_mixin.py:120} INFO - [2025-01-27T09:08:36.090+0000] {dag.py:2585} INFO - Sync 1 DAGs
[2025-01-27T09:08:36.153+0000] {logging_mixin.py:120} INFO - [2025-01-27T09:08:36.152+0000] {dag.py:3340} INFO - Setting next_dagrun for example_branch_labels to 2025-01-26T00:00:00+00:00, run_after=2025-01-27T00:00:00+00:00
[2025-01-27T09:08:36.203+0000] {processor.py:176} INFO - Processing /home/airflow/.local/lib/python3.7/site-packages/airflow/example_dags/example_branch_labels.py took 0.269 seconds
