[2025-01-27T08:33:51.023+0000] {processor.py:154} INFO - Started process (PID=62) to work on /home/airflow/.local/lib/python3.7/site-packages/airflow/example_dags/example_time_delta_sensor_async.py
[2025-01-27T08:33:51.025+0000] {processor.py:756} INFO - Processing file /home/airflow/.local/lib/python3.7/site-packages/airflow/example_dags/example_time_delta_sensor_async.py for tasks to queue
[2025-01-27T08:33:51.027+0000] {logging_mixin.py:120} INFO - [2025-01-27T08:33:51.027+0000] {dagbag.py:537} INFO - Filling up the DagBag from /home/airflow/.local/lib/python3.7/site-packages/airflow/example_dags/example_time_delta_sensor_async.py
[2025-01-27T08:33:51.060+0000] {processor.py:766} INFO - DAG(s) dict_keys(['example_time_delta_sensor_async']) retrieved from /home/airflow/.local/lib/python3.7/site-packages/airflow/example_dags/example_time_delta_sensor_async.py
[2025-01-27T08:33:51.927+0000] {logging_mixin.py:120} INFO - [2025-01-27T08:33:51.927+0000] {manager.py:507} INFO - Created Permission View: can edit on DAG:example_time_delta_sensor_async
[2025-01-27T08:33:51.966+0000] {logging_mixin.py:120} INFO - [2025-01-27T08:33:51.965+0000] {manager.py:507} INFO - Created Permission View: can read on DAG:example_time_delta_sensor_async
[2025-01-27T08:33:51.991+0000] {logging_mixin.py:120} INFO - [2025-01-27T08:33:51.991+0000] {manager.py:507} INFO - Created Permission View: can delete on DAG:example_time_delta_sensor_async
[2025-01-27T08:33:51.992+0000] {logging_mixin.py:120} INFO - [2025-01-27T08:33:51.992+0000] {dag.py:2585} INFO - Sync 1 DAGs
[2025-01-27T08:33:52.074+0000] {logging_mixin.py:120} INFO - [2025-01-27T08:33:52.073+0000] {dag.py:2606} INFO - Creating ORM DAG for example_time_delta_sensor_async
[2025-01-27T08:33:52.127+0000] {logging_mixin.py:120} INFO - [2025-01-27T08:33:52.126+0000] {dag.py:3340} INFO - Setting next_dagrun for example_time_delta_sensor_async to None, run_after=None
[2025-01-27T08:33:52.188+0000] {processor.py:176} INFO - Processing /home/airflow/.local/lib/python3.7/site-packages/airflow/example_dags/example_time_delta_sensor_async.py took 1.172 seconds
[2025-01-27T08:34:22.237+0000] {processor.py:154} INFO - Started process (PID=116) to work on /home/airflow/.local/lib/python3.7/site-packages/airflow/example_dags/example_time_delta_sensor_async.py
[2025-01-27T08:34:22.240+0000] {processor.py:756} INFO - Processing file /home/airflow/.local/lib/python3.7/site-packages/airflow/example_dags/example_time_delta_sensor_async.py for tasks to queue
[2025-01-27T08:34:22.242+0000] {logging_mixin.py:120} INFO - [2025-01-27T08:34:22.242+0000] {dagbag.py:537} INFO - Filling up the DagBag from /home/airflow/.local/lib/python3.7/site-packages/airflow/example_dags/example_time_delta_sensor_async.py
[2025-01-27T08:34:22.267+0000] {processor.py:766} INFO - DAG(s) dict_keys(['example_time_delta_sensor_async']) retrieved from /home/airflow/.local/lib/python3.7/site-packages/airflow/example_dags/example_time_delta_sensor_async.py
[2025-01-27T08:34:22.659+0000] {logging_mixin.py:120} INFO - [2025-01-27T08:34:22.658+0000] {dag.py:2585} INFO - Sync 1 DAGs
[2025-01-27T08:34:22.704+0000] {logging_mixin.py:120} INFO - [2025-01-27T08:34:22.704+0000] {dag.py:3340} INFO - Setting next_dagrun for example_time_delta_sensor_async to None, run_after=None
[2025-01-27T08:34:22.746+0000] {processor.py:176} INFO - Processing /home/airflow/.local/lib/python3.7/site-packages/airflow/example_dags/example_time_delta_sensor_async.py took 0.514 seconds
[2025-01-27T08:34:53.136+0000] {processor.py:154} INFO - Started process (PID=180) to work on /home/airflow/.local/lib/python3.7/site-packages/airflow/example_dags/example_time_delta_sensor_async.py
[2025-01-27T08:34:53.137+0000] {processor.py:756} INFO - Processing file /home/airflow/.local/lib/python3.7/site-packages/airflow/example_dags/example_time_delta_sensor_async.py for tasks to queue
[2025-01-27T08:34:53.139+0000] {logging_mixin.py:120} INFO - [2025-01-27T08:34:53.139+0000] {dagbag.py:537} INFO - Filling up the DagBag from /home/airflow/.local/lib/python3.7/site-packages/airflow/example_dags/example_time_delta_sensor_async.py
[2025-01-27T08:34:53.170+0000] {processor.py:766} INFO - DAG(s) dict_keys(['example_time_delta_sensor_async']) retrieved from /home/airflow/.local/lib/python3.7/site-packages/airflow/example_dags/example_time_delta_sensor_async.py
[2025-01-27T08:34:53.623+0000] {logging_mixin.py:120} INFO - [2025-01-27T08:34:53.623+0000] {dag.py:2585} INFO - Sync 1 DAGs
[2025-01-27T08:34:53.667+0000] {logging_mixin.py:120} INFO - [2025-01-27T08:34:53.667+0000] {dag.py:3340} INFO - Setting next_dagrun for example_time_delta_sensor_async to None, run_after=None
[2025-01-27T08:34:53.705+0000] {processor.py:176} INFO - Processing /home/airflow/.local/lib/python3.7/site-packages/airflow/example_dags/example_time_delta_sensor_async.py took 0.574 seconds
[2025-01-27T08:35:24.065+0000] {processor.py:154} INFO - Started process (PID=233) to work on /home/airflow/.local/lib/python3.7/site-packages/airflow/example_dags/example_time_delta_sensor_async.py
[2025-01-27T08:35:24.066+0000] {processor.py:756} INFO - Processing file /home/airflow/.local/lib/python3.7/site-packages/airflow/example_dags/example_time_delta_sensor_async.py for tasks to queue
[2025-01-27T08:35:24.071+0000] {logging_mixin.py:120} INFO - [2025-01-27T08:35:24.071+0000] {dagbag.py:537} INFO - Filling up the DagBag from /home/airflow/.local/lib/python3.7/site-packages/airflow/example_dags/example_time_delta_sensor_async.py
[2025-01-27T08:35:24.094+0000] {processor.py:766} INFO - DAG(s) dict_keys(['example_time_delta_sensor_async']) retrieved from /home/airflow/.local/lib/python3.7/site-packages/airflow/example_dags/example_time_delta_sensor_async.py
[2025-01-27T08:35:24.498+0000] {logging_mixin.py:120} INFO - [2025-01-27T08:35:24.497+0000] {dag.py:2585} INFO - Sync 1 DAGs
[2025-01-27T08:35:24.545+0000] {logging_mixin.py:120} INFO - [2025-01-27T08:35:24.545+0000] {dag.py:3340} INFO - Setting next_dagrun for example_time_delta_sensor_async to None, run_after=None
[2025-01-27T08:35:24.585+0000] {processor.py:176} INFO - Processing /home/airflow/.local/lib/python3.7/site-packages/airflow/example_dags/example_time_delta_sensor_async.py took 0.526 seconds
[2025-01-27T08:35:55.178+0000] {processor.py:154} INFO - Started process (PID=296) to work on /home/airflow/.local/lib/python3.7/site-packages/airflow/example_dags/example_time_delta_sensor_async.py
[2025-01-27T08:35:55.179+0000] {processor.py:756} INFO - Processing file /home/airflow/.local/lib/python3.7/site-packages/airflow/example_dags/example_time_delta_sensor_async.py for tasks to queue
[2025-01-27T08:35:55.181+0000] {logging_mixin.py:120} INFO - [2025-01-27T08:35:55.181+0000] {dagbag.py:537} INFO - Filling up the DagBag from /home/airflow/.local/lib/python3.7/site-packages/airflow/example_dags/example_time_delta_sensor_async.py
[2025-01-27T08:35:55.203+0000] {processor.py:766} INFO - DAG(s) dict_keys(['example_time_delta_sensor_async']) retrieved from /home/airflow/.local/lib/python3.7/site-packages/airflow/example_dags/example_time_delta_sensor_async.py
[2025-01-27T08:35:55.635+0000] {logging_mixin.py:120} INFO - [2025-01-27T08:35:55.635+0000] {dag.py:2585} INFO - Sync 1 DAGs
[2025-01-27T08:35:55.696+0000] {logging_mixin.py:120} INFO - [2025-01-27T08:35:55.696+0000] {dag.py:3340} INFO - Setting next_dagrun for example_time_delta_sensor_async to None, run_after=None
[2025-01-27T08:35:55.738+0000] {processor.py:176} INFO - Processing /home/airflow/.local/lib/python3.7/site-packages/airflow/example_dags/example_time_delta_sensor_async.py took 0.567 seconds
[2025-01-27T08:36:26.155+0000] {processor.py:154} INFO - Started process (PID=349) to work on /home/airflow/.local/lib/python3.7/site-packages/airflow/example_dags/example_time_delta_sensor_async.py
[2025-01-27T08:36:26.157+0000] {processor.py:756} INFO - Processing file /home/airflow/.local/lib/python3.7/site-packages/airflow/example_dags/example_time_delta_sensor_async.py for tasks to queue
[2025-01-27T08:36:26.160+0000] {logging_mixin.py:120} INFO - [2025-01-27T08:36:26.160+0000] {dagbag.py:537} INFO - Filling up the DagBag from /home/airflow/.local/lib/python3.7/site-packages/airflow/example_dags/example_time_delta_sensor_async.py
[2025-01-27T08:36:26.182+0000] {processor.py:766} INFO - DAG(s) dict_keys(['example_time_delta_sensor_async']) retrieved from /home/airflow/.local/lib/python3.7/site-packages/airflow/example_dags/example_time_delta_sensor_async.py
[2025-01-27T08:36:26.619+0000] {logging_mixin.py:120} INFO - [2025-01-27T08:36:26.618+0000] {dag.py:2585} INFO - Sync 1 DAGs
[2025-01-27T08:36:26.708+0000] {logging_mixin.py:120} INFO - [2025-01-27T08:36:26.708+0000] {dag.py:3340} INFO - Setting next_dagrun for example_time_delta_sensor_async to None, run_after=None
[2025-01-27T08:36:26.760+0000] {processor.py:176} INFO - Processing /home/airflow/.local/lib/python3.7/site-packages/airflow/example_dags/example_time_delta_sensor_async.py took 0.610 seconds
[2025-01-27T08:36:57.153+0000] {processor.py:154} INFO - Started process (PID=403) to work on /home/airflow/.local/lib/python3.7/site-packages/airflow/example_dags/example_time_delta_sensor_async.py
[2025-01-27T08:36:57.155+0000] {processor.py:756} INFO - Processing file /home/airflow/.local/lib/python3.7/site-packages/airflow/example_dags/example_time_delta_sensor_async.py for tasks to queue
[2025-01-27T08:36:57.156+0000] {logging_mixin.py:120} INFO - [2025-01-27T08:36:57.156+0000] {dagbag.py:537} INFO - Filling up the DagBag from /home/airflow/.local/lib/python3.7/site-packages/airflow/example_dags/example_time_delta_sensor_async.py
[2025-01-27T08:36:57.178+0000] {processor.py:766} INFO - DAG(s) dict_keys(['example_time_delta_sensor_async']) retrieved from /home/airflow/.local/lib/python3.7/site-packages/airflow/example_dags/example_time_delta_sensor_async.py
[2025-01-27T08:36:57.681+0000] {logging_mixin.py:120} INFO - [2025-01-27T08:36:57.680+0000] {dag.py:2585} INFO - Sync 1 DAGs
[2025-01-27T08:36:57.745+0000] {logging_mixin.py:120} INFO - [2025-01-27T08:36:57.745+0000] {dag.py:3340} INFO - Setting next_dagrun for example_time_delta_sensor_async to None, run_after=None
[2025-01-27T08:36:57.785+0000] {processor.py:176} INFO - Processing /home/airflow/.local/lib/python3.7/site-packages/airflow/example_dags/example_time_delta_sensor_async.py took 0.637 seconds
[2025-01-27T08:37:27.936+0000] {processor.py:154} INFO - Started process (PID=466) to work on /home/airflow/.local/lib/python3.7/site-packages/airflow/example_dags/example_time_delta_sensor_async.py
[2025-01-27T08:37:27.941+0000] {processor.py:756} INFO - Processing file /home/airflow/.local/lib/python3.7/site-packages/airflow/example_dags/example_time_delta_sensor_async.py for tasks to queue
[2025-01-27T08:37:27.943+0000] {logging_mixin.py:120} INFO - [2025-01-27T08:37:27.942+0000] {dagbag.py:537} INFO - Filling up the DagBag from /home/airflow/.local/lib/python3.7/site-packages/airflow/example_dags/example_time_delta_sensor_async.py
[2025-01-27T08:37:27.965+0000] {processor.py:766} INFO - DAG(s) dict_keys(['example_time_delta_sensor_async']) retrieved from /home/airflow/.local/lib/python3.7/site-packages/airflow/example_dags/example_time_delta_sensor_async.py
[2025-01-27T08:37:28.421+0000] {logging_mixin.py:120} INFO - [2025-01-27T08:37:28.421+0000] {dag.py:2585} INFO - Sync 1 DAGs
[2025-01-27T08:37:28.475+0000] {logging_mixin.py:120} INFO - [2025-01-27T08:37:28.474+0000] {dag.py:3340} INFO - Setting next_dagrun for example_time_delta_sensor_async to None, run_after=None
[2025-01-27T08:37:28.526+0000] {processor.py:176} INFO - Processing /home/airflow/.local/lib/python3.7/site-packages/airflow/example_dags/example_time_delta_sensor_async.py took 0.596 seconds
[2025-01-27T08:37:59.155+0000] {processor.py:154} INFO - Started process (PID=526) to work on /home/airflow/.local/lib/python3.7/site-packages/airflow/example_dags/example_time_delta_sensor_async.py
[2025-01-27T08:37:59.157+0000] {processor.py:756} INFO - Processing file /home/airflow/.local/lib/python3.7/site-packages/airflow/example_dags/example_time_delta_sensor_async.py for tasks to queue
[2025-01-27T08:37:59.160+0000] {logging_mixin.py:120} INFO - [2025-01-27T08:37:59.159+0000] {dagbag.py:537} INFO - Filling up the DagBag from /home/airflow/.local/lib/python3.7/site-packages/airflow/example_dags/example_time_delta_sensor_async.py
[2025-01-27T08:37:59.187+0000] {processor.py:766} INFO - DAG(s) dict_keys(['example_time_delta_sensor_async']) retrieved from /home/airflow/.local/lib/python3.7/site-packages/airflow/example_dags/example_time_delta_sensor_async.py
[2025-01-27T08:37:59.668+0000] {logging_mixin.py:120} INFO - [2025-01-27T08:37:59.668+0000] {dag.py:2585} INFO - Sync 1 DAGs
[2025-01-27T08:37:59.718+0000] {logging_mixin.py:120} INFO - [2025-01-27T08:37:59.718+0000] {dag.py:3340} INFO - Setting next_dagrun for example_time_delta_sensor_async to None, run_after=None
[2025-01-27T08:37:59.755+0000] {processor.py:176} INFO - Processing /home/airflow/.local/lib/python3.7/site-packages/airflow/example_dags/example_time_delta_sensor_async.py took 0.610 seconds
[2025-01-27T08:38:29.819+0000] {processor.py:154} INFO - Started process (PID=582) to work on /home/airflow/.local/lib/python3.7/site-packages/airflow/example_dags/example_time_delta_sensor_async.py
[2025-01-27T08:38:29.820+0000] {processor.py:756} INFO - Processing file /home/airflow/.local/lib/python3.7/site-packages/airflow/example_dags/example_time_delta_sensor_async.py for tasks to queue
[2025-01-27T08:38:29.822+0000] {logging_mixin.py:120} INFO - [2025-01-27T08:38:29.822+0000] {dagbag.py:537} INFO - Filling up the DagBag from /home/airflow/.local/lib/python3.7/site-packages/airflow/example_dags/example_time_delta_sensor_async.py
[2025-01-27T08:38:29.850+0000] {processor.py:766} INFO - DAG(s) dict_keys(['example_time_delta_sensor_async']) retrieved from /home/airflow/.local/lib/python3.7/site-packages/airflow/example_dags/example_time_delta_sensor_async.py
[2025-01-27T08:38:30.389+0000] {logging_mixin.py:120} INFO - [2025-01-27T08:38:30.389+0000] {dag.py:2585} INFO - Sync 1 DAGs
[2025-01-27T08:38:30.437+0000] {logging_mixin.py:120} INFO - [2025-01-27T08:38:30.436+0000] {dag.py:3340} INFO - Setting next_dagrun for example_time_delta_sensor_async to None, run_after=None
[2025-01-27T08:38:30.474+0000] {processor.py:176} INFO - Processing /home/airflow/.local/lib/python3.7/site-packages/airflow/example_dags/example_time_delta_sensor_async.py took 0.661 seconds
[2025-01-27T08:39:00.867+0000] {processor.py:154} INFO - Started process (PID=643) to work on /home/airflow/.local/lib/python3.7/site-packages/airflow/example_dags/example_time_delta_sensor_async.py
[2025-01-27T08:39:00.869+0000] {processor.py:756} INFO - Processing file /home/airflow/.local/lib/python3.7/site-packages/airflow/example_dags/example_time_delta_sensor_async.py for tasks to queue
[2025-01-27T08:39:00.872+0000] {logging_mixin.py:120} INFO - [2025-01-27T08:39:00.872+0000] {dagbag.py:537} INFO - Filling up the DagBag from /home/airflow/.local/lib/python3.7/site-packages/airflow/example_dags/example_time_delta_sensor_async.py
[2025-01-27T08:39:00.895+0000] {processor.py:766} INFO - DAG(s) dict_keys(['example_time_delta_sensor_async']) retrieved from /home/airflow/.local/lib/python3.7/site-packages/airflow/example_dags/example_time_delta_sensor_async.py
[2025-01-27T08:39:01.329+0000] {logging_mixin.py:120} INFO - [2025-01-27T08:39:01.328+0000] {dag.py:2585} INFO - Sync 1 DAGs
[2025-01-27T08:39:01.381+0000] {logging_mixin.py:120} INFO - [2025-01-27T08:39:01.381+0000] {dag.py:3340} INFO - Setting next_dagrun for example_time_delta_sensor_async to None, run_after=None
[2025-01-27T08:39:01.418+0000] {processor.py:176} INFO - Processing /home/airflow/.local/lib/python3.7/site-packages/airflow/example_dags/example_time_delta_sensor_async.py took 0.557 seconds
[2025-01-27T08:39:31.465+0000] {processor.py:154} INFO - Started process (PID=697) to work on /home/airflow/.local/lib/python3.7/site-packages/airflow/example_dags/example_time_delta_sensor_async.py
[2025-01-27T08:39:31.466+0000] {processor.py:756} INFO - Processing file /home/airflow/.local/lib/python3.7/site-packages/airflow/example_dags/example_time_delta_sensor_async.py for tasks to queue
[2025-01-27T08:39:31.468+0000] {logging_mixin.py:120} INFO - [2025-01-27T08:39:31.467+0000] {dagbag.py:537} INFO - Filling up the DagBag from /home/airflow/.local/lib/python3.7/site-packages/airflow/example_dags/example_time_delta_sensor_async.py
[2025-01-27T08:39:31.490+0000] {processor.py:766} INFO - DAG(s) dict_keys(['example_time_delta_sensor_async']) retrieved from /home/airflow/.local/lib/python3.7/site-packages/airflow/example_dags/example_time_delta_sensor_async.py
[2025-01-27T08:39:31.890+0000] {logging_mixin.py:120} INFO - [2025-01-27T08:39:31.890+0000] {dag.py:2585} INFO - Sync 1 DAGs
[2025-01-27T08:39:31.934+0000] {logging_mixin.py:120} INFO - [2025-01-27T08:39:31.934+0000] {dag.py:3340} INFO - Setting next_dagrun for example_time_delta_sensor_async to None, run_after=None
[2025-01-27T08:39:31.974+0000] {processor.py:176} INFO - Processing /home/airflow/.local/lib/python3.7/site-packages/airflow/example_dags/example_time_delta_sensor_async.py took 0.516 seconds
[2025-01-27T08:40:02.109+0000] {processor.py:154} INFO - Started process (PID=758) to work on /home/airflow/.local/lib/python3.7/site-packages/airflow/example_dags/example_time_delta_sensor_async.py
[2025-01-27T08:40:02.111+0000] {processor.py:756} INFO - Processing file /home/airflow/.local/lib/python3.7/site-packages/airflow/example_dags/example_time_delta_sensor_async.py for tasks to queue
[2025-01-27T08:40:02.112+0000] {logging_mixin.py:120} INFO - [2025-01-27T08:40:02.112+0000] {dagbag.py:537} INFO - Filling up the DagBag from /home/airflow/.local/lib/python3.7/site-packages/airflow/example_dags/example_time_delta_sensor_async.py
[2025-01-27T08:40:02.133+0000] {processor.py:766} INFO - DAG(s) dict_keys(['example_time_delta_sensor_async']) retrieved from /home/airflow/.local/lib/python3.7/site-packages/airflow/example_dags/example_time_delta_sensor_async.py
[2025-01-27T08:40:02.563+0000] {logging_mixin.py:120} INFO - [2025-01-27T08:40:02.563+0000] {dag.py:2585} INFO - Sync 1 DAGs
[2025-01-27T08:40:02.620+0000] {logging_mixin.py:120} INFO - [2025-01-27T08:40:02.619+0000] {dag.py:3340} INFO - Setting next_dagrun for example_time_delta_sensor_async to None, run_after=None
[2025-01-27T08:40:02.666+0000] {processor.py:176} INFO - Processing /home/airflow/.local/lib/python3.7/site-packages/airflow/example_dags/example_time_delta_sensor_async.py took 0.564 seconds
[2025-01-27T08:40:33.126+0000] {processor.py:154} INFO - Started process (PID=814) to work on /home/airflow/.local/lib/python3.7/site-packages/airflow/example_dags/example_time_delta_sensor_async.py
[2025-01-27T08:40:33.128+0000] {processor.py:756} INFO - Processing file /home/airflow/.local/lib/python3.7/site-packages/airflow/example_dags/example_time_delta_sensor_async.py for tasks to queue
[2025-01-27T08:40:33.129+0000] {logging_mixin.py:120} INFO - [2025-01-27T08:40:33.129+0000] {dagbag.py:537} INFO - Filling up the DagBag from /home/airflow/.local/lib/python3.7/site-packages/airflow/example_dags/example_time_delta_sensor_async.py
[2025-01-27T08:40:33.156+0000] {processor.py:766} INFO - DAG(s) dict_keys(['example_time_delta_sensor_async']) retrieved from /home/airflow/.local/lib/python3.7/site-packages/airflow/example_dags/example_time_delta_sensor_async.py
[2025-01-27T08:40:33.562+0000] {logging_mixin.py:120} INFO - [2025-01-27T08:40:33.562+0000] {dag.py:2585} INFO - Sync 1 DAGs
[2025-01-27T08:40:33.611+0000] {logging_mixin.py:120} INFO - [2025-01-27T08:40:33.611+0000] {dag.py:3340} INFO - Setting next_dagrun for example_time_delta_sensor_async to None, run_after=None
[2025-01-27T08:40:33.649+0000] {processor.py:176} INFO - Processing /home/airflow/.local/lib/python3.7/site-packages/airflow/example_dags/example_time_delta_sensor_async.py took 0.528 seconds
[2025-01-27T08:41:03.714+0000] {processor.py:154} INFO - Started process (PID=878) to work on /home/airflow/.local/lib/python3.7/site-packages/airflow/example_dags/example_time_delta_sensor_async.py
[2025-01-27T08:41:03.715+0000] {processor.py:756} INFO - Processing file /home/airflow/.local/lib/python3.7/site-packages/airflow/example_dags/example_time_delta_sensor_async.py for tasks to queue
[2025-01-27T08:41:03.717+0000] {logging_mixin.py:120} INFO - [2025-01-27T08:41:03.717+0000] {dagbag.py:537} INFO - Filling up the DagBag from /home/airflow/.local/lib/python3.7/site-packages/airflow/example_dags/example_time_delta_sensor_async.py
[2025-01-27T08:41:03.738+0000] {processor.py:766} INFO - DAG(s) dict_keys(['example_time_delta_sensor_async']) retrieved from /home/airflow/.local/lib/python3.7/site-packages/airflow/example_dags/example_time_delta_sensor_async.py
[2025-01-27T08:41:04.126+0000] {logging_mixin.py:120} INFO - [2025-01-27T08:41:04.126+0000] {dag.py:2585} INFO - Sync 1 DAGs
[2025-01-27T08:41:04.180+0000] {logging_mixin.py:120} INFO - [2025-01-27T08:41:04.180+0000] {dag.py:3340} INFO - Setting next_dagrun for example_time_delta_sensor_async to None, run_after=None
[2025-01-27T08:41:04.219+0000] {processor.py:176} INFO - Processing /home/airflow/.local/lib/python3.7/site-packages/airflow/example_dags/example_time_delta_sensor_async.py took 0.517 seconds
[2025-01-27T08:41:34.787+0000] {processor.py:154} INFO - Started process (PID=931) to work on /home/airflow/.local/lib/python3.7/site-packages/airflow/example_dags/example_time_delta_sensor_async.py
[2025-01-27T08:41:34.789+0000] {processor.py:756} INFO - Processing file /home/airflow/.local/lib/python3.7/site-packages/airflow/example_dags/example_time_delta_sensor_async.py for tasks to queue
[2025-01-27T08:41:34.790+0000] {logging_mixin.py:120} INFO - [2025-01-27T08:41:34.790+0000] {dagbag.py:537} INFO - Filling up the DagBag from /home/airflow/.local/lib/python3.7/site-packages/airflow/example_dags/example_time_delta_sensor_async.py
[2025-01-27T08:41:34.819+0000] {processor.py:766} INFO - DAG(s) dict_keys(['example_time_delta_sensor_async']) retrieved from /home/airflow/.local/lib/python3.7/site-packages/airflow/example_dags/example_time_delta_sensor_async.py
[2025-01-27T08:41:35.266+0000] {logging_mixin.py:120} INFO - [2025-01-27T08:41:35.266+0000] {dag.py:2585} INFO - Sync 1 DAGs
[2025-01-27T08:41:35.319+0000] {logging_mixin.py:120} INFO - [2025-01-27T08:41:35.319+0000] {dag.py:3340} INFO - Setting next_dagrun for example_time_delta_sensor_async to None, run_after=None
[2025-01-27T08:41:35.356+0000] {processor.py:176} INFO - Processing /home/airflow/.local/lib/python3.7/site-packages/airflow/example_dags/example_time_delta_sensor_async.py took 0.576 seconds
[2025-01-27T08:42:05.691+0000] {processor.py:154} INFO - Started process (PID=995) to work on /home/airflow/.local/lib/python3.7/site-packages/airflow/example_dags/example_time_delta_sensor_async.py
[2025-01-27T08:42:05.692+0000] {processor.py:756} INFO - Processing file /home/airflow/.local/lib/python3.7/site-packages/airflow/example_dags/example_time_delta_sensor_async.py for tasks to queue
[2025-01-27T08:42:05.693+0000] {logging_mixin.py:120} INFO - [2025-01-27T08:42:05.693+0000] {dagbag.py:537} INFO - Filling up the DagBag from /home/airflow/.local/lib/python3.7/site-packages/airflow/example_dags/example_time_delta_sensor_async.py
[2025-01-27T08:42:05.725+0000] {processor.py:766} INFO - DAG(s) dict_keys(['example_time_delta_sensor_async']) retrieved from /home/airflow/.local/lib/python3.7/site-packages/airflow/example_dags/example_time_delta_sensor_async.py
[2025-01-27T08:42:06.214+0000] {logging_mixin.py:120} INFO - [2025-01-27T08:42:06.214+0000] {dag.py:2585} INFO - Sync 1 DAGs
[2025-01-27T08:42:06.264+0000] {logging_mixin.py:120} INFO - [2025-01-27T08:42:06.264+0000] {dag.py:3340} INFO - Setting next_dagrun for example_time_delta_sensor_async to None, run_after=None
[2025-01-27T08:42:06.310+0000] {processor.py:176} INFO - Processing /home/airflow/.local/lib/python3.7/site-packages/airflow/example_dags/example_time_delta_sensor_async.py took 0.628 seconds
[2025-01-27T08:42:36.872+0000] {processor.py:154} INFO - Started process (PID=1049) to work on /home/airflow/.local/lib/python3.7/site-packages/airflow/example_dags/example_time_delta_sensor_async.py
[2025-01-27T08:42:36.874+0000] {processor.py:756} INFO - Processing file /home/airflow/.local/lib/python3.7/site-packages/airflow/example_dags/example_time_delta_sensor_async.py for tasks to queue
[2025-01-27T08:42:36.876+0000] {logging_mixin.py:120} INFO - [2025-01-27T08:42:36.875+0000] {dagbag.py:537} INFO - Filling up the DagBag from /home/airflow/.local/lib/python3.7/site-packages/airflow/example_dags/example_time_delta_sensor_async.py
[2025-01-27T08:42:36.901+0000] {processor.py:766} INFO - DAG(s) dict_keys(['example_time_delta_sensor_async']) retrieved from /home/airflow/.local/lib/python3.7/site-packages/airflow/example_dags/example_time_delta_sensor_async.py
[2025-01-27T08:42:37.301+0000] {logging_mixin.py:120} INFO - [2025-01-27T08:42:37.300+0000] {dag.py:2585} INFO - Sync 1 DAGs
[2025-01-27T08:42:37.350+0000] {logging_mixin.py:120} INFO - [2025-01-27T08:42:37.350+0000] {dag.py:3340} INFO - Setting next_dagrun for example_time_delta_sensor_async to None, run_after=None
[2025-01-27T08:42:37.393+0000] {processor.py:176} INFO - Processing /home/airflow/.local/lib/python3.7/site-packages/airflow/example_dags/example_time_delta_sensor_async.py took 0.529 seconds
[2025-01-27T08:43:07.511+0000] {processor.py:154} INFO - Started process (PID=1103) to work on /home/airflow/.local/lib/python3.7/site-packages/airflow/example_dags/example_time_delta_sensor_async.py
[2025-01-27T08:43:07.513+0000] {processor.py:756} INFO - Processing file /home/airflow/.local/lib/python3.7/site-packages/airflow/example_dags/example_time_delta_sensor_async.py for tasks to queue
[2025-01-27T08:43:07.515+0000] {logging_mixin.py:120} INFO - [2025-01-27T08:43:07.515+0000] {dagbag.py:537} INFO - Filling up the DagBag from /home/airflow/.local/lib/python3.7/site-packages/airflow/example_dags/example_time_delta_sensor_async.py
[2025-01-27T08:43:07.545+0000] {processor.py:766} INFO - DAG(s) dict_keys(['example_time_delta_sensor_async']) retrieved from /home/airflow/.local/lib/python3.7/site-packages/airflow/example_dags/example_time_delta_sensor_async.py
[2025-01-27T08:43:08.078+0000] {logging_mixin.py:120} INFO - [2025-01-27T08:43:08.078+0000] {dag.py:2585} INFO - Sync 1 DAGs
[2025-01-27T08:43:08.132+0000] {logging_mixin.py:120} INFO - [2025-01-27T08:43:08.132+0000] {dag.py:3340} INFO - Setting next_dagrun for example_time_delta_sensor_async to None, run_after=None
[2025-01-27T08:43:08.178+0000] {processor.py:176} INFO - Processing /home/airflow/.local/lib/python3.7/site-packages/airflow/example_dags/example_time_delta_sensor_async.py took 0.678 seconds
[2025-01-27T08:43:38.950+0000] {processor.py:154} INFO - Started process (PID=1164) to work on /home/airflow/.local/lib/python3.7/site-packages/airflow/example_dags/example_time_delta_sensor_async.py
[2025-01-27T08:43:38.951+0000] {processor.py:756} INFO - Processing file /home/airflow/.local/lib/python3.7/site-packages/airflow/example_dags/example_time_delta_sensor_async.py for tasks to queue
[2025-01-27T08:43:38.953+0000] {logging_mixin.py:120} INFO - [2025-01-27T08:43:38.952+0000] {dagbag.py:537} INFO - Filling up the DagBag from /home/airflow/.local/lib/python3.7/site-packages/airflow/example_dags/example_time_delta_sensor_async.py
[2025-01-27T08:43:38.980+0000] {processor.py:766} INFO - DAG(s) dict_keys(['example_time_delta_sensor_async']) retrieved from /home/airflow/.local/lib/python3.7/site-packages/airflow/example_dags/example_time_delta_sensor_async.py
[2025-01-27T08:43:39.422+0000] {logging_mixin.py:120} INFO - [2025-01-27T08:43:39.422+0000] {dag.py:2585} INFO - Sync 1 DAGs
[2025-01-27T08:43:39.469+0000] {logging_mixin.py:120} INFO - [2025-01-27T08:43:39.469+0000] {dag.py:3340} INFO - Setting next_dagrun for example_time_delta_sensor_async to None, run_after=None
[2025-01-27T08:43:39.504+0000] {processor.py:176} INFO - Processing /home/airflow/.local/lib/python3.7/site-packages/airflow/example_dags/example_time_delta_sensor_async.py took 0.560 seconds
[2025-01-27T08:44:10.485+0000] {processor.py:154} INFO - Started process (PID=1219) to work on /home/airflow/.local/lib/python3.7/site-packages/airflow/example_dags/example_time_delta_sensor_async.py
[2025-01-27T08:44:10.486+0000] {processor.py:756} INFO - Processing file /home/airflow/.local/lib/python3.7/site-packages/airflow/example_dags/example_time_delta_sensor_async.py for tasks to queue
[2025-01-27T08:44:10.490+0000] {logging_mixin.py:120} INFO - [2025-01-27T08:44:10.489+0000] {dagbag.py:537} INFO - Filling up the DagBag from /home/airflow/.local/lib/python3.7/site-packages/airflow/example_dags/example_time_delta_sensor_async.py
[2025-01-27T08:44:10.523+0000] {processor.py:766} INFO - DAG(s) dict_keys(['example_time_delta_sensor_async']) retrieved from /home/airflow/.local/lib/python3.7/site-packages/airflow/example_dags/example_time_delta_sensor_async.py
[2025-01-27T08:44:11.138+0000] {logging_mixin.py:120} INFO - [2025-01-27T08:44:11.137+0000] {dag.py:2585} INFO - Sync 1 DAGs
[2025-01-27T08:44:11.198+0000] {logging_mixin.py:120} INFO - [2025-01-27T08:44:11.198+0000] {dag.py:3340} INFO - Setting next_dagrun for example_time_delta_sensor_async to None, run_after=None
[2025-01-27T08:44:11.258+0000] {processor.py:176} INFO - Processing /home/airflow/.local/lib/python3.7/site-packages/airflow/example_dags/example_time_delta_sensor_async.py took 0.779 seconds
[2025-01-27T08:44:41.328+0000] {processor.py:154} INFO - Started process (PID=1281) to work on /home/airflow/.local/lib/python3.7/site-packages/airflow/example_dags/example_time_delta_sensor_async.py
[2025-01-27T08:44:41.330+0000] {processor.py:756} INFO - Processing file /home/airflow/.local/lib/python3.7/site-packages/airflow/example_dags/example_time_delta_sensor_async.py for tasks to queue
[2025-01-27T08:44:41.332+0000] {logging_mixin.py:120} INFO - [2025-01-27T08:44:41.332+0000] {dagbag.py:537} INFO - Filling up the DagBag from /home/airflow/.local/lib/python3.7/site-packages/airflow/example_dags/example_time_delta_sensor_async.py
[2025-01-27T08:44:41.361+0000] {processor.py:766} INFO - DAG(s) dict_keys(['example_time_delta_sensor_async']) retrieved from /home/airflow/.local/lib/python3.7/site-packages/airflow/example_dags/example_time_delta_sensor_async.py
[2025-01-27T08:44:41.791+0000] {logging_mixin.py:120} INFO - [2025-01-27T08:44:41.791+0000] {dag.py:2585} INFO - Sync 1 DAGs
[2025-01-27T08:44:41.839+0000] {logging_mixin.py:120} INFO - [2025-01-27T08:44:41.838+0000] {dag.py:3340} INFO - Setting next_dagrun for example_time_delta_sensor_async to None, run_after=None
[2025-01-27T08:44:41.884+0000] {processor.py:176} INFO - Processing /home/airflow/.local/lib/python3.7/site-packages/airflow/example_dags/example_time_delta_sensor_async.py took 0.561 seconds
[2025-01-27T08:45:12.318+0000] {processor.py:154} INFO - Started process (PID=1336) to work on /home/airflow/.local/lib/python3.7/site-packages/airflow/example_dags/example_time_delta_sensor_async.py
[2025-01-27T08:45:12.320+0000] {processor.py:756} INFO - Processing file /home/airflow/.local/lib/python3.7/site-packages/airflow/example_dags/example_time_delta_sensor_async.py for tasks to queue
[2025-01-27T08:45:12.321+0000] {logging_mixin.py:120} INFO - [2025-01-27T08:45:12.321+0000] {dagbag.py:537} INFO - Filling up the DagBag from /home/airflow/.local/lib/python3.7/site-packages/airflow/example_dags/example_time_delta_sensor_async.py
[2025-01-27T08:45:12.343+0000] {processor.py:766} INFO - DAG(s) dict_keys(['example_time_delta_sensor_async']) retrieved from /home/airflow/.local/lib/python3.7/site-packages/airflow/example_dags/example_time_delta_sensor_async.py
[2025-01-27T08:45:12.759+0000] {logging_mixin.py:120} INFO - [2025-01-27T08:45:12.758+0000] {dag.py:2585} INFO - Sync 1 DAGs
[2025-01-27T08:45:12.817+0000] {logging_mixin.py:120} INFO - [2025-01-27T08:45:12.817+0000] {dag.py:3340} INFO - Setting next_dagrun for example_time_delta_sensor_async to None, run_after=None
[2025-01-27T08:45:12.855+0000] {processor.py:176} INFO - Processing /home/airflow/.local/lib/python3.7/site-packages/airflow/example_dags/example_time_delta_sensor_async.py took 0.543 seconds
[2025-01-27T08:45:43.585+0000] {processor.py:154} INFO - Started process (PID=1399) to work on /home/airflow/.local/lib/python3.7/site-packages/airflow/example_dags/example_time_delta_sensor_async.py
[2025-01-27T08:45:43.591+0000] {processor.py:756} INFO - Processing file /home/airflow/.local/lib/python3.7/site-packages/airflow/example_dags/example_time_delta_sensor_async.py for tasks to queue
[2025-01-27T08:45:43.592+0000] {logging_mixin.py:120} INFO - [2025-01-27T08:45:43.592+0000] {dagbag.py:537} INFO - Filling up the DagBag from /home/airflow/.local/lib/python3.7/site-packages/airflow/example_dags/example_time_delta_sensor_async.py
[2025-01-27T08:45:43.620+0000] {processor.py:766} INFO - DAG(s) dict_keys(['example_time_delta_sensor_async']) retrieved from /home/airflow/.local/lib/python3.7/site-packages/airflow/example_dags/example_time_delta_sensor_async.py
[2025-01-27T08:45:44.005+0000] {logging_mixin.py:120} INFO - [2025-01-27T08:45:44.005+0000] {dag.py:2585} INFO - Sync 1 DAGs
[2025-01-27T08:45:44.049+0000] {logging_mixin.py:120} INFO - [2025-01-27T08:45:44.048+0000] {dag.py:3340} INFO - Setting next_dagrun for example_time_delta_sensor_async to None, run_after=None
[2025-01-27T08:45:44.091+0000] {processor.py:176} INFO - Processing /home/airflow/.local/lib/python3.7/site-packages/airflow/example_dags/example_time_delta_sensor_async.py took 0.512 seconds
[2025-01-27T08:46:14.918+0000] {processor.py:154} INFO - Started process (PID=1452) to work on /home/airflow/.local/lib/python3.7/site-packages/airflow/example_dags/example_time_delta_sensor_async.py
[2025-01-27T08:46:14.920+0000] {processor.py:756} INFO - Processing file /home/airflow/.local/lib/python3.7/site-packages/airflow/example_dags/example_time_delta_sensor_async.py for tasks to queue
[2025-01-27T08:46:14.922+0000] {logging_mixin.py:120} INFO - [2025-01-27T08:46:14.922+0000] {dagbag.py:537} INFO - Filling up the DagBag from /home/airflow/.local/lib/python3.7/site-packages/airflow/example_dags/example_time_delta_sensor_async.py
[2025-01-27T08:46:14.947+0000] {processor.py:766} INFO - DAG(s) dict_keys(['example_time_delta_sensor_async']) retrieved from /home/airflow/.local/lib/python3.7/site-packages/airflow/example_dags/example_time_delta_sensor_async.py
[2025-01-27T08:46:15.365+0000] {logging_mixin.py:120} INFO - [2025-01-27T08:46:15.365+0000] {dag.py:2585} INFO - Sync 1 DAGs
[2025-01-27T08:46:15.412+0000] {logging_mixin.py:120} INFO - [2025-01-27T08:46:15.412+0000] {dag.py:3340} INFO - Setting next_dagrun for example_time_delta_sensor_async to None, run_after=None
[2025-01-27T08:46:15.450+0000] {processor.py:176} INFO - Processing /home/airflow/.local/lib/python3.7/site-packages/airflow/example_dags/example_time_delta_sensor_async.py took 0.539 seconds
[2025-01-27T08:46:45.767+0000] {processor.py:154} INFO - Started process (PID=1515) to work on /home/airflow/.local/lib/python3.7/site-packages/airflow/example_dags/example_time_delta_sensor_async.py
[2025-01-27T08:46:45.769+0000] {processor.py:756} INFO - Processing file /home/airflow/.local/lib/python3.7/site-packages/airflow/example_dags/example_time_delta_sensor_async.py for tasks to queue
[2025-01-27T08:46:45.773+0000] {logging_mixin.py:120} INFO - [2025-01-27T08:46:45.771+0000] {dagbag.py:537} INFO - Filling up the DagBag from /home/airflow/.local/lib/python3.7/site-packages/airflow/example_dags/example_time_delta_sensor_async.py
[2025-01-27T08:46:45.792+0000] {processor.py:766} INFO - DAG(s) dict_keys(['example_time_delta_sensor_async']) retrieved from /home/airflow/.local/lib/python3.7/site-packages/airflow/example_dags/example_time_delta_sensor_async.py
[2025-01-27T08:46:46.177+0000] {logging_mixin.py:120} INFO - [2025-01-27T08:46:46.177+0000] {dag.py:2585} INFO - Sync 1 DAGs
[2025-01-27T08:46:46.221+0000] {logging_mixin.py:120} INFO - [2025-01-27T08:46:46.220+0000] {dag.py:3340} INFO - Setting next_dagrun for example_time_delta_sensor_async to None, run_after=None
[2025-01-27T08:46:46.251+0000] {processor.py:176} INFO - Processing /home/airflow/.local/lib/python3.7/site-packages/airflow/example_dags/example_time_delta_sensor_async.py took 0.490 seconds
[2025-01-27T08:47:16.488+0000] {processor.py:154} INFO - Started process (PID=1569) to work on /home/airflow/.local/lib/python3.7/site-packages/airflow/example_dags/example_time_delta_sensor_async.py
[2025-01-27T08:47:16.493+0000] {processor.py:756} INFO - Processing file /home/airflow/.local/lib/python3.7/site-packages/airflow/example_dags/example_time_delta_sensor_async.py for tasks to queue
[2025-01-27T08:47:16.494+0000] {logging_mixin.py:120} INFO - [2025-01-27T08:47:16.494+0000] {dagbag.py:537} INFO - Filling up the DagBag from /home/airflow/.local/lib/python3.7/site-packages/airflow/example_dags/example_time_delta_sensor_async.py
[2025-01-27T08:47:16.519+0000] {processor.py:766} INFO - DAG(s) dict_keys(['example_time_delta_sensor_async']) retrieved from /home/airflow/.local/lib/python3.7/site-packages/airflow/example_dags/example_time_delta_sensor_async.py
[2025-01-27T08:47:16.958+0000] {logging_mixin.py:120} INFO - [2025-01-27T08:47:16.958+0000] {dag.py:2585} INFO - Sync 1 DAGs
[2025-01-27T08:47:17.011+0000] {logging_mixin.py:120} INFO - [2025-01-27T08:47:17.011+0000] {dag.py:3340} INFO - Setting next_dagrun for example_time_delta_sensor_async to None, run_after=None
[2025-01-27T08:47:17.048+0000] {processor.py:176} INFO - Processing /home/airflow/.local/lib/python3.7/site-packages/airflow/example_dags/example_time_delta_sensor_async.py took 0.566 seconds
[2025-01-27T08:47:47.204+0000] {processor.py:154} INFO - Started process (PID=1632) to work on /home/airflow/.local/lib/python3.7/site-packages/airflow/example_dags/example_time_delta_sensor_async.py
[2025-01-27T08:47:47.208+0000] {processor.py:756} INFO - Processing file /home/airflow/.local/lib/python3.7/site-packages/airflow/example_dags/example_time_delta_sensor_async.py for tasks to queue
[2025-01-27T08:47:47.210+0000] {logging_mixin.py:120} INFO - [2025-01-27T08:47:47.210+0000] {dagbag.py:537} INFO - Filling up the DagBag from /home/airflow/.local/lib/python3.7/site-packages/airflow/example_dags/example_time_delta_sensor_async.py
[2025-01-27T08:47:47.230+0000] {processor.py:766} INFO - DAG(s) dict_keys(['example_time_delta_sensor_async']) retrieved from /home/airflow/.local/lib/python3.7/site-packages/airflow/example_dags/example_time_delta_sensor_async.py
[2025-01-27T08:47:47.590+0000] {logging_mixin.py:120} INFO - [2025-01-27T08:47:47.590+0000] {dag.py:2585} INFO - Sync 1 DAGs
[2025-01-27T08:47:47.634+0000] {logging_mixin.py:120} INFO - [2025-01-27T08:47:47.634+0000] {dag.py:3340} INFO - Setting next_dagrun for example_time_delta_sensor_async to None, run_after=None
[2025-01-27T08:47:47.667+0000] {processor.py:176} INFO - Processing /home/airflow/.local/lib/python3.7/site-packages/airflow/example_dags/example_time_delta_sensor_async.py took 0.469 seconds
[2025-01-27T08:48:17.743+0000] {processor.py:154} INFO - Started process (PID=1685) to work on /home/airflow/.local/lib/python3.7/site-packages/airflow/example_dags/example_time_delta_sensor_async.py
[2025-01-27T08:48:17.744+0000] {processor.py:756} INFO - Processing file /home/airflow/.local/lib/python3.7/site-packages/airflow/example_dags/example_time_delta_sensor_async.py for tasks to queue
[2025-01-27T08:48:17.745+0000] {logging_mixin.py:120} INFO - [2025-01-27T08:48:17.745+0000] {dagbag.py:537} INFO - Filling up the DagBag from /home/airflow/.local/lib/python3.7/site-packages/airflow/example_dags/example_time_delta_sensor_async.py
[2025-01-27T08:48:17.767+0000] {processor.py:766} INFO - DAG(s) dict_keys(['example_time_delta_sensor_async']) retrieved from /home/airflow/.local/lib/python3.7/site-packages/airflow/example_dags/example_time_delta_sensor_async.py
[2025-01-27T08:48:18.146+0000] {logging_mixin.py:120} INFO - [2025-01-27T08:48:18.145+0000] {dag.py:2585} INFO - Sync 1 DAGs
[2025-01-27T08:48:18.187+0000] {logging_mixin.py:120} INFO - [2025-01-27T08:48:18.187+0000] {dag.py:3340} INFO - Setting next_dagrun for example_time_delta_sensor_async to None, run_after=None
[2025-01-27T08:48:18.227+0000] {processor.py:176} INFO - Processing /home/airflow/.local/lib/python3.7/site-packages/airflow/example_dags/example_time_delta_sensor_async.py took 0.490 seconds
[2025-01-27T08:48:48.673+0000] {processor.py:154} INFO - Started process (PID=1748) to work on /home/airflow/.local/lib/python3.7/site-packages/airflow/example_dags/example_time_delta_sensor_async.py
[2025-01-27T08:48:48.675+0000] {processor.py:756} INFO - Processing file /home/airflow/.local/lib/python3.7/site-packages/airflow/example_dags/example_time_delta_sensor_async.py for tasks to queue
[2025-01-27T08:48:48.677+0000] {logging_mixin.py:120} INFO - [2025-01-27T08:48:48.676+0000] {dagbag.py:537} INFO - Filling up the DagBag from /home/airflow/.local/lib/python3.7/site-packages/airflow/example_dags/example_time_delta_sensor_async.py
[2025-01-27T08:48:48.700+0000] {processor.py:766} INFO - DAG(s) dict_keys(['example_time_delta_sensor_async']) retrieved from /home/airflow/.local/lib/python3.7/site-packages/airflow/example_dags/example_time_delta_sensor_async.py
[2025-01-27T08:48:49.163+0000] {logging_mixin.py:120} INFO - [2025-01-27T08:48:49.163+0000] {dag.py:2585} INFO - Sync 1 DAGs
[2025-01-27T08:48:49.208+0000] {logging_mixin.py:120} INFO - [2025-01-27T08:48:49.208+0000] {dag.py:3340} INFO - Setting next_dagrun for example_time_delta_sensor_async to None, run_after=None
[2025-01-27T08:48:49.242+0000] {processor.py:176} INFO - Processing /home/airflow/.local/lib/python3.7/site-packages/airflow/example_dags/example_time_delta_sensor_async.py took 0.574 seconds
[2025-01-27T08:49:19.461+0000] {processor.py:154} INFO - Started process (PID=1802) to work on /home/airflow/.local/lib/python3.7/site-packages/airflow/example_dags/example_time_delta_sensor_async.py
[2025-01-27T08:49:19.463+0000] {processor.py:756} INFO - Processing file /home/airflow/.local/lib/python3.7/site-packages/airflow/example_dags/example_time_delta_sensor_async.py for tasks to queue
[2025-01-27T08:49:19.464+0000] {logging_mixin.py:120} INFO - [2025-01-27T08:49:19.464+0000] {dagbag.py:537} INFO - Filling up the DagBag from /home/airflow/.local/lib/python3.7/site-packages/airflow/example_dags/example_time_delta_sensor_async.py
[2025-01-27T08:49:19.488+0000] {processor.py:766} INFO - DAG(s) dict_keys(['example_time_delta_sensor_async']) retrieved from /home/airflow/.local/lib/python3.7/site-packages/airflow/example_dags/example_time_delta_sensor_async.py
[2025-01-27T08:49:19.929+0000] {logging_mixin.py:120} INFO - [2025-01-27T08:49:19.929+0000] {dag.py:2585} INFO - Sync 1 DAGs
[2025-01-27T08:49:19.984+0000] {logging_mixin.py:120} INFO - [2025-01-27T08:49:19.983+0000] {dag.py:3340} INFO - Setting next_dagrun for example_time_delta_sensor_async to None, run_after=None
[2025-01-27T08:49:20.020+0000] {processor.py:176} INFO - Processing /home/airflow/.local/lib/python3.7/site-packages/airflow/example_dags/example_time_delta_sensor_async.py took 0.566 seconds
[2025-01-27T08:49:50.158+0000] {processor.py:154} INFO - Started process (PID=1865) to work on /home/airflow/.local/lib/python3.7/site-packages/airflow/example_dags/example_time_delta_sensor_async.py
[2025-01-27T08:49:50.160+0000] {processor.py:756} INFO - Processing file /home/airflow/.local/lib/python3.7/site-packages/airflow/example_dags/example_time_delta_sensor_async.py for tasks to queue
[2025-01-27T08:49:50.161+0000] {logging_mixin.py:120} INFO - [2025-01-27T08:49:50.161+0000] {dagbag.py:537} INFO - Filling up the DagBag from /home/airflow/.local/lib/python3.7/site-packages/airflow/example_dags/example_time_delta_sensor_async.py
[2025-01-27T08:49:50.187+0000] {processor.py:766} INFO - DAG(s) dict_keys(['example_time_delta_sensor_async']) retrieved from /home/airflow/.local/lib/python3.7/site-packages/airflow/example_dags/example_time_delta_sensor_async.py
[2025-01-27T08:49:50.576+0000] {logging_mixin.py:120} INFO - [2025-01-27T08:49:50.576+0000] {dag.py:2585} INFO - Sync 1 DAGs
[2025-01-27T08:49:50.620+0000] {logging_mixin.py:120} INFO - [2025-01-27T08:49:50.620+0000] {dag.py:3340} INFO - Setting next_dagrun for example_time_delta_sensor_async to None, run_after=None
[2025-01-27T08:49:50.657+0000] {processor.py:176} INFO - Processing /home/airflow/.local/lib/python3.7/site-packages/airflow/example_dags/example_time_delta_sensor_async.py took 0.504 seconds
[2025-01-27T08:50:20.884+0000] {processor.py:154} INFO - Started process (PID=1920) to work on /home/airflow/.local/lib/python3.7/site-packages/airflow/example_dags/example_time_delta_sensor_async.py
[2025-01-27T08:50:20.886+0000] {processor.py:756} INFO - Processing file /home/airflow/.local/lib/python3.7/site-packages/airflow/example_dags/example_time_delta_sensor_async.py for tasks to queue
[2025-01-27T08:50:20.887+0000] {logging_mixin.py:120} INFO - [2025-01-27T08:50:20.887+0000] {dagbag.py:537} INFO - Filling up the DagBag from /home/airflow/.local/lib/python3.7/site-packages/airflow/example_dags/example_time_delta_sensor_async.py
[2025-01-27T08:50:20.914+0000] {processor.py:766} INFO - DAG(s) dict_keys(['example_time_delta_sensor_async']) retrieved from /home/airflow/.local/lib/python3.7/site-packages/airflow/example_dags/example_time_delta_sensor_async.py
[2025-01-27T08:50:21.330+0000] {logging_mixin.py:120} INFO - [2025-01-27T08:50:21.330+0000] {dag.py:2585} INFO - Sync 1 DAGs
[2025-01-27T08:50:21.382+0000] {logging_mixin.py:120} INFO - [2025-01-27T08:50:21.382+0000] {dag.py:3340} INFO - Setting next_dagrun for example_time_delta_sensor_async to None, run_after=None
[2025-01-27T08:50:21.432+0000] {processor.py:176} INFO - Processing /home/airflow/.local/lib/python3.7/site-packages/airflow/example_dags/example_time_delta_sensor_async.py took 0.556 seconds
[2025-01-27T08:50:51.685+0000] {processor.py:154} INFO - Started process (PID=1983) to work on /home/airflow/.local/lib/python3.7/site-packages/airflow/example_dags/example_time_delta_sensor_async.py
[2025-01-27T08:50:51.687+0000] {processor.py:756} INFO - Processing file /home/airflow/.local/lib/python3.7/site-packages/airflow/example_dags/example_time_delta_sensor_async.py for tasks to queue
[2025-01-27T08:50:51.690+0000] {logging_mixin.py:120} INFO - [2025-01-27T08:50:51.689+0000] {dagbag.py:537} INFO - Filling up the DagBag from /home/airflow/.local/lib/python3.7/site-packages/airflow/example_dags/example_time_delta_sensor_async.py
[2025-01-27T08:50:51.712+0000] {processor.py:766} INFO - DAG(s) dict_keys(['example_time_delta_sensor_async']) retrieved from /home/airflow/.local/lib/python3.7/site-packages/airflow/example_dags/example_time_delta_sensor_async.py
[2025-01-27T08:50:52.090+0000] {logging_mixin.py:120} INFO - [2025-01-27T08:50:52.090+0000] {dag.py:2585} INFO - Sync 1 DAGs
[2025-01-27T08:50:52.143+0000] {logging_mixin.py:120} INFO - [2025-01-27T08:50:52.143+0000] {dag.py:3340} INFO - Setting next_dagrun for example_time_delta_sensor_async to None, run_after=None
[2025-01-27T08:50:52.179+0000] {processor.py:176} INFO - Processing /home/airflow/.local/lib/python3.7/site-packages/airflow/example_dags/example_time_delta_sensor_async.py took 0.500 seconds
[2025-01-27T08:51:22.551+0000] {processor.py:154} INFO - Started process (PID=2038) to work on /home/airflow/.local/lib/python3.7/site-packages/airflow/example_dags/example_time_delta_sensor_async.py
[2025-01-27T08:51:22.552+0000] {processor.py:756} INFO - Processing file /home/airflow/.local/lib/python3.7/site-packages/airflow/example_dags/example_time_delta_sensor_async.py for tasks to queue
[2025-01-27T08:51:22.554+0000] {logging_mixin.py:120} INFO - [2025-01-27T08:51:22.554+0000] {dagbag.py:537} INFO - Filling up the DagBag from /home/airflow/.local/lib/python3.7/site-packages/airflow/example_dags/example_time_delta_sensor_async.py
[2025-01-27T08:51:22.582+0000] {processor.py:766} INFO - DAG(s) dict_keys(['example_time_delta_sensor_async']) retrieved from /home/airflow/.local/lib/python3.7/site-packages/airflow/example_dags/example_time_delta_sensor_async.py
[2025-01-27T08:51:23.036+0000] {logging_mixin.py:120} INFO - [2025-01-27T08:51:23.036+0000] {dag.py:2585} INFO - Sync 1 DAGs
[2025-01-27T08:51:23.091+0000] {logging_mixin.py:120} INFO - [2025-01-27T08:51:23.091+0000] {dag.py:3340} INFO - Setting next_dagrun for example_time_delta_sensor_async to None, run_after=None
[2025-01-27T08:51:23.149+0000] {processor.py:176} INFO - Processing /home/airflow/.local/lib/python3.7/site-packages/airflow/example_dags/example_time_delta_sensor_async.py took 0.603 seconds
[2025-01-27T08:51:53.277+0000] {processor.py:154} INFO - Started process (PID=2101) to work on /home/airflow/.local/lib/python3.7/site-packages/airflow/example_dags/example_time_delta_sensor_async.py
[2025-01-27T08:51:53.279+0000] {processor.py:756} INFO - Processing file /home/airflow/.local/lib/python3.7/site-packages/airflow/example_dags/example_time_delta_sensor_async.py for tasks to queue
[2025-01-27T08:51:53.280+0000] {logging_mixin.py:120} INFO - [2025-01-27T08:51:53.280+0000] {dagbag.py:537} INFO - Filling up the DagBag from /home/airflow/.local/lib/python3.7/site-packages/airflow/example_dags/example_time_delta_sensor_async.py
[2025-01-27T08:51:53.307+0000] {processor.py:766} INFO - DAG(s) dict_keys(['example_time_delta_sensor_async']) retrieved from /home/airflow/.local/lib/python3.7/site-packages/airflow/example_dags/example_time_delta_sensor_async.py
[2025-01-27T08:51:53.794+0000] {logging_mixin.py:120} INFO - [2025-01-27T08:51:53.794+0000] {dag.py:2585} INFO - Sync 1 DAGs
[2025-01-27T08:51:53.848+0000] {logging_mixin.py:120} INFO - [2025-01-27T08:51:53.848+0000] {dag.py:3340} INFO - Setting next_dagrun for example_time_delta_sensor_async to None, run_after=None
[2025-01-27T08:51:53.887+0000] {processor.py:176} INFO - Processing /home/airflow/.local/lib/python3.7/site-packages/airflow/example_dags/example_time_delta_sensor_async.py took 0.619 seconds
[2025-01-27T08:52:24.741+0000] {processor.py:154} INFO - Started process (PID=2156) to work on /home/airflow/.local/lib/python3.7/site-packages/airflow/example_dags/example_time_delta_sensor_async.py
[2025-01-27T08:52:24.742+0000] {processor.py:756} INFO - Processing file /home/airflow/.local/lib/python3.7/site-packages/airflow/example_dags/example_time_delta_sensor_async.py for tasks to queue
[2025-01-27T08:52:24.744+0000] {logging_mixin.py:120} INFO - [2025-01-27T08:52:24.743+0000] {dagbag.py:537} INFO - Filling up the DagBag from /home/airflow/.local/lib/python3.7/site-packages/airflow/example_dags/example_time_delta_sensor_async.py
[2025-01-27T08:52:24.768+0000] {processor.py:766} INFO - DAG(s) dict_keys(['example_time_delta_sensor_async']) retrieved from /home/airflow/.local/lib/python3.7/site-packages/airflow/example_dags/example_time_delta_sensor_async.py
[2025-01-27T08:52:25.143+0000] {logging_mixin.py:120} INFO - [2025-01-27T08:52:25.143+0000] {dag.py:2585} INFO - Sync 1 DAGs
[2025-01-27T08:52:25.188+0000] {logging_mixin.py:120} INFO - [2025-01-27T08:52:25.188+0000] {dag.py:3340} INFO - Setting next_dagrun for example_time_delta_sensor_async to None, run_after=None
[2025-01-27T08:52:25.223+0000] {processor.py:176} INFO - Processing /home/airflow/.local/lib/python3.7/site-packages/airflow/example_dags/example_time_delta_sensor_async.py took 0.491 seconds
[2025-01-27T08:52:55.315+0000] {processor.py:154} INFO - Started process (PID=2219) to work on /home/airflow/.local/lib/python3.7/site-packages/airflow/example_dags/example_time_delta_sensor_async.py
[2025-01-27T08:52:55.317+0000] {processor.py:756} INFO - Processing file /home/airflow/.local/lib/python3.7/site-packages/airflow/example_dags/example_time_delta_sensor_async.py for tasks to queue
[2025-01-27T08:52:55.318+0000] {logging_mixin.py:120} INFO - [2025-01-27T08:52:55.317+0000] {dagbag.py:537} INFO - Filling up the DagBag from /home/airflow/.local/lib/python3.7/site-packages/airflow/example_dags/example_time_delta_sensor_async.py
[2025-01-27T08:52:55.338+0000] {processor.py:766} INFO - DAG(s) dict_keys(['example_time_delta_sensor_async']) retrieved from /home/airflow/.local/lib/python3.7/site-packages/airflow/example_dags/example_time_delta_sensor_async.py
[2025-01-27T08:52:55.708+0000] {logging_mixin.py:120} INFO - [2025-01-27T08:52:55.708+0000] {dag.py:2585} INFO - Sync 1 DAGs
[2025-01-27T08:52:55.763+0000] {logging_mixin.py:120} INFO - [2025-01-27T08:52:55.762+0000] {dag.py:3340} INFO - Setting next_dagrun for example_time_delta_sensor_async to None, run_after=None
[2025-01-27T08:52:55.801+0000] {processor.py:176} INFO - Processing /home/airflow/.local/lib/python3.7/site-packages/airflow/example_dags/example_time_delta_sensor_async.py took 0.491 seconds
[2025-01-27T08:53:26.503+0000] {processor.py:154} INFO - Started process (PID=2273) to work on /home/airflow/.local/lib/python3.7/site-packages/airflow/example_dags/example_time_delta_sensor_async.py
[2025-01-27T08:53:26.505+0000] {processor.py:756} INFO - Processing file /home/airflow/.local/lib/python3.7/site-packages/airflow/example_dags/example_time_delta_sensor_async.py for tasks to queue
[2025-01-27T08:53:26.509+0000] {logging_mixin.py:120} INFO - [2025-01-27T08:53:26.508+0000] {dagbag.py:537} INFO - Filling up the DagBag from /home/airflow/.local/lib/python3.7/site-packages/airflow/example_dags/example_time_delta_sensor_async.py
[2025-01-27T08:53:26.529+0000] {processor.py:766} INFO - DAG(s) dict_keys(['example_time_delta_sensor_async']) retrieved from /home/airflow/.local/lib/python3.7/site-packages/airflow/example_dags/example_time_delta_sensor_async.py
[2025-01-27T08:53:26.941+0000] {logging_mixin.py:120} INFO - [2025-01-27T08:53:26.940+0000] {dag.py:2585} INFO - Sync 1 DAGs
[2025-01-27T08:53:26.988+0000] {logging_mixin.py:120} INFO - [2025-01-27T08:53:26.987+0000] {dag.py:3340} INFO - Setting next_dagrun for example_time_delta_sensor_async to None, run_after=None
[2025-01-27T08:53:27.036+0000] {processor.py:176} INFO - Processing /home/airflow/.local/lib/python3.7/site-packages/airflow/example_dags/example_time_delta_sensor_async.py took 0.539 seconds
[2025-01-27T08:53:57.135+0000] {processor.py:154} INFO - Started process (PID=2334) to work on /home/airflow/.local/lib/python3.7/site-packages/airflow/example_dags/example_time_delta_sensor_async.py
[2025-01-27T08:53:57.137+0000] {processor.py:756} INFO - Processing file /home/airflow/.local/lib/python3.7/site-packages/airflow/example_dags/example_time_delta_sensor_async.py for tasks to queue
[2025-01-27T08:53:57.139+0000] {logging_mixin.py:120} INFO - [2025-01-27T08:53:57.138+0000] {dagbag.py:537} INFO - Filling up the DagBag from /home/airflow/.local/lib/python3.7/site-packages/airflow/example_dags/example_time_delta_sensor_async.py
[2025-01-27T08:53:57.160+0000] {processor.py:766} INFO - DAG(s) dict_keys(['example_time_delta_sensor_async']) retrieved from /home/airflow/.local/lib/python3.7/site-packages/airflow/example_dags/example_time_delta_sensor_async.py
[2025-01-27T08:53:57.515+0000] {logging_mixin.py:120} INFO - [2025-01-27T08:53:57.514+0000] {dag.py:2585} INFO - Sync 1 DAGs
[2025-01-27T08:53:57.564+0000] {logging_mixin.py:120} INFO - [2025-01-27T08:53:57.564+0000] {dag.py:3340} INFO - Setting next_dagrun for example_time_delta_sensor_async to None, run_after=None
[2025-01-27T08:53:57.600+0000] {processor.py:176} INFO - Processing /home/airflow/.local/lib/python3.7/site-packages/airflow/example_dags/example_time_delta_sensor_async.py took 0.469 seconds
[2025-01-27T08:54:27.722+0000] {processor.py:154} INFO - Started process (PID=2388) to work on /home/airflow/.local/lib/python3.7/site-packages/airflow/example_dags/example_time_delta_sensor_async.py
[2025-01-27T08:54:27.723+0000] {processor.py:756} INFO - Processing file /home/airflow/.local/lib/python3.7/site-packages/airflow/example_dags/example_time_delta_sensor_async.py for tasks to queue
[2025-01-27T08:54:27.724+0000] {logging_mixin.py:120} INFO - [2025-01-27T08:54:27.724+0000] {dagbag.py:537} INFO - Filling up the DagBag from /home/airflow/.local/lib/python3.7/site-packages/airflow/example_dags/example_time_delta_sensor_async.py
[2025-01-27T08:54:27.747+0000] {processor.py:766} INFO - DAG(s) dict_keys(['example_time_delta_sensor_async']) retrieved from /home/airflow/.local/lib/python3.7/site-packages/airflow/example_dags/example_time_delta_sensor_async.py
[2025-01-27T08:54:28.100+0000] {logging_mixin.py:120} INFO - [2025-01-27T08:54:28.099+0000] {dag.py:2585} INFO - Sync 1 DAGs
[2025-01-27T08:54:28.144+0000] {logging_mixin.py:120} INFO - [2025-01-27T08:54:28.144+0000] {dag.py:3340} INFO - Setting next_dagrun for example_time_delta_sensor_async to None, run_after=None
[2025-01-27T08:54:28.180+0000] {processor.py:176} INFO - Processing /home/airflow/.local/lib/python3.7/site-packages/airflow/example_dags/example_time_delta_sensor_async.py took 0.465 seconds
[2025-01-27T08:54:58.498+0000] {processor.py:154} INFO - Started process (PID=2451) to work on /home/airflow/.local/lib/python3.7/site-packages/airflow/example_dags/example_time_delta_sensor_async.py
[2025-01-27T08:54:58.499+0000] {processor.py:756} INFO - Processing file /home/airflow/.local/lib/python3.7/site-packages/airflow/example_dags/example_time_delta_sensor_async.py for tasks to queue
[2025-01-27T08:54:58.500+0000] {logging_mixin.py:120} INFO - [2025-01-27T08:54:58.500+0000] {dagbag.py:537} INFO - Filling up the DagBag from /home/airflow/.local/lib/python3.7/site-packages/airflow/example_dags/example_time_delta_sensor_async.py
[2025-01-27T08:54:58.528+0000] {processor.py:766} INFO - DAG(s) dict_keys(['example_time_delta_sensor_async']) retrieved from /home/airflow/.local/lib/python3.7/site-packages/airflow/example_dags/example_time_delta_sensor_async.py
[2025-01-27T08:54:59.032+0000] {logging_mixin.py:120} INFO - [2025-01-27T08:54:59.032+0000] {dag.py:2585} INFO - Sync 1 DAGs
[2025-01-27T08:54:59.109+0000] {logging_mixin.py:120} INFO - [2025-01-27T08:54:59.109+0000] {dag.py:3340} INFO - Setting next_dagrun for example_time_delta_sensor_async to None, run_after=None
[2025-01-27T08:54:59.193+0000] {processor.py:176} INFO - Processing /home/airflow/.local/lib/python3.7/site-packages/airflow/example_dags/example_time_delta_sensor_async.py took 0.702 seconds
[2025-01-27T08:55:29.884+0000] {processor.py:154} INFO - Started process (PID=2506) to work on /home/airflow/.local/lib/python3.7/site-packages/airflow/example_dags/example_time_delta_sensor_async.py
[2025-01-27T08:55:29.886+0000] {processor.py:756} INFO - Processing file /home/airflow/.local/lib/python3.7/site-packages/airflow/example_dags/example_time_delta_sensor_async.py for tasks to queue
[2025-01-27T08:55:29.887+0000] {logging_mixin.py:120} INFO - [2025-01-27T08:55:29.887+0000] {dagbag.py:537} INFO - Filling up the DagBag from /home/airflow/.local/lib/python3.7/site-packages/airflow/example_dags/example_time_delta_sensor_async.py
[2025-01-27T08:55:29.915+0000] {processor.py:766} INFO - DAG(s) dict_keys(['example_time_delta_sensor_async']) retrieved from /home/airflow/.local/lib/python3.7/site-packages/airflow/example_dags/example_time_delta_sensor_async.py
[2025-01-27T08:55:30.323+0000] {logging_mixin.py:120} INFO - [2025-01-27T08:55:30.323+0000] {dag.py:2585} INFO - Sync 1 DAGs
[2025-01-27T08:55:30.377+0000] {logging_mixin.py:120} INFO - [2025-01-27T08:55:30.376+0000] {dag.py:3340} INFO - Setting next_dagrun for example_time_delta_sensor_async to None, run_after=None
[2025-01-27T08:55:30.414+0000] {processor.py:176} INFO - Processing /home/airflow/.local/lib/python3.7/site-packages/airflow/example_dags/example_time_delta_sensor_async.py took 0.535 seconds
[2025-01-27T08:56:00.622+0000] {processor.py:154} INFO - Started process (PID=2568) to work on /home/airflow/.local/lib/python3.7/site-packages/airflow/example_dags/example_time_delta_sensor_async.py
[2025-01-27T08:56:00.624+0000] {processor.py:756} INFO - Processing file /home/airflow/.local/lib/python3.7/site-packages/airflow/example_dags/example_time_delta_sensor_async.py for tasks to queue
[2025-01-27T08:56:00.626+0000] {logging_mixin.py:120} INFO - [2025-01-27T08:56:00.626+0000] {dagbag.py:537} INFO - Filling up the DagBag from /home/airflow/.local/lib/python3.7/site-packages/airflow/example_dags/example_time_delta_sensor_async.py
[2025-01-27T08:56:00.650+0000] {processor.py:766} INFO - DAG(s) dict_keys(['example_time_delta_sensor_async']) retrieved from /home/airflow/.local/lib/python3.7/site-packages/airflow/example_dags/example_time_delta_sensor_async.py
[2025-01-27T08:56:01.114+0000] {logging_mixin.py:120} INFO - [2025-01-27T08:56:01.113+0000] {dag.py:2585} INFO - Sync 1 DAGs
[2025-01-27T08:56:01.179+0000] {logging_mixin.py:120} INFO - [2025-01-27T08:56:01.179+0000] {dag.py:3340} INFO - Setting next_dagrun for example_time_delta_sensor_async to None, run_after=None
[2025-01-27T08:56:01.223+0000] {processor.py:176} INFO - Processing /home/airflow/.local/lib/python3.7/site-packages/airflow/example_dags/example_time_delta_sensor_async.py took 0.606 seconds
[2025-01-27T08:56:31.461+0000] {processor.py:154} INFO - Started process (PID=2622) to work on /home/airflow/.local/lib/python3.7/site-packages/airflow/example_dags/example_time_delta_sensor_async.py
[2025-01-27T08:56:31.463+0000] {processor.py:756} INFO - Processing file /home/airflow/.local/lib/python3.7/site-packages/airflow/example_dags/example_time_delta_sensor_async.py for tasks to queue
[2025-01-27T08:56:31.465+0000] {logging_mixin.py:120} INFO - [2025-01-27T08:56:31.465+0000] {dagbag.py:537} INFO - Filling up the DagBag from /home/airflow/.local/lib/python3.7/site-packages/airflow/example_dags/example_time_delta_sensor_async.py
[2025-01-27T08:56:31.493+0000] {processor.py:766} INFO - DAG(s) dict_keys(['example_time_delta_sensor_async']) retrieved from /home/airflow/.local/lib/python3.7/site-packages/airflow/example_dags/example_time_delta_sensor_async.py
[2025-01-27T08:56:31.971+0000] {logging_mixin.py:120} INFO - [2025-01-27T08:56:31.970+0000] {dag.py:2585} INFO - Sync 1 DAGs
[2025-01-27T08:56:32.026+0000] {logging_mixin.py:120} INFO - [2025-01-27T08:56:32.026+0000] {dag.py:3340} INFO - Setting next_dagrun for example_time_delta_sensor_async to None, run_after=None
[2025-01-27T08:56:32.067+0000] {processor.py:176} INFO - Processing /home/airflow/.local/lib/python3.7/site-packages/airflow/example_dags/example_time_delta_sensor_async.py took 0.612 seconds
[2025-01-27T08:57:02.142+0000] {processor.py:154} INFO - Started process (PID=2682) to work on /home/airflow/.local/lib/python3.7/site-packages/airflow/example_dags/example_time_delta_sensor_async.py
[2025-01-27T08:57:02.144+0000] {processor.py:756} INFO - Processing file /home/airflow/.local/lib/python3.7/site-packages/airflow/example_dags/example_time_delta_sensor_async.py for tasks to queue
[2025-01-27T08:57:02.146+0000] {logging_mixin.py:120} INFO - [2025-01-27T08:57:02.145+0000] {dagbag.py:537} INFO - Filling up the DagBag from /home/airflow/.local/lib/python3.7/site-packages/airflow/example_dags/example_time_delta_sensor_async.py
[2025-01-27T08:57:02.167+0000] {processor.py:766} INFO - DAG(s) dict_keys(['example_time_delta_sensor_async']) retrieved from /home/airflow/.local/lib/python3.7/site-packages/airflow/example_dags/example_time_delta_sensor_async.py
[2025-01-27T08:57:02.579+0000] {logging_mixin.py:120} INFO - [2025-01-27T08:57:02.579+0000] {dag.py:2585} INFO - Sync 1 DAGs
[2025-01-27T08:57:02.623+0000] {logging_mixin.py:120} INFO - [2025-01-27T08:57:02.623+0000] {dag.py:3340} INFO - Setting next_dagrun for example_time_delta_sensor_async to None, run_after=None
[2025-01-27T08:57:02.656+0000] {processor.py:176} INFO - Processing /home/airflow/.local/lib/python3.7/site-packages/airflow/example_dags/example_time_delta_sensor_async.py took 0.523 seconds
[2025-01-27T08:57:32.849+0000] {processor.py:154} INFO - Started process (PID=2735) to work on /home/airflow/.local/lib/python3.7/site-packages/airflow/example_dags/example_time_delta_sensor_async.py
[2025-01-27T08:57:32.851+0000] {processor.py:756} INFO - Processing file /home/airflow/.local/lib/python3.7/site-packages/airflow/example_dags/example_time_delta_sensor_async.py for tasks to queue
[2025-01-27T08:57:32.852+0000] {logging_mixin.py:120} INFO - [2025-01-27T08:57:32.852+0000] {dagbag.py:537} INFO - Filling up the DagBag from /home/airflow/.local/lib/python3.7/site-packages/airflow/example_dags/example_time_delta_sensor_async.py
[2025-01-27T08:57:32.874+0000] {processor.py:766} INFO - DAG(s) dict_keys(['example_time_delta_sensor_async']) retrieved from /home/airflow/.local/lib/python3.7/site-packages/airflow/example_dags/example_time_delta_sensor_async.py
[2025-01-27T08:57:33.236+0000] {logging_mixin.py:120} INFO - [2025-01-27T08:57:33.236+0000] {dag.py:2585} INFO - Sync 1 DAGs
[2025-01-27T08:57:33.286+0000] {logging_mixin.py:120} INFO - [2025-01-27T08:57:33.286+0000] {dag.py:3340} INFO - Setting next_dagrun for example_time_delta_sensor_async to None, run_after=None
[2025-01-27T08:57:33.326+0000] {processor.py:176} INFO - Processing /home/airflow/.local/lib/python3.7/site-packages/airflow/example_dags/example_time_delta_sensor_async.py took 0.482 seconds
[2025-01-27T08:58:03.788+0000] {processor.py:154} INFO - Started process (PID=2798) to work on /home/airflow/.local/lib/python3.7/site-packages/airflow/example_dags/example_time_delta_sensor_async.py
[2025-01-27T08:58:03.790+0000] {processor.py:756} INFO - Processing file /home/airflow/.local/lib/python3.7/site-packages/airflow/example_dags/example_time_delta_sensor_async.py for tasks to queue
[2025-01-27T08:58:03.792+0000] {logging_mixin.py:120} INFO - [2025-01-27T08:58:03.792+0000] {dagbag.py:537} INFO - Filling up the DagBag from /home/airflow/.local/lib/python3.7/site-packages/airflow/example_dags/example_time_delta_sensor_async.py
[2025-01-27T08:58:03.818+0000] {processor.py:766} INFO - DAG(s) dict_keys(['example_time_delta_sensor_async']) retrieved from /home/airflow/.local/lib/python3.7/site-packages/airflow/example_dags/example_time_delta_sensor_async.py
[2025-01-27T08:58:04.396+0000] {logging_mixin.py:120} INFO - [2025-01-27T08:58:04.396+0000] {dag.py:2585} INFO - Sync 1 DAGs
[2025-01-27T08:58:04.455+0000] {logging_mixin.py:120} INFO - [2025-01-27T08:58:04.455+0000] {dag.py:3340} INFO - Setting next_dagrun for example_time_delta_sensor_async to None, run_after=None
[2025-01-27T08:58:04.503+0000] {processor.py:176} INFO - Processing /home/airflow/.local/lib/python3.7/site-packages/airflow/example_dags/example_time_delta_sensor_async.py took 0.722 seconds
[2025-01-27T08:58:34.628+0000] {processor.py:154} INFO - Started process (PID=2853) to work on /home/airflow/.local/lib/python3.7/site-packages/airflow/example_dags/example_time_delta_sensor_async.py
[2025-01-27T08:58:34.630+0000] {processor.py:756} INFO - Processing file /home/airflow/.local/lib/python3.7/site-packages/airflow/example_dags/example_time_delta_sensor_async.py for tasks to queue
[2025-01-27T08:58:34.632+0000] {logging_mixin.py:120} INFO - [2025-01-27T08:58:34.632+0000] {dagbag.py:537} INFO - Filling up the DagBag from /home/airflow/.local/lib/python3.7/site-packages/airflow/example_dags/example_time_delta_sensor_async.py
[2025-01-27T08:58:34.657+0000] {processor.py:766} INFO - DAG(s) dict_keys(['example_time_delta_sensor_async']) retrieved from /home/airflow/.local/lib/python3.7/site-packages/airflow/example_dags/example_time_delta_sensor_async.py
[2025-01-27T08:58:35.128+0000] {logging_mixin.py:120} INFO - [2025-01-27T08:58:35.128+0000] {dag.py:2585} INFO - Sync 1 DAGs
[2025-01-27T08:58:35.191+0000] {logging_mixin.py:120} INFO - [2025-01-27T08:58:35.190+0000] {dag.py:3340} INFO - Setting next_dagrun for example_time_delta_sensor_async to None, run_after=None
[2025-01-27T08:58:35.237+0000] {processor.py:176} INFO - Processing /home/airflow/.local/lib/python3.7/site-packages/airflow/example_dags/example_time_delta_sensor_async.py took 0.616 seconds
[2025-01-27T08:59:05.588+0000] {processor.py:154} INFO - Started process (PID=2918) to work on /home/airflow/.local/lib/python3.7/site-packages/airflow/example_dags/example_time_delta_sensor_async.py
[2025-01-27T08:59:05.591+0000] {processor.py:756} INFO - Processing file /home/airflow/.local/lib/python3.7/site-packages/airflow/example_dags/example_time_delta_sensor_async.py for tasks to queue
[2025-01-27T08:59:05.593+0000] {logging_mixin.py:120} INFO - [2025-01-27T08:59:05.593+0000] {dagbag.py:537} INFO - Filling up the DagBag from /home/airflow/.local/lib/python3.7/site-packages/airflow/example_dags/example_time_delta_sensor_async.py
[2025-01-27T08:59:05.623+0000] {processor.py:766} INFO - DAG(s) dict_keys(['example_time_delta_sensor_async']) retrieved from /home/airflow/.local/lib/python3.7/site-packages/airflow/example_dags/example_time_delta_sensor_async.py
[2025-01-27T08:59:06.086+0000] {logging_mixin.py:120} INFO - [2025-01-27T08:59:06.085+0000] {dag.py:2585} INFO - Sync 1 DAGs
[2025-01-27T08:59:06.148+0000] {logging_mixin.py:120} INFO - [2025-01-27T08:59:06.148+0000] {dag.py:3340} INFO - Setting next_dagrun for example_time_delta_sensor_async to None, run_after=None
[2025-01-27T08:59:06.189+0000] {processor.py:176} INFO - Processing /home/airflow/.local/lib/python3.7/site-packages/airflow/example_dags/example_time_delta_sensor_async.py took 0.611 seconds
[2025-01-27T08:59:36.991+0000] {processor.py:154} INFO - Started process (PID=2973) to work on /home/airflow/.local/lib/python3.7/site-packages/airflow/example_dags/example_time_delta_sensor_async.py
[2025-01-27T08:59:36.993+0000] {processor.py:756} INFO - Processing file /home/airflow/.local/lib/python3.7/site-packages/airflow/example_dags/example_time_delta_sensor_async.py for tasks to queue
[2025-01-27T08:59:36.994+0000] {logging_mixin.py:120} INFO - [2025-01-27T08:59:36.994+0000] {dagbag.py:537} INFO - Filling up the DagBag from /home/airflow/.local/lib/python3.7/site-packages/airflow/example_dags/example_time_delta_sensor_async.py
[2025-01-27T08:59:37.017+0000] {processor.py:766} INFO - DAG(s) dict_keys(['example_time_delta_sensor_async']) retrieved from /home/airflow/.local/lib/python3.7/site-packages/airflow/example_dags/example_time_delta_sensor_async.py
[2025-01-27T08:59:37.416+0000] {logging_mixin.py:120} INFO - [2025-01-27T08:59:37.416+0000] {dag.py:2585} INFO - Sync 1 DAGs
[2025-01-27T08:59:37.460+0000] {logging_mixin.py:120} INFO - [2025-01-27T08:59:37.460+0000] {dag.py:3340} INFO - Setting next_dagrun for example_time_delta_sensor_async to None, run_after=None
[2025-01-27T08:59:37.495+0000] {processor.py:176} INFO - Processing /home/airflow/.local/lib/python3.7/site-packages/airflow/example_dags/example_time_delta_sensor_async.py took 0.510 seconds
[2025-01-27T09:00:07.702+0000] {processor.py:154} INFO - Started process (PID=3036) to work on /home/airflow/.local/lib/python3.7/site-packages/airflow/example_dags/example_time_delta_sensor_async.py
[2025-01-27T09:00:07.712+0000] {processor.py:756} INFO - Processing file /home/airflow/.local/lib/python3.7/site-packages/airflow/example_dags/example_time_delta_sensor_async.py for tasks to queue
[2025-01-27T09:00:07.716+0000] {logging_mixin.py:120} INFO - [2025-01-27T09:00:07.715+0000] {dagbag.py:537} INFO - Filling up the DagBag from /home/airflow/.local/lib/python3.7/site-packages/airflow/example_dags/example_time_delta_sensor_async.py
[2025-01-27T09:00:07.745+0000] {processor.py:766} INFO - DAG(s) dict_keys(['example_time_delta_sensor_async']) retrieved from /home/airflow/.local/lib/python3.7/site-packages/airflow/example_dags/example_time_delta_sensor_async.py
[2025-01-27T09:00:08.335+0000] {logging_mixin.py:120} INFO - [2025-01-27T09:00:08.335+0000] {dag.py:2585} INFO - Sync 1 DAGs
[2025-01-27T09:00:08.407+0000] {logging_mixin.py:120} INFO - [2025-01-27T09:00:08.406+0000] {dag.py:3340} INFO - Setting next_dagrun for example_time_delta_sensor_async to None, run_after=None
[2025-01-27T09:00:08.463+0000] {processor.py:176} INFO - Processing /home/airflow/.local/lib/python3.7/site-packages/airflow/example_dags/example_time_delta_sensor_async.py took 0.768 seconds
[2025-01-27T09:00:39.435+0000] {processor.py:154} INFO - Started process (PID=3089) to work on /home/airflow/.local/lib/python3.7/site-packages/airflow/example_dags/example_time_delta_sensor_async.py
[2025-01-27T09:00:39.439+0000] {processor.py:756} INFO - Processing file /home/airflow/.local/lib/python3.7/site-packages/airflow/example_dags/example_time_delta_sensor_async.py for tasks to queue
[2025-01-27T09:00:39.443+0000] {logging_mixin.py:120} INFO - [2025-01-27T09:00:39.442+0000] {dagbag.py:537} INFO - Filling up the DagBag from /home/airflow/.local/lib/python3.7/site-packages/airflow/example_dags/example_time_delta_sensor_async.py
[2025-01-27T09:00:39.467+0000] {processor.py:766} INFO - DAG(s) dict_keys(['example_time_delta_sensor_async']) retrieved from /home/airflow/.local/lib/python3.7/site-packages/airflow/example_dags/example_time_delta_sensor_async.py
[2025-01-27T09:00:39.901+0000] {logging_mixin.py:120} INFO - [2025-01-27T09:00:39.900+0000] {dag.py:2585} INFO - Sync 1 DAGs
[2025-01-27T09:00:39.955+0000] {logging_mixin.py:120} INFO - [2025-01-27T09:00:39.954+0000] {dag.py:3340} INFO - Setting next_dagrun for example_time_delta_sensor_async to None, run_after=None
[2025-01-27T09:00:39.993+0000] {processor.py:176} INFO - Processing /home/airflow/.local/lib/python3.7/site-packages/airflow/example_dags/example_time_delta_sensor_async.py took 0.564 seconds
[2025-01-27T09:01:10.339+0000] {processor.py:154} INFO - Started process (PID=3152) to work on /home/airflow/.local/lib/python3.7/site-packages/airflow/example_dags/example_time_delta_sensor_async.py
[2025-01-27T09:01:10.343+0000] {processor.py:756} INFO - Processing file /home/airflow/.local/lib/python3.7/site-packages/airflow/example_dags/example_time_delta_sensor_async.py for tasks to queue
[2025-01-27T09:01:10.345+0000] {logging_mixin.py:120} INFO - [2025-01-27T09:01:10.345+0000] {dagbag.py:537} INFO - Filling up the DagBag from /home/airflow/.local/lib/python3.7/site-packages/airflow/example_dags/example_time_delta_sensor_async.py
[2025-01-27T09:01:10.366+0000] {processor.py:766} INFO - DAG(s) dict_keys(['example_time_delta_sensor_async']) retrieved from /home/airflow/.local/lib/python3.7/site-packages/airflow/example_dags/example_time_delta_sensor_async.py
[2025-01-27T09:01:10.868+0000] {logging_mixin.py:120} INFO - [2025-01-27T09:01:10.867+0000] {dag.py:2585} INFO - Sync 1 DAGs
[2025-01-27T09:01:10.959+0000] {logging_mixin.py:120} INFO - [2025-01-27T09:01:10.958+0000] {dag.py:3340} INFO - Setting next_dagrun for example_time_delta_sensor_async to None, run_after=None
[2025-01-27T09:01:11.029+0000] {processor.py:176} INFO - Processing /home/airflow/.local/lib/python3.7/site-packages/airflow/example_dags/example_time_delta_sensor_async.py took 0.696 seconds
[2025-01-27T09:01:41.135+0000] {processor.py:154} INFO - Started process (PID=3205) to work on /home/airflow/.local/lib/python3.7/site-packages/airflow/example_dags/example_time_delta_sensor_async.py
[2025-01-27T09:01:41.136+0000] {processor.py:756} INFO - Processing file /home/airflow/.local/lib/python3.7/site-packages/airflow/example_dags/example_time_delta_sensor_async.py for tasks to queue
[2025-01-27T09:01:41.138+0000] {logging_mixin.py:120} INFO - [2025-01-27T09:01:41.138+0000] {dagbag.py:537} INFO - Filling up the DagBag from /home/airflow/.local/lib/python3.7/site-packages/airflow/example_dags/example_time_delta_sensor_async.py
[2025-01-27T09:01:41.163+0000] {processor.py:766} INFO - DAG(s) dict_keys(['example_time_delta_sensor_async']) retrieved from /home/airflow/.local/lib/python3.7/site-packages/airflow/example_dags/example_time_delta_sensor_async.py
[2025-01-27T09:01:41.559+0000] {logging_mixin.py:120} INFO - [2025-01-27T09:01:41.559+0000] {dag.py:2585} INFO - Sync 1 DAGs
[2025-01-27T09:01:41.606+0000] {logging_mixin.py:120} INFO - [2025-01-27T09:01:41.606+0000] {dag.py:3340} INFO - Setting next_dagrun for example_time_delta_sensor_async to None, run_after=None
[2025-01-27T09:01:41.648+0000] {processor.py:176} INFO - Processing /home/airflow/.local/lib/python3.7/site-packages/airflow/example_dags/example_time_delta_sensor_async.py took 0.519 seconds
[2025-01-27T09:02:12.053+0000] {processor.py:154} INFO - Started process (PID=3260) to work on /home/airflow/.local/lib/python3.7/site-packages/airflow/example_dags/example_time_delta_sensor_async.py
[2025-01-27T09:02:12.054+0000] {processor.py:756} INFO - Processing file /home/airflow/.local/lib/python3.7/site-packages/airflow/example_dags/example_time_delta_sensor_async.py for tasks to queue
[2025-01-27T09:02:12.057+0000] {logging_mixin.py:120} INFO - [2025-01-27T09:02:12.057+0000] {dagbag.py:537} INFO - Filling up the DagBag from /home/airflow/.local/lib/python3.7/site-packages/airflow/example_dags/example_time_delta_sensor_async.py
[2025-01-27T09:02:12.081+0000] {processor.py:766} INFO - DAG(s) dict_keys(['example_time_delta_sensor_async']) retrieved from /home/airflow/.local/lib/python3.7/site-packages/airflow/example_dags/example_time_delta_sensor_async.py
[2025-01-27T09:02:12.469+0000] {logging_mixin.py:120} INFO - [2025-01-27T09:02:12.469+0000] {dag.py:2585} INFO - Sync 1 DAGs
[2025-01-27T09:02:12.519+0000] {logging_mixin.py:120} INFO - [2025-01-27T09:02:12.519+0000] {dag.py:3340} INFO - Setting next_dagrun for example_time_delta_sensor_async to None, run_after=None
[2025-01-27T09:02:12.555+0000] {processor.py:176} INFO - Processing /home/airflow/.local/lib/python3.7/site-packages/airflow/example_dags/example_time_delta_sensor_async.py took 0.509 seconds
[2025-01-27T09:02:42.875+0000] {processor.py:154} INFO - Started process (PID=3323) to work on /home/airflow/.local/lib/python3.7/site-packages/airflow/example_dags/example_time_delta_sensor_async.py
[2025-01-27T09:02:42.877+0000] {processor.py:756} INFO - Processing file /home/airflow/.local/lib/python3.7/site-packages/airflow/example_dags/example_time_delta_sensor_async.py for tasks to queue
[2025-01-27T09:02:42.878+0000] {logging_mixin.py:120} INFO - [2025-01-27T09:02:42.878+0000] {dagbag.py:537} INFO - Filling up the DagBag from /home/airflow/.local/lib/python3.7/site-packages/airflow/example_dags/example_time_delta_sensor_async.py
[2025-01-27T09:02:42.898+0000] {processor.py:766} INFO - DAG(s) dict_keys(['example_time_delta_sensor_async']) retrieved from /home/airflow/.local/lib/python3.7/site-packages/airflow/example_dags/example_time_delta_sensor_async.py
[2025-01-27T09:02:43.277+0000] {logging_mixin.py:120} INFO - [2025-01-27T09:02:43.276+0000] {dag.py:2585} INFO - Sync 1 DAGs
[2025-01-27T09:02:43.325+0000] {logging_mixin.py:120} INFO - [2025-01-27T09:02:43.325+0000] {dag.py:3340} INFO - Setting next_dagrun for example_time_delta_sensor_async to None, run_after=None
[2025-01-27T09:02:43.358+0000] {processor.py:176} INFO - Processing /home/airflow/.local/lib/python3.7/site-packages/airflow/example_dags/example_time_delta_sensor_async.py took 0.490 seconds
[2025-01-27T09:03:13.700+0000] {processor.py:154} INFO - Started process (PID=3376) to work on /home/airflow/.local/lib/python3.7/site-packages/airflow/example_dags/example_time_delta_sensor_async.py
[2025-01-27T09:03:13.712+0000] {processor.py:756} INFO - Processing file /home/airflow/.local/lib/python3.7/site-packages/airflow/example_dags/example_time_delta_sensor_async.py for tasks to queue
[2025-01-27T09:03:13.719+0000] {logging_mixin.py:120} INFO - [2025-01-27T09:03:13.719+0000] {dagbag.py:537} INFO - Filling up the DagBag from /home/airflow/.local/lib/python3.7/site-packages/airflow/example_dags/example_time_delta_sensor_async.py
[2025-01-27T09:03:13.765+0000] {processor.py:766} INFO - DAG(s) dict_keys(['example_time_delta_sensor_async']) retrieved from /home/airflow/.local/lib/python3.7/site-packages/airflow/example_dags/example_time_delta_sensor_async.py
[2025-01-27T09:03:14.193+0000] {logging_mixin.py:120} INFO - [2025-01-27T09:03:14.193+0000] {dag.py:2585} INFO - Sync 1 DAGs
[2025-01-27T09:03:14.235+0000] {logging_mixin.py:120} INFO - [2025-01-27T09:03:14.234+0000] {dag.py:3340} INFO - Setting next_dagrun for example_time_delta_sensor_async to None, run_after=None
[2025-01-27T09:03:14.293+0000] {processor.py:176} INFO - Processing /home/airflow/.local/lib/python3.7/site-packages/airflow/example_dags/example_time_delta_sensor_async.py took 0.607 seconds
[2025-01-27T09:03:44.399+0000] {processor.py:154} INFO - Started process (PID=3437) to work on /home/airflow/.local/lib/python3.7/site-packages/airflow/example_dags/example_time_delta_sensor_async.py
[2025-01-27T09:03:44.400+0000] {processor.py:756} INFO - Processing file /home/airflow/.local/lib/python3.7/site-packages/airflow/example_dags/example_time_delta_sensor_async.py for tasks to queue
[2025-01-27T09:03:44.401+0000] {logging_mixin.py:120} INFO - [2025-01-27T09:03:44.401+0000] {dagbag.py:537} INFO - Filling up the DagBag from /home/airflow/.local/lib/python3.7/site-packages/airflow/example_dags/example_time_delta_sensor_async.py
[2025-01-27T09:03:44.423+0000] {processor.py:766} INFO - DAG(s) dict_keys(['example_time_delta_sensor_async']) retrieved from /home/airflow/.local/lib/python3.7/site-packages/airflow/example_dags/example_time_delta_sensor_async.py
[2025-01-27T09:03:44.852+0000] {logging_mixin.py:120} INFO - [2025-01-27T09:03:44.851+0000] {dag.py:2585} INFO - Sync 1 DAGs
[2025-01-27T09:03:44.900+0000] {logging_mixin.py:120} INFO - [2025-01-27T09:03:44.900+0000] {dag.py:3340} INFO - Setting next_dagrun for example_time_delta_sensor_async to None, run_after=None
[2025-01-27T09:03:44.934+0000] {processor.py:176} INFO - Processing /home/airflow/.local/lib/python3.7/site-packages/airflow/example_dags/example_time_delta_sensor_async.py took 0.541 seconds
[2025-01-27T09:04:15.443+0000] {processor.py:154} INFO - Started process (PID=3492) to work on /home/airflow/.local/lib/python3.7/site-packages/airflow/example_dags/example_time_delta_sensor_async.py
[2025-01-27T09:04:15.446+0000] {processor.py:756} INFO - Processing file /home/airflow/.local/lib/python3.7/site-packages/airflow/example_dags/example_time_delta_sensor_async.py for tasks to queue
[2025-01-27T09:04:15.449+0000] {logging_mixin.py:120} INFO - [2025-01-27T09:04:15.448+0000] {dagbag.py:537} INFO - Filling up the DagBag from /home/airflow/.local/lib/python3.7/site-packages/airflow/example_dags/example_time_delta_sensor_async.py
[2025-01-27T09:04:15.473+0000] {processor.py:766} INFO - DAG(s) dict_keys(['example_time_delta_sensor_async']) retrieved from /home/airflow/.local/lib/python3.7/site-packages/airflow/example_dags/example_time_delta_sensor_async.py
[2025-01-27T09:04:15.894+0000] {logging_mixin.py:120} INFO - [2025-01-27T09:04:15.893+0000] {dag.py:2585} INFO - Sync 1 DAGs
[2025-01-27T09:04:15.947+0000] {logging_mixin.py:120} INFO - [2025-01-27T09:04:15.947+0000] {dag.py:3340} INFO - Setting next_dagrun for example_time_delta_sensor_async to None, run_after=None
[2025-01-27T09:04:15.989+0000] {processor.py:176} INFO - Processing /home/airflow/.local/lib/python3.7/site-packages/airflow/example_dags/example_time_delta_sensor_async.py took 0.552 seconds
[2025-01-27T09:04:47.110+0000] {processor.py:154} INFO - Started process (PID=3555) to work on /home/airflow/.local/lib/python3.7/site-packages/airflow/example_dags/example_time_delta_sensor_async.py
[2025-01-27T09:04:47.120+0000] {processor.py:756} INFO - Processing file /home/airflow/.local/lib/python3.7/site-packages/airflow/example_dags/example_time_delta_sensor_async.py for tasks to queue
[2025-01-27T09:04:47.123+0000] {logging_mixin.py:120} INFO - [2025-01-27T09:04:47.122+0000] {dagbag.py:537} INFO - Filling up the DagBag from /home/airflow/.local/lib/python3.7/site-packages/airflow/example_dags/example_time_delta_sensor_async.py
[2025-01-27T09:04:47.157+0000] {processor.py:766} INFO - DAG(s) dict_keys(['example_time_delta_sensor_async']) retrieved from /home/airflow/.local/lib/python3.7/site-packages/airflow/example_dags/example_time_delta_sensor_async.py
[2025-01-27T09:04:47.721+0000] {logging_mixin.py:120} INFO - [2025-01-27T09:04:47.721+0000] {dag.py:2585} INFO - Sync 1 DAGs
[2025-01-27T09:04:47.792+0000] {logging_mixin.py:120} INFO - [2025-01-27T09:04:47.792+0000] {dag.py:3340} INFO - Setting next_dagrun for example_time_delta_sensor_async to None, run_after=None
[2025-01-27T09:04:47.832+0000] {processor.py:176} INFO - Processing /home/airflow/.local/lib/python3.7/site-packages/airflow/example_dags/example_time_delta_sensor_async.py took 0.730 seconds
[2025-01-27T09:05:18.743+0000] {processor.py:154} INFO - Started process (PID=3608) to work on /home/airflow/.local/lib/python3.7/site-packages/airflow/example_dags/example_time_delta_sensor_async.py
[2025-01-27T09:05:18.745+0000] {processor.py:756} INFO - Processing file /home/airflow/.local/lib/python3.7/site-packages/airflow/example_dags/example_time_delta_sensor_async.py for tasks to queue
[2025-01-27T09:05:18.748+0000] {logging_mixin.py:120} INFO - [2025-01-27T09:05:18.748+0000] {dagbag.py:537} INFO - Filling up the DagBag from /home/airflow/.local/lib/python3.7/site-packages/airflow/example_dags/example_time_delta_sensor_async.py
[2025-01-27T09:05:18.775+0000] {processor.py:766} INFO - DAG(s) dict_keys(['example_time_delta_sensor_async']) retrieved from /home/airflow/.local/lib/python3.7/site-packages/airflow/example_dags/example_time_delta_sensor_async.py
[2025-01-27T09:05:19.235+0000] {logging_mixin.py:120} INFO - [2025-01-27T09:05:19.235+0000] {dag.py:2585} INFO - Sync 1 DAGs
[2025-01-27T09:05:19.300+0000] {logging_mixin.py:120} INFO - [2025-01-27T09:05:19.300+0000] {dag.py:3340} INFO - Setting next_dagrun for example_time_delta_sensor_async to None, run_after=None
[2025-01-27T09:05:19.344+0000] {processor.py:176} INFO - Processing /home/airflow/.local/lib/python3.7/site-packages/airflow/example_dags/example_time_delta_sensor_async.py took 0.610 seconds
[2025-01-27T09:05:50.125+0000] {processor.py:154} INFO - Started process (PID=3669) to work on /home/airflow/.local/lib/python3.7/site-packages/airflow/example_dags/example_time_delta_sensor_async.py
[2025-01-27T09:05:50.127+0000] {processor.py:756} INFO - Processing file /home/airflow/.local/lib/python3.7/site-packages/airflow/example_dags/example_time_delta_sensor_async.py for tasks to queue
[2025-01-27T09:05:50.130+0000] {logging_mixin.py:120} INFO - [2025-01-27T09:05:50.130+0000] {dagbag.py:537} INFO - Filling up the DagBag from /home/airflow/.local/lib/python3.7/site-packages/airflow/example_dags/example_time_delta_sensor_async.py
[2025-01-27T09:05:50.157+0000] {processor.py:766} INFO - DAG(s) dict_keys(['example_time_delta_sensor_async']) retrieved from /home/airflow/.local/lib/python3.7/site-packages/airflow/example_dags/example_time_delta_sensor_async.py
[2025-01-27T09:05:50.644+0000] {logging_mixin.py:120} INFO - [2025-01-27T09:05:50.643+0000] {dag.py:2585} INFO - Sync 1 DAGs
[2025-01-27T09:05:50.698+0000] {logging_mixin.py:120} INFO - [2025-01-27T09:05:50.697+0000] {dag.py:3340} INFO - Setting next_dagrun for example_time_delta_sensor_async to None, run_after=None
[2025-01-27T09:05:50.733+0000] {processor.py:176} INFO - Processing /home/airflow/.local/lib/python3.7/site-packages/airflow/example_dags/example_time_delta_sensor_async.py took 0.615 seconds
[2025-01-27T09:06:20.962+0000] {processor.py:154} INFO - Started process (PID=3723) to work on /home/airflow/.local/lib/python3.7/site-packages/airflow/example_dags/example_time_delta_sensor_async.py
[2025-01-27T09:06:20.963+0000] {processor.py:756} INFO - Processing file /home/airflow/.local/lib/python3.7/site-packages/airflow/example_dags/example_time_delta_sensor_async.py for tasks to queue
[2025-01-27T09:06:20.965+0000] {logging_mixin.py:120} INFO - [2025-01-27T09:06:20.964+0000] {dagbag.py:537} INFO - Filling up the DagBag from /home/airflow/.local/lib/python3.7/site-packages/airflow/example_dags/example_time_delta_sensor_async.py
[2025-01-27T09:06:20.988+0000] {processor.py:766} INFO - DAG(s) dict_keys(['example_time_delta_sensor_async']) retrieved from /home/airflow/.local/lib/python3.7/site-packages/airflow/example_dags/example_time_delta_sensor_async.py
[2025-01-27T09:06:21.728+0000] {logging_mixin.py:120} INFO - [2025-01-27T09:06:21.728+0000] {dag.py:2585} INFO - Sync 1 DAGs
[2025-01-27T09:06:21.776+0000] {logging_mixin.py:120} INFO - [2025-01-27T09:06:21.775+0000] {dag.py:3340} INFO - Setting next_dagrun for example_time_delta_sensor_async to None, run_after=None
[2025-01-27T09:06:21.807+0000] {processor.py:176} INFO - Processing /home/airflow/.local/lib/python3.7/site-packages/airflow/example_dags/example_time_delta_sensor_async.py took 0.851 seconds
[2025-01-27T09:06:52.438+0000] {processor.py:154} INFO - Started process (PID=3777) to work on /home/airflow/.local/lib/python3.7/site-packages/airflow/example_dags/example_time_delta_sensor_async.py
[2025-01-27T09:06:52.439+0000] {processor.py:756} INFO - Processing file /home/airflow/.local/lib/python3.7/site-packages/airflow/example_dags/example_time_delta_sensor_async.py for tasks to queue
[2025-01-27T09:06:52.441+0000] {logging_mixin.py:120} INFO - [2025-01-27T09:06:52.440+0000] {dagbag.py:537} INFO - Filling up the DagBag from /home/airflow/.local/lib/python3.7/site-packages/airflow/example_dags/example_time_delta_sensor_async.py
[2025-01-27T09:06:52.462+0000] {processor.py:766} INFO - DAG(s) dict_keys(['example_time_delta_sensor_async']) retrieved from /home/airflow/.local/lib/python3.7/site-packages/airflow/example_dags/example_time_delta_sensor_async.py
[2025-01-27T09:06:52.963+0000] {logging_mixin.py:120} INFO - [2025-01-27T09:06:52.963+0000] {dag.py:2585} INFO - Sync 1 DAGs
[2025-01-27T09:06:53.031+0000] {logging_mixin.py:120} INFO - [2025-01-27T09:06:53.031+0000] {dag.py:3340} INFO - Setting next_dagrun for example_time_delta_sensor_async to None, run_after=None
[2025-01-27T09:06:53.084+0000] {processor.py:176} INFO - Processing /home/airflow/.local/lib/python3.7/site-packages/airflow/example_dags/example_time_delta_sensor_async.py took 0.652 seconds
[2025-01-27T09:07:23.312+0000] {processor.py:154} INFO - Started process (PID=3841) to work on /home/airflow/.local/lib/python3.7/site-packages/airflow/example_dags/example_time_delta_sensor_async.py
[2025-01-27T09:07:23.314+0000] {processor.py:756} INFO - Processing file /home/airflow/.local/lib/python3.7/site-packages/airflow/example_dags/example_time_delta_sensor_async.py for tasks to queue
[2025-01-27T09:07:23.316+0000] {logging_mixin.py:120} INFO - [2025-01-27T09:07:23.316+0000] {dagbag.py:537} INFO - Filling up the DagBag from /home/airflow/.local/lib/python3.7/site-packages/airflow/example_dags/example_time_delta_sensor_async.py
[2025-01-27T09:07:23.339+0000] {processor.py:766} INFO - DAG(s) dict_keys(['example_time_delta_sensor_async']) retrieved from /home/airflow/.local/lib/python3.7/site-packages/airflow/example_dags/example_time_delta_sensor_async.py
[2025-01-27T09:07:23.733+0000] {logging_mixin.py:120} INFO - [2025-01-27T09:07:23.733+0000] {dag.py:2585} INFO - Sync 1 DAGs
[2025-01-27T09:07:23.790+0000] {logging_mixin.py:120} INFO - [2025-01-27T09:07:23.790+0000] {dag.py:3340} INFO - Setting next_dagrun for example_time_delta_sensor_async to None, run_after=None
[2025-01-27T09:07:23.827+0000] {processor.py:176} INFO - Processing /home/airflow/.local/lib/python3.7/site-packages/airflow/example_dags/example_time_delta_sensor_async.py took 0.527 seconds
[2025-01-27T09:07:53.911+0000] {processor.py:154} INFO - Started process (PID=3894) to work on /home/airflow/.local/lib/python3.7/site-packages/airflow/example_dags/example_time_delta_sensor_async.py
[2025-01-27T09:07:53.913+0000] {processor.py:756} INFO - Processing file /home/airflow/.local/lib/python3.7/site-packages/airflow/example_dags/example_time_delta_sensor_async.py for tasks to queue
[2025-01-27T09:07:53.915+0000] {logging_mixin.py:120} INFO - [2025-01-27T09:07:53.914+0000] {dagbag.py:537} INFO - Filling up the DagBag from /home/airflow/.local/lib/python3.7/site-packages/airflow/example_dags/example_time_delta_sensor_async.py
[2025-01-27T09:07:53.935+0000] {processor.py:766} INFO - DAG(s) dict_keys(['example_time_delta_sensor_async']) retrieved from /home/airflow/.local/lib/python3.7/site-packages/airflow/example_dags/example_time_delta_sensor_async.py
[2025-01-27T09:07:54.360+0000] {logging_mixin.py:120} INFO - [2025-01-27T09:07:54.360+0000] {dag.py:2585} INFO - Sync 1 DAGs
[2025-01-27T09:07:54.404+0000] {logging_mixin.py:120} INFO - [2025-01-27T09:07:54.404+0000] {dag.py:3340} INFO - Setting next_dagrun for example_time_delta_sensor_async to None, run_after=None
[2025-01-27T09:07:54.440+0000] {processor.py:176} INFO - Processing /home/airflow/.local/lib/python3.7/site-packages/airflow/example_dags/example_time_delta_sensor_async.py took 0.534 seconds
[2025-01-27T09:08:25.334+0000] {processor.py:154} INFO - Started process (PID=3956) to work on /home/airflow/.local/lib/python3.7/site-packages/airflow/example_dags/example_time_delta_sensor_async.py
[2025-01-27T09:08:25.336+0000] {processor.py:756} INFO - Processing file /home/airflow/.local/lib/python3.7/site-packages/airflow/example_dags/example_time_delta_sensor_async.py for tasks to queue
[2025-01-27T09:08:25.337+0000] {logging_mixin.py:120} INFO - [2025-01-27T09:08:25.337+0000] {dagbag.py:537} INFO - Filling up the DagBag from /home/airflow/.local/lib/python3.7/site-packages/airflow/example_dags/example_time_delta_sensor_async.py
[2025-01-27T09:08:25.367+0000] {processor.py:766} INFO - DAG(s) dict_keys(['example_time_delta_sensor_async']) retrieved from /home/airflow/.local/lib/python3.7/site-packages/airflow/example_dags/example_time_delta_sensor_async.py
[2025-01-27T09:08:25.860+0000] {logging_mixin.py:120} INFO - [2025-01-27T09:08:25.860+0000] {dag.py:2585} INFO - Sync 1 DAGs
[2025-01-27T09:08:25.901+0000] {logging_mixin.py:120} INFO - [2025-01-27T09:08:25.901+0000] {dag.py:3340} INFO - Setting next_dagrun for example_time_delta_sensor_async to None, run_after=None
[2025-01-27T09:08:25.943+0000] {processor.py:176} INFO - Processing /home/airflow/.local/lib/python3.7/site-packages/airflow/example_dags/example_time_delta_sensor_async.py took 0.618 seconds
