[2025-01-27T08:34:07.334+0000] {processor.py:154} INFO - Started process (PID=97) to work on /home/airflow/.local/lib/python3.7/site-packages/airflow/example_dags/example_branch_day_of_week_operator.py
[2025-01-27T08:34:07.338+0000] {processor.py:756} INFO - Processing file /home/airflow/.local/lib/python3.7/site-packages/airflow/example_dags/example_branch_day_of_week_operator.py for tasks to queue
[2025-01-27T08:34:07.342+0000] {logging_mixin.py:120} INFO - [2025-01-27T08:34:07.341+0000] {dagbag.py:537} INFO - Filling up the DagBag from /home/airflow/.local/lib/python3.7/site-packages/airflow/example_dags/example_branch_day_of_week_operator.py
[2025-01-27T08:34:07.401+0000] {processor.py:766} INFO - DAG(s) dict_keys(['example_weekday_branch_operator']) retrieved from /home/airflow/.local/lib/python3.7/site-packages/airflow/example_dags/example_branch_day_of_week_operator.py
[2025-01-27T08:34:07.778+0000] {logging_mixin.py:120} INFO - [2025-01-27T08:34:07.778+0000] {manager.py:507} INFO - Created Permission View: can edit on DAG:example_weekday_branch_operator
[2025-01-27T08:34:07.815+0000] {logging_mixin.py:120} INFO - [2025-01-27T08:34:07.815+0000] {manager.py:507} INFO - Created Permission View: can read on DAG:example_weekday_branch_operator
[2025-01-27T08:34:07.838+0000] {logging_mixin.py:120} INFO - [2025-01-27T08:34:07.838+0000] {manager.py:507} INFO - Created Permission View: can delete on DAG:example_weekday_branch_operator
[2025-01-27T08:34:07.839+0000] {logging_mixin.py:120} INFO - [2025-01-27T08:34:07.839+0000] {dag.py:2585} INFO - Sync 1 DAGs
[2025-01-27T08:34:07.879+0000] {logging_mixin.py:120} INFO - [2025-01-27T08:34:07.878+0000] {dag.py:2606} INFO - Creating ORM DAG for example_weekday_branch_operator
[2025-01-27T08:34:07.915+0000] {logging_mixin.py:120} INFO - [2025-01-27T08:34:07.914+0000] {dag.py:3340} INFO - Setting next_dagrun for example_weekday_branch_operator to 2025-01-26T00:00:00+00:00, run_after=2025-01-27T00:00:00+00:00
[2025-01-27T08:34:07.980+0000] {processor.py:176} INFO - Processing /home/airflow/.local/lib/python3.7/site-packages/airflow/example_dags/example_branch_day_of_week_operator.py took 0.654 seconds
[2025-01-27T08:34:38.354+0000] {processor.py:154} INFO - Started process (PID=158) to work on /home/airflow/.local/lib/python3.7/site-packages/airflow/example_dags/example_branch_day_of_week_operator.py
[2025-01-27T08:34:38.355+0000] {processor.py:756} INFO - Processing file /home/airflow/.local/lib/python3.7/site-packages/airflow/example_dags/example_branch_day_of_week_operator.py for tasks to queue
[2025-01-27T08:34:38.358+0000] {logging_mixin.py:120} INFO - [2025-01-27T08:34:38.358+0000] {dagbag.py:537} INFO - Filling up the DagBag from /home/airflow/.local/lib/python3.7/site-packages/airflow/example_dags/example_branch_day_of_week_operator.py
[2025-01-27T08:34:38.391+0000] {processor.py:766} INFO - DAG(s) dict_keys(['example_weekday_branch_operator']) retrieved from /home/airflow/.local/lib/python3.7/site-packages/airflow/example_dags/example_branch_day_of_week_operator.py
[2025-01-27T08:34:38.486+0000] {logging_mixin.py:120} INFO - [2025-01-27T08:34:38.486+0000] {dag.py:2585} INFO - Sync 1 DAGs
[2025-01-27T08:34:38.555+0000] {logging_mixin.py:120} INFO - [2025-01-27T08:34:38.554+0000] {dag.py:3340} INFO - Setting next_dagrun for example_weekday_branch_operator to 2025-01-26T00:00:00+00:00, run_after=2025-01-27T00:00:00+00:00
[2025-01-27T08:34:38.601+0000] {processor.py:176} INFO - Processing /home/airflow/.local/lib/python3.7/site-packages/airflow/example_dags/example_branch_day_of_week_operator.py took 0.255 seconds
[2025-01-27T08:35:08.930+0000] {processor.py:154} INFO - Started process (PID=215) to work on /home/airflow/.local/lib/python3.7/site-packages/airflow/example_dags/example_branch_day_of_week_operator.py
[2025-01-27T08:35:08.934+0000] {processor.py:756} INFO - Processing file /home/airflow/.local/lib/python3.7/site-packages/airflow/example_dags/example_branch_day_of_week_operator.py for tasks to queue
[2025-01-27T08:35:08.940+0000] {logging_mixin.py:120} INFO - [2025-01-27T08:35:08.939+0000] {dagbag.py:537} INFO - Filling up the DagBag from /home/airflow/.local/lib/python3.7/site-packages/airflow/example_dags/example_branch_day_of_week_operator.py
[2025-01-27T08:35:08.985+0000] {processor.py:766} INFO - DAG(s) dict_keys(['example_weekday_branch_operator']) retrieved from /home/airflow/.local/lib/python3.7/site-packages/airflow/example_dags/example_branch_day_of_week_operator.py
[2025-01-27T08:35:09.065+0000] {logging_mixin.py:120} INFO - [2025-01-27T08:35:09.065+0000] {dag.py:2585} INFO - Sync 1 DAGs
[2025-01-27T08:35:09.139+0000] {logging_mixin.py:120} INFO - [2025-01-27T08:35:09.138+0000] {dag.py:3340} INFO - Setting next_dagrun for example_weekday_branch_operator to 2025-01-26T00:00:00+00:00, run_after=2025-01-27T00:00:00+00:00
[2025-01-27T08:35:09.194+0000] {processor.py:176} INFO - Processing /home/airflow/.local/lib/python3.7/site-packages/airflow/example_dags/example_branch_day_of_week_operator.py took 0.272 seconds
[2025-01-27T08:35:39.537+0000] {processor.py:154} INFO - Started process (PID=268) to work on /home/airflow/.local/lib/python3.7/site-packages/airflow/example_dags/example_branch_day_of_week_operator.py
[2025-01-27T08:35:39.538+0000] {processor.py:756} INFO - Processing file /home/airflow/.local/lib/python3.7/site-packages/airflow/example_dags/example_branch_day_of_week_operator.py for tasks to queue
[2025-01-27T08:35:39.539+0000] {logging_mixin.py:120} INFO - [2025-01-27T08:35:39.539+0000] {dagbag.py:537} INFO - Filling up the DagBag from /home/airflow/.local/lib/python3.7/site-packages/airflow/example_dags/example_branch_day_of_week_operator.py
[2025-01-27T08:35:39.570+0000] {processor.py:766} INFO - DAG(s) dict_keys(['example_weekday_branch_operator']) retrieved from /home/airflow/.local/lib/python3.7/site-packages/airflow/example_dags/example_branch_day_of_week_operator.py
[2025-01-27T08:35:39.648+0000] {logging_mixin.py:120} INFO - [2025-01-27T08:35:39.648+0000] {dag.py:2585} INFO - Sync 1 DAGs
[2025-01-27T08:35:39.708+0000] {logging_mixin.py:120} INFO - [2025-01-27T08:35:39.708+0000] {dag.py:3340} INFO - Setting next_dagrun for example_weekday_branch_operator to 2025-01-26T00:00:00+00:00, run_after=2025-01-27T00:00:00+00:00
[2025-01-27T08:35:39.764+0000] {processor.py:176} INFO - Processing /home/airflow/.local/lib/python3.7/site-packages/airflow/example_dags/example_branch_day_of_week_operator.py took 0.232 seconds
[2025-01-27T08:36:10.328+0000] {processor.py:154} INFO - Started process (PID=330) to work on /home/airflow/.local/lib/python3.7/site-packages/airflow/example_dags/example_branch_day_of_week_operator.py
[2025-01-27T08:36:10.330+0000] {processor.py:756} INFO - Processing file /home/airflow/.local/lib/python3.7/site-packages/airflow/example_dags/example_branch_day_of_week_operator.py for tasks to queue
[2025-01-27T08:36:10.331+0000] {logging_mixin.py:120} INFO - [2025-01-27T08:36:10.331+0000] {dagbag.py:537} INFO - Filling up the DagBag from /home/airflow/.local/lib/python3.7/site-packages/airflow/example_dags/example_branch_day_of_week_operator.py
[2025-01-27T08:36:10.358+0000] {processor.py:766} INFO - DAG(s) dict_keys(['example_weekday_branch_operator']) retrieved from /home/airflow/.local/lib/python3.7/site-packages/airflow/example_dags/example_branch_day_of_week_operator.py
[2025-01-27T08:36:10.438+0000] {logging_mixin.py:120} INFO - [2025-01-27T08:36:10.438+0000] {dag.py:2585} INFO - Sync 1 DAGs
[2025-01-27T08:36:10.633+0000] {logging_mixin.py:120} INFO - [2025-01-27T08:36:10.633+0000] {dag.py:3340} INFO - Setting next_dagrun for example_weekday_branch_operator to 2025-01-26T00:00:00+00:00, run_after=2025-01-27T00:00:00+00:00
[2025-01-27T08:36:10.684+0000] {processor.py:176} INFO - Processing /home/airflow/.local/lib/python3.7/site-packages/airflow/example_dags/example_branch_day_of_week_operator.py took 0.361 seconds
[2025-01-27T08:36:41.182+0000] {processor.py:154} INFO - Started process (PID=384) to work on /home/airflow/.local/lib/python3.7/site-packages/airflow/example_dags/example_branch_day_of_week_operator.py
[2025-01-27T08:36:41.183+0000] {processor.py:756} INFO - Processing file /home/airflow/.local/lib/python3.7/site-packages/airflow/example_dags/example_branch_day_of_week_operator.py for tasks to queue
[2025-01-27T08:36:41.188+0000] {logging_mixin.py:120} INFO - [2025-01-27T08:36:41.188+0000] {dagbag.py:537} INFO - Filling up the DagBag from /home/airflow/.local/lib/python3.7/site-packages/airflow/example_dags/example_branch_day_of_week_operator.py
[2025-01-27T08:36:41.218+0000] {processor.py:766} INFO - DAG(s) dict_keys(['example_weekday_branch_operator']) retrieved from /home/airflow/.local/lib/python3.7/site-packages/airflow/example_dags/example_branch_day_of_week_operator.py
[2025-01-27T08:36:41.311+0000] {logging_mixin.py:120} INFO - [2025-01-27T08:36:41.310+0000] {dag.py:2585} INFO - Sync 1 DAGs
[2025-01-27T08:36:41.363+0000] {logging_mixin.py:120} INFO - [2025-01-27T08:36:41.363+0000] {dag.py:3340} INFO - Setting next_dagrun for example_weekday_branch_operator to 2025-01-26T00:00:00+00:00, run_after=2025-01-27T00:00:00+00:00
[2025-01-27T08:36:41.408+0000] {processor.py:176} INFO - Processing /home/airflow/.local/lib/python3.7/site-packages/airflow/example_dags/example_branch_day_of_week_operator.py took 0.238 seconds
[2025-01-27T08:37:11.895+0000] {processor.py:154} INFO - Started process (PID=447) to work on /home/airflow/.local/lib/python3.7/site-packages/airflow/example_dags/example_branch_day_of_week_operator.py
[2025-01-27T08:37:11.896+0000] {processor.py:756} INFO - Processing file /home/airflow/.local/lib/python3.7/site-packages/airflow/example_dags/example_branch_day_of_week_operator.py for tasks to queue
[2025-01-27T08:37:11.898+0000] {logging_mixin.py:120} INFO - [2025-01-27T08:37:11.898+0000] {dagbag.py:537} INFO - Filling up the DagBag from /home/airflow/.local/lib/python3.7/site-packages/airflow/example_dags/example_branch_day_of_week_operator.py
[2025-01-27T08:37:11.932+0000] {processor.py:766} INFO - DAG(s) dict_keys(['example_weekday_branch_operator']) retrieved from /home/airflow/.local/lib/python3.7/site-packages/airflow/example_dags/example_branch_day_of_week_operator.py
[2025-01-27T08:37:12.010+0000] {logging_mixin.py:120} INFO - [2025-01-27T08:37:12.010+0000] {dag.py:2585} INFO - Sync 1 DAGs
[2025-01-27T08:37:12.061+0000] {logging_mixin.py:120} INFO - [2025-01-27T08:37:12.061+0000] {dag.py:3340} INFO - Setting next_dagrun for example_weekday_branch_operator to 2025-01-26T00:00:00+00:00, run_after=2025-01-27T00:00:00+00:00
[2025-01-27T08:37:12.092+0000] {processor.py:176} INFO - Processing /home/airflow/.local/lib/python3.7/site-packages/airflow/example_dags/example_branch_day_of_week_operator.py took 0.203 seconds
[2025-01-27T08:37:42.495+0000] {processor.py:154} INFO - Started process (PID=501) to work on /home/airflow/.local/lib/python3.7/site-packages/airflow/example_dags/example_branch_day_of_week_operator.py
[2025-01-27T08:37:42.497+0000] {processor.py:756} INFO - Processing file /home/airflow/.local/lib/python3.7/site-packages/airflow/example_dags/example_branch_day_of_week_operator.py for tasks to queue
[2025-01-27T08:37:42.499+0000] {logging_mixin.py:120} INFO - [2025-01-27T08:37:42.499+0000] {dagbag.py:537} INFO - Filling up the DagBag from /home/airflow/.local/lib/python3.7/site-packages/airflow/example_dags/example_branch_day_of_week_operator.py
[2025-01-27T08:37:42.532+0000] {processor.py:766} INFO - DAG(s) dict_keys(['example_weekday_branch_operator']) retrieved from /home/airflow/.local/lib/python3.7/site-packages/airflow/example_dags/example_branch_day_of_week_operator.py
[2025-01-27T08:37:42.614+0000] {logging_mixin.py:120} INFO - [2025-01-27T08:37:42.614+0000] {dag.py:2585} INFO - Sync 1 DAGs
[2025-01-27T08:37:42.674+0000] {logging_mixin.py:120} INFO - [2025-01-27T08:37:42.674+0000] {dag.py:3340} INFO - Setting next_dagrun for example_weekday_branch_operator to 2025-01-26T00:00:00+00:00, run_after=2025-01-27T00:00:00+00:00
[2025-01-27T08:37:42.710+0000] {processor.py:176} INFO - Processing /home/airflow/.local/lib/python3.7/site-packages/airflow/example_dags/example_branch_day_of_week_operator.py took 0.220 seconds
[2025-01-27T08:38:13.166+0000] {processor.py:154} INFO - Started process (PID=563) to work on /home/airflow/.local/lib/python3.7/site-packages/airflow/example_dags/example_branch_day_of_week_operator.py
[2025-01-27T08:38:13.168+0000] {processor.py:756} INFO - Processing file /home/airflow/.local/lib/python3.7/site-packages/airflow/example_dags/example_branch_day_of_week_operator.py for tasks to queue
[2025-01-27T08:38:13.172+0000] {logging_mixin.py:120} INFO - [2025-01-27T08:38:13.172+0000] {dagbag.py:537} INFO - Filling up the DagBag from /home/airflow/.local/lib/python3.7/site-packages/airflow/example_dags/example_branch_day_of_week_operator.py
[2025-01-27T08:38:13.198+0000] {processor.py:766} INFO - DAG(s) dict_keys(['example_weekday_branch_operator']) retrieved from /home/airflow/.local/lib/python3.7/site-packages/airflow/example_dags/example_branch_day_of_week_operator.py
[2025-01-27T08:38:13.285+0000] {logging_mixin.py:120} INFO - [2025-01-27T08:38:13.285+0000] {dag.py:2585} INFO - Sync 1 DAGs
[2025-01-27T08:38:13.334+0000] {logging_mixin.py:120} INFO - [2025-01-27T08:38:13.334+0000] {dag.py:3340} INFO - Setting next_dagrun for example_weekday_branch_operator to 2025-01-26T00:00:00+00:00, run_after=2025-01-27T00:00:00+00:00
[2025-01-27T08:38:13.375+0000] {processor.py:176} INFO - Processing /home/airflow/.local/lib/python3.7/site-packages/airflow/example_dags/example_branch_day_of_week_operator.py took 0.215 seconds
[2025-01-27T08:38:43.771+0000] {processor.py:154} INFO - Started process (PID=617) to work on /home/airflow/.local/lib/python3.7/site-packages/airflow/example_dags/example_branch_day_of_week_operator.py
[2025-01-27T08:38:43.774+0000] {processor.py:756} INFO - Processing file /home/airflow/.local/lib/python3.7/site-packages/airflow/example_dags/example_branch_day_of_week_operator.py for tasks to queue
[2025-01-27T08:38:43.775+0000] {logging_mixin.py:120} INFO - [2025-01-27T08:38:43.775+0000] {dagbag.py:537} INFO - Filling up the DagBag from /home/airflow/.local/lib/python3.7/site-packages/airflow/example_dags/example_branch_day_of_week_operator.py
[2025-01-27T08:38:43.815+0000] {processor.py:766} INFO - DAG(s) dict_keys(['example_weekday_branch_operator']) retrieved from /home/airflow/.local/lib/python3.7/site-packages/airflow/example_dags/example_branch_day_of_week_operator.py
[2025-01-27T08:38:43.900+0000] {logging_mixin.py:120} INFO - [2025-01-27T08:38:43.899+0000] {dag.py:2585} INFO - Sync 1 DAGs
[2025-01-27T08:38:43.956+0000] {logging_mixin.py:120} INFO - [2025-01-27T08:38:43.955+0000] {dag.py:3340} INFO - Setting next_dagrun for example_weekday_branch_operator to 2025-01-26T00:00:00+00:00, run_after=2025-01-27T00:00:00+00:00
[2025-01-27T08:38:43.996+0000] {processor.py:176} INFO - Processing /home/airflow/.local/lib/python3.7/site-packages/airflow/example_dags/example_branch_day_of_week_operator.py took 0.231 seconds
[2025-01-27T08:39:14.158+0000] {processor.py:154} INFO - Started process (PID=679) to work on /home/airflow/.local/lib/python3.7/site-packages/airflow/example_dags/example_branch_day_of_week_operator.py
[2025-01-27T08:39:14.159+0000] {processor.py:756} INFO - Processing file /home/airflow/.local/lib/python3.7/site-packages/airflow/example_dags/example_branch_day_of_week_operator.py for tasks to queue
[2025-01-27T08:39:14.161+0000] {logging_mixin.py:120} INFO - [2025-01-27T08:39:14.161+0000] {dagbag.py:537} INFO - Filling up the DagBag from /home/airflow/.local/lib/python3.7/site-packages/airflow/example_dags/example_branch_day_of_week_operator.py
[2025-01-27T08:39:14.192+0000] {processor.py:766} INFO - DAG(s) dict_keys(['example_weekday_branch_operator']) retrieved from /home/airflow/.local/lib/python3.7/site-packages/airflow/example_dags/example_branch_day_of_week_operator.py
[2025-01-27T08:39:14.269+0000] {logging_mixin.py:120} INFO - [2025-01-27T08:39:14.269+0000] {dag.py:2585} INFO - Sync 1 DAGs
[2025-01-27T08:39:14.316+0000] {logging_mixin.py:120} INFO - [2025-01-27T08:39:14.316+0000] {dag.py:3340} INFO - Setting next_dagrun for example_weekday_branch_operator to 2025-01-26T00:00:00+00:00, run_after=2025-01-27T00:00:00+00:00
[2025-01-27T08:39:14.351+0000] {processor.py:176} INFO - Processing /home/airflow/.local/lib/python3.7/site-packages/airflow/example_dags/example_branch_day_of_week_operator.py took 0.199 seconds
[2025-01-27T08:39:44.533+0000] {processor.py:154} INFO - Started process (PID=733) to work on /home/airflow/.local/lib/python3.7/site-packages/airflow/example_dags/example_branch_day_of_week_operator.py
[2025-01-27T08:39:44.535+0000] {processor.py:756} INFO - Processing file /home/airflow/.local/lib/python3.7/site-packages/airflow/example_dags/example_branch_day_of_week_operator.py for tasks to queue
[2025-01-27T08:39:44.537+0000] {logging_mixin.py:120} INFO - [2025-01-27T08:39:44.536+0000] {dagbag.py:537} INFO - Filling up the DagBag from /home/airflow/.local/lib/python3.7/site-packages/airflow/example_dags/example_branch_day_of_week_operator.py
[2025-01-27T08:39:44.570+0000] {processor.py:766} INFO - DAG(s) dict_keys(['example_weekday_branch_operator']) retrieved from /home/airflow/.local/lib/python3.7/site-packages/airflow/example_dags/example_branch_day_of_week_operator.py
[2025-01-27T08:39:44.647+0000] {logging_mixin.py:120} INFO - [2025-01-27T08:39:44.647+0000] {dag.py:2585} INFO - Sync 1 DAGs
[2025-01-27T08:39:44.699+0000] {logging_mixin.py:120} INFO - [2025-01-27T08:39:44.698+0000] {dag.py:3340} INFO - Setting next_dagrun for example_weekday_branch_operator to 2025-01-26T00:00:00+00:00, run_after=2025-01-27T00:00:00+00:00
[2025-01-27T08:39:44.745+0000] {processor.py:176} INFO - Processing /home/airflow/.local/lib/python3.7/site-packages/airflow/example_dags/example_branch_day_of_week_operator.py took 0.217 seconds
[2025-01-27T08:40:15.224+0000] {processor.py:154} INFO - Started process (PID=796) to work on /home/airflow/.local/lib/python3.7/site-packages/airflow/example_dags/example_branch_day_of_week_operator.py
[2025-01-27T08:40:15.225+0000] {processor.py:756} INFO - Processing file /home/airflow/.local/lib/python3.7/site-packages/airflow/example_dags/example_branch_day_of_week_operator.py for tasks to queue
[2025-01-27T08:40:15.226+0000] {logging_mixin.py:120} INFO - [2025-01-27T08:40:15.226+0000] {dagbag.py:537} INFO - Filling up the DagBag from /home/airflow/.local/lib/python3.7/site-packages/airflow/example_dags/example_branch_day_of_week_operator.py
[2025-01-27T08:40:15.260+0000] {processor.py:766} INFO - DAG(s) dict_keys(['example_weekday_branch_operator']) retrieved from /home/airflow/.local/lib/python3.7/site-packages/airflow/example_dags/example_branch_day_of_week_operator.py
[2025-01-27T08:40:15.352+0000] {logging_mixin.py:120} INFO - [2025-01-27T08:40:15.351+0000] {dag.py:2585} INFO - Sync 1 DAGs
[2025-01-27T08:40:15.414+0000] {logging_mixin.py:120} INFO - [2025-01-27T08:40:15.413+0000] {dag.py:3340} INFO - Setting next_dagrun for example_weekday_branch_operator to 2025-01-26T00:00:00+00:00, run_after=2025-01-27T00:00:00+00:00
[2025-01-27T08:40:15.449+0000] {processor.py:176} INFO - Processing /home/airflow/.local/lib/python3.7/site-packages/airflow/example_dags/example_branch_day_of_week_operator.py took 0.232 seconds
[2025-01-27T08:40:45.891+0000] {processor.py:154} INFO - Started process (PID=850) to work on /home/airflow/.local/lib/python3.7/site-packages/airflow/example_dags/example_branch_day_of_week_operator.py
[2025-01-27T08:40:45.892+0000] {processor.py:756} INFO - Processing file /home/airflow/.local/lib/python3.7/site-packages/airflow/example_dags/example_branch_day_of_week_operator.py for tasks to queue
[2025-01-27T08:40:45.894+0000] {logging_mixin.py:120} INFO - [2025-01-27T08:40:45.894+0000] {dagbag.py:537} INFO - Filling up the DagBag from /home/airflow/.local/lib/python3.7/site-packages/airflow/example_dags/example_branch_day_of_week_operator.py
[2025-01-27T08:40:45.922+0000] {processor.py:766} INFO - DAG(s) dict_keys(['example_weekday_branch_operator']) retrieved from /home/airflow/.local/lib/python3.7/site-packages/airflow/example_dags/example_branch_day_of_week_operator.py
[2025-01-27T08:40:46.007+0000] {logging_mixin.py:120} INFO - [2025-01-27T08:40:46.007+0000] {dag.py:2585} INFO - Sync 1 DAGs
[2025-01-27T08:40:46.065+0000] {logging_mixin.py:120} INFO - [2025-01-27T08:40:46.065+0000] {dag.py:3340} INFO - Setting next_dagrun for example_weekday_branch_operator to 2025-01-26T00:00:00+00:00, run_after=2025-01-27T00:00:00+00:00
[2025-01-27T08:40:46.102+0000] {processor.py:176} INFO - Processing /home/airflow/.local/lib/python3.7/site-packages/airflow/example_dags/example_branch_day_of_week_operator.py took 0.218 seconds
[2025-01-27T08:41:16.720+0000] {processor.py:154} INFO - Started process (PID=913) to work on /home/airflow/.local/lib/python3.7/site-packages/airflow/example_dags/example_branch_day_of_week_operator.py
[2025-01-27T08:41:16.721+0000] {processor.py:756} INFO - Processing file /home/airflow/.local/lib/python3.7/site-packages/airflow/example_dags/example_branch_day_of_week_operator.py for tasks to queue
[2025-01-27T08:41:16.722+0000] {logging_mixin.py:120} INFO - [2025-01-27T08:41:16.722+0000] {dagbag.py:537} INFO - Filling up the DagBag from /home/airflow/.local/lib/python3.7/site-packages/airflow/example_dags/example_branch_day_of_week_operator.py
[2025-01-27T08:41:16.752+0000] {processor.py:766} INFO - DAG(s) dict_keys(['example_weekday_branch_operator']) retrieved from /home/airflow/.local/lib/python3.7/site-packages/airflow/example_dags/example_branch_day_of_week_operator.py
[2025-01-27T08:41:16.832+0000] {logging_mixin.py:120} INFO - [2025-01-27T08:41:16.832+0000] {dag.py:2585} INFO - Sync 1 DAGs
[2025-01-27T08:41:16.889+0000] {logging_mixin.py:120} INFO - [2025-01-27T08:41:16.889+0000] {dag.py:3340} INFO - Setting next_dagrun for example_weekday_branch_operator to 2025-01-26T00:00:00+00:00, run_after=2025-01-27T00:00:00+00:00
[2025-01-27T08:41:16.925+0000] {processor.py:176} INFO - Processing /home/airflow/.local/lib/python3.7/site-packages/airflow/example_dags/example_branch_day_of_week_operator.py took 0.212 seconds
[2025-01-27T08:41:47.379+0000] {processor.py:154} INFO - Started process (PID=966) to work on /home/airflow/.local/lib/python3.7/site-packages/airflow/example_dags/example_branch_day_of_week_operator.py
[2025-01-27T08:41:47.381+0000] {processor.py:756} INFO - Processing file /home/airflow/.local/lib/python3.7/site-packages/airflow/example_dags/example_branch_day_of_week_operator.py for tasks to queue
[2025-01-27T08:41:47.382+0000] {logging_mixin.py:120} INFO - [2025-01-27T08:41:47.382+0000] {dagbag.py:537} INFO - Filling up the DagBag from /home/airflow/.local/lib/python3.7/site-packages/airflow/example_dags/example_branch_day_of_week_operator.py
[2025-01-27T08:41:47.415+0000] {processor.py:766} INFO - DAG(s) dict_keys(['example_weekday_branch_operator']) retrieved from /home/airflow/.local/lib/python3.7/site-packages/airflow/example_dags/example_branch_day_of_week_operator.py
[2025-01-27T08:41:47.495+0000] {logging_mixin.py:120} INFO - [2025-01-27T08:41:47.495+0000] {dag.py:2585} INFO - Sync 1 DAGs
[2025-01-27T08:41:47.555+0000] {logging_mixin.py:120} INFO - [2025-01-27T08:41:47.554+0000] {dag.py:3340} INFO - Setting next_dagrun for example_weekday_branch_operator to 2025-01-26T00:00:00+00:00, run_after=2025-01-27T00:00:00+00:00
[2025-01-27T08:41:47.596+0000] {processor.py:176} INFO - Processing /home/airflow/.local/lib/python3.7/site-packages/airflow/example_dags/example_branch_day_of_week_operator.py took 0.224 seconds
[2025-01-27T08:42:17.972+0000] {processor.py:154} INFO - Started process (PID=1026) to work on /home/airflow/.local/lib/python3.7/site-packages/airflow/example_dags/example_branch_day_of_week_operator.py
[2025-01-27T08:42:17.974+0000] {processor.py:756} INFO - Processing file /home/airflow/.local/lib/python3.7/site-packages/airflow/example_dags/example_branch_day_of_week_operator.py for tasks to queue
[2025-01-27T08:42:17.975+0000] {logging_mixin.py:120} INFO - [2025-01-27T08:42:17.975+0000] {dagbag.py:537} INFO - Filling up the DagBag from /home/airflow/.local/lib/python3.7/site-packages/airflow/example_dags/example_branch_day_of_week_operator.py
[2025-01-27T08:42:18.013+0000] {processor.py:766} INFO - DAG(s) dict_keys(['example_weekday_branch_operator']) retrieved from /home/airflow/.local/lib/python3.7/site-packages/airflow/example_dags/example_branch_day_of_week_operator.py
[2025-01-27T08:42:18.111+0000] {logging_mixin.py:120} INFO - [2025-01-27T08:42:18.111+0000] {dag.py:2585} INFO - Sync 1 DAGs
[2025-01-27T08:42:18.177+0000] {logging_mixin.py:120} INFO - [2025-01-27T08:42:18.177+0000] {dag.py:3340} INFO - Setting next_dagrun for example_weekday_branch_operator to 2025-01-26T00:00:00+00:00, run_after=2025-01-27T00:00:00+00:00
[2025-01-27T08:42:18.232+0000] {processor.py:176} INFO - Processing /home/airflow/.local/lib/python3.7/site-packages/airflow/example_dags/example_branch_day_of_week_operator.py took 0.268 seconds
[2025-01-27T08:42:48.702+0000] {processor.py:154} INFO - Started process (PID=1082) to work on /home/airflow/.local/lib/python3.7/site-packages/airflow/example_dags/example_branch_day_of_week_operator.py
[2025-01-27T08:42:48.704+0000] {processor.py:756} INFO - Processing file /home/airflow/.local/lib/python3.7/site-packages/airflow/example_dags/example_branch_day_of_week_operator.py for tasks to queue
[2025-01-27T08:42:48.706+0000] {logging_mixin.py:120} INFO - [2025-01-27T08:42:48.706+0000] {dagbag.py:537} INFO - Filling up the DagBag from /home/airflow/.local/lib/python3.7/site-packages/airflow/example_dags/example_branch_day_of_week_operator.py
[2025-01-27T08:42:48.744+0000] {processor.py:766} INFO - DAG(s) dict_keys(['example_weekday_branch_operator']) retrieved from /home/airflow/.local/lib/python3.7/site-packages/airflow/example_dags/example_branch_day_of_week_operator.py
[2025-01-27T08:42:48.832+0000] {logging_mixin.py:120} INFO - [2025-01-27T08:42:48.831+0000] {dag.py:2585} INFO - Sync 1 DAGs
[2025-01-27T08:42:48.892+0000] {logging_mixin.py:120} INFO - [2025-01-27T08:42:48.892+0000] {dag.py:3340} INFO - Setting next_dagrun for example_weekday_branch_operator to 2025-01-26T00:00:00+00:00, run_after=2025-01-27T00:00:00+00:00
[2025-01-27T08:42:48.936+0000] {processor.py:176} INFO - Processing /home/airflow/.local/lib/python3.7/site-packages/airflow/example_dags/example_branch_day_of_week_operator.py took 0.241 seconds
[2025-01-27T08:43:19.332+0000] {processor.py:154} INFO - Started process (PID=1135) to work on /home/airflow/.local/lib/python3.7/site-packages/airflow/example_dags/example_branch_day_of_week_operator.py
[2025-01-27T08:43:19.334+0000] {processor.py:756} INFO - Processing file /home/airflow/.local/lib/python3.7/site-packages/airflow/example_dags/example_branch_day_of_week_operator.py for tasks to queue
[2025-01-27T08:43:19.338+0000] {logging_mixin.py:120} INFO - [2025-01-27T08:43:19.338+0000] {dagbag.py:537} INFO - Filling up the DagBag from /home/airflow/.local/lib/python3.7/site-packages/airflow/example_dags/example_branch_day_of_week_operator.py
[2025-01-27T08:43:19.367+0000] {processor.py:766} INFO - DAG(s) dict_keys(['example_weekday_branch_operator']) retrieved from /home/airflow/.local/lib/python3.7/site-packages/airflow/example_dags/example_branch_day_of_week_operator.py
[2025-01-27T08:43:19.450+0000] {logging_mixin.py:120} INFO - [2025-01-27T08:43:19.450+0000] {dag.py:2585} INFO - Sync 1 DAGs
[2025-01-27T08:43:19.516+0000] {logging_mixin.py:120} INFO - [2025-01-27T08:43:19.515+0000] {dag.py:3340} INFO - Setting next_dagrun for example_weekday_branch_operator to 2025-01-26T00:00:00+00:00, run_after=2025-01-27T00:00:00+00:00
[2025-01-27T08:43:19.557+0000] {processor.py:176} INFO - Processing /home/airflow/.local/lib/python3.7/site-packages/airflow/example_dags/example_branch_day_of_week_operator.py took 0.231 seconds
[2025-01-27T08:43:49.847+0000] {processor.py:154} INFO - Started process (PID=1197) to work on /home/airflow/.local/lib/python3.7/site-packages/airflow/example_dags/example_branch_day_of_week_operator.py
[2025-01-27T08:43:49.849+0000] {processor.py:756} INFO - Processing file /home/airflow/.local/lib/python3.7/site-packages/airflow/example_dags/example_branch_day_of_week_operator.py for tasks to queue
[2025-01-27T08:43:49.850+0000] {logging_mixin.py:120} INFO - [2025-01-27T08:43:49.850+0000] {dagbag.py:537} INFO - Filling up the DagBag from /home/airflow/.local/lib/python3.7/site-packages/airflow/example_dags/example_branch_day_of_week_operator.py
[2025-01-27T08:43:49.880+0000] {processor.py:766} INFO - DAG(s) dict_keys(['example_weekday_branch_operator']) retrieved from /home/airflow/.local/lib/python3.7/site-packages/airflow/example_dags/example_branch_day_of_week_operator.py
[2025-01-27T08:43:49.957+0000] {logging_mixin.py:120} INFO - [2025-01-27T08:43:49.956+0000] {dag.py:2585} INFO - Sync 1 DAGs
[2025-01-27T08:43:50.013+0000] {logging_mixin.py:120} INFO - [2025-01-27T08:43:50.012+0000] {dag.py:3340} INFO - Setting next_dagrun for example_weekday_branch_operator to 2025-01-26T00:00:00+00:00, run_after=2025-01-27T00:00:00+00:00
[2025-01-27T08:43:50.048+0000] {processor.py:176} INFO - Processing /home/airflow/.local/lib/python3.7/site-packages/airflow/example_dags/example_branch_day_of_week_operator.py took 0.207 seconds
[2025-01-27T08:44:20.389+0000] {processor.py:154} INFO - Started process (PID=1250) to work on /home/airflow/.local/lib/python3.7/site-packages/airflow/example_dags/example_branch_day_of_week_operator.py
[2025-01-27T08:44:20.391+0000] {processor.py:756} INFO - Processing file /home/airflow/.local/lib/python3.7/site-packages/airflow/example_dags/example_branch_day_of_week_operator.py for tasks to queue
[2025-01-27T08:44:20.393+0000] {logging_mixin.py:120} INFO - [2025-01-27T08:44:20.393+0000] {dagbag.py:537} INFO - Filling up the DagBag from /home/airflow/.local/lib/python3.7/site-packages/airflow/example_dags/example_branch_day_of_week_operator.py
[2025-01-27T08:44:20.435+0000] {processor.py:766} INFO - DAG(s) dict_keys(['example_weekday_branch_operator']) retrieved from /home/airflow/.local/lib/python3.7/site-packages/airflow/example_dags/example_branch_day_of_week_operator.py
[2025-01-27T08:44:20.533+0000] {logging_mixin.py:120} INFO - [2025-01-27T08:44:20.533+0000] {dag.py:2585} INFO - Sync 1 DAGs
[2025-01-27T08:44:20.595+0000] {logging_mixin.py:120} INFO - [2025-01-27T08:44:20.595+0000] {dag.py:3340} INFO - Setting next_dagrun for example_weekday_branch_operator to 2025-01-26T00:00:00+00:00, run_after=2025-01-27T00:00:00+00:00
[2025-01-27T08:44:20.637+0000] {processor.py:176} INFO - Processing /home/airflow/.local/lib/python3.7/site-packages/airflow/example_dags/example_branch_day_of_week_operator.py took 0.257 seconds
[2025-01-27T08:44:50.990+0000] {processor.py:154} INFO - Started process (PID=1313) to work on /home/airflow/.local/lib/python3.7/site-packages/airflow/example_dags/example_branch_day_of_week_operator.py
[2025-01-27T08:44:50.991+0000] {processor.py:756} INFO - Processing file /home/airflow/.local/lib/python3.7/site-packages/airflow/example_dags/example_branch_day_of_week_operator.py for tasks to queue
[2025-01-27T08:44:50.992+0000] {logging_mixin.py:120} INFO - [2025-01-27T08:44:50.992+0000] {dagbag.py:537} INFO - Filling up the DagBag from /home/airflow/.local/lib/python3.7/site-packages/airflow/example_dags/example_branch_day_of_week_operator.py
[2025-01-27T08:44:51.028+0000] {processor.py:766} INFO - DAG(s) dict_keys(['example_weekday_branch_operator']) retrieved from /home/airflow/.local/lib/python3.7/site-packages/airflow/example_dags/example_branch_day_of_week_operator.py
[2025-01-27T08:44:51.109+0000] {logging_mixin.py:120} INFO - [2025-01-27T08:44:51.109+0000] {dag.py:2585} INFO - Sync 1 DAGs
[2025-01-27T08:44:51.158+0000] {logging_mixin.py:120} INFO - [2025-01-27T08:44:51.157+0000] {dag.py:3340} INFO - Setting next_dagrun for example_weekday_branch_operator to 2025-01-26T00:00:00+00:00, run_after=2025-01-27T00:00:00+00:00
[2025-01-27T08:44:51.196+0000] {processor.py:176} INFO - Processing /home/airflow/.local/lib/python3.7/site-packages/airflow/example_dags/example_branch_day_of_week_operator.py took 0.211 seconds
[2025-01-27T08:45:22.139+0000] {processor.py:154} INFO - Started process (PID=1370) to work on /home/airflow/.local/lib/python3.7/site-packages/airflow/example_dags/example_branch_day_of_week_operator.py
[2025-01-27T08:45:22.141+0000] {processor.py:756} INFO - Processing file /home/airflow/.local/lib/python3.7/site-packages/airflow/example_dags/example_branch_day_of_week_operator.py for tasks to queue
[2025-01-27T08:45:22.142+0000] {logging_mixin.py:120} INFO - [2025-01-27T08:45:22.142+0000] {dagbag.py:537} INFO - Filling up the DagBag from /home/airflow/.local/lib/python3.7/site-packages/airflow/example_dags/example_branch_day_of_week_operator.py
[2025-01-27T08:45:22.171+0000] {processor.py:766} INFO - DAG(s) dict_keys(['example_weekday_branch_operator']) retrieved from /home/airflow/.local/lib/python3.7/site-packages/airflow/example_dags/example_branch_day_of_week_operator.py
[2025-01-27T08:45:22.243+0000] {logging_mixin.py:120} INFO - [2025-01-27T08:45:22.243+0000] {dag.py:2585} INFO - Sync 1 DAGs
[2025-01-27T08:45:22.309+0000] {logging_mixin.py:120} INFO - [2025-01-27T08:45:22.309+0000] {dag.py:3340} INFO - Setting next_dagrun for example_weekday_branch_operator to 2025-01-26T00:00:00+00:00, run_after=2025-01-27T00:00:00+00:00
[2025-01-27T08:45:22.350+0000] {processor.py:176} INFO - Processing /home/airflow/.local/lib/python3.7/site-packages/airflow/example_dags/example_branch_day_of_week_operator.py took 0.218 seconds
[2025-01-27T08:45:53.136+0000] {processor.py:154} INFO - Started process (PID=1431) to work on /home/airflow/.local/lib/python3.7/site-packages/airflow/example_dags/example_branch_day_of_week_operator.py
[2025-01-27T08:45:53.140+0000] {processor.py:756} INFO - Processing file /home/airflow/.local/lib/python3.7/site-packages/airflow/example_dags/example_branch_day_of_week_operator.py for tasks to queue
[2025-01-27T08:45:53.142+0000] {logging_mixin.py:120} INFO - [2025-01-27T08:45:53.142+0000] {dagbag.py:537} INFO - Filling up the DagBag from /home/airflow/.local/lib/python3.7/site-packages/airflow/example_dags/example_branch_day_of_week_operator.py
[2025-01-27T08:45:53.185+0000] {processor.py:766} INFO - DAG(s) dict_keys(['example_weekday_branch_operator']) retrieved from /home/airflow/.local/lib/python3.7/site-packages/airflow/example_dags/example_branch_day_of_week_operator.py
[2025-01-27T08:45:53.256+0000] {logging_mixin.py:120} INFO - [2025-01-27T08:45:53.256+0000] {dag.py:2585} INFO - Sync 1 DAGs
[2025-01-27T08:45:53.302+0000] {logging_mixin.py:120} INFO - [2025-01-27T08:45:53.301+0000] {dag.py:3340} INFO - Setting next_dagrun for example_weekday_branch_operator to 2025-01-26T00:00:00+00:00, run_after=2025-01-27T00:00:00+00:00
[2025-01-27T08:45:53.339+0000] {processor.py:176} INFO - Processing /home/airflow/.local/lib/python3.7/site-packages/airflow/example_dags/example_branch_day_of_week_operator.py took 0.208 seconds
[2025-01-27T08:46:23.625+0000] {processor.py:154} INFO - Started process (PID=1484) to work on /home/airflow/.local/lib/python3.7/site-packages/airflow/example_dags/example_branch_day_of_week_operator.py
[2025-01-27T08:46:23.627+0000] {processor.py:756} INFO - Processing file /home/airflow/.local/lib/python3.7/site-packages/airflow/example_dags/example_branch_day_of_week_operator.py for tasks to queue
[2025-01-27T08:46:23.628+0000] {logging_mixin.py:120} INFO - [2025-01-27T08:46:23.628+0000] {dagbag.py:537} INFO - Filling up the DagBag from /home/airflow/.local/lib/python3.7/site-packages/airflow/example_dags/example_branch_day_of_week_operator.py
[2025-01-27T08:46:23.659+0000] {processor.py:766} INFO - DAG(s) dict_keys(['example_weekday_branch_operator']) retrieved from /home/airflow/.local/lib/python3.7/site-packages/airflow/example_dags/example_branch_day_of_week_operator.py
[2025-01-27T08:46:23.738+0000] {logging_mixin.py:120} INFO - [2025-01-27T08:46:23.737+0000] {dag.py:2585} INFO - Sync 1 DAGs
[2025-01-27T08:46:23.787+0000] {logging_mixin.py:120} INFO - [2025-01-27T08:46:23.787+0000] {dag.py:3340} INFO - Setting next_dagrun for example_weekday_branch_operator to 2025-01-26T00:00:00+00:00, run_after=2025-01-27T00:00:00+00:00
[2025-01-27T08:46:23.824+0000] {processor.py:176} INFO - Processing /home/airflow/.local/lib/python3.7/site-packages/airflow/example_dags/example_branch_day_of_week_operator.py took 0.204 seconds
[2025-01-27T08:46:54.190+0000] {processor.py:154} INFO - Started process (PID=1546) to work on /home/airflow/.local/lib/python3.7/site-packages/airflow/example_dags/example_branch_day_of_week_operator.py
[2025-01-27T08:46:54.191+0000] {processor.py:756} INFO - Processing file /home/airflow/.local/lib/python3.7/site-packages/airflow/example_dags/example_branch_day_of_week_operator.py for tasks to queue
[2025-01-27T08:46:54.193+0000] {logging_mixin.py:120} INFO - [2025-01-27T08:46:54.193+0000] {dagbag.py:537} INFO - Filling up the DagBag from /home/airflow/.local/lib/python3.7/site-packages/airflow/example_dags/example_branch_day_of_week_operator.py
[2025-01-27T08:46:54.230+0000] {processor.py:766} INFO - DAG(s) dict_keys(['example_weekday_branch_operator']) retrieved from /home/airflow/.local/lib/python3.7/site-packages/airflow/example_dags/example_branch_day_of_week_operator.py
[2025-01-27T08:46:54.326+0000] {logging_mixin.py:120} INFO - [2025-01-27T08:46:54.326+0000] {dag.py:2585} INFO - Sync 1 DAGs
[2025-01-27T08:46:54.393+0000] {logging_mixin.py:120} INFO - [2025-01-27T08:46:54.393+0000] {dag.py:3340} INFO - Setting next_dagrun for example_weekday_branch_operator to 2025-01-26T00:00:00+00:00, run_after=2025-01-27T00:00:00+00:00
[2025-01-27T08:46:54.437+0000] {processor.py:176} INFO - Processing /home/airflow/.local/lib/python3.7/site-packages/airflow/example_dags/example_branch_day_of_week_operator.py took 0.254 seconds
[2025-01-27T08:47:25.011+0000] {processor.py:154} INFO - Started process (PID=1599) to work on /home/airflow/.local/lib/python3.7/site-packages/airflow/example_dags/example_branch_day_of_week_operator.py
[2025-01-27T08:47:25.013+0000] {processor.py:756} INFO - Processing file /home/airflow/.local/lib/python3.7/site-packages/airflow/example_dags/example_branch_day_of_week_operator.py for tasks to queue
[2025-01-27T08:47:25.014+0000] {logging_mixin.py:120} INFO - [2025-01-27T08:47:25.014+0000] {dagbag.py:537} INFO - Filling up the DagBag from /home/airflow/.local/lib/python3.7/site-packages/airflow/example_dags/example_branch_day_of_week_operator.py
[2025-01-27T08:47:25.043+0000] {processor.py:766} INFO - DAG(s) dict_keys(['example_weekday_branch_operator']) retrieved from /home/airflow/.local/lib/python3.7/site-packages/airflow/example_dags/example_branch_day_of_week_operator.py
[2025-01-27T08:47:25.123+0000] {logging_mixin.py:120} INFO - [2025-01-27T08:47:25.123+0000] {dag.py:2585} INFO - Sync 1 DAGs
[2025-01-27T08:47:25.179+0000] {logging_mixin.py:120} INFO - [2025-01-27T08:47:25.179+0000] {dag.py:3340} INFO - Setting next_dagrun for example_weekday_branch_operator to 2025-01-26T00:00:00+00:00, run_after=2025-01-27T00:00:00+00:00
[2025-01-27T08:47:25.221+0000] {processor.py:176} INFO - Processing /home/airflow/.local/lib/python3.7/site-packages/airflow/example_dags/example_branch_day_of_week_operator.py took 0.218 seconds
[2025-01-27T08:47:55.321+0000] {processor.py:154} INFO - Started process (PID=1653) to work on /home/airflow/.local/lib/python3.7/site-packages/airflow/example_dags/example_branch_day_of_week_operator.py
[2025-01-27T08:47:55.323+0000] {processor.py:756} INFO - Processing file /home/airflow/.local/lib/python3.7/site-packages/airflow/example_dags/example_branch_day_of_week_operator.py for tasks to queue
[2025-01-27T08:47:55.324+0000] {logging_mixin.py:120} INFO - [2025-01-27T08:47:55.324+0000] {dagbag.py:537} INFO - Filling up the DagBag from /home/airflow/.local/lib/python3.7/site-packages/airflow/example_dags/example_branch_day_of_week_operator.py
[2025-01-27T08:47:55.353+0000] {processor.py:766} INFO - DAG(s) dict_keys(['example_weekday_branch_operator']) retrieved from /home/airflow/.local/lib/python3.7/site-packages/airflow/example_dags/example_branch_day_of_week_operator.py
[2025-01-27T08:47:55.432+0000] {logging_mixin.py:120} INFO - [2025-01-27T08:47:55.432+0000] {dag.py:2585} INFO - Sync 1 DAGs
[2025-01-27T08:47:55.506+0000] {logging_mixin.py:120} INFO - [2025-01-27T08:47:55.506+0000] {dag.py:3340} INFO - Setting next_dagrun for example_weekday_branch_operator to 2025-01-26T00:00:00+00:00, run_after=2025-01-27T00:00:00+00:00
[2025-01-27T08:47:55.557+0000] {processor.py:176} INFO - Processing /home/airflow/.local/lib/python3.7/site-packages/airflow/example_dags/example_branch_day_of_week_operator.py took 0.241 seconds
[2025-01-27T08:48:26.396+0000] {processor.py:154} INFO - Started process (PID=1717) to work on /home/airflow/.local/lib/python3.7/site-packages/airflow/example_dags/example_branch_day_of_week_operator.py
[2025-01-27T08:48:26.398+0000] {processor.py:756} INFO - Processing file /home/airflow/.local/lib/python3.7/site-packages/airflow/example_dags/example_branch_day_of_week_operator.py for tasks to queue
[2025-01-27T08:48:26.400+0000] {logging_mixin.py:120} INFO - [2025-01-27T08:48:26.399+0000] {dagbag.py:537} INFO - Filling up the DagBag from /home/airflow/.local/lib/python3.7/site-packages/airflow/example_dags/example_branch_day_of_week_operator.py
[2025-01-27T08:48:26.435+0000] {processor.py:766} INFO - DAG(s) dict_keys(['example_weekday_branch_operator']) retrieved from /home/airflow/.local/lib/python3.7/site-packages/airflow/example_dags/example_branch_day_of_week_operator.py
[2025-01-27T08:48:26.521+0000] {logging_mixin.py:120} INFO - [2025-01-27T08:48:26.521+0000] {dag.py:2585} INFO - Sync 1 DAGs
[2025-01-27T08:48:26.579+0000] {logging_mixin.py:120} INFO - [2025-01-27T08:48:26.579+0000] {dag.py:3340} INFO - Setting next_dagrun for example_weekday_branch_operator to 2025-01-26T00:00:00+00:00, run_after=2025-01-27T00:00:00+00:00
[2025-01-27T08:48:26.619+0000] {processor.py:176} INFO - Processing /home/airflow/.local/lib/python3.7/site-packages/airflow/example_dags/example_branch_day_of_week_operator.py took 0.229 seconds
[2025-01-27T08:48:57.090+0000] {processor.py:154} INFO - Started process (PID=1771) to work on /home/airflow/.local/lib/python3.7/site-packages/airflow/example_dags/example_branch_day_of_week_operator.py
[2025-01-27T08:48:57.092+0000] {processor.py:756} INFO - Processing file /home/airflow/.local/lib/python3.7/site-packages/airflow/example_dags/example_branch_day_of_week_operator.py for tasks to queue
[2025-01-27T08:48:57.093+0000] {logging_mixin.py:120} INFO - [2025-01-27T08:48:57.093+0000] {dagbag.py:537} INFO - Filling up the DagBag from /home/airflow/.local/lib/python3.7/site-packages/airflow/example_dags/example_branch_day_of_week_operator.py
[2025-01-27T08:48:57.128+0000] {processor.py:766} INFO - DAG(s) dict_keys(['example_weekday_branch_operator']) retrieved from /home/airflow/.local/lib/python3.7/site-packages/airflow/example_dags/example_branch_day_of_week_operator.py
[2025-01-27T08:48:57.211+0000] {logging_mixin.py:120} INFO - [2025-01-27T08:48:57.211+0000] {dag.py:2585} INFO - Sync 1 DAGs
[2025-01-27T08:48:57.266+0000] {logging_mixin.py:120} INFO - [2025-01-27T08:48:57.266+0000] {dag.py:3340} INFO - Setting next_dagrun for example_weekday_branch_operator to 2025-01-26T00:00:00+00:00, run_after=2025-01-27T00:00:00+00:00
[2025-01-27T08:48:57.309+0000] {processor.py:176} INFO - Processing /home/airflow/.local/lib/python3.7/site-packages/airflow/example_dags/example_branch_day_of_week_operator.py took 0.225 seconds
[2025-01-27T08:49:28.130+0000] {processor.py:154} INFO - Started process (PID=1834) to work on /home/airflow/.local/lib/python3.7/site-packages/airflow/example_dags/example_branch_day_of_week_operator.py
[2025-01-27T08:49:28.131+0000] {processor.py:756} INFO - Processing file /home/airflow/.local/lib/python3.7/site-packages/airflow/example_dags/example_branch_day_of_week_operator.py for tasks to queue
[2025-01-27T08:49:28.133+0000] {logging_mixin.py:120} INFO - [2025-01-27T08:49:28.132+0000] {dagbag.py:537} INFO - Filling up the DagBag from /home/airflow/.local/lib/python3.7/site-packages/airflow/example_dags/example_branch_day_of_week_operator.py
[2025-01-27T08:49:28.162+0000] {processor.py:766} INFO - DAG(s) dict_keys(['example_weekday_branch_operator']) retrieved from /home/airflow/.local/lib/python3.7/site-packages/airflow/example_dags/example_branch_day_of_week_operator.py
[2025-01-27T08:49:28.241+0000] {logging_mixin.py:120} INFO - [2025-01-27T08:49:28.240+0000] {dag.py:2585} INFO - Sync 1 DAGs
[2025-01-27T08:49:28.288+0000] {logging_mixin.py:120} INFO - [2025-01-27T08:49:28.288+0000] {dag.py:3340} INFO - Setting next_dagrun for example_weekday_branch_operator to 2025-01-26T00:00:00+00:00, run_after=2025-01-27T00:00:00+00:00
[2025-01-27T08:49:28.320+0000] {processor.py:176} INFO - Processing /home/airflow/.local/lib/python3.7/site-packages/airflow/example_dags/example_branch_day_of_week_operator.py took 0.195 seconds
[2025-01-27T08:49:58.671+0000] {processor.py:154} INFO - Started process (PID=1890) to work on /home/airflow/.local/lib/python3.7/site-packages/airflow/example_dags/example_branch_day_of_week_operator.py
[2025-01-27T08:49:58.673+0000] {processor.py:756} INFO - Processing file /home/airflow/.local/lib/python3.7/site-packages/airflow/example_dags/example_branch_day_of_week_operator.py for tasks to queue
[2025-01-27T08:49:58.675+0000] {logging_mixin.py:120} INFO - [2025-01-27T08:49:58.675+0000] {dagbag.py:537} INFO - Filling up the DagBag from /home/airflow/.local/lib/python3.7/site-packages/airflow/example_dags/example_branch_day_of_week_operator.py
[2025-01-27T08:49:58.719+0000] {processor.py:766} INFO - DAG(s) dict_keys(['example_weekday_branch_operator']) retrieved from /home/airflow/.local/lib/python3.7/site-packages/airflow/example_dags/example_branch_day_of_week_operator.py
[2025-01-27T08:49:58.797+0000] {logging_mixin.py:120} INFO - [2025-01-27T08:49:58.796+0000] {dag.py:2585} INFO - Sync 1 DAGs
[2025-01-27T08:49:58.852+0000] {logging_mixin.py:120} INFO - [2025-01-27T08:49:58.852+0000] {dag.py:3340} INFO - Setting next_dagrun for example_weekday_branch_operator to 2025-01-26T00:00:00+00:00, run_after=2025-01-27T00:00:00+00:00
[2025-01-27T08:49:58.888+0000] {processor.py:176} INFO - Processing /home/airflow/.local/lib/python3.7/site-packages/airflow/example_dags/example_branch_day_of_week_operator.py took 0.226 seconds
[2025-01-27T08:50:29.143+0000] {processor.py:154} INFO - Started process (PID=1951) to work on /home/airflow/.local/lib/python3.7/site-packages/airflow/example_dags/example_branch_day_of_week_operator.py
[2025-01-27T08:50:29.145+0000] {processor.py:756} INFO - Processing file /home/airflow/.local/lib/python3.7/site-packages/airflow/example_dags/example_branch_day_of_week_operator.py for tasks to queue
[2025-01-27T08:50:29.147+0000] {logging_mixin.py:120} INFO - [2025-01-27T08:50:29.147+0000] {dagbag.py:537} INFO - Filling up the DagBag from /home/airflow/.local/lib/python3.7/site-packages/airflow/example_dags/example_branch_day_of_week_operator.py
[2025-01-27T08:50:29.176+0000] {processor.py:766} INFO - DAG(s) dict_keys(['example_weekday_branch_operator']) retrieved from /home/airflow/.local/lib/python3.7/site-packages/airflow/example_dags/example_branch_day_of_week_operator.py
[2025-01-27T08:50:29.252+0000] {logging_mixin.py:120} INFO - [2025-01-27T08:50:29.252+0000] {dag.py:2585} INFO - Sync 1 DAGs
[2025-01-27T08:50:29.310+0000] {logging_mixin.py:120} INFO - [2025-01-27T08:50:29.310+0000] {dag.py:3340} INFO - Setting next_dagrun for example_weekday_branch_operator to 2025-01-26T00:00:00+00:00, run_after=2025-01-27T00:00:00+00:00
[2025-01-27T08:50:29.350+0000] {processor.py:176} INFO - Processing /home/airflow/.local/lib/python3.7/site-packages/airflow/example_dags/example_branch_day_of_week_operator.py took 0.212 seconds
[2025-01-27T08:50:59.889+0000] {processor.py:154} INFO - Started process (PID=2004) to work on /home/airflow/.local/lib/python3.7/site-packages/airflow/example_dags/example_branch_day_of_week_operator.py
[2025-01-27T08:50:59.891+0000] {processor.py:756} INFO - Processing file /home/airflow/.local/lib/python3.7/site-packages/airflow/example_dags/example_branch_day_of_week_operator.py for tasks to queue
[2025-01-27T08:50:59.892+0000] {logging_mixin.py:120} INFO - [2025-01-27T08:50:59.892+0000] {dagbag.py:537} INFO - Filling up the DagBag from /home/airflow/.local/lib/python3.7/site-packages/airflow/example_dags/example_branch_day_of_week_operator.py
[2025-01-27T08:50:59.927+0000] {processor.py:766} INFO - DAG(s) dict_keys(['example_weekday_branch_operator']) retrieved from /home/airflow/.local/lib/python3.7/site-packages/airflow/example_dags/example_branch_day_of_week_operator.py
[2025-01-27T08:51:00.016+0000] {logging_mixin.py:120} INFO - [2025-01-27T08:51:00.016+0000] {dag.py:2585} INFO - Sync 1 DAGs
[2025-01-27T08:51:00.066+0000] {logging_mixin.py:120} INFO - [2025-01-27T08:51:00.066+0000] {dag.py:3340} INFO - Setting next_dagrun for example_weekday_branch_operator to 2025-01-26T00:00:00+00:00, run_after=2025-01-27T00:00:00+00:00
[2025-01-27T08:51:00.102+0000] {processor.py:176} INFO - Processing /home/airflow/.local/lib/python3.7/site-packages/airflow/example_dags/example_branch_day_of_week_operator.py took 0.218 seconds
[2025-01-27T08:51:30.676+0000] {processor.py:154} INFO - Started process (PID=2067) to work on /home/airflow/.local/lib/python3.7/site-packages/airflow/example_dags/example_branch_day_of_week_operator.py
[2025-01-27T08:51:30.678+0000] {processor.py:756} INFO - Processing file /home/airflow/.local/lib/python3.7/site-packages/airflow/example_dags/example_branch_day_of_week_operator.py for tasks to queue
[2025-01-27T08:51:30.680+0000] {logging_mixin.py:120} INFO - [2025-01-27T08:51:30.679+0000] {dagbag.py:537} INFO - Filling up the DagBag from /home/airflow/.local/lib/python3.7/site-packages/airflow/example_dags/example_branch_day_of_week_operator.py
[2025-01-27T08:51:30.709+0000] {processor.py:766} INFO - DAG(s) dict_keys(['example_weekday_branch_operator']) retrieved from /home/airflow/.local/lib/python3.7/site-packages/airflow/example_dags/example_branch_day_of_week_operator.py
[2025-01-27T08:51:30.785+0000] {logging_mixin.py:120} INFO - [2025-01-27T08:51:30.784+0000] {dag.py:2585} INFO - Sync 1 DAGs
[2025-01-27T08:51:30.836+0000] {logging_mixin.py:120} INFO - [2025-01-27T08:51:30.835+0000] {dag.py:3340} INFO - Setting next_dagrun for example_weekday_branch_operator to 2025-01-26T00:00:00+00:00, run_after=2025-01-27T00:00:00+00:00
[2025-01-27T08:51:30.879+0000] {processor.py:176} INFO - Processing /home/airflow/.local/lib/python3.7/site-packages/airflow/example_dags/example_branch_day_of_week_operator.py took 0.212 seconds
[2025-01-27T08:52:01.229+0000] {processor.py:154} INFO - Started process (PID=2120) to work on /home/airflow/.local/lib/python3.7/site-packages/airflow/example_dags/example_branch_day_of_week_operator.py
[2025-01-27T08:52:01.231+0000] {processor.py:756} INFO - Processing file /home/airflow/.local/lib/python3.7/site-packages/airflow/example_dags/example_branch_day_of_week_operator.py for tasks to queue
[2025-01-27T08:52:01.232+0000] {logging_mixin.py:120} INFO - [2025-01-27T08:52:01.232+0000] {dagbag.py:537} INFO - Filling up the DagBag from /home/airflow/.local/lib/python3.7/site-packages/airflow/example_dags/example_branch_day_of_week_operator.py
[2025-01-27T08:52:01.270+0000] {processor.py:766} INFO - DAG(s) dict_keys(['example_weekday_branch_operator']) retrieved from /home/airflow/.local/lib/python3.7/site-packages/airflow/example_dags/example_branch_day_of_week_operator.py
[2025-01-27T08:52:01.356+0000] {logging_mixin.py:120} INFO - [2025-01-27T08:52:01.356+0000] {dag.py:2585} INFO - Sync 1 DAGs
[2025-01-27T08:52:01.417+0000] {logging_mixin.py:120} INFO - [2025-01-27T08:52:01.416+0000] {dag.py:3340} INFO - Setting next_dagrun for example_weekday_branch_operator to 2025-01-26T00:00:00+00:00, run_after=2025-01-27T00:00:00+00:00
[2025-01-27T08:52:01.454+0000] {processor.py:176} INFO - Processing /home/airflow/.local/lib/python3.7/site-packages/airflow/example_dags/example_branch_day_of_week_operator.py took 0.231 seconds
[2025-01-27T08:52:31.529+0000] {processor.py:154} INFO - Started process (PID=2184) to work on /home/airflow/.local/lib/python3.7/site-packages/airflow/example_dags/example_branch_day_of_week_operator.py
[2025-01-27T08:52:31.531+0000] {processor.py:756} INFO - Processing file /home/airflow/.local/lib/python3.7/site-packages/airflow/example_dags/example_branch_day_of_week_operator.py for tasks to queue
[2025-01-27T08:52:31.532+0000] {logging_mixin.py:120} INFO - [2025-01-27T08:52:31.532+0000] {dagbag.py:537} INFO - Filling up the DagBag from /home/airflow/.local/lib/python3.7/site-packages/airflow/example_dags/example_branch_day_of_week_operator.py
[2025-01-27T08:52:31.562+0000] {processor.py:766} INFO - DAG(s) dict_keys(['example_weekday_branch_operator']) retrieved from /home/airflow/.local/lib/python3.7/site-packages/airflow/example_dags/example_branch_day_of_week_operator.py
[2025-01-27T08:52:31.632+0000] {logging_mixin.py:120} INFO - [2025-01-27T08:52:31.632+0000] {dag.py:2585} INFO - Sync 1 DAGs
[2025-01-27T08:52:31.686+0000] {logging_mixin.py:120} INFO - [2025-01-27T08:52:31.686+0000] {dag.py:3340} INFO - Setting next_dagrun for example_weekday_branch_operator to 2025-01-26T00:00:00+00:00, run_after=2025-01-27T00:00:00+00:00
[2025-01-27T08:52:31.725+0000] {processor.py:176} INFO - Processing /home/airflow/.local/lib/python3.7/site-packages/airflow/example_dags/example_branch_day_of_week_operator.py took 0.201 seconds
[2025-01-27T08:53:02.101+0000] {processor.py:154} INFO - Started process (PID=2238) to work on /home/airflow/.local/lib/python3.7/site-packages/airflow/example_dags/example_branch_day_of_week_operator.py
[2025-01-27T08:53:02.102+0000] {processor.py:756} INFO - Processing file /home/airflow/.local/lib/python3.7/site-packages/airflow/example_dags/example_branch_day_of_week_operator.py for tasks to queue
[2025-01-27T08:53:02.104+0000] {logging_mixin.py:120} INFO - [2025-01-27T08:53:02.104+0000] {dagbag.py:537} INFO - Filling up the DagBag from /home/airflow/.local/lib/python3.7/site-packages/airflow/example_dags/example_branch_day_of_week_operator.py
[2025-01-27T08:53:02.135+0000] {processor.py:766} INFO - DAG(s) dict_keys(['example_weekday_branch_operator']) retrieved from /home/airflow/.local/lib/python3.7/site-packages/airflow/example_dags/example_branch_day_of_week_operator.py
[2025-01-27T08:53:02.211+0000] {logging_mixin.py:120} INFO - [2025-01-27T08:53:02.210+0000] {dag.py:2585} INFO - Sync 1 DAGs
[2025-01-27T08:53:02.266+0000] {logging_mixin.py:120} INFO - [2025-01-27T08:53:02.266+0000] {dag.py:3340} INFO - Setting next_dagrun for example_weekday_branch_operator to 2025-01-26T00:00:00+00:00, run_after=2025-01-27T00:00:00+00:00
[2025-01-27T08:53:02.304+0000] {processor.py:176} INFO - Processing /home/airflow/.local/lib/python3.7/site-packages/airflow/example_dags/example_branch_day_of_week_operator.py took 0.209 seconds
[2025-01-27T08:53:32.449+0000] {processor.py:154} INFO - Started process (PID=2301) to work on /home/airflow/.local/lib/python3.7/site-packages/airflow/example_dags/example_branch_day_of_week_operator.py
[2025-01-27T08:53:32.451+0000] {processor.py:756} INFO - Processing file /home/airflow/.local/lib/python3.7/site-packages/airflow/example_dags/example_branch_day_of_week_operator.py for tasks to queue
[2025-01-27T08:53:32.452+0000] {logging_mixin.py:120} INFO - [2025-01-27T08:53:32.452+0000] {dagbag.py:537} INFO - Filling up the DagBag from /home/airflow/.local/lib/python3.7/site-packages/airflow/example_dags/example_branch_day_of_week_operator.py
[2025-01-27T08:53:32.482+0000] {processor.py:766} INFO - DAG(s) dict_keys(['example_weekday_branch_operator']) retrieved from /home/airflow/.local/lib/python3.7/site-packages/airflow/example_dags/example_branch_day_of_week_operator.py
[2025-01-27T08:53:32.553+0000] {logging_mixin.py:120} INFO - [2025-01-27T08:53:32.553+0000] {dag.py:2585} INFO - Sync 1 DAGs
[2025-01-27T08:53:32.599+0000] {logging_mixin.py:120} INFO - [2025-01-27T08:53:32.599+0000] {dag.py:3340} INFO - Setting next_dagrun for example_weekday_branch_operator to 2025-01-26T00:00:00+00:00, run_after=2025-01-27T00:00:00+00:00
[2025-01-27T08:53:32.634+0000] {processor.py:176} INFO - Processing /home/airflow/.local/lib/python3.7/site-packages/airflow/example_dags/example_branch_day_of_week_operator.py took 0.190 seconds
[2025-01-27T08:54:02.827+0000] {processor.py:154} INFO - Started process (PID=2355) to work on /home/airflow/.local/lib/python3.7/site-packages/airflow/example_dags/example_branch_day_of_week_operator.py
[2025-01-27T08:54:02.829+0000] {processor.py:756} INFO - Processing file /home/airflow/.local/lib/python3.7/site-packages/airflow/example_dags/example_branch_day_of_week_operator.py for tasks to queue
[2025-01-27T08:54:02.830+0000] {logging_mixin.py:120} INFO - [2025-01-27T08:54:02.830+0000] {dagbag.py:537} INFO - Filling up the DagBag from /home/airflow/.local/lib/python3.7/site-packages/airflow/example_dags/example_branch_day_of_week_operator.py
[2025-01-27T08:54:02.861+0000] {processor.py:766} INFO - DAG(s) dict_keys(['example_weekday_branch_operator']) retrieved from /home/airflow/.local/lib/python3.7/site-packages/airflow/example_dags/example_branch_day_of_week_operator.py
[2025-01-27T08:54:02.939+0000] {logging_mixin.py:120} INFO - [2025-01-27T08:54:02.938+0000] {dag.py:2585} INFO - Sync 1 DAGs
[2025-01-27T08:54:02.998+0000] {logging_mixin.py:120} INFO - [2025-01-27T08:54:02.998+0000] {dag.py:3340} INFO - Setting next_dagrun for example_weekday_branch_operator to 2025-01-26T00:00:00+00:00, run_after=2025-01-27T00:00:00+00:00
[2025-01-27T08:54:03.035+0000] {processor.py:176} INFO - Processing /home/airflow/.local/lib/python3.7/site-packages/airflow/example_dags/example_branch_day_of_week_operator.py took 0.214 seconds
[2025-01-27T08:54:33.677+0000] {processor.py:154} INFO - Started process (PID=2418) to work on /home/airflow/.local/lib/python3.7/site-packages/airflow/example_dags/example_branch_day_of_week_operator.py
[2025-01-27T08:54:33.679+0000] {processor.py:756} INFO - Processing file /home/airflow/.local/lib/python3.7/site-packages/airflow/example_dags/example_branch_day_of_week_operator.py for tasks to queue
[2025-01-27T08:54:33.680+0000] {logging_mixin.py:120} INFO - [2025-01-27T08:54:33.680+0000] {dagbag.py:537} INFO - Filling up the DagBag from /home/airflow/.local/lib/python3.7/site-packages/airflow/example_dags/example_branch_day_of_week_operator.py
[2025-01-27T08:54:33.709+0000] {processor.py:766} INFO - DAG(s) dict_keys(['example_weekday_branch_operator']) retrieved from /home/airflow/.local/lib/python3.7/site-packages/airflow/example_dags/example_branch_day_of_week_operator.py
[2025-01-27T08:54:33.795+0000] {logging_mixin.py:120} INFO - [2025-01-27T08:54:33.795+0000] {dag.py:2585} INFO - Sync 1 DAGs
[2025-01-27T08:54:33.853+0000] {logging_mixin.py:120} INFO - [2025-01-27T08:54:33.853+0000] {dag.py:3340} INFO - Setting next_dagrun for example_weekday_branch_operator to 2025-01-26T00:00:00+00:00, run_after=2025-01-27T00:00:00+00:00
[2025-01-27T08:54:33.887+0000] {processor.py:176} INFO - Processing /home/airflow/.local/lib/python3.7/site-packages/airflow/example_dags/example_branch_day_of_week_operator.py took 0.219 seconds
[2025-01-27T08:55:04.470+0000] {processor.py:154} INFO - Started process (PID=2472) to work on /home/airflow/.local/lib/python3.7/site-packages/airflow/example_dags/example_branch_day_of_week_operator.py
[2025-01-27T08:55:04.473+0000] {processor.py:756} INFO - Processing file /home/airflow/.local/lib/python3.7/site-packages/airflow/example_dags/example_branch_day_of_week_operator.py for tasks to queue
[2025-01-27T08:55:04.475+0000] {logging_mixin.py:120} INFO - [2025-01-27T08:55:04.475+0000] {dagbag.py:537} INFO - Filling up the DagBag from /home/airflow/.local/lib/python3.7/site-packages/airflow/example_dags/example_branch_day_of_week_operator.py
[2025-01-27T08:55:04.502+0000] {processor.py:766} INFO - DAG(s) dict_keys(['example_weekday_branch_operator']) retrieved from /home/airflow/.local/lib/python3.7/site-packages/airflow/example_dags/example_branch_day_of_week_operator.py
[2025-01-27T08:55:04.577+0000] {logging_mixin.py:120} INFO - [2025-01-27T08:55:04.577+0000] {dag.py:2585} INFO - Sync 1 DAGs
[2025-01-27T08:55:04.620+0000] {logging_mixin.py:120} INFO - [2025-01-27T08:55:04.619+0000] {dag.py:3340} INFO - Setting next_dagrun for example_weekday_branch_operator to 2025-01-26T00:00:00+00:00, run_after=2025-01-27T00:00:00+00:00
[2025-01-27T08:55:04.653+0000] {processor.py:176} INFO - Processing /home/airflow/.local/lib/python3.7/site-packages/airflow/example_dags/example_branch_day_of_week_operator.py took 0.188 seconds
[2025-01-27T08:55:34.882+0000] {processor.py:154} INFO - Started process (PID=2533) to work on /home/airflow/.local/lib/python3.7/site-packages/airflow/example_dags/example_branch_day_of_week_operator.py
[2025-01-27T08:55:34.884+0000] {processor.py:756} INFO - Processing file /home/airflow/.local/lib/python3.7/site-packages/airflow/example_dags/example_branch_day_of_week_operator.py for tasks to queue
[2025-01-27T08:55:34.885+0000] {logging_mixin.py:120} INFO - [2025-01-27T08:55:34.885+0000] {dagbag.py:537} INFO - Filling up the DagBag from /home/airflow/.local/lib/python3.7/site-packages/airflow/example_dags/example_branch_day_of_week_operator.py
[2025-01-27T08:55:34.916+0000] {processor.py:766} INFO - DAG(s) dict_keys(['example_weekday_branch_operator']) retrieved from /home/airflow/.local/lib/python3.7/site-packages/airflow/example_dags/example_branch_day_of_week_operator.py
[2025-01-27T08:55:34.991+0000] {logging_mixin.py:120} INFO - [2025-01-27T08:55:34.991+0000] {dag.py:2585} INFO - Sync 1 DAGs
[2025-01-27T08:55:35.046+0000] {logging_mixin.py:120} INFO - [2025-01-27T08:55:35.046+0000] {dag.py:3340} INFO - Setting next_dagrun for example_weekday_branch_operator to 2025-01-26T00:00:00+00:00, run_after=2025-01-27T00:00:00+00:00
[2025-01-27T08:55:35.090+0000] {processor.py:176} INFO - Processing /home/airflow/.local/lib/python3.7/site-packages/airflow/example_dags/example_branch_day_of_week_operator.py took 0.215 seconds
[2025-01-27T08:56:05.764+0000] {processor.py:154} INFO - Started process (PID=2587) to work on /home/airflow/.local/lib/python3.7/site-packages/airflow/example_dags/example_branch_day_of_week_operator.py
[2025-01-27T08:56:05.765+0000] {processor.py:756} INFO - Processing file /home/airflow/.local/lib/python3.7/site-packages/airflow/example_dags/example_branch_day_of_week_operator.py for tasks to queue
[2025-01-27T08:56:05.768+0000] {logging_mixin.py:120} INFO - [2025-01-27T08:56:05.768+0000] {dagbag.py:537} INFO - Filling up the DagBag from /home/airflow/.local/lib/python3.7/site-packages/airflow/example_dags/example_branch_day_of_week_operator.py
[2025-01-27T08:56:05.802+0000] {processor.py:766} INFO - DAG(s) dict_keys(['example_weekday_branch_operator']) retrieved from /home/airflow/.local/lib/python3.7/site-packages/airflow/example_dags/example_branch_day_of_week_operator.py
[2025-01-27T08:56:05.888+0000] {logging_mixin.py:120} INFO - [2025-01-27T08:56:05.888+0000] {dag.py:2585} INFO - Sync 1 DAGs
[2025-01-27T08:56:05.943+0000] {logging_mixin.py:120} INFO - [2025-01-27T08:56:05.942+0000] {dag.py:3340} INFO - Setting next_dagrun for example_weekday_branch_operator to 2025-01-26T00:00:00+00:00, run_after=2025-01-27T00:00:00+00:00
[2025-01-27T08:56:05.980+0000] {processor.py:176} INFO - Processing /home/airflow/.local/lib/python3.7/site-packages/airflow/example_dags/example_branch_day_of_week_operator.py took 0.224 seconds
[2025-01-27T08:56:36.642+0000] {processor.py:154} INFO - Started process (PID=2650) to work on /home/airflow/.local/lib/python3.7/site-packages/airflow/example_dags/example_branch_day_of_week_operator.py
[2025-01-27T08:56:36.646+0000] {processor.py:756} INFO - Processing file /home/airflow/.local/lib/python3.7/site-packages/airflow/example_dags/example_branch_day_of_week_operator.py for tasks to queue
[2025-01-27T08:56:36.648+0000] {logging_mixin.py:120} INFO - [2025-01-27T08:56:36.648+0000] {dagbag.py:537} INFO - Filling up the DagBag from /home/airflow/.local/lib/python3.7/site-packages/airflow/example_dags/example_branch_day_of_week_operator.py
[2025-01-27T08:56:36.676+0000] {processor.py:766} INFO - DAG(s) dict_keys(['example_weekday_branch_operator']) retrieved from /home/airflow/.local/lib/python3.7/site-packages/airflow/example_dags/example_branch_day_of_week_operator.py
[2025-01-27T08:56:36.756+0000] {logging_mixin.py:120} INFO - [2025-01-27T08:56:36.756+0000] {dag.py:2585} INFO - Sync 1 DAGs
[2025-01-27T08:56:36.817+0000] {logging_mixin.py:120} INFO - [2025-01-27T08:56:36.817+0000] {dag.py:3340} INFO - Setting next_dagrun for example_weekday_branch_operator to 2025-01-26T00:00:00+00:00, run_after=2025-01-27T00:00:00+00:00
[2025-01-27T08:56:36.853+0000] {processor.py:176} INFO - Processing /home/airflow/.local/lib/python3.7/site-packages/airflow/example_dags/example_branch_day_of_week_operator.py took 0.220 seconds
[2025-01-27T08:57:07.147+0000] {processor.py:154} INFO - Started process (PID=2701) to work on /home/airflow/.local/lib/python3.7/site-packages/airflow/example_dags/example_branch_day_of_week_operator.py
[2025-01-27T08:57:07.149+0000] {processor.py:756} INFO - Processing file /home/airflow/.local/lib/python3.7/site-packages/airflow/example_dags/example_branch_day_of_week_operator.py for tasks to queue
[2025-01-27T08:57:07.150+0000] {logging_mixin.py:120} INFO - [2025-01-27T08:57:07.150+0000] {dagbag.py:537} INFO - Filling up the DagBag from /home/airflow/.local/lib/python3.7/site-packages/airflow/example_dags/example_branch_day_of_week_operator.py
[2025-01-27T08:57:07.181+0000] {processor.py:766} INFO - DAG(s) dict_keys(['example_weekday_branch_operator']) retrieved from /home/airflow/.local/lib/python3.7/site-packages/airflow/example_dags/example_branch_day_of_week_operator.py
[2025-01-27T08:57:07.253+0000] {logging_mixin.py:120} INFO - [2025-01-27T08:57:07.253+0000] {dag.py:2585} INFO - Sync 1 DAGs
[2025-01-27T08:57:07.302+0000] {logging_mixin.py:120} INFO - [2025-01-27T08:57:07.302+0000] {dag.py:3340} INFO - Setting next_dagrun for example_weekday_branch_operator to 2025-01-26T00:00:00+00:00, run_after=2025-01-27T00:00:00+00:00
[2025-01-27T08:57:07.335+0000] {processor.py:176} INFO - Processing /home/airflow/.local/lib/python3.7/site-packages/airflow/example_dags/example_branch_day_of_week_operator.py took 0.196 seconds
[2025-01-27T08:57:37.811+0000] {processor.py:154} INFO - Started process (PID=2754) to work on /home/airflow/.local/lib/python3.7/site-packages/airflow/example_dags/example_branch_day_of_week_operator.py
[2025-01-27T08:57:37.813+0000] {processor.py:756} INFO - Processing file /home/airflow/.local/lib/python3.7/site-packages/airflow/example_dags/example_branch_day_of_week_operator.py for tasks to queue
[2025-01-27T08:57:37.815+0000] {logging_mixin.py:120} INFO - [2025-01-27T08:57:37.814+0000] {dagbag.py:537} INFO - Filling up the DagBag from /home/airflow/.local/lib/python3.7/site-packages/airflow/example_dags/example_branch_day_of_week_operator.py
[2025-01-27T08:57:37.858+0000] {processor.py:766} INFO - DAG(s) dict_keys(['example_weekday_branch_operator']) retrieved from /home/airflow/.local/lib/python3.7/site-packages/airflow/example_dags/example_branch_day_of_week_operator.py
[2025-01-27T08:57:37.926+0000] {logging_mixin.py:120} INFO - [2025-01-27T08:57:37.925+0000] {dag.py:2585} INFO - Sync 1 DAGs
[2025-01-27T08:57:37.969+0000] {logging_mixin.py:120} INFO - [2025-01-27T08:57:37.968+0000] {dag.py:3340} INFO - Setting next_dagrun for example_weekday_branch_operator to 2025-01-26T00:00:00+00:00, run_after=2025-01-27T00:00:00+00:00
[2025-01-27T08:57:38.002+0000] {processor.py:176} INFO - Processing /home/airflow/.local/lib/python3.7/site-packages/airflow/example_dags/example_branch_day_of_week_operator.py took 0.199 seconds
[2025-01-27T08:58:08.735+0000] {processor.py:154} INFO - Started process (PID=2815) to work on /home/airflow/.local/lib/python3.7/site-packages/airflow/example_dags/example_branch_day_of_week_operator.py
[2025-01-27T08:58:08.737+0000] {processor.py:756} INFO - Processing file /home/airflow/.local/lib/python3.7/site-packages/airflow/example_dags/example_branch_day_of_week_operator.py for tasks to queue
[2025-01-27T08:58:08.738+0000] {logging_mixin.py:120} INFO - [2025-01-27T08:58:08.738+0000] {dagbag.py:537} INFO - Filling up the DagBag from /home/airflow/.local/lib/python3.7/site-packages/airflow/example_dags/example_branch_day_of_week_operator.py
[2025-01-27T08:58:08.770+0000] {processor.py:766} INFO - DAG(s) dict_keys(['example_weekday_branch_operator']) retrieved from /home/airflow/.local/lib/python3.7/site-packages/airflow/example_dags/example_branch_day_of_week_operator.py
[2025-01-27T08:58:08.874+0000] {logging_mixin.py:120} INFO - [2025-01-27T08:58:08.874+0000] {dag.py:2585} INFO - Sync 1 DAGs
[2025-01-27T08:58:08.935+0000] {logging_mixin.py:120} INFO - [2025-01-27T08:58:08.934+0000] {dag.py:3340} INFO - Setting next_dagrun for example_weekday_branch_operator to 2025-01-26T00:00:00+00:00, run_after=2025-01-27T00:00:00+00:00
[2025-01-27T08:58:08.975+0000] {processor.py:176} INFO - Processing /home/airflow/.local/lib/python3.7/site-packages/airflow/example_dags/example_branch_day_of_week_operator.py took 0.245 seconds
[2025-01-27T08:58:39.067+0000] {processor.py:154} INFO - Started process (PID=2869) to work on /home/airflow/.local/lib/python3.7/site-packages/airflow/example_dags/example_branch_day_of_week_operator.py
[2025-01-27T08:58:39.070+0000] {processor.py:756} INFO - Processing file /home/airflow/.local/lib/python3.7/site-packages/airflow/example_dags/example_branch_day_of_week_operator.py for tasks to queue
[2025-01-27T08:58:39.078+0000] {logging_mixin.py:120} INFO - [2025-01-27T08:58:39.078+0000] {dagbag.py:537} INFO - Filling up the DagBag from /home/airflow/.local/lib/python3.7/site-packages/airflow/example_dags/example_branch_day_of_week_operator.py
[2025-01-27T08:58:39.107+0000] {processor.py:766} INFO - DAG(s) dict_keys(['example_weekday_branch_operator']) retrieved from /home/airflow/.local/lib/python3.7/site-packages/airflow/example_dags/example_branch_day_of_week_operator.py
[2025-01-27T08:58:39.179+0000] {logging_mixin.py:120} INFO - [2025-01-27T08:58:39.179+0000] {dag.py:2585} INFO - Sync 1 DAGs
[2025-01-27T08:58:39.229+0000] {logging_mixin.py:120} INFO - [2025-01-27T08:58:39.229+0000] {dag.py:3340} INFO - Setting next_dagrun for example_weekday_branch_operator to 2025-01-26T00:00:00+00:00, run_after=2025-01-27T00:00:00+00:00
[2025-01-27T08:58:39.270+0000] {processor.py:176} INFO - Processing /home/airflow/.local/lib/python3.7/site-packages/airflow/example_dags/example_branch_day_of_week_operator.py took 0.209 seconds
[2025-01-27T08:59:09.805+0000] {processor.py:154} INFO - Started process (PID=2932) to work on /home/airflow/.local/lib/python3.7/site-packages/airflow/example_dags/example_branch_day_of_week_operator.py
[2025-01-27T08:59:09.807+0000] {processor.py:756} INFO - Processing file /home/airflow/.local/lib/python3.7/site-packages/airflow/example_dags/example_branch_day_of_week_operator.py for tasks to queue
[2025-01-27T08:59:09.808+0000] {logging_mixin.py:120} INFO - [2025-01-27T08:59:09.808+0000] {dagbag.py:537} INFO - Filling up the DagBag from /home/airflow/.local/lib/python3.7/site-packages/airflow/example_dags/example_branch_day_of_week_operator.py
[2025-01-27T08:59:09.841+0000] {processor.py:766} INFO - DAG(s) dict_keys(['example_weekday_branch_operator']) retrieved from /home/airflow/.local/lib/python3.7/site-packages/airflow/example_dags/example_branch_day_of_week_operator.py
[2025-01-27T08:59:09.930+0000] {logging_mixin.py:120} INFO - [2025-01-27T08:59:09.930+0000] {dag.py:2585} INFO - Sync 1 DAGs
[2025-01-27T08:59:09.993+0000] {logging_mixin.py:120} INFO - [2025-01-27T08:59:09.993+0000] {dag.py:3340} INFO - Setting next_dagrun for example_weekday_branch_operator to 2025-01-26T00:00:00+00:00, run_after=2025-01-27T00:00:00+00:00
[2025-01-27T08:59:10.030+0000] {processor.py:176} INFO - Processing /home/airflow/.local/lib/python3.7/site-packages/airflow/example_dags/example_branch_day_of_week_operator.py took 0.231 seconds
[2025-01-27T08:59:40.170+0000] {processor.py:154} INFO - Started process (PID=2985) to work on /home/airflow/.local/lib/python3.7/site-packages/airflow/example_dags/example_branch_day_of_week_operator.py
[2025-01-27T08:59:40.172+0000] {processor.py:756} INFO - Processing file /home/airflow/.local/lib/python3.7/site-packages/airflow/example_dags/example_branch_day_of_week_operator.py for tasks to queue
[2025-01-27T08:59:40.174+0000] {logging_mixin.py:120} INFO - [2025-01-27T08:59:40.174+0000] {dagbag.py:537} INFO - Filling up the DagBag from /home/airflow/.local/lib/python3.7/site-packages/airflow/example_dags/example_branch_day_of_week_operator.py
[2025-01-27T08:59:40.210+0000] {processor.py:766} INFO - DAG(s) dict_keys(['example_weekday_branch_operator']) retrieved from /home/airflow/.local/lib/python3.7/site-packages/airflow/example_dags/example_branch_day_of_week_operator.py
[2025-01-27T08:59:40.332+0000] {logging_mixin.py:120} INFO - [2025-01-27T08:59:40.332+0000] {dag.py:2585} INFO - Sync 1 DAGs
[2025-01-27T08:59:40.401+0000] {logging_mixin.py:120} INFO - [2025-01-27T08:59:40.401+0000] {dag.py:3340} INFO - Setting next_dagrun for example_weekday_branch_operator to 2025-01-26T00:00:00+00:00, run_after=2025-01-27T00:00:00+00:00
[2025-01-27T08:59:40.456+0000] {processor.py:176} INFO - Processing /home/airflow/.local/lib/python3.7/site-packages/airflow/example_dags/example_branch_day_of_week_operator.py took 0.294 seconds
[2025-01-27T09:00:11.245+0000] {processor.py:154} INFO - Started process (PID=3048) to work on /home/airflow/.local/lib/python3.7/site-packages/airflow/example_dags/example_branch_day_of_week_operator.py
[2025-01-27T09:00:11.246+0000] {processor.py:756} INFO - Processing file /home/airflow/.local/lib/python3.7/site-packages/airflow/example_dags/example_branch_day_of_week_operator.py for tasks to queue
[2025-01-27T09:00:11.248+0000] {logging_mixin.py:120} INFO - [2025-01-27T09:00:11.247+0000] {dagbag.py:537} INFO - Filling up the DagBag from /home/airflow/.local/lib/python3.7/site-packages/airflow/example_dags/example_branch_day_of_week_operator.py
[2025-01-27T09:00:11.279+0000] {processor.py:766} INFO - DAG(s) dict_keys(['example_weekday_branch_operator']) retrieved from /home/airflow/.local/lib/python3.7/site-packages/airflow/example_dags/example_branch_day_of_week_operator.py
[2025-01-27T09:00:11.360+0000] {logging_mixin.py:120} INFO - [2025-01-27T09:00:11.360+0000] {dag.py:2585} INFO - Sync 1 DAGs
[2025-01-27T09:00:11.413+0000] {logging_mixin.py:120} INFO - [2025-01-27T09:00:11.412+0000] {dag.py:3340} INFO - Setting next_dagrun for example_weekday_branch_operator to 2025-01-26T00:00:00+00:00, run_after=2025-01-27T00:00:00+00:00
[2025-01-27T09:00:11.451+0000] {processor.py:176} INFO - Processing /home/airflow/.local/lib/python3.7/site-packages/airflow/example_dags/example_branch_day_of_week_operator.py took 0.211 seconds
[2025-01-27T09:00:41.485+0000] {processor.py:154} INFO - Started process (PID=3100) to work on /home/airflow/.local/lib/python3.7/site-packages/airflow/example_dags/example_branch_day_of_week_operator.py
[2025-01-27T09:00:41.487+0000] {processor.py:756} INFO - Processing file /home/airflow/.local/lib/python3.7/site-packages/airflow/example_dags/example_branch_day_of_week_operator.py for tasks to queue
[2025-01-27T09:00:41.488+0000] {logging_mixin.py:120} INFO - [2025-01-27T09:00:41.488+0000] {dagbag.py:537} INFO - Filling up the DagBag from /home/airflow/.local/lib/python3.7/site-packages/airflow/example_dags/example_branch_day_of_week_operator.py
[2025-01-27T09:00:41.520+0000] {processor.py:766} INFO - DAG(s) dict_keys(['example_weekday_branch_operator']) retrieved from /home/airflow/.local/lib/python3.7/site-packages/airflow/example_dags/example_branch_day_of_week_operator.py
[2025-01-27T09:00:41.595+0000] {logging_mixin.py:120} INFO - [2025-01-27T09:00:41.595+0000] {dag.py:2585} INFO - Sync 1 DAGs
[2025-01-27T09:00:41.668+0000] {logging_mixin.py:120} INFO - [2025-01-27T09:00:41.667+0000] {dag.py:3340} INFO - Setting next_dagrun for example_weekday_branch_operator to 2025-01-26T00:00:00+00:00, run_after=2025-01-27T00:00:00+00:00
[2025-01-27T09:00:41.712+0000] {processor.py:176} INFO - Processing /home/airflow/.local/lib/python3.7/site-packages/airflow/example_dags/example_branch_day_of_week_operator.py took 0.232 seconds
[2025-01-27T09:01:13.000+0000] {processor.py:154} INFO - Started process (PID=3164) to work on /home/airflow/.local/lib/python3.7/site-packages/airflow/example_dags/example_branch_day_of_week_operator.py
[2025-01-27T09:01:13.002+0000] {processor.py:756} INFO - Processing file /home/airflow/.local/lib/python3.7/site-packages/airflow/example_dags/example_branch_day_of_week_operator.py for tasks to queue
[2025-01-27T09:01:13.004+0000] {logging_mixin.py:120} INFO - [2025-01-27T09:01:13.003+0000] {dagbag.py:537} INFO - Filling up the DagBag from /home/airflow/.local/lib/python3.7/site-packages/airflow/example_dags/example_branch_day_of_week_operator.py
[2025-01-27T09:01:13.047+0000] {processor.py:766} INFO - DAG(s) dict_keys(['example_weekday_branch_operator']) retrieved from /home/airflow/.local/lib/python3.7/site-packages/airflow/example_dags/example_branch_day_of_week_operator.py
[2025-01-27T09:01:13.133+0000] {logging_mixin.py:120} INFO - [2025-01-27T09:01:13.133+0000] {dag.py:2585} INFO - Sync 1 DAGs
[2025-01-27T09:01:13.192+0000] {logging_mixin.py:120} INFO - [2025-01-27T09:01:13.191+0000] {dag.py:3340} INFO - Setting next_dagrun for example_weekday_branch_operator to 2025-01-26T00:00:00+00:00, run_after=2025-01-27T00:00:00+00:00
[2025-01-27T09:01:13.247+0000] {processor.py:176} INFO - Processing /home/airflow/.local/lib/python3.7/site-packages/airflow/example_dags/example_branch_day_of_week_operator.py took 0.252 seconds
[2025-01-27T09:01:43.497+0000] {processor.py:154} INFO - Started process (PID=3218) to work on /home/airflow/.local/lib/python3.7/site-packages/airflow/example_dags/example_branch_day_of_week_operator.py
[2025-01-27T09:01:43.499+0000] {processor.py:756} INFO - Processing file /home/airflow/.local/lib/python3.7/site-packages/airflow/example_dags/example_branch_day_of_week_operator.py for tasks to queue
[2025-01-27T09:01:43.500+0000] {logging_mixin.py:120} INFO - [2025-01-27T09:01:43.500+0000] {dagbag.py:537} INFO - Filling up the DagBag from /home/airflow/.local/lib/python3.7/site-packages/airflow/example_dags/example_branch_day_of_week_operator.py
[2025-01-27T09:01:43.529+0000] {processor.py:766} INFO - DAG(s) dict_keys(['example_weekday_branch_operator']) retrieved from /home/airflow/.local/lib/python3.7/site-packages/airflow/example_dags/example_branch_day_of_week_operator.py
[2025-01-27T09:01:43.606+0000] {logging_mixin.py:120} INFO - [2025-01-27T09:01:43.605+0000] {dag.py:2585} INFO - Sync 1 DAGs
[2025-01-27T09:01:43.653+0000] {logging_mixin.py:120} INFO - [2025-01-27T09:01:43.653+0000] {dag.py:3340} INFO - Setting next_dagrun for example_weekday_branch_operator to 2025-01-26T00:00:00+00:00, run_after=2025-01-27T00:00:00+00:00
[2025-01-27T09:01:43.688+0000] {processor.py:176} INFO - Processing /home/airflow/.local/lib/python3.7/site-packages/airflow/example_dags/example_branch_day_of_week_operator.py took 0.197 seconds
[2025-01-27T09:02:14.468+0000] {processor.py:154} INFO - Started process (PID=3282) to work on /home/airflow/.local/lib/python3.7/site-packages/airflow/example_dags/example_branch_day_of_week_operator.py
[2025-01-27T09:02:14.470+0000] {processor.py:756} INFO - Processing file /home/airflow/.local/lib/python3.7/site-packages/airflow/example_dags/example_branch_day_of_week_operator.py for tasks to queue
[2025-01-27T09:02:14.472+0000] {logging_mixin.py:120} INFO - [2025-01-27T09:02:14.472+0000] {dagbag.py:537} INFO - Filling up the DagBag from /home/airflow/.local/lib/python3.7/site-packages/airflow/example_dags/example_branch_day_of_week_operator.py
[2025-01-27T09:02:14.516+0000] {processor.py:766} INFO - DAG(s) dict_keys(['example_weekday_branch_operator']) retrieved from /home/airflow/.local/lib/python3.7/site-packages/airflow/example_dags/example_branch_day_of_week_operator.py
[2025-01-27T09:02:14.620+0000] {logging_mixin.py:120} INFO - [2025-01-27T09:02:14.620+0000] {dag.py:2585} INFO - Sync 1 DAGs
[2025-01-27T09:02:14.695+0000] {logging_mixin.py:120} INFO - [2025-01-27T09:02:14.695+0000] {dag.py:3340} INFO - Setting next_dagrun for example_weekday_branch_operator to 2025-01-26T00:00:00+00:00, run_after=2025-01-27T00:00:00+00:00
[2025-01-27T09:02:14.742+0000] {processor.py:176} INFO - Processing /home/airflow/.local/lib/python3.7/site-packages/airflow/example_dags/example_branch_day_of_week_operator.py took 0.284 seconds
[2025-01-27T09:02:44.927+0000] {processor.py:154} INFO - Started process (PID=3336) to work on /home/airflow/.local/lib/python3.7/site-packages/airflow/example_dags/example_branch_day_of_week_operator.py
[2025-01-27T09:02:44.929+0000] {processor.py:756} INFO - Processing file /home/airflow/.local/lib/python3.7/site-packages/airflow/example_dags/example_branch_day_of_week_operator.py for tasks to queue
[2025-01-27T09:02:44.930+0000] {logging_mixin.py:120} INFO - [2025-01-27T09:02:44.930+0000] {dagbag.py:537} INFO - Filling up the DagBag from /home/airflow/.local/lib/python3.7/site-packages/airflow/example_dags/example_branch_day_of_week_operator.py
[2025-01-27T09:02:44.963+0000] {processor.py:766} INFO - DAG(s) dict_keys(['example_weekday_branch_operator']) retrieved from /home/airflow/.local/lib/python3.7/site-packages/airflow/example_dags/example_branch_day_of_week_operator.py
[2025-01-27T09:02:45.047+0000] {logging_mixin.py:120} INFO - [2025-01-27T09:02:45.046+0000] {dag.py:2585} INFO - Sync 1 DAGs
[2025-01-27T09:02:45.096+0000] {logging_mixin.py:120} INFO - [2025-01-27T09:02:45.095+0000] {dag.py:3340} INFO - Setting next_dagrun for example_weekday_branch_operator to 2025-01-26T00:00:00+00:00, run_after=2025-01-27T00:00:00+00:00
[2025-01-27T09:02:45.134+0000] {processor.py:176} INFO - Processing /home/airflow/.local/lib/python3.7/site-packages/airflow/example_dags/example_branch_day_of_week_operator.py took 0.213 seconds
[2025-01-27T09:03:17.084+0000] {processor.py:154} INFO - Started process (PID=3397) to work on /home/airflow/.local/lib/python3.7/site-packages/airflow/example_dags/example_branch_day_of_week_operator.py
[2025-01-27T09:03:17.087+0000] {processor.py:756} INFO - Processing file /home/airflow/.local/lib/python3.7/site-packages/airflow/example_dags/example_branch_day_of_week_operator.py for tasks to queue
[2025-01-27T09:03:17.088+0000] {logging_mixin.py:120} INFO - [2025-01-27T09:03:17.088+0000] {dagbag.py:537} INFO - Filling up the DagBag from /home/airflow/.local/lib/python3.7/site-packages/airflow/example_dags/example_branch_day_of_week_operator.py
[2025-01-27T09:03:17.132+0000] {processor.py:766} INFO - DAG(s) dict_keys(['example_weekday_branch_operator']) retrieved from /home/airflow/.local/lib/python3.7/site-packages/airflow/example_dags/example_branch_day_of_week_operator.py
[2025-01-27T09:03:17.233+0000] {logging_mixin.py:120} INFO - [2025-01-27T09:03:17.233+0000] {dag.py:2585} INFO - Sync 1 DAGs
[2025-01-27T09:03:17.297+0000] {logging_mixin.py:120} INFO - [2025-01-27T09:03:17.297+0000] {dag.py:3340} INFO - Setting next_dagrun for example_weekday_branch_operator to 2025-01-26T00:00:00+00:00, run_after=2025-01-27T00:00:00+00:00
[2025-01-27T09:03:17.336+0000] {processor.py:176} INFO - Processing /home/airflow/.local/lib/python3.7/site-packages/airflow/example_dags/example_branch_day_of_week_operator.py took 0.257 seconds
[2025-01-27T09:03:47.757+0000] {processor.py:154} INFO - Started process (PID=3451) to work on /home/airflow/.local/lib/python3.7/site-packages/airflow/example_dags/example_branch_day_of_week_operator.py
[2025-01-27T09:03:47.759+0000] {processor.py:756} INFO - Processing file /home/airflow/.local/lib/python3.7/site-packages/airflow/example_dags/example_branch_day_of_week_operator.py for tasks to queue
[2025-01-27T09:03:47.761+0000] {logging_mixin.py:120} INFO - [2025-01-27T09:03:47.760+0000] {dagbag.py:537} INFO - Filling up the DagBag from /home/airflow/.local/lib/python3.7/site-packages/airflow/example_dags/example_branch_day_of_week_operator.py
[2025-01-27T09:03:47.793+0000] {processor.py:766} INFO - DAG(s) dict_keys(['example_weekday_branch_operator']) retrieved from /home/airflow/.local/lib/python3.7/site-packages/airflow/example_dags/example_branch_day_of_week_operator.py
[2025-01-27T09:03:47.882+0000] {logging_mixin.py:120} INFO - [2025-01-27T09:03:47.882+0000] {dag.py:2585} INFO - Sync 1 DAGs
[2025-01-27T09:03:47.937+0000] {logging_mixin.py:120} INFO - [2025-01-27T09:03:47.937+0000] {dag.py:3340} INFO - Setting next_dagrun for example_weekday_branch_operator to 2025-01-26T00:00:00+00:00, run_after=2025-01-27T00:00:00+00:00
[2025-01-27T09:03:47.980+0000] {processor.py:176} INFO - Processing /home/airflow/.local/lib/python3.7/site-packages/airflow/example_dags/example_branch_day_of_week_operator.py took 0.229 seconds
[2025-01-27T09:04:18.660+0000] {processor.py:154} INFO - Started process (PID=3505) to work on /home/airflow/.local/lib/python3.7/site-packages/airflow/example_dags/example_branch_day_of_week_operator.py
[2025-01-27T09:04:18.661+0000] {processor.py:756} INFO - Processing file /home/airflow/.local/lib/python3.7/site-packages/airflow/example_dags/example_branch_day_of_week_operator.py for tasks to queue
[2025-01-27T09:04:18.662+0000] {logging_mixin.py:120} INFO - [2025-01-27T09:04:18.662+0000] {dagbag.py:537} INFO - Filling up the DagBag from /home/airflow/.local/lib/python3.7/site-packages/airflow/example_dags/example_branch_day_of_week_operator.py
[2025-01-27T09:04:18.693+0000] {processor.py:766} INFO - DAG(s) dict_keys(['example_weekday_branch_operator']) retrieved from /home/airflow/.local/lib/python3.7/site-packages/airflow/example_dags/example_branch_day_of_week_operator.py
[2025-01-27T09:04:18.778+0000] {logging_mixin.py:120} INFO - [2025-01-27T09:04:18.777+0000] {dag.py:2585} INFO - Sync 1 DAGs
[2025-01-27T09:04:18.828+0000] {logging_mixin.py:120} INFO - [2025-01-27T09:04:18.828+0000] {dag.py:3340} INFO - Setting next_dagrun for example_weekday_branch_operator to 2025-01-26T00:00:00+00:00, run_after=2025-01-27T00:00:00+00:00
[2025-01-27T09:04:18.863+0000] {processor.py:176} INFO - Processing /home/airflow/.local/lib/python3.7/site-packages/airflow/example_dags/example_branch_day_of_week_operator.py took 0.209 seconds
[2025-01-27T09:04:48.986+0000] {processor.py:154} INFO - Started process (PID=3567) to work on /home/airflow/.local/lib/python3.7/site-packages/airflow/example_dags/example_branch_day_of_week_operator.py
[2025-01-27T09:04:48.988+0000] {processor.py:756} INFO - Processing file /home/airflow/.local/lib/python3.7/site-packages/airflow/example_dags/example_branch_day_of_week_operator.py for tasks to queue
[2025-01-27T09:04:48.989+0000] {logging_mixin.py:120} INFO - [2025-01-27T09:04:48.989+0000] {dagbag.py:537} INFO - Filling up the DagBag from /home/airflow/.local/lib/python3.7/site-packages/airflow/example_dags/example_branch_day_of_week_operator.py
[2025-01-27T09:04:49.020+0000] {processor.py:766} INFO - DAG(s) dict_keys(['example_weekday_branch_operator']) retrieved from /home/airflow/.local/lib/python3.7/site-packages/airflow/example_dags/example_branch_day_of_week_operator.py
[2025-01-27T09:04:49.097+0000] {logging_mixin.py:120} INFO - [2025-01-27T09:04:49.097+0000] {dag.py:2585} INFO - Sync 1 DAGs
[2025-01-27T09:04:49.156+0000] {logging_mixin.py:120} INFO - [2025-01-27T09:04:49.156+0000] {dag.py:3340} INFO - Setting next_dagrun for example_weekday_branch_operator to 2025-01-26T00:00:00+00:00, run_after=2025-01-27T00:00:00+00:00
[2025-01-27T09:04:49.197+0000] {processor.py:176} INFO - Processing /home/airflow/.local/lib/python3.7/site-packages/airflow/example_dags/example_branch_day_of_week_operator.py took 0.218 seconds
[2025-01-27T09:05:20.569+0000] {processor.py:154} INFO - Started process (PID=3620) to work on /home/airflow/.local/lib/python3.7/site-packages/airflow/example_dags/example_branch_day_of_week_operator.py
[2025-01-27T09:05:20.573+0000] {processor.py:756} INFO - Processing file /home/airflow/.local/lib/python3.7/site-packages/airflow/example_dags/example_branch_day_of_week_operator.py for tasks to queue
[2025-01-27T09:05:20.578+0000] {logging_mixin.py:120} INFO - [2025-01-27T09:05:20.578+0000] {dagbag.py:537} INFO - Filling up the DagBag from /home/airflow/.local/lib/python3.7/site-packages/airflow/example_dags/example_branch_day_of_week_operator.py
[2025-01-27T09:05:20.621+0000] {processor.py:766} INFO - DAG(s) dict_keys(['example_weekday_branch_operator']) retrieved from /home/airflow/.local/lib/python3.7/site-packages/airflow/example_dags/example_branch_day_of_week_operator.py
[2025-01-27T09:05:20.718+0000] {logging_mixin.py:120} INFO - [2025-01-27T09:05:20.718+0000] {dag.py:2585} INFO - Sync 1 DAGs
[2025-01-27T09:05:20.778+0000] {logging_mixin.py:120} INFO - [2025-01-27T09:05:20.776+0000] {dag.py:3340} INFO - Setting next_dagrun for example_weekday_branch_operator to 2025-01-26T00:00:00+00:00, run_after=2025-01-27T00:00:00+00:00
[2025-01-27T09:05:20.822+0000] {processor.py:176} INFO - Processing /home/airflow/.local/lib/python3.7/site-packages/airflow/example_dags/example_branch_day_of_week_operator.py took 0.262 seconds
[2025-01-27T09:05:52.121+0000] {processor.py:154} INFO - Started process (PID=3682) to work on /home/airflow/.local/lib/python3.7/site-packages/airflow/example_dags/example_branch_day_of_week_operator.py
[2025-01-27T09:05:52.124+0000] {processor.py:756} INFO - Processing file /home/airflow/.local/lib/python3.7/site-packages/airflow/example_dags/example_branch_day_of_week_operator.py for tasks to queue
[2025-01-27T09:05:52.125+0000] {logging_mixin.py:120} INFO - [2025-01-27T09:05:52.125+0000] {dagbag.py:537} INFO - Filling up the DagBag from /home/airflow/.local/lib/python3.7/site-packages/airflow/example_dags/example_branch_day_of_week_operator.py
[2025-01-27T09:05:52.166+0000] {processor.py:766} INFO - DAG(s) dict_keys(['example_weekday_branch_operator']) retrieved from /home/airflow/.local/lib/python3.7/site-packages/airflow/example_dags/example_branch_day_of_week_operator.py
[2025-01-27T09:05:52.263+0000] {logging_mixin.py:120} INFO - [2025-01-27T09:05:52.263+0000] {dag.py:2585} INFO - Sync 1 DAGs
[2025-01-27T09:05:52.328+0000] {logging_mixin.py:120} INFO - [2025-01-27T09:05:52.328+0000] {dag.py:3340} INFO - Setting next_dagrun for example_weekday_branch_operator to 2025-01-26T00:00:00+00:00, run_after=2025-01-27T00:00:00+00:00
[2025-01-27T09:05:52.382+0000] {processor.py:176} INFO - Processing /home/airflow/.local/lib/python3.7/site-packages/airflow/example_dags/example_branch_day_of_week_operator.py took 0.268 seconds
[2025-01-27T09:06:23.586+0000] {processor.py:154} INFO - Started process (PID=3736) to work on /home/airflow/.local/lib/python3.7/site-packages/airflow/example_dags/example_branch_day_of_week_operator.py
[2025-01-27T09:06:23.588+0000] {processor.py:756} INFO - Processing file /home/airflow/.local/lib/python3.7/site-packages/airflow/example_dags/example_branch_day_of_week_operator.py for tasks to queue
[2025-01-27T09:06:23.589+0000] {logging_mixin.py:120} INFO - [2025-01-27T09:06:23.589+0000] {dagbag.py:537} INFO - Filling up the DagBag from /home/airflow/.local/lib/python3.7/site-packages/airflow/example_dags/example_branch_day_of_week_operator.py
[2025-01-27T09:06:23.628+0000] {processor.py:766} INFO - DAG(s) dict_keys(['example_weekday_branch_operator']) retrieved from /home/airflow/.local/lib/python3.7/site-packages/airflow/example_dags/example_branch_day_of_week_operator.py
[2025-01-27T09:06:23.721+0000] {logging_mixin.py:120} INFO - [2025-01-27T09:06:23.721+0000] {dag.py:2585} INFO - Sync 1 DAGs
[2025-01-27T09:06:23.780+0000] {logging_mixin.py:120} INFO - [2025-01-27T09:06:23.780+0000] {dag.py:3340} INFO - Setting next_dagrun for example_weekday_branch_operator to 2025-01-26T00:00:00+00:00, run_after=2025-01-27T00:00:00+00:00
[2025-01-27T09:06:23.822+0000] {processor.py:176} INFO - Processing /home/airflow/.local/lib/python3.7/site-packages/airflow/example_dags/example_branch_day_of_week_operator.py took 0.242 seconds
[2025-01-27T09:06:54.521+0000] {processor.py:154} INFO - Started process (PID=3798) to work on /home/airflow/.local/lib/python3.7/site-packages/airflow/example_dags/example_branch_day_of_week_operator.py
[2025-01-27T09:06:54.522+0000] {processor.py:756} INFO - Processing file /home/airflow/.local/lib/python3.7/site-packages/airflow/example_dags/example_branch_day_of_week_operator.py for tasks to queue
[2025-01-27T09:06:54.524+0000] {logging_mixin.py:120} INFO - [2025-01-27T09:06:54.523+0000] {dagbag.py:537} INFO - Filling up the DagBag from /home/airflow/.local/lib/python3.7/site-packages/airflow/example_dags/example_branch_day_of_week_operator.py
[2025-01-27T09:06:54.564+0000] {processor.py:766} INFO - DAG(s) dict_keys(['example_weekday_branch_operator']) retrieved from /home/airflow/.local/lib/python3.7/site-packages/airflow/example_dags/example_branch_day_of_week_operator.py
[2025-01-27T09:06:54.680+0000] {logging_mixin.py:120} INFO - [2025-01-27T09:06:54.679+0000] {dag.py:2585} INFO - Sync 1 DAGs
[2025-01-27T09:06:54.752+0000] {logging_mixin.py:120} INFO - [2025-01-27T09:06:54.752+0000] {dag.py:3340} INFO - Setting next_dagrun for example_weekday_branch_operator to 2025-01-26T00:00:00+00:00, run_after=2025-01-27T00:00:00+00:00
[2025-01-27T09:06:54.802+0000] {processor.py:176} INFO - Processing /home/airflow/.local/lib/python3.7/site-packages/airflow/example_dags/example_branch_day_of_week_operator.py took 0.290 seconds
[2025-01-27T09:07:25.070+0000] {processor.py:154} INFO - Started process (PID=3852) to work on /home/airflow/.local/lib/python3.7/site-packages/airflow/example_dags/example_branch_day_of_week_operator.py
[2025-01-27T09:07:25.072+0000] {processor.py:756} INFO - Processing file /home/airflow/.local/lib/python3.7/site-packages/airflow/example_dags/example_branch_day_of_week_operator.py for tasks to queue
[2025-01-27T09:07:25.075+0000] {logging_mixin.py:120} INFO - [2025-01-27T09:07:25.075+0000] {dagbag.py:537} INFO - Filling up the DagBag from /home/airflow/.local/lib/python3.7/site-packages/airflow/example_dags/example_branch_day_of_week_operator.py
[2025-01-27T09:07:25.110+0000] {processor.py:766} INFO - DAG(s) dict_keys(['example_weekday_branch_operator']) retrieved from /home/airflow/.local/lib/python3.7/site-packages/airflow/example_dags/example_branch_day_of_week_operator.py
[2025-01-27T09:07:25.185+0000] {logging_mixin.py:120} INFO - [2025-01-27T09:07:25.185+0000] {dag.py:2585} INFO - Sync 1 DAGs
[2025-01-27T09:07:25.237+0000] {logging_mixin.py:120} INFO - [2025-01-27T09:07:25.236+0000] {dag.py:3340} INFO - Setting next_dagrun for example_weekday_branch_operator to 2025-01-26T00:00:00+00:00, run_after=2025-01-27T00:00:00+00:00
[2025-01-27T09:07:25.275+0000] {processor.py:176} INFO - Processing /home/airflow/.local/lib/python3.7/site-packages/airflow/example_dags/example_branch_day_of_week_operator.py took 0.211 seconds
[2025-01-27T09:07:55.791+0000] {processor.py:154} INFO - Started process (PID=3915) to work on /home/airflow/.local/lib/python3.7/site-packages/airflow/example_dags/example_branch_day_of_week_operator.py
[2025-01-27T09:07:55.794+0000] {processor.py:756} INFO - Processing file /home/airflow/.local/lib/python3.7/site-packages/airflow/example_dags/example_branch_day_of_week_operator.py for tasks to queue
[2025-01-27T09:07:55.796+0000] {logging_mixin.py:120} INFO - [2025-01-27T09:07:55.795+0000] {dagbag.py:537} INFO - Filling up the DagBag from /home/airflow/.local/lib/python3.7/site-packages/airflow/example_dags/example_branch_day_of_week_operator.py
[2025-01-27T09:07:55.832+0000] {processor.py:766} INFO - DAG(s) dict_keys(['example_weekday_branch_operator']) retrieved from /home/airflow/.local/lib/python3.7/site-packages/airflow/example_dags/example_branch_day_of_week_operator.py
[2025-01-27T09:07:56.043+0000] {logging_mixin.py:120} INFO - [2025-01-27T09:07:56.043+0000] {dag.py:2585} INFO - Sync 1 DAGs
[2025-01-27T09:07:56.118+0000] {logging_mixin.py:120} INFO - [2025-01-27T09:07:56.117+0000] {dag.py:3340} INFO - Setting next_dagrun for example_weekday_branch_operator to 2025-01-26T00:00:00+00:00, run_after=2025-01-27T00:00:00+00:00
[2025-01-27T09:07:56.163+0000] {processor.py:176} INFO - Processing /home/airflow/.local/lib/python3.7/site-packages/airflow/example_dags/example_branch_day_of_week_operator.py took 0.377 seconds
[2025-01-27T09:08:27.577+0000] {processor.py:154} INFO - Started process (PID=3969) to work on /home/airflow/.local/lib/python3.7/site-packages/airflow/example_dags/example_branch_day_of_week_operator.py
[2025-01-27T09:08:27.578+0000] {processor.py:756} INFO - Processing file /home/airflow/.local/lib/python3.7/site-packages/airflow/example_dags/example_branch_day_of_week_operator.py for tasks to queue
[2025-01-27T09:08:27.580+0000] {logging_mixin.py:120} INFO - [2025-01-27T09:08:27.579+0000] {dagbag.py:537} INFO - Filling up the DagBag from /home/airflow/.local/lib/python3.7/site-packages/airflow/example_dags/example_branch_day_of_week_operator.py
[2025-01-27T09:08:27.606+0000] {processor.py:766} INFO - DAG(s) dict_keys(['example_weekday_branch_operator']) retrieved from /home/airflow/.local/lib/python3.7/site-packages/airflow/example_dags/example_branch_day_of_week_operator.py
[2025-01-27T09:08:27.700+0000] {logging_mixin.py:120} INFO - [2025-01-27T09:08:27.699+0000] {dag.py:2585} INFO - Sync 1 DAGs
[2025-01-27T09:08:27.750+0000] {logging_mixin.py:120} INFO - [2025-01-27T09:08:27.749+0000] {dag.py:3340} INFO - Setting next_dagrun for example_weekday_branch_operator to 2025-01-26T00:00:00+00:00, run_after=2025-01-27T00:00:00+00:00
[2025-01-27T09:08:27.790+0000] {processor.py:176} INFO - Processing /home/airflow/.local/lib/python3.7/site-packages/airflow/example_dags/example_branch_day_of_week_operator.py took 0.219 seconds
