[2025-01-27T08:34:00.891+0000] {processor.py:154} INFO - Started process (PID=87) to work on /home/airflow/.local/lib/python3.7/site-packages/airflow/example_dags/example_branch_operator.py
[2025-01-27T08:34:00.897+0000] {processor.py:756} INFO - Processing file /home/airflow/.local/lib/python3.7/site-packages/airflow/example_dags/example_branch_operator.py for tasks to queue
[2025-01-27T08:34:00.906+0000] {logging_mixin.py:120} INFO - [2025-01-27T08:34:00.905+0000] {dagbag.py:537} INFO - Filling up the DagBag from /home/airflow/.local/lib/python3.7/site-packages/airflow/example_dags/example_branch_operator.py
[2025-01-27T08:34:00.962+0000] {processor.py:766} INFO - DAG(s) dict_keys(['example_branch_operator']) retrieved from /home/airflow/.local/lib/python3.7/site-packages/airflow/example_dags/example_branch_operator.py
[2025-01-27T08:34:01.395+0000] {logging_mixin.py:120} INFO - [2025-01-27T08:34:01.395+0000] {manager.py:507} INFO - Created Permission View: can edit on DAG:example_branch_operator
[2025-01-27T08:34:01.415+0000] {logging_mixin.py:120} INFO - [2025-01-27T08:34:01.414+0000] {manager.py:507} INFO - Created Permission View: can read on DAG:example_branch_operator
[2025-01-27T08:34:01.436+0000] {logging_mixin.py:120} INFO - [2025-01-27T08:34:01.436+0000] {manager.py:507} INFO - Created Permission View: can delete on DAG:example_branch_operator
[2025-01-27T08:34:01.437+0000] {logging_mixin.py:120} INFO - [2025-01-27T08:34:01.437+0000] {dag.py:2585} INFO - Sync 1 DAGs
[2025-01-27T08:34:01.509+0000] {logging_mixin.py:120} INFO - [2025-01-27T08:34:01.508+0000] {dag.py:2606} INFO - Creating ORM DAG for example_branch_operator
[2025-01-27T08:34:01.568+0000] {logging_mixin.py:120} INFO - [2025-01-27T08:34:01.568+0000] {dag.py:3340} INFO - Setting next_dagrun for example_branch_operator to 2025-01-26T00:00:00+00:00, run_after=2025-01-27T00:00:00+00:00
[2025-01-27T08:34:01.642+0000] {processor.py:176} INFO - Processing /home/airflow/.local/lib/python3.7/site-packages/airflow/example_dags/example_branch_operator.py took 0.779 seconds
[2025-01-27T08:34:31.962+0000] {processor.py:154} INFO - Started process (PID=141) to work on /home/airflow/.local/lib/python3.7/site-packages/airflow/example_dags/example_branch_operator.py
[2025-01-27T08:34:31.964+0000] {processor.py:756} INFO - Processing file /home/airflow/.local/lib/python3.7/site-packages/airflow/example_dags/example_branch_operator.py for tasks to queue
[2025-01-27T08:34:31.968+0000] {logging_mixin.py:120} INFO - [2025-01-27T08:34:31.968+0000] {dagbag.py:537} INFO - Filling up the DagBag from /home/airflow/.local/lib/python3.7/site-packages/airflow/example_dags/example_branch_operator.py
[2025-01-27T08:34:32.008+0000] {processor.py:766} INFO - DAG(s) dict_keys(['example_branch_operator']) retrieved from /home/airflow/.local/lib/python3.7/site-packages/airflow/example_dags/example_branch_operator.py
[2025-01-27T08:34:32.100+0000] {logging_mixin.py:120} INFO - [2025-01-27T08:34:32.099+0000] {dag.py:2585} INFO - Sync 1 DAGs
[2025-01-27T08:34:32.160+0000] {logging_mixin.py:120} INFO - [2025-01-27T08:34:32.160+0000] {dag.py:3340} INFO - Setting next_dagrun for example_branch_operator to 2025-01-26T00:00:00+00:00, run_after=2025-01-27T00:00:00+00:00
[2025-01-27T08:34:32.210+0000] {processor.py:176} INFO - Processing /home/airflow/.local/lib/python3.7/site-packages/airflow/example_dags/example_branch_operator.py took 0.254 seconds
[2025-01-27T08:35:02.466+0000] {processor.py:154} INFO - Started process (PID=196) to work on /home/airflow/.local/lib/python3.7/site-packages/airflow/example_dags/example_branch_operator.py
[2025-01-27T08:35:02.470+0000] {processor.py:756} INFO - Processing file /home/airflow/.local/lib/python3.7/site-packages/airflow/example_dags/example_branch_operator.py for tasks to queue
[2025-01-27T08:35:02.471+0000] {logging_mixin.py:120} INFO - [2025-01-27T08:35:02.471+0000] {dagbag.py:537} INFO - Filling up the DagBag from /home/airflow/.local/lib/python3.7/site-packages/airflow/example_dags/example_branch_operator.py
[2025-01-27T08:35:02.515+0000] {processor.py:766} INFO - DAG(s) dict_keys(['example_branch_operator']) retrieved from /home/airflow/.local/lib/python3.7/site-packages/airflow/example_dags/example_branch_operator.py
[2025-01-27T08:35:02.639+0000] {logging_mixin.py:120} INFO - [2025-01-27T08:35:02.638+0000] {dag.py:2585} INFO - Sync 1 DAGs
[2025-01-27T08:35:02.718+0000] {logging_mixin.py:120} INFO - [2025-01-27T08:35:02.718+0000] {dag.py:3340} INFO - Setting next_dagrun for example_branch_operator to 2025-01-26T00:00:00+00:00, run_after=2025-01-27T00:00:00+00:00
[2025-01-27T08:35:02.762+0000] {processor.py:176} INFO - Processing /home/airflow/.local/lib/python3.7/site-packages/airflow/example_dags/example_branch_operator.py took 0.303 seconds
[2025-01-27T08:35:33.533+0000] {processor.py:154} INFO - Started process (PID=258) to work on /home/airflow/.local/lib/python3.7/site-packages/airflow/example_dags/example_branch_operator.py
[2025-01-27T08:35:33.536+0000] {processor.py:756} INFO - Processing file /home/airflow/.local/lib/python3.7/site-packages/airflow/example_dags/example_branch_operator.py for tasks to queue
[2025-01-27T08:35:33.539+0000] {logging_mixin.py:120} INFO - [2025-01-27T08:35:33.539+0000] {dagbag.py:537} INFO - Filling up the DagBag from /home/airflow/.local/lib/python3.7/site-packages/airflow/example_dags/example_branch_operator.py
[2025-01-27T08:35:33.569+0000] {processor.py:766} INFO - DAG(s) dict_keys(['example_branch_operator']) retrieved from /home/airflow/.local/lib/python3.7/site-packages/airflow/example_dags/example_branch_operator.py
[2025-01-27T08:35:33.643+0000] {logging_mixin.py:120} INFO - [2025-01-27T08:35:33.643+0000] {dag.py:2585} INFO - Sync 1 DAGs
[2025-01-27T08:35:33.692+0000] {logging_mixin.py:120} INFO - [2025-01-27T08:35:33.692+0000] {dag.py:3340} INFO - Setting next_dagrun for example_branch_operator to 2025-01-26T00:00:00+00:00, run_after=2025-01-27T00:00:00+00:00
[2025-01-27T08:35:33.726+0000] {processor.py:176} INFO - Processing /home/airflow/.local/lib/python3.7/site-packages/airflow/example_dags/example_branch_operator.py took 0.199 seconds
[2025-01-27T08:36:03.897+0000] {processor.py:154} INFO - Started process (PID=312) to work on /home/airflow/.local/lib/python3.7/site-packages/airflow/example_dags/example_branch_operator.py
[2025-01-27T08:36:03.904+0000] {processor.py:756} INFO - Processing file /home/airflow/.local/lib/python3.7/site-packages/airflow/example_dags/example_branch_operator.py for tasks to queue
[2025-01-27T08:36:03.908+0000] {logging_mixin.py:120} INFO - [2025-01-27T08:36:03.908+0000] {dagbag.py:537} INFO - Filling up the DagBag from /home/airflow/.local/lib/python3.7/site-packages/airflow/example_dags/example_branch_operator.py
[2025-01-27T08:36:03.947+0000] {processor.py:766} INFO - DAG(s) dict_keys(['example_branch_operator']) retrieved from /home/airflow/.local/lib/python3.7/site-packages/airflow/example_dags/example_branch_operator.py
[2025-01-27T08:36:04.033+0000] {logging_mixin.py:120} INFO - [2025-01-27T08:36:04.033+0000] {dag.py:2585} INFO - Sync 1 DAGs
[2025-01-27T08:36:04.090+0000] {logging_mixin.py:120} INFO - [2025-01-27T08:36:04.090+0000] {dag.py:3340} INFO - Setting next_dagrun for example_branch_operator to 2025-01-26T00:00:00+00:00, run_after=2025-01-27T00:00:00+00:00
[2025-01-27T08:36:04.127+0000] {processor.py:176} INFO - Processing /home/airflow/.local/lib/python3.7/site-packages/airflow/example_dags/example_branch_operator.py took 0.235 seconds
[2025-01-27T08:36:34.748+0000] {processor.py:154} INFO - Started process (PID=374) to work on /home/airflow/.local/lib/python3.7/site-packages/airflow/example_dags/example_branch_operator.py
[2025-01-27T08:36:34.750+0000] {processor.py:756} INFO - Processing file /home/airflow/.local/lib/python3.7/site-packages/airflow/example_dags/example_branch_operator.py for tasks to queue
[2025-01-27T08:36:34.753+0000] {logging_mixin.py:120} INFO - [2025-01-27T08:36:34.753+0000] {dagbag.py:537} INFO - Filling up the DagBag from /home/airflow/.local/lib/python3.7/site-packages/airflow/example_dags/example_branch_operator.py
[2025-01-27T08:36:34.789+0000] {processor.py:766} INFO - DAG(s) dict_keys(['example_branch_operator']) retrieved from /home/airflow/.local/lib/python3.7/site-packages/airflow/example_dags/example_branch_operator.py
[2025-01-27T08:36:34.860+0000] {logging_mixin.py:120} INFO - [2025-01-27T08:36:34.860+0000] {dag.py:2585} INFO - Sync 1 DAGs
[2025-01-27T08:36:34.915+0000] {logging_mixin.py:120} INFO - [2025-01-27T08:36:34.915+0000] {dag.py:3340} INFO - Setting next_dagrun for example_branch_operator to 2025-01-26T00:00:00+00:00, run_after=2025-01-27T00:00:00+00:00
[2025-01-27T08:36:34.953+0000] {processor.py:176} INFO - Processing /home/airflow/.local/lib/python3.7/site-packages/airflow/example_dags/example_branch_operator.py took 0.211 seconds
[2025-01-27T08:37:05.520+0000] {processor.py:154} INFO - Started process (PID=428) to work on /home/airflow/.local/lib/python3.7/site-packages/airflow/example_dags/example_branch_operator.py
[2025-01-27T08:37:05.522+0000] {processor.py:756} INFO - Processing file /home/airflow/.local/lib/python3.7/site-packages/airflow/example_dags/example_branch_operator.py for tasks to queue
[2025-01-27T08:37:05.525+0000] {logging_mixin.py:120} INFO - [2025-01-27T08:37:05.524+0000] {dagbag.py:537} INFO - Filling up the DagBag from /home/airflow/.local/lib/python3.7/site-packages/airflow/example_dags/example_branch_operator.py
[2025-01-27T08:37:05.562+0000] {processor.py:766} INFO - DAG(s) dict_keys(['example_branch_operator']) retrieved from /home/airflow/.local/lib/python3.7/site-packages/airflow/example_dags/example_branch_operator.py
[2025-01-27T08:37:05.655+0000] {logging_mixin.py:120} INFO - [2025-01-27T08:37:05.655+0000] {dag.py:2585} INFO - Sync 1 DAGs
[2025-01-27T08:37:05.712+0000] {logging_mixin.py:120} INFO - [2025-01-27T08:37:05.711+0000] {dag.py:3340} INFO - Setting next_dagrun for example_branch_operator to 2025-01-26T00:00:00+00:00, run_after=2025-01-27T00:00:00+00:00
[2025-01-27T08:37:05.756+0000] {processor.py:176} INFO - Processing /home/airflow/.local/lib/python3.7/site-packages/airflow/example_dags/example_branch_operator.py took 0.243 seconds
[2025-01-27T08:37:36.415+0000] {processor.py:154} INFO - Started process (PID=491) to work on /home/airflow/.local/lib/python3.7/site-packages/airflow/example_dags/example_branch_operator.py
[2025-01-27T08:37:36.416+0000] {processor.py:756} INFO - Processing file /home/airflow/.local/lib/python3.7/site-packages/airflow/example_dags/example_branch_operator.py for tasks to queue
[2025-01-27T08:37:36.417+0000] {logging_mixin.py:120} INFO - [2025-01-27T08:37:36.417+0000] {dagbag.py:537} INFO - Filling up the DagBag from /home/airflow/.local/lib/python3.7/site-packages/airflow/example_dags/example_branch_operator.py
[2025-01-27T08:37:36.450+0000] {processor.py:766} INFO - DAG(s) dict_keys(['example_branch_operator']) retrieved from /home/airflow/.local/lib/python3.7/site-packages/airflow/example_dags/example_branch_operator.py
[2025-01-27T08:37:36.533+0000] {logging_mixin.py:120} INFO - [2025-01-27T08:37:36.533+0000] {dag.py:2585} INFO - Sync 1 DAGs
[2025-01-27T08:37:36.587+0000] {logging_mixin.py:120} INFO - [2025-01-27T08:37:36.586+0000] {dag.py:3340} INFO - Setting next_dagrun for example_branch_operator to 2025-01-26T00:00:00+00:00, run_after=2025-01-27T00:00:00+00:00
[2025-01-27T08:37:36.632+0000] {processor.py:176} INFO - Processing /home/airflow/.local/lib/python3.7/site-packages/airflow/example_dags/example_branch_operator.py took 0.222 seconds
[2025-01-27T08:38:06.767+0000] {processor.py:154} INFO - Started process (PID=544) to work on /home/airflow/.local/lib/python3.7/site-packages/airflow/example_dags/example_branch_operator.py
[2025-01-27T08:38:06.768+0000] {processor.py:756} INFO - Processing file /home/airflow/.local/lib/python3.7/site-packages/airflow/example_dags/example_branch_operator.py for tasks to queue
[2025-01-27T08:38:06.770+0000] {logging_mixin.py:120} INFO - [2025-01-27T08:38:06.770+0000] {dagbag.py:537} INFO - Filling up the DagBag from /home/airflow/.local/lib/python3.7/site-packages/airflow/example_dags/example_branch_operator.py
[2025-01-27T08:38:06.803+0000] {processor.py:766} INFO - DAG(s) dict_keys(['example_branch_operator']) retrieved from /home/airflow/.local/lib/python3.7/site-packages/airflow/example_dags/example_branch_operator.py
[2025-01-27T08:38:06.900+0000] {logging_mixin.py:120} INFO - [2025-01-27T08:38:06.899+0000] {dag.py:2585} INFO - Sync 1 DAGs
[2025-01-27T08:38:06.952+0000] {logging_mixin.py:120} INFO - [2025-01-27T08:38:06.952+0000] {dag.py:3340} INFO - Setting next_dagrun for example_branch_operator to 2025-01-26T00:00:00+00:00, run_after=2025-01-27T00:00:00+00:00
[2025-01-27T08:38:06.993+0000] {processor.py:176} INFO - Processing /home/airflow/.local/lib/python3.7/site-packages/airflow/example_dags/example_branch_operator.py took 0.232 seconds
[2025-01-27T08:38:37.274+0000] {processor.py:154} INFO - Started process (PID=607) to work on /home/airflow/.local/lib/python3.7/site-packages/airflow/example_dags/example_branch_operator.py
[2025-01-27T08:38:37.276+0000] {processor.py:756} INFO - Processing file /home/airflow/.local/lib/python3.7/site-packages/airflow/example_dags/example_branch_operator.py for tasks to queue
[2025-01-27T08:38:37.278+0000] {logging_mixin.py:120} INFO - [2025-01-27T08:38:37.278+0000] {dagbag.py:537} INFO - Filling up the DagBag from /home/airflow/.local/lib/python3.7/site-packages/airflow/example_dags/example_branch_operator.py
[2025-01-27T08:38:37.315+0000] {processor.py:766} INFO - DAG(s) dict_keys(['example_branch_operator']) retrieved from /home/airflow/.local/lib/python3.7/site-packages/airflow/example_dags/example_branch_operator.py
[2025-01-27T08:38:37.434+0000] {logging_mixin.py:120} INFO - [2025-01-27T08:38:37.434+0000] {dag.py:2585} INFO - Sync 1 DAGs
[2025-01-27T08:38:37.500+0000] {logging_mixin.py:120} INFO - [2025-01-27T08:38:37.499+0000] {dag.py:3340} INFO - Setting next_dagrun for example_branch_operator to 2025-01-26T00:00:00+00:00, run_after=2025-01-27T00:00:00+00:00
[2025-01-27T08:38:37.588+0000] {processor.py:176} INFO - Processing /home/airflow/.local/lib/python3.7/site-packages/airflow/example_dags/example_branch_operator.py took 0.319 seconds
[2025-01-27T08:39:08.074+0000] {processor.py:154} INFO - Started process (PID=661) to work on /home/airflow/.local/lib/python3.7/site-packages/airflow/example_dags/example_branch_operator.py
[2025-01-27T08:39:08.076+0000] {processor.py:756} INFO - Processing file /home/airflow/.local/lib/python3.7/site-packages/airflow/example_dags/example_branch_operator.py for tasks to queue
[2025-01-27T08:39:08.077+0000] {logging_mixin.py:120} INFO - [2025-01-27T08:39:08.077+0000] {dagbag.py:537} INFO - Filling up the DagBag from /home/airflow/.local/lib/python3.7/site-packages/airflow/example_dags/example_branch_operator.py
[2025-01-27T08:39:08.107+0000] {processor.py:766} INFO - DAG(s) dict_keys(['example_branch_operator']) retrieved from /home/airflow/.local/lib/python3.7/site-packages/airflow/example_dags/example_branch_operator.py
[2025-01-27T08:39:08.179+0000] {logging_mixin.py:120} INFO - [2025-01-27T08:39:08.179+0000] {dag.py:2585} INFO - Sync 1 DAGs
[2025-01-27T08:39:08.228+0000] {logging_mixin.py:120} INFO - [2025-01-27T08:39:08.228+0000] {dag.py:3340} INFO - Setting next_dagrun for example_branch_operator to 2025-01-26T00:00:00+00:00, run_after=2025-01-27T00:00:00+00:00
[2025-01-27T08:39:08.266+0000] {processor.py:176} INFO - Processing /home/airflow/.local/lib/python3.7/site-packages/airflow/example_dags/example_branch_operator.py took 0.202 seconds
[2025-01-27T08:39:39.069+0000] {processor.py:154} INFO - Started process (PID=723) to work on /home/airflow/.local/lib/python3.7/site-packages/airflow/example_dags/example_branch_operator.py
[2025-01-27T08:39:39.075+0000] {processor.py:756} INFO - Processing file /home/airflow/.local/lib/python3.7/site-packages/airflow/example_dags/example_branch_operator.py for tasks to queue
[2025-01-27T08:39:39.077+0000] {logging_mixin.py:120} INFO - [2025-01-27T08:39:39.076+0000] {dagbag.py:537} INFO - Filling up the DagBag from /home/airflow/.local/lib/python3.7/site-packages/airflow/example_dags/example_branch_operator.py
[2025-01-27T08:39:39.109+0000] {processor.py:766} INFO - DAG(s) dict_keys(['example_branch_operator']) retrieved from /home/airflow/.local/lib/python3.7/site-packages/airflow/example_dags/example_branch_operator.py
[2025-01-27T08:39:39.188+0000] {logging_mixin.py:120} INFO - [2025-01-27T08:39:39.188+0000] {dag.py:2585} INFO - Sync 1 DAGs
[2025-01-27T08:39:39.238+0000] {logging_mixin.py:120} INFO - [2025-01-27T08:39:39.238+0000] {dag.py:3340} INFO - Setting next_dagrun for example_branch_operator to 2025-01-26T00:00:00+00:00, run_after=2025-01-27T00:00:00+00:00
[2025-01-27T08:39:39.285+0000] {processor.py:176} INFO - Processing /home/airflow/.local/lib/python3.7/site-packages/airflow/example_dags/example_branch_operator.py took 0.223 seconds
[2025-01-27T08:40:09.601+0000] {processor.py:154} INFO - Started process (PID=777) to work on /home/airflow/.local/lib/python3.7/site-packages/airflow/example_dags/example_branch_operator.py
[2025-01-27T08:40:09.604+0000] {processor.py:756} INFO - Processing file /home/airflow/.local/lib/python3.7/site-packages/airflow/example_dags/example_branch_operator.py for tasks to queue
[2025-01-27T08:40:09.608+0000] {logging_mixin.py:120} INFO - [2025-01-27T08:40:09.608+0000] {dagbag.py:537} INFO - Filling up the DagBag from /home/airflow/.local/lib/python3.7/site-packages/airflow/example_dags/example_branch_operator.py
[2025-01-27T08:40:09.647+0000] {processor.py:766} INFO - DAG(s) dict_keys(['example_branch_operator']) retrieved from /home/airflow/.local/lib/python3.7/site-packages/airflow/example_dags/example_branch_operator.py
[2025-01-27T08:40:09.727+0000] {logging_mixin.py:120} INFO - [2025-01-27T08:40:09.726+0000] {dag.py:2585} INFO - Sync 1 DAGs
[2025-01-27T08:40:09.793+0000] {logging_mixin.py:120} INFO - [2025-01-27T08:40:09.792+0000] {dag.py:3340} INFO - Setting next_dagrun for example_branch_operator to 2025-01-26T00:00:00+00:00, run_after=2025-01-27T00:00:00+00:00
[2025-01-27T08:40:09.834+0000] {processor.py:176} INFO - Processing /home/airflow/.local/lib/python3.7/site-packages/airflow/example_dags/example_branch_operator.py took 0.239 seconds
[2025-01-27T08:40:40.361+0000] {processor.py:154} INFO - Started process (PID=840) to work on /home/airflow/.local/lib/python3.7/site-packages/airflow/example_dags/example_branch_operator.py
[2025-01-27T08:40:40.362+0000] {processor.py:756} INFO - Processing file /home/airflow/.local/lib/python3.7/site-packages/airflow/example_dags/example_branch_operator.py for tasks to queue
[2025-01-27T08:40:40.363+0000] {logging_mixin.py:120} INFO - [2025-01-27T08:40:40.363+0000] {dagbag.py:537} INFO - Filling up the DagBag from /home/airflow/.local/lib/python3.7/site-packages/airflow/example_dags/example_branch_operator.py
[2025-01-27T08:40:40.392+0000] {processor.py:766} INFO - DAG(s) dict_keys(['example_branch_operator']) retrieved from /home/airflow/.local/lib/python3.7/site-packages/airflow/example_dags/example_branch_operator.py
[2025-01-27T08:40:40.465+0000] {logging_mixin.py:120} INFO - [2025-01-27T08:40:40.465+0000] {dag.py:2585} INFO - Sync 1 DAGs
[2025-01-27T08:40:40.526+0000] {logging_mixin.py:120} INFO - [2025-01-27T08:40:40.526+0000] {dag.py:3340} INFO - Setting next_dagrun for example_branch_operator to 2025-01-26T00:00:00+00:00, run_after=2025-01-27T00:00:00+00:00
[2025-01-27T08:40:40.574+0000] {processor.py:176} INFO - Processing /home/airflow/.local/lib/python3.7/site-packages/airflow/example_dags/example_branch_operator.py took 0.219 seconds
[2025-01-27T08:41:11.070+0000] {processor.py:154} INFO - Started process (PID=894) to work on /home/airflow/.local/lib/python3.7/site-packages/airflow/example_dags/example_branch_operator.py
[2025-01-27T08:41:11.071+0000] {processor.py:756} INFO - Processing file /home/airflow/.local/lib/python3.7/site-packages/airflow/example_dags/example_branch_operator.py for tasks to queue
[2025-01-27T08:41:11.073+0000] {logging_mixin.py:120} INFO - [2025-01-27T08:41:11.073+0000] {dagbag.py:537} INFO - Filling up the DagBag from /home/airflow/.local/lib/python3.7/site-packages/airflow/example_dags/example_branch_operator.py
[2025-01-27T08:41:11.107+0000] {processor.py:766} INFO - DAG(s) dict_keys(['example_branch_operator']) retrieved from /home/airflow/.local/lib/python3.7/site-packages/airflow/example_dags/example_branch_operator.py
[2025-01-27T08:41:11.194+0000] {logging_mixin.py:120} INFO - [2025-01-27T08:41:11.193+0000] {dag.py:2585} INFO - Sync 1 DAGs
[2025-01-27T08:41:11.254+0000] {logging_mixin.py:120} INFO - [2025-01-27T08:41:11.254+0000] {dag.py:3340} INFO - Setting next_dagrun for example_branch_operator to 2025-01-26T00:00:00+00:00, run_after=2025-01-27T00:00:00+00:00
[2025-01-27T08:41:11.295+0000] {processor.py:176} INFO - Processing /home/airflow/.local/lib/python3.7/site-packages/airflow/example_dags/example_branch_operator.py took 0.233 seconds
[2025-01-27T08:41:41.835+0000] {processor.py:154} INFO - Started process (PID=956) to work on /home/airflow/.local/lib/python3.7/site-packages/airflow/example_dags/example_branch_operator.py
[2025-01-27T08:41:41.845+0000] {processor.py:756} INFO - Processing file /home/airflow/.local/lib/python3.7/site-packages/airflow/example_dags/example_branch_operator.py for tasks to queue
[2025-01-27T08:41:41.847+0000] {logging_mixin.py:120} INFO - [2025-01-27T08:41:41.846+0000] {dagbag.py:537} INFO - Filling up the DagBag from /home/airflow/.local/lib/python3.7/site-packages/airflow/example_dags/example_branch_operator.py
[2025-01-27T08:41:41.877+0000] {processor.py:766} INFO - DAG(s) dict_keys(['example_branch_operator']) retrieved from /home/airflow/.local/lib/python3.7/site-packages/airflow/example_dags/example_branch_operator.py
[2025-01-27T08:41:41.954+0000] {logging_mixin.py:120} INFO - [2025-01-27T08:41:41.954+0000] {dag.py:2585} INFO - Sync 1 DAGs
[2025-01-27T08:41:42.014+0000] {logging_mixin.py:120} INFO - [2025-01-27T08:41:42.014+0000] {dag.py:3340} INFO - Setting next_dagrun for example_branch_operator to 2025-01-26T00:00:00+00:00, run_after=2025-01-27T00:00:00+00:00
[2025-01-27T08:41:42.050+0000] {processor.py:176} INFO - Processing /home/airflow/.local/lib/python3.7/site-packages/airflow/example_dags/example_branch_operator.py took 0.221 seconds
[2025-01-27T08:42:12.177+0000] {processor.py:154} INFO - Started process (PID=1009) to work on /home/airflow/.local/lib/python3.7/site-packages/airflow/example_dags/example_branch_operator.py
[2025-01-27T08:42:12.178+0000] {processor.py:756} INFO - Processing file /home/airflow/.local/lib/python3.7/site-packages/airflow/example_dags/example_branch_operator.py for tasks to queue
[2025-01-27T08:42:12.180+0000] {logging_mixin.py:120} INFO - [2025-01-27T08:42:12.180+0000] {dagbag.py:537} INFO - Filling up the DagBag from /home/airflow/.local/lib/python3.7/site-packages/airflow/example_dags/example_branch_operator.py
[2025-01-27T08:42:12.213+0000] {processor.py:766} INFO - DAG(s) dict_keys(['example_branch_operator']) retrieved from /home/airflow/.local/lib/python3.7/site-packages/airflow/example_dags/example_branch_operator.py
[2025-01-27T08:42:12.296+0000] {logging_mixin.py:120} INFO - [2025-01-27T08:42:12.296+0000] {dag.py:2585} INFO - Sync 1 DAGs
[2025-01-27T08:42:12.354+0000] {logging_mixin.py:120} INFO - [2025-01-27T08:42:12.353+0000] {dag.py:3340} INFO - Setting next_dagrun for example_branch_operator to 2025-01-26T00:00:00+00:00, run_after=2025-01-27T00:00:00+00:00
[2025-01-27T08:42:12.406+0000] {processor.py:176} INFO - Processing /home/airflow/.local/lib/python3.7/site-packages/airflow/example_dags/example_branch_operator.py took 0.239 seconds
[2025-01-27T08:42:42.956+0000] {processor.py:154} INFO - Started process (PID=1072) to work on /home/airflow/.local/lib/python3.7/site-packages/airflow/example_dags/example_branch_operator.py
[2025-01-27T08:42:42.957+0000] {processor.py:756} INFO - Processing file /home/airflow/.local/lib/python3.7/site-packages/airflow/example_dags/example_branch_operator.py for tasks to queue
[2025-01-27T08:42:42.959+0000] {logging_mixin.py:120} INFO - [2025-01-27T08:42:42.959+0000] {dagbag.py:537} INFO - Filling up the DagBag from /home/airflow/.local/lib/python3.7/site-packages/airflow/example_dags/example_branch_operator.py
[2025-01-27T08:42:43.006+0000] {processor.py:766} INFO - DAG(s) dict_keys(['example_branch_operator']) retrieved from /home/airflow/.local/lib/python3.7/site-packages/airflow/example_dags/example_branch_operator.py
[2025-01-27T08:42:43.099+0000] {logging_mixin.py:120} INFO - [2025-01-27T08:42:43.099+0000] {dag.py:2585} INFO - Sync 1 DAGs
[2025-01-27T08:42:43.156+0000] {logging_mixin.py:120} INFO - [2025-01-27T08:42:43.156+0000] {dag.py:3340} INFO - Setting next_dagrun for example_branch_operator to 2025-01-26T00:00:00+00:00, run_after=2025-01-27T00:00:00+00:00
[2025-01-27T08:42:43.200+0000] {processor.py:176} INFO - Processing /home/airflow/.local/lib/python3.7/site-packages/airflow/example_dags/example_branch_operator.py took 0.251 seconds
[2025-01-27T08:43:13.656+0000] {processor.py:154} INFO - Started process (PID=1125) to work on /home/airflow/.local/lib/python3.7/site-packages/airflow/example_dags/example_branch_operator.py
[2025-01-27T08:43:13.657+0000] {processor.py:756} INFO - Processing file /home/airflow/.local/lib/python3.7/site-packages/airflow/example_dags/example_branch_operator.py for tasks to queue
[2025-01-27T08:43:13.659+0000] {logging_mixin.py:120} INFO - [2025-01-27T08:43:13.659+0000] {dagbag.py:537} INFO - Filling up the DagBag from /home/airflow/.local/lib/python3.7/site-packages/airflow/example_dags/example_branch_operator.py
[2025-01-27T08:43:13.700+0000] {processor.py:766} INFO - DAG(s) dict_keys(['example_branch_operator']) retrieved from /home/airflow/.local/lib/python3.7/site-packages/airflow/example_dags/example_branch_operator.py
[2025-01-27T08:43:13.810+0000] {logging_mixin.py:120} INFO - [2025-01-27T08:43:13.810+0000] {dag.py:2585} INFO - Sync 1 DAGs
[2025-01-27T08:43:13.908+0000] {logging_mixin.py:120} INFO - [2025-01-27T08:43:13.908+0000] {dag.py:3340} INFO - Setting next_dagrun for example_branch_operator to 2025-01-26T00:00:00+00:00, run_after=2025-01-27T00:00:00+00:00
[2025-01-27T08:43:13.955+0000] {processor.py:176} INFO - Processing /home/airflow/.local/lib/python3.7/site-packages/airflow/example_dags/example_branch_operator.py took 0.306 seconds
[2025-01-27T08:43:44.187+0000] {processor.py:154} INFO - Started process (PID=1178) to work on /home/airflow/.local/lib/python3.7/site-packages/airflow/example_dags/example_branch_operator.py
[2025-01-27T08:43:44.189+0000] {processor.py:756} INFO - Processing file /home/airflow/.local/lib/python3.7/site-packages/airflow/example_dags/example_branch_operator.py for tasks to queue
[2025-01-27T08:43:44.191+0000] {logging_mixin.py:120} INFO - [2025-01-27T08:43:44.190+0000] {dagbag.py:537} INFO - Filling up the DagBag from /home/airflow/.local/lib/python3.7/site-packages/airflow/example_dags/example_branch_operator.py
[2025-01-27T08:43:44.226+0000] {processor.py:766} INFO - DAG(s) dict_keys(['example_branch_operator']) retrieved from /home/airflow/.local/lib/python3.7/site-packages/airflow/example_dags/example_branch_operator.py
[2025-01-27T08:43:44.298+0000] {logging_mixin.py:120} INFO - [2025-01-27T08:43:44.298+0000] {dag.py:2585} INFO - Sync 1 DAGs
[2025-01-27T08:43:44.354+0000] {logging_mixin.py:120} INFO - [2025-01-27T08:43:44.354+0000] {dag.py:3340} INFO - Setting next_dagrun for example_branch_operator to 2025-01-26T00:00:00+00:00, run_after=2025-01-27T00:00:00+00:00
[2025-01-27T08:43:44.395+0000] {processor.py:176} INFO - Processing /home/airflow/.local/lib/python3.7/site-packages/airflow/example_dags/example_branch_operator.py took 0.215 seconds
[2025-01-27T08:44:14.860+0000] {processor.py:154} INFO - Started process (PID=1240) to work on /home/airflow/.local/lib/python3.7/site-packages/airflow/example_dags/example_branch_operator.py
[2025-01-27T08:44:14.861+0000] {processor.py:756} INFO - Processing file /home/airflow/.local/lib/python3.7/site-packages/airflow/example_dags/example_branch_operator.py for tasks to queue
[2025-01-27T08:44:14.863+0000] {logging_mixin.py:120} INFO - [2025-01-27T08:44:14.862+0000] {dagbag.py:537} INFO - Filling up the DagBag from /home/airflow/.local/lib/python3.7/site-packages/airflow/example_dags/example_branch_operator.py
[2025-01-27T08:44:14.896+0000] {processor.py:766} INFO - DAG(s) dict_keys(['example_branch_operator']) retrieved from /home/airflow/.local/lib/python3.7/site-packages/airflow/example_dags/example_branch_operator.py
[2025-01-27T08:44:14.977+0000] {logging_mixin.py:120} INFO - [2025-01-27T08:44:14.977+0000] {dag.py:2585} INFO - Sync 1 DAGs
[2025-01-27T08:44:15.027+0000] {logging_mixin.py:120} INFO - [2025-01-27T08:44:15.026+0000] {dag.py:3340} INFO - Setting next_dagrun for example_branch_operator to 2025-01-26T00:00:00+00:00, run_after=2025-01-27T00:00:00+00:00
[2025-01-27T08:44:15.063+0000] {processor.py:176} INFO - Processing /home/airflow/.local/lib/python3.7/site-packages/airflow/example_dags/example_branch_operator.py took 0.209 seconds
[2025-01-27T08:44:45.359+0000] {processor.py:154} INFO - Started process (PID=1294) to work on /home/airflow/.local/lib/python3.7/site-packages/airflow/example_dags/example_branch_operator.py
[2025-01-27T08:44:45.361+0000] {processor.py:756} INFO - Processing file /home/airflow/.local/lib/python3.7/site-packages/airflow/example_dags/example_branch_operator.py for tasks to queue
[2025-01-27T08:44:45.362+0000] {logging_mixin.py:120} INFO - [2025-01-27T08:44:45.362+0000] {dagbag.py:537} INFO - Filling up the DagBag from /home/airflow/.local/lib/python3.7/site-packages/airflow/example_dags/example_branch_operator.py
[2025-01-27T08:44:45.391+0000] {processor.py:766} INFO - DAG(s) dict_keys(['example_branch_operator']) retrieved from /home/airflow/.local/lib/python3.7/site-packages/airflow/example_dags/example_branch_operator.py
[2025-01-27T08:44:45.468+0000] {logging_mixin.py:120} INFO - [2025-01-27T08:44:45.467+0000] {dag.py:2585} INFO - Sync 1 DAGs
[2025-01-27T08:44:45.516+0000] {logging_mixin.py:120} INFO - [2025-01-27T08:44:45.516+0000] {dag.py:3340} INFO - Setting next_dagrun for example_branch_operator to 2025-01-26T00:00:00+00:00, run_after=2025-01-27T00:00:00+00:00
[2025-01-27T08:44:45.550+0000] {processor.py:176} INFO - Processing /home/airflow/.local/lib/python3.7/site-packages/airflow/example_dags/example_branch_operator.py took 0.196 seconds
[2025-01-27T08:45:16.466+0000] {processor.py:154} INFO - Started process (PID=1358) to work on /home/airflow/.local/lib/python3.7/site-packages/airflow/example_dags/example_branch_operator.py
[2025-01-27T08:45:16.469+0000] {processor.py:756} INFO - Processing file /home/airflow/.local/lib/python3.7/site-packages/airflow/example_dags/example_branch_operator.py for tasks to queue
[2025-01-27T08:45:16.475+0000] {logging_mixin.py:120} INFO - [2025-01-27T08:45:16.474+0000] {dagbag.py:537} INFO - Filling up the DagBag from /home/airflow/.local/lib/python3.7/site-packages/airflow/example_dags/example_branch_operator.py
[2025-01-27T08:45:16.507+0000] {processor.py:766} INFO - DAG(s) dict_keys(['example_branch_operator']) retrieved from /home/airflow/.local/lib/python3.7/site-packages/airflow/example_dags/example_branch_operator.py
[2025-01-27T08:45:16.584+0000] {logging_mixin.py:120} INFO - [2025-01-27T08:45:16.583+0000] {dag.py:2585} INFO - Sync 1 DAGs
[2025-01-27T08:45:16.649+0000] {logging_mixin.py:120} INFO - [2025-01-27T08:45:16.649+0000] {dag.py:3340} INFO - Setting next_dagrun for example_branch_operator to 2025-01-26T00:00:00+00:00, run_after=2025-01-27T00:00:00+00:00
[2025-01-27T08:45:16.683+0000] {processor.py:176} INFO - Processing /home/airflow/.local/lib/python3.7/site-packages/airflow/example_dags/example_branch_operator.py took 0.223 seconds
[2025-01-27T08:45:47.396+0000] {processor.py:154} INFO - Started process (PID=1411) to work on /home/airflow/.local/lib/python3.7/site-packages/airflow/example_dags/example_branch_operator.py
[2025-01-27T08:45:47.397+0000] {processor.py:756} INFO - Processing file /home/airflow/.local/lib/python3.7/site-packages/airflow/example_dags/example_branch_operator.py for tasks to queue
[2025-01-27T08:45:47.398+0000] {logging_mixin.py:120} INFO - [2025-01-27T08:45:47.398+0000] {dagbag.py:537} INFO - Filling up the DagBag from /home/airflow/.local/lib/python3.7/site-packages/airflow/example_dags/example_branch_operator.py
[2025-01-27T08:45:47.430+0000] {processor.py:766} INFO - DAG(s) dict_keys(['example_branch_operator']) retrieved from /home/airflow/.local/lib/python3.7/site-packages/airflow/example_dags/example_branch_operator.py
[2025-01-27T08:45:47.504+0000] {logging_mixin.py:120} INFO - [2025-01-27T08:45:47.503+0000] {dag.py:2585} INFO - Sync 1 DAGs
[2025-01-27T08:45:47.553+0000] {logging_mixin.py:120} INFO - [2025-01-27T08:45:47.553+0000] {dag.py:3340} INFO - Setting next_dagrun for example_branch_operator to 2025-01-26T00:00:00+00:00, run_after=2025-01-27T00:00:00+00:00
[2025-01-27T08:45:47.585+0000] {processor.py:176} INFO - Processing /home/airflow/.local/lib/python3.7/site-packages/airflow/example_dags/example_branch_operator.py took 0.195 seconds
[2025-01-27T08:46:17.968+0000] {processor.py:154} INFO - Started process (PID=1473) to work on /home/airflow/.local/lib/python3.7/site-packages/airflow/example_dags/example_branch_operator.py
[2025-01-27T08:46:17.970+0000] {processor.py:756} INFO - Processing file /home/airflow/.local/lib/python3.7/site-packages/airflow/example_dags/example_branch_operator.py for tasks to queue
[2025-01-27T08:46:17.972+0000] {logging_mixin.py:120} INFO - [2025-01-27T08:46:17.972+0000] {dagbag.py:537} INFO - Filling up the DagBag from /home/airflow/.local/lib/python3.7/site-packages/airflow/example_dags/example_branch_operator.py
[2025-01-27T08:46:18.027+0000] {processor.py:766} INFO - DAG(s) dict_keys(['example_branch_operator']) retrieved from /home/airflow/.local/lib/python3.7/site-packages/airflow/example_dags/example_branch_operator.py
[2025-01-27T08:46:18.150+0000] {logging_mixin.py:120} INFO - [2025-01-27T08:46:18.150+0000] {dag.py:2585} INFO - Sync 1 DAGs
[2025-01-27T08:46:18.221+0000] {logging_mixin.py:120} INFO - [2025-01-27T08:46:18.220+0000] {dag.py:3340} INFO - Setting next_dagrun for example_branch_operator to 2025-01-26T00:00:00+00:00, run_after=2025-01-27T00:00:00+00:00
[2025-01-27T08:46:18.260+0000] {processor.py:176} INFO - Processing /home/airflow/.local/lib/python3.7/site-packages/airflow/example_dags/example_branch_operator.py took 0.297 seconds
[2025-01-27T08:46:48.502+0000] {processor.py:154} INFO - Started process (PID=1527) to work on /home/airflow/.local/lib/python3.7/site-packages/airflow/example_dags/example_branch_operator.py
[2025-01-27T08:46:48.505+0000] {processor.py:756} INFO - Processing file /home/airflow/.local/lib/python3.7/site-packages/airflow/example_dags/example_branch_operator.py for tasks to queue
[2025-01-27T08:46:48.506+0000] {logging_mixin.py:120} INFO - [2025-01-27T08:46:48.506+0000] {dagbag.py:537} INFO - Filling up the DagBag from /home/airflow/.local/lib/python3.7/site-packages/airflow/example_dags/example_branch_operator.py
[2025-01-27T08:46:48.534+0000] {processor.py:766} INFO - DAG(s) dict_keys(['example_branch_operator']) retrieved from /home/airflow/.local/lib/python3.7/site-packages/airflow/example_dags/example_branch_operator.py
[2025-01-27T08:46:48.613+0000] {logging_mixin.py:120} INFO - [2025-01-27T08:46:48.613+0000] {dag.py:2585} INFO - Sync 1 DAGs
[2025-01-27T08:46:48.664+0000] {logging_mixin.py:120} INFO - [2025-01-27T08:46:48.664+0000] {dag.py:3340} INFO - Setting next_dagrun for example_branch_operator to 2025-01-26T00:00:00+00:00, run_after=2025-01-27T00:00:00+00:00
[2025-01-27T08:46:48.699+0000] {processor.py:176} INFO - Processing /home/airflow/.local/lib/python3.7/site-packages/airflow/example_dags/example_branch_operator.py took 0.202 seconds
[2025-01-27T08:47:19.469+0000] {processor.py:154} INFO - Started process (PID=1589) to work on /home/airflow/.local/lib/python3.7/site-packages/airflow/example_dags/example_branch_operator.py
[2025-01-27T08:47:19.471+0000] {processor.py:756} INFO - Processing file /home/airflow/.local/lib/python3.7/site-packages/airflow/example_dags/example_branch_operator.py for tasks to queue
[2025-01-27T08:47:19.476+0000] {logging_mixin.py:120} INFO - [2025-01-27T08:47:19.476+0000] {dagbag.py:537} INFO - Filling up the DagBag from /home/airflow/.local/lib/python3.7/site-packages/airflow/example_dags/example_branch_operator.py
[2025-01-27T08:47:19.507+0000] {processor.py:766} INFO - DAG(s) dict_keys(['example_branch_operator']) retrieved from /home/airflow/.local/lib/python3.7/site-packages/airflow/example_dags/example_branch_operator.py
[2025-01-27T08:47:19.591+0000] {logging_mixin.py:120} INFO - [2025-01-27T08:47:19.591+0000] {dag.py:2585} INFO - Sync 1 DAGs
[2025-01-27T08:47:19.659+0000] {logging_mixin.py:120} INFO - [2025-01-27T08:47:19.659+0000] {dag.py:3340} INFO - Setting next_dagrun for example_branch_operator to 2025-01-26T00:00:00+00:00, run_after=2025-01-27T00:00:00+00:00
[2025-01-27T08:47:19.710+0000] {processor.py:176} INFO - Processing /home/airflow/.local/lib/python3.7/site-packages/airflow/example_dags/example_branch_operator.py took 0.247 seconds
[2025-01-27T08:47:49.952+0000] {processor.py:154} INFO - Started process (PID=1644) to work on /home/airflow/.local/lib/python3.7/site-packages/airflow/example_dags/example_branch_operator.py
[2025-01-27T08:47:49.953+0000] {processor.py:756} INFO - Processing file /home/airflow/.local/lib/python3.7/site-packages/airflow/example_dags/example_branch_operator.py for tasks to queue
[2025-01-27T08:47:49.954+0000] {logging_mixin.py:120} INFO - [2025-01-27T08:47:49.954+0000] {dagbag.py:537} INFO - Filling up the DagBag from /home/airflow/.local/lib/python3.7/site-packages/airflow/example_dags/example_branch_operator.py
[2025-01-27T08:47:49.986+0000] {processor.py:766} INFO - DAG(s) dict_keys(['example_branch_operator']) retrieved from /home/airflow/.local/lib/python3.7/site-packages/airflow/example_dags/example_branch_operator.py
[2025-01-27T08:47:50.068+0000] {logging_mixin.py:120} INFO - [2025-01-27T08:47:50.068+0000] {dag.py:2585} INFO - Sync 1 DAGs
[2025-01-27T08:47:50.146+0000] {logging_mixin.py:120} INFO - [2025-01-27T08:47:50.146+0000] {dag.py:3340} INFO - Setting next_dagrun for example_branch_operator to 2025-01-26T00:00:00+00:00, run_after=2025-01-27T00:00:00+00:00
[2025-01-27T08:47:50.192+0000] {processor.py:176} INFO - Processing /home/airflow/.local/lib/python3.7/site-packages/airflow/example_dags/example_branch_operator.py took 0.246 seconds
[2025-01-27T08:48:20.923+0000] {processor.py:154} INFO - Started process (PID=1707) to work on /home/airflow/.local/lib/python3.7/site-packages/airflow/example_dags/example_branch_operator.py
[2025-01-27T08:48:20.924+0000] {processor.py:756} INFO - Processing file /home/airflow/.local/lib/python3.7/site-packages/airflow/example_dags/example_branch_operator.py for tasks to queue
[2025-01-27T08:48:20.926+0000] {logging_mixin.py:120} INFO - [2025-01-27T08:48:20.926+0000] {dagbag.py:537} INFO - Filling up the DagBag from /home/airflow/.local/lib/python3.7/site-packages/airflow/example_dags/example_branch_operator.py
[2025-01-27T08:48:20.963+0000] {processor.py:766} INFO - DAG(s) dict_keys(['example_branch_operator']) retrieved from /home/airflow/.local/lib/python3.7/site-packages/airflow/example_dags/example_branch_operator.py
[2025-01-27T08:48:21.046+0000] {logging_mixin.py:120} INFO - [2025-01-27T08:48:21.046+0000] {dag.py:2585} INFO - Sync 1 DAGs
[2025-01-27T08:48:21.098+0000] {logging_mixin.py:120} INFO - [2025-01-27T08:48:21.098+0000] {dag.py:3340} INFO - Setting next_dagrun for example_branch_operator to 2025-01-26T00:00:00+00:00, run_after=2025-01-27T00:00:00+00:00
[2025-01-27T08:48:21.135+0000] {processor.py:176} INFO - Processing /home/airflow/.local/lib/python3.7/site-packages/airflow/example_dags/example_branch_operator.py took 0.220 seconds
[2025-01-27T08:48:51.530+0000] {processor.py:154} INFO - Started process (PID=1761) to work on /home/airflow/.local/lib/python3.7/site-packages/airflow/example_dags/example_branch_operator.py
[2025-01-27T08:48:51.531+0000] {processor.py:756} INFO - Processing file /home/airflow/.local/lib/python3.7/site-packages/airflow/example_dags/example_branch_operator.py for tasks to queue
[2025-01-27T08:48:51.533+0000] {logging_mixin.py:120} INFO - [2025-01-27T08:48:51.532+0000] {dagbag.py:537} INFO - Filling up the DagBag from /home/airflow/.local/lib/python3.7/site-packages/airflow/example_dags/example_branch_operator.py
[2025-01-27T08:48:51.563+0000] {processor.py:766} INFO - DAG(s) dict_keys(['example_branch_operator']) retrieved from /home/airflow/.local/lib/python3.7/site-packages/airflow/example_dags/example_branch_operator.py
[2025-01-27T08:48:51.651+0000] {logging_mixin.py:120} INFO - [2025-01-27T08:48:51.651+0000] {dag.py:2585} INFO - Sync 1 DAGs
[2025-01-27T08:48:51.712+0000] {logging_mixin.py:120} INFO - [2025-01-27T08:48:51.711+0000] {dag.py:3340} INFO - Setting next_dagrun for example_branch_operator to 2025-01-26T00:00:00+00:00, run_after=2025-01-27T00:00:00+00:00
[2025-01-27T08:48:51.751+0000] {processor.py:176} INFO - Processing /home/airflow/.local/lib/python3.7/site-packages/airflow/example_dags/example_branch_operator.py took 0.226 seconds
[2025-01-27T08:49:22.397+0000] {processor.py:154} INFO - Started process (PID=1815) to work on /home/airflow/.local/lib/python3.7/site-packages/airflow/example_dags/example_branch_operator.py
[2025-01-27T08:49:22.398+0000] {processor.py:756} INFO - Processing file /home/airflow/.local/lib/python3.7/site-packages/airflow/example_dags/example_branch_operator.py for tasks to queue
[2025-01-27T08:49:22.399+0000] {logging_mixin.py:120} INFO - [2025-01-27T08:49:22.399+0000] {dagbag.py:537} INFO - Filling up the DagBag from /home/airflow/.local/lib/python3.7/site-packages/airflow/example_dags/example_branch_operator.py
[2025-01-27T08:49:22.472+0000] {processor.py:766} INFO - DAG(s) dict_keys(['example_branch_operator']) retrieved from /home/airflow/.local/lib/python3.7/site-packages/airflow/example_dags/example_branch_operator.py
[2025-01-27T08:49:22.734+0000] {logging_mixin.py:120} INFO - [2025-01-27T08:49:22.733+0000] {dag.py:2585} INFO - Sync 1 DAGs
[2025-01-27T08:49:22.807+0000] {logging_mixin.py:120} INFO - [2025-01-27T08:49:22.807+0000] {dag.py:3340} INFO - Setting next_dagrun for example_branch_operator to 2025-01-26T00:00:00+00:00, run_after=2025-01-27T00:00:00+00:00
[2025-01-27T08:49:22.852+0000] {processor.py:176} INFO - Processing /home/airflow/.local/lib/python3.7/site-packages/airflow/example_dags/example_branch_operator.py took 0.462 seconds
[2025-01-27T08:49:52.975+0000] {processor.py:154} INFO - Started process (PID=1878) to work on /home/airflow/.local/lib/python3.7/site-packages/airflow/example_dags/example_branch_operator.py
[2025-01-27T08:49:52.977+0000] {processor.py:756} INFO - Processing file /home/airflow/.local/lib/python3.7/site-packages/airflow/example_dags/example_branch_operator.py for tasks to queue
[2025-01-27T08:49:52.979+0000] {logging_mixin.py:120} INFO - [2025-01-27T08:49:52.979+0000] {dagbag.py:537} INFO - Filling up the DagBag from /home/airflow/.local/lib/python3.7/site-packages/airflow/example_dags/example_branch_operator.py
[2025-01-27T08:49:53.011+0000] {processor.py:766} INFO - DAG(s) dict_keys(['example_branch_operator']) retrieved from /home/airflow/.local/lib/python3.7/site-packages/airflow/example_dags/example_branch_operator.py
[2025-01-27T08:49:53.090+0000] {logging_mixin.py:120} INFO - [2025-01-27T08:49:53.090+0000] {dag.py:2585} INFO - Sync 1 DAGs
[2025-01-27T08:49:53.136+0000] {logging_mixin.py:120} INFO - [2025-01-27T08:49:53.136+0000] {dag.py:3340} INFO - Setting next_dagrun for example_branch_operator to 2025-01-26T00:00:00+00:00, run_after=2025-01-27T00:00:00+00:00
[2025-01-27T08:49:53.169+0000] {processor.py:176} INFO - Processing /home/airflow/.local/lib/python3.7/site-packages/airflow/example_dags/example_branch_operator.py took 0.201 seconds
[2025-01-27T08:50:23.606+0000] {processor.py:154} INFO - Started process (PID=1932) to work on /home/airflow/.local/lib/python3.7/site-packages/airflow/example_dags/example_branch_operator.py
[2025-01-27T08:50:23.609+0000] {processor.py:756} INFO - Processing file /home/airflow/.local/lib/python3.7/site-packages/airflow/example_dags/example_branch_operator.py for tasks to queue
[2025-01-27T08:50:23.610+0000] {logging_mixin.py:120} INFO - [2025-01-27T08:50:23.610+0000] {dagbag.py:537} INFO - Filling up the DagBag from /home/airflow/.local/lib/python3.7/site-packages/airflow/example_dags/example_branch_operator.py
[2025-01-27T08:50:23.639+0000] {processor.py:766} INFO - DAG(s) dict_keys(['example_branch_operator']) retrieved from /home/airflow/.local/lib/python3.7/site-packages/airflow/example_dags/example_branch_operator.py
[2025-01-27T08:50:23.712+0000] {logging_mixin.py:120} INFO - [2025-01-27T08:50:23.712+0000] {dag.py:2585} INFO - Sync 1 DAGs
[2025-01-27T08:50:23.758+0000] {logging_mixin.py:120} INFO - [2025-01-27T08:50:23.757+0000] {dag.py:3340} INFO - Setting next_dagrun for example_branch_operator to 2025-01-26T00:00:00+00:00, run_after=2025-01-27T00:00:00+00:00
[2025-01-27T08:50:23.792+0000] {processor.py:176} INFO - Processing /home/airflow/.local/lib/python3.7/site-packages/airflow/example_dags/example_branch_operator.py took 0.193 seconds
[2025-01-27T08:50:54.263+0000] {processor.py:154} INFO - Started process (PID=1994) to work on /home/airflow/.local/lib/python3.7/site-packages/airflow/example_dags/example_branch_operator.py
[2025-01-27T08:50:54.266+0000] {processor.py:756} INFO - Processing file /home/airflow/.local/lib/python3.7/site-packages/airflow/example_dags/example_branch_operator.py for tasks to queue
[2025-01-27T08:50:54.269+0000] {logging_mixin.py:120} INFO - [2025-01-27T08:50:54.268+0000] {dagbag.py:537} INFO - Filling up the DagBag from /home/airflow/.local/lib/python3.7/site-packages/airflow/example_dags/example_branch_operator.py
[2025-01-27T08:50:54.301+0000] {processor.py:766} INFO - DAG(s) dict_keys(['example_branch_operator']) retrieved from /home/airflow/.local/lib/python3.7/site-packages/airflow/example_dags/example_branch_operator.py
[2025-01-27T08:50:54.375+0000] {logging_mixin.py:120} INFO - [2025-01-27T08:50:54.375+0000] {dag.py:2585} INFO - Sync 1 DAGs
[2025-01-27T08:50:54.429+0000] {logging_mixin.py:120} INFO - [2025-01-27T08:50:54.429+0000] {dag.py:3340} INFO - Setting next_dagrun for example_branch_operator to 2025-01-26T00:00:00+00:00, run_after=2025-01-27T00:00:00+00:00
[2025-01-27T08:50:54.472+0000] {processor.py:176} INFO - Processing /home/airflow/.local/lib/python3.7/site-packages/airflow/example_dags/example_branch_operator.py took 0.215 seconds
[2025-01-27T08:51:25.115+0000] {processor.py:154} INFO - Started process (PID=2048) to work on /home/airflow/.local/lib/python3.7/site-packages/airflow/example_dags/example_branch_operator.py
[2025-01-27T08:51:25.117+0000] {processor.py:756} INFO - Processing file /home/airflow/.local/lib/python3.7/site-packages/airflow/example_dags/example_branch_operator.py for tasks to queue
[2025-01-27T08:51:25.118+0000] {logging_mixin.py:120} INFO - [2025-01-27T08:51:25.118+0000] {dagbag.py:537} INFO - Filling up the DagBag from /home/airflow/.local/lib/python3.7/site-packages/airflow/example_dags/example_branch_operator.py
[2025-01-27T08:51:25.152+0000] {processor.py:766} INFO - DAG(s) dict_keys(['example_branch_operator']) retrieved from /home/airflow/.local/lib/python3.7/site-packages/airflow/example_dags/example_branch_operator.py
[2025-01-27T08:51:25.232+0000] {logging_mixin.py:120} INFO - [2025-01-27T08:51:25.232+0000] {dag.py:2585} INFO - Sync 1 DAGs
[2025-01-27T08:51:25.282+0000] {logging_mixin.py:120} INFO - [2025-01-27T08:51:25.282+0000] {dag.py:3340} INFO - Setting next_dagrun for example_branch_operator to 2025-01-26T00:00:00+00:00, run_after=2025-01-27T00:00:00+00:00
[2025-01-27T08:51:25.321+0000] {processor.py:176} INFO - Processing /home/airflow/.local/lib/python3.7/site-packages/airflow/example_dags/example_branch_operator.py took 0.211 seconds
[2025-01-27T08:51:55.742+0000] {processor.py:154} INFO - Started process (PID=2110) to work on /home/airflow/.local/lib/python3.7/site-packages/airflow/example_dags/example_branch_operator.py
[2025-01-27T08:51:55.744+0000] {processor.py:756} INFO - Processing file /home/airflow/.local/lib/python3.7/site-packages/airflow/example_dags/example_branch_operator.py for tasks to queue
[2025-01-27T08:51:55.745+0000] {logging_mixin.py:120} INFO - [2025-01-27T08:51:55.745+0000] {dagbag.py:537} INFO - Filling up the DagBag from /home/airflow/.local/lib/python3.7/site-packages/airflow/example_dags/example_branch_operator.py
[2025-01-27T08:51:55.779+0000] {processor.py:766} INFO - DAG(s) dict_keys(['example_branch_operator']) retrieved from /home/airflow/.local/lib/python3.7/site-packages/airflow/example_dags/example_branch_operator.py
[2025-01-27T08:51:55.858+0000] {logging_mixin.py:120} INFO - [2025-01-27T08:51:55.858+0000] {dag.py:2585} INFO - Sync 1 DAGs
[2025-01-27T08:51:55.907+0000] {logging_mixin.py:120} INFO - [2025-01-27T08:51:55.906+0000] {dag.py:3340} INFO - Setting next_dagrun for example_branch_operator to 2025-01-26T00:00:00+00:00, run_after=2025-01-27T00:00:00+00:00
[2025-01-27T08:51:55.944+0000] {processor.py:176} INFO - Processing /home/airflow/.local/lib/python3.7/site-packages/airflow/example_dags/example_branch_operator.py took 0.209 seconds
[2025-01-27T08:52:26.045+0000] {processor.py:154} INFO - Started process (PID=2164) to work on /home/airflow/.local/lib/python3.7/site-packages/airflow/example_dags/example_branch_operator.py
[2025-01-27T08:52:26.046+0000] {processor.py:756} INFO - Processing file /home/airflow/.local/lib/python3.7/site-packages/airflow/example_dags/example_branch_operator.py for tasks to queue
[2025-01-27T08:52:26.047+0000] {logging_mixin.py:120} INFO - [2025-01-27T08:52:26.047+0000] {dagbag.py:537} INFO - Filling up the DagBag from /home/airflow/.local/lib/python3.7/site-packages/airflow/example_dags/example_branch_operator.py
[2025-01-27T08:52:26.081+0000] {processor.py:766} INFO - DAG(s) dict_keys(['example_branch_operator']) retrieved from /home/airflow/.local/lib/python3.7/site-packages/airflow/example_dags/example_branch_operator.py
[2025-01-27T08:52:26.151+0000] {logging_mixin.py:120} INFO - [2025-01-27T08:52:26.151+0000] {dag.py:2585} INFO - Sync 1 DAGs
[2025-01-27T08:52:26.199+0000] {logging_mixin.py:120} INFO - [2025-01-27T08:52:26.199+0000] {dag.py:3340} INFO - Setting next_dagrun for example_branch_operator to 2025-01-26T00:00:00+00:00, run_after=2025-01-27T00:00:00+00:00
[2025-01-27T08:52:26.234+0000] {processor.py:176} INFO - Processing /home/airflow/.local/lib/python3.7/site-packages/airflow/example_dags/example_branch_operator.py took 0.196 seconds
[2025-01-27T08:52:56.586+0000] {processor.py:154} INFO - Started process (PID=2227) to work on /home/airflow/.local/lib/python3.7/site-packages/airflow/example_dags/example_branch_operator.py
[2025-01-27T08:52:56.588+0000] {processor.py:756} INFO - Processing file /home/airflow/.local/lib/python3.7/site-packages/airflow/example_dags/example_branch_operator.py for tasks to queue
[2025-01-27T08:52:56.589+0000] {logging_mixin.py:120} INFO - [2025-01-27T08:52:56.589+0000] {dagbag.py:537} INFO - Filling up the DagBag from /home/airflow/.local/lib/python3.7/site-packages/airflow/example_dags/example_branch_operator.py
[2025-01-27T08:52:56.622+0000] {processor.py:766} INFO - DAG(s) dict_keys(['example_branch_operator']) retrieved from /home/airflow/.local/lib/python3.7/site-packages/airflow/example_dags/example_branch_operator.py
[2025-01-27T08:52:56.693+0000] {logging_mixin.py:120} INFO - [2025-01-27T08:52:56.693+0000] {dag.py:2585} INFO - Sync 1 DAGs
[2025-01-27T08:52:56.747+0000] {logging_mixin.py:120} INFO - [2025-01-27T08:52:56.747+0000] {dag.py:3340} INFO - Setting next_dagrun for example_branch_operator to 2025-01-26T00:00:00+00:00, run_after=2025-01-27T00:00:00+00:00
[2025-01-27T08:52:56.781+0000] {processor.py:176} INFO - Processing /home/airflow/.local/lib/python3.7/site-packages/airflow/example_dags/example_branch_operator.py took 0.200 seconds
[2025-01-27T08:53:27.976+0000] {processor.py:154} INFO - Started process (PID=2281) to work on /home/airflow/.local/lib/python3.7/site-packages/airflow/example_dags/example_branch_operator.py
[2025-01-27T08:53:27.978+0000] {processor.py:756} INFO - Processing file /home/airflow/.local/lib/python3.7/site-packages/airflow/example_dags/example_branch_operator.py for tasks to queue
[2025-01-27T08:53:27.979+0000] {logging_mixin.py:120} INFO - [2025-01-27T08:53:27.979+0000] {dagbag.py:537} INFO - Filling up the DagBag from /home/airflow/.local/lib/python3.7/site-packages/airflow/example_dags/example_branch_operator.py
[2025-01-27T08:53:28.011+0000] {processor.py:766} INFO - DAG(s) dict_keys(['example_branch_operator']) retrieved from /home/airflow/.local/lib/python3.7/site-packages/airflow/example_dags/example_branch_operator.py
[2025-01-27T08:53:28.087+0000] {logging_mixin.py:120} INFO - [2025-01-27T08:53:28.087+0000] {dag.py:2585} INFO - Sync 1 DAGs
[2025-01-27T08:53:28.137+0000] {logging_mixin.py:120} INFO - [2025-01-27T08:53:28.136+0000] {dag.py:3340} INFO - Setting next_dagrun for example_branch_operator to 2025-01-26T00:00:00+00:00, run_after=2025-01-27T00:00:00+00:00
[2025-01-27T08:53:28.168+0000] {processor.py:176} INFO - Processing /home/airflow/.local/lib/python3.7/site-packages/airflow/example_dags/example_branch_operator.py took 0.198 seconds
[2025-01-27T08:53:58.540+0000] {processor.py:154} INFO - Started process (PID=2343) to work on /home/airflow/.local/lib/python3.7/site-packages/airflow/example_dags/example_branch_operator.py
[2025-01-27T08:53:58.542+0000] {processor.py:756} INFO - Processing file /home/airflow/.local/lib/python3.7/site-packages/airflow/example_dags/example_branch_operator.py for tasks to queue
[2025-01-27T08:53:58.544+0000] {logging_mixin.py:120} INFO - [2025-01-27T08:53:58.544+0000] {dagbag.py:537} INFO - Filling up the DagBag from /home/airflow/.local/lib/python3.7/site-packages/airflow/example_dags/example_branch_operator.py
[2025-01-27T08:53:58.578+0000] {processor.py:766} INFO - DAG(s) dict_keys(['example_branch_operator']) retrieved from /home/airflow/.local/lib/python3.7/site-packages/airflow/example_dags/example_branch_operator.py
[2025-01-27T08:53:58.669+0000] {logging_mixin.py:120} INFO - [2025-01-27T08:53:58.669+0000] {dag.py:2585} INFO - Sync 1 DAGs
[2025-01-27T08:53:58.722+0000] {logging_mixin.py:120} INFO - [2025-01-27T08:53:58.721+0000] {dag.py:3340} INFO - Setting next_dagrun for example_branch_operator to 2025-01-26T00:00:00+00:00, run_after=2025-01-27T00:00:00+00:00
[2025-01-27T08:53:58.766+0000] {processor.py:176} INFO - Processing /home/airflow/.local/lib/python3.7/site-packages/airflow/example_dags/example_branch_operator.py took 0.233 seconds
[2025-01-27T08:54:29.291+0000] {processor.py:154} INFO - Started process (PID=2397) to work on /home/airflow/.local/lib/python3.7/site-packages/airflow/example_dags/example_branch_operator.py
[2025-01-27T08:54:29.293+0000] {processor.py:756} INFO - Processing file /home/airflow/.local/lib/python3.7/site-packages/airflow/example_dags/example_branch_operator.py for tasks to queue
[2025-01-27T08:54:29.294+0000] {logging_mixin.py:120} INFO - [2025-01-27T08:54:29.294+0000] {dagbag.py:537} INFO - Filling up the DagBag from /home/airflow/.local/lib/python3.7/site-packages/airflow/example_dags/example_branch_operator.py
[2025-01-27T08:54:29.328+0000] {processor.py:766} INFO - DAG(s) dict_keys(['example_branch_operator']) retrieved from /home/airflow/.local/lib/python3.7/site-packages/airflow/example_dags/example_branch_operator.py
[2025-01-27T08:54:29.397+0000] {logging_mixin.py:120} INFO - [2025-01-27T08:54:29.397+0000] {dag.py:2585} INFO - Sync 1 DAGs
[2025-01-27T08:54:29.452+0000] {logging_mixin.py:120} INFO - [2025-01-27T08:54:29.452+0000] {dag.py:3340} INFO - Setting next_dagrun for example_branch_operator to 2025-01-26T00:00:00+00:00, run_after=2025-01-27T00:00:00+00:00
[2025-01-27T08:54:29.490+0000] {processor.py:176} INFO - Processing /home/airflow/.local/lib/python3.7/site-packages/airflow/example_dags/example_branch_operator.py took 0.206 seconds
[2025-01-27T08:55:00.056+0000] {processor.py:154} INFO - Started process (PID=2460) to work on /home/airflow/.local/lib/python3.7/site-packages/airflow/example_dags/example_branch_operator.py
[2025-01-27T08:55:00.057+0000] {processor.py:756} INFO - Processing file /home/airflow/.local/lib/python3.7/site-packages/airflow/example_dags/example_branch_operator.py for tasks to queue
[2025-01-27T08:55:00.059+0000] {logging_mixin.py:120} INFO - [2025-01-27T08:55:00.059+0000] {dagbag.py:537} INFO - Filling up the DagBag from /home/airflow/.local/lib/python3.7/site-packages/airflow/example_dags/example_branch_operator.py
[2025-01-27T08:55:00.087+0000] {processor.py:766} INFO - DAG(s) dict_keys(['example_branch_operator']) retrieved from /home/airflow/.local/lib/python3.7/site-packages/airflow/example_dags/example_branch_operator.py
[2025-01-27T08:55:00.169+0000] {logging_mixin.py:120} INFO - [2025-01-27T08:55:00.168+0000] {dag.py:2585} INFO - Sync 1 DAGs
[2025-01-27T08:55:00.223+0000] {logging_mixin.py:120} INFO - [2025-01-27T08:55:00.223+0000] {dag.py:3340} INFO - Setting next_dagrun for example_branch_operator to 2025-01-26T00:00:00+00:00, run_after=2025-01-27T00:00:00+00:00
[2025-01-27T08:55:00.257+0000] {processor.py:176} INFO - Processing /home/airflow/.local/lib/python3.7/site-packages/airflow/example_dags/example_branch_operator.py took 0.207 seconds
[2025-01-27T08:55:31.230+0000] {processor.py:154} INFO - Started process (PID=2513) to work on /home/airflow/.local/lib/python3.7/site-packages/airflow/example_dags/example_branch_operator.py
[2025-01-27T08:55:31.233+0000] {processor.py:756} INFO - Processing file /home/airflow/.local/lib/python3.7/site-packages/airflow/example_dags/example_branch_operator.py for tasks to queue
[2025-01-27T08:55:31.236+0000] {logging_mixin.py:120} INFO - [2025-01-27T08:55:31.236+0000] {dagbag.py:537} INFO - Filling up the DagBag from /home/airflow/.local/lib/python3.7/site-packages/airflow/example_dags/example_branch_operator.py
[2025-01-27T08:55:31.275+0000] {processor.py:766} INFO - DAG(s) dict_keys(['example_branch_operator']) retrieved from /home/airflow/.local/lib/python3.7/site-packages/airflow/example_dags/example_branch_operator.py
[2025-01-27T08:55:31.367+0000] {logging_mixin.py:120} INFO - [2025-01-27T08:55:31.366+0000] {dag.py:2585} INFO - Sync 1 DAGs
[2025-01-27T08:55:31.423+0000] {logging_mixin.py:120} INFO - [2025-01-27T08:55:31.422+0000] {dag.py:3340} INFO - Setting next_dagrun for example_branch_operator to 2025-01-26T00:00:00+00:00, run_after=2025-01-27T00:00:00+00:00
[2025-01-27T08:55:31.460+0000] {processor.py:176} INFO - Processing /home/airflow/.local/lib/python3.7/site-packages/airflow/example_dags/example_branch_operator.py took 0.237 seconds
[2025-01-27T08:56:02.083+0000] {processor.py:154} INFO - Started process (PID=2575) to work on /home/airflow/.local/lib/python3.7/site-packages/airflow/example_dags/example_branch_operator.py
[2025-01-27T08:56:02.085+0000] {processor.py:756} INFO - Processing file /home/airflow/.local/lib/python3.7/site-packages/airflow/example_dags/example_branch_operator.py for tasks to queue
[2025-01-27T08:56:02.091+0000] {logging_mixin.py:120} INFO - [2025-01-27T08:56:02.091+0000] {dagbag.py:537} INFO - Filling up the DagBag from /home/airflow/.local/lib/python3.7/site-packages/airflow/example_dags/example_branch_operator.py
[2025-01-27T08:56:02.124+0000] {processor.py:766} INFO - DAG(s) dict_keys(['example_branch_operator']) retrieved from /home/airflow/.local/lib/python3.7/site-packages/airflow/example_dags/example_branch_operator.py
[2025-01-27T08:56:02.195+0000] {logging_mixin.py:120} INFO - [2025-01-27T08:56:02.195+0000] {dag.py:2585} INFO - Sync 1 DAGs
[2025-01-27T08:56:02.245+0000] {logging_mixin.py:120} INFO - [2025-01-27T08:56:02.245+0000] {dag.py:3340} INFO - Setting next_dagrun for example_branch_operator to 2025-01-26T00:00:00+00:00, run_after=2025-01-27T00:00:00+00:00
[2025-01-27T08:56:02.284+0000] {processor.py:176} INFO - Processing /home/airflow/.local/lib/python3.7/site-packages/airflow/example_dags/example_branch_operator.py took 0.210 seconds
[2025-01-27T08:56:32.945+0000] {processor.py:154} INFO - Started process (PID=2629) to work on /home/airflow/.local/lib/python3.7/site-packages/airflow/example_dags/example_branch_operator.py
[2025-01-27T08:56:32.946+0000] {processor.py:756} INFO - Processing file /home/airflow/.local/lib/python3.7/site-packages/airflow/example_dags/example_branch_operator.py for tasks to queue
[2025-01-27T08:56:32.948+0000] {logging_mixin.py:120} INFO - [2025-01-27T08:56:32.947+0000] {dagbag.py:537} INFO - Filling up the DagBag from /home/airflow/.local/lib/python3.7/site-packages/airflow/example_dags/example_branch_operator.py
[2025-01-27T08:56:32.981+0000] {processor.py:766} INFO - DAG(s) dict_keys(['example_branch_operator']) retrieved from /home/airflow/.local/lib/python3.7/site-packages/airflow/example_dags/example_branch_operator.py
[2025-01-27T08:56:33.062+0000] {logging_mixin.py:120} INFO - [2025-01-27T08:56:33.061+0000] {dag.py:2585} INFO - Sync 1 DAGs
[2025-01-27T08:56:33.123+0000] {logging_mixin.py:120} INFO - [2025-01-27T08:56:33.123+0000] {dag.py:3340} INFO - Setting next_dagrun for example_branch_operator to 2025-01-26T00:00:00+00:00, run_after=2025-01-27T00:00:00+00:00
[2025-01-27T08:56:33.164+0000] {processor.py:176} INFO - Processing /home/airflow/.local/lib/python3.7/site-packages/airflow/example_dags/example_branch_operator.py took 0.230 seconds
[2025-01-27T08:57:03.703+0000] {processor.py:154} INFO - Started process (PID=2690) to work on /home/airflow/.local/lib/python3.7/site-packages/airflow/example_dags/example_branch_operator.py
[2025-01-27T08:57:03.705+0000] {processor.py:756} INFO - Processing file /home/airflow/.local/lib/python3.7/site-packages/airflow/example_dags/example_branch_operator.py for tasks to queue
[2025-01-27T08:57:03.706+0000] {logging_mixin.py:120} INFO - [2025-01-27T08:57:03.706+0000] {dagbag.py:537} INFO - Filling up the DagBag from /home/airflow/.local/lib/python3.7/site-packages/airflow/example_dags/example_branch_operator.py
[2025-01-27T08:57:03.744+0000] {processor.py:766} INFO - DAG(s) dict_keys(['example_branch_operator']) retrieved from /home/airflow/.local/lib/python3.7/site-packages/airflow/example_dags/example_branch_operator.py
[2025-01-27T08:57:03.819+0000] {logging_mixin.py:120} INFO - [2025-01-27T08:57:03.819+0000] {dag.py:2585} INFO - Sync 1 DAGs
[2025-01-27T08:57:03.868+0000] {logging_mixin.py:120} INFO - [2025-01-27T08:57:03.867+0000] {dag.py:3340} INFO - Setting next_dagrun for example_branch_operator to 2025-01-26T00:00:00+00:00, run_after=2025-01-27T00:00:00+00:00
[2025-01-27T08:57:03.900+0000] {processor.py:176} INFO - Processing /home/airflow/.local/lib/python3.7/site-packages/airflow/example_dags/example_branch_operator.py took 0.204 seconds
[2025-01-27T08:57:34.320+0000] {processor.py:154} INFO - Started process (PID=2743) to work on /home/airflow/.local/lib/python3.7/site-packages/airflow/example_dags/example_branch_operator.py
[2025-01-27T08:57:34.322+0000] {processor.py:756} INFO - Processing file /home/airflow/.local/lib/python3.7/site-packages/airflow/example_dags/example_branch_operator.py for tasks to queue
[2025-01-27T08:57:34.323+0000] {logging_mixin.py:120} INFO - [2025-01-27T08:57:34.323+0000] {dagbag.py:537} INFO - Filling up the DagBag from /home/airflow/.local/lib/python3.7/site-packages/airflow/example_dags/example_branch_operator.py
[2025-01-27T08:57:34.362+0000] {processor.py:766} INFO - DAG(s) dict_keys(['example_branch_operator']) retrieved from /home/airflow/.local/lib/python3.7/site-packages/airflow/example_dags/example_branch_operator.py
[2025-01-27T08:57:34.449+0000] {logging_mixin.py:120} INFO - [2025-01-27T08:57:34.449+0000] {dag.py:2585} INFO - Sync 1 DAGs
[2025-01-27T08:57:34.507+0000] {logging_mixin.py:120} INFO - [2025-01-27T08:57:34.507+0000] {dag.py:3340} INFO - Setting next_dagrun for example_branch_operator to 2025-01-26T00:00:00+00:00, run_after=2025-01-27T00:00:00+00:00
[2025-01-27T08:57:34.545+0000] {processor.py:176} INFO - Processing /home/airflow/.local/lib/python3.7/site-packages/airflow/example_dags/example_branch_operator.py took 0.231 seconds
[2025-01-27T08:58:05.433+0000] {processor.py:154} INFO - Started process (PID=2806) to work on /home/airflow/.local/lib/python3.7/site-packages/airflow/example_dags/example_branch_operator.py
[2025-01-27T08:58:05.434+0000] {processor.py:756} INFO - Processing file /home/airflow/.local/lib/python3.7/site-packages/airflow/example_dags/example_branch_operator.py for tasks to queue
[2025-01-27T08:58:05.436+0000] {logging_mixin.py:120} INFO - [2025-01-27T08:58:05.436+0000] {dagbag.py:537} INFO - Filling up the DagBag from /home/airflow/.local/lib/python3.7/site-packages/airflow/example_dags/example_branch_operator.py
[2025-01-27T08:58:05.477+0000] {processor.py:766} INFO - DAG(s) dict_keys(['example_branch_operator']) retrieved from /home/airflow/.local/lib/python3.7/site-packages/airflow/example_dags/example_branch_operator.py
[2025-01-27T08:58:05.572+0000] {logging_mixin.py:120} INFO - [2025-01-27T08:58:05.572+0000] {dag.py:2585} INFO - Sync 1 DAGs
[2025-01-27T08:58:05.618+0000] {logging_mixin.py:120} INFO - [2025-01-27T08:58:05.618+0000] {dag.py:3340} INFO - Setting next_dagrun for example_branch_operator to 2025-01-26T00:00:00+00:00, run_after=2025-01-27T00:00:00+00:00
[2025-01-27T08:58:05.658+0000] {processor.py:176} INFO - Processing /home/airflow/.local/lib/python3.7/site-packages/airflow/example_dags/example_branch_operator.py took 0.233 seconds
[2025-01-27T08:58:35.830+0000] {processor.py:154} INFO - Started process (PID=2860) to work on /home/airflow/.local/lib/python3.7/site-packages/airflow/example_dags/example_branch_operator.py
[2025-01-27T08:58:35.832+0000] {processor.py:756} INFO - Processing file /home/airflow/.local/lib/python3.7/site-packages/airflow/example_dags/example_branch_operator.py for tasks to queue
[2025-01-27T08:58:35.833+0000] {logging_mixin.py:120} INFO - [2025-01-27T08:58:35.833+0000] {dagbag.py:537} INFO - Filling up the DagBag from /home/airflow/.local/lib/python3.7/site-packages/airflow/example_dags/example_branch_operator.py
[2025-01-27T08:58:35.866+0000] {processor.py:766} INFO - DAG(s) dict_keys(['example_branch_operator']) retrieved from /home/airflow/.local/lib/python3.7/site-packages/airflow/example_dags/example_branch_operator.py
[2025-01-27T08:58:35.941+0000] {logging_mixin.py:120} INFO - [2025-01-27T08:58:35.941+0000] {dag.py:2585} INFO - Sync 1 DAGs
[2025-01-27T08:58:35.992+0000] {logging_mixin.py:120} INFO - [2025-01-27T08:58:35.992+0000] {dag.py:3340} INFO - Setting next_dagrun for example_branch_operator to 2025-01-26T00:00:00+00:00, run_after=2025-01-27T00:00:00+00:00
[2025-01-27T08:58:36.027+0000] {processor.py:176} INFO - Processing /home/airflow/.local/lib/python3.7/site-packages/airflow/example_dags/example_branch_operator.py took 0.202 seconds
[2025-01-27T08:59:06.560+0000] {processor.py:154} INFO - Started process (PID=2923) to work on /home/airflow/.local/lib/python3.7/site-packages/airflow/example_dags/example_branch_operator.py
[2025-01-27T08:59:06.562+0000] {processor.py:756} INFO - Processing file /home/airflow/.local/lib/python3.7/site-packages/airflow/example_dags/example_branch_operator.py for tasks to queue
[2025-01-27T08:59:06.563+0000] {logging_mixin.py:120} INFO - [2025-01-27T08:59:06.563+0000] {dagbag.py:537} INFO - Filling up the DagBag from /home/airflow/.local/lib/python3.7/site-packages/airflow/example_dags/example_branch_operator.py
[2025-01-27T08:59:06.600+0000] {processor.py:766} INFO - DAG(s) dict_keys(['example_branch_operator']) retrieved from /home/airflow/.local/lib/python3.7/site-packages/airflow/example_dags/example_branch_operator.py
[2025-01-27T08:59:06.674+0000] {logging_mixin.py:120} INFO - [2025-01-27T08:59:06.674+0000] {dag.py:2585} INFO - Sync 1 DAGs
[2025-01-27T08:59:06.730+0000] {logging_mixin.py:120} INFO - [2025-01-27T08:59:06.730+0000] {dag.py:3340} INFO - Setting next_dagrun for example_branch_operator to 2025-01-26T00:00:00+00:00, run_after=2025-01-27T00:00:00+00:00
[2025-01-27T08:59:06.775+0000] {processor.py:176} INFO - Processing /home/airflow/.local/lib/python3.7/site-packages/airflow/example_dags/example_branch_operator.py took 0.216 seconds
[2025-01-27T08:59:37.794+0000] {processor.py:154} INFO - Started process (PID=2976) to work on /home/airflow/.local/lib/python3.7/site-packages/airflow/example_dags/example_branch_operator.py
[2025-01-27T08:59:37.795+0000] {processor.py:756} INFO - Processing file /home/airflow/.local/lib/python3.7/site-packages/airflow/example_dags/example_branch_operator.py for tasks to queue
[2025-01-27T08:59:37.798+0000] {logging_mixin.py:120} INFO - [2025-01-27T08:59:37.798+0000] {dagbag.py:537} INFO - Filling up the DagBag from /home/airflow/.local/lib/python3.7/site-packages/airflow/example_dags/example_branch_operator.py
[2025-01-27T08:59:37.846+0000] {processor.py:766} INFO - DAG(s) dict_keys(['example_branch_operator']) retrieved from /home/airflow/.local/lib/python3.7/site-packages/airflow/example_dags/example_branch_operator.py
[2025-01-27T08:59:37.950+0000] {logging_mixin.py:120} INFO - [2025-01-27T08:59:37.950+0000] {dag.py:2585} INFO - Sync 1 DAGs
[2025-01-27T08:59:38.011+0000] {logging_mixin.py:120} INFO - [2025-01-27T08:59:38.011+0000] {dag.py:3340} INFO - Setting next_dagrun for example_branch_operator to 2025-01-26T00:00:00+00:00, run_after=2025-01-27T00:00:00+00:00
[2025-01-27T08:59:38.054+0000] {processor.py:176} INFO - Processing /home/airflow/.local/lib/python3.7/site-packages/airflow/example_dags/example_branch_operator.py took 0.266 seconds
[2025-01-27T09:00:08.877+0000] {processor.py:154} INFO - Started process (PID=3039) to work on /home/airflow/.local/lib/python3.7/site-packages/airflow/example_dags/example_branch_operator.py
[2025-01-27T09:00:08.880+0000] {processor.py:756} INFO - Processing file /home/airflow/.local/lib/python3.7/site-packages/airflow/example_dags/example_branch_operator.py for tasks to queue
[2025-01-27T09:00:08.883+0000] {logging_mixin.py:120} INFO - [2025-01-27T09:00:08.882+0000] {dagbag.py:537} INFO - Filling up the DagBag from /home/airflow/.local/lib/python3.7/site-packages/airflow/example_dags/example_branch_operator.py
[2025-01-27T09:00:08.923+0000] {processor.py:766} INFO - DAG(s) dict_keys(['example_branch_operator']) retrieved from /home/airflow/.local/lib/python3.7/site-packages/airflow/example_dags/example_branch_operator.py
[2025-01-27T09:00:09.035+0000] {logging_mixin.py:120} INFO - [2025-01-27T09:00:09.034+0000] {dag.py:2585} INFO - Sync 1 DAGs
[2025-01-27T09:00:09.098+0000] {logging_mixin.py:120} INFO - [2025-01-27T09:00:09.097+0000] {dag.py:3340} INFO - Setting next_dagrun for example_branch_operator to 2025-01-26T00:00:00+00:00, run_after=2025-01-27T00:00:00+00:00
[2025-01-27T09:00:09.140+0000] {processor.py:176} INFO - Processing /home/airflow/.local/lib/python3.7/site-packages/airflow/example_dags/example_branch_operator.py took 0.271 seconds
[2025-01-27T09:00:40.327+0000] {processor.py:154} INFO - Started process (PID=3092) to work on /home/airflow/.local/lib/python3.7/site-packages/airflow/example_dags/example_branch_operator.py
[2025-01-27T09:00:40.329+0000] {processor.py:756} INFO - Processing file /home/airflow/.local/lib/python3.7/site-packages/airflow/example_dags/example_branch_operator.py for tasks to queue
[2025-01-27T09:00:40.330+0000] {logging_mixin.py:120} INFO - [2025-01-27T09:00:40.330+0000] {dagbag.py:537} INFO - Filling up the DagBag from /home/airflow/.local/lib/python3.7/site-packages/airflow/example_dags/example_branch_operator.py
[2025-01-27T09:00:40.368+0000] {processor.py:766} INFO - DAG(s) dict_keys(['example_branch_operator']) retrieved from /home/airflow/.local/lib/python3.7/site-packages/airflow/example_dags/example_branch_operator.py
[2025-01-27T09:00:40.450+0000] {logging_mixin.py:120} INFO - [2025-01-27T09:00:40.450+0000] {dag.py:2585} INFO - Sync 1 DAGs
[2025-01-27T09:00:40.505+0000] {logging_mixin.py:120} INFO - [2025-01-27T09:00:40.505+0000] {dag.py:3340} INFO - Setting next_dagrun for example_branch_operator to 2025-01-26T00:00:00+00:00, run_after=2025-01-27T00:00:00+00:00
[2025-01-27T09:00:40.553+0000] {processor.py:176} INFO - Processing /home/airflow/.local/lib/python3.7/site-packages/airflow/example_dags/example_branch_operator.py took 0.233 seconds
[2025-01-27T09:01:11.446+0000] {processor.py:154} INFO - Started process (PID=3155) to work on /home/airflow/.local/lib/python3.7/site-packages/airflow/example_dags/example_branch_operator.py
[2025-01-27T09:01:11.449+0000] {processor.py:756} INFO - Processing file /home/airflow/.local/lib/python3.7/site-packages/airflow/example_dags/example_branch_operator.py for tasks to queue
[2025-01-27T09:01:11.453+0000] {logging_mixin.py:120} INFO - [2025-01-27T09:01:11.453+0000] {dagbag.py:537} INFO - Filling up the DagBag from /home/airflow/.local/lib/python3.7/site-packages/airflow/example_dags/example_branch_operator.py
[2025-01-27T09:01:11.502+0000] {processor.py:766} INFO - DAG(s) dict_keys(['example_branch_operator']) retrieved from /home/airflow/.local/lib/python3.7/site-packages/airflow/example_dags/example_branch_operator.py
[2025-01-27T09:01:11.610+0000] {logging_mixin.py:120} INFO - [2025-01-27T09:01:11.609+0000] {dag.py:2585} INFO - Sync 1 DAGs
[2025-01-27T09:01:11.697+0000] {logging_mixin.py:120} INFO - [2025-01-27T09:01:11.697+0000] {dag.py:3340} INFO - Setting next_dagrun for example_branch_operator to 2025-01-26T00:00:00+00:00, run_after=2025-01-27T00:00:00+00:00
[2025-01-27T09:01:11.787+0000] {processor.py:176} INFO - Processing /home/airflow/.local/lib/python3.7/site-packages/airflow/example_dags/example_branch_operator.py took 0.353 seconds
[2025-01-27T09:01:41.955+0000] {processor.py:154} INFO - Started process (PID=3209) to work on /home/airflow/.local/lib/python3.7/site-packages/airflow/example_dags/example_branch_operator.py
[2025-01-27T09:01:41.958+0000] {processor.py:756} INFO - Processing file /home/airflow/.local/lib/python3.7/site-packages/airflow/example_dags/example_branch_operator.py for tasks to queue
[2025-01-27T09:01:41.959+0000] {logging_mixin.py:120} INFO - [2025-01-27T09:01:41.959+0000] {dagbag.py:537} INFO - Filling up the DagBag from /home/airflow/.local/lib/python3.7/site-packages/airflow/example_dags/example_branch_operator.py
[2025-01-27T09:01:41.995+0000] {processor.py:766} INFO - DAG(s) dict_keys(['example_branch_operator']) retrieved from /home/airflow/.local/lib/python3.7/site-packages/airflow/example_dags/example_branch_operator.py
[2025-01-27T09:01:42.069+0000] {logging_mixin.py:120} INFO - [2025-01-27T09:01:42.069+0000] {dag.py:2585} INFO - Sync 1 DAGs
[2025-01-27T09:01:42.124+0000] {logging_mixin.py:120} INFO - [2025-01-27T09:01:42.124+0000] {dag.py:3340} INFO - Setting next_dagrun for example_branch_operator to 2025-01-26T00:00:00+00:00, run_after=2025-01-27T00:00:00+00:00
[2025-01-27T09:01:42.157+0000] {processor.py:176} INFO - Processing /home/airflow/.local/lib/python3.7/site-packages/airflow/example_dags/example_branch_operator.py took 0.211 seconds
[2025-01-27T09:02:12.886+0000] {processor.py:154} INFO - Started process (PID=3270) to work on /home/airflow/.local/lib/python3.7/site-packages/airflow/example_dags/example_branch_operator.py
[2025-01-27T09:02:12.887+0000] {processor.py:756} INFO - Processing file /home/airflow/.local/lib/python3.7/site-packages/airflow/example_dags/example_branch_operator.py for tasks to queue
[2025-01-27T09:02:12.890+0000] {logging_mixin.py:120} INFO - [2025-01-27T09:02:12.890+0000] {dagbag.py:537} INFO - Filling up the DagBag from /home/airflow/.local/lib/python3.7/site-packages/airflow/example_dags/example_branch_operator.py
[2025-01-27T09:02:12.928+0000] {processor.py:766} INFO - DAG(s) dict_keys(['example_branch_operator']) retrieved from /home/airflow/.local/lib/python3.7/site-packages/airflow/example_dags/example_branch_operator.py
[2025-01-27T09:02:13.020+0000] {logging_mixin.py:120} INFO - [2025-01-27T09:02:13.020+0000] {dag.py:2585} INFO - Sync 1 DAGs
[2025-01-27T09:02:13.086+0000] {logging_mixin.py:120} INFO - [2025-01-27T09:02:13.086+0000] {dag.py:3340} INFO - Setting next_dagrun for example_branch_operator to 2025-01-26T00:00:00+00:00, run_after=2025-01-27T00:00:00+00:00
[2025-01-27T09:02:13.138+0000] {processor.py:176} INFO - Processing /home/airflow/.local/lib/python3.7/site-packages/airflow/example_dags/example_branch_operator.py took 0.258 seconds
[2025-01-27T09:02:43.633+0000] {processor.py:154} INFO - Started process (PID=3326) to work on /home/airflow/.local/lib/python3.7/site-packages/airflow/example_dags/example_branch_operator.py
[2025-01-27T09:02:43.634+0000] {processor.py:756} INFO - Processing file /home/airflow/.local/lib/python3.7/site-packages/airflow/example_dags/example_branch_operator.py for tasks to queue
[2025-01-27T09:02:43.636+0000] {logging_mixin.py:120} INFO - [2025-01-27T09:02:43.636+0000] {dagbag.py:537} INFO - Filling up the DagBag from /home/airflow/.local/lib/python3.7/site-packages/airflow/example_dags/example_branch_operator.py
[2025-01-27T09:02:43.672+0000] {processor.py:766} INFO - DAG(s) dict_keys(['example_branch_operator']) retrieved from /home/airflow/.local/lib/python3.7/site-packages/airflow/example_dags/example_branch_operator.py
[2025-01-27T09:02:43.745+0000] {logging_mixin.py:120} INFO - [2025-01-27T09:02:43.745+0000] {dag.py:2585} INFO - Sync 1 DAGs
[2025-01-27T09:02:43.804+0000] {logging_mixin.py:120} INFO - [2025-01-27T09:02:43.804+0000] {dag.py:3340} INFO - Setting next_dagrun for example_branch_operator to 2025-01-26T00:00:00+00:00, run_after=2025-01-27T00:00:00+00:00
[2025-01-27T09:02:43.851+0000] {processor.py:176} INFO - Processing /home/airflow/.local/lib/python3.7/site-packages/airflow/example_dags/example_branch_operator.py took 0.225 seconds
[2025-01-27T09:03:14.649+0000] {processor.py:154} INFO - Started process (PID=3379) to work on /home/airflow/.local/lib/python3.7/site-packages/airflow/example_dags/example_branch_operator.py
[2025-01-27T09:03:14.651+0000] {processor.py:756} INFO - Processing file /home/airflow/.local/lib/python3.7/site-packages/airflow/example_dags/example_branch_operator.py for tasks to queue
[2025-01-27T09:03:14.652+0000] {logging_mixin.py:120} INFO - [2025-01-27T09:03:14.651+0000] {dagbag.py:537} INFO - Filling up the DagBag from /home/airflow/.local/lib/python3.7/site-packages/airflow/example_dags/example_branch_operator.py
[2025-01-27T09:03:14.686+0000] {processor.py:766} INFO - DAG(s) dict_keys(['example_branch_operator']) retrieved from /home/airflow/.local/lib/python3.7/site-packages/airflow/example_dags/example_branch_operator.py
[2025-01-27T09:03:14.759+0000] {logging_mixin.py:120} INFO - [2025-01-27T09:03:14.759+0000] {dag.py:2585} INFO - Sync 1 DAGs
[2025-01-27T09:03:14.821+0000] {logging_mixin.py:120} INFO - [2025-01-27T09:03:14.821+0000] {dag.py:3340} INFO - Setting next_dagrun for example_branch_operator to 2025-01-26T00:00:00+00:00, run_after=2025-01-27T00:00:00+00:00
[2025-01-27T09:03:14.858+0000] {processor.py:176} INFO - Processing /home/airflow/.local/lib/python3.7/site-packages/airflow/example_dags/example_branch_operator.py took 0.215 seconds
[2025-01-27T09:03:45.258+0000] {processor.py:154} INFO - Started process (PID=3441) to work on /home/airflow/.local/lib/python3.7/site-packages/airflow/example_dags/example_branch_operator.py
[2025-01-27T09:03:45.261+0000] {processor.py:756} INFO - Processing file /home/airflow/.local/lib/python3.7/site-packages/airflow/example_dags/example_branch_operator.py for tasks to queue
[2025-01-27T09:03:45.264+0000] {logging_mixin.py:120} INFO - [2025-01-27T09:03:45.264+0000] {dagbag.py:537} INFO - Filling up the DagBag from /home/airflow/.local/lib/python3.7/site-packages/airflow/example_dags/example_branch_operator.py
[2025-01-27T09:03:45.298+0000] {processor.py:766} INFO - DAG(s) dict_keys(['example_branch_operator']) retrieved from /home/airflow/.local/lib/python3.7/site-packages/airflow/example_dags/example_branch_operator.py
[2025-01-27T09:03:45.389+0000] {logging_mixin.py:120} INFO - [2025-01-27T09:03:45.389+0000] {dag.py:2585} INFO - Sync 1 DAGs
[2025-01-27T09:03:45.587+0000] {logging_mixin.py:120} INFO - [2025-01-27T09:03:45.586+0000] {dag.py:3340} INFO - Setting next_dagrun for example_branch_operator to 2025-01-26T00:00:00+00:00, run_after=2025-01-27T00:00:00+00:00
[2025-01-27T09:03:45.625+0000] {processor.py:176} INFO - Processing /home/airflow/.local/lib/python3.7/site-packages/airflow/example_dags/example_branch_operator.py took 0.374 seconds
[2025-01-27T09:04:16.311+0000] {processor.py:154} INFO - Started process (PID=3495) to work on /home/airflow/.local/lib/python3.7/site-packages/airflow/example_dags/example_branch_operator.py
[2025-01-27T09:04:16.313+0000] {processor.py:756} INFO - Processing file /home/airflow/.local/lib/python3.7/site-packages/airflow/example_dags/example_branch_operator.py for tasks to queue
[2025-01-27T09:04:16.315+0000] {logging_mixin.py:120} INFO - [2025-01-27T09:04:16.315+0000] {dagbag.py:537} INFO - Filling up the DagBag from /home/airflow/.local/lib/python3.7/site-packages/airflow/example_dags/example_branch_operator.py
[2025-01-27T09:04:16.352+0000] {processor.py:766} INFO - DAG(s) dict_keys(['example_branch_operator']) retrieved from /home/airflow/.local/lib/python3.7/site-packages/airflow/example_dags/example_branch_operator.py
[2025-01-27T09:04:16.440+0000] {logging_mixin.py:120} INFO - [2025-01-27T09:04:16.440+0000] {dag.py:2585} INFO - Sync 1 DAGs
[2025-01-27T09:04:16.490+0000] {logging_mixin.py:120} INFO - [2025-01-27T09:04:16.490+0000] {dag.py:3340} INFO - Setting next_dagrun for example_branch_operator to 2025-01-26T00:00:00+00:00, run_after=2025-01-27T00:00:00+00:00
[2025-01-27T09:04:16.531+0000] {processor.py:176} INFO - Processing /home/airflow/.local/lib/python3.7/site-packages/airflow/example_dags/example_branch_operator.py took 0.227 seconds
[2025-01-27T09:04:47.819+0000] {processor.py:154} INFO - Started process (PID=3558) to work on /home/airflow/.local/lib/python3.7/site-packages/airflow/example_dags/example_branch_operator.py
[2025-01-27T09:04:47.821+0000] {processor.py:756} INFO - Processing file /home/airflow/.local/lib/python3.7/site-packages/airflow/example_dags/example_branch_operator.py for tasks to queue
[2025-01-27T09:04:47.823+0000] {logging_mixin.py:120} INFO - [2025-01-27T09:04:47.823+0000] {dagbag.py:537} INFO - Filling up the DagBag from /home/airflow/.local/lib/python3.7/site-packages/airflow/example_dags/example_branch_operator.py
[2025-01-27T09:04:47.863+0000] {processor.py:766} INFO - DAG(s) dict_keys(['example_branch_operator']) retrieved from /home/airflow/.local/lib/python3.7/site-packages/airflow/example_dags/example_branch_operator.py
[2025-01-27T09:04:47.963+0000] {logging_mixin.py:120} INFO - [2025-01-27T09:04:47.963+0000] {dag.py:2585} INFO - Sync 1 DAGs
[2025-01-27T09:04:48.016+0000] {logging_mixin.py:120} INFO - [2025-01-27T09:04:48.016+0000] {dag.py:3340} INFO - Setting next_dagrun for example_branch_operator to 2025-01-26T00:00:00+00:00, run_after=2025-01-27T00:00:00+00:00
[2025-01-27T09:04:48.055+0000] {processor.py:176} INFO - Processing /home/airflow/.local/lib/python3.7/site-packages/airflow/example_dags/example_branch_operator.py took 0.245 seconds
[2025-01-27T09:05:19.323+0000] {processor.py:154} INFO - Started process (PID=3611) to work on /home/airflow/.local/lib/python3.7/site-packages/airflow/example_dags/example_branch_operator.py
[2025-01-27T09:05:19.324+0000] {processor.py:756} INFO - Processing file /home/airflow/.local/lib/python3.7/site-packages/airflow/example_dags/example_branch_operator.py for tasks to queue
[2025-01-27T09:05:19.326+0000] {logging_mixin.py:120} INFO - [2025-01-27T09:05:19.326+0000] {dagbag.py:537} INFO - Filling up the DagBag from /home/airflow/.local/lib/python3.7/site-packages/airflow/example_dags/example_branch_operator.py
[2025-01-27T09:05:19.364+0000] {processor.py:766} INFO - DAG(s) dict_keys(['example_branch_operator']) retrieved from /home/airflow/.local/lib/python3.7/site-packages/airflow/example_dags/example_branch_operator.py
[2025-01-27T09:05:19.458+0000] {logging_mixin.py:120} INFO - [2025-01-27T09:05:19.458+0000] {dag.py:2585} INFO - Sync 1 DAGs
[2025-01-27T09:05:19.526+0000] {logging_mixin.py:120} INFO - [2025-01-27T09:05:19.525+0000] {dag.py:3340} INFO - Setting next_dagrun for example_branch_operator to 2025-01-26T00:00:00+00:00, run_after=2025-01-27T00:00:00+00:00
[2025-01-27T09:05:19.567+0000] {processor.py:176} INFO - Processing /home/airflow/.local/lib/python3.7/site-packages/airflow/example_dags/example_branch_operator.py took 0.251 seconds
[2025-01-27T09:05:50.713+0000] {processor.py:154} INFO - Started process (PID=3672) to work on /home/airflow/.local/lib/python3.7/site-packages/airflow/example_dags/example_branch_operator.py
[2025-01-27T09:05:50.714+0000] {processor.py:756} INFO - Processing file /home/airflow/.local/lib/python3.7/site-packages/airflow/example_dags/example_branch_operator.py for tasks to queue
[2025-01-27T09:05:50.717+0000] {logging_mixin.py:120} INFO - [2025-01-27T09:05:50.717+0000] {dagbag.py:537} INFO - Filling up the DagBag from /home/airflow/.local/lib/python3.7/site-packages/airflow/example_dags/example_branch_operator.py
[2025-01-27T09:05:50.752+0000] {processor.py:766} INFO - DAG(s) dict_keys(['example_branch_operator']) retrieved from /home/airflow/.local/lib/python3.7/site-packages/airflow/example_dags/example_branch_operator.py
[2025-01-27T09:05:50.836+0000] {logging_mixin.py:120} INFO - [2025-01-27T09:05:50.836+0000] {dag.py:2585} INFO - Sync 1 DAGs
[2025-01-27T09:05:50.893+0000] {logging_mixin.py:120} INFO - [2025-01-27T09:05:50.892+0000] {dag.py:3340} INFO - Setting next_dagrun for example_branch_operator to 2025-01-26T00:00:00+00:00, run_after=2025-01-27T00:00:00+00:00
[2025-01-27T09:05:50.928+0000] {processor.py:176} INFO - Processing /home/airflow/.local/lib/python3.7/site-packages/airflow/example_dags/example_branch_operator.py took 0.224 seconds
[2025-01-27T09:06:21.777+0000] {processor.py:154} INFO - Started process (PID=3726) to work on /home/airflow/.local/lib/python3.7/site-packages/airflow/example_dags/example_branch_operator.py
[2025-01-27T09:06:21.779+0000] {processor.py:756} INFO - Processing file /home/airflow/.local/lib/python3.7/site-packages/airflow/example_dags/example_branch_operator.py for tasks to queue
[2025-01-27T09:06:21.780+0000] {logging_mixin.py:120} INFO - [2025-01-27T09:06:21.780+0000] {dagbag.py:537} INFO - Filling up the DagBag from /home/airflow/.local/lib/python3.7/site-packages/airflow/example_dags/example_branch_operator.py
[2025-01-27T09:06:21.814+0000] {processor.py:766} INFO - DAG(s) dict_keys(['example_branch_operator']) retrieved from /home/airflow/.local/lib/python3.7/site-packages/airflow/example_dags/example_branch_operator.py
[2025-01-27T09:06:21.899+0000] {logging_mixin.py:120} INFO - [2025-01-27T09:06:21.899+0000] {dag.py:2585} INFO - Sync 1 DAGs
[2025-01-27T09:06:21.952+0000] {logging_mixin.py:120} INFO - [2025-01-27T09:06:21.952+0000] {dag.py:3340} INFO - Setting next_dagrun for example_branch_operator to 2025-01-26T00:00:00+00:00, run_after=2025-01-27T00:00:00+00:00
[2025-01-27T09:06:21.988+0000] {processor.py:176} INFO - Processing /home/airflow/.local/lib/python3.7/site-packages/airflow/example_dags/example_branch_operator.py took 0.217 seconds
[2025-01-27T09:06:52.971+0000] {processor.py:154} INFO - Started process (PID=3786) to work on /home/airflow/.local/lib/python3.7/site-packages/airflow/example_dags/example_branch_operator.py
[2025-01-27T09:06:52.974+0000] {processor.py:756} INFO - Processing file /home/airflow/.local/lib/python3.7/site-packages/airflow/example_dags/example_branch_operator.py for tasks to queue
[2025-01-27T09:06:52.976+0000] {logging_mixin.py:120} INFO - [2025-01-27T09:06:52.976+0000] {dagbag.py:537} INFO - Filling up the DagBag from /home/airflow/.local/lib/python3.7/site-packages/airflow/example_dags/example_branch_operator.py
[2025-01-27T09:06:53.019+0000] {processor.py:766} INFO - DAG(s) dict_keys(['example_branch_operator']) retrieved from /home/airflow/.local/lib/python3.7/site-packages/airflow/example_dags/example_branch_operator.py
[2025-01-27T09:06:53.115+0000] {logging_mixin.py:120} INFO - [2025-01-27T09:06:53.115+0000] {dag.py:2585} INFO - Sync 1 DAGs
[2025-01-27T09:06:53.174+0000] {logging_mixin.py:120} INFO - [2025-01-27T09:06:53.174+0000] {dag.py:3340} INFO - Setting next_dagrun for example_branch_operator to 2025-01-26T00:00:00+00:00, run_after=2025-01-27T00:00:00+00:00
[2025-01-27T09:06:53.219+0000] {processor.py:176} INFO - Processing /home/airflow/.local/lib/python3.7/site-packages/airflow/example_dags/example_branch_operator.py took 0.255 seconds
[2025-01-27T09:07:23.341+0000] {processor.py:154} INFO - Started process (PID=3842) to work on /home/airflow/.local/lib/python3.7/site-packages/airflow/example_dags/example_branch_operator.py
[2025-01-27T09:07:23.343+0000] {processor.py:756} INFO - Processing file /home/airflow/.local/lib/python3.7/site-packages/airflow/example_dags/example_branch_operator.py for tasks to queue
[2025-01-27T09:07:23.344+0000] {logging_mixin.py:120} INFO - [2025-01-27T09:07:23.344+0000] {dagbag.py:537} INFO - Filling up the DagBag from /home/airflow/.local/lib/python3.7/site-packages/airflow/example_dags/example_branch_operator.py
[2025-01-27T09:07:23.373+0000] {processor.py:766} INFO - DAG(s) dict_keys(['example_branch_operator']) retrieved from /home/airflow/.local/lib/python3.7/site-packages/airflow/example_dags/example_branch_operator.py
[2025-01-27T09:07:23.455+0000] {logging_mixin.py:120} INFO - [2025-01-27T09:07:23.455+0000] {dag.py:2585} INFO - Sync 1 DAGs
[2025-01-27T09:07:23.502+0000] {logging_mixin.py:120} INFO - [2025-01-27T09:07:23.502+0000] {dag.py:3340} INFO - Setting next_dagrun for example_branch_operator to 2025-01-26T00:00:00+00:00, run_after=2025-01-27T00:00:00+00:00
[2025-01-27T09:07:23.537+0000] {processor.py:176} INFO - Processing /home/airflow/.local/lib/python3.7/site-packages/airflow/example_dags/example_branch_operator.py took 0.201 seconds
[2025-01-27T09:07:54.360+0000] {processor.py:154} INFO - Started process (PID=3896) to work on /home/airflow/.local/lib/python3.7/site-packages/airflow/example_dags/example_branch_operator.py
[2025-01-27T09:07:54.364+0000] {processor.py:756} INFO - Processing file /home/airflow/.local/lib/python3.7/site-packages/airflow/example_dags/example_branch_operator.py for tasks to queue
[2025-01-27T09:07:54.366+0000] {logging_mixin.py:120} INFO - [2025-01-27T09:07:54.366+0000] {dagbag.py:537} INFO - Filling up the DagBag from /home/airflow/.local/lib/python3.7/site-packages/airflow/example_dags/example_branch_operator.py
[2025-01-27T09:07:54.396+0000] {processor.py:766} INFO - DAG(s) dict_keys(['example_branch_operator']) retrieved from /home/airflow/.local/lib/python3.7/site-packages/airflow/example_dags/example_branch_operator.py
[2025-01-27T09:07:54.480+0000] {logging_mixin.py:120} INFO - [2025-01-27T09:07:54.479+0000] {dag.py:2585} INFO - Sync 1 DAGs
[2025-01-27T09:07:54.528+0000] {logging_mixin.py:120} INFO - [2025-01-27T09:07:54.528+0000] {dag.py:3340} INFO - Setting next_dagrun for example_branch_operator to 2025-01-26T00:00:00+00:00, run_after=2025-01-27T00:00:00+00:00
[2025-01-27T09:07:54.563+0000] {processor.py:176} INFO - Processing /home/airflow/.local/lib/python3.7/site-packages/airflow/example_dags/example_branch_operator.py took 0.210 seconds
[2025-01-27T09:08:25.974+0000] {processor.py:154} INFO - Started process (PID=3959) to work on /home/airflow/.local/lib/python3.7/site-packages/airflow/example_dags/example_branch_operator.py
[2025-01-27T09:08:25.976+0000] {processor.py:756} INFO - Processing file /home/airflow/.local/lib/python3.7/site-packages/airflow/example_dags/example_branch_operator.py for tasks to queue
[2025-01-27T09:08:25.979+0000] {logging_mixin.py:120} INFO - [2025-01-27T09:08:25.978+0000] {dagbag.py:537} INFO - Filling up the DagBag from /home/airflow/.local/lib/python3.7/site-packages/airflow/example_dags/example_branch_operator.py
[2025-01-27T09:08:26.017+0000] {processor.py:766} INFO - DAG(s) dict_keys(['example_branch_operator']) retrieved from /home/airflow/.local/lib/python3.7/site-packages/airflow/example_dags/example_branch_operator.py
[2025-01-27T09:08:26.102+0000] {logging_mixin.py:120} INFO - [2025-01-27T09:08:26.102+0000] {dag.py:2585} INFO - Sync 1 DAGs
[2025-01-27T09:08:26.164+0000] {logging_mixin.py:120} INFO - [2025-01-27T09:08:26.164+0000] {dag.py:3340} INFO - Setting next_dagrun for example_branch_operator to 2025-01-26T00:00:00+00:00, run_after=2025-01-27T00:00:00+00:00
[2025-01-27T09:08:26.202+0000] {processor.py:176} INFO - Processing /home/airflow/.local/lib/python3.7/site-packages/airflow/example_dags/example_branch_operator.py took 0.237 seconds
