[2025-01-27T08:33:59.889+0000] {processor.py:154} INFO - Started process (PID=84) to work on /home/airflow/.local/lib/python3.7/site-packages/airflow/example_dags/example_skip_dag.py
[2025-01-27T08:33:59.895+0000] {processor.py:756} INFO - Processing file /home/airflow/.local/lib/python3.7/site-packages/airflow/example_dags/example_skip_dag.py for tasks to queue
[2025-01-27T08:33:59.898+0000] {logging_mixin.py:120} INFO - [2025-01-27T08:33:59.898+0000] {dagbag.py:537} INFO - Filling up the DagBag from /home/airflow/.local/lib/python3.7/site-packages/airflow/example_dags/example_skip_dag.py
[2025-01-27T08:33:59.954+0000] {processor.py:766} INFO - DAG(s) dict_keys(['example_skip_dag']) retrieved from /home/airflow/.local/lib/python3.7/site-packages/airflow/example_dags/example_skip_dag.py
[2025-01-27T08:34:00.434+0000] {logging_mixin.py:120} INFO - [2025-01-27T08:34:00.433+0000] {manager.py:507} INFO - Created Permission View: can edit on DAG:example_skip_dag
[2025-01-27T08:34:00.456+0000] {logging_mixin.py:120} INFO - [2025-01-27T08:34:00.455+0000] {manager.py:507} INFO - Created Permission View: can read on DAG:example_skip_dag
[2025-01-27T08:34:00.481+0000] {logging_mixin.py:120} INFO - [2025-01-27T08:34:00.480+0000] {manager.py:507} INFO - Created Permission View: can delete on DAG:example_skip_dag
[2025-01-27T08:34:00.482+0000] {logging_mixin.py:120} INFO - [2025-01-27T08:34:00.482+0000] {dag.py:2585} INFO - Sync 1 DAGs
[2025-01-27T08:34:00.515+0000] {logging_mixin.py:120} INFO - [2025-01-27T08:34:00.514+0000] {dag.py:2606} INFO - Creating ORM DAG for example_skip_dag
[2025-01-27T08:34:00.545+0000] {logging_mixin.py:120} INFO - [2025-01-27T08:34:00.545+0000] {dag.py:3340} INFO - Setting next_dagrun for example_skip_dag to 2025-01-26T08:34:00.545107+00:00, run_after=2025-01-27T08:34:00.545107+00:00
[2025-01-27T08:34:00.608+0000] {processor.py:176} INFO - Processing /home/airflow/.local/lib/python3.7/site-packages/airflow/example_dags/example_skip_dag.py took 0.752 seconds
[2025-01-27T08:34:30.673+0000] {processor.py:154} INFO - Started process (PID=138) to work on /home/airflow/.local/lib/python3.7/site-packages/airflow/example_dags/example_skip_dag.py
[2025-01-27T08:34:30.676+0000] {processor.py:756} INFO - Processing file /home/airflow/.local/lib/python3.7/site-packages/airflow/example_dags/example_skip_dag.py for tasks to queue
[2025-01-27T08:34:30.679+0000] {logging_mixin.py:120} INFO - [2025-01-27T08:34:30.679+0000] {dagbag.py:537} INFO - Filling up the DagBag from /home/airflow/.local/lib/python3.7/site-packages/airflow/example_dags/example_skip_dag.py
[2025-01-27T08:34:30.714+0000] {processor.py:766} INFO - DAG(s) dict_keys(['example_skip_dag']) retrieved from /home/airflow/.local/lib/python3.7/site-packages/airflow/example_dags/example_skip_dag.py
[2025-01-27T08:34:30.796+0000] {logging_mixin.py:120} INFO - [2025-01-27T08:34:30.795+0000] {dag.py:2585} INFO - Sync 1 DAGs
[2025-01-27T08:34:30.847+0000] {logging_mixin.py:120} INFO - [2025-01-27T08:34:30.847+0000] {dag.py:3340} INFO - Setting next_dagrun for example_skip_dag to 2025-01-26T08:34:30.847080+00:00, run_after=2025-01-27T08:34:30.847080+00:00
[2025-01-27T08:34:30.905+0000] {processor.py:176} INFO - Processing /home/airflow/.local/lib/python3.7/site-packages/airflow/example_dags/example_skip_dag.py took 0.242 seconds
[2025-01-27T08:35:01.211+0000] {processor.py:154} INFO - Started process (PID=193) to work on /home/airflow/.local/lib/python3.7/site-packages/airflow/example_dags/example_skip_dag.py
[2025-01-27T08:35:01.213+0000] {processor.py:756} INFO - Processing file /home/airflow/.local/lib/python3.7/site-packages/airflow/example_dags/example_skip_dag.py for tasks to queue
[2025-01-27T08:35:01.214+0000] {logging_mixin.py:120} INFO - [2025-01-27T08:35:01.214+0000] {dagbag.py:537} INFO - Filling up the DagBag from /home/airflow/.local/lib/python3.7/site-packages/airflow/example_dags/example_skip_dag.py
[2025-01-27T08:35:01.244+0000] {processor.py:766} INFO - DAG(s) dict_keys(['example_skip_dag']) retrieved from /home/airflow/.local/lib/python3.7/site-packages/airflow/example_dags/example_skip_dag.py
[2025-01-27T08:35:01.320+0000] {logging_mixin.py:120} INFO - [2025-01-27T08:35:01.320+0000] {dag.py:2585} INFO - Sync 1 DAGs
[2025-01-27T08:35:01.373+0000] {logging_mixin.py:120} INFO - [2025-01-27T08:35:01.372+0000] {dag.py:3340} INFO - Setting next_dagrun for example_skip_dag to 2025-01-26T08:35:01.371963+00:00, run_after=2025-01-27T08:35:01.371963+00:00
[2025-01-27T08:35:01.410+0000] {processor.py:176} INFO - Processing /home/airflow/.local/lib/python3.7/site-packages/airflow/example_dags/example_skip_dag.py took 0.209 seconds
[2025-01-27T08:35:32.038+0000] {processor.py:154} INFO - Started process (PID=255) to work on /home/airflow/.local/lib/python3.7/site-packages/airflow/example_dags/example_skip_dag.py
[2025-01-27T08:35:32.041+0000] {processor.py:756} INFO - Processing file /home/airflow/.local/lib/python3.7/site-packages/airflow/example_dags/example_skip_dag.py for tasks to queue
[2025-01-27T08:35:32.042+0000] {logging_mixin.py:120} INFO - [2025-01-27T08:35:32.042+0000] {dagbag.py:537} INFO - Filling up the DagBag from /home/airflow/.local/lib/python3.7/site-packages/airflow/example_dags/example_skip_dag.py
[2025-01-27T08:35:32.072+0000] {processor.py:766} INFO - DAG(s) dict_keys(['example_skip_dag']) retrieved from /home/airflow/.local/lib/python3.7/site-packages/airflow/example_dags/example_skip_dag.py
[2025-01-27T08:35:32.403+0000] {logging_mixin.py:120} INFO - [2025-01-27T08:35:32.403+0000] {dag.py:2585} INFO - Sync 1 DAGs
[2025-01-27T08:35:32.454+0000] {logging_mixin.py:120} INFO - [2025-01-27T08:35:32.453+0000] {dag.py:3340} INFO - Setting next_dagrun for example_skip_dag to 2025-01-26T08:35:32.453616+00:00, run_after=2025-01-27T08:35:32.453616+00:00
[2025-01-27T08:35:32.486+0000] {processor.py:176} INFO - Processing /home/airflow/.local/lib/python3.7/site-packages/airflow/example_dags/example_skip_dag.py took 0.454 seconds
[2025-01-27T08:36:02.526+0000] {processor.py:154} INFO - Started process (PID=309) to work on /home/airflow/.local/lib/python3.7/site-packages/airflow/example_dags/example_skip_dag.py
[2025-01-27T08:36:02.528+0000] {processor.py:756} INFO - Processing file /home/airflow/.local/lib/python3.7/site-packages/airflow/example_dags/example_skip_dag.py for tasks to queue
[2025-01-27T08:36:02.529+0000] {logging_mixin.py:120} INFO - [2025-01-27T08:36:02.529+0000] {dagbag.py:537} INFO - Filling up the DagBag from /home/airflow/.local/lib/python3.7/site-packages/airflow/example_dags/example_skip_dag.py
[2025-01-27T08:36:02.560+0000] {processor.py:766} INFO - DAG(s) dict_keys(['example_skip_dag']) retrieved from /home/airflow/.local/lib/python3.7/site-packages/airflow/example_dags/example_skip_dag.py
[2025-01-27T08:36:02.731+0000] {logging_mixin.py:120} INFO - [2025-01-27T08:36:02.731+0000] {dag.py:2585} INFO - Sync 1 DAGs
[2025-01-27T08:36:02.791+0000] {logging_mixin.py:120} INFO - [2025-01-27T08:36:02.790+0000] {dag.py:3340} INFO - Setting next_dagrun for example_skip_dag to 2025-01-26T08:36:02.789802+00:00, run_after=2025-01-27T08:36:02.789802+00:00
[2025-01-27T08:36:02.840+0000] {processor.py:176} INFO - Processing /home/airflow/.local/lib/python3.7/site-packages/airflow/example_dags/example_skip_dag.py took 0.319 seconds
[2025-01-27T08:36:33.459+0000] {processor.py:154} INFO - Started process (PID=371) to work on /home/airflow/.local/lib/python3.7/site-packages/airflow/example_dags/example_skip_dag.py
[2025-01-27T08:36:33.460+0000] {processor.py:756} INFO - Processing file /home/airflow/.local/lib/python3.7/site-packages/airflow/example_dags/example_skip_dag.py for tasks to queue
[2025-01-27T08:36:33.462+0000] {logging_mixin.py:120} INFO - [2025-01-27T08:36:33.462+0000] {dagbag.py:537} INFO - Filling up the DagBag from /home/airflow/.local/lib/python3.7/site-packages/airflow/example_dags/example_skip_dag.py
[2025-01-27T08:36:33.491+0000] {processor.py:766} INFO - DAG(s) dict_keys(['example_skip_dag']) retrieved from /home/airflow/.local/lib/python3.7/site-packages/airflow/example_dags/example_skip_dag.py
[2025-01-27T08:36:33.588+0000] {logging_mixin.py:120} INFO - [2025-01-27T08:36:33.588+0000] {dag.py:2585} INFO - Sync 1 DAGs
[2025-01-27T08:36:33.652+0000] {logging_mixin.py:120} INFO - [2025-01-27T08:36:33.652+0000] {dag.py:3340} INFO - Setting next_dagrun for example_skip_dag to 2025-01-26T08:36:33.652098+00:00, run_after=2025-01-27T08:36:33.652098+00:00
[2025-01-27T08:36:33.692+0000] {processor.py:176} INFO - Processing /home/airflow/.local/lib/python3.7/site-packages/airflow/example_dags/example_skip_dag.py took 0.239 seconds
[2025-01-27T08:37:04.225+0000] {processor.py:154} INFO - Started process (PID=425) to work on /home/airflow/.local/lib/python3.7/site-packages/airflow/example_dags/example_skip_dag.py
[2025-01-27T08:37:04.226+0000] {processor.py:756} INFO - Processing file /home/airflow/.local/lib/python3.7/site-packages/airflow/example_dags/example_skip_dag.py for tasks to queue
[2025-01-27T08:37:04.228+0000] {logging_mixin.py:120} INFO - [2025-01-27T08:37:04.228+0000] {dagbag.py:537} INFO - Filling up the DagBag from /home/airflow/.local/lib/python3.7/site-packages/airflow/example_dags/example_skip_dag.py
[2025-01-27T08:37:04.259+0000] {processor.py:766} INFO - DAG(s) dict_keys(['example_skip_dag']) retrieved from /home/airflow/.local/lib/python3.7/site-packages/airflow/example_dags/example_skip_dag.py
[2025-01-27T08:37:04.350+0000] {logging_mixin.py:120} INFO - [2025-01-27T08:37:04.349+0000] {dag.py:2585} INFO - Sync 1 DAGs
[2025-01-27T08:37:04.412+0000] {logging_mixin.py:120} INFO - [2025-01-27T08:37:04.412+0000] {dag.py:3340} INFO - Setting next_dagrun for example_skip_dag to 2025-01-26T08:37:04.411613+00:00, run_after=2025-01-27T08:37:04.411613+00:00
[2025-01-27T08:37:04.456+0000] {processor.py:176} INFO - Processing /home/airflow/.local/lib/python3.7/site-packages/airflow/example_dags/example_skip_dag.py took 0.237 seconds
[2025-01-27T08:37:35.088+0000] {processor.py:154} INFO - Started process (PID=488) to work on /home/airflow/.local/lib/python3.7/site-packages/airflow/example_dags/example_skip_dag.py
[2025-01-27T08:37:35.090+0000] {processor.py:756} INFO - Processing file /home/airflow/.local/lib/python3.7/site-packages/airflow/example_dags/example_skip_dag.py for tasks to queue
[2025-01-27T08:37:35.092+0000] {logging_mixin.py:120} INFO - [2025-01-27T08:37:35.091+0000] {dagbag.py:537} INFO - Filling up the DagBag from /home/airflow/.local/lib/python3.7/site-packages/airflow/example_dags/example_skip_dag.py
[2025-01-27T08:37:35.122+0000] {processor.py:766} INFO - DAG(s) dict_keys(['example_skip_dag']) retrieved from /home/airflow/.local/lib/python3.7/site-packages/airflow/example_dags/example_skip_dag.py
[2025-01-27T08:37:35.250+0000] {logging_mixin.py:120} INFO - [2025-01-27T08:37:35.250+0000] {dag.py:2585} INFO - Sync 1 DAGs
[2025-01-27T08:37:35.317+0000] {logging_mixin.py:120} INFO - [2025-01-27T08:37:35.317+0000] {dag.py:3340} INFO - Setting next_dagrun for example_skip_dag to 2025-01-26T08:37:35.316960+00:00, run_after=2025-01-27T08:37:35.316960+00:00
[2025-01-27T08:37:35.363+0000] {processor.py:176} INFO - Processing /home/airflow/.local/lib/python3.7/site-packages/airflow/example_dags/example_skip_dag.py took 0.283 seconds
[2025-01-27T08:38:05.492+0000] {processor.py:154} INFO - Started process (PID=541) to work on /home/airflow/.local/lib/python3.7/site-packages/airflow/example_dags/example_skip_dag.py
[2025-01-27T08:38:05.494+0000] {processor.py:756} INFO - Processing file /home/airflow/.local/lib/python3.7/site-packages/airflow/example_dags/example_skip_dag.py for tasks to queue
[2025-01-27T08:38:05.496+0000] {logging_mixin.py:120} INFO - [2025-01-27T08:38:05.496+0000] {dagbag.py:537} INFO - Filling up the DagBag from /home/airflow/.local/lib/python3.7/site-packages/airflow/example_dags/example_skip_dag.py
[2025-01-27T08:38:05.527+0000] {processor.py:766} INFO - DAG(s) dict_keys(['example_skip_dag']) retrieved from /home/airflow/.local/lib/python3.7/site-packages/airflow/example_dags/example_skip_dag.py
[2025-01-27T08:38:05.613+0000] {logging_mixin.py:120} INFO - [2025-01-27T08:38:05.613+0000] {dag.py:2585} INFO - Sync 1 DAGs
[2025-01-27T08:38:05.670+0000] {logging_mixin.py:120} INFO - [2025-01-27T08:38:05.670+0000] {dag.py:3340} INFO - Setting next_dagrun for example_skip_dag to 2025-01-26T08:38:05.669611+00:00, run_after=2025-01-27T08:38:05.669611+00:00
[2025-01-27T08:38:05.717+0000] {processor.py:176} INFO - Processing /home/airflow/.local/lib/python3.7/site-packages/airflow/example_dags/example_skip_dag.py took 0.231 seconds
[2025-01-27T08:38:35.980+0000] {processor.py:154} INFO - Started process (PID=595) to work on /home/airflow/.local/lib/python3.7/site-packages/airflow/example_dags/example_skip_dag.py
[2025-01-27T08:38:35.982+0000] {processor.py:756} INFO - Processing file /home/airflow/.local/lib/python3.7/site-packages/airflow/example_dags/example_skip_dag.py for tasks to queue
[2025-01-27T08:38:35.983+0000] {logging_mixin.py:120} INFO - [2025-01-27T08:38:35.983+0000] {dagbag.py:537} INFO - Filling up the DagBag from /home/airflow/.local/lib/python3.7/site-packages/airflow/example_dags/example_skip_dag.py
[2025-01-27T08:38:36.015+0000] {processor.py:766} INFO - DAG(s) dict_keys(['example_skip_dag']) retrieved from /home/airflow/.local/lib/python3.7/site-packages/airflow/example_dags/example_skip_dag.py
[2025-01-27T08:38:36.101+0000] {logging_mixin.py:120} INFO - [2025-01-27T08:38:36.101+0000] {dag.py:2585} INFO - Sync 1 DAGs
[2025-01-27T08:38:36.165+0000] {logging_mixin.py:120} INFO - [2025-01-27T08:38:36.165+0000] {dag.py:3340} INFO - Setting next_dagrun for example_skip_dag to 2025-01-26T08:38:36.164821+00:00, run_after=2025-01-27T08:38:36.164821+00:00
[2025-01-27T08:38:36.218+0000] {processor.py:176} INFO - Processing /home/airflow/.local/lib/python3.7/site-packages/airflow/example_dags/example_skip_dag.py took 0.244 seconds
[2025-01-27T08:39:06.811+0000] {processor.py:154} INFO - Started process (PID=658) to work on /home/airflow/.local/lib/python3.7/site-packages/airflow/example_dags/example_skip_dag.py
[2025-01-27T08:39:06.814+0000] {processor.py:756} INFO - Processing file /home/airflow/.local/lib/python3.7/site-packages/airflow/example_dags/example_skip_dag.py for tasks to queue
[2025-01-27T08:39:06.815+0000] {logging_mixin.py:120} INFO - [2025-01-27T08:39:06.815+0000] {dagbag.py:537} INFO - Filling up the DagBag from /home/airflow/.local/lib/python3.7/site-packages/airflow/example_dags/example_skip_dag.py
[2025-01-27T08:39:06.849+0000] {processor.py:766} INFO - DAG(s) dict_keys(['example_skip_dag']) retrieved from /home/airflow/.local/lib/python3.7/site-packages/airflow/example_dags/example_skip_dag.py
[2025-01-27T08:39:06.932+0000] {logging_mixin.py:120} INFO - [2025-01-27T08:39:06.931+0000] {dag.py:2585} INFO - Sync 1 DAGs
[2025-01-27T08:39:06.979+0000] {logging_mixin.py:120} INFO - [2025-01-27T08:39:06.979+0000] {dag.py:3340} INFO - Setting next_dagrun for example_skip_dag to 2025-01-26T08:39:06.978925+00:00, run_after=2025-01-27T08:39:06.978925+00:00
[2025-01-27T08:39:07.019+0000] {processor.py:176} INFO - Processing /home/airflow/.local/lib/python3.7/site-packages/airflow/example_dags/example_skip_dag.py took 0.214 seconds
[2025-01-27T08:39:37.789+0000] {processor.py:154} INFO - Started process (PID=718) to work on /home/airflow/.local/lib/python3.7/site-packages/airflow/example_dags/example_skip_dag.py
[2025-01-27T08:39:37.791+0000] {processor.py:756} INFO - Processing file /home/airflow/.local/lib/python3.7/site-packages/airflow/example_dags/example_skip_dag.py for tasks to queue
[2025-01-27T08:39:37.793+0000] {logging_mixin.py:120} INFO - [2025-01-27T08:39:37.793+0000] {dagbag.py:537} INFO - Filling up the DagBag from /home/airflow/.local/lib/python3.7/site-packages/airflow/example_dags/example_skip_dag.py
[2025-01-27T08:39:37.833+0000] {processor.py:766} INFO - DAG(s) dict_keys(['example_skip_dag']) retrieved from /home/airflow/.local/lib/python3.7/site-packages/airflow/example_dags/example_skip_dag.py
[2025-01-27T08:39:37.910+0000] {logging_mixin.py:120} INFO - [2025-01-27T08:39:37.910+0000] {dag.py:2585} INFO - Sync 1 DAGs
[2025-01-27T08:39:37.963+0000] {logging_mixin.py:120} INFO - [2025-01-27T08:39:37.963+0000] {dag.py:3340} INFO - Setting next_dagrun for example_skip_dag to 2025-01-26T08:39:37.963161+00:00, run_after=2025-01-27T08:39:37.963161+00:00
[2025-01-27T08:39:38.009+0000] {processor.py:176} INFO - Processing /home/airflow/.local/lib/python3.7/site-packages/airflow/example_dags/example_skip_dag.py took 0.227 seconds
[2025-01-27T08:40:08.333+0000] {processor.py:154} INFO - Started process (PID=774) to work on /home/airflow/.local/lib/python3.7/site-packages/airflow/example_dags/example_skip_dag.py
[2025-01-27T08:40:08.335+0000] {processor.py:756} INFO - Processing file /home/airflow/.local/lib/python3.7/site-packages/airflow/example_dags/example_skip_dag.py for tasks to queue
[2025-01-27T08:40:08.339+0000] {logging_mixin.py:120} INFO - [2025-01-27T08:40:08.337+0000] {dagbag.py:537} INFO - Filling up the DagBag from /home/airflow/.local/lib/python3.7/site-packages/airflow/example_dags/example_skip_dag.py
[2025-01-27T08:40:08.370+0000] {processor.py:766} INFO - DAG(s) dict_keys(['example_skip_dag']) retrieved from /home/airflow/.local/lib/python3.7/site-packages/airflow/example_dags/example_skip_dag.py
[2025-01-27T08:40:08.451+0000] {logging_mixin.py:120} INFO - [2025-01-27T08:40:08.451+0000] {dag.py:2585} INFO - Sync 1 DAGs
[2025-01-27T08:40:08.504+0000] {logging_mixin.py:120} INFO - [2025-01-27T08:40:08.504+0000] {dag.py:3340} INFO - Setting next_dagrun for example_skip_dag to 2025-01-26T08:40:08.503459+00:00, run_after=2025-01-27T08:40:08.503459+00:00
[2025-01-27T08:40:08.545+0000] {processor.py:176} INFO - Processing /home/airflow/.local/lib/python3.7/site-packages/airflow/example_dags/example_skip_dag.py took 0.218 seconds
[2025-01-27T08:40:39.086+0000] {processor.py:154} INFO - Started process (PID=837) to work on /home/airflow/.local/lib/python3.7/site-packages/airflow/example_dags/example_skip_dag.py
[2025-01-27T08:40:39.088+0000] {processor.py:756} INFO - Processing file /home/airflow/.local/lib/python3.7/site-packages/airflow/example_dags/example_skip_dag.py for tasks to queue
[2025-01-27T08:40:39.093+0000] {logging_mixin.py:120} INFO - [2025-01-27T08:40:39.092+0000] {dagbag.py:537} INFO - Filling up the DagBag from /home/airflow/.local/lib/python3.7/site-packages/airflow/example_dags/example_skip_dag.py
[2025-01-27T08:40:39.129+0000] {processor.py:766} INFO - DAG(s) dict_keys(['example_skip_dag']) retrieved from /home/airflow/.local/lib/python3.7/site-packages/airflow/example_dags/example_skip_dag.py
[2025-01-27T08:40:39.216+0000] {logging_mixin.py:120} INFO - [2025-01-27T08:40:39.216+0000] {dag.py:2585} INFO - Sync 1 DAGs
[2025-01-27T08:40:39.268+0000] {logging_mixin.py:120} INFO - [2025-01-27T08:40:39.267+0000] {dag.py:3340} INFO - Setting next_dagrun for example_skip_dag to 2025-01-26T08:40:39.267146+00:00, run_after=2025-01-27T08:40:39.267146+00:00
[2025-01-27T08:40:39.311+0000] {processor.py:176} INFO - Processing /home/airflow/.local/lib/python3.7/site-packages/airflow/example_dags/example_skip_dag.py took 0.231 seconds
[2025-01-27T08:41:09.796+0000] {processor.py:154} INFO - Started process (PID=891) to work on /home/airflow/.local/lib/python3.7/site-packages/airflow/example_dags/example_skip_dag.py
[2025-01-27T08:41:09.798+0000] {processor.py:756} INFO - Processing file /home/airflow/.local/lib/python3.7/site-packages/airflow/example_dags/example_skip_dag.py for tasks to queue
[2025-01-27T08:41:09.799+0000] {logging_mixin.py:120} INFO - [2025-01-27T08:41:09.799+0000] {dagbag.py:537} INFO - Filling up the DagBag from /home/airflow/.local/lib/python3.7/site-packages/airflow/example_dags/example_skip_dag.py
[2025-01-27T08:41:09.839+0000] {processor.py:766} INFO - DAG(s) dict_keys(['example_skip_dag']) retrieved from /home/airflow/.local/lib/python3.7/site-packages/airflow/example_dags/example_skip_dag.py
[2025-01-27T08:41:09.918+0000] {logging_mixin.py:120} INFO - [2025-01-27T08:41:09.918+0000] {dag.py:2585} INFO - Sync 1 DAGs
[2025-01-27T08:41:09.972+0000] {logging_mixin.py:120} INFO - [2025-01-27T08:41:09.971+0000] {dag.py:3340} INFO - Setting next_dagrun for example_skip_dag to 2025-01-26T08:41:09.969856+00:00, run_after=2025-01-27T08:41:09.969856+00:00
[2025-01-27T08:41:10.014+0000] {processor.py:176} INFO - Processing /home/airflow/.local/lib/python3.7/site-packages/airflow/example_dags/example_skip_dag.py took 0.223 seconds
[2025-01-27T08:41:40.549+0000] {processor.py:154} INFO - Started process (PID=951) to work on /home/airflow/.local/lib/python3.7/site-packages/airflow/example_dags/example_skip_dag.py
[2025-01-27T08:41:40.551+0000] {processor.py:756} INFO - Processing file /home/airflow/.local/lib/python3.7/site-packages/airflow/example_dags/example_skip_dag.py for tasks to queue
[2025-01-27T08:41:40.553+0000] {logging_mixin.py:120} INFO - [2025-01-27T08:41:40.552+0000] {dagbag.py:537} INFO - Filling up the DagBag from /home/airflow/.local/lib/python3.7/site-packages/airflow/example_dags/example_skip_dag.py
[2025-01-27T08:41:40.596+0000] {processor.py:766} INFO - DAG(s) dict_keys(['example_skip_dag']) retrieved from /home/airflow/.local/lib/python3.7/site-packages/airflow/example_dags/example_skip_dag.py
[2025-01-27T08:41:40.682+0000] {logging_mixin.py:120} INFO - [2025-01-27T08:41:40.682+0000] {dag.py:2585} INFO - Sync 1 DAGs
[2025-01-27T08:41:40.744+0000] {logging_mixin.py:120} INFO - [2025-01-27T08:41:40.743+0000] {dag.py:3340} INFO - Setting next_dagrun for example_skip_dag to 2025-01-26T08:41:40.743345+00:00, run_after=2025-01-27T08:41:40.743345+00:00
[2025-01-27T08:41:40.779+0000] {processor.py:176} INFO - Processing /home/airflow/.local/lib/python3.7/site-packages/airflow/example_dags/example_skip_dag.py took 0.245 seconds
[2025-01-27T08:42:10.889+0000] {processor.py:154} INFO - Started process (PID=1006) to work on /home/airflow/.local/lib/python3.7/site-packages/airflow/example_dags/example_skip_dag.py
[2025-01-27T08:42:10.891+0000] {processor.py:756} INFO - Processing file /home/airflow/.local/lib/python3.7/site-packages/airflow/example_dags/example_skip_dag.py for tasks to queue
[2025-01-27T08:42:10.892+0000] {logging_mixin.py:120} INFO - [2025-01-27T08:42:10.892+0000] {dagbag.py:537} INFO - Filling up the DagBag from /home/airflow/.local/lib/python3.7/site-packages/airflow/example_dags/example_skip_dag.py
[2025-01-27T08:42:10.929+0000] {processor.py:766} INFO - DAG(s) dict_keys(['example_skip_dag']) retrieved from /home/airflow/.local/lib/python3.7/site-packages/airflow/example_dags/example_skip_dag.py
[2025-01-27T08:42:11.020+0000] {logging_mixin.py:120} INFO - [2025-01-27T08:42:11.020+0000] {dag.py:2585} INFO - Sync 1 DAGs
[2025-01-27T08:42:11.073+0000] {logging_mixin.py:120} INFO - [2025-01-27T08:42:11.073+0000] {dag.py:3340} INFO - Setting next_dagrun for example_skip_dag to 2025-01-26T08:42:11.072611+00:00, run_after=2025-01-27T08:42:11.072611+00:00
[2025-01-27T08:42:11.117+0000] {processor.py:176} INFO - Processing /home/airflow/.local/lib/python3.7/site-packages/airflow/example_dags/example_skip_dag.py took 0.234 seconds
[2025-01-27T08:42:41.683+0000] {processor.py:154} INFO - Started process (PID=1060) to work on /home/airflow/.local/lib/python3.7/site-packages/airflow/example_dags/example_skip_dag.py
[2025-01-27T08:42:41.684+0000] {processor.py:756} INFO - Processing file /home/airflow/.local/lib/python3.7/site-packages/airflow/example_dags/example_skip_dag.py for tasks to queue
[2025-01-27T08:42:41.686+0000] {logging_mixin.py:120} INFO - [2025-01-27T08:42:41.685+0000] {dagbag.py:537} INFO - Filling up the DagBag from /home/airflow/.local/lib/python3.7/site-packages/airflow/example_dags/example_skip_dag.py
[2025-01-27T08:42:41.720+0000] {processor.py:766} INFO - DAG(s) dict_keys(['example_skip_dag']) retrieved from /home/airflow/.local/lib/python3.7/site-packages/airflow/example_dags/example_skip_dag.py
[2025-01-27T08:42:41.801+0000] {logging_mixin.py:120} INFO - [2025-01-27T08:42:41.800+0000] {dag.py:2585} INFO - Sync 1 DAGs
[2025-01-27T08:42:41.853+0000] {logging_mixin.py:120} INFO - [2025-01-27T08:42:41.853+0000] {dag.py:3340} INFO - Setting next_dagrun for example_skip_dag to 2025-01-26T08:42:41.853330+00:00, run_after=2025-01-27T08:42:41.853330+00:00
[2025-01-27T08:42:41.891+0000] {processor.py:176} INFO - Processing /home/airflow/.local/lib/python3.7/site-packages/airflow/example_dags/example_skip_dag.py took 0.214 seconds
[2025-01-27T08:43:12.287+0000] {processor.py:154} INFO - Started process (PID=1122) to work on /home/airflow/.local/lib/python3.7/site-packages/airflow/example_dags/example_skip_dag.py
[2025-01-27T08:43:12.292+0000] {processor.py:756} INFO - Processing file /home/airflow/.local/lib/python3.7/site-packages/airflow/example_dags/example_skip_dag.py for tasks to queue
[2025-01-27T08:43:12.293+0000] {logging_mixin.py:120} INFO - [2025-01-27T08:43:12.293+0000] {dagbag.py:537} INFO - Filling up the DagBag from /home/airflow/.local/lib/python3.7/site-packages/airflow/example_dags/example_skip_dag.py
[2025-01-27T08:43:12.329+0000] {processor.py:766} INFO - DAG(s) dict_keys(['example_skip_dag']) retrieved from /home/airflow/.local/lib/python3.7/site-packages/airflow/example_dags/example_skip_dag.py
[2025-01-27T08:43:12.416+0000] {logging_mixin.py:120} INFO - [2025-01-27T08:43:12.415+0000] {dag.py:2585} INFO - Sync 1 DAGs
[2025-01-27T08:43:12.481+0000] {logging_mixin.py:120} INFO - [2025-01-27T08:43:12.481+0000] {dag.py:3340} INFO - Setting next_dagrun for example_skip_dag to 2025-01-26T08:43:12.480967+00:00, run_after=2025-01-27T08:43:12.480967+00:00
[2025-01-27T08:43:12.599+0000] {processor.py:176} INFO - Processing /home/airflow/.local/lib/python3.7/site-packages/airflow/example_dags/example_skip_dag.py took 0.317 seconds
[2025-01-27T08:43:42.693+0000] {processor.py:154} INFO - Started process (PID=1175) to work on /home/airflow/.local/lib/python3.7/site-packages/airflow/example_dags/example_skip_dag.py
[2025-01-27T08:43:42.695+0000] {processor.py:756} INFO - Processing file /home/airflow/.local/lib/python3.7/site-packages/airflow/example_dags/example_skip_dag.py for tasks to queue
[2025-01-27T08:43:42.696+0000] {logging_mixin.py:120} INFO - [2025-01-27T08:43:42.696+0000] {dagbag.py:537} INFO - Filling up the DagBag from /home/airflow/.local/lib/python3.7/site-packages/airflow/example_dags/example_skip_dag.py
[2025-01-27T08:43:42.721+0000] {processor.py:766} INFO - DAG(s) dict_keys(['example_skip_dag']) retrieved from /home/airflow/.local/lib/python3.7/site-packages/airflow/example_dags/example_skip_dag.py
[2025-01-27T08:43:42.797+0000] {logging_mixin.py:120} INFO - [2025-01-27T08:43:42.797+0000] {dag.py:2585} INFO - Sync 1 DAGs
[2025-01-27T08:43:42.852+0000] {logging_mixin.py:120} INFO - [2025-01-27T08:43:42.851+0000] {dag.py:3340} INFO - Setting next_dagrun for example_skip_dag to 2025-01-26T08:43:42.851556+00:00, run_after=2025-01-27T08:43:42.851556+00:00
[2025-01-27T08:43:42.892+0000] {processor.py:176} INFO - Processing /home/airflow/.local/lib/python3.7/site-packages/airflow/example_dags/example_skip_dag.py took 0.207 seconds
[2025-01-27T08:44:13.520+0000] {processor.py:154} INFO - Started process (PID=1237) to work on /home/airflow/.local/lib/python3.7/site-packages/airflow/example_dags/example_skip_dag.py
[2025-01-27T08:44:13.523+0000] {processor.py:756} INFO - Processing file /home/airflow/.local/lib/python3.7/site-packages/airflow/example_dags/example_skip_dag.py for tasks to queue
[2025-01-27T08:44:13.525+0000] {logging_mixin.py:120} INFO - [2025-01-27T08:44:13.524+0000] {dagbag.py:537} INFO - Filling up the DagBag from /home/airflow/.local/lib/python3.7/site-packages/airflow/example_dags/example_skip_dag.py
[2025-01-27T08:44:13.560+0000] {processor.py:766} INFO - DAG(s) dict_keys(['example_skip_dag']) retrieved from /home/airflow/.local/lib/python3.7/site-packages/airflow/example_dags/example_skip_dag.py
[2025-01-27T08:44:13.664+0000] {logging_mixin.py:120} INFO - [2025-01-27T08:44:13.663+0000] {dag.py:2585} INFO - Sync 1 DAGs
[2025-01-27T08:44:13.729+0000] {logging_mixin.py:120} INFO - [2025-01-27T08:44:13.729+0000] {dag.py:3340} INFO - Setting next_dagrun for example_skip_dag to 2025-01-26T08:44:13.728950+00:00, run_after=2025-01-27T08:44:13.728950+00:00
[2025-01-27T08:44:13.778+0000] {processor.py:176} INFO - Processing /home/airflow/.local/lib/python3.7/site-packages/airflow/example_dags/example_skip_dag.py took 0.266 seconds
[2025-01-27T08:44:44.114+0000] {processor.py:154} INFO - Started process (PID=1291) to work on /home/airflow/.local/lib/python3.7/site-packages/airflow/example_dags/example_skip_dag.py
[2025-01-27T08:44:44.116+0000] {processor.py:756} INFO - Processing file /home/airflow/.local/lib/python3.7/site-packages/airflow/example_dags/example_skip_dag.py for tasks to queue
[2025-01-27T08:44:44.118+0000] {logging_mixin.py:120} INFO - [2025-01-27T08:44:44.118+0000] {dagbag.py:537} INFO - Filling up the DagBag from /home/airflow/.local/lib/python3.7/site-packages/airflow/example_dags/example_skip_dag.py
[2025-01-27T08:44:44.143+0000] {processor.py:766} INFO - DAG(s) dict_keys(['example_skip_dag']) retrieved from /home/airflow/.local/lib/python3.7/site-packages/airflow/example_dags/example_skip_dag.py
[2025-01-27T08:44:44.225+0000] {logging_mixin.py:120} INFO - [2025-01-27T08:44:44.224+0000] {dag.py:2585} INFO - Sync 1 DAGs
[2025-01-27T08:44:44.272+0000] {logging_mixin.py:120} INFO - [2025-01-27T08:44:44.272+0000] {dag.py:3340} INFO - Setting next_dagrun for example_skip_dag to 2025-01-26T08:44:44.271936+00:00, run_after=2025-01-27T08:44:44.271936+00:00
[2025-01-27T08:44:44.305+0000] {processor.py:176} INFO - Processing /home/airflow/.local/lib/python3.7/site-packages/airflow/example_dags/example_skip_dag.py took 0.198 seconds
[2025-01-27T08:45:15.171+0000] {processor.py:154} INFO - Started process (PID=1355) to work on /home/airflow/.local/lib/python3.7/site-packages/airflow/example_dags/example_skip_dag.py
[2025-01-27T08:45:15.173+0000] {processor.py:756} INFO - Processing file /home/airflow/.local/lib/python3.7/site-packages/airflow/example_dags/example_skip_dag.py for tasks to queue
[2025-01-27T08:45:15.176+0000] {logging_mixin.py:120} INFO - [2025-01-27T08:45:15.176+0000] {dagbag.py:537} INFO - Filling up the DagBag from /home/airflow/.local/lib/python3.7/site-packages/airflow/example_dags/example_skip_dag.py
[2025-01-27T08:45:15.210+0000] {processor.py:766} INFO - DAG(s) dict_keys(['example_skip_dag']) retrieved from /home/airflow/.local/lib/python3.7/site-packages/airflow/example_dags/example_skip_dag.py
[2025-01-27T08:45:15.303+0000] {logging_mixin.py:120} INFO - [2025-01-27T08:45:15.302+0000] {dag.py:2585} INFO - Sync 1 DAGs
[2025-01-27T08:45:15.361+0000] {logging_mixin.py:120} INFO - [2025-01-27T08:45:15.361+0000] {dag.py:3340} INFO - Setting next_dagrun for example_skip_dag to 2025-01-26T08:45:15.360820+00:00, run_after=2025-01-27T08:45:15.360820+00:00
[2025-01-27T08:45:15.403+0000] {processor.py:176} INFO - Processing /home/airflow/.local/lib/python3.7/site-packages/airflow/example_dags/example_skip_dag.py took 0.239 seconds
[2025-01-27T08:45:46.138+0000] {processor.py:154} INFO - Started process (PID=1408) to work on /home/airflow/.local/lib/python3.7/site-packages/airflow/example_dags/example_skip_dag.py
[2025-01-27T08:45:46.143+0000] {processor.py:756} INFO - Processing file /home/airflow/.local/lib/python3.7/site-packages/airflow/example_dags/example_skip_dag.py for tasks to queue
[2025-01-27T08:45:46.145+0000] {logging_mixin.py:120} INFO - [2025-01-27T08:45:46.144+0000] {dagbag.py:537} INFO - Filling up the DagBag from /home/airflow/.local/lib/python3.7/site-packages/airflow/example_dags/example_skip_dag.py
[2025-01-27T08:45:46.169+0000] {processor.py:766} INFO - DAG(s) dict_keys(['example_skip_dag']) retrieved from /home/airflow/.local/lib/python3.7/site-packages/airflow/example_dags/example_skip_dag.py
[2025-01-27T08:45:46.241+0000] {logging_mixin.py:120} INFO - [2025-01-27T08:45:46.241+0000] {dag.py:2585} INFO - Sync 1 DAGs
[2025-01-27T08:45:46.292+0000] {logging_mixin.py:120} INFO - [2025-01-27T08:45:46.291+0000] {dag.py:3340} INFO - Setting next_dagrun for example_skip_dag to 2025-01-26T08:45:46.291640+00:00, run_after=2025-01-27T08:45:46.291640+00:00
[2025-01-27T08:45:46.326+0000] {processor.py:176} INFO - Processing /home/airflow/.local/lib/python3.7/site-packages/airflow/example_dags/example_skip_dag.py took 0.195 seconds
[2025-01-27T08:46:16.702+0000] {processor.py:154} INFO - Started process (PID=1470) to work on /home/airflow/.local/lib/python3.7/site-packages/airflow/example_dags/example_skip_dag.py
[2025-01-27T08:46:16.706+0000] {processor.py:756} INFO - Processing file /home/airflow/.local/lib/python3.7/site-packages/airflow/example_dags/example_skip_dag.py for tasks to queue
[2025-01-27T08:46:16.708+0000] {logging_mixin.py:120} INFO - [2025-01-27T08:46:16.708+0000] {dagbag.py:537} INFO - Filling up the DagBag from /home/airflow/.local/lib/python3.7/site-packages/airflow/example_dags/example_skip_dag.py
[2025-01-27T08:46:16.735+0000] {processor.py:766} INFO - DAG(s) dict_keys(['example_skip_dag']) retrieved from /home/airflow/.local/lib/python3.7/site-packages/airflow/example_dags/example_skip_dag.py
[2025-01-27T08:46:16.826+0000] {logging_mixin.py:120} INFO - [2025-01-27T08:46:16.826+0000] {dag.py:2585} INFO - Sync 1 DAGs
[2025-01-27T08:46:16.875+0000] {logging_mixin.py:120} INFO - [2025-01-27T08:46:16.875+0000] {dag.py:3340} INFO - Setting next_dagrun for example_skip_dag to 2025-01-26T08:46:16.873509+00:00, run_after=2025-01-27T08:46:16.873509+00:00
[2025-01-27T08:46:16.916+0000] {processor.py:176} INFO - Processing /home/airflow/.local/lib/python3.7/site-packages/airflow/example_dags/example_skip_dag.py took 0.219 seconds
[2025-01-27T08:46:47.279+0000] {processor.py:154} INFO - Started process (PID=1524) to work on /home/airflow/.local/lib/python3.7/site-packages/airflow/example_dags/example_skip_dag.py
[2025-01-27T08:46:47.280+0000] {processor.py:756} INFO - Processing file /home/airflow/.local/lib/python3.7/site-packages/airflow/example_dags/example_skip_dag.py for tasks to queue
[2025-01-27T08:46:47.281+0000] {logging_mixin.py:120} INFO - [2025-01-27T08:46:47.281+0000] {dagbag.py:537} INFO - Filling up the DagBag from /home/airflow/.local/lib/python3.7/site-packages/airflow/example_dags/example_skip_dag.py
[2025-01-27T08:46:47.306+0000] {processor.py:766} INFO - DAG(s) dict_keys(['example_skip_dag']) retrieved from /home/airflow/.local/lib/python3.7/site-packages/airflow/example_dags/example_skip_dag.py
[2025-01-27T08:46:47.381+0000] {logging_mixin.py:120} INFO - [2025-01-27T08:46:47.381+0000] {dag.py:2585} INFO - Sync 1 DAGs
[2025-01-27T08:46:47.422+0000] {logging_mixin.py:120} INFO - [2025-01-27T08:46:47.422+0000] {dag.py:3340} INFO - Setting next_dagrun for example_skip_dag to 2025-01-26T08:46:47.422262+00:00, run_after=2025-01-27T08:46:47.422262+00:00
[2025-01-27T08:46:47.456+0000] {processor.py:176} INFO - Processing /home/airflow/.local/lib/python3.7/site-packages/airflow/example_dags/example_skip_dag.py took 0.184 seconds
[2025-01-27T08:47:18.171+0000] {processor.py:154} INFO - Started process (PID=1578) to work on /home/airflow/.local/lib/python3.7/site-packages/airflow/example_dags/example_skip_dag.py
[2025-01-27T08:47:18.173+0000] {processor.py:756} INFO - Processing file /home/airflow/.local/lib/python3.7/site-packages/airflow/example_dags/example_skip_dag.py for tasks to queue
[2025-01-27T08:47:18.174+0000] {logging_mixin.py:120} INFO - [2025-01-27T08:47:18.174+0000] {dagbag.py:537} INFO - Filling up the DagBag from /home/airflow/.local/lib/python3.7/site-packages/airflow/example_dags/example_skip_dag.py
[2025-01-27T08:47:18.209+0000] {processor.py:766} INFO - DAG(s) dict_keys(['example_skip_dag']) retrieved from /home/airflow/.local/lib/python3.7/site-packages/airflow/example_dags/example_skip_dag.py
[2025-01-27T08:47:18.313+0000] {logging_mixin.py:120} INFO - [2025-01-27T08:47:18.312+0000] {dag.py:2585} INFO - Sync 1 DAGs
[2025-01-27T08:47:18.371+0000] {logging_mixin.py:120} INFO - [2025-01-27T08:47:18.371+0000] {dag.py:3340} INFO - Setting next_dagrun for example_skip_dag to 2025-01-26T08:47:18.370405+00:00, run_after=2025-01-27T08:47:18.370405+00:00
[2025-01-27T08:47:18.419+0000] {processor.py:176} INFO - Processing /home/airflow/.local/lib/python3.7/site-packages/airflow/example_dags/example_skip_dag.py took 0.256 seconds
[2025-01-27T08:47:48.716+0000] {processor.py:154} INFO - Started process (PID=1641) to work on /home/airflow/.local/lib/python3.7/site-packages/airflow/example_dags/example_skip_dag.py
[2025-01-27T08:47:48.718+0000] {processor.py:756} INFO - Processing file /home/airflow/.local/lib/python3.7/site-packages/airflow/example_dags/example_skip_dag.py for tasks to queue
[2025-01-27T08:47:48.719+0000] {logging_mixin.py:120} INFO - [2025-01-27T08:47:48.719+0000] {dagbag.py:537} INFO - Filling up the DagBag from /home/airflow/.local/lib/python3.7/site-packages/airflow/example_dags/example_skip_dag.py
[2025-01-27T08:47:48.748+0000] {processor.py:766} INFO - DAG(s) dict_keys(['example_skip_dag']) retrieved from /home/airflow/.local/lib/python3.7/site-packages/airflow/example_dags/example_skip_dag.py
[2025-01-27T08:47:48.819+0000] {logging_mixin.py:120} INFO - [2025-01-27T08:47:48.819+0000] {dag.py:2585} INFO - Sync 1 DAGs
[2025-01-27T08:47:48.864+0000] {logging_mixin.py:120} INFO - [2025-01-27T08:47:48.864+0000] {dag.py:3340} INFO - Setting next_dagrun for example_skip_dag to 2025-01-26T08:47:48.863737+00:00, run_after=2025-01-27T08:47:48.863737+00:00
[2025-01-27T08:47:48.900+0000] {processor.py:176} INFO - Processing /home/airflow/.local/lib/python3.7/site-packages/airflow/example_dags/example_skip_dag.py took 0.189 seconds
[2025-01-27T08:48:19.632+0000] {processor.py:154} INFO - Started process (PID=1695) to work on /home/airflow/.local/lib/python3.7/site-packages/airflow/example_dags/example_skip_dag.py
[2025-01-27T08:48:19.634+0000] {processor.py:756} INFO - Processing file /home/airflow/.local/lib/python3.7/site-packages/airflow/example_dags/example_skip_dag.py for tasks to queue
[2025-01-27T08:48:19.635+0000] {logging_mixin.py:120} INFO - [2025-01-27T08:48:19.635+0000] {dagbag.py:537} INFO - Filling up the DagBag from /home/airflow/.local/lib/python3.7/site-packages/airflow/example_dags/example_skip_dag.py
[2025-01-27T08:48:19.676+0000] {processor.py:766} INFO - DAG(s) dict_keys(['example_skip_dag']) retrieved from /home/airflow/.local/lib/python3.7/site-packages/airflow/example_dags/example_skip_dag.py
[2025-01-27T08:48:19.768+0000] {logging_mixin.py:120} INFO - [2025-01-27T08:48:19.768+0000] {dag.py:2585} INFO - Sync 1 DAGs
[2025-01-27T08:48:19.830+0000] {logging_mixin.py:120} INFO - [2025-01-27T08:48:19.830+0000] {dag.py:3340} INFO - Setting next_dagrun for example_skip_dag to 2025-01-26T08:48:19.830199+00:00, run_after=2025-01-27T08:48:19.830199+00:00
[2025-01-27T08:48:19.868+0000] {processor.py:176} INFO - Processing /home/airflow/.local/lib/python3.7/site-packages/airflow/example_dags/example_skip_dag.py took 0.244 seconds
[2025-01-27T08:48:50.290+0000] {processor.py:154} INFO - Started process (PID=1758) to work on /home/airflow/.local/lib/python3.7/site-packages/airflow/example_dags/example_skip_dag.py
[2025-01-27T08:48:50.293+0000] {processor.py:756} INFO - Processing file /home/airflow/.local/lib/python3.7/site-packages/airflow/example_dags/example_skip_dag.py for tasks to queue
[2025-01-27T08:48:50.294+0000] {logging_mixin.py:120} INFO - [2025-01-27T08:48:50.294+0000] {dagbag.py:537} INFO - Filling up the DagBag from /home/airflow/.local/lib/python3.7/site-packages/airflow/example_dags/example_skip_dag.py
[2025-01-27T08:48:50.319+0000] {processor.py:766} INFO - DAG(s) dict_keys(['example_skip_dag']) retrieved from /home/airflow/.local/lib/python3.7/site-packages/airflow/example_dags/example_skip_dag.py
[2025-01-27T08:48:50.391+0000] {logging_mixin.py:120} INFO - [2025-01-27T08:48:50.391+0000] {dag.py:2585} INFO - Sync 1 DAGs
[2025-01-27T08:48:50.440+0000] {logging_mixin.py:120} INFO - [2025-01-27T08:48:50.439+0000] {dag.py:3340} INFO - Setting next_dagrun for example_skip_dag to 2025-01-26T08:48:50.439603+00:00, run_after=2025-01-27T08:48:50.439603+00:00
[2025-01-27T08:48:50.476+0000] {processor.py:176} INFO - Processing /home/airflow/.local/lib/python3.7/site-packages/airflow/example_dags/example_skip_dag.py took 0.193 seconds
[2025-01-27T08:49:21.118+0000] {processor.py:154} INFO - Started process (PID=1812) to work on /home/airflow/.local/lib/python3.7/site-packages/airflow/example_dags/example_skip_dag.py
[2025-01-27T08:49:21.120+0000] {processor.py:756} INFO - Processing file /home/airflow/.local/lib/python3.7/site-packages/airflow/example_dags/example_skip_dag.py for tasks to queue
[2025-01-27T08:49:21.121+0000] {logging_mixin.py:120} INFO - [2025-01-27T08:49:21.121+0000] {dagbag.py:537} INFO - Filling up the DagBag from /home/airflow/.local/lib/python3.7/site-packages/airflow/example_dags/example_skip_dag.py
[2025-01-27T08:49:21.152+0000] {processor.py:766} INFO - DAG(s) dict_keys(['example_skip_dag']) retrieved from /home/airflow/.local/lib/python3.7/site-packages/airflow/example_dags/example_skip_dag.py
[2025-01-27T08:49:21.237+0000] {logging_mixin.py:120} INFO - [2025-01-27T08:49:21.237+0000] {dag.py:2585} INFO - Sync 1 DAGs
[2025-01-27T08:49:21.293+0000] {logging_mixin.py:120} INFO - [2025-01-27T08:49:21.293+0000] {dag.py:3340} INFO - Setting next_dagrun for example_skip_dag to 2025-01-26T08:49:21.292795+00:00, run_after=2025-01-27T08:49:21.292795+00:00
[2025-01-27T08:49:21.335+0000] {processor.py:176} INFO - Processing /home/airflow/.local/lib/python3.7/site-packages/airflow/example_dags/example_skip_dag.py took 0.224 seconds
[2025-01-27T08:49:51.708+0000] {processor.py:154} INFO - Started process (PID=1875) to work on /home/airflow/.local/lib/python3.7/site-packages/airflow/example_dags/example_skip_dag.py
[2025-01-27T08:49:51.709+0000] {processor.py:756} INFO - Processing file /home/airflow/.local/lib/python3.7/site-packages/airflow/example_dags/example_skip_dag.py for tasks to queue
[2025-01-27T08:49:51.711+0000] {logging_mixin.py:120} INFO - [2025-01-27T08:49:51.711+0000] {dagbag.py:537} INFO - Filling up the DagBag from /home/airflow/.local/lib/python3.7/site-packages/airflow/example_dags/example_skip_dag.py
[2025-01-27T08:49:51.740+0000] {processor.py:766} INFO - DAG(s) dict_keys(['example_skip_dag']) retrieved from /home/airflow/.local/lib/python3.7/site-packages/airflow/example_dags/example_skip_dag.py
[2025-01-27T08:49:51.826+0000] {logging_mixin.py:120} INFO - [2025-01-27T08:49:51.825+0000] {dag.py:2585} INFO - Sync 1 DAGs
[2025-01-27T08:49:51.889+0000] {logging_mixin.py:120} INFO - [2025-01-27T08:49:51.888+0000] {dag.py:3340} INFO - Setting next_dagrun for example_skip_dag to 2025-01-26T08:49:51.888612+00:00, run_after=2025-01-27T08:49:51.888612+00:00
[2025-01-27T08:49:51.929+0000] {processor.py:176} INFO - Processing /home/airflow/.local/lib/python3.7/site-packages/airflow/example_dags/example_skip_dag.py took 0.228 seconds
[2025-01-27T08:50:22.325+0000] {processor.py:154} INFO - Started process (PID=1929) to work on /home/airflow/.local/lib/python3.7/site-packages/airflow/example_dags/example_skip_dag.py
[2025-01-27T08:50:22.327+0000] {processor.py:756} INFO - Processing file /home/airflow/.local/lib/python3.7/site-packages/airflow/example_dags/example_skip_dag.py for tasks to queue
[2025-01-27T08:50:22.328+0000] {logging_mixin.py:120} INFO - [2025-01-27T08:50:22.328+0000] {dagbag.py:537} INFO - Filling up the DagBag from /home/airflow/.local/lib/python3.7/site-packages/airflow/example_dags/example_skip_dag.py
[2025-01-27T08:50:22.357+0000] {processor.py:766} INFO - DAG(s) dict_keys(['example_skip_dag']) retrieved from /home/airflow/.local/lib/python3.7/site-packages/airflow/example_dags/example_skip_dag.py
[2025-01-27T08:50:22.443+0000] {logging_mixin.py:120} INFO - [2025-01-27T08:50:22.443+0000] {dag.py:2585} INFO - Sync 1 DAGs
[2025-01-27T08:50:22.497+0000] {logging_mixin.py:120} INFO - [2025-01-27T08:50:22.497+0000] {dag.py:3340} INFO - Setting next_dagrun for example_skip_dag to 2025-01-26T08:50:22.496743+00:00, run_after=2025-01-27T08:50:22.496743+00:00
[2025-01-27T08:50:22.542+0000] {processor.py:176} INFO - Processing /home/airflow/.local/lib/python3.7/site-packages/airflow/example_dags/example_skip_dag.py took 0.224 seconds
[2025-01-27T08:50:53.010+0000] {processor.py:154} INFO - Started process (PID=1991) to work on /home/airflow/.local/lib/python3.7/site-packages/airflow/example_dags/example_skip_dag.py
[2025-01-27T08:50:53.011+0000] {processor.py:756} INFO - Processing file /home/airflow/.local/lib/python3.7/site-packages/airflow/example_dags/example_skip_dag.py for tasks to queue
[2025-01-27T08:50:53.013+0000] {logging_mixin.py:120} INFO - [2025-01-27T08:50:53.013+0000] {dagbag.py:537} INFO - Filling up the DagBag from /home/airflow/.local/lib/python3.7/site-packages/airflow/example_dags/example_skip_dag.py
[2025-01-27T08:50:53.042+0000] {processor.py:766} INFO - DAG(s) dict_keys(['example_skip_dag']) retrieved from /home/airflow/.local/lib/python3.7/site-packages/airflow/example_dags/example_skip_dag.py
[2025-01-27T08:50:53.130+0000] {logging_mixin.py:120} INFO - [2025-01-27T08:50:53.130+0000] {dag.py:2585} INFO - Sync 1 DAGs
[2025-01-27T08:50:53.175+0000] {logging_mixin.py:120} INFO - [2025-01-27T08:50:53.175+0000] {dag.py:3340} INFO - Setting next_dagrun for example_skip_dag to 2025-01-26T08:50:53.174362+00:00, run_after=2025-01-27T08:50:53.174362+00:00
[2025-01-27T08:50:53.214+0000] {processor.py:176} INFO - Processing /home/airflow/.local/lib/python3.7/site-packages/airflow/example_dags/example_skip_dag.py took 0.210 seconds
[2025-01-27T08:51:23.883+0000] {processor.py:154} INFO - Started process (PID=2045) to work on /home/airflow/.local/lib/python3.7/site-packages/airflow/example_dags/example_skip_dag.py
[2025-01-27T08:51:23.884+0000] {processor.py:756} INFO - Processing file /home/airflow/.local/lib/python3.7/site-packages/airflow/example_dags/example_skip_dag.py for tasks to queue
[2025-01-27T08:51:23.886+0000] {logging_mixin.py:120} INFO - [2025-01-27T08:51:23.885+0000] {dagbag.py:537} INFO - Filling up the DagBag from /home/airflow/.local/lib/python3.7/site-packages/airflow/example_dags/example_skip_dag.py
[2025-01-27T08:51:23.911+0000] {processor.py:766} INFO - DAG(s) dict_keys(['example_skip_dag']) retrieved from /home/airflow/.local/lib/python3.7/site-packages/airflow/example_dags/example_skip_dag.py
[2025-01-27T08:51:23.983+0000] {logging_mixin.py:120} INFO - [2025-01-27T08:51:23.982+0000] {dag.py:2585} INFO - Sync 1 DAGs
[2025-01-27T08:51:24.029+0000] {logging_mixin.py:120} INFO - [2025-01-27T08:51:24.029+0000] {dag.py:3340} INFO - Setting next_dagrun for example_skip_dag to 2025-01-26T08:51:24.029388+00:00, run_after=2025-01-27T08:51:24.029388+00:00
[2025-01-27T08:51:24.062+0000] {processor.py:176} INFO - Processing /home/airflow/.local/lib/python3.7/site-packages/airflow/example_dags/example_skip_dag.py took 0.185 seconds
[2025-01-27T08:51:54.480+0000] {processor.py:154} INFO - Started process (PID=2107) to work on /home/airflow/.local/lib/python3.7/site-packages/airflow/example_dags/example_skip_dag.py
[2025-01-27T08:51:54.482+0000] {processor.py:756} INFO - Processing file /home/airflow/.local/lib/python3.7/site-packages/airflow/example_dags/example_skip_dag.py for tasks to queue
[2025-01-27T08:51:54.484+0000] {logging_mixin.py:120} INFO - [2025-01-27T08:51:54.483+0000] {dagbag.py:537} INFO - Filling up the DagBag from /home/airflow/.local/lib/python3.7/site-packages/airflow/example_dags/example_skip_dag.py
[2025-01-27T08:51:54.521+0000] {processor.py:766} INFO - DAG(s) dict_keys(['example_skip_dag']) retrieved from /home/airflow/.local/lib/python3.7/site-packages/airflow/example_dags/example_skip_dag.py
[2025-01-27T08:51:54.596+0000] {logging_mixin.py:120} INFO - [2025-01-27T08:51:54.596+0000] {dag.py:2585} INFO - Sync 1 DAGs
[2025-01-27T08:51:54.652+0000] {logging_mixin.py:120} INFO - [2025-01-27T08:51:54.652+0000] {dag.py:3340} INFO - Setting next_dagrun for example_skip_dag to 2025-01-26T08:51:54.652227+00:00, run_after=2025-01-27T08:51:54.652227+00:00
[2025-01-27T08:51:54.686+0000] {processor.py:176} INFO - Processing /home/airflow/.local/lib/python3.7/site-packages/airflow/example_dags/example_skip_dag.py took 0.213 seconds
[2025-01-27T08:52:25.709+0000] {processor.py:154} INFO - Started process (PID=2161) to work on /home/airflow/.local/lib/python3.7/site-packages/airflow/example_dags/example_skip_dag.py
[2025-01-27T08:52:25.711+0000] {processor.py:756} INFO - Processing file /home/airflow/.local/lib/python3.7/site-packages/airflow/example_dags/example_skip_dag.py for tasks to queue
[2025-01-27T08:52:25.712+0000] {logging_mixin.py:120} INFO - [2025-01-27T08:52:25.712+0000] {dagbag.py:537} INFO - Filling up the DagBag from /home/airflow/.local/lib/python3.7/site-packages/airflow/example_dags/example_skip_dag.py
[2025-01-27T08:52:25.747+0000] {processor.py:766} INFO - DAG(s) dict_keys(['example_skip_dag']) retrieved from /home/airflow/.local/lib/python3.7/site-packages/airflow/example_dags/example_skip_dag.py
[2025-01-27T08:52:25.818+0000] {logging_mixin.py:120} INFO - [2025-01-27T08:52:25.818+0000] {dag.py:2585} INFO - Sync 1 DAGs
[2025-01-27T08:52:25.862+0000] {logging_mixin.py:120} INFO - [2025-01-27T08:52:25.862+0000] {dag.py:3340} INFO - Setting next_dagrun for example_skip_dag to 2025-01-26T08:52:25.861928+00:00, run_after=2025-01-27T08:52:25.861928+00:00
[2025-01-27T08:52:25.900+0000] {processor.py:176} INFO - Processing /home/airflow/.local/lib/python3.7/site-packages/airflow/example_dags/example_skip_dag.py took 0.198 seconds
[2025-01-27T08:52:56.296+0000] {processor.py:154} INFO - Started process (PID=2224) to work on /home/airflow/.local/lib/python3.7/site-packages/airflow/example_dags/example_skip_dag.py
[2025-01-27T08:52:56.298+0000] {processor.py:756} INFO - Processing file /home/airflow/.local/lib/python3.7/site-packages/airflow/example_dags/example_skip_dag.py for tasks to queue
[2025-01-27T08:52:56.299+0000] {logging_mixin.py:120} INFO - [2025-01-27T08:52:56.298+0000] {dagbag.py:537} INFO - Filling up the DagBag from /home/airflow/.local/lib/python3.7/site-packages/airflow/example_dags/example_skip_dag.py
[2025-01-27T08:52:56.323+0000] {processor.py:766} INFO - DAG(s) dict_keys(['example_skip_dag']) retrieved from /home/airflow/.local/lib/python3.7/site-packages/airflow/example_dags/example_skip_dag.py
[2025-01-27T08:52:56.400+0000] {logging_mixin.py:120} INFO - [2025-01-27T08:52:56.400+0000] {dag.py:2585} INFO - Sync 1 DAGs
[2025-01-27T08:52:56.447+0000] {logging_mixin.py:120} INFO - [2025-01-27T08:52:56.447+0000] {dag.py:3340} INFO - Setting next_dagrun for example_skip_dag to 2025-01-26T08:52:56.446620+00:00, run_after=2025-01-27T08:52:56.446620+00:00
[2025-01-27T08:52:56.478+0000] {processor.py:176} INFO - Processing /home/airflow/.local/lib/python3.7/site-packages/airflow/example_dags/example_skip_dag.py took 0.188 seconds
[2025-01-27T08:53:27.654+0000] {processor.py:154} INFO - Started process (PID=2278) to work on /home/airflow/.local/lib/python3.7/site-packages/airflow/example_dags/example_skip_dag.py
[2025-01-27T08:53:27.656+0000] {processor.py:756} INFO - Processing file /home/airflow/.local/lib/python3.7/site-packages/airflow/example_dags/example_skip_dag.py for tasks to queue
[2025-01-27T08:53:27.658+0000] {logging_mixin.py:120} INFO - [2025-01-27T08:53:27.657+0000] {dagbag.py:537} INFO - Filling up the DagBag from /home/airflow/.local/lib/python3.7/site-packages/airflow/example_dags/example_skip_dag.py
[2025-01-27T08:53:27.687+0000] {processor.py:766} INFO - DAG(s) dict_keys(['example_skip_dag']) retrieved from /home/airflow/.local/lib/python3.7/site-packages/airflow/example_dags/example_skip_dag.py
[2025-01-27T08:53:27.766+0000] {logging_mixin.py:120} INFO - [2025-01-27T08:53:27.765+0000] {dag.py:2585} INFO - Sync 1 DAGs
[2025-01-27T08:53:27.813+0000] {logging_mixin.py:120} INFO - [2025-01-27T08:53:27.812+0000] {dag.py:3340} INFO - Setting next_dagrun for example_skip_dag to 2025-01-26T08:53:27.812176+00:00, run_after=2025-01-27T08:53:27.812176+00:00
[2025-01-27T08:53:27.848+0000] {processor.py:176} INFO - Processing /home/airflow/.local/lib/python3.7/site-packages/airflow/example_dags/example_skip_dag.py took 0.199 seconds
[2025-01-27T08:53:58.128+0000] {processor.py:154} INFO - Started process (PID=2340) to work on /home/airflow/.local/lib/python3.7/site-packages/airflow/example_dags/example_skip_dag.py
[2025-01-27T08:53:58.129+0000] {processor.py:756} INFO - Processing file /home/airflow/.local/lib/python3.7/site-packages/airflow/example_dags/example_skip_dag.py for tasks to queue
[2025-01-27T08:53:58.131+0000] {logging_mixin.py:120} INFO - [2025-01-27T08:53:58.130+0000] {dagbag.py:537} INFO - Filling up the DagBag from /home/airflow/.local/lib/python3.7/site-packages/airflow/example_dags/example_skip_dag.py
[2025-01-27T08:53:58.158+0000] {processor.py:766} INFO - DAG(s) dict_keys(['example_skip_dag']) retrieved from /home/airflow/.local/lib/python3.7/site-packages/airflow/example_dags/example_skip_dag.py
[2025-01-27T08:53:58.226+0000] {logging_mixin.py:120} INFO - [2025-01-27T08:53:58.226+0000] {dag.py:2585} INFO - Sync 1 DAGs
[2025-01-27T08:53:58.275+0000] {logging_mixin.py:120} INFO - [2025-01-27T08:53:58.274+0000] {dag.py:3340} INFO - Setting next_dagrun for example_skip_dag to 2025-01-26T08:53:58.272668+00:00, run_after=2025-01-27T08:53:58.272668+00:00
[2025-01-27T08:53:58.313+0000] {processor.py:176} INFO - Processing /home/airflow/.local/lib/python3.7/site-packages/airflow/example_dags/example_skip_dag.py took 0.190 seconds
[2025-01-27T08:54:28.928+0000] {processor.py:154} INFO - Started process (PID=2394) to work on /home/airflow/.local/lib/python3.7/site-packages/airflow/example_dags/example_skip_dag.py
[2025-01-27T08:54:28.929+0000] {processor.py:756} INFO - Processing file /home/airflow/.local/lib/python3.7/site-packages/airflow/example_dags/example_skip_dag.py for tasks to queue
[2025-01-27T08:54:28.930+0000] {logging_mixin.py:120} INFO - [2025-01-27T08:54:28.930+0000] {dagbag.py:537} INFO - Filling up the DagBag from /home/airflow/.local/lib/python3.7/site-packages/airflow/example_dags/example_skip_dag.py
[2025-01-27T08:54:28.957+0000] {processor.py:766} INFO - DAG(s) dict_keys(['example_skip_dag']) retrieved from /home/airflow/.local/lib/python3.7/site-packages/airflow/example_dags/example_skip_dag.py
[2025-01-27T08:54:29.034+0000] {logging_mixin.py:120} INFO - [2025-01-27T08:54:29.034+0000] {dag.py:2585} INFO - Sync 1 DAGs
[2025-01-27T08:54:29.084+0000] {logging_mixin.py:120} INFO - [2025-01-27T08:54:29.083+0000] {dag.py:3340} INFO - Setting next_dagrun for example_skip_dag to 2025-01-26T08:54:29.083446+00:00, run_after=2025-01-27T08:54:29.083446+00:00
[2025-01-27T08:54:29.116+0000] {processor.py:176} INFO - Processing /home/airflow/.local/lib/python3.7/site-packages/airflow/example_dags/example_skip_dag.py took 0.195 seconds
[2025-01-27T08:54:59.724+0000] {processor.py:154} INFO - Started process (PID=2457) to work on /home/airflow/.local/lib/python3.7/site-packages/airflow/example_dags/example_skip_dag.py
[2025-01-27T08:54:59.725+0000] {processor.py:756} INFO - Processing file /home/airflow/.local/lib/python3.7/site-packages/airflow/example_dags/example_skip_dag.py for tasks to queue
[2025-01-27T08:54:59.726+0000] {logging_mixin.py:120} INFO - [2025-01-27T08:54:59.726+0000] {dagbag.py:537} INFO - Filling up the DagBag from /home/airflow/.local/lib/python3.7/site-packages/airflow/example_dags/example_skip_dag.py
[2025-01-27T08:54:59.751+0000] {processor.py:766} INFO - DAG(s) dict_keys(['example_skip_dag']) retrieved from /home/airflow/.local/lib/python3.7/site-packages/airflow/example_dags/example_skip_dag.py
[2025-01-27T08:54:59.828+0000] {logging_mixin.py:120} INFO - [2025-01-27T08:54:59.828+0000] {dag.py:2585} INFO - Sync 1 DAGs
[2025-01-27T08:54:59.875+0000] {logging_mixin.py:120} INFO - [2025-01-27T08:54:59.875+0000] {dag.py:3340} INFO - Setting next_dagrun for example_skip_dag to 2025-01-26T08:54:59.875109+00:00, run_after=2025-01-27T08:54:59.875109+00:00
[2025-01-27T08:54:59.915+0000] {processor.py:176} INFO - Processing /home/airflow/.local/lib/python3.7/site-packages/airflow/example_dags/example_skip_dag.py took 0.196 seconds
[2025-01-27T08:55:30.744+0000] {processor.py:154} INFO - Started process (PID=2510) to work on /home/airflow/.local/lib/python3.7/site-packages/airflow/example_dags/example_skip_dag.py
[2025-01-27T08:55:30.746+0000] {processor.py:756} INFO - Processing file /home/airflow/.local/lib/python3.7/site-packages/airflow/example_dags/example_skip_dag.py for tasks to queue
[2025-01-27T08:55:30.748+0000] {logging_mixin.py:120} INFO - [2025-01-27T08:55:30.747+0000] {dagbag.py:537} INFO - Filling up the DagBag from /home/airflow/.local/lib/python3.7/site-packages/airflow/example_dags/example_skip_dag.py
[2025-01-27T08:55:30.774+0000] {processor.py:766} INFO - DAG(s) dict_keys(['example_skip_dag']) retrieved from /home/airflow/.local/lib/python3.7/site-packages/airflow/example_dags/example_skip_dag.py
[2025-01-27T08:55:30.858+0000] {logging_mixin.py:120} INFO - [2025-01-27T08:55:30.858+0000] {dag.py:2585} INFO - Sync 1 DAGs
[2025-01-27T08:55:30.912+0000] {logging_mixin.py:120} INFO - [2025-01-27T08:55:30.912+0000] {dag.py:3340} INFO - Setting next_dagrun for example_skip_dag to 2025-01-26T08:55:30.911411+00:00, run_after=2025-01-27T08:55:30.911411+00:00
[2025-01-27T08:55:30.954+0000] {processor.py:176} INFO - Processing /home/airflow/.local/lib/python3.7/site-packages/airflow/example_dags/example_skip_dag.py took 0.219 seconds
[2025-01-27T08:56:01.575+0000] {processor.py:154} INFO - Started process (PID=2572) to work on /home/airflow/.local/lib/python3.7/site-packages/airflow/example_dags/example_skip_dag.py
[2025-01-27T08:56:01.577+0000] {processor.py:756} INFO - Processing file /home/airflow/.local/lib/python3.7/site-packages/airflow/example_dags/example_skip_dag.py for tasks to queue
[2025-01-27T08:56:01.579+0000] {logging_mixin.py:120} INFO - [2025-01-27T08:56:01.579+0000] {dagbag.py:537} INFO - Filling up the DagBag from /home/airflow/.local/lib/python3.7/site-packages/airflow/example_dags/example_skip_dag.py
[2025-01-27T08:56:01.606+0000] {processor.py:766} INFO - DAG(s) dict_keys(['example_skip_dag']) retrieved from /home/airflow/.local/lib/python3.7/site-packages/airflow/example_dags/example_skip_dag.py
[2025-01-27T08:56:01.689+0000] {logging_mixin.py:120} INFO - [2025-01-27T08:56:01.689+0000] {dag.py:2585} INFO - Sync 1 DAGs
[2025-01-27T08:56:01.744+0000] {logging_mixin.py:120} INFO - [2025-01-27T08:56:01.744+0000] {dag.py:3340} INFO - Setting next_dagrun for example_skip_dag to 2025-01-26T08:56:01.743830+00:00, run_after=2025-01-27T08:56:01.743830+00:00
[2025-01-27T08:56:01.798+0000] {processor.py:176} INFO - Processing /home/airflow/.local/lib/python3.7/site-packages/airflow/example_dags/example_skip_dag.py took 0.231 seconds
[2025-01-27T08:56:32.453+0000] {processor.py:154} INFO - Started process (PID=2626) to work on /home/airflow/.local/lib/python3.7/site-packages/airflow/example_dags/example_skip_dag.py
[2025-01-27T08:56:32.455+0000] {processor.py:756} INFO - Processing file /home/airflow/.local/lib/python3.7/site-packages/airflow/example_dags/example_skip_dag.py for tasks to queue
[2025-01-27T08:56:32.456+0000] {logging_mixin.py:120} INFO - [2025-01-27T08:56:32.456+0000] {dagbag.py:537} INFO - Filling up the DagBag from /home/airflow/.local/lib/python3.7/site-packages/airflow/example_dags/example_skip_dag.py
[2025-01-27T08:56:32.486+0000] {processor.py:766} INFO - DAG(s) dict_keys(['example_skip_dag']) retrieved from /home/airflow/.local/lib/python3.7/site-packages/airflow/example_dags/example_skip_dag.py
[2025-01-27T08:56:32.564+0000] {logging_mixin.py:120} INFO - [2025-01-27T08:56:32.563+0000] {dag.py:2585} INFO - Sync 1 DAGs
[2025-01-27T08:56:32.616+0000] {logging_mixin.py:120} INFO - [2025-01-27T08:56:32.615+0000] {dag.py:3340} INFO - Setting next_dagrun for example_skip_dag to 2025-01-26T08:56:32.615496+00:00, run_after=2025-01-27T08:56:32.615496+00:00
[2025-01-27T08:56:32.656+0000] {processor.py:176} INFO - Processing /home/airflow/.local/lib/python3.7/site-packages/airflow/example_dags/example_skip_dag.py took 0.213 seconds
[2025-01-27T08:57:03.328+0000] {processor.py:154} INFO - Started process (PID=2687) to work on /home/airflow/.local/lib/python3.7/site-packages/airflow/example_dags/example_skip_dag.py
[2025-01-27T08:57:03.330+0000] {processor.py:756} INFO - Processing file /home/airflow/.local/lib/python3.7/site-packages/airflow/example_dags/example_skip_dag.py for tasks to queue
[2025-01-27T08:57:03.331+0000] {logging_mixin.py:120} INFO - [2025-01-27T08:57:03.331+0000] {dagbag.py:537} INFO - Filling up the DagBag from /home/airflow/.local/lib/python3.7/site-packages/airflow/example_dags/example_skip_dag.py
[2025-01-27T08:57:03.359+0000] {processor.py:766} INFO - DAG(s) dict_keys(['example_skip_dag']) retrieved from /home/airflow/.local/lib/python3.7/site-packages/airflow/example_dags/example_skip_dag.py
[2025-01-27T08:57:03.427+0000] {logging_mixin.py:120} INFO - [2025-01-27T08:57:03.426+0000] {dag.py:2585} INFO - Sync 1 DAGs
[2025-01-27T08:57:03.481+0000] {logging_mixin.py:120} INFO - [2025-01-27T08:57:03.481+0000] {dag.py:3340} INFO - Setting next_dagrun for example_skip_dag to 2025-01-26T08:57:03.481283+00:00, run_after=2025-01-27T08:57:03.481283+00:00
[2025-01-27T08:57:03.517+0000] {processor.py:176} INFO - Processing /home/airflow/.local/lib/python3.7/site-packages/airflow/example_dags/example_skip_dag.py took 0.194 seconds
[2025-01-27T08:57:33.981+0000] {processor.py:154} INFO - Started process (PID=2740) to work on /home/airflow/.local/lib/python3.7/site-packages/airflow/example_dags/example_skip_dag.py
[2025-01-27T08:57:33.983+0000] {processor.py:756} INFO - Processing file /home/airflow/.local/lib/python3.7/site-packages/airflow/example_dags/example_skip_dag.py for tasks to queue
[2025-01-27T08:57:33.984+0000] {logging_mixin.py:120} INFO - [2025-01-27T08:57:33.984+0000] {dagbag.py:537} INFO - Filling up the DagBag from /home/airflow/.local/lib/python3.7/site-packages/airflow/example_dags/example_skip_dag.py
[2025-01-27T08:57:34.019+0000] {processor.py:766} INFO - DAG(s) dict_keys(['example_skip_dag']) retrieved from /home/airflow/.local/lib/python3.7/site-packages/airflow/example_dags/example_skip_dag.py
[2025-01-27T08:57:34.099+0000] {logging_mixin.py:120} INFO - [2025-01-27T08:57:34.099+0000] {dag.py:2585} INFO - Sync 1 DAGs
[2025-01-27T08:57:34.150+0000] {logging_mixin.py:120} INFO - [2025-01-27T08:57:34.150+0000] {dag.py:3340} INFO - Setting next_dagrun for example_skip_dag to 2025-01-26T08:57:34.150402+00:00, run_after=2025-01-27T08:57:34.150402+00:00
[2025-01-27T08:57:34.189+0000] {processor.py:176} INFO - Processing /home/airflow/.local/lib/python3.7/site-packages/airflow/example_dags/example_skip_dag.py took 0.214 seconds
[2025-01-27T08:58:04.874+0000] {processor.py:154} INFO - Started process (PID=2803) to work on /home/airflow/.local/lib/python3.7/site-packages/airflow/example_dags/example_skip_dag.py
[2025-01-27T08:58:04.881+0000] {processor.py:756} INFO - Processing file /home/airflow/.local/lib/python3.7/site-packages/airflow/example_dags/example_skip_dag.py for tasks to queue
[2025-01-27T08:58:04.884+0000] {logging_mixin.py:120} INFO - [2025-01-27T08:58:04.884+0000] {dagbag.py:537} INFO - Filling up the DagBag from /home/airflow/.local/lib/python3.7/site-packages/airflow/example_dags/example_skip_dag.py
[2025-01-27T08:58:04.923+0000] {processor.py:766} INFO - DAG(s) dict_keys(['example_skip_dag']) retrieved from /home/airflow/.local/lib/python3.7/site-packages/airflow/example_dags/example_skip_dag.py
[2025-01-27T08:58:05.010+0000] {logging_mixin.py:120} INFO - [2025-01-27T08:58:05.009+0000] {dag.py:2585} INFO - Sync 1 DAGs
[2025-01-27T08:58:05.062+0000] {logging_mixin.py:120} INFO - [2025-01-27T08:58:05.061+0000] {dag.py:3340} INFO - Setting next_dagrun for example_skip_dag to 2025-01-26T08:58:05.061272+00:00, run_after=2025-01-27T08:58:05.061272+00:00
[2025-01-27T08:58:05.098+0000] {processor.py:176} INFO - Processing /home/airflow/.local/lib/python3.7/site-packages/airflow/example_dags/example_skip_dag.py took 0.233 seconds
[2025-01-27T08:58:35.309+0000] {processor.py:154} INFO - Started process (PID=2857) to work on /home/airflow/.local/lib/python3.7/site-packages/airflow/example_dags/example_skip_dag.py
[2025-01-27T08:58:35.311+0000] {processor.py:756} INFO - Processing file /home/airflow/.local/lib/python3.7/site-packages/airflow/example_dags/example_skip_dag.py for tasks to queue
[2025-01-27T08:58:35.312+0000] {logging_mixin.py:120} INFO - [2025-01-27T08:58:35.312+0000] {dagbag.py:537} INFO - Filling up the DagBag from /home/airflow/.local/lib/python3.7/site-packages/airflow/example_dags/example_skip_dag.py
[2025-01-27T08:58:35.338+0000] {processor.py:766} INFO - DAG(s) dict_keys(['example_skip_dag']) retrieved from /home/airflow/.local/lib/python3.7/site-packages/airflow/example_dags/example_skip_dag.py
[2025-01-27T08:58:35.418+0000] {logging_mixin.py:120} INFO - [2025-01-27T08:58:35.418+0000] {dag.py:2585} INFO - Sync 1 DAGs
[2025-01-27T08:58:35.465+0000] {logging_mixin.py:120} INFO - [2025-01-27T08:58:35.465+0000] {dag.py:3340} INFO - Setting next_dagrun for example_skip_dag to 2025-01-26T08:58:35.465251+00:00, run_after=2025-01-27T08:58:35.465251+00:00
[2025-01-27T08:58:35.502+0000] {processor.py:176} INFO - Processing /home/airflow/.local/lib/python3.7/site-packages/airflow/example_dags/example_skip_dag.py took 0.201 seconds
[2025-01-27T08:59:05.600+0000] {processor.py:154} INFO - Started process (PID=2919) to work on /home/airflow/.local/lib/python3.7/site-packages/airflow/example_dags/example_skip_dag.py
[2025-01-27T08:59:05.602+0000] {processor.py:756} INFO - Processing file /home/airflow/.local/lib/python3.7/site-packages/airflow/example_dags/example_skip_dag.py for tasks to queue
[2025-01-27T08:59:05.604+0000] {logging_mixin.py:120} INFO - [2025-01-27T08:59:05.604+0000] {dagbag.py:537} INFO - Filling up the DagBag from /home/airflow/.local/lib/python3.7/site-packages/airflow/example_dags/example_skip_dag.py
[2025-01-27T08:59:05.635+0000] {processor.py:766} INFO - DAG(s) dict_keys(['example_skip_dag']) retrieved from /home/airflow/.local/lib/python3.7/site-packages/airflow/example_dags/example_skip_dag.py
[2025-01-27T08:59:05.717+0000] {logging_mixin.py:120} INFO - [2025-01-27T08:59:05.716+0000] {dag.py:2585} INFO - Sync 1 DAGs
[2025-01-27T08:59:05.777+0000] {logging_mixin.py:120} INFO - [2025-01-27T08:59:05.776+0000] {dag.py:3340} INFO - Setting next_dagrun for example_skip_dag to 2025-01-26T08:59:05.776410+00:00, run_after=2025-01-27T08:59:05.776410+00:00
[2025-01-27T08:59:05.817+0000] {processor.py:176} INFO - Processing /home/airflow/.local/lib/python3.7/site-packages/airflow/example_dags/example_skip_dag.py took 0.226 seconds
[2025-01-27T08:59:35.969+0000] {processor.py:154} INFO - Started process (PID=2971) to work on /home/airflow/.local/lib/python3.7/site-packages/airflow/example_dags/example_skip_dag.py
[2025-01-27T08:59:35.970+0000] {processor.py:756} INFO - Processing file /home/airflow/.local/lib/python3.7/site-packages/airflow/example_dags/example_skip_dag.py for tasks to queue
[2025-01-27T08:59:35.972+0000] {logging_mixin.py:120} INFO - [2025-01-27T08:59:35.971+0000] {dagbag.py:537} INFO - Filling up the DagBag from /home/airflow/.local/lib/python3.7/site-packages/airflow/example_dags/example_skip_dag.py
[2025-01-27T08:59:36.002+0000] {processor.py:766} INFO - DAG(s) dict_keys(['example_skip_dag']) retrieved from /home/airflow/.local/lib/python3.7/site-packages/airflow/example_dags/example_skip_dag.py
[2025-01-27T08:59:36.075+0000] {logging_mixin.py:120} INFO - [2025-01-27T08:59:36.075+0000] {dag.py:2585} INFO - Sync 1 DAGs
[2025-01-27T08:59:36.127+0000] {logging_mixin.py:120} INFO - [2025-01-27T08:59:36.127+0000] {dag.py:3340} INFO - Setting next_dagrun for example_skip_dag to 2025-01-26T08:59:36.127336+00:00, run_after=2025-01-27T08:59:36.127336+00:00
[2025-01-27T08:59:36.163+0000] {processor.py:176} INFO - Processing /home/airflow/.local/lib/python3.7/site-packages/airflow/example_dags/example_skip_dag.py took 0.201 seconds
[2025-01-27T09:00:06.451+0000] {processor.py:154} INFO - Started process (PID=3032) to work on /home/airflow/.local/lib/python3.7/site-packages/airflow/example_dags/example_skip_dag.py
[2025-01-27T09:00:06.453+0000] {processor.py:756} INFO - Processing file /home/airflow/.local/lib/python3.7/site-packages/airflow/example_dags/example_skip_dag.py for tasks to queue
[2025-01-27T09:00:06.454+0000] {logging_mixin.py:120} INFO - [2025-01-27T09:00:06.454+0000] {dagbag.py:537} INFO - Filling up the DagBag from /home/airflow/.local/lib/python3.7/site-packages/airflow/example_dags/example_skip_dag.py
[2025-01-27T09:00:06.489+0000] {processor.py:766} INFO - DAG(s) dict_keys(['example_skip_dag']) retrieved from /home/airflow/.local/lib/python3.7/site-packages/airflow/example_dags/example_skip_dag.py
[2025-01-27T09:00:06.584+0000] {logging_mixin.py:120} INFO - [2025-01-27T09:00:06.584+0000] {dag.py:2585} INFO - Sync 1 DAGs
[2025-01-27T09:00:06.664+0000] {logging_mixin.py:120} INFO - [2025-01-27T09:00:06.663+0000] {dag.py:3340} INFO - Setting next_dagrun for example_skip_dag to 2025-01-26T09:00:06.662785+00:00, run_after=2025-01-27T09:00:06.662785+00:00
[2025-01-27T09:00:06.716+0000] {processor.py:176} INFO - Processing /home/airflow/.local/lib/python3.7/site-packages/airflow/example_dags/example_skip_dag.py took 0.274 seconds
[2025-01-27T09:00:37.230+0000] {processor.py:154} INFO - Started process (PID=3087) to work on /home/airflow/.local/lib/python3.7/site-packages/airflow/example_dags/example_skip_dag.py
[2025-01-27T09:00:37.231+0000] {processor.py:756} INFO - Processing file /home/airflow/.local/lib/python3.7/site-packages/airflow/example_dags/example_skip_dag.py for tasks to queue
[2025-01-27T09:00:37.232+0000] {logging_mixin.py:120} INFO - [2025-01-27T09:00:37.232+0000] {dagbag.py:537} INFO - Filling up the DagBag from /home/airflow/.local/lib/python3.7/site-packages/airflow/example_dags/example_skip_dag.py
[2025-01-27T09:00:37.260+0000] {processor.py:766} INFO - DAG(s) dict_keys(['example_skip_dag']) retrieved from /home/airflow/.local/lib/python3.7/site-packages/airflow/example_dags/example_skip_dag.py
[2025-01-27T09:00:37.332+0000] {logging_mixin.py:120} INFO - [2025-01-27T09:00:37.332+0000] {dag.py:2585} INFO - Sync 1 DAGs
[2025-01-27T09:00:37.393+0000] {logging_mixin.py:120} INFO - [2025-01-27T09:00:37.393+0000] {dag.py:3340} INFO - Setting next_dagrun for example_skip_dag to 2025-01-26T09:00:37.392989+00:00, run_after=2025-01-27T09:00:37.392989+00:00
[2025-01-27T09:00:37.430+0000] {processor.py:176} INFO - Processing /home/airflow/.local/lib/python3.7/site-packages/airflow/example_dags/example_skip_dag.py took 0.205 seconds
[2025-01-27T09:01:08.162+0000] {processor.py:154} INFO - Started process (PID=3141) to work on /home/airflow/.local/lib/python3.7/site-packages/airflow/example_dags/example_skip_dag.py
[2025-01-27T09:01:08.166+0000] {processor.py:756} INFO - Processing file /home/airflow/.local/lib/python3.7/site-packages/airflow/example_dags/example_skip_dag.py for tasks to queue
[2025-01-27T09:01:08.167+0000] {logging_mixin.py:120} INFO - [2025-01-27T09:01:08.167+0000] {dagbag.py:537} INFO - Filling up the DagBag from /home/airflow/.local/lib/python3.7/site-packages/airflow/example_dags/example_skip_dag.py
[2025-01-27T09:01:08.192+0000] {processor.py:766} INFO - DAG(s) dict_keys(['example_skip_dag']) retrieved from /home/airflow/.local/lib/python3.7/site-packages/airflow/example_dags/example_skip_dag.py
[2025-01-27T09:01:08.281+0000] {logging_mixin.py:120} INFO - [2025-01-27T09:01:08.281+0000] {dag.py:2585} INFO - Sync 1 DAGs
[2025-01-27T09:01:08.328+0000] {logging_mixin.py:120} INFO - [2025-01-27T09:01:08.328+0000] {dag.py:3340} INFO - Setting next_dagrun for example_skip_dag to 2025-01-26T09:01:08.327996+00:00, run_after=2025-01-27T09:01:08.327996+00:00
[2025-01-27T09:01:08.362+0000] {processor.py:176} INFO - Processing /home/airflow/.local/lib/python3.7/site-packages/airflow/example_dags/example_skip_dag.py took 0.205 seconds
[2025-01-27T09:01:38.862+0000] {processor.py:154} INFO - Started process (PID=3204) to work on /home/airflow/.local/lib/python3.7/site-packages/airflow/example_dags/example_skip_dag.py
[2025-01-27T09:01:38.866+0000] {processor.py:756} INFO - Processing file /home/airflow/.local/lib/python3.7/site-packages/airflow/example_dags/example_skip_dag.py for tasks to queue
[2025-01-27T09:01:38.868+0000] {logging_mixin.py:120} INFO - [2025-01-27T09:01:38.867+0000] {dagbag.py:537} INFO - Filling up the DagBag from /home/airflow/.local/lib/python3.7/site-packages/airflow/example_dags/example_skip_dag.py
[2025-01-27T09:01:38.899+0000] {processor.py:766} INFO - DAG(s) dict_keys(['example_skip_dag']) retrieved from /home/airflow/.local/lib/python3.7/site-packages/airflow/example_dags/example_skip_dag.py
[2025-01-27T09:01:38.986+0000] {logging_mixin.py:120} INFO - [2025-01-27T09:01:38.986+0000] {dag.py:2585} INFO - Sync 1 DAGs
[2025-01-27T09:01:39.029+0000] {logging_mixin.py:120} INFO - [2025-01-27T09:01:39.029+0000] {dag.py:3340} INFO - Setting next_dagrun for example_skip_dag to 2025-01-26T09:01:39.028956+00:00, run_after=2025-01-27T09:01:39.028956+00:00
[2025-01-27T09:01:39.076+0000] {processor.py:176} INFO - Processing /home/airflow/.local/lib/python3.7/site-packages/airflow/example_dags/example_skip_dag.py took 0.218 seconds
[2025-01-27T09:02:09.774+0000] {processor.py:154} INFO - Started process (PID=3258) to work on /home/airflow/.local/lib/python3.7/site-packages/airflow/example_dags/example_skip_dag.py
[2025-01-27T09:02:09.778+0000] {processor.py:756} INFO - Processing file /home/airflow/.local/lib/python3.7/site-packages/airflow/example_dags/example_skip_dag.py for tasks to queue
[2025-01-27T09:02:09.780+0000] {logging_mixin.py:120} INFO - [2025-01-27T09:02:09.780+0000] {dagbag.py:537} INFO - Filling up the DagBag from /home/airflow/.local/lib/python3.7/site-packages/airflow/example_dags/example_skip_dag.py
[2025-01-27T09:02:09.807+0000] {processor.py:766} INFO - DAG(s) dict_keys(['example_skip_dag']) retrieved from /home/airflow/.local/lib/python3.7/site-packages/airflow/example_dags/example_skip_dag.py
[2025-01-27T09:02:09.894+0000] {logging_mixin.py:120} INFO - [2025-01-27T09:02:09.894+0000] {dag.py:2585} INFO - Sync 1 DAGs
[2025-01-27T09:02:09.953+0000] {logging_mixin.py:120} INFO - [2025-01-27T09:02:09.953+0000] {dag.py:3340} INFO - Setting next_dagrun for example_skip_dag to 2025-01-26T09:02:09.953170+00:00, run_after=2025-01-27T09:02:09.953170+00:00
[2025-01-27T09:02:09.991+0000] {processor.py:176} INFO - Processing /home/airflow/.local/lib/python3.7/site-packages/airflow/example_dags/example_skip_dag.py took 0.226 seconds
[2025-01-27T09:02:40.065+0000] {processor.py:154} INFO - Started process (PID=3320) to work on /home/airflow/.local/lib/python3.7/site-packages/airflow/example_dags/example_skip_dag.py
[2025-01-27T09:02:40.067+0000] {processor.py:756} INFO - Processing file /home/airflow/.local/lib/python3.7/site-packages/airflow/example_dags/example_skip_dag.py for tasks to queue
[2025-01-27T09:02:40.068+0000] {logging_mixin.py:120} INFO - [2025-01-27T09:02:40.068+0000] {dagbag.py:537} INFO - Filling up the DagBag from /home/airflow/.local/lib/python3.7/site-packages/airflow/example_dags/example_skip_dag.py
[2025-01-27T09:02:40.099+0000] {processor.py:766} INFO - DAG(s) dict_keys(['example_skip_dag']) retrieved from /home/airflow/.local/lib/python3.7/site-packages/airflow/example_dags/example_skip_dag.py
[2025-01-27T09:02:40.212+0000] {logging_mixin.py:120} INFO - [2025-01-27T09:02:40.212+0000] {dag.py:2585} INFO - Sync 1 DAGs
[2025-01-27T09:02:40.270+0000] {logging_mixin.py:120} INFO - [2025-01-27T09:02:40.270+0000] {dag.py:3340} INFO - Setting next_dagrun for example_skip_dag to 2025-01-26T09:02:40.269847+00:00, run_after=2025-01-27T09:02:40.269847+00:00
[2025-01-27T09:02:40.338+0000] {processor.py:176} INFO - Processing /home/airflow/.local/lib/python3.7/site-packages/airflow/example_dags/example_skip_dag.py took 0.280 seconds
[2025-01-27T09:03:10.437+0000] {processor.py:154} INFO - Started process (PID=3373) to work on /home/airflow/.local/lib/python3.7/site-packages/airflow/example_dags/example_skip_dag.py
[2025-01-27T09:03:10.439+0000] {processor.py:756} INFO - Processing file /home/airflow/.local/lib/python3.7/site-packages/airflow/example_dags/example_skip_dag.py for tasks to queue
[2025-01-27T09:03:10.441+0000] {logging_mixin.py:120} INFO - [2025-01-27T09:03:10.440+0000] {dagbag.py:537} INFO - Filling up the DagBag from /home/airflow/.local/lib/python3.7/site-packages/airflow/example_dags/example_skip_dag.py
[2025-01-27T09:03:10.468+0000] {processor.py:766} INFO - DAG(s) dict_keys(['example_skip_dag']) retrieved from /home/airflow/.local/lib/python3.7/site-packages/airflow/example_dags/example_skip_dag.py
[2025-01-27T09:03:10.545+0000] {logging_mixin.py:120} INFO - [2025-01-27T09:03:10.544+0000] {dag.py:2585} INFO - Sync 1 DAGs
[2025-01-27T09:03:10.591+0000] {logging_mixin.py:120} INFO - [2025-01-27T09:03:10.591+0000] {dag.py:3340} INFO - Setting next_dagrun for example_skip_dag to 2025-01-26T09:03:10.591301+00:00, run_after=2025-01-27T09:03:10.591301+00:00
[2025-01-27T09:03:10.630+0000] {processor.py:176} INFO - Processing /home/airflow/.local/lib/python3.7/site-packages/airflow/example_dags/example_skip_dag.py took 0.200 seconds
[2025-01-27T09:03:41.305+0000] {processor.py:154} INFO - Started process (PID=3426) to work on /home/airflow/.local/lib/python3.7/site-packages/airflow/example_dags/example_skip_dag.py
[2025-01-27T09:03:41.308+0000] {processor.py:756} INFO - Processing file /home/airflow/.local/lib/python3.7/site-packages/airflow/example_dags/example_skip_dag.py for tasks to queue
[2025-01-27T09:03:41.311+0000] {logging_mixin.py:120} INFO - [2025-01-27T09:03:41.311+0000] {dagbag.py:537} INFO - Filling up the DagBag from /home/airflow/.local/lib/python3.7/site-packages/airflow/example_dags/example_skip_dag.py
[2025-01-27T09:03:41.338+0000] {processor.py:766} INFO - DAG(s) dict_keys(['example_skip_dag']) retrieved from /home/airflow/.local/lib/python3.7/site-packages/airflow/example_dags/example_skip_dag.py
[2025-01-27T09:03:41.424+0000] {logging_mixin.py:120} INFO - [2025-01-27T09:03:41.423+0000] {dag.py:2585} INFO - Sync 1 DAGs
[2025-01-27T09:03:41.468+0000] {logging_mixin.py:120} INFO - [2025-01-27T09:03:41.468+0000] {dag.py:3340} INFO - Setting next_dagrun for example_skip_dag to 2025-01-26T09:03:41.468331+00:00, run_after=2025-01-27T09:03:41.468331+00:00
[2025-01-27T09:03:41.511+0000] {processor.py:176} INFO - Processing /home/airflow/.local/lib/python3.7/site-packages/airflow/example_dags/example_skip_dag.py took 0.210 seconds
[2025-01-27T09:04:11.626+0000] {processor.py:154} INFO - Started process (PID=3489) to work on /home/airflow/.local/lib/python3.7/site-packages/airflow/example_dags/example_skip_dag.py
[2025-01-27T09:04:11.627+0000] {processor.py:756} INFO - Processing file /home/airflow/.local/lib/python3.7/site-packages/airflow/example_dags/example_skip_dag.py for tasks to queue
[2025-01-27T09:04:11.628+0000] {logging_mixin.py:120} INFO - [2025-01-27T09:04:11.628+0000] {dagbag.py:537} INFO - Filling up the DagBag from /home/airflow/.local/lib/python3.7/site-packages/airflow/example_dags/example_skip_dag.py
[2025-01-27T09:04:11.654+0000] {processor.py:766} INFO - DAG(s) dict_keys(['example_skip_dag']) retrieved from /home/airflow/.local/lib/python3.7/site-packages/airflow/example_dags/example_skip_dag.py
[2025-01-27T09:04:11.732+0000] {logging_mixin.py:120} INFO - [2025-01-27T09:04:11.732+0000] {dag.py:2585} INFO - Sync 1 DAGs
[2025-01-27T09:04:11.786+0000] {logging_mixin.py:120} INFO - [2025-01-27T09:04:11.785+0000] {dag.py:3340} INFO - Setting next_dagrun for example_skip_dag to 2025-01-26T09:04:11.785236+00:00, run_after=2025-01-27T09:04:11.785236+00:00
[2025-01-27T09:04:11.829+0000] {processor.py:176} INFO - Processing /home/airflow/.local/lib/python3.7/site-packages/airflow/example_dags/example_skip_dag.py took 0.209 seconds
[2025-01-27T09:04:42.043+0000] {processor.py:154} INFO - Started process (PID=3543) to work on /home/airflow/.local/lib/python3.7/site-packages/airflow/example_dags/example_skip_dag.py
[2025-01-27T09:04:42.046+0000] {processor.py:756} INFO - Processing file /home/airflow/.local/lib/python3.7/site-packages/airflow/example_dags/example_skip_dag.py for tasks to queue
[2025-01-27T09:04:42.048+0000] {logging_mixin.py:120} INFO - [2025-01-27T09:04:42.048+0000] {dagbag.py:537} INFO - Filling up the DagBag from /home/airflow/.local/lib/python3.7/site-packages/airflow/example_dags/example_skip_dag.py
[2025-01-27T09:04:42.077+0000] {processor.py:766} INFO - DAG(s) dict_keys(['example_skip_dag']) retrieved from /home/airflow/.local/lib/python3.7/site-packages/airflow/example_dags/example_skip_dag.py
[2025-01-27T09:04:42.168+0000] {logging_mixin.py:120} INFO - [2025-01-27T09:04:42.168+0000] {dag.py:2585} INFO - Sync 1 DAGs
[2025-01-27T09:04:42.221+0000] {logging_mixin.py:120} INFO - [2025-01-27T09:04:42.221+0000] {dag.py:3340} INFO - Setting next_dagrun for example_skip_dag to 2025-01-26T09:04:42.220471+00:00, run_after=2025-01-27T09:04:42.220471+00:00
[2025-01-27T09:04:42.276+0000] {processor.py:176} INFO - Processing /home/airflow/.local/lib/python3.7/site-packages/airflow/example_dags/example_skip_dag.py took 0.239 seconds
[2025-01-27T09:05:12.679+0000] {processor.py:154} INFO - Started process (PID=3605) to work on /home/airflow/.local/lib/python3.7/site-packages/airflow/example_dags/example_skip_dag.py
[2025-01-27T09:05:12.683+0000] {processor.py:756} INFO - Processing file /home/airflow/.local/lib/python3.7/site-packages/airflow/example_dags/example_skip_dag.py for tasks to queue
[2025-01-27T09:05:12.685+0000] {logging_mixin.py:120} INFO - [2025-01-27T09:05:12.684+0000] {dagbag.py:537} INFO - Filling up the DagBag from /home/airflow/.local/lib/python3.7/site-packages/airflow/example_dags/example_skip_dag.py
[2025-01-27T09:05:12.725+0000] {processor.py:766} INFO - DAG(s) dict_keys(['example_skip_dag']) retrieved from /home/airflow/.local/lib/python3.7/site-packages/airflow/example_dags/example_skip_dag.py
[2025-01-27T09:05:12.832+0000] {logging_mixin.py:120} INFO - [2025-01-27T09:05:12.832+0000] {dag.py:2585} INFO - Sync 1 DAGs
[2025-01-27T09:05:12.898+0000] {logging_mixin.py:120} INFO - [2025-01-27T09:05:12.898+0000] {dag.py:3340} INFO - Setting next_dagrun for example_skip_dag to 2025-01-26T09:05:12.897761+00:00, run_after=2025-01-27T09:05:12.897761+00:00
[2025-01-27T09:05:12.966+0000] {processor.py:176} INFO - Processing /home/airflow/.local/lib/python3.7/site-packages/airflow/example_dags/example_skip_dag.py took 0.296 seconds
[2025-01-27T09:05:43.089+0000] {processor.py:154} INFO - Started process (PID=3658) to work on /home/airflow/.local/lib/python3.7/site-packages/airflow/example_dags/example_skip_dag.py
[2025-01-27T09:05:43.092+0000] {processor.py:756} INFO - Processing file /home/airflow/.local/lib/python3.7/site-packages/airflow/example_dags/example_skip_dag.py for tasks to queue
[2025-01-27T09:05:43.094+0000] {logging_mixin.py:120} INFO - [2025-01-27T09:05:43.093+0000] {dagbag.py:537} INFO - Filling up the DagBag from /home/airflow/.local/lib/python3.7/site-packages/airflow/example_dags/example_skip_dag.py
[2025-01-27T09:05:43.124+0000] {processor.py:766} INFO - DAG(s) dict_keys(['example_skip_dag']) retrieved from /home/airflow/.local/lib/python3.7/site-packages/airflow/example_dags/example_skip_dag.py
[2025-01-27T09:05:43.212+0000] {logging_mixin.py:120} INFO - [2025-01-27T09:05:43.212+0000] {dag.py:2585} INFO - Sync 1 DAGs
[2025-01-27T09:05:43.261+0000] {logging_mixin.py:120} INFO - [2025-01-27T09:05:43.261+0000] {dag.py:3340} INFO - Setting next_dagrun for example_skip_dag to 2025-01-26T09:05:43.261243+00:00, run_after=2025-01-27T09:05:43.261243+00:00
[2025-01-27T09:05:43.300+0000] {processor.py:176} INFO - Processing /home/airflow/.local/lib/python3.7/site-packages/airflow/example_dags/example_skip_dag.py took 0.218 seconds
[2025-01-27T09:06:13.647+0000] {processor.py:154} INFO - Started process (PID=3718) to work on /home/airflow/.local/lib/python3.7/site-packages/airflow/example_dags/example_skip_dag.py
[2025-01-27T09:06:13.650+0000] {processor.py:756} INFO - Processing file /home/airflow/.local/lib/python3.7/site-packages/airflow/example_dags/example_skip_dag.py for tasks to queue
[2025-01-27T09:06:13.652+0000] {logging_mixin.py:120} INFO - [2025-01-27T09:06:13.651+0000] {dagbag.py:537} INFO - Filling up the DagBag from /home/airflow/.local/lib/python3.7/site-packages/airflow/example_dags/example_skip_dag.py
[2025-01-27T09:06:13.717+0000] {processor.py:766} INFO - DAG(s) dict_keys(['example_skip_dag']) retrieved from /home/airflow/.local/lib/python3.7/site-packages/airflow/example_dags/example_skip_dag.py
[2025-01-27T09:06:13.845+0000] {logging_mixin.py:120} INFO - [2025-01-27T09:06:13.845+0000] {dag.py:2585} INFO - Sync 1 DAGs
[2025-01-27T09:06:13.920+0000] {logging_mixin.py:120} INFO - [2025-01-27T09:06:13.920+0000] {dag.py:3340} INFO - Setting next_dagrun for example_skip_dag to 2025-01-26T09:06:13.920205+00:00, run_after=2025-01-27T09:06:13.920205+00:00
[2025-01-27T09:06:13.988+0000] {processor.py:176} INFO - Processing /home/airflow/.local/lib/python3.7/site-packages/airflow/example_dags/example_skip_dag.py took 0.353 seconds
[2025-01-27T09:06:44.120+0000] {processor.py:154} INFO - Started process (PID=3772) to work on /home/airflow/.local/lib/python3.7/site-packages/airflow/example_dags/example_skip_dag.py
[2025-01-27T09:06:44.121+0000] {processor.py:756} INFO - Processing file /home/airflow/.local/lib/python3.7/site-packages/airflow/example_dags/example_skip_dag.py for tasks to queue
[2025-01-27T09:06:44.124+0000] {logging_mixin.py:120} INFO - [2025-01-27T09:06:44.124+0000] {dagbag.py:537} INFO - Filling up the DagBag from /home/airflow/.local/lib/python3.7/site-packages/airflow/example_dags/example_skip_dag.py
[2025-01-27T09:06:44.148+0000] {processor.py:766} INFO - DAG(s) dict_keys(['example_skip_dag']) retrieved from /home/airflow/.local/lib/python3.7/site-packages/airflow/example_dags/example_skip_dag.py
[2025-01-27T09:06:44.228+0000] {logging_mixin.py:120} INFO - [2025-01-27T09:06:44.228+0000] {dag.py:2585} INFO - Sync 1 DAGs
[2025-01-27T09:06:44.391+0000] {logging_mixin.py:120} INFO - [2025-01-27T09:06:44.391+0000] {dag.py:3340} INFO - Setting next_dagrun for example_skip_dag to 2025-01-26T09:06:44.390778+00:00, run_after=2025-01-27T09:06:44.390778+00:00
[2025-01-27T09:06:44.461+0000] {processor.py:176} INFO - Processing /home/airflow/.local/lib/python3.7/site-packages/airflow/example_dags/example_skip_dag.py took 0.346 seconds
[2025-01-27T09:07:15.133+0000] {processor.py:154} INFO - Started process (PID=3827) to work on /home/airflow/.local/lib/python3.7/site-packages/airflow/example_dags/example_skip_dag.py
[2025-01-27T09:07:15.135+0000] {processor.py:756} INFO - Processing file /home/airflow/.local/lib/python3.7/site-packages/airflow/example_dags/example_skip_dag.py for tasks to queue
[2025-01-27T09:07:15.136+0000] {logging_mixin.py:120} INFO - [2025-01-27T09:07:15.135+0000] {dagbag.py:537} INFO - Filling up the DagBag from /home/airflow/.local/lib/python3.7/site-packages/airflow/example_dags/example_skip_dag.py
[2025-01-27T09:07:15.164+0000] {processor.py:766} INFO - DAG(s) dict_keys(['example_skip_dag']) retrieved from /home/airflow/.local/lib/python3.7/site-packages/airflow/example_dags/example_skip_dag.py
[2025-01-27T09:07:15.253+0000] {logging_mixin.py:120} INFO - [2025-01-27T09:07:15.253+0000] {dag.py:2585} INFO - Sync 1 DAGs
[2025-01-27T09:07:15.316+0000] {logging_mixin.py:120} INFO - [2025-01-27T09:07:15.316+0000] {dag.py:3340} INFO - Setting next_dagrun for example_skip_dag to 2025-01-26T09:07:15.315872+00:00, run_after=2025-01-27T09:07:15.315872+00:00
[2025-01-27T09:07:15.356+0000] {processor.py:176} INFO - Processing /home/airflow/.local/lib/python3.7/site-packages/airflow/example_dags/example_skip_dag.py took 0.230 seconds
[2025-01-27T09:07:45.997+0000] {processor.py:154} INFO - Started process (PID=3890) to work on /home/airflow/.local/lib/python3.7/site-packages/airflow/example_dags/example_skip_dag.py
[2025-01-27T09:07:45.998+0000] {processor.py:756} INFO - Processing file /home/airflow/.local/lib/python3.7/site-packages/airflow/example_dags/example_skip_dag.py for tasks to queue
[2025-01-27T09:07:46.002+0000] {logging_mixin.py:120} INFO - [2025-01-27T09:07:46.002+0000] {dagbag.py:537} INFO - Filling up the DagBag from /home/airflow/.local/lib/python3.7/site-packages/airflow/example_dags/example_skip_dag.py
[2025-01-27T09:07:46.029+0000] {processor.py:766} INFO - DAG(s) dict_keys(['example_skip_dag']) retrieved from /home/airflow/.local/lib/python3.7/site-packages/airflow/example_dags/example_skip_dag.py
[2025-01-27T09:07:46.127+0000] {logging_mixin.py:120} INFO - [2025-01-27T09:07:46.127+0000] {dag.py:2585} INFO - Sync 1 DAGs
[2025-01-27T09:07:46.179+0000] {logging_mixin.py:120} INFO - [2025-01-27T09:07:46.178+0000] {dag.py:3340} INFO - Setting next_dagrun for example_skip_dag to 2025-01-26T09:07:46.178438+00:00, run_after=2025-01-27T09:07:46.178438+00:00
[2025-01-27T09:07:46.227+0000] {processor.py:176} INFO - Processing /home/airflow/.local/lib/python3.7/site-packages/airflow/example_dags/example_skip_dag.py took 0.238 seconds
[2025-01-27T09:08:16.382+0000] {processor.py:154} INFO - Started process (PID=3944) to work on /home/airflow/.local/lib/python3.7/site-packages/airflow/example_dags/example_skip_dag.py
[2025-01-27T09:08:16.384+0000] {processor.py:756} INFO - Processing file /home/airflow/.local/lib/python3.7/site-packages/airflow/example_dags/example_skip_dag.py for tasks to queue
[2025-01-27T09:08:16.385+0000] {logging_mixin.py:120} INFO - [2025-01-27T09:08:16.385+0000] {dagbag.py:537} INFO - Filling up the DagBag from /home/airflow/.local/lib/python3.7/site-packages/airflow/example_dags/example_skip_dag.py
[2025-01-27T09:08:16.414+0000] {processor.py:766} INFO - DAG(s) dict_keys(['example_skip_dag']) retrieved from /home/airflow/.local/lib/python3.7/site-packages/airflow/example_dags/example_skip_dag.py
[2025-01-27T09:08:16.499+0000] {logging_mixin.py:120} INFO - [2025-01-27T09:08:16.498+0000] {dag.py:2585} INFO - Sync 1 DAGs
[2025-01-27T09:08:16.549+0000] {logging_mixin.py:120} INFO - [2025-01-27T09:08:16.549+0000] {dag.py:3340} INFO - Setting next_dagrun for example_skip_dag to 2025-01-26T09:08:16.548961+00:00, run_after=2025-01-27T09:08:16.548961+00:00
[2025-01-27T09:08:16.597+0000] {processor.py:176} INFO - Processing /home/airflow/.local/lib/python3.7/site-packages/airflow/example_dags/example_skip_dag.py took 0.220 seconds
[2025-01-27T09:08:47.147+0000] {processor.py:154} INFO - Started process (PID=4007) to work on /home/airflow/.local/lib/python3.7/site-packages/airflow/example_dags/example_skip_dag.py
[2025-01-27T09:08:47.149+0000] {processor.py:756} INFO - Processing file /home/airflow/.local/lib/python3.7/site-packages/airflow/example_dags/example_skip_dag.py for tasks to queue
[2025-01-27T09:08:47.151+0000] {logging_mixin.py:120} INFO - [2025-01-27T09:08:47.150+0000] {dagbag.py:537} INFO - Filling up the DagBag from /home/airflow/.local/lib/python3.7/site-packages/airflow/example_dags/example_skip_dag.py
[2025-01-27T09:08:47.183+0000] {processor.py:766} INFO - DAG(s) dict_keys(['example_skip_dag']) retrieved from /home/airflow/.local/lib/python3.7/site-packages/airflow/example_dags/example_skip_dag.py
[2025-01-27T09:08:47.273+0000] {logging_mixin.py:120} INFO - [2025-01-27T09:08:47.273+0000] {dag.py:2585} INFO - Sync 1 DAGs
[2025-01-27T09:08:47.325+0000] {logging_mixin.py:120} INFO - [2025-01-27T09:08:47.324+0000] {dag.py:3340} INFO - Setting next_dagrun for example_skip_dag to 2025-01-26T09:08:47.324194+00:00, run_after=2025-01-27T09:08:47.324194+00:00
[2025-01-27T09:08:47.369+0000] {processor.py:176} INFO - Processing /home/airflow/.local/lib/python3.7/site-packages/airflow/example_dags/example_skip_dag.py took 0.228 seconds
