[2025-01-27T08:33:51.786+0000] {processor.py:154} INFO - Started process (PID=63) to work on /home/airflow/.local/lib/python3.7/site-packages/airflow/example_dags/example_latest_only.py
[2025-01-27T08:33:51.788+0000] {processor.py:756} INFO - Processing file /home/airflow/.local/lib/python3.7/site-packages/airflow/example_dags/example_latest_only.py for tasks to queue
[2025-01-27T08:33:51.790+0000] {logging_mixin.py:120} INFO - [2025-01-27T08:33:51.790+0000] {dagbag.py:537} INFO - Filling up the DagBag from /home/airflow/.local/lib/python3.7/site-packages/airflow/example_dags/example_latest_only.py
[2025-01-27T08:33:51.827+0000] {processor.py:766} INFO - DAG(s) dict_keys(['latest_only']) retrieved from /home/airflow/.local/lib/python3.7/site-packages/airflow/example_dags/example_latest_only.py
[2025-01-27T08:33:52.404+0000] {logging_mixin.py:120} INFO - [2025-01-27T08:33:52.403+0000] {manager.py:507} INFO - Created Permission View: can edit on DAG:latest_only
[2025-01-27T08:33:52.440+0000] {logging_mixin.py:120} INFO - [2025-01-27T08:33:52.440+0000] {manager.py:507} INFO - Created Permission View: can read on DAG:latest_only
[2025-01-27T08:33:52.463+0000] {logging_mixin.py:120} INFO - [2025-01-27T08:33:52.462+0000] {manager.py:507} INFO - Created Permission View: can delete on DAG:latest_only
[2025-01-27T08:33:52.465+0000] {logging_mixin.py:120} INFO - [2025-01-27T08:33:52.464+0000] {dag.py:2585} INFO - Sync 1 DAGs
[2025-01-27T08:33:52.537+0000] {logging_mixin.py:120} INFO - [2025-01-27T08:33:52.536+0000] {dag.py:2606} INFO - Creating ORM DAG for latest_only
[2025-01-27T08:33:52.587+0000] {logging_mixin.py:120} INFO - [2025-01-27T08:33:52.586+0000] {dag.py:3340} INFO - Setting next_dagrun for latest_only to 2025-01-27T04:33:52.586184+00:00, run_after=2025-01-27T08:33:52.586184+00:00
[2025-01-27T08:33:52.654+0000] {processor.py:176} INFO - Processing /home/airflow/.local/lib/python3.7/site-packages/airflow/example_dags/example_latest_only.py took 0.876 seconds
[2025-01-27T08:34:22.789+0000] {processor.py:154} INFO - Started process (PID=117) to work on /home/airflow/.local/lib/python3.7/site-packages/airflow/example_dags/example_latest_only.py
[2025-01-27T08:34:22.792+0000] {processor.py:756} INFO - Processing file /home/airflow/.local/lib/python3.7/site-packages/airflow/example_dags/example_latest_only.py for tasks to queue
[2025-01-27T08:34:22.794+0000] {logging_mixin.py:120} INFO - [2025-01-27T08:34:22.793+0000] {dagbag.py:537} INFO - Filling up the DagBag from /home/airflow/.local/lib/python3.7/site-packages/airflow/example_dags/example_latest_only.py
[2025-01-27T08:34:22.825+0000] {processor.py:766} INFO - DAG(s) dict_keys(['latest_only']) retrieved from /home/airflow/.local/lib/python3.7/site-packages/airflow/example_dags/example_latest_only.py
[2025-01-27T08:34:22.894+0000] {logging_mixin.py:120} INFO - [2025-01-27T08:34:22.893+0000] {dag.py:2585} INFO - Sync 1 DAGs
[2025-01-27T08:34:22.938+0000] {logging_mixin.py:120} INFO - [2025-01-27T08:34:22.938+0000] {dag.py:3340} INFO - Setting next_dagrun for latest_only to 2025-01-27T04:34:22.937658+00:00, run_after=2025-01-27T08:34:22.937658+00:00
[2025-01-27T08:34:22.972+0000] {processor.py:176} INFO - Processing /home/airflow/.local/lib/python3.7/site-packages/airflow/example_dags/example_latest_only.py took 0.191 seconds
[2025-01-27T08:34:53.752+0000] {processor.py:154} INFO - Started process (PID=181) to work on /home/airflow/.local/lib/python3.7/site-packages/airflow/example_dags/example_latest_only.py
[2025-01-27T08:34:53.754+0000] {processor.py:756} INFO - Processing file /home/airflow/.local/lib/python3.7/site-packages/airflow/example_dags/example_latest_only.py for tasks to queue
[2025-01-27T08:34:53.755+0000] {logging_mixin.py:120} INFO - [2025-01-27T08:34:53.755+0000] {dagbag.py:537} INFO - Filling up the DagBag from /home/airflow/.local/lib/python3.7/site-packages/airflow/example_dags/example_latest_only.py
[2025-01-27T08:34:53.780+0000] {processor.py:766} INFO - DAG(s) dict_keys(['latest_only']) retrieved from /home/airflow/.local/lib/python3.7/site-packages/airflow/example_dags/example_latest_only.py
[2025-01-27T08:34:53.846+0000] {logging_mixin.py:120} INFO - [2025-01-27T08:34:53.846+0000] {dag.py:2585} INFO - Sync 1 DAGs
[2025-01-27T08:34:53.890+0000] {logging_mixin.py:120} INFO - [2025-01-27T08:34:53.890+0000] {dag.py:3340} INFO - Setting next_dagrun for latest_only to 2025-01-27T04:34:53.889733+00:00, run_after=2025-01-27T08:34:53.889733+00:00
[2025-01-27T08:34:53.922+0000] {processor.py:176} INFO - Processing /home/airflow/.local/lib/python3.7/site-packages/airflow/example_dags/example_latest_only.py took 0.189 seconds
[2025-01-27T08:35:24.618+0000] {processor.py:154} INFO - Started process (PID=234) to work on /home/airflow/.local/lib/python3.7/site-packages/airflow/example_dags/example_latest_only.py
[2025-01-27T08:35:24.619+0000] {processor.py:756} INFO - Processing file /home/airflow/.local/lib/python3.7/site-packages/airflow/example_dags/example_latest_only.py for tasks to queue
[2025-01-27T08:35:24.621+0000] {logging_mixin.py:120} INFO - [2025-01-27T08:35:24.620+0000] {dagbag.py:537} INFO - Filling up the DagBag from /home/airflow/.local/lib/python3.7/site-packages/airflow/example_dags/example_latest_only.py
[2025-01-27T08:35:24.645+0000] {processor.py:766} INFO - DAG(s) dict_keys(['latest_only']) retrieved from /home/airflow/.local/lib/python3.7/site-packages/airflow/example_dags/example_latest_only.py
[2025-01-27T08:35:24.709+0000] {logging_mixin.py:120} INFO - [2025-01-27T08:35:24.709+0000] {dag.py:2585} INFO - Sync 1 DAGs
[2025-01-27T08:35:24.753+0000] {logging_mixin.py:120} INFO - [2025-01-27T08:35:24.752+0000] {dag.py:3340} INFO - Setting next_dagrun for latest_only to 2025-01-27T04:35:24.752450+00:00, run_after=2025-01-27T08:35:24.752450+00:00
[2025-01-27T08:35:24.785+0000] {processor.py:176} INFO - Processing /home/airflow/.local/lib/python3.7/site-packages/airflow/example_dags/example_latest_only.py took 0.173 seconds
[2025-01-27T08:35:55.781+0000] {processor.py:154} INFO - Started process (PID=297) to work on /home/airflow/.local/lib/python3.7/site-packages/airflow/example_dags/example_latest_only.py
[2025-01-27T08:35:55.783+0000] {processor.py:756} INFO - Processing file /home/airflow/.local/lib/python3.7/site-packages/airflow/example_dags/example_latest_only.py for tasks to queue
[2025-01-27T08:35:55.785+0000] {logging_mixin.py:120} INFO - [2025-01-27T08:35:55.785+0000] {dagbag.py:537} INFO - Filling up the DagBag from /home/airflow/.local/lib/python3.7/site-packages/airflow/example_dags/example_latest_only.py
[2025-01-27T08:35:55.814+0000] {processor.py:766} INFO - DAG(s) dict_keys(['latest_only']) retrieved from /home/airflow/.local/lib/python3.7/site-packages/airflow/example_dags/example_latest_only.py
[2025-01-27T08:35:55.887+0000] {logging_mixin.py:120} INFO - [2025-01-27T08:35:55.887+0000] {dag.py:2585} INFO - Sync 1 DAGs
[2025-01-27T08:35:55.937+0000] {logging_mixin.py:120} INFO - [2025-01-27T08:35:55.937+0000] {dag.py:3340} INFO - Setting next_dagrun for latest_only to 2025-01-27T04:35:55.936813+00:00, run_after=2025-01-27T08:35:55.936813+00:00
[2025-01-27T08:35:55.975+0000] {processor.py:176} INFO - Processing /home/airflow/.local/lib/python3.7/site-packages/airflow/example_dags/example_latest_only.py took 0.203 seconds
[2025-01-27T08:36:26.797+0000] {processor.py:154} INFO - Started process (PID=350) to work on /home/airflow/.local/lib/python3.7/site-packages/airflow/example_dags/example_latest_only.py
[2025-01-27T08:36:26.799+0000] {processor.py:756} INFO - Processing file /home/airflow/.local/lib/python3.7/site-packages/airflow/example_dags/example_latest_only.py for tasks to queue
[2025-01-27T08:36:26.801+0000] {logging_mixin.py:120} INFO - [2025-01-27T08:36:26.801+0000] {dagbag.py:537} INFO - Filling up the DagBag from /home/airflow/.local/lib/python3.7/site-packages/airflow/example_dags/example_latest_only.py
[2025-01-27T08:36:26.828+0000] {processor.py:766} INFO - DAG(s) dict_keys(['latest_only']) retrieved from /home/airflow/.local/lib/python3.7/site-packages/airflow/example_dags/example_latest_only.py
[2025-01-27T08:36:26.911+0000] {logging_mixin.py:120} INFO - [2025-01-27T08:36:26.911+0000] {dag.py:2585} INFO - Sync 1 DAGs
[2025-01-27T08:36:26.965+0000] {logging_mixin.py:120} INFO - [2025-01-27T08:36:26.965+0000] {dag.py:3340} INFO - Setting next_dagrun for latest_only to 2025-01-27T04:36:26.964929+00:00, run_after=2025-01-27T08:36:26.964929+00:00
[2025-01-27T08:36:27.000+0000] {processor.py:176} INFO - Processing /home/airflow/.local/lib/python3.7/site-packages/airflow/example_dags/example_latest_only.py took 0.209 seconds
[2025-01-27T08:36:57.830+0000] {processor.py:154} INFO - Started process (PID=411) to work on /home/airflow/.local/lib/python3.7/site-packages/airflow/example_dags/example_latest_only.py
[2025-01-27T08:36:57.832+0000] {processor.py:756} INFO - Processing file /home/airflow/.local/lib/python3.7/site-packages/airflow/example_dags/example_latest_only.py for tasks to queue
[2025-01-27T08:36:57.833+0000] {logging_mixin.py:120} INFO - [2025-01-27T08:36:57.833+0000] {dagbag.py:537} INFO - Filling up the DagBag from /home/airflow/.local/lib/python3.7/site-packages/airflow/example_dags/example_latest_only.py
[2025-01-27T08:36:57.863+0000] {processor.py:766} INFO - DAG(s) dict_keys(['latest_only']) retrieved from /home/airflow/.local/lib/python3.7/site-packages/airflow/example_dags/example_latest_only.py
[2025-01-27T08:36:57.957+0000] {logging_mixin.py:120} INFO - [2025-01-27T08:36:57.957+0000] {dag.py:2585} INFO - Sync 1 DAGs
[2025-01-27T08:36:58.020+0000] {logging_mixin.py:120} INFO - [2025-01-27T08:36:58.020+0000] {dag.py:3340} INFO - Setting next_dagrun for latest_only to 2025-01-27T04:36:58.019628+00:00, run_after=2025-01-27T08:36:58.019628+00:00
[2025-01-27T08:36:58.067+0000] {processor.py:176} INFO - Processing /home/airflow/.local/lib/python3.7/site-packages/airflow/example_dags/example_latest_only.py took 0.243 seconds
[2025-01-27T08:37:28.574+0000] {processor.py:154} INFO - Started process (PID=467) to work on /home/airflow/.local/lib/python3.7/site-packages/airflow/example_dags/example_latest_only.py
[2025-01-27T08:37:28.576+0000] {processor.py:756} INFO - Processing file /home/airflow/.local/lib/python3.7/site-packages/airflow/example_dags/example_latest_only.py for tasks to queue
[2025-01-27T08:37:28.578+0000] {logging_mixin.py:120} INFO - [2025-01-27T08:37:28.578+0000] {dagbag.py:537} INFO - Filling up the DagBag from /home/airflow/.local/lib/python3.7/site-packages/airflow/example_dags/example_latest_only.py
[2025-01-27T08:37:28.616+0000] {processor.py:766} INFO - DAG(s) dict_keys(['latest_only']) retrieved from /home/airflow/.local/lib/python3.7/site-packages/airflow/example_dags/example_latest_only.py
[2025-01-27T08:37:28.712+0000] {logging_mixin.py:120} INFO - [2025-01-27T08:37:28.711+0000] {dag.py:2585} INFO - Sync 1 DAGs
[2025-01-27T08:37:28.768+0000] {logging_mixin.py:120} INFO - [2025-01-27T08:37:28.768+0000] {dag.py:3340} INFO - Setting next_dagrun for latest_only to 2025-01-27T04:37:28.768099+00:00, run_after=2025-01-27T08:37:28.768099+00:00
[2025-01-27T08:37:28.813+0000] {processor.py:176} INFO - Processing /home/airflow/.local/lib/python3.7/site-packages/airflow/example_dags/example_latest_only.py took 0.251 seconds
[2025-01-27T08:37:59.790+0000] {processor.py:154} INFO - Started process (PID=529) to work on /home/airflow/.local/lib/python3.7/site-packages/airflow/example_dags/example_latest_only.py
[2025-01-27T08:37:59.791+0000] {processor.py:756} INFO - Processing file /home/airflow/.local/lib/python3.7/site-packages/airflow/example_dags/example_latest_only.py for tasks to queue
[2025-01-27T08:37:59.792+0000] {logging_mixin.py:120} INFO - [2025-01-27T08:37:59.792+0000] {dagbag.py:537} INFO - Filling up the DagBag from /home/airflow/.local/lib/python3.7/site-packages/airflow/example_dags/example_latest_only.py
[2025-01-27T08:37:59.826+0000] {processor.py:766} INFO - DAG(s) dict_keys(['latest_only']) retrieved from /home/airflow/.local/lib/python3.7/site-packages/airflow/example_dags/example_latest_only.py
[2025-01-27T08:37:59.911+0000] {logging_mixin.py:120} INFO - [2025-01-27T08:37:59.910+0000] {dag.py:2585} INFO - Sync 1 DAGs
[2025-01-27T08:37:59.968+0000] {logging_mixin.py:120} INFO - [2025-01-27T08:37:59.967+0000] {dag.py:3340} INFO - Setting next_dagrun for latest_only to 2025-01-27T04:37:59.967467+00:00, run_after=2025-01-27T08:37:59.967467+00:00
[2025-01-27T08:38:00.018+0000] {processor.py:176} INFO - Processing /home/airflow/.local/lib/python3.7/site-packages/airflow/example_dags/example_latest_only.py took 0.233 seconds
[2025-01-27T08:38:30.505+0000] {processor.py:154} INFO - Started process (PID=583) to work on /home/airflow/.local/lib/python3.7/site-packages/airflow/example_dags/example_latest_only.py
[2025-01-27T08:38:30.507+0000] {processor.py:756} INFO - Processing file /home/airflow/.local/lib/python3.7/site-packages/airflow/example_dags/example_latest_only.py for tasks to queue
[2025-01-27T08:38:30.508+0000] {logging_mixin.py:120} INFO - [2025-01-27T08:38:30.508+0000] {dagbag.py:537} INFO - Filling up the DagBag from /home/airflow/.local/lib/python3.7/site-packages/airflow/example_dags/example_latest_only.py
[2025-01-27T08:38:30.533+0000] {processor.py:766} INFO - DAG(s) dict_keys(['latest_only']) retrieved from /home/airflow/.local/lib/python3.7/site-packages/airflow/example_dags/example_latest_only.py
[2025-01-27T08:38:30.610+0000] {logging_mixin.py:120} INFO - [2025-01-27T08:38:30.610+0000] {dag.py:2585} INFO - Sync 1 DAGs
[2025-01-27T08:38:30.658+0000] {logging_mixin.py:120} INFO - [2025-01-27T08:38:30.658+0000] {dag.py:3340} INFO - Setting next_dagrun for latest_only to 2025-01-27T04:38:30.657627+00:00, run_after=2025-01-27T08:38:30.657627+00:00
[2025-01-27T08:38:30.695+0000] {processor.py:176} INFO - Processing /home/airflow/.local/lib/python3.7/site-packages/airflow/example_dags/example_latest_only.py took 0.196 seconds
[2025-01-27T08:39:01.455+0000] {processor.py:154} INFO - Started process (PID=646) to work on /home/airflow/.local/lib/python3.7/site-packages/airflow/example_dags/example_latest_only.py
[2025-01-27T08:39:01.457+0000] {processor.py:756} INFO - Processing file /home/airflow/.local/lib/python3.7/site-packages/airflow/example_dags/example_latest_only.py for tasks to queue
[2025-01-27T08:39:01.459+0000] {logging_mixin.py:120} INFO - [2025-01-27T08:39:01.459+0000] {dagbag.py:537} INFO - Filling up the DagBag from /home/airflow/.local/lib/python3.7/site-packages/airflow/example_dags/example_latest_only.py
[2025-01-27T08:39:01.487+0000] {processor.py:766} INFO - DAG(s) dict_keys(['latest_only']) retrieved from /home/airflow/.local/lib/python3.7/site-packages/airflow/example_dags/example_latest_only.py
[2025-01-27T08:39:01.581+0000] {logging_mixin.py:120} INFO - [2025-01-27T08:39:01.580+0000] {dag.py:2585} INFO - Sync 1 DAGs
[2025-01-27T08:39:01.641+0000] {logging_mixin.py:120} INFO - [2025-01-27T08:39:01.641+0000] {dag.py:3340} INFO - Setting next_dagrun for latest_only to 2025-01-27T04:39:01.641199+00:00, run_after=2025-01-27T08:39:01.641199+00:00
[2025-01-27T08:39:01.687+0000] {processor.py:176} INFO - Processing /home/airflow/.local/lib/python3.7/site-packages/airflow/example_dags/example_latest_only.py took 0.238 seconds
[2025-01-27T08:39:32.018+0000] {processor.py:154} INFO - Started process (PID=699) to work on /home/airflow/.local/lib/python3.7/site-packages/airflow/example_dags/example_latest_only.py
[2025-01-27T08:39:32.019+0000] {processor.py:756} INFO - Processing file /home/airflow/.local/lib/python3.7/site-packages/airflow/example_dags/example_latest_only.py for tasks to queue
[2025-01-27T08:39:32.021+0000] {logging_mixin.py:120} INFO - [2025-01-27T08:39:32.021+0000] {dagbag.py:537} INFO - Filling up the DagBag from /home/airflow/.local/lib/python3.7/site-packages/airflow/example_dags/example_latest_only.py
[2025-01-27T08:39:32.052+0000] {processor.py:766} INFO - DAG(s) dict_keys(['latest_only']) retrieved from /home/airflow/.local/lib/python3.7/site-packages/airflow/example_dags/example_latest_only.py
[2025-01-27T08:39:32.144+0000] {logging_mixin.py:120} INFO - [2025-01-27T08:39:32.144+0000] {dag.py:2585} INFO - Sync 1 DAGs
[2025-01-27T08:39:32.196+0000] {logging_mixin.py:120} INFO - [2025-01-27T08:39:32.196+0000] {dag.py:3340} INFO - Setting next_dagrun for latest_only to 2025-01-27T04:39:32.195967+00:00, run_after=2025-01-27T08:39:32.195967+00:00
[2025-01-27T08:39:32.234+0000] {processor.py:176} INFO - Processing /home/airflow/.local/lib/python3.7/site-packages/airflow/example_dags/example_latest_only.py took 0.223 seconds
[2025-01-27T08:40:02.710+0000] {processor.py:154} INFO - Started process (PID=762) to work on /home/airflow/.local/lib/python3.7/site-packages/airflow/example_dags/example_latest_only.py
[2025-01-27T08:40:02.712+0000] {processor.py:756} INFO - Processing file /home/airflow/.local/lib/python3.7/site-packages/airflow/example_dags/example_latest_only.py for tasks to queue
[2025-01-27T08:40:02.713+0000] {logging_mixin.py:120} INFO - [2025-01-27T08:40:02.713+0000] {dagbag.py:537} INFO - Filling up the DagBag from /home/airflow/.local/lib/python3.7/site-packages/airflow/example_dags/example_latest_only.py
[2025-01-27T08:40:02.745+0000] {processor.py:766} INFO - DAG(s) dict_keys(['latest_only']) retrieved from /home/airflow/.local/lib/python3.7/site-packages/airflow/example_dags/example_latest_only.py
[2025-01-27T08:40:02.827+0000] {logging_mixin.py:120} INFO - [2025-01-27T08:40:02.827+0000] {dag.py:2585} INFO - Sync 1 DAGs
[2025-01-27T08:40:02.878+0000] {logging_mixin.py:120} INFO - [2025-01-27T08:40:02.877+0000] {dag.py:3340} INFO - Setting next_dagrun for latest_only to 2025-01-27T04:40:02.877278+00:00, run_after=2025-01-27T08:40:02.877278+00:00
[2025-01-27T08:40:02.915+0000] {processor.py:176} INFO - Processing /home/airflow/.local/lib/python3.7/site-packages/airflow/example_dags/example_latest_only.py took 0.212 seconds
[2025-01-27T08:40:33.133+0000] {processor.py:154} INFO - Started process (PID=815) to work on /home/airflow/.local/lib/python3.7/site-packages/airflow/example_dags/example_latest_only.py
[2025-01-27T08:40:33.134+0000] {processor.py:756} INFO - Processing file /home/airflow/.local/lib/python3.7/site-packages/airflow/example_dags/example_latest_only.py for tasks to queue
[2025-01-27T08:40:33.137+0000] {logging_mixin.py:120} INFO - [2025-01-27T08:40:33.136+0000] {dagbag.py:537} INFO - Filling up the DagBag from /home/airflow/.local/lib/python3.7/site-packages/airflow/example_dags/example_latest_only.py
[2025-01-27T08:40:33.165+0000] {processor.py:766} INFO - DAG(s) dict_keys(['latest_only']) retrieved from /home/airflow/.local/lib/python3.7/site-packages/airflow/example_dags/example_latest_only.py
[2025-01-27T08:40:33.243+0000] {logging_mixin.py:120} INFO - [2025-01-27T08:40:33.243+0000] {dag.py:2585} INFO - Sync 1 DAGs
[2025-01-27T08:40:33.292+0000] {logging_mixin.py:120} INFO - [2025-01-27T08:40:33.292+0000] {dag.py:3340} INFO - Setting next_dagrun for latest_only to 2025-01-27T04:40:33.292296+00:00, run_after=2025-01-27T08:40:33.292296+00:00
[2025-01-27T08:40:33.330+0000] {processor.py:176} INFO - Processing /home/airflow/.local/lib/python3.7/site-packages/airflow/example_dags/example_latest_only.py took 0.203 seconds
[2025-01-27T08:41:03.476+0000] {processor.py:154} INFO - Started process (PID=877) to work on /home/airflow/.local/lib/python3.7/site-packages/airflow/example_dags/example_latest_only.py
[2025-01-27T08:41:03.477+0000] {processor.py:756} INFO - Processing file /home/airflow/.local/lib/python3.7/site-packages/airflow/example_dags/example_latest_only.py for tasks to queue
[2025-01-27T08:41:03.479+0000] {logging_mixin.py:120} INFO - [2025-01-27T08:41:03.479+0000] {dagbag.py:537} INFO - Filling up the DagBag from /home/airflow/.local/lib/python3.7/site-packages/airflow/example_dags/example_latest_only.py
[2025-01-27T08:41:03.509+0000] {processor.py:766} INFO - DAG(s) dict_keys(['latest_only']) retrieved from /home/airflow/.local/lib/python3.7/site-packages/airflow/example_dags/example_latest_only.py
[2025-01-27T08:41:03.589+0000] {logging_mixin.py:120} INFO - [2025-01-27T08:41:03.589+0000] {dag.py:2585} INFO - Sync 1 DAGs
[2025-01-27T08:41:03.634+0000] {logging_mixin.py:120} INFO - [2025-01-27T08:41:03.634+0000] {dag.py:3340} INFO - Setting next_dagrun for latest_only to 2025-01-27T04:41:03.633759+00:00, run_after=2025-01-27T08:41:03.633759+00:00
[2025-01-27T08:41:03.676+0000] {processor.py:176} INFO - Processing /home/airflow/.local/lib/python3.7/site-packages/airflow/example_dags/example_latest_only.py took 0.208 seconds
[2025-01-27T08:41:33.774+0000] {processor.py:154} INFO - Started process (PID=930) to work on /home/airflow/.local/lib/python3.7/site-packages/airflow/example_dags/example_latest_only.py
[2025-01-27T08:41:33.775+0000] {processor.py:756} INFO - Processing file /home/airflow/.local/lib/python3.7/site-packages/airflow/example_dags/example_latest_only.py for tasks to queue
[2025-01-27T08:41:33.777+0000] {logging_mixin.py:120} INFO - [2025-01-27T08:41:33.777+0000] {dagbag.py:537} INFO - Filling up the DagBag from /home/airflow/.local/lib/python3.7/site-packages/airflow/example_dags/example_latest_only.py
[2025-01-27T08:41:33.799+0000] {processor.py:766} INFO - DAG(s) dict_keys(['latest_only']) retrieved from /home/airflow/.local/lib/python3.7/site-packages/airflow/example_dags/example_latest_only.py
[2025-01-27T08:41:33.881+0000] {logging_mixin.py:120} INFO - [2025-01-27T08:41:33.880+0000] {dag.py:2585} INFO - Sync 1 DAGs
[2025-01-27T08:41:33.927+0000] {logging_mixin.py:120} INFO - [2025-01-27T08:41:33.927+0000] {dag.py:3340} INFO - Setting next_dagrun for latest_only to 2025-01-27T04:41:33.926711+00:00, run_after=2025-01-27T08:41:33.926711+00:00
[2025-01-27T08:41:33.959+0000] {processor.py:176} INFO - Processing /home/airflow/.local/lib/python3.7/site-packages/airflow/example_dags/example_latest_only.py took 0.192 seconds
[2025-01-27T08:42:04.314+0000] {processor.py:154} INFO - Started process (PID=983) to work on /home/airflow/.local/lib/python3.7/site-packages/airflow/example_dags/example_latest_only.py
[2025-01-27T08:42:04.316+0000] {processor.py:756} INFO - Processing file /home/airflow/.local/lib/python3.7/site-packages/airflow/example_dags/example_latest_only.py for tasks to queue
[2025-01-27T08:42:04.318+0000] {logging_mixin.py:120} INFO - [2025-01-27T08:42:04.318+0000] {dagbag.py:537} INFO - Filling up the DagBag from /home/airflow/.local/lib/python3.7/site-packages/airflow/example_dags/example_latest_only.py
[2025-01-27T08:42:04.349+0000] {processor.py:766} INFO - DAG(s) dict_keys(['latest_only']) retrieved from /home/airflow/.local/lib/python3.7/site-packages/airflow/example_dags/example_latest_only.py
[2025-01-27T08:42:04.435+0000] {logging_mixin.py:120} INFO - [2025-01-27T08:42:04.434+0000] {dag.py:2585} INFO - Sync 1 DAGs
[2025-01-27T08:42:04.484+0000] {logging_mixin.py:120} INFO - [2025-01-27T08:42:04.484+0000] {dag.py:3340} INFO - Setting next_dagrun for latest_only to 2025-01-27T04:42:04.484213+00:00, run_after=2025-01-27T08:42:04.484213+00:00
[2025-01-27T08:42:04.526+0000] {processor.py:176} INFO - Processing /home/airflow/.local/lib/python3.7/site-packages/airflow/example_dags/example_latest_only.py took 0.218 seconds
[2025-01-27T08:42:34.600+0000] {processor.py:154} INFO - Started process (PID=1046) to work on /home/airflow/.local/lib/python3.7/site-packages/airflow/example_dags/example_latest_only.py
[2025-01-27T08:42:34.602+0000] {processor.py:756} INFO - Processing file /home/airflow/.local/lib/python3.7/site-packages/airflow/example_dags/example_latest_only.py for tasks to queue
[2025-01-27T08:42:34.604+0000] {logging_mixin.py:120} INFO - [2025-01-27T08:42:34.604+0000] {dagbag.py:537} INFO - Filling up the DagBag from /home/airflow/.local/lib/python3.7/site-packages/airflow/example_dags/example_latest_only.py
[2025-01-27T08:42:34.631+0000] {processor.py:766} INFO - DAG(s) dict_keys(['latest_only']) retrieved from /home/airflow/.local/lib/python3.7/site-packages/airflow/example_dags/example_latest_only.py
[2025-01-27T08:42:34.713+0000] {logging_mixin.py:120} INFO - [2025-01-27T08:42:34.713+0000] {dag.py:2585} INFO - Sync 1 DAGs
[2025-01-27T08:42:34.759+0000] {logging_mixin.py:120} INFO - [2025-01-27T08:42:34.759+0000] {dag.py:3340} INFO - Setting next_dagrun for latest_only to 2025-01-27T04:42:34.758496+00:00, run_after=2025-01-27T08:42:34.758496+00:00
[2025-01-27T08:42:34.797+0000] {processor.py:176} INFO - Processing /home/airflow/.local/lib/python3.7/site-packages/airflow/example_dags/example_latest_only.py took 0.205 seconds
[2025-01-27T08:43:04.851+0000] {processor.py:154} INFO - Started process (PID=1100) to work on /home/airflow/.local/lib/python3.7/site-packages/airflow/example_dags/example_latest_only.py
[2025-01-27T08:43:04.853+0000] {processor.py:756} INFO - Processing file /home/airflow/.local/lib/python3.7/site-packages/airflow/example_dags/example_latest_only.py for tasks to queue
[2025-01-27T08:43:04.854+0000] {logging_mixin.py:120} INFO - [2025-01-27T08:43:04.854+0000] {dagbag.py:537} INFO - Filling up the DagBag from /home/airflow/.local/lib/python3.7/site-packages/airflow/example_dags/example_latest_only.py
[2025-01-27T08:43:04.882+0000] {processor.py:766} INFO - DAG(s) dict_keys(['latest_only']) retrieved from /home/airflow/.local/lib/python3.7/site-packages/airflow/example_dags/example_latest_only.py
[2025-01-27T08:43:04.959+0000] {logging_mixin.py:120} INFO - [2025-01-27T08:43:04.959+0000] {dag.py:2585} INFO - Sync 1 DAGs
[2025-01-27T08:43:05.016+0000] {logging_mixin.py:120} INFO - [2025-01-27T08:43:05.016+0000] {dag.py:3340} INFO - Setting next_dagrun for latest_only to 2025-01-27T04:43:05.015933+00:00, run_after=2025-01-27T08:43:05.015933+00:00
[2025-01-27T08:43:05.054+0000] {processor.py:176} INFO - Processing /home/airflow/.local/lib/python3.7/site-packages/airflow/example_dags/example_latest_only.py took 0.208 seconds
[2025-01-27T08:43:35.384+0000] {processor.py:154} INFO - Started process (PID=1161) to work on /home/airflow/.local/lib/python3.7/site-packages/airflow/example_dags/example_latest_only.py
[2025-01-27T08:43:35.386+0000] {processor.py:756} INFO - Processing file /home/airflow/.local/lib/python3.7/site-packages/airflow/example_dags/example_latest_only.py for tasks to queue
[2025-01-27T08:43:35.387+0000] {logging_mixin.py:120} INFO - [2025-01-27T08:43:35.387+0000] {dagbag.py:537} INFO - Filling up the DagBag from /home/airflow/.local/lib/python3.7/site-packages/airflow/example_dags/example_latest_only.py
[2025-01-27T08:43:35.418+0000] {processor.py:766} INFO - DAG(s) dict_keys(['latest_only']) retrieved from /home/airflow/.local/lib/python3.7/site-packages/airflow/example_dags/example_latest_only.py
[2025-01-27T08:43:35.511+0000] {logging_mixin.py:120} INFO - [2025-01-27T08:43:35.511+0000] {dag.py:2585} INFO - Sync 1 DAGs
[2025-01-27T08:43:35.583+0000] {logging_mixin.py:120} INFO - [2025-01-27T08:43:35.582+0000] {dag.py:3340} INFO - Setting next_dagrun for latest_only to 2025-01-27T04:43:35.582261+00:00, run_after=2025-01-27T08:43:35.582261+00:00
[2025-01-27T08:43:35.652+0000] {processor.py:176} INFO - Processing /home/airflow/.local/lib/python3.7/site-packages/airflow/example_dags/example_latest_only.py took 0.274 seconds
[2025-01-27T08:44:05.948+0000] {processor.py:154} INFO - Started process (PID=1213) to work on /home/airflow/.local/lib/python3.7/site-packages/airflow/example_dags/example_latest_only.py
[2025-01-27T08:44:05.950+0000] {processor.py:756} INFO - Processing file /home/airflow/.local/lib/python3.7/site-packages/airflow/example_dags/example_latest_only.py for tasks to queue
[2025-01-27T08:44:05.951+0000] {logging_mixin.py:120} INFO - [2025-01-27T08:44:05.951+0000] {dagbag.py:537} INFO - Filling up the DagBag from /home/airflow/.local/lib/python3.7/site-packages/airflow/example_dags/example_latest_only.py
[2025-01-27T08:44:05.980+0000] {processor.py:766} INFO - DAG(s) dict_keys(['latest_only']) retrieved from /home/airflow/.local/lib/python3.7/site-packages/airflow/example_dags/example_latest_only.py
[2025-01-27T08:44:06.052+0000] {logging_mixin.py:120} INFO - [2025-01-27T08:44:06.052+0000] {dag.py:2585} INFO - Sync 1 DAGs
[2025-01-27T08:44:06.107+0000] {logging_mixin.py:120} INFO - [2025-01-27T08:44:06.107+0000] {dag.py:3340} INFO - Setting next_dagrun for latest_only to 2025-01-27T04:44:06.106964+00:00, run_after=2025-01-27T08:44:06.106964+00:00
[2025-01-27T08:44:06.139+0000] {processor.py:176} INFO - Processing /home/airflow/.local/lib/python3.7/site-packages/airflow/example_dags/example_latest_only.py took 0.196 seconds
[2025-01-27T08:44:36.352+0000] {processor.py:154} INFO - Started process (PID=1276) to work on /home/airflow/.local/lib/python3.7/site-packages/airflow/example_dags/example_latest_only.py
[2025-01-27T08:44:36.354+0000] {processor.py:756} INFO - Processing file /home/airflow/.local/lib/python3.7/site-packages/airflow/example_dags/example_latest_only.py for tasks to queue
[2025-01-27T08:44:36.356+0000] {logging_mixin.py:120} INFO - [2025-01-27T08:44:36.356+0000] {dagbag.py:537} INFO - Filling up the DagBag from /home/airflow/.local/lib/python3.7/site-packages/airflow/example_dags/example_latest_only.py
[2025-01-27T08:44:36.386+0000] {processor.py:766} INFO - DAG(s) dict_keys(['latest_only']) retrieved from /home/airflow/.local/lib/python3.7/site-packages/airflow/example_dags/example_latest_only.py
[2025-01-27T08:44:36.480+0000] {logging_mixin.py:120} INFO - [2025-01-27T08:44:36.480+0000] {dag.py:2585} INFO - Sync 1 DAGs
[2025-01-27T08:44:36.532+0000] {logging_mixin.py:120} INFO - [2025-01-27T08:44:36.531+0000] {dag.py:3340} INFO - Setting next_dagrun for latest_only to 2025-01-27T04:44:36.531382+00:00, run_after=2025-01-27T08:44:36.531382+00:00
[2025-01-27T08:44:36.580+0000] {processor.py:176} INFO - Processing /home/airflow/.local/lib/python3.7/site-packages/airflow/example_dags/example_latest_only.py took 0.234 seconds
[2025-01-27T08:45:06.664+0000] {processor.py:154} INFO - Started process (PID=1330) to work on /home/airflow/.local/lib/python3.7/site-packages/airflow/example_dags/example_latest_only.py
[2025-01-27T08:45:06.666+0000] {processor.py:756} INFO - Processing file /home/airflow/.local/lib/python3.7/site-packages/airflow/example_dags/example_latest_only.py for tasks to queue
[2025-01-27T08:45:06.667+0000] {logging_mixin.py:120} INFO - [2025-01-27T08:45:06.667+0000] {dagbag.py:537} INFO - Filling up the DagBag from /home/airflow/.local/lib/python3.7/site-packages/airflow/example_dags/example_latest_only.py
[2025-01-27T08:45:06.691+0000] {processor.py:766} INFO - DAG(s) dict_keys(['latest_only']) retrieved from /home/airflow/.local/lib/python3.7/site-packages/airflow/example_dags/example_latest_only.py
[2025-01-27T08:45:06.762+0000] {logging_mixin.py:120} INFO - [2025-01-27T08:45:06.761+0000] {dag.py:2585} INFO - Sync 1 DAGs
[2025-01-27T08:45:06.806+0000] {logging_mixin.py:120} INFO - [2025-01-27T08:45:06.806+0000] {dag.py:3340} INFO - Setting next_dagrun for latest_only to 2025-01-27T04:45:06.806278+00:00, run_after=2025-01-27T08:45:06.806278+00:00
[2025-01-27T08:45:06.839+0000] {processor.py:176} INFO - Processing /home/airflow/.local/lib/python3.7/site-packages/airflow/example_dags/example_latest_only.py took 0.181 seconds
[2025-01-27T08:45:37.023+0000] {processor.py:154} INFO - Started process (PID=1384) to work on /home/airflow/.local/lib/python3.7/site-packages/airflow/example_dags/example_latest_only.py
[2025-01-27T08:45:37.025+0000] {processor.py:756} INFO - Processing file /home/airflow/.local/lib/python3.7/site-packages/airflow/example_dags/example_latest_only.py for tasks to queue
[2025-01-27T08:45:37.026+0000] {logging_mixin.py:120} INFO - [2025-01-27T08:45:37.026+0000] {dagbag.py:537} INFO - Filling up the DagBag from /home/airflow/.local/lib/python3.7/site-packages/airflow/example_dags/example_latest_only.py
[2025-01-27T08:45:37.053+0000] {processor.py:766} INFO - DAG(s) dict_keys(['latest_only']) retrieved from /home/airflow/.local/lib/python3.7/site-packages/airflow/example_dags/example_latest_only.py
[2025-01-27T08:45:37.126+0000] {logging_mixin.py:120} INFO - [2025-01-27T08:45:37.126+0000] {dag.py:2585} INFO - Sync 1 DAGs
[2025-01-27T08:45:37.174+0000] {logging_mixin.py:120} INFO - [2025-01-27T08:45:37.174+0000] {dag.py:3340} INFO - Setting next_dagrun for latest_only to 2025-01-27T04:45:37.173839+00:00, run_after=2025-01-27T08:45:37.173839+00:00
[2025-01-27T08:45:37.213+0000] {processor.py:176} INFO - Processing /home/airflow/.local/lib/python3.7/site-packages/airflow/example_dags/example_latest_only.py took 0.195 seconds
[2025-01-27T08:46:07.390+0000] {processor.py:154} INFO - Started process (PID=1446) to work on /home/airflow/.local/lib/python3.7/site-packages/airflow/example_dags/example_latest_only.py
[2025-01-27T08:46:07.391+0000] {processor.py:756} INFO - Processing file /home/airflow/.local/lib/python3.7/site-packages/airflow/example_dags/example_latest_only.py for tasks to queue
[2025-01-27T08:46:07.392+0000] {logging_mixin.py:120} INFO - [2025-01-27T08:46:07.392+0000] {dagbag.py:537} INFO - Filling up the DagBag from /home/airflow/.local/lib/python3.7/site-packages/airflow/example_dags/example_latest_only.py
[2025-01-27T08:46:07.418+0000] {processor.py:766} INFO - DAG(s) dict_keys(['latest_only']) retrieved from /home/airflow/.local/lib/python3.7/site-packages/airflow/example_dags/example_latest_only.py
[2025-01-27T08:46:07.491+0000] {logging_mixin.py:120} INFO - [2025-01-27T08:46:07.490+0000] {dag.py:2585} INFO - Sync 1 DAGs
[2025-01-27T08:46:07.537+0000] {logging_mixin.py:120} INFO - [2025-01-27T08:46:07.536+0000] {dag.py:3340} INFO - Setting next_dagrun for latest_only to 2025-01-27T04:46:07.536497+00:00, run_after=2025-01-27T08:46:07.536497+00:00
[2025-01-27T08:46:07.567+0000] {processor.py:176} INFO - Processing /home/airflow/.local/lib/python3.7/site-packages/airflow/example_dags/example_latest_only.py took 0.183 seconds
[2025-01-27T08:46:37.656+0000] {processor.py:154} INFO - Started process (PID=1500) to work on /home/airflow/.local/lib/python3.7/site-packages/airflow/example_dags/example_latest_only.py
[2025-01-27T08:46:37.658+0000] {processor.py:756} INFO - Processing file /home/airflow/.local/lib/python3.7/site-packages/airflow/example_dags/example_latest_only.py for tasks to queue
[2025-01-27T08:46:37.659+0000] {logging_mixin.py:120} INFO - [2025-01-27T08:46:37.659+0000] {dagbag.py:537} INFO - Filling up the DagBag from /home/airflow/.local/lib/python3.7/site-packages/airflow/example_dags/example_latest_only.py
[2025-01-27T08:46:37.687+0000] {processor.py:766} INFO - DAG(s) dict_keys(['latest_only']) retrieved from /home/airflow/.local/lib/python3.7/site-packages/airflow/example_dags/example_latest_only.py
[2025-01-27T08:46:37.762+0000] {logging_mixin.py:120} INFO - [2025-01-27T08:46:37.762+0000] {dag.py:2585} INFO - Sync 1 DAGs
[2025-01-27T08:46:37.810+0000] {logging_mixin.py:120} INFO - [2025-01-27T08:46:37.809+0000] {dag.py:3340} INFO - Setting next_dagrun for latest_only to 2025-01-27T04:46:37.809545+00:00, run_after=2025-01-27T08:46:37.809545+00:00
[2025-01-27T08:46:37.847+0000] {processor.py:176} INFO - Processing /home/airflow/.local/lib/python3.7/site-packages/airflow/example_dags/example_latest_only.py took 0.197 seconds
[2025-01-27T08:47:08.162+0000] {processor.py:154} INFO - Started process (PID=1563) to work on /home/airflow/.local/lib/python3.7/site-packages/airflow/example_dags/example_latest_only.py
[2025-01-27T08:47:08.164+0000] {processor.py:756} INFO - Processing file /home/airflow/.local/lib/python3.7/site-packages/airflow/example_dags/example_latest_only.py for tasks to queue
[2025-01-27T08:47:08.166+0000] {logging_mixin.py:120} INFO - [2025-01-27T08:47:08.166+0000] {dagbag.py:537} INFO - Filling up the DagBag from /home/airflow/.local/lib/python3.7/site-packages/airflow/example_dags/example_latest_only.py
[2025-01-27T08:47:08.204+0000] {processor.py:766} INFO - DAG(s) dict_keys(['latest_only']) retrieved from /home/airflow/.local/lib/python3.7/site-packages/airflow/example_dags/example_latest_only.py
[2025-01-27T08:47:08.310+0000] {logging_mixin.py:120} INFO - [2025-01-27T08:47:08.310+0000] {dag.py:2585} INFO - Sync 1 DAGs
[2025-01-27T08:47:08.371+0000] {logging_mixin.py:120} INFO - [2025-01-27T08:47:08.370+0000] {dag.py:3340} INFO - Setting next_dagrun for latest_only to 2025-01-27T04:47:08.369731+00:00, run_after=2025-01-27T08:47:08.369731+00:00
[2025-01-27T08:47:08.414+0000] {processor.py:176} INFO - Processing /home/airflow/.local/lib/python3.7/site-packages/airflow/example_dags/example_latest_only.py took 0.258 seconds
[2025-01-27T08:47:38.964+0000] {processor.py:154} INFO - Started process (PID=1616) to work on /home/airflow/.local/lib/python3.7/site-packages/airflow/example_dags/example_latest_only.py
[2025-01-27T08:47:38.966+0000] {processor.py:756} INFO - Processing file /home/airflow/.local/lib/python3.7/site-packages/airflow/example_dags/example_latest_only.py for tasks to queue
[2025-01-27T08:47:38.967+0000] {logging_mixin.py:120} INFO - [2025-01-27T08:47:38.967+0000] {dagbag.py:537} INFO - Filling up the DagBag from /home/airflow/.local/lib/python3.7/site-packages/airflow/example_dags/example_latest_only.py
[2025-01-27T08:47:38.992+0000] {processor.py:766} INFO - DAG(s) dict_keys(['latest_only']) retrieved from /home/airflow/.local/lib/python3.7/site-packages/airflow/example_dags/example_latest_only.py
[2025-01-27T08:47:39.067+0000] {logging_mixin.py:120} INFO - [2025-01-27T08:47:39.067+0000] {dag.py:2585} INFO - Sync 1 DAGs
[2025-01-27T08:47:39.115+0000] {logging_mixin.py:120} INFO - [2025-01-27T08:47:39.115+0000] {dag.py:3340} INFO - Setting next_dagrun for latest_only to 2025-01-27T04:47:39.115047+00:00, run_after=2025-01-27T08:47:39.115047+00:00
[2025-01-27T08:47:39.151+0000] {processor.py:176} INFO - Processing /home/airflow/.local/lib/python3.7/site-packages/airflow/example_dags/example_latest_only.py took 0.193 seconds
[2025-01-27T08:48:09.649+0000] {processor.py:154} INFO - Started process (PID=1680) to work on /home/airflow/.local/lib/python3.7/site-packages/airflow/example_dags/example_latest_only.py
[2025-01-27T08:48:09.651+0000] {processor.py:756} INFO - Processing file /home/airflow/.local/lib/python3.7/site-packages/airflow/example_dags/example_latest_only.py for tasks to queue
[2025-01-27T08:48:09.652+0000] {logging_mixin.py:120} INFO - [2025-01-27T08:48:09.652+0000] {dagbag.py:537} INFO - Filling up the DagBag from /home/airflow/.local/lib/python3.7/site-packages/airflow/example_dags/example_latest_only.py
[2025-01-27T08:48:09.680+0000] {processor.py:766} INFO - DAG(s) dict_keys(['latest_only']) retrieved from /home/airflow/.local/lib/python3.7/site-packages/airflow/example_dags/example_latest_only.py
[2025-01-27T08:48:09.768+0000] {logging_mixin.py:120} INFO - [2025-01-27T08:48:09.768+0000] {dag.py:2585} INFO - Sync 1 DAGs
[2025-01-27T08:48:09.830+0000] {logging_mixin.py:120} INFO - [2025-01-27T08:48:09.829+0000] {dag.py:3340} INFO - Setting next_dagrun for latest_only to 2025-01-27T04:48:09.829583+00:00, run_after=2025-01-27T08:48:09.829583+00:00
[2025-01-27T08:48:09.868+0000] {processor.py:176} INFO - Processing /home/airflow/.local/lib/python3.7/site-packages/airflow/example_dags/example_latest_only.py took 0.225 seconds
[2025-01-27T08:48:40.066+0000] {processor.py:154} INFO - Started process (PID=1734) to work on /home/airflow/.local/lib/python3.7/site-packages/airflow/example_dags/example_latest_only.py
[2025-01-27T08:48:40.068+0000] {processor.py:756} INFO - Processing file /home/airflow/.local/lib/python3.7/site-packages/airflow/example_dags/example_latest_only.py for tasks to queue
[2025-01-27T08:48:40.069+0000] {logging_mixin.py:120} INFO - [2025-01-27T08:48:40.069+0000] {dagbag.py:537} INFO - Filling up the DagBag from /home/airflow/.local/lib/python3.7/site-packages/airflow/example_dags/example_latest_only.py
[2025-01-27T08:48:40.095+0000] {processor.py:766} INFO - DAG(s) dict_keys(['latest_only']) retrieved from /home/airflow/.local/lib/python3.7/site-packages/airflow/example_dags/example_latest_only.py
[2025-01-27T08:48:40.178+0000] {logging_mixin.py:120} INFO - [2025-01-27T08:48:40.177+0000] {dag.py:2585} INFO - Sync 1 DAGs
[2025-01-27T08:48:40.221+0000] {logging_mixin.py:120} INFO - [2025-01-27T08:48:40.220+0000] {dag.py:3340} INFO - Setting next_dagrun for latest_only to 2025-01-27T04:48:40.220355+00:00, run_after=2025-01-27T08:48:40.220355+00:00
[2025-01-27T08:48:40.260+0000] {processor.py:176} INFO - Processing /home/airflow/.local/lib/python3.7/site-packages/airflow/example_dags/example_latest_only.py took 0.201 seconds
[2025-01-27T08:49:10.681+0000] {processor.py:154} INFO - Started process (PID=1797) to work on /home/airflow/.local/lib/python3.7/site-packages/airflow/example_dags/example_latest_only.py
[2025-01-27T08:49:10.683+0000] {processor.py:756} INFO - Processing file /home/airflow/.local/lib/python3.7/site-packages/airflow/example_dags/example_latest_only.py for tasks to queue
[2025-01-27T08:49:10.684+0000] {logging_mixin.py:120} INFO - [2025-01-27T08:49:10.684+0000] {dagbag.py:537} INFO - Filling up the DagBag from /home/airflow/.local/lib/python3.7/site-packages/airflow/example_dags/example_latest_only.py
[2025-01-27T08:49:10.716+0000] {processor.py:766} INFO - DAG(s) dict_keys(['latest_only']) retrieved from /home/airflow/.local/lib/python3.7/site-packages/airflow/example_dags/example_latest_only.py
[2025-01-27T08:49:10.796+0000] {logging_mixin.py:120} INFO - [2025-01-27T08:49:10.795+0000] {dag.py:2585} INFO - Sync 1 DAGs
[2025-01-27T08:49:10.854+0000] {logging_mixin.py:120} INFO - [2025-01-27T08:49:10.853+0000] {dag.py:3340} INFO - Setting next_dagrun for latest_only to 2025-01-27T04:49:10.853424+00:00, run_after=2025-01-27T08:49:10.853424+00:00
[2025-01-27T08:49:10.897+0000] {processor.py:176} INFO - Processing /home/airflow/.local/lib/python3.7/site-packages/airflow/example_dags/example_latest_only.py took 0.224 seconds
[2025-01-27T08:49:40.971+0000] {processor.py:154} INFO - Started process (PID=1851) to work on /home/airflow/.local/lib/python3.7/site-packages/airflow/example_dags/example_latest_only.py
[2025-01-27T08:49:40.973+0000] {processor.py:756} INFO - Processing file /home/airflow/.local/lib/python3.7/site-packages/airflow/example_dags/example_latest_only.py for tasks to queue
[2025-01-27T08:49:40.974+0000] {logging_mixin.py:120} INFO - [2025-01-27T08:49:40.974+0000] {dagbag.py:537} INFO - Filling up the DagBag from /home/airflow/.local/lib/python3.7/site-packages/airflow/example_dags/example_latest_only.py
[2025-01-27T08:49:40.998+0000] {processor.py:766} INFO - DAG(s) dict_keys(['latest_only']) retrieved from /home/airflow/.local/lib/python3.7/site-packages/airflow/example_dags/example_latest_only.py
[2025-01-27T08:49:41.077+0000] {logging_mixin.py:120} INFO - [2025-01-27T08:49:41.076+0000] {dag.py:2585} INFO - Sync 1 DAGs
[2025-01-27T08:49:41.122+0000] {logging_mixin.py:120} INFO - [2025-01-27T08:49:41.122+0000] {dag.py:3340} INFO - Setting next_dagrun for latest_only to 2025-01-27T04:49:41.121758+00:00, run_after=2025-01-27T08:49:41.121758+00:00
[2025-01-27T08:49:41.160+0000] {processor.py:176} INFO - Processing /home/airflow/.local/lib/python3.7/site-packages/airflow/example_dags/example_latest_only.py took 0.195 seconds
[2025-01-27T08:50:11.575+0000] {processor.py:154} INFO - Started process (PID=1905) to work on /home/airflow/.local/lib/python3.7/site-packages/airflow/example_dags/example_latest_only.py
[2025-01-27T08:50:11.578+0000] {processor.py:756} INFO - Processing file /home/airflow/.local/lib/python3.7/site-packages/airflow/example_dags/example_latest_only.py for tasks to queue
[2025-01-27T08:50:11.580+0000] {logging_mixin.py:120} INFO - [2025-01-27T08:50:11.579+0000] {dagbag.py:537} INFO - Filling up the DagBag from /home/airflow/.local/lib/python3.7/site-packages/airflow/example_dags/example_latest_only.py
[2025-01-27T08:50:11.606+0000] {processor.py:766} INFO - DAG(s) dict_keys(['latest_only']) retrieved from /home/airflow/.local/lib/python3.7/site-packages/airflow/example_dags/example_latest_only.py
[2025-01-27T08:50:11.673+0000] {logging_mixin.py:120} INFO - [2025-01-27T08:50:11.672+0000] {dag.py:2585} INFO - Sync 1 DAGs
[2025-01-27T08:50:11.723+0000] {logging_mixin.py:120} INFO - [2025-01-27T08:50:11.723+0000] {dag.py:3340} INFO - Setting next_dagrun for latest_only to 2025-01-27T04:50:11.723181+00:00, run_after=2025-01-27T08:50:11.723181+00:00
[2025-01-27T08:50:11.765+0000] {processor.py:176} INFO - Processing /home/airflow/.local/lib/python3.7/site-packages/airflow/example_dags/example_latest_only.py took 0.198 seconds
[2025-01-27T08:50:42.174+0000] {processor.py:154} INFO - Started process (PID=1967) to work on /home/airflow/.local/lib/python3.7/site-packages/airflow/example_dags/example_latest_only.py
[2025-01-27T08:50:42.176+0000] {processor.py:756} INFO - Processing file /home/airflow/.local/lib/python3.7/site-packages/airflow/example_dags/example_latest_only.py for tasks to queue
[2025-01-27T08:50:42.178+0000] {logging_mixin.py:120} INFO - [2025-01-27T08:50:42.177+0000] {dagbag.py:537} INFO - Filling up the DagBag from /home/airflow/.local/lib/python3.7/site-packages/airflow/example_dags/example_latest_only.py
[2025-01-27T08:50:42.203+0000] {processor.py:766} INFO - DAG(s) dict_keys(['latest_only']) retrieved from /home/airflow/.local/lib/python3.7/site-packages/airflow/example_dags/example_latest_only.py
[2025-01-27T08:50:42.279+0000] {logging_mixin.py:120} INFO - [2025-01-27T08:50:42.279+0000] {dag.py:2585} INFO - Sync 1 DAGs
[2025-01-27T08:50:42.327+0000] {logging_mixin.py:120} INFO - [2025-01-27T08:50:42.327+0000] {dag.py:3340} INFO - Setting next_dagrun for latest_only to 2025-01-27T04:50:42.327108+00:00, run_after=2025-01-27T08:50:42.327108+00:00
[2025-01-27T08:50:42.361+0000] {processor.py:176} INFO - Processing /home/airflow/.local/lib/python3.7/site-packages/airflow/example_dags/example_latest_only.py took 0.194 seconds
[2025-01-27T08:51:12.685+0000] {processor.py:154} INFO - Started process (PID=2021) to work on /home/airflow/.local/lib/python3.7/site-packages/airflow/example_dags/example_latest_only.py
[2025-01-27T08:51:12.686+0000] {processor.py:756} INFO - Processing file /home/airflow/.local/lib/python3.7/site-packages/airflow/example_dags/example_latest_only.py for tasks to queue
[2025-01-27T08:51:12.688+0000] {logging_mixin.py:120} INFO - [2025-01-27T08:51:12.687+0000] {dagbag.py:537} INFO - Filling up the DagBag from /home/airflow/.local/lib/python3.7/site-packages/airflow/example_dags/example_latest_only.py
[2025-01-27T08:51:12.713+0000] {processor.py:766} INFO - DAG(s) dict_keys(['latest_only']) retrieved from /home/airflow/.local/lib/python3.7/site-packages/airflow/example_dags/example_latest_only.py
[2025-01-27T08:51:12.786+0000] {logging_mixin.py:120} INFO - [2025-01-27T08:51:12.786+0000] {dag.py:2585} INFO - Sync 1 DAGs
[2025-01-27T08:51:12.831+0000] {logging_mixin.py:120} INFO - [2025-01-27T08:51:12.831+0000] {dag.py:3340} INFO - Setting next_dagrun for latest_only to 2025-01-27T04:51:12.831362+00:00, run_after=2025-01-27T08:51:12.831362+00:00
[2025-01-27T08:51:12.865+0000] {processor.py:176} INFO - Processing /home/airflow/.local/lib/python3.7/site-packages/airflow/example_dags/example_latest_only.py took 0.186 seconds
[2025-01-27T08:51:43.567+0000] {processor.py:154} INFO - Started process (PID=2084) to work on /home/airflow/.local/lib/python3.7/site-packages/airflow/example_dags/example_latest_only.py
[2025-01-27T08:51:43.569+0000] {processor.py:756} INFO - Processing file /home/airflow/.local/lib/python3.7/site-packages/airflow/example_dags/example_latest_only.py for tasks to queue
[2025-01-27T08:51:43.570+0000] {logging_mixin.py:120} INFO - [2025-01-27T08:51:43.570+0000] {dagbag.py:537} INFO - Filling up the DagBag from /home/airflow/.local/lib/python3.7/site-packages/airflow/example_dags/example_latest_only.py
[2025-01-27T08:51:43.596+0000] {processor.py:766} INFO - DAG(s) dict_keys(['latest_only']) retrieved from /home/airflow/.local/lib/python3.7/site-packages/airflow/example_dags/example_latest_only.py
[2025-01-27T08:51:43.682+0000] {logging_mixin.py:120} INFO - [2025-01-27T08:51:43.682+0000] {dag.py:2585} INFO - Sync 1 DAGs
[2025-01-27T08:51:43.750+0000] {logging_mixin.py:120} INFO - [2025-01-27T08:51:43.750+0000] {dag.py:3340} INFO - Setting next_dagrun for latest_only to 2025-01-27T04:51:43.749802+00:00, run_after=2025-01-27T08:51:43.749802+00:00
[2025-01-27T08:51:43.789+0000] {processor.py:176} INFO - Processing /home/airflow/.local/lib/python3.7/site-packages/airflow/example_dags/example_latest_only.py took 0.227 seconds
[2025-01-27T08:52:14.356+0000] {processor.py:154} INFO - Started process (PID=2137) to work on /home/airflow/.local/lib/python3.7/site-packages/airflow/example_dags/example_latest_only.py
[2025-01-27T08:52:14.357+0000] {processor.py:756} INFO - Processing file /home/airflow/.local/lib/python3.7/site-packages/airflow/example_dags/example_latest_only.py for tasks to queue
[2025-01-27T08:52:14.359+0000] {logging_mixin.py:120} INFO - [2025-01-27T08:52:14.359+0000] {dagbag.py:537} INFO - Filling up the DagBag from /home/airflow/.local/lib/python3.7/site-packages/airflow/example_dags/example_latest_only.py
[2025-01-27T08:52:14.384+0000] {processor.py:766} INFO - DAG(s) dict_keys(['latest_only']) retrieved from /home/airflow/.local/lib/python3.7/site-packages/airflow/example_dags/example_latest_only.py
[2025-01-27T08:52:14.451+0000] {logging_mixin.py:120} INFO - [2025-01-27T08:52:14.451+0000] {dag.py:2585} INFO - Sync 1 DAGs
[2025-01-27T08:52:14.497+0000] {logging_mixin.py:120} INFO - [2025-01-27T08:52:14.497+0000] {dag.py:3340} INFO - Setting next_dagrun for latest_only to 2025-01-27T04:52:14.497154+00:00, run_after=2025-01-27T08:52:14.497154+00:00
[2025-01-27T08:52:14.537+0000] {processor.py:176} INFO - Processing /home/airflow/.local/lib/python3.7/site-packages/airflow/example_dags/example_latest_only.py took 0.186 seconds
[2025-01-27T08:52:44.727+0000] {processor.py:154} INFO - Started process (PID=2200) to work on /home/airflow/.local/lib/python3.7/site-packages/airflow/example_dags/example_latest_only.py
[2025-01-27T08:52:44.730+0000] {processor.py:756} INFO - Processing file /home/airflow/.local/lib/python3.7/site-packages/airflow/example_dags/example_latest_only.py for tasks to queue
[2025-01-27T08:52:44.731+0000] {logging_mixin.py:120} INFO - [2025-01-27T08:52:44.731+0000] {dagbag.py:537} INFO - Filling up the DagBag from /home/airflow/.local/lib/python3.7/site-packages/airflow/example_dags/example_latest_only.py
[2025-01-27T08:52:44.759+0000] {processor.py:766} INFO - DAG(s) dict_keys(['latest_only']) retrieved from /home/airflow/.local/lib/python3.7/site-packages/airflow/example_dags/example_latest_only.py
[2025-01-27T08:52:44.836+0000] {logging_mixin.py:120} INFO - [2025-01-27T08:52:44.835+0000] {dag.py:2585} INFO - Sync 1 DAGs
[2025-01-27T08:52:44.888+0000] {logging_mixin.py:120} INFO - [2025-01-27T08:52:44.888+0000] {dag.py:3340} INFO - Setting next_dagrun for latest_only to 2025-01-27T04:52:44.887586+00:00, run_after=2025-01-27T08:52:44.887586+00:00
[2025-01-27T08:52:44.926+0000] {processor.py:176} INFO - Processing /home/airflow/.local/lib/python3.7/site-packages/airflow/example_dags/example_latest_only.py took 0.205 seconds
[2025-01-27T08:53:15.231+0000] {processor.py:154} INFO - Started process (PID=2254) to work on /home/airflow/.local/lib/python3.7/site-packages/airflow/example_dags/example_latest_only.py
[2025-01-27T08:53:15.233+0000] {processor.py:756} INFO - Processing file /home/airflow/.local/lib/python3.7/site-packages/airflow/example_dags/example_latest_only.py for tasks to queue
[2025-01-27T08:53:15.234+0000] {logging_mixin.py:120} INFO - [2025-01-27T08:53:15.234+0000] {dagbag.py:537} INFO - Filling up the DagBag from /home/airflow/.local/lib/python3.7/site-packages/airflow/example_dags/example_latest_only.py
[2025-01-27T08:53:15.261+0000] {processor.py:766} INFO - DAG(s) dict_keys(['latest_only']) retrieved from /home/airflow/.local/lib/python3.7/site-packages/airflow/example_dags/example_latest_only.py
[2025-01-27T08:53:15.334+0000] {logging_mixin.py:120} INFO - [2025-01-27T08:53:15.333+0000] {dag.py:2585} INFO - Sync 1 DAGs
[2025-01-27T08:53:15.379+0000] {logging_mixin.py:120} INFO - [2025-01-27T08:53:15.379+0000] {dag.py:3340} INFO - Setting next_dagrun for latest_only to 2025-01-27T04:53:15.378576+00:00, run_after=2025-01-27T08:53:15.378576+00:00
[2025-01-27T08:53:15.415+0000] {processor.py:176} INFO - Processing /home/airflow/.local/lib/python3.7/site-packages/airflow/example_dags/example_latest_only.py took 0.189 seconds
[2025-01-27T08:53:45.646+0000] {processor.py:154} INFO - Started process (PID=2316) to work on /home/airflow/.local/lib/python3.7/site-packages/airflow/example_dags/example_latest_only.py
[2025-01-27T08:53:45.647+0000] {processor.py:756} INFO - Processing file /home/airflow/.local/lib/python3.7/site-packages/airflow/example_dags/example_latest_only.py for tasks to queue
[2025-01-27T08:53:45.649+0000] {logging_mixin.py:120} INFO - [2025-01-27T08:53:45.648+0000] {dagbag.py:537} INFO - Filling up the DagBag from /home/airflow/.local/lib/python3.7/site-packages/airflow/example_dags/example_latest_only.py
[2025-01-27T08:53:45.674+0000] {processor.py:766} INFO - DAG(s) dict_keys(['latest_only']) retrieved from /home/airflow/.local/lib/python3.7/site-packages/airflow/example_dags/example_latest_only.py
[2025-01-27T08:53:45.741+0000] {logging_mixin.py:120} INFO - [2025-01-27T08:53:45.740+0000] {dag.py:2585} INFO - Sync 1 DAGs
[2025-01-27T08:53:45.789+0000] {logging_mixin.py:120} INFO - [2025-01-27T08:53:45.789+0000] {dag.py:3340} INFO - Setting next_dagrun for latest_only to 2025-01-27T04:53:45.788726+00:00, run_after=2025-01-27T08:53:45.788726+00:00
[2025-01-27T08:53:45.827+0000] {processor.py:176} INFO - Processing /home/airflow/.local/lib/python3.7/site-packages/airflow/example_dags/example_latest_only.py took 0.189 seconds
[2025-01-27T08:54:15.921+0000] {processor.py:154} INFO - Started process (PID=2370) to work on /home/airflow/.local/lib/python3.7/site-packages/airflow/example_dags/example_latest_only.py
[2025-01-27T08:54:15.923+0000] {processor.py:756} INFO - Processing file /home/airflow/.local/lib/python3.7/site-packages/airflow/example_dags/example_latest_only.py for tasks to queue
[2025-01-27T08:54:15.924+0000] {logging_mixin.py:120} INFO - [2025-01-27T08:54:15.924+0000] {dagbag.py:537} INFO - Filling up the DagBag from /home/airflow/.local/lib/python3.7/site-packages/airflow/example_dags/example_latest_only.py
[2025-01-27T08:54:15.953+0000] {processor.py:766} INFO - DAG(s) dict_keys(['latest_only']) retrieved from /home/airflow/.local/lib/python3.7/site-packages/airflow/example_dags/example_latest_only.py
[2025-01-27T08:54:16.026+0000] {logging_mixin.py:120} INFO - [2025-01-27T08:54:16.026+0000] {dag.py:2585} INFO - Sync 1 DAGs
[2025-01-27T08:54:16.071+0000] {logging_mixin.py:120} INFO - [2025-01-27T08:54:16.070+0000] {dag.py:3340} INFO - Setting next_dagrun for latest_only to 2025-01-27T04:54:16.070074+00:00, run_after=2025-01-27T08:54:16.070074+00:00
[2025-01-27T08:54:16.109+0000] {processor.py:176} INFO - Processing /home/airflow/.local/lib/python3.7/site-packages/airflow/example_dags/example_latest_only.py took 0.194 seconds
[2025-01-27T08:54:46.610+0000] {processor.py:154} INFO - Started process (PID=2433) to work on /home/airflow/.local/lib/python3.7/site-packages/airflow/example_dags/example_latest_only.py
[2025-01-27T08:54:46.614+0000] {processor.py:756} INFO - Processing file /home/airflow/.local/lib/python3.7/site-packages/airflow/example_dags/example_latest_only.py for tasks to queue
[2025-01-27T08:54:46.615+0000] {logging_mixin.py:120} INFO - [2025-01-27T08:54:46.615+0000] {dagbag.py:537} INFO - Filling up the DagBag from /home/airflow/.local/lib/python3.7/site-packages/airflow/example_dags/example_latest_only.py
[2025-01-27T08:54:46.649+0000] {processor.py:766} INFO - DAG(s) dict_keys(['latest_only']) retrieved from /home/airflow/.local/lib/python3.7/site-packages/airflow/example_dags/example_latest_only.py
[2025-01-27T08:54:46.749+0000] {logging_mixin.py:120} INFO - [2025-01-27T08:54:46.749+0000] {dag.py:2585} INFO - Sync 1 DAGs
[2025-01-27T08:54:46.819+0000] {logging_mixin.py:120} INFO - [2025-01-27T08:54:46.819+0000] {dag.py:3340} INFO - Setting next_dagrun for latest_only to 2025-01-27T04:54:46.819147+00:00, run_after=2025-01-27T08:54:46.819147+00:00
[2025-01-27T08:54:46.861+0000] {processor.py:176} INFO - Processing /home/airflow/.local/lib/python3.7/site-packages/airflow/example_dags/example_latest_only.py took 0.260 seconds
[2025-01-27T08:55:17.289+0000] {processor.py:154} INFO - Started process (PID=2487) to work on /home/airflow/.local/lib/python3.7/site-packages/airflow/example_dags/example_latest_only.py
[2025-01-27T08:55:17.290+0000] {processor.py:756} INFO - Processing file /home/airflow/.local/lib/python3.7/site-packages/airflow/example_dags/example_latest_only.py for tasks to queue
[2025-01-27T08:55:17.292+0000] {logging_mixin.py:120} INFO - [2025-01-27T08:55:17.292+0000] {dagbag.py:537} INFO - Filling up the DagBag from /home/airflow/.local/lib/python3.7/site-packages/airflow/example_dags/example_latest_only.py
[2025-01-27T08:55:17.319+0000] {processor.py:766} INFO - DAG(s) dict_keys(['latest_only']) retrieved from /home/airflow/.local/lib/python3.7/site-packages/airflow/example_dags/example_latest_only.py
[2025-01-27T08:55:17.396+0000] {logging_mixin.py:120} INFO - [2025-01-27T08:55:17.395+0000] {dag.py:2585} INFO - Sync 1 DAGs
[2025-01-27T08:55:17.454+0000] {logging_mixin.py:120} INFO - [2025-01-27T08:55:17.454+0000] {dag.py:3340} INFO - Setting next_dagrun for latest_only to 2025-01-27T04:55:17.453461+00:00, run_after=2025-01-27T08:55:17.453461+00:00
[2025-01-27T08:55:17.494+0000] {processor.py:176} INFO - Processing /home/airflow/.local/lib/python3.7/site-packages/airflow/example_dags/example_latest_only.py took 0.210 seconds
[2025-01-27T08:55:47.894+0000] {processor.py:154} INFO - Started process (PID=2548) to work on /home/airflow/.local/lib/python3.7/site-packages/airflow/example_dags/example_latest_only.py
[2025-01-27T08:55:47.896+0000] {processor.py:756} INFO - Processing file /home/airflow/.local/lib/python3.7/site-packages/airflow/example_dags/example_latest_only.py for tasks to queue
[2025-01-27T08:55:47.898+0000] {logging_mixin.py:120} INFO - [2025-01-27T08:55:47.897+0000] {dagbag.py:537} INFO - Filling up the DagBag from /home/airflow/.local/lib/python3.7/site-packages/airflow/example_dags/example_latest_only.py
[2025-01-27T08:55:47.927+0000] {processor.py:766} INFO - DAG(s) dict_keys(['latest_only']) retrieved from /home/airflow/.local/lib/python3.7/site-packages/airflow/example_dags/example_latest_only.py
[2025-01-27T08:55:48.008+0000] {logging_mixin.py:120} INFO - [2025-01-27T08:55:48.007+0000] {dag.py:2585} INFO - Sync 1 DAGs
[2025-01-27T08:55:48.059+0000] {logging_mixin.py:120} INFO - [2025-01-27T08:55:48.059+0000] {dag.py:3340} INFO - Setting next_dagrun for latest_only to 2025-01-27T04:55:48.058744+00:00, run_after=2025-01-27T08:55:48.058744+00:00
[2025-01-27T08:55:48.099+0000] {processor.py:176} INFO - Processing /home/airflow/.local/lib/python3.7/site-packages/airflow/example_dags/example_latest_only.py took 0.213 seconds
[2025-01-27T08:56:18.648+0000] {processor.py:154} INFO - Started process (PID=2602) to work on /home/airflow/.local/lib/python3.7/site-packages/airflow/example_dags/example_latest_only.py
[2025-01-27T08:56:18.649+0000] {processor.py:756} INFO - Processing file /home/airflow/.local/lib/python3.7/site-packages/airflow/example_dags/example_latest_only.py for tasks to queue
[2025-01-27T08:56:18.651+0000] {logging_mixin.py:120} INFO - [2025-01-27T08:56:18.651+0000] {dagbag.py:537} INFO - Filling up the DagBag from /home/airflow/.local/lib/python3.7/site-packages/airflow/example_dags/example_latest_only.py
[2025-01-27T08:56:18.675+0000] {processor.py:766} INFO - DAG(s) dict_keys(['latest_only']) retrieved from /home/airflow/.local/lib/python3.7/site-packages/airflow/example_dags/example_latest_only.py
[2025-01-27T08:56:18.752+0000] {logging_mixin.py:120} INFO - [2025-01-27T08:56:18.751+0000] {dag.py:2585} INFO - Sync 1 DAGs
[2025-01-27T08:56:18.802+0000] {logging_mixin.py:120} INFO - [2025-01-27T08:56:18.801+0000] {dag.py:3340} INFO - Setting next_dagrun for latest_only to 2025-01-27T04:56:18.801433+00:00, run_after=2025-01-27T08:56:18.801433+00:00
[2025-01-27T08:56:18.840+0000] {processor.py:176} INFO - Processing /home/airflow/.local/lib/python3.7/site-packages/airflow/example_dags/example_latest_only.py took 0.200 seconds
[2025-01-27T08:56:49.540+0000] {processor.py:154} INFO - Started process (PID=2664) to work on /home/airflow/.local/lib/python3.7/site-packages/airflow/example_dags/example_latest_only.py
[2025-01-27T08:56:49.542+0000] {processor.py:756} INFO - Processing file /home/airflow/.local/lib/python3.7/site-packages/airflow/example_dags/example_latest_only.py for tasks to queue
[2025-01-27T08:56:49.544+0000] {logging_mixin.py:120} INFO - [2025-01-27T08:56:49.543+0000] {dagbag.py:537} INFO - Filling up the DagBag from /home/airflow/.local/lib/python3.7/site-packages/airflow/example_dags/example_latest_only.py
[2025-01-27T08:56:49.570+0000] {processor.py:766} INFO - DAG(s) dict_keys(['latest_only']) retrieved from /home/airflow/.local/lib/python3.7/site-packages/airflow/example_dags/example_latest_only.py
[2025-01-27T08:56:49.661+0000] {logging_mixin.py:120} INFO - [2025-01-27T08:56:49.660+0000] {dag.py:2585} INFO - Sync 1 DAGs
[2025-01-27T08:56:49.724+0000] {logging_mixin.py:120} INFO - [2025-01-27T08:56:49.724+0000] {dag.py:3340} INFO - Setting next_dagrun for latest_only to 2025-01-27T04:56:49.723877+00:00, run_after=2025-01-27T08:56:49.723877+00:00
[2025-01-27T08:56:49.775+0000] {processor.py:176} INFO - Processing /home/airflow/.local/lib/python3.7/site-packages/airflow/example_dags/example_latest_only.py took 0.243 seconds
[2025-01-27T08:57:20.026+0000] {processor.py:154} INFO - Started process (PID=2717) to work on /home/airflow/.local/lib/python3.7/site-packages/airflow/example_dags/example_latest_only.py
[2025-01-27T08:57:20.028+0000] {processor.py:756} INFO - Processing file /home/airflow/.local/lib/python3.7/site-packages/airflow/example_dags/example_latest_only.py for tasks to queue
[2025-01-27T08:57:20.029+0000] {logging_mixin.py:120} INFO - [2025-01-27T08:57:20.029+0000] {dagbag.py:537} INFO - Filling up the DagBag from /home/airflow/.local/lib/python3.7/site-packages/airflow/example_dags/example_latest_only.py
[2025-01-27T08:57:20.054+0000] {processor.py:766} INFO - DAG(s) dict_keys(['latest_only']) retrieved from /home/airflow/.local/lib/python3.7/site-packages/airflow/example_dags/example_latest_only.py
[2025-01-27T08:57:20.147+0000] {logging_mixin.py:120} INFO - [2025-01-27T08:57:20.147+0000] {dag.py:2585} INFO - Sync 1 DAGs
[2025-01-27T08:57:20.203+0000] {logging_mixin.py:120} INFO - [2025-01-27T08:57:20.202+0000] {dag.py:3340} INFO - Setting next_dagrun for latest_only to 2025-01-27T04:57:20.202395+00:00, run_after=2025-01-27T08:57:20.202395+00:00
[2025-01-27T08:57:20.244+0000] {processor.py:176} INFO - Processing /home/airflow/.local/lib/python3.7/site-packages/airflow/example_dags/example_latest_only.py took 0.223 seconds
[2025-01-27T08:57:50.769+0000] {processor.py:154} INFO - Started process (PID=2779) to work on /home/airflow/.local/lib/python3.7/site-packages/airflow/example_dags/example_latest_only.py
[2025-01-27T08:57:50.771+0000] {processor.py:756} INFO - Processing file /home/airflow/.local/lib/python3.7/site-packages/airflow/example_dags/example_latest_only.py for tasks to queue
[2025-01-27T08:57:50.773+0000] {logging_mixin.py:120} INFO - [2025-01-27T08:57:50.773+0000] {dagbag.py:537} INFO - Filling up the DagBag from /home/airflow/.local/lib/python3.7/site-packages/airflow/example_dags/example_latest_only.py
[2025-01-27T08:57:50.800+0000] {processor.py:766} INFO - DAG(s) dict_keys(['latest_only']) retrieved from /home/airflow/.local/lib/python3.7/site-packages/airflow/example_dags/example_latest_only.py
[2025-01-27T08:57:50.883+0000] {logging_mixin.py:120} INFO - [2025-01-27T08:57:50.883+0000] {dag.py:2585} INFO - Sync 1 DAGs
[2025-01-27T08:57:50.932+0000] {logging_mixin.py:120} INFO - [2025-01-27T08:57:50.932+0000] {dag.py:3340} INFO - Setting next_dagrun for latest_only to 2025-01-27T04:57:50.931297+00:00, run_after=2025-01-27T08:57:50.931297+00:00
[2025-01-27T08:57:50.973+0000] {processor.py:176} INFO - Processing /home/airflow/.local/lib/python3.7/site-packages/airflow/example_dags/example_latest_only.py took 0.210 seconds
[2025-01-27T08:58:21.185+0000] {processor.py:154} INFO - Started process (PID=2833) to work on /home/airflow/.local/lib/python3.7/site-packages/airflow/example_dags/example_latest_only.py
[2025-01-27T08:58:21.187+0000] {processor.py:756} INFO - Processing file /home/airflow/.local/lib/python3.7/site-packages/airflow/example_dags/example_latest_only.py for tasks to queue
[2025-01-27T08:58:21.188+0000] {logging_mixin.py:120} INFO - [2025-01-27T08:58:21.188+0000] {dagbag.py:537} INFO - Filling up the DagBag from /home/airflow/.local/lib/python3.7/site-packages/airflow/example_dags/example_latest_only.py
[2025-01-27T08:58:21.213+0000] {processor.py:766} INFO - DAG(s) dict_keys(['latest_only']) retrieved from /home/airflow/.local/lib/python3.7/site-packages/airflow/example_dags/example_latest_only.py
[2025-01-27T08:58:21.284+0000] {logging_mixin.py:120} INFO - [2025-01-27T08:58:21.284+0000] {dag.py:2585} INFO - Sync 1 DAGs
[2025-01-27T08:58:21.325+0000] {logging_mixin.py:120} INFO - [2025-01-27T08:58:21.325+0000] {dag.py:3340} INFO - Setting next_dagrun for latest_only to 2025-01-27T04:58:21.324922+00:00, run_after=2025-01-27T08:58:21.324922+00:00
[2025-01-27T08:58:21.361+0000] {processor.py:176} INFO - Processing /home/airflow/.local/lib/python3.7/site-packages/airflow/example_dags/example_latest_only.py took 0.181 seconds
[2025-01-27T08:58:51.723+0000] {processor.py:154} INFO - Started process (PID=2887) to work on /home/airflow/.local/lib/python3.7/site-packages/airflow/example_dags/example_latest_only.py
[2025-01-27T08:58:51.724+0000] {processor.py:756} INFO - Processing file /home/airflow/.local/lib/python3.7/site-packages/airflow/example_dags/example_latest_only.py for tasks to queue
[2025-01-27T08:58:51.725+0000] {logging_mixin.py:120} INFO - [2025-01-27T08:58:51.725+0000] {dagbag.py:537} INFO - Filling up the DagBag from /home/airflow/.local/lib/python3.7/site-packages/airflow/example_dags/example_latest_only.py
[2025-01-27T08:58:51.753+0000] {processor.py:766} INFO - DAG(s) dict_keys(['latest_only']) retrieved from /home/airflow/.local/lib/python3.7/site-packages/airflow/example_dags/example_latest_only.py
[2025-01-27T08:58:51.836+0000] {logging_mixin.py:120} INFO - [2025-01-27T08:58:51.835+0000] {dag.py:2585} INFO - Sync 1 DAGs
[2025-01-27T08:58:51.889+0000] {logging_mixin.py:120} INFO - [2025-01-27T08:58:51.889+0000] {dag.py:3340} INFO - Setting next_dagrun for latest_only to 2025-01-27T04:58:51.888854+00:00, run_after=2025-01-27T08:58:51.888854+00:00
[2025-01-27T08:58:51.928+0000] {processor.py:176} INFO - Processing /home/airflow/.local/lib/python3.7/site-packages/airflow/example_dags/example_latest_only.py took 0.211 seconds
[2025-01-27T08:59:22.275+0000] {processor.py:154} INFO - Started process (PID=2949) to work on /home/airflow/.local/lib/python3.7/site-packages/airflow/example_dags/example_latest_only.py
[2025-01-27T08:59:22.276+0000] {processor.py:756} INFO - Processing file /home/airflow/.local/lib/python3.7/site-packages/airflow/example_dags/example_latest_only.py for tasks to queue
[2025-01-27T08:59:22.278+0000] {logging_mixin.py:120} INFO - [2025-01-27T08:59:22.278+0000] {dagbag.py:537} INFO - Filling up the DagBag from /home/airflow/.local/lib/python3.7/site-packages/airflow/example_dags/example_latest_only.py
[2025-01-27T08:59:22.303+0000] {processor.py:766} INFO - DAG(s) dict_keys(['latest_only']) retrieved from /home/airflow/.local/lib/python3.7/site-packages/airflow/example_dags/example_latest_only.py
[2025-01-27T08:59:22.376+0000] {logging_mixin.py:120} INFO - [2025-01-27T08:59:22.375+0000] {dag.py:2585} INFO - Sync 1 DAGs
[2025-01-27T08:59:22.426+0000] {logging_mixin.py:120} INFO - [2025-01-27T08:59:22.426+0000] {dag.py:3340} INFO - Setting next_dagrun for latest_only to 2025-01-27T04:59:22.426237+00:00, run_after=2025-01-27T08:59:22.426237+00:00
[2025-01-27T08:59:22.461+0000] {processor.py:176} INFO - Processing /home/airflow/.local/lib/python3.7/site-packages/airflow/example_dags/example_latest_only.py took 0.192 seconds
[2025-01-27T08:59:52.614+0000] {processor.py:154} INFO - Started process (PID=3003) to work on /home/airflow/.local/lib/python3.7/site-packages/airflow/example_dags/example_latest_only.py
[2025-01-27T08:59:52.617+0000] {processor.py:756} INFO - Processing file /home/airflow/.local/lib/python3.7/site-packages/airflow/example_dags/example_latest_only.py for tasks to queue
[2025-01-27T08:59:52.619+0000] {logging_mixin.py:120} INFO - [2025-01-27T08:59:52.619+0000] {dagbag.py:537} INFO - Filling up the DagBag from /home/airflow/.local/lib/python3.7/site-packages/airflow/example_dags/example_latest_only.py
[2025-01-27T08:59:52.649+0000] {processor.py:766} INFO - DAG(s) dict_keys(['latest_only']) retrieved from /home/airflow/.local/lib/python3.7/site-packages/airflow/example_dags/example_latest_only.py
[2025-01-27T08:59:52.722+0000] {logging_mixin.py:120} INFO - [2025-01-27T08:59:52.721+0000] {dag.py:2585} INFO - Sync 1 DAGs
[2025-01-27T08:59:52.767+0000] {logging_mixin.py:120} INFO - [2025-01-27T08:59:52.767+0000] {dag.py:3340} INFO - Setting next_dagrun for latest_only to 2025-01-27T04:59:52.767053+00:00, run_after=2025-01-27T08:59:52.767053+00:00
[2025-01-27T08:59:52.809+0000] {processor.py:176} INFO - Processing /home/airflow/.local/lib/python3.7/site-packages/airflow/example_dags/example_latest_only.py took 0.203 seconds
[2025-01-27T09:00:23.569+0000] {processor.py:154} INFO - Started process (PID=3066) to work on /home/airflow/.local/lib/python3.7/site-packages/airflow/example_dags/example_latest_only.py
[2025-01-27T09:00:23.571+0000] {processor.py:756} INFO - Processing file /home/airflow/.local/lib/python3.7/site-packages/airflow/example_dags/example_latest_only.py for tasks to queue
[2025-01-27T09:00:23.572+0000] {logging_mixin.py:120} INFO - [2025-01-27T09:00:23.572+0000] {dagbag.py:537} INFO - Filling up the DagBag from /home/airflow/.local/lib/python3.7/site-packages/airflow/example_dags/example_latest_only.py
[2025-01-27T09:00:23.599+0000] {processor.py:766} INFO - DAG(s) dict_keys(['latest_only']) retrieved from /home/airflow/.local/lib/python3.7/site-packages/airflow/example_dags/example_latest_only.py
[2025-01-27T09:00:23.687+0000] {logging_mixin.py:120} INFO - [2025-01-27T09:00:23.686+0000] {dag.py:2585} INFO - Sync 1 DAGs
[2025-01-27T09:00:23.731+0000] {logging_mixin.py:120} INFO - [2025-01-27T09:00:23.731+0000] {dag.py:3340} INFO - Setting next_dagrun for latest_only to 2025-01-27T05:00:23.731070+00:00, run_after=2025-01-27T09:00:23.731070+00:00
[2025-01-27T09:00:23.765+0000] {processor.py:176} INFO - Processing /home/airflow/.local/lib/python3.7/site-packages/airflow/example_dags/example_latest_only.py took 0.201 seconds
[2025-01-27T09:00:54.152+0000] {processor.py:154} INFO - Started process (PID=3119) to work on /home/airflow/.local/lib/python3.7/site-packages/airflow/example_dags/example_latest_only.py
[2025-01-27T09:00:54.154+0000] {processor.py:756} INFO - Processing file /home/airflow/.local/lib/python3.7/site-packages/airflow/example_dags/example_latest_only.py for tasks to queue
[2025-01-27T09:00:54.155+0000] {logging_mixin.py:120} INFO - [2025-01-27T09:00:54.155+0000] {dagbag.py:537} INFO - Filling up the DagBag from /home/airflow/.local/lib/python3.7/site-packages/airflow/example_dags/example_latest_only.py
[2025-01-27T09:00:54.182+0000] {processor.py:766} INFO - DAG(s) dict_keys(['latest_only']) retrieved from /home/airflow/.local/lib/python3.7/site-packages/airflow/example_dags/example_latest_only.py
[2025-01-27T09:00:54.260+0000] {logging_mixin.py:120} INFO - [2025-01-27T09:00:54.259+0000] {dag.py:2585} INFO - Sync 1 DAGs
[2025-01-27T09:00:54.316+0000] {logging_mixin.py:120} INFO - [2025-01-27T09:00:54.316+0000] {dag.py:3340} INFO - Setting next_dagrun for latest_only to 2025-01-27T05:00:54.316297+00:00, run_after=2025-01-27T09:00:54.316297+00:00
[2025-01-27T09:00:54.353+0000] {processor.py:176} INFO - Processing /home/airflow/.local/lib/python3.7/site-packages/airflow/example_dags/example_latest_only.py took 0.206 seconds
[2025-01-27T09:01:24.615+0000] {processor.py:154} INFO - Started process (PID=3182) to work on /home/airflow/.local/lib/python3.7/site-packages/airflow/example_dags/example_latest_only.py
[2025-01-27T09:01:24.617+0000] {processor.py:756} INFO - Processing file /home/airflow/.local/lib/python3.7/site-packages/airflow/example_dags/example_latest_only.py for tasks to queue
[2025-01-27T09:01:24.618+0000] {logging_mixin.py:120} INFO - [2025-01-27T09:01:24.618+0000] {dagbag.py:537} INFO - Filling up the DagBag from /home/airflow/.local/lib/python3.7/site-packages/airflow/example_dags/example_latest_only.py
[2025-01-27T09:01:24.645+0000] {processor.py:766} INFO - DAG(s) dict_keys(['latest_only']) retrieved from /home/airflow/.local/lib/python3.7/site-packages/airflow/example_dags/example_latest_only.py
[2025-01-27T09:01:24.732+0000] {logging_mixin.py:120} INFO - [2025-01-27T09:01:24.732+0000] {dag.py:2585} INFO - Sync 1 DAGs
[2025-01-27T09:01:24.786+0000] {logging_mixin.py:120} INFO - [2025-01-27T09:01:24.786+0000] {dag.py:3340} INFO - Setting next_dagrun for latest_only to 2025-01-27T05:01:24.786034+00:00, run_after=2025-01-27T09:01:24.786034+00:00
[2025-01-27T09:01:24.822+0000] {processor.py:176} INFO - Processing /home/airflow/.local/lib/python3.7/site-packages/airflow/example_dags/example_latest_only.py took 0.213 seconds
[2025-01-27T09:01:54.938+0000] {processor.py:154} INFO - Started process (PID=3236) to work on /home/airflow/.local/lib/python3.7/site-packages/airflow/example_dags/example_latest_only.py
[2025-01-27T09:01:54.941+0000] {processor.py:756} INFO - Processing file /home/airflow/.local/lib/python3.7/site-packages/airflow/example_dags/example_latest_only.py for tasks to queue
[2025-01-27T09:01:54.942+0000] {logging_mixin.py:120} INFO - [2025-01-27T09:01:54.942+0000] {dagbag.py:537} INFO - Filling up the DagBag from /home/airflow/.local/lib/python3.7/site-packages/airflow/example_dags/example_latest_only.py
[2025-01-27T09:01:54.967+0000] {processor.py:766} INFO - DAG(s) dict_keys(['latest_only']) retrieved from /home/airflow/.local/lib/python3.7/site-packages/airflow/example_dags/example_latest_only.py
[2025-01-27T09:01:55.040+0000] {logging_mixin.py:120} INFO - [2025-01-27T09:01:55.039+0000] {dag.py:2585} INFO - Sync 1 DAGs
[2025-01-27T09:01:55.092+0000] {logging_mixin.py:120} INFO - [2025-01-27T09:01:55.092+0000] {dag.py:3340} INFO - Setting next_dagrun for latest_only to 2025-01-27T05:01:55.091993+00:00, run_after=2025-01-27T09:01:55.091993+00:00
[2025-01-27T09:01:55.137+0000] {processor.py:176} INFO - Processing /home/airflow/.local/lib/python3.7/site-packages/airflow/example_dags/example_latest_only.py took 0.206 seconds
[2025-01-27T09:02:25.458+0000] {processor.py:154} INFO - Started process (PID=3296) to work on /home/airflow/.local/lib/python3.7/site-packages/airflow/example_dags/example_latest_only.py
[2025-01-27T09:02:25.460+0000] {processor.py:756} INFO - Processing file /home/airflow/.local/lib/python3.7/site-packages/airflow/example_dags/example_latest_only.py for tasks to queue
[2025-01-27T09:02:25.461+0000] {logging_mixin.py:120} INFO - [2025-01-27T09:02:25.461+0000] {dagbag.py:537} INFO - Filling up the DagBag from /home/airflow/.local/lib/python3.7/site-packages/airflow/example_dags/example_latest_only.py
[2025-01-27T09:02:25.493+0000] {processor.py:766} INFO - DAG(s) dict_keys(['latest_only']) retrieved from /home/airflow/.local/lib/python3.7/site-packages/airflow/example_dags/example_latest_only.py
[2025-01-27T09:02:25.584+0000] {logging_mixin.py:120} INFO - [2025-01-27T09:02:25.583+0000] {dag.py:2585} INFO - Sync 1 DAGs
[2025-01-27T09:02:25.635+0000] {logging_mixin.py:120} INFO - [2025-01-27T09:02:25.635+0000] {dag.py:3340} INFO - Setting next_dagrun for latest_only to 2025-01-27T05:02:25.635089+00:00, run_after=2025-01-27T09:02:25.635089+00:00
[2025-01-27T09:02:25.685+0000] {processor.py:176} INFO - Processing /home/airflow/.local/lib/python3.7/site-packages/airflow/example_dags/example_latest_only.py took 0.235 seconds
[2025-01-27T09:02:55.771+0000] {processor.py:154} INFO - Started process (PID=3353) to work on /home/airflow/.local/lib/python3.7/site-packages/airflow/example_dags/example_latest_only.py
[2025-01-27T09:02:55.773+0000] {processor.py:756} INFO - Processing file /home/airflow/.local/lib/python3.7/site-packages/airflow/example_dags/example_latest_only.py for tasks to queue
[2025-01-27T09:02:55.775+0000] {logging_mixin.py:120} INFO - [2025-01-27T09:02:55.774+0000] {dagbag.py:537} INFO - Filling up the DagBag from /home/airflow/.local/lib/python3.7/site-packages/airflow/example_dags/example_latest_only.py
[2025-01-27T09:02:55.799+0000] {processor.py:766} INFO - DAG(s) dict_keys(['latest_only']) retrieved from /home/airflow/.local/lib/python3.7/site-packages/airflow/example_dags/example_latest_only.py
[2025-01-27T09:02:55.870+0000] {logging_mixin.py:120} INFO - [2025-01-27T09:02:55.869+0000] {dag.py:2585} INFO - Sync 1 DAGs
[2025-01-27T09:02:55.926+0000] {logging_mixin.py:120} INFO - [2025-01-27T09:02:55.925+0000] {dag.py:3340} INFO - Setting next_dagrun for latest_only to 2025-01-27T05:02:55.925582+00:00, run_after=2025-01-27T09:02:55.925582+00:00
[2025-01-27T09:02:55.960+0000] {processor.py:176} INFO - Processing /home/airflow/.local/lib/python3.7/site-packages/airflow/example_dags/example_latest_only.py took 0.194 seconds
[2025-01-27T09:03:26.439+0000] {processor.py:154} INFO - Started process (PID=3405) to work on /home/airflow/.local/lib/python3.7/site-packages/airflow/example_dags/example_latest_only.py
[2025-01-27T09:03:26.440+0000] {processor.py:756} INFO - Processing file /home/airflow/.local/lib/python3.7/site-packages/airflow/example_dags/example_latest_only.py for tasks to queue
[2025-01-27T09:03:26.441+0000] {logging_mixin.py:120} INFO - [2025-01-27T09:03:26.441+0000] {dagbag.py:537} INFO - Filling up the DagBag from /home/airflow/.local/lib/python3.7/site-packages/airflow/example_dags/example_latest_only.py
[2025-01-27T09:03:26.463+0000] {processor.py:766} INFO - DAG(s) dict_keys(['latest_only']) retrieved from /home/airflow/.local/lib/python3.7/site-packages/airflow/example_dags/example_latest_only.py
[2025-01-27T09:03:26.533+0000] {logging_mixin.py:120} INFO - [2025-01-27T09:03:26.533+0000] {dag.py:2585} INFO - Sync 1 DAGs
[2025-01-27T09:03:26.581+0000] {logging_mixin.py:120} INFO - [2025-01-27T09:03:26.580+0000] {dag.py:3340} INFO - Setting next_dagrun for latest_only to 2025-01-27T05:03:26.580414+00:00, run_after=2025-01-27T09:03:26.580414+00:00
[2025-01-27T09:03:26.613+0000] {processor.py:176} INFO - Processing /home/airflow/.local/lib/python3.7/site-packages/airflow/example_dags/example_latest_only.py took 0.180 seconds
[2025-01-27T09:03:56.731+0000] {processor.py:154} INFO - Started process (PID=3468) to work on /home/airflow/.local/lib/python3.7/site-packages/airflow/example_dags/example_latest_only.py
[2025-01-27T09:03:56.732+0000] {processor.py:756} INFO - Processing file /home/airflow/.local/lib/python3.7/site-packages/airflow/example_dags/example_latest_only.py for tasks to queue
[2025-01-27T09:03:56.733+0000] {logging_mixin.py:120} INFO - [2025-01-27T09:03:56.733+0000] {dagbag.py:537} INFO - Filling up the DagBag from /home/airflow/.local/lib/python3.7/site-packages/airflow/example_dags/example_latest_only.py
[2025-01-27T09:03:56.761+0000] {processor.py:766} INFO - DAG(s) dict_keys(['latest_only']) retrieved from /home/airflow/.local/lib/python3.7/site-packages/airflow/example_dags/example_latest_only.py
[2025-01-27T09:03:56.829+0000] {logging_mixin.py:120} INFO - [2025-01-27T09:03:56.829+0000] {dag.py:2585} INFO - Sync 1 DAGs
[2025-01-27T09:03:56.874+0000] {logging_mixin.py:120} INFO - [2025-01-27T09:03:56.874+0000] {dag.py:3340} INFO - Setting next_dagrun for latest_only to 2025-01-27T05:03:56.873998+00:00, run_after=2025-01-27T09:03:56.873998+00:00
[2025-01-27T09:03:56.919+0000] {processor.py:176} INFO - Processing /home/airflow/.local/lib/python3.7/site-packages/airflow/example_dags/example_latest_only.py took 0.194 seconds
[2025-01-27T09:04:27.605+0000] {processor.py:154} INFO - Started process (PID=3522) to work on /home/airflow/.local/lib/python3.7/site-packages/airflow/example_dags/example_latest_only.py
[2025-01-27T09:04:27.607+0000] {processor.py:756} INFO - Processing file /home/airflow/.local/lib/python3.7/site-packages/airflow/example_dags/example_latest_only.py for tasks to queue
[2025-01-27T09:04:27.608+0000] {logging_mixin.py:120} INFO - [2025-01-27T09:04:27.608+0000] {dagbag.py:537} INFO - Filling up the DagBag from /home/airflow/.local/lib/python3.7/site-packages/airflow/example_dags/example_latest_only.py
[2025-01-27T09:04:27.634+0000] {processor.py:766} INFO - DAG(s) dict_keys(['latest_only']) retrieved from /home/airflow/.local/lib/python3.7/site-packages/airflow/example_dags/example_latest_only.py
[2025-01-27T09:04:27.704+0000] {logging_mixin.py:120} INFO - [2025-01-27T09:04:27.704+0000] {dag.py:2585} INFO - Sync 1 DAGs
[2025-01-27T09:04:27.757+0000] {logging_mixin.py:120} INFO - [2025-01-27T09:04:27.757+0000] {dag.py:3340} INFO - Setting next_dagrun for latest_only to 2025-01-27T05:04:27.756817+00:00, run_after=2025-01-27T09:04:27.756817+00:00
[2025-01-27T09:04:27.796+0000] {processor.py:176} INFO - Processing /home/airflow/.local/lib/python3.7/site-packages/airflow/example_dags/example_latest_only.py took 0.196 seconds
[2025-01-27T09:04:58.297+0000] {processor.py:154} INFO - Started process (PID=3583) to work on /home/airflow/.local/lib/python3.7/site-packages/airflow/example_dags/example_latest_only.py
[2025-01-27T09:04:58.299+0000] {processor.py:756} INFO - Processing file /home/airflow/.local/lib/python3.7/site-packages/airflow/example_dags/example_latest_only.py for tasks to queue
[2025-01-27T09:04:58.300+0000] {logging_mixin.py:120} INFO - [2025-01-27T09:04:58.300+0000] {dagbag.py:537} INFO - Filling up the DagBag from /home/airflow/.local/lib/python3.7/site-packages/airflow/example_dags/example_latest_only.py
[2025-01-27T09:04:58.330+0000] {processor.py:766} INFO - DAG(s) dict_keys(['latest_only']) retrieved from /home/airflow/.local/lib/python3.7/site-packages/airflow/example_dags/example_latest_only.py
[2025-01-27T09:04:58.423+0000] {logging_mixin.py:120} INFO - [2025-01-27T09:04:58.423+0000] {dag.py:2585} INFO - Sync 1 DAGs
[2025-01-27T09:04:58.482+0000] {logging_mixin.py:120} INFO - [2025-01-27T09:04:58.482+0000] {dag.py:3340} INFO - Setting next_dagrun for latest_only to 2025-01-27T05:04:58.481229+00:00, run_after=2025-01-27T09:04:58.481229+00:00
[2025-01-27T09:04:58.528+0000] {processor.py:176} INFO - Processing /home/airflow/.local/lib/python3.7/site-packages/airflow/example_dags/example_latest_only.py took 0.237 seconds
[2025-01-27T09:05:28.854+0000] {processor.py:154} INFO - Started process (PID=3638) to work on /home/airflow/.local/lib/python3.7/site-packages/airflow/example_dags/example_latest_only.py
[2025-01-27T09:05:28.855+0000] {processor.py:756} INFO - Processing file /home/airflow/.local/lib/python3.7/site-packages/airflow/example_dags/example_latest_only.py for tasks to queue
[2025-01-27T09:05:28.857+0000] {logging_mixin.py:120} INFO - [2025-01-27T09:05:28.857+0000] {dagbag.py:537} INFO - Filling up the DagBag from /home/airflow/.local/lib/python3.7/site-packages/airflow/example_dags/example_latest_only.py
[2025-01-27T09:05:28.886+0000] {processor.py:766} INFO - DAG(s) dict_keys(['latest_only']) retrieved from /home/airflow/.local/lib/python3.7/site-packages/airflow/example_dags/example_latest_only.py
[2025-01-27T09:05:28.982+0000] {logging_mixin.py:120} INFO - [2025-01-27T09:05:28.982+0000] {dag.py:2585} INFO - Sync 1 DAGs
[2025-01-27T09:05:29.028+0000] {logging_mixin.py:120} INFO - [2025-01-27T09:05:29.028+0000] {dag.py:3340} INFO - Setting next_dagrun for latest_only to 2025-01-27T05:05:29.027662+00:00, run_after=2025-01-27T09:05:29.027662+00:00
[2025-01-27T09:05:29.065+0000] {processor.py:176} INFO - Processing /home/airflow/.local/lib/python3.7/site-packages/airflow/example_dags/example_latest_only.py took 0.217 seconds
[2025-01-27T09:05:59.179+0000] {processor.py:154} INFO - Started process (PID=3690) to work on /home/airflow/.local/lib/python3.7/site-packages/airflow/example_dags/example_latest_only.py
[2025-01-27T09:05:59.183+0000] {processor.py:756} INFO - Processing file /home/airflow/.local/lib/python3.7/site-packages/airflow/example_dags/example_latest_only.py for tasks to queue
[2025-01-27T09:05:59.188+0000] {logging_mixin.py:120} INFO - [2025-01-27T09:05:59.187+0000] {dagbag.py:537} INFO - Filling up the DagBag from /home/airflow/.local/lib/python3.7/site-packages/airflow/example_dags/example_latest_only.py
[2025-01-27T09:05:59.228+0000] {processor.py:766} INFO - DAG(s) dict_keys(['latest_only']) retrieved from /home/airflow/.local/lib/python3.7/site-packages/airflow/example_dags/example_latest_only.py
[2025-01-27T09:05:59.367+0000] {logging_mixin.py:120} INFO - [2025-01-27T09:05:59.366+0000] {dag.py:2585} INFO - Sync 1 DAGs
[2025-01-27T09:05:59.453+0000] {logging_mixin.py:120} INFO - [2025-01-27T09:05:59.453+0000] {dag.py:3340} INFO - Setting next_dagrun for latest_only to 2025-01-27T05:05:59.452875+00:00, run_after=2025-01-27T09:05:59.452875+00:00
[2025-01-27T09:05:59.500+0000] {processor.py:176} INFO - Processing /home/airflow/.local/lib/python3.7/site-packages/airflow/example_dags/example_latest_only.py took 0.334 seconds
[2025-01-27T09:06:29.950+0000] {processor.py:154} INFO - Started process (PID=3752) to work on /home/airflow/.local/lib/python3.7/site-packages/airflow/example_dags/example_latest_only.py
[2025-01-27T09:06:29.952+0000] {processor.py:756} INFO - Processing file /home/airflow/.local/lib/python3.7/site-packages/airflow/example_dags/example_latest_only.py for tasks to queue
[2025-01-27T09:06:29.953+0000] {logging_mixin.py:120} INFO - [2025-01-27T09:06:29.953+0000] {dagbag.py:537} INFO - Filling up the DagBag from /home/airflow/.local/lib/python3.7/site-packages/airflow/example_dags/example_latest_only.py
[2025-01-27T09:06:29.987+0000] {processor.py:766} INFO - DAG(s) dict_keys(['latest_only']) retrieved from /home/airflow/.local/lib/python3.7/site-packages/airflow/example_dags/example_latest_only.py
[2025-01-27T09:06:30.077+0000] {logging_mixin.py:120} INFO - [2025-01-27T09:06:30.076+0000] {dag.py:2585} INFO - Sync 1 DAGs
[2025-01-27T09:06:30.132+0000] {logging_mixin.py:120} INFO - [2025-01-27T09:06:30.132+0000] {dag.py:3340} INFO - Setting next_dagrun for latest_only to 2025-01-27T05:06:30.132112+00:00, run_after=2025-01-27T09:06:30.132112+00:00
[2025-01-27T09:06:30.185+0000] {processor.py:176} INFO - Processing /home/airflow/.local/lib/python3.7/site-packages/airflow/example_dags/example_latest_only.py took 0.241 seconds
[2025-01-27T09:07:00.536+0000] {processor.py:154} INFO - Started process (PID=3806) to work on /home/airflow/.local/lib/python3.7/site-packages/airflow/example_dags/example_latest_only.py
[2025-01-27T09:07:00.539+0000] {processor.py:756} INFO - Processing file /home/airflow/.local/lib/python3.7/site-packages/airflow/example_dags/example_latest_only.py for tasks to queue
[2025-01-27T09:07:00.543+0000] {logging_mixin.py:120} INFO - [2025-01-27T09:07:00.543+0000] {dagbag.py:537} INFO - Filling up the DagBag from /home/airflow/.local/lib/python3.7/site-packages/airflow/example_dags/example_latest_only.py
[2025-01-27T09:07:00.574+0000] {processor.py:766} INFO - DAG(s) dict_keys(['latest_only']) retrieved from /home/airflow/.local/lib/python3.7/site-packages/airflow/example_dags/example_latest_only.py
[2025-01-27T09:07:00.662+0000] {logging_mixin.py:120} INFO - [2025-01-27T09:07:00.662+0000] {dag.py:2585} INFO - Sync 1 DAGs
[2025-01-27T09:07:00.723+0000] {logging_mixin.py:120} INFO - [2025-01-27T09:07:00.722+0000] {dag.py:3340} INFO - Setting next_dagrun for latest_only to 2025-01-27T05:07:00.722450+00:00, run_after=2025-01-27T09:07:00.722450+00:00
[2025-01-27T09:07:00.764+0000] {processor.py:176} INFO - Processing /home/airflow/.local/lib/python3.7/site-packages/airflow/example_dags/example_latest_only.py took 0.235 seconds
[2025-01-27T09:07:31.399+0000] {processor.py:154} INFO - Started process (PID=3869) to work on /home/airflow/.local/lib/python3.7/site-packages/airflow/example_dags/example_latest_only.py
[2025-01-27T09:07:31.401+0000] {processor.py:756} INFO - Processing file /home/airflow/.local/lib/python3.7/site-packages/airflow/example_dags/example_latest_only.py for tasks to queue
[2025-01-27T09:07:31.402+0000] {logging_mixin.py:120} INFO - [2025-01-27T09:07:31.402+0000] {dagbag.py:537} INFO - Filling up the DagBag from /home/airflow/.local/lib/python3.7/site-packages/airflow/example_dags/example_latest_only.py
[2025-01-27T09:07:31.430+0000] {processor.py:766} INFO - DAG(s) dict_keys(['latest_only']) retrieved from /home/airflow/.local/lib/python3.7/site-packages/airflow/example_dags/example_latest_only.py
[2025-01-27T09:07:31.519+0000] {logging_mixin.py:120} INFO - [2025-01-27T09:07:31.519+0000] {dag.py:2585} INFO - Sync 1 DAGs
[2025-01-27T09:07:31.579+0000] {logging_mixin.py:120} INFO - [2025-01-27T09:07:31.579+0000] {dag.py:3340} INFO - Setting next_dagrun for latest_only to 2025-01-27T05:07:31.578768+00:00, run_after=2025-01-27T09:07:31.578768+00:00
[2025-01-27T09:07:31.622+0000] {processor.py:176} INFO - Processing /home/airflow/.local/lib/python3.7/site-packages/airflow/example_dags/example_latest_only.py took 0.231 seconds
[2025-01-27T09:08:02.132+0000] {processor.py:154} INFO - Started process (PID=3923) to work on /home/airflow/.local/lib/python3.7/site-packages/airflow/example_dags/example_latest_only.py
[2025-01-27T09:08:02.133+0000] {processor.py:756} INFO - Processing file /home/airflow/.local/lib/python3.7/site-packages/airflow/example_dags/example_latest_only.py for tasks to queue
[2025-01-27T09:08:02.135+0000] {logging_mixin.py:120} INFO - [2025-01-27T09:08:02.134+0000] {dagbag.py:537} INFO - Filling up the DagBag from /home/airflow/.local/lib/python3.7/site-packages/airflow/example_dags/example_latest_only.py
[2025-01-27T09:08:02.162+0000] {processor.py:766} INFO - DAG(s) dict_keys(['latest_only']) retrieved from /home/airflow/.local/lib/python3.7/site-packages/airflow/example_dags/example_latest_only.py
[2025-01-27T09:08:02.233+0000] {logging_mixin.py:120} INFO - [2025-01-27T09:08:02.233+0000] {dag.py:2585} INFO - Sync 1 DAGs
[2025-01-27T09:08:02.290+0000] {logging_mixin.py:120} INFO - [2025-01-27T09:08:02.290+0000] {dag.py:3340} INFO - Setting next_dagrun for latest_only to 2025-01-27T05:08:02.289676+00:00, run_after=2025-01-27T09:08:02.289676+00:00
[2025-01-27T09:08:02.328+0000] {processor.py:176} INFO - Processing /home/airflow/.local/lib/python3.7/site-packages/airflow/example_dags/example_latest_only.py took 0.203 seconds
[2025-01-27T09:08:32.911+0000] {processor.py:154} INFO - Started process (PID=3984) to work on /home/airflow/.local/lib/python3.7/site-packages/airflow/example_dags/example_latest_only.py
[2025-01-27T09:08:32.913+0000] {processor.py:756} INFO - Processing file /home/airflow/.local/lib/python3.7/site-packages/airflow/example_dags/example_latest_only.py for tasks to queue
[2025-01-27T09:08:32.914+0000] {logging_mixin.py:120} INFO - [2025-01-27T09:08:32.914+0000] {dagbag.py:537} INFO - Filling up the DagBag from /home/airflow/.local/lib/python3.7/site-packages/airflow/example_dags/example_latest_only.py
[2025-01-27T09:08:32.938+0000] {processor.py:766} INFO - DAG(s) dict_keys(['latest_only']) retrieved from /home/airflow/.local/lib/python3.7/site-packages/airflow/example_dags/example_latest_only.py
[2025-01-27T09:08:33.027+0000] {logging_mixin.py:120} INFO - [2025-01-27T09:08:33.027+0000] {dag.py:2585} INFO - Sync 1 DAGs
[2025-01-27T09:08:33.075+0000] {logging_mixin.py:120} INFO - [2025-01-27T09:08:33.075+0000] {dag.py:3340} INFO - Setting next_dagrun for latest_only to 2025-01-27T05:08:33.074940+00:00, run_after=2025-01-27T09:08:33.074940+00:00
[2025-01-27T09:08:33.121+0000] {processor.py:176} INFO - Processing /home/airflow/.local/lib/python3.7/site-packages/airflow/example_dags/example_latest_only.py took 0.218 seconds
