[2025-01-27T08:33:56.765+0000] {processor.py:154} INFO - Started process (PID=78) to work on /home/airflow/.local/lib/python3.7/site-packages/airflow/example_dags/example_short_circuit_operator.py
[2025-01-27T08:33:56.772+0000] {processor.py:756} INFO - Processing file /home/airflow/.local/lib/python3.7/site-packages/airflow/example_dags/example_short_circuit_operator.py for tasks to queue
[2025-01-27T08:33:56.779+0000] {logging_mixin.py:120} INFO - [2025-01-27T08:33:56.776+0000] {dagbag.py:537} INFO - Filling up the DagBag from /home/airflow/.local/lib/python3.7/site-packages/airflow/example_dags/example_short_circuit_operator.py
[2025-01-27T08:33:56.932+0000] {processor.py:766} INFO - DAG(s) dict_keys(['example_short_circuit_operator']) retrieved from /home/airflow/.local/lib/python3.7/site-packages/airflow/example_dags/example_short_circuit_operator.py
[2025-01-27T08:33:58.709+0000] {logging_mixin.py:120} INFO - [2025-01-27T08:33:58.709+0000] {manager.py:507} INFO - Created Permission View: can edit on DAG:example_short_circuit_operator
[2025-01-27T08:33:58.746+0000] {logging_mixin.py:120} INFO - [2025-01-27T08:33:58.746+0000] {manager.py:507} INFO - Created Permission View: can read on DAG:example_short_circuit_operator
[2025-01-27T08:33:58.762+0000] {logging_mixin.py:120} INFO - [2025-01-27T08:33:58.761+0000] {manager.py:507} INFO - Created Permission View: can delete on DAG:example_short_circuit_operator
[2025-01-27T08:33:58.763+0000] {logging_mixin.py:120} INFO - [2025-01-27T08:33:58.763+0000] {dag.py:2585} INFO - Sync 1 DAGs
[2025-01-27T08:33:58.805+0000] {logging_mixin.py:120} INFO - [2025-01-27T08:33:58.805+0000] {dag.py:2606} INFO - Creating ORM DAG for example_short_circuit_operator
[2025-01-27T08:33:58.856+0000] {logging_mixin.py:120} INFO - [2025-01-27T08:33:58.856+0000] {dag.py:3340} INFO - Setting next_dagrun for example_short_circuit_operator to 2025-01-26T08:33:58.855131+00:00, run_after=2025-01-27T08:33:58.855131+00:00
[2025-01-27T08:33:58.906+0000] {processor.py:176} INFO - Processing /home/airflow/.local/lib/python3.7/site-packages/airflow/example_dags/example_short_circuit_operator.py took 2.148 seconds
[2025-01-27T08:34:29.005+0000] {processor.py:154} INFO - Started process (PID=135) to work on /home/airflow/.local/lib/python3.7/site-packages/airflow/example_dags/example_short_circuit_operator.py
[2025-01-27T08:34:29.007+0000] {processor.py:756} INFO - Processing file /home/airflow/.local/lib/python3.7/site-packages/airflow/example_dags/example_short_circuit_operator.py for tasks to queue
[2025-01-27T08:34:29.009+0000] {logging_mixin.py:120} INFO - [2025-01-27T08:34:29.009+0000] {dagbag.py:537} INFO - Filling up the DagBag from /home/airflow/.local/lib/python3.7/site-packages/airflow/example_dags/example_short_circuit_operator.py
[2025-01-27T08:34:29.043+0000] {processor.py:766} INFO - DAG(s) dict_keys(['example_short_circuit_operator']) retrieved from /home/airflow/.local/lib/python3.7/site-packages/airflow/example_dags/example_short_circuit_operator.py
[2025-01-27T08:34:29.132+0000] {logging_mixin.py:120} INFO - [2025-01-27T08:34:29.131+0000] {dag.py:2585} INFO - Sync 1 DAGs
[2025-01-27T08:34:29.189+0000] {logging_mixin.py:120} INFO - [2025-01-27T08:34:29.188+0000] {dag.py:3340} INFO - Setting next_dagrun for example_short_circuit_operator to 2025-01-26T08:34:29.188153+00:00, run_after=2025-01-27T08:34:29.188153+00:00
[2025-01-27T08:34:29.264+0000] {processor.py:176} INFO - Processing /home/airflow/.local/lib/python3.7/site-packages/airflow/example_dags/example_short_circuit_operator.py took 0.268 seconds
[2025-01-27T08:34:59.628+0000] {processor.py:154} INFO - Started process (PID=190) to work on /home/airflow/.local/lib/python3.7/site-packages/airflow/example_dags/example_short_circuit_operator.py
[2025-01-27T08:34:59.631+0000] {processor.py:756} INFO - Processing file /home/airflow/.local/lib/python3.7/site-packages/airflow/example_dags/example_short_circuit_operator.py for tasks to queue
[2025-01-27T08:34:59.632+0000] {logging_mixin.py:120} INFO - [2025-01-27T08:34:59.632+0000] {dagbag.py:537} INFO - Filling up the DagBag from /home/airflow/.local/lib/python3.7/site-packages/airflow/example_dags/example_short_circuit_operator.py
[2025-01-27T08:34:59.667+0000] {processor.py:766} INFO - DAG(s) dict_keys(['example_short_circuit_operator']) retrieved from /home/airflow/.local/lib/python3.7/site-packages/airflow/example_dags/example_short_circuit_operator.py
[2025-01-27T08:34:59.753+0000] {logging_mixin.py:120} INFO - [2025-01-27T08:34:59.753+0000] {dag.py:2585} INFO - Sync 1 DAGs
[2025-01-27T08:34:59.799+0000] {logging_mixin.py:120} INFO - [2025-01-27T08:34:59.798+0000] {dag.py:3340} INFO - Setting next_dagrun for example_short_circuit_operator to 2025-01-26T08:34:59.798575+00:00, run_after=2025-01-27T08:34:59.798575+00:00
[2025-01-27T08:34:59.840+0000] {processor.py:176} INFO - Processing /home/airflow/.local/lib/python3.7/site-packages/airflow/example_dags/example_short_circuit_operator.py took 0.221 seconds
[2025-01-27T08:35:30.513+0000] {processor.py:154} INFO - Started process (PID=252) to work on /home/airflow/.local/lib/python3.7/site-packages/airflow/example_dags/example_short_circuit_operator.py
[2025-01-27T08:35:30.517+0000] {processor.py:756} INFO - Processing file /home/airflow/.local/lib/python3.7/site-packages/airflow/example_dags/example_short_circuit_operator.py for tasks to queue
[2025-01-27T08:35:30.520+0000] {logging_mixin.py:120} INFO - [2025-01-27T08:35:30.519+0000] {dagbag.py:537} INFO - Filling up the DagBag from /home/airflow/.local/lib/python3.7/site-packages/airflow/example_dags/example_short_circuit_operator.py
[2025-01-27T08:35:30.573+0000] {processor.py:766} INFO - DAG(s) dict_keys(['example_short_circuit_operator']) retrieved from /home/airflow/.local/lib/python3.7/site-packages/airflow/example_dags/example_short_circuit_operator.py
[2025-01-27T08:35:30.671+0000] {logging_mixin.py:120} INFO - [2025-01-27T08:35:30.671+0000] {dag.py:2585} INFO - Sync 1 DAGs
[2025-01-27T08:35:30.744+0000] {logging_mixin.py:120} INFO - [2025-01-27T08:35:30.743+0000] {dag.py:3340} INFO - Setting next_dagrun for example_short_circuit_operator to 2025-01-26T08:35:30.743442+00:00, run_after=2025-01-27T08:35:30.743442+00:00
[2025-01-27T08:35:30.807+0000] {processor.py:176} INFO - Processing /home/airflow/.local/lib/python3.7/site-packages/airflow/example_dags/example_short_circuit_operator.py took 0.305 seconds
[2025-01-27T08:36:00.948+0000] {processor.py:154} INFO - Started process (PID=306) to work on /home/airflow/.local/lib/python3.7/site-packages/airflow/example_dags/example_short_circuit_operator.py
[2025-01-27T08:36:00.951+0000] {processor.py:756} INFO - Processing file /home/airflow/.local/lib/python3.7/site-packages/airflow/example_dags/example_short_circuit_operator.py for tasks to queue
[2025-01-27T08:36:00.953+0000] {logging_mixin.py:120} INFO - [2025-01-27T08:36:00.952+0000] {dagbag.py:537} INFO - Filling up the DagBag from /home/airflow/.local/lib/python3.7/site-packages/airflow/example_dags/example_short_circuit_operator.py
[2025-01-27T08:36:00.996+0000] {processor.py:766} INFO - DAG(s) dict_keys(['example_short_circuit_operator']) retrieved from /home/airflow/.local/lib/python3.7/site-packages/airflow/example_dags/example_short_circuit_operator.py
[2025-01-27T08:36:01.116+0000] {logging_mixin.py:120} INFO - [2025-01-27T08:36:01.115+0000] {dag.py:2585} INFO - Sync 1 DAGs
[2025-01-27T08:36:01.184+0000] {logging_mixin.py:120} INFO - [2025-01-27T08:36:01.184+0000] {dag.py:3340} INFO - Setting next_dagrun for example_short_circuit_operator to 2025-01-26T08:36:01.183562+00:00, run_after=2025-01-27T08:36:01.183562+00:00
[2025-01-27T08:36:01.231+0000] {processor.py:176} INFO - Processing /home/airflow/.local/lib/python3.7/site-packages/airflow/example_dags/example_short_circuit_operator.py took 0.290 seconds
[2025-01-27T08:36:32.130+0000] {processor.py:154} INFO - Started process (PID=359) to work on /home/airflow/.local/lib/python3.7/site-packages/airflow/example_dags/example_short_circuit_operator.py
[2025-01-27T08:36:32.133+0000] {processor.py:756} INFO - Processing file /home/airflow/.local/lib/python3.7/site-packages/airflow/example_dags/example_short_circuit_operator.py for tasks to queue
[2025-01-27T08:36:32.135+0000] {logging_mixin.py:120} INFO - [2025-01-27T08:36:32.135+0000] {dagbag.py:537} INFO - Filling up the DagBag from /home/airflow/.local/lib/python3.7/site-packages/airflow/example_dags/example_short_circuit_operator.py
[2025-01-27T08:36:32.165+0000] {processor.py:766} INFO - DAG(s) dict_keys(['example_short_circuit_operator']) retrieved from /home/airflow/.local/lib/python3.7/site-packages/airflow/example_dags/example_short_circuit_operator.py
[2025-01-27T08:36:32.252+0000] {logging_mixin.py:120} INFO - [2025-01-27T08:36:32.252+0000] {dag.py:2585} INFO - Sync 1 DAGs
[2025-01-27T08:36:32.315+0000] {logging_mixin.py:120} INFO - [2025-01-27T08:36:32.315+0000] {dag.py:3340} INFO - Setting next_dagrun for example_short_circuit_operator to 2025-01-26T08:36:32.314931+00:00, run_after=2025-01-27T08:36:32.314931+00:00
[2025-01-27T08:36:32.358+0000] {processor.py:176} INFO - Processing /home/airflow/.local/lib/python3.7/site-packages/airflow/example_dags/example_short_circuit_operator.py took 0.233 seconds
[2025-01-27T08:37:02.769+0000] {processor.py:154} INFO - Started process (PID=422) to work on /home/airflow/.local/lib/python3.7/site-packages/airflow/example_dags/example_short_circuit_operator.py
[2025-01-27T08:37:02.773+0000] {processor.py:756} INFO - Processing file /home/airflow/.local/lib/python3.7/site-packages/airflow/example_dags/example_short_circuit_operator.py for tasks to queue
[2025-01-27T08:37:02.774+0000] {logging_mixin.py:120} INFO - [2025-01-27T08:37:02.774+0000] {dagbag.py:537} INFO - Filling up the DagBag from /home/airflow/.local/lib/python3.7/site-packages/airflow/example_dags/example_short_circuit_operator.py
[2025-01-27T08:37:02.809+0000] {processor.py:766} INFO - DAG(s) dict_keys(['example_short_circuit_operator']) retrieved from /home/airflow/.local/lib/python3.7/site-packages/airflow/example_dags/example_short_circuit_operator.py
[2025-01-27T08:37:02.892+0000] {logging_mixin.py:120} INFO - [2025-01-27T08:37:02.891+0000] {dag.py:2585} INFO - Sync 1 DAGs
[2025-01-27T08:37:02.947+0000] {logging_mixin.py:120} INFO - [2025-01-27T08:37:02.947+0000] {dag.py:3340} INFO - Setting next_dagrun for example_short_circuit_operator to 2025-01-26T08:37:02.946791+00:00, run_after=2025-01-27T08:37:02.946791+00:00
[2025-01-27T08:37:02.989+0000] {processor.py:176} INFO - Processing /home/airflow/.local/lib/python3.7/site-packages/airflow/example_dags/example_short_circuit_operator.py took 0.226 seconds
[2025-01-27T08:37:33.713+0000] {processor.py:154} INFO - Started process (PID=476) to work on /home/airflow/.local/lib/python3.7/site-packages/airflow/example_dags/example_short_circuit_operator.py
[2025-01-27T08:37:33.714+0000] {processor.py:756} INFO - Processing file /home/airflow/.local/lib/python3.7/site-packages/airflow/example_dags/example_short_circuit_operator.py for tasks to queue
[2025-01-27T08:37:33.716+0000] {logging_mixin.py:120} INFO - [2025-01-27T08:37:33.716+0000] {dagbag.py:537} INFO - Filling up the DagBag from /home/airflow/.local/lib/python3.7/site-packages/airflow/example_dags/example_short_circuit_operator.py
[2025-01-27T08:37:33.751+0000] {processor.py:766} INFO - DAG(s) dict_keys(['example_short_circuit_operator']) retrieved from /home/airflow/.local/lib/python3.7/site-packages/airflow/example_dags/example_short_circuit_operator.py
[2025-01-27T08:37:33.828+0000] {logging_mixin.py:120} INFO - [2025-01-27T08:37:33.828+0000] {dag.py:2585} INFO - Sync 1 DAGs
[2025-01-27T08:37:33.877+0000] {logging_mixin.py:120} INFO - [2025-01-27T08:37:33.877+0000] {dag.py:3340} INFO - Setting next_dagrun for example_short_circuit_operator to 2025-01-26T08:37:33.877311+00:00, run_after=2025-01-27T08:37:33.877311+00:00
[2025-01-27T08:37:33.922+0000] {processor.py:176} INFO - Processing /home/airflow/.local/lib/python3.7/site-packages/airflow/example_dags/example_short_circuit_operator.py took 0.214 seconds
[2025-01-27T08:38:04.066+0000] {processor.py:154} INFO - Started process (PID=538) to work on /home/airflow/.local/lib/python3.7/site-packages/airflow/example_dags/example_short_circuit_operator.py
[2025-01-27T08:38:04.069+0000] {processor.py:756} INFO - Processing file /home/airflow/.local/lib/python3.7/site-packages/airflow/example_dags/example_short_circuit_operator.py for tasks to queue
[2025-01-27T08:38:04.071+0000] {logging_mixin.py:120} INFO - [2025-01-27T08:38:04.070+0000] {dagbag.py:537} INFO - Filling up the DagBag from /home/airflow/.local/lib/python3.7/site-packages/airflow/example_dags/example_short_circuit_operator.py
[2025-01-27T08:38:04.104+0000] {processor.py:766} INFO - DAG(s) dict_keys(['example_short_circuit_operator']) retrieved from /home/airflow/.local/lib/python3.7/site-packages/airflow/example_dags/example_short_circuit_operator.py
[2025-01-27T08:38:04.185+0000] {logging_mixin.py:120} INFO - [2025-01-27T08:38:04.185+0000] {dag.py:2585} INFO - Sync 1 DAGs
[2025-01-27T08:38:04.236+0000] {logging_mixin.py:120} INFO - [2025-01-27T08:38:04.236+0000] {dag.py:3340} INFO - Setting next_dagrun for example_short_circuit_operator to 2025-01-26T08:38:04.236043+00:00, run_after=2025-01-27T08:38:04.236043+00:00
[2025-01-27T08:38:04.278+0000] {processor.py:176} INFO - Processing /home/airflow/.local/lib/python3.7/site-packages/airflow/example_dags/example_short_circuit_operator.py took 0.218 seconds
[2025-01-27T08:38:34.554+0000] {processor.py:154} INFO - Started process (PID=592) to work on /home/airflow/.local/lib/python3.7/site-packages/airflow/example_dags/example_short_circuit_operator.py
[2025-01-27T08:38:34.556+0000] {processor.py:756} INFO - Processing file /home/airflow/.local/lib/python3.7/site-packages/airflow/example_dags/example_short_circuit_operator.py for tasks to queue
[2025-01-27T08:38:34.558+0000] {logging_mixin.py:120} INFO - [2025-01-27T08:38:34.557+0000] {dagbag.py:537} INFO - Filling up the DagBag from /home/airflow/.local/lib/python3.7/site-packages/airflow/example_dags/example_short_circuit_operator.py
[2025-01-27T08:38:34.595+0000] {processor.py:766} INFO - DAG(s) dict_keys(['example_short_circuit_operator']) retrieved from /home/airflow/.local/lib/python3.7/site-packages/airflow/example_dags/example_short_circuit_operator.py
[2025-01-27T08:38:34.692+0000] {logging_mixin.py:120} INFO - [2025-01-27T08:38:34.691+0000] {dag.py:2585} INFO - Sync 1 DAGs
[2025-01-27T08:38:34.742+0000] {logging_mixin.py:120} INFO - [2025-01-27T08:38:34.742+0000] {dag.py:3340} INFO - Setting next_dagrun for example_short_circuit_operator to 2025-01-26T08:38:34.741588+00:00, run_after=2025-01-27T08:38:34.741588+00:00
[2025-01-27T08:38:34.783+0000] {processor.py:176} INFO - Processing /home/airflow/.local/lib/python3.7/site-packages/airflow/example_dags/example_short_circuit_operator.py took 0.236 seconds
[2025-01-27T08:39:05.392+0000] {processor.py:154} INFO - Started process (PID=655) to work on /home/airflow/.local/lib/python3.7/site-packages/airflow/example_dags/example_short_circuit_operator.py
[2025-01-27T08:39:05.395+0000] {processor.py:756} INFO - Processing file /home/airflow/.local/lib/python3.7/site-packages/airflow/example_dags/example_short_circuit_operator.py for tasks to queue
[2025-01-27T08:39:05.397+0000] {logging_mixin.py:120} INFO - [2025-01-27T08:39:05.396+0000] {dagbag.py:537} INFO - Filling up the DagBag from /home/airflow/.local/lib/python3.7/site-packages/airflow/example_dags/example_short_circuit_operator.py
[2025-01-27T08:39:05.434+0000] {processor.py:766} INFO - DAG(s) dict_keys(['example_short_circuit_operator']) retrieved from /home/airflow/.local/lib/python3.7/site-packages/airflow/example_dags/example_short_circuit_operator.py
[2025-01-27T08:39:05.518+0000] {logging_mixin.py:120} INFO - [2025-01-27T08:39:05.518+0000] {dag.py:2585} INFO - Sync 1 DAGs
[2025-01-27T08:39:05.579+0000] {logging_mixin.py:120} INFO - [2025-01-27T08:39:05.579+0000] {dag.py:3340} INFO - Setting next_dagrun for example_short_circuit_operator to 2025-01-26T08:39:05.578607+00:00, run_after=2025-01-27T08:39:05.578607+00:00
[2025-01-27T08:39:05.617+0000] {processor.py:176} INFO - Processing /home/airflow/.local/lib/python3.7/site-packages/airflow/example_dags/example_short_circuit_operator.py took 0.234 seconds
[2025-01-27T08:39:36.275+0000] {processor.py:154} INFO - Started process (PID=708) to work on /home/airflow/.local/lib/python3.7/site-packages/airflow/example_dags/example_short_circuit_operator.py
[2025-01-27T08:39:36.277+0000] {processor.py:756} INFO - Processing file /home/airflow/.local/lib/python3.7/site-packages/airflow/example_dags/example_short_circuit_operator.py for tasks to queue
[2025-01-27T08:39:36.278+0000] {logging_mixin.py:120} INFO - [2025-01-27T08:39:36.278+0000] {dagbag.py:537} INFO - Filling up the DagBag from /home/airflow/.local/lib/python3.7/site-packages/airflow/example_dags/example_short_circuit_operator.py
[2025-01-27T08:39:36.308+0000] {processor.py:766} INFO - DAG(s) dict_keys(['example_short_circuit_operator']) retrieved from /home/airflow/.local/lib/python3.7/site-packages/airflow/example_dags/example_short_circuit_operator.py
[2025-01-27T08:39:36.384+0000] {logging_mixin.py:120} INFO - [2025-01-27T08:39:36.384+0000] {dag.py:2585} INFO - Sync 1 DAGs
[2025-01-27T08:39:36.431+0000] {logging_mixin.py:120} INFO - [2025-01-27T08:39:36.431+0000] {dag.py:3340} INFO - Setting next_dagrun for example_short_circuit_operator to 2025-01-26T08:39:36.430765+00:00, run_after=2025-01-27T08:39:36.430765+00:00
[2025-01-27T08:39:36.469+0000] {processor.py:176} INFO - Processing /home/airflow/.local/lib/python3.7/site-packages/airflow/example_dags/example_short_circuit_operator.py took 0.201 seconds
[2025-01-27T08:40:06.953+0000] {processor.py:154} INFO - Started process (PID=771) to work on /home/airflow/.local/lib/python3.7/site-packages/airflow/example_dags/example_short_circuit_operator.py
[2025-01-27T08:40:06.954+0000] {processor.py:756} INFO - Processing file /home/airflow/.local/lib/python3.7/site-packages/airflow/example_dags/example_short_circuit_operator.py for tasks to queue
[2025-01-27T08:40:06.955+0000] {logging_mixin.py:120} INFO - [2025-01-27T08:40:06.955+0000] {dagbag.py:537} INFO - Filling up the DagBag from /home/airflow/.local/lib/python3.7/site-packages/airflow/example_dags/example_short_circuit_operator.py
[2025-01-27T08:40:06.988+0000] {processor.py:766} INFO - DAG(s) dict_keys(['example_short_circuit_operator']) retrieved from /home/airflow/.local/lib/python3.7/site-packages/airflow/example_dags/example_short_circuit_operator.py
[2025-01-27T08:40:07.074+0000] {logging_mixin.py:120} INFO - [2025-01-27T08:40:07.074+0000] {dag.py:2585} INFO - Sync 1 DAGs
[2025-01-27T08:40:07.131+0000] {logging_mixin.py:120} INFO - [2025-01-27T08:40:07.131+0000] {dag.py:3340} INFO - Setting next_dagrun for example_short_circuit_operator to 2025-01-26T08:40:07.130646+00:00, run_after=2025-01-27T08:40:07.130646+00:00
[2025-01-27T08:40:07.175+0000] {processor.py:176} INFO - Processing /home/airflow/.local/lib/python3.7/site-packages/airflow/example_dags/example_short_circuit_operator.py took 0.229 seconds
[2025-01-27T08:40:37.690+0000] {processor.py:154} INFO - Started process (PID=825) to work on /home/airflow/.local/lib/python3.7/site-packages/airflow/example_dags/example_short_circuit_operator.py
[2025-01-27T08:40:37.691+0000] {processor.py:756} INFO - Processing file /home/airflow/.local/lib/python3.7/site-packages/airflow/example_dags/example_short_circuit_operator.py for tasks to queue
[2025-01-27T08:40:37.692+0000] {logging_mixin.py:120} INFO - [2025-01-27T08:40:37.692+0000] {dagbag.py:537} INFO - Filling up the DagBag from /home/airflow/.local/lib/python3.7/site-packages/airflow/example_dags/example_short_circuit_operator.py
[2025-01-27T08:40:37.719+0000] {processor.py:766} INFO - DAG(s) dict_keys(['example_short_circuit_operator']) retrieved from /home/airflow/.local/lib/python3.7/site-packages/airflow/example_dags/example_short_circuit_operator.py
[2025-01-27T08:40:37.796+0000] {logging_mixin.py:120} INFO - [2025-01-27T08:40:37.796+0000] {dag.py:2585} INFO - Sync 1 DAGs
[2025-01-27T08:40:37.863+0000] {logging_mixin.py:120} INFO - [2025-01-27T08:40:37.862+0000] {dag.py:3340} INFO - Setting next_dagrun for example_short_circuit_operator to 2025-01-26T08:40:37.862588+00:00, run_after=2025-01-27T08:40:37.862588+00:00
[2025-01-27T08:40:37.897+0000] {processor.py:176} INFO - Processing /home/airflow/.local/lib/python3.7/site-packages/airflow/example_dags/example_short_circuit_operator.py took 0.212 seconds
[2025-01-27T08:41:08.369+0000] {processor.py:154} INFO - Started process (PID=888) to work on /home/airflow/.local/lib/python3.7/site-packages/airflow/example_dags/example_short_circuit_operator.py
[2025-01-27T08:41:08.373+0000] {processor.py:756} INFO - Processing file /home/airflow/.local/lib/python3.7/site-packages/airflow/example_dags/example_short_circuit_operator.py for tasks to queue
[2025-01-27T08:41:08.376+0000] {logging_mixin.py:120} INFO - [2025-01-27T08:41:08.375+0000] {dagbag.py:537} INFO - Filling up the DagBag from /home/airflow/.local/lib/python3.7/site-packages/airflow/example_dags/example_short_circuit_operator.py
[2025-01-27T08:41:08.407+0000] {processor.py:766} INFO - DAG(s) dict_keys(['example_short_circuit_operator']) retrieved from /home/airflow/.local/lib/python3.7/site-packages/airflow/example_dags/example_short_circuit_operator.py
[2025-01-27T08:41:08.485+0000] {logging_mixin.py:120} INFO - [2025-01-27T08:41:08.485+0000] {dag.py:2585} INFO - Sync 1 DAGs
[2025-01-27T08:41:08.534+0000] {logging_mixin.py:120} INFO - [2025-01-27T08:41:08.534+0000] {dag.py:3340} INFO - Setting next_dagrun for example_short_circuit_operator to 2025-01-26T08:41:08.533713+00:00, run_after=2025-01-27T08:41:08.533713+00:00
[2025-01-27T08:41:08.576+0000] {processor.py:176} INFO - Processing /home/airflow/.local/lib/python3.7/site-packages/airflow/example_dags/example_short_circuit_operator.py took 0.213 seconds
[2025-01-27T08:41:39.068+0000] {processor.py:154} INFO - Started process (PID=941) to work on /home/airflow/.local/lib/python3.7/site-packages/airflow/example_dags/example_short_circuit_operator.py
[2025-01-27T08:41:39.075+0000] {processor.py:756} INFO - Processing file /home/airflow/.local/lib/python3.7/site-packages/airflow/example_dags/example_short_circuit_operator.py for tasks to queue
[2025-01-27T08:41:39.077+0000] {logging_mixin.py:120} INFO - [2025-01-27T08:41:39.077+0000] {dagbag.py:537} INFO - Filling up the DagBag from /home/airflow/.local/lib/python3.7/site-packages/airflow/example_dags/example_short_circuit_operator.py
[2025-01-27T08:41:39.112+0000] {processor.py:766} INFO - DAG(s) dict_keys(['example_short_circuit_operator']) retrieved from /home/airflow/.local/lib/python3.7/site-packages/airflow/example_dags/example_short_circuit_operator.py
[2025-01-27T08:41:39.200+0000] {logging_mixin.py:120} INFO - [2025-01-27T08:41:39.200+0000] {dag.py:2585} INFO - Sync 1 DAGs
[2025-01-27T08:41:39.255+0000] {logging_mixin.py:120} INFO - [2025-01-27T08:41:39.255+0000] {dag.py:3340} INFO - Setting next_dagrun for example_short_circuit_operator to 2025-01-26T08:41:39.255120+00:00, run_after=2025-01-27T08:41:39.255120+00:00
[2025-01-27T08:41:39.294+0000] {processor.py:176} INFO - Processing /home/airflow/.local/lib/python3.7/site-packages/airflow/example_dags/example_short_circuit_operator.py took 0.232 seconds
[2025-01-27T08:42:09.573+0000] {processor.py:154} INFO - Started process (PID=1003) to work on /home/airflow/.local/lib/python3.7/site-packages/airflow/example_dags/example_short_circuit_operator.py
[2025-01-27T08:42:09.575+0000] {processor.py:756} INFO - Processing file /home/airflow/.local/lib/python3.7/site-packages/airflow/example_dags/example_short_circuit_operator.py for tasks to queue
[2025-01-27T08:42:09.577+0000] {logging_mixin.py:120} INFO - [2025-01-27T08:42:09.576+0000] {dagbag.py:537} INFO - Filling up the DagBag from /home/airflow/.local/lib/python3.7/site-packages/airflow/example_dags/example_short_circuit_operator.py
[2025-01-27T08:42:09.609+0000] {processor.py:766} INFO - DAG(s) dict_keys(['example_short_circuit_operator']) retrieved from /home/airflow/.local/lib/python3.7/site-packages/airflow/example_dags/example_short_circuit_operator.py
[2025-01-27T08:42:09.694+0000] {logging_mixin.py:120} INFO - [2025-01-27T08:42:09.693+0000] {dag.py:2585} INFO - Sync 1 DAGs
[2025-01-27T08:42:09.749+0000] {logging_mixin.py:120} INFO - [2025-01-27T08:42:09.749+0000] {dag.py:3340} INFO - Setting next_dagrun for example_short_circuit_operator to 2025-01-26T08:42:09.748852+00:00, run_after=2025-01-27T08:42:09.748852+00:00
[2025-01-27T08:42:09.792+0000] {processor.py:176} INFO - Processing /home/airflow/.local/lib/python3.7/site-packages/airflow/example_dags/example_short_circuit_operator.py took 0.228 seconds
[2025-01-27T08:42:40.407+0000] {processor.py:154} INFO - Started process (PID=1057) to work on /home/airflow/.local/lib/python3.7/site-packages/airflow/example_dags/example_short_circuit_operator.py
[2025-01-27T08:42:40.409+0000] {processor.py:756} INFO - Processing file /home/airflow/.local/lib/python3.7/site-packages/airflow/example_dags/example_short_circuit_operator.py for tasks to queue
[2025-01-27T08:42:40.412+0000] {logging_mixin.py:120} INFO - [2025-01-27T08:42:40.411+0000] {dagbag.py:537} INFO - Filling up the DagBag from /home/airflow/.local/lib/python3.7/site-packages/airflow/example_dags/example_short_circuit_operator.py
[2025-01-27T08:42:40.443+0000] {processor.py:766} INFO - DAG(s) dict_keys(['example_short_circuit_operator']) retrieved from /home/airflow/.local/lib/python3.7/site-packages/airflow/example_dags/example_short_circuit_operator.py
[2025-01-27T08:42:40.521+0000] {logging_mixin.py:120} INFO - [2025-01-27T08:42:40.520+0000] {dag.py:2585} INFO - Sync 1 DAGs
[2025-01-27T08:42:40.586+0000] {logging_mixin.py:120} INFO - [2025-01-27T08:42:40.585+0000] {dag.py:3340} INFO - Setting next_dagrun for example_short_circuit_operator to 2025-01-26T08:42:40.585154+00:00, run_after=2025-01-27T08:42:40.585154+00:00
[2025-01-27T08:42:40.634+0000] {processor.py:176} INFO - Processing /home/airflow/.local/lib/python3.7/site-packages/airflow/example_dags/example_short_circuit_operator.py took 0.235 seconds
[2025-01-27T08:43:11.382+0000] {processor.py:154} INFO - Started process (PID=1119) to work on /home/airflow/.local/lib/python3.7/site-packages/airflow/example_dags/example_short_circuit_operator.py
[2025-01-27T08:43:11.384+0000] {processor.py:756} INFO - Processing file /home/airflow/.local/lib/python3.7/site-packages/airflow/example_dags/example_short_circuit_operator.py for tasks to queue
[2025-01-27T08:43:11.385+0000] {logging_mixin.py:120} INFO - [2025-01-27T08:43:11.385+0000] {dagbag.py:537} INFO - Filling up the DagBag from /home/airflow/.local/lib/python3.7/site-packages/airflow/example_dags/example_short_circuit_operator.py
[2025-01-27T08:43:11.425+0000] {processor.py:766} INFO - DAG(s) dict_keys(['example_short_circuit_operator']) retrieved from /home/airflow/.local/lib/python3.7/site-packages/airflow/example_dags/example_short_circuit_operator.py
[2025-01-27T08:43:11.531+0000] {logging_mixin.py:120} INFO - [2025-01-27T08:43:11.531+0000] {dag.py:2585} INFO - Sync 1 DAGs
[2025-01-27T08:43:11.586+0000] {logging_mixin.py:120} INFO - [2025-01-27T08:43:11.586+0000] {dag.py:3340} INFO - Setting next_dagrun for example_short_circuit_operator to 2025-01-26T08:43:11.585852+00:00, run_after=2025-01-27T08:43:11.585852+00:00
[2025-01-27T08:43:11.714+0000] {processor.py:176} INFO - Processing /home/airflow/.local/lib/python3.7/site-packages/airflow/example_dags/example_short_circuit_operator.py took 0.338 seconds
[2025-01-27T08:43:42.212+0000] {processor.py:154} INFO - Started process (PID=1172) to work on /home/airflow/.local/lib/python3.7/site-packages/airflow/example_dags/example_short_circuit_operator.py
[2025-01-27T08:43:42.215+0000] {processor.py:756} INFO - Processing file /home/airflow/.local/lib/python3.7/site-packages/airflow/example_dags/example_short_circuit_operator.py for tasks to queue
[2025-01-27T08:43:42.217+0000] {logging_mixin.py:120} INFO - [2025-01-27T08:43:42.216+0000] {dagbag.py:537} INFO - Filling up the DagBag from /home/airflow/.local/lib/python3.7/site-packages/airflow/example_dags/example_short_circuit_operator.py
[2025-01-27T08:43:42.247+0000] {processor.py:766} INFO - DAG(s) dict_keys(['example_short_circuit_operator']) retrieved from /home/airflow/.local/lib/python3.7/site-packages/airflow/example_dags/example_short_circuit_operator.py
[2025-01-27T08:43:42.330+0000] {logging_mixin.py:120} INFO - [2025-01-27T08:43:42.330+0000] {dag.py:2585} INFO - Sync 1 DAGs
[2025-01-27T08:43:42.384+0000] {logging_mixin.py:120} INFO - [2025-01-27T08:43:42.384+0000] {dag.py:3340} INFO - Setting next_dagrun for example_short_circuit_operator to 2025-01-26T08:43:42.383834+00:00, run_after=2025-01-27T08:43:42.383834+00:00
[2025-01-27T08:43:42.421+0000] {processor.py:176} INFO - Processing /home/airflow/.local/lib/python3.7/site-packages/airflow/example_dags/example_short_circuit_operator.py took 0.214 seconds
[2025-01-27T08:44:12.969+0000] {processor.py:154} INFO - Started process (PID=1234) to work on /home/airflow/.local/lib/python3.7/site-packages/airflow/example_dags/example_short_circuit_operator.py
[2025-01-27T08:44:12.971+0000] {processor.py:756} INFO - Processing file /home/airflow/.local/lib/python3.7/site-packages/airflow/example_dags/example_short_circuit_operator.py for tasks to queue
[2025-01-27T08:44:12.973+0000] {logging_mixin.py:120} INFO - [2025-01-27T08:44:12.972+0000] {dagbag.py:537} INFO - Filling up the DagBag from /home/airflow/.local/lib/python3.7/site-packages/airflow/example_dags/example_short_circuit_operator.py
[2025-01-27T08:44:13.008+0000] {processor.py:766} INFO - DAG(s) dict_keys(['example_short_circuit_operator']) retrieved from /home/airflow/.local/lib/python3.7/site-packages/airflow/example_dags/example_short_circuit_operator.py
[2025-01-27T08:44:13.118+0000] {logging_mixin.py:120} INFO - [2025-01-27T08:44:13.118+0000] {dag.py:2585} INFO - Sync 1 DAGs
[2025-01-27T08:44:13.176+0000] {logging_mixin.py:120} INFO - [2025-01-27T08:44:13.175+0000] {dag.py:3340} INFO - Setting next_dagrun for example_short_circuit_operator to 2025-01-26T08:44:13.175151+00:00, run_after=2025-01-27T08:44:13.175151+00:00
[2025-01-27T08:44:13.224+0000] {processor.py:176} INFO - Processing /home/airflow/.local/lib/python3.7/site-packages/airflow/example_dags/example_short_circuit_operator.py took 0.260 seconds
[2025-01-27T08:44:43.641+0000] {processor.py:154} INFO - Started process (PID=1288) to work on /home/airflow/.local/lib/python3.7/site-packages/airflow/example_dags/example_short_circuit_operator.py
[2025-01-27T08:44:43.642+0000] {processor.py:756} INFO - Processing file /home/airflow/.local/lib/python3.7/site-packages/airflow/example_dags/example_short_circuit_operator.py for tasks to queue
[2025-01-27T08:44:43.644+0000] {logging_mixin.py:120} INFO - [2025-01-27T08:44:43.643+0000] {dagbag.py:537} INFO - Filling up the DagBag from /home/airflow/.local/lib/python3.7/site-packages/airflow/example_dags/example_short_circuit_operator.py
[2025-01-27T08:44:43.676+0000] {processor.py:766} INFO - DAG(s) dict_keys(['example_short_circuit_operator']) retrieved from /home/airflow/.local/lib/python3.7/site-packages/airflow/example_dags/example_short_circuit_operator.py
[2025-01-27T08:44:43.759+0000] {logging_mixin.py:120} INFO - [2025-01-27T08:44:43.759+0000] {dag.py:2585} INFO - Sync 1 DAGs
[2025-01-27T08:44:43.809+0000] {logging_mixin.py:120} INFO - [2025-01-27T08:44:43.808+0000] {dag.py:3340} INFO - Setting next_dagrun for example_short_circuit_operator to 2025-01-26T08:44:43.808595+00:00, run_after=2025-01-27T08:44:43.808595+00:00
[2025-01-27T08:44:43.849+0000] {processor.py:176} INFO - Processing /home/airflow/.local/lib/python3.7/site-packages/airflow/example_dags/example_short_circuit_operator.py took 0.216 seconds
[2025-01-27T08:45:14.589+0000] {processor.py:154} INFO - Started process (PID=1352) to work on /home/airflow/.local/lib/python3.7/site-packages/airflow/example_dags/example_short_circuit_operator.py
[2025-01-27T08:45:14.591+0000] {processor.py:756} INFO - Processing file /home/airflow/.local/lib/python3.7/site-packages/airflow/example_dags/example_short_circuit_operator.py for tasks to queue
[2025-01-27T08:45:14.594+0000] {logging_mixin.py:120} INFO - [2025-01-27T08:45:14.593+0000] {dagbag.py:537} INFO - Filling up the DagBag from /home/airflow/.local/lib/python3.7/site-packages/airflow/example_dags/example_short_circuit_operator.py
[2025-01-27T08:45:14.631+0000] {processor.py:766} INFO - DAG(s) dict_keys(['example_short_circuit_operator']) retrieved from /home/airflow/.local/lib/python3.7/site-packages/airflow/example_dags/example_short_circuit_operator.py
[2025-01-27T08:45:14.712+0000] {logging_mixin.py:120} INFO - [2025-01-27T08:45:14.711+0000] {dag.py:2585} INFO - Sync 1 DAGs
[2025-01-27T08:45:14.761+0000] {logging_mixin.py:120} INFO - [2025-01-27T08:45:14.761+0000] {dag.py:3340} INFO - Setting next_dagrun for example_short_circuit_operator to 2025-01-26T08:45:14.760645+00:00, run_after=2025-01-27T08:45:14.760645+00:00
[2025-01-27T08:45:14.799+0000] {processor.py:176} INFO - Processing /home/airflow/.local/lib/python3.7/site-packages/airflow/example_dags/example_short_circuit_operator.py took 0.216 seconds
[2025-01-27T08:45:45.679+0000] {processor.py:154} INFO - Started process (PID=1405) to work on /home/airflow/.local/lib/python3.7/site-packages/airflow/example_dags/example_short_circuit_operator.py
[2025-01-27T08:45:45.680+0000] {processor.py:756} INFO - Processing file /home/airflow/.local/lib/python3.7/site-packages/airflow/example_dags/example_short_circuit_operator.py for tasks to queue
[2025-01-27T08:45:45.682+0000] {logging_mixin.py:120} INFO - [2025-01-27T08:45:45.682+0000] {dagbag.py:537} INFO - Filling up the DagBag from /home/airflow/.local/lib/python3.7/site-packages/airflow/example_dags/example_short_circuit_operator.py
[2025-01-27T08:45:45.711+0000] {processor.py:766} INFO - DAG(s) dict_keys(['example_short_circuit_operator']) retrieved from /home/airflow/.local/lib/python3.7/site-packages/airflow/example_dags/example_short_circuit_operator.py
[2025-01-27T08:45:45.783+0000] {logging_mixin.py:120} INFO - [2025-01-27T08:45:45.783+0000] {dag.py:2585} INFO - Sync 1 DAGs
[2025-01-27T08:45:45.839+0000] {logging_mixin.py:120} INFO - [2025-01-27T08:45:45.839+0000] {dag.py:3340} INFO - Setting next_dagrun for example_short_circuit_operator to 2025-01-26T08:45:45.837209+00:00, run_after=2025-01-27T08:45:45.837209+00:00
[2025-01-27T08:45:45.875+0000] {processor.py:176} INFO - Processing /home/airflow/.local/lib/python3.7/site-packages/airflow/example_dags/example_short_circuit_operator.py took 0.203 seconds
[2025-01-27T08:46:16.188+0000] {processor.py:154} INFO - Started process (PID=1465) to work on /home/airflow/.local/lib/python3.7/site-packages/airflow/example_dags/example_short_circuit_operator.py
[2025-01-27T08:46:16.190+0000] {processor.py:756} INFO - Processing file /home/airflow/.local/lib/python3.7/site-packages/airflow/example_dags/example_short_circuit_operator.py for tasks to queue
[2025-01-27T08:46:16.191+0000] {logging_mixin.py:120} INFO - [2025-01-27T08:46:16.191+0000] {dagbag.py:537} INFO - Filling up the DagBag from /home/airflow/.local/lib/python3.7/site-packages/airflow/example_dags/example_short_circuit_operator.py
[2025-01-27T08:46:16.229+0000] {processor.py:766} INFO - DAG(s) dict_keys(['example_short_circuit_operator']) retrieved from /home/airflow/.local/lib/python3.7/site-packages/airflow/example_dags/example_short_circuit_operator.py
[2025-01-27T08:46:16.328+0000] {logging_mixin.py:120} INFO - [2025-01-27T08:46:16.328+0000] {dag.py:2585} INFO - Sync 1 DAGs
[2025-01-27T08:46:16.387+0000] {logging_mixin.py:120} INFO - [2025-01-27T08:46:16.387+0000] {dag.py:3340} INFO - Setting next_dagrun for example_short_circuit_operator to 2025-01-26T08:46:16.387048+00:00, run_after=2025-01-27T08:46:16.387048+00:00
[2025-01-27T08:46:16.424+0000] {processor.py:176} INFO - Processing /home/airflow/.local/lib/python3.7/site-packages/airflow/example_dags/example_short_circuit_operator.py took 0.241 seconds
[2025-01-27T08:46:46.844+0000] {processor.py:154} INFO - Started process (PID=1521) to work on /home/airflow/.local/lib/python3.7/site-packages/airflow/example_dags/example_short_circuit_operator.py
[2025-01-27T08:46:46.845+0000] {processor.py:756} INFO - Processing file /home/airflow/.local/lib/python3.7/site-packages/airflow/example_dags/example_short_circuit_operator.py for tasks to queue
[2025-01-27T08:46:46.847+0000] {logging_mixin.py:120} INFO - [2025-01-27T08:46:46.847+0000] {dagbag.py:537} INFO - Filling up the DagBag from /home/airflow/.local/lib/python3.7/site-packages/airflow/example_dags/example_short_circuit_operator.py
[2025-01-27T08:46:46.875+0000] {processor.py:766} INFO - DAG(s) dict_keys(['example_short_circuit_operator']) retrieved from /home/airflow/.local/lib/python3.7/site-packages/airflow/example_dags/example_short_circuit_operator.py
[2025-01-27T08:46:46.953+0000] {logging_mixin.py:120} INFO - [2025-01-27T08:46:46.952+0000] {dag.py:2585} INFO - Sync 1 DAGs
[2025-01-27T08:46:46.998+0000] {logging_mixin.py:120} INFO - [2025-01-27T08:46:46.998+0000] {dag.py:3340} INFO - Setting next_dagrun for example_short_circuit_operator to 2025-01-26T08:46:46.998345+00:00, run_after=2025-01-27T08:46:46.998345+00:00
[2025-01-27T08:46:47.046+0000] {processor.py:176} INFO - Processing /home/airflow/.local/lib/python3.7/site-packages/airflow/example_dags/example_short_circuit_operator.py took 0.209 seconds
[2025-01-27T08:47:17.718+0000] {processor.py:154} INFO - Started process (PID=1575) to work on /home/airflow/.local/lib/python3.7/site-packages/airflow/example_dags/example_short_circuit_operator.py
[2025-01-27T08:47:17.720+0000] {processor.py:756} INFO - Processing file /home/airflow/.local/lib/python3.7/site-packages/airflow/example_dags/example_short_circuit_operator.py for tasks to queue
[2025-01-27T08:47:17.721+0000] {logging_mixin.py:120} INFO - [2025-01-27T08:47:17.721+0000] {dagbag.py:537} INFO - Filling up the DagBag from /home/airflow/.local/lib/python3.7/site-packages/airflow/example_dags/example_short_circuit_operator.py
[2025-01-27T08:47:17.755+0000] {processor.py:766} INFO - DAG(s) dict_keys(['example_short_circuit_operator']) retrieved from /home/airflow/.local/lib/python3.7/site-packages/airflow/example_dags/example_short_circuit_operator.py
[2025-01-27T08:47:17.834+0000] {logging_mixin.py:120} INFO - [2025-01-27T08:47:17.834+0000] {dag.py:2585} INFO - Sync 1 DAGs
[2025-01-27T08:47:17.891+0000] {logging_mixin.py:120} INFO - [2025-01-27T08:47:17.890+0000] {dag.py:3340} INFO - Setting next_dagrun for example_short_circuit_operator to 2025-01-26T08:47:17.890504+00:00, run_after=2025-01-27T08:47:17.890504+00:00
[2025-01-27T08:47:17.931+0000] {processor.py:176} INFO - Processing /home/airflow/.local/lib/python3.7/site-packages/airflow/example_dags/example_short_circuit_operator.py took 0.220 seconds
[2025-01-27T08:47:48.303+0000] {processor.py:154} INFO - Started process (PID=1638) to work on /home/airflow/.local/lib/python3.7/site-packages/airflow/example_dags/example_short_circuit_operator.py
[2025-01-27T08:47:48.305+0000] {processor.py:756} INFO - Processing file /home/airflow/.local/lib/python3.7/site-packages/airflow/example_dags/example_short_circuit_operator.py for tasks to queue
[2025-01-27T08:47:48.306+0000] {logging_mixin.py:120} INFO - [2025-01-27T08:47:48.306+0000] {dagbag.py:537} INFO - Filling up the DagBag from /home/airflow/.local/lib/python3.7/site-packages/airflow/example_dags/example_short_circuit_operator.py
[2025-01-27T08:47:48.332+0000] {processor.py:766} INFO - DAG(s) dict_keys(['example_short_circuit_operator']) retrieved from /home/airflow/.local/lib/python3.7/site-packages/airflow/example_dags/example_short_circuit_operator.py
[2025-01-27T08:47:48.412+0000] {logging_mixin.py:120} INFO - [2025-01-27T08:47:48.411+0000] {dag.py:2585} INFO - Sync 1 DAGs
[2025-01-27T08:47:48.457+0000] {logging_mixin.py:120} INFO - [2025-01-27T08:47:48.457+0000] {dag.py:3340} INFO - Setting next_dagrun for example_short_circuit_operator to 2025-01-26T08:47:48.456939+00:00, run_after=2025-01-27T08:47:48.456939+00:00
[2025-01-27T08:47:48.490+0000] {processor.py:176} INFO - Processing /home/airflow/.local/lib/python3.7/site-packages/airflow/example_dags/example_short_circuit_operator.py took 0.193 seconds
[2025-01-27T08:48:19.188+0000] {processor.py:154} INFO - Started process (PID=1692) to work on /home/airflow/.local/lib/python3.7/site-packages/airflow/example_dags/example_short_circuit_operator.py
[2025-01-27T08:48:19.190+0000] {processor.py:756} INFO - Processing file /home/airflow/.local/lib/python3.7/site-packages/airflow/example_dags/example_short_circuit_operator.py for tasks to queue
[2025-01-27T08:48:19.192+0000] {logging_mixin.py:120} INFO - [2025-01-27T08:48:19.191+0000] {dagbag.py:537} INFO - Filling up the DagBag from /home/airflow/.local/lib/python3.7/site-packages/airflow/example_dags/example_short_circuit_operator.py
[2025-01-27T08:48:19.226+0000] {processor.py:766} INFO - DAG(s) dict_keys(['example_short_circuit_operator']) retrieved from /home/airflow/.local/lib/python3.7/site-packages/airflow/example_dags/example_short_circuit_operator.py
[2025-01-27T08:48:19.312+0000] {logging_mixin.py:120} INFO - [2025-01-27T08:48:19.312+0000] {dag.py:2585} INFO - Sync 1 DAGs
[2025-01-27T08:48:19.363+0000] {logging_mixin.py:120} INFO - [2025-01-27T08:48:19.363+0000] {dag.py:3340} INFO - Setting next_dagrun for example_short_circuit_operator to 2025-01-26T08:48:19.363083+00:00, run_after=2025-01-27T08:48:19.363083+00:00
[2025-01-27T08:48:19.400+0000] {processor.py:176} INFO - Processing /home/airflow/.local/lib/python3.7/site-packages/airflow/example_dags/example_short_circuit_operator.py took 0.217 seconds
[2025-01-27T08:48:49.954+0000] {processor.py:154} INFO - Started process (PID=1755) to work on /home/airflow/.local/lib/python3.7/site-packages/airflow/example_dags/example_short_circuit_operator.py
[2025-01-27T08:48:49.956+0000] {processor.py:756} INFO - Processing file /home/airflow/.local/lib/python3.7/site-packages/airflow/example_dags/example_short_circuit_operator.py for tasks to queue
[2025-01-27T08:48:49.958+0000] {logging_mixin.py:120} INFO - [2025-01-27T08:48:49.958+0000] {dagbag.py:537} INFO - Filling up the DagBag from /home/airflow/.local/lib/python3.7/site-packages/airflow/example_dags/example_short_circuit_operator.py
[2025-01-27T08:48:49.995+0000] {processor.py:766} INFO - DAG(s) dict_keys(['example_short_circuit_operator']) retrieved from /home/airflow/.local/lib/python3.7/site-packages/airflow/example_dags/example_short_circuit_operator.py
[2025-01-27T08:48:50.081+0000] {logging_mixin.py:120} INFO - [2025-01-27T08:48:50.081+0000] {dag.py:2585} INFO - Sync 1 DAGs
[2025-01-27T08:48:50.126+0000] {logging_mixin.py:120} INFO - [2025-01-27T08:48:50.126+0000] {dag.py:3340} INFO - Setting next_dagrun for example_short_circuit_operator to 2025-01-26T08:48:50.126070+00:00, run_after=2025-01-27T08:48:50.126070+00:00
[2025-01-27T08:48:50.162+0000] {processor.py:176} INFO - Processing /home/airflow/.local/lib/python3.7/site-packages/airflow/example_dags/example_short_circuit_operator.py took 0.213 seconds
[2025-01-27T08:49:20.774+0000] {processor.py:154} INFO - Started process (PID=1809) to work on /home/airflow/.local/lib/python3.7/site-packages/airflow/example_dags/example_short_circuit_operator.py
[2025-01-27T08:49:20.776+0000] {processor.py:756} INFO - Processing file /home/airflow/.local/lib/python3.7/site-packages/airflow/example_dags/example_short_circuit_operator.py for tasks to queue
[2025-01-27T08:49:20.777+0000] {logging_mixin.py:120} INFO - [2025-01-27T08:49:20.777+0000] {dagbag.py:537} INFO - Filling up the DagBag from /home/airflow/.local/lib/python3.7/site-packages/airflow/example_dags/example_short_circuit_operator.py
[2025-01-27T08:49:20.811+0000] {processor.py:766} INFO - DAG(s) dict_keys(['example_short_circuit_operator']) retrieved from /home/airflow/.local/lib/python3.7/site-packages/airflow/example_dags/example_short_circuit_operator.py
[2025-01-27T08:49:20.899+0000] {logging_mixin.py:120} INFO - [2025-01-27T08:49:20.899+0000] {dag.py:2585} INFO - Sync 1 DAGs
[2025-01-27T08:49:20.947+0000] {logging_mixin.py:120} INFO - [2025-01-27T08:49:20.946+0000] {dag.py:3340} INFO - Setting next_dagrun for example_short_circuit_operator to 2025-01-26T08:49:20.946525+00:00, run_after=2025-01-27T08:49:20.946525+00:00
[2025-01-27T08:49:20.985+0000] {processor.py:176} INFO - Processing /home/airflow/.local/lib/python3.7/site-packages/airflow/example_dags/example_short_circuit_operator.py took 0.219 seconds
[2025-01-27T08:49:51.310+0000] {processor.py:154} INFO - Started process (PID=1872) to work on /home/airflow/.local/lib/python3.7/site-packages/airflow/example_dags/example_short_circuit_operator.py
[2025-01-27T08:49:51.311+0000] {processor.py:756} INFO - Processing file /home/airflow/.local/lib/python3.7/site-packages/airflow/example_dags/example_short_circuit_operator.py for tasks to queue
[2025-01-27T08:49:51.313+0000] {logging_mixin.py:120} INFO - [2025-01-27T08:49:51.312+0000] {dagbag.py:537} INFO - Filling up the DagBag from /home/airflow/.local/lib/python3.7/site-packages/airflow/example_dags/example_short_circuit_operator.py
[2025-01-27T08:49:51.342+0000] {processor.py:766} INFO - DAG(s) dict_keys(['example_short_circuit_operator']) retrieved from /home/airflow/.local/lib/python3.7/site-packages/airflow/example_dags/example_short_circuit_operator.py
[2025-01-27T08:49:51.430+0000] {logging_mixin.py:120} INFO - [2025-01-27T08:49:51.429+0000] {dag.py:2585} INFO - Sync 1 DAGs
[2025-01-27T08:49:51.481+0000] {logging_mixin.py:120} INFO - [2025-01-27T08:49:51.481+0000] {dag.py:3340} INFO - Setting next_dagrun for example_short_circuit_operator to 2025-01-26T08:49:51.481024+00:00, run_after=2025-01-27T08:49:51.481024+00:00
[2025-01-27T08:49:51.520+0000] {processor.py:176} INFO - Processing /home/airflow/.local/lib/python3.7/site-packages/airflow/example_dags/example_short_circuit_operator.py took 0.220 seconds
[2025-01-27T08:50:22.004+0000] {processor.py:154} INFO - Started process (PID=1926) to work on /home/airflow/.local/lib/python3.7/site-packages/airflow/example_dags/example_short_circuit_operator.py
[2025-01-27T08:50:22.006+0000] {processor.py:756} INFO - Processing file /home/airflow/.local/lib/python3.7/site-packages/airflow/example_dags/example_short_circuit_operator.py for tasks to queue
[2025-01-27T08:50:22.008+0000] {logging_mixin.py:120} INFO - [2025-01-27T08:50:22.008+0000] {dagbag.py:537} INFO - Filling up the DagBag from /home/airflow/.local/lib/python3.7/site-packages/airflow/example_dags/example_short_circuit_operator.py
[2025-01-27T08:50:22.041+0000] {processor.py:766} INFO - DAG(s) dict_keys(['example_short_circuit_operator']) retrieved from /home/airflow/.local/lib/python3.7/site-packages/airflow/example_dags/example_short_circuit_operator.py
[2025-01-27T08:50:22.125+0000] {logging_mixin.py:120} INFO - [2025-01-27T08:50:22.125+0000] {dag.py:2585} INFO - Sync 1 DAGs
[2025-01-27T08:50:22.178+0000] {logging_mixin.py:120} INFO - [2025-01-27T08:50:22.178+0000] {dag.py:3340} INFO - Setting next_dagrun for example_short_circuit_operator to 2025-01-26T08:50:22.178182+00:00, run_after=2025-01-27T08:50:22.178182+00:00
[2025-01-27T08:50:22.218+0000] {processor.py:176} INFO - Processing /home/airflow/.local/lib/python3.7/site-packages/airflow/example_dags/example_short_circuit_operator.py took 0.220 seconds
[2025-01-27T08:50:52.488+0000] {processor.py:154} INFO - Started process (PID=1988) to work on /home/airflow/.local/lib/python3.7/site-packages/airflow/example_dags/example_short_circuit_operator.py
[2025-01-27T08:50:52.489+0000] {processor.py:756} INFO - Processing file /home/airflow/.local/lib/python3.7/site-packages/airflow/example_dags/example_short_circuit_operator.py for tasks to queue
[2025-01-27T08:50:52.490+0000] {logging_mixin.py:120} INFO - [2025-01-27T08:50:52.490+0000] {dagbag.py:537} INFO - Filling up the DagBag from /home/airflow/.local/lib/python3.7/site-packages/airflow/example_dags/example_short_circuit_operator.py
[2025-01-27T08:50:52.520+0000] {processor.py:766} INFO - DAG(s) dict_keys(['example_short_circuit_operator']) retrieved from /home/airflow/.local/lib/python3.7/site-packages/airflow/example_dags/example_short_circuit_operator.py
[2025-01-27T08:50:52.604+0000] {logging_mixin.py:120} INFO - [2025-01-27T08:50:52.603+0000] {dag.py:2585} INFO - Sync 1 DAGs
[2025-01-27T08:50:52.664+0000] {logging_mixin.py:120} INFO - [2025-01-27T08:50:52.663+0000] {dag.py:3340} INFO - Setting next_dagrun for example_short_circuit_operator to 2025-01-26T08:50:52.663145+00:00, run_after=2025-01-27T08:50:52.663145+00:00
[2025-01-27T08:50:52.728+0000] {processor.py:176} INFO - Processing /home/airflow/.local/lib/python3.7/site-packages/airflow/example_dags/example_short_circuit_operator.py took 0.245 seconds
[2025-01-27T08:51:23.321+0000] {processor.py:154} INFO - Started process (PID=2042) to work on /home/airflow/.local/lib/python3.7/site-packages/airflow/example_dags/example_short_circuit_operator.py
[2025-01-27T08:51:23.323+0000] {processor.py:756} INFO - Processing file /home/airflow/.local/lib/python3.7/site-packages/airflow/example_dags/example_short_circuit_operator.py for tasks to queue
[2025-01-27T08:51:23.325+0000] {logging_mixin.py:120} INFO - [2025-01-27T08:51:23.324+0000] {dagbag.py:537} INFO - Filling up the DagBag from /home/airflow/.local/lib/python3.7/site-packages/airflow/example_dags/example_short_circuit_operator.py
[2025-01-27T08:51:23.356+0000] {processor.py:766} INFO - DAG(s) dict_keys(['example_short_circuit_operator']) retrieved from /home/airflow/.local/lib/python3.7/site-packages/airflow/example_dags/example_short_circuit_operator.py
[2025-01-27T08:51:23.437+0000] {logging_mixin.py:120} INFO - [2025-01-27T08:51:23.437+0000] {dag.py:2585} INFO - Sync 1 DAGs
[2025-01-27T08:51:23.481+0000] {logging_mixin.py:120} INFO - [2025-01-27T08:51:23.481+0000] {dag.py:3340} INFO - Setting next_dagrun for example_short_circuit_operator to 2025-01-26T08:51:23.480772+00:00, run_after=2025-01-27T08:51:23.480772+00:00
[2025-01-27T08:51:23.588+0000] {processor.py:176} INFO - Processing /home/airflow/.local/lib/python3.7/site-packages/airflow/example_dags/example_short_circuit_operator.py took 0.278 seconds
[2025-01-27T08:51:53.755+0000] {processor.py:154} INFO - Started process (PID=2103) to work on /home/airflow/.local/lib/python3.7/site-packages/airflow/example_dags/example_short_circuit_operator.py
[2025-01-27T08:51:53.757+0000] {processor.py:756} INFO - Processing file /home/airflow/.local/lib/python3.7/site-packages/airflow/example_dags/example_short_circuit_operator.py for tasks to queue
[2025-01-27T08:51:53.758+0000] {logging_mixin.py:120} INFO - [2025-01-27T08:51:53.758+0000] {dagbag.py:537} INFO - Filling up the DagBag from /home/airflow/.local/lib/python3.7/site-packages/airflow/example_dags/example_short_circuit_operator.py
[2025-01-27T08:51:53.793+0000] {processor.py:766} INFO - DAG(s) dict_keys(['example_short_circuit_operator']) retrieved from /home/airflow/.local/lib/python3.7/site-packages/airflow/example_dags/example_short_circuit_operator.py
[2025-01-27T08:51:53.882+0000] {logging_mixin.py:120} INFO - [2025-01-27T08:51:53.881+0000] {dag.py:2585} INFO - Sync 1 DAGs
[2025-01-27T08:51:53.931+0000] {logging_mixin.py:120} INFO - [2025-01-27T08:51:53.931+0000] {dag.py:3340} INFO - Setting next_dagrun for example_short_circuit_operator to 2025-01-26T08:51:53.931170+00:00, run_after=2025-01-27T08:51:53.931170+00:00
[2025-01-27T08:51:53.966+0000] {processor.py:176} INFO - Processing /home/airflow/.local/lib/python3.7/site-packages/airflow/example_dags/example_short_circuit_operator.py took 0.217 seconds
[2025-01-27T08:52:25.310+0000] {processor.py:154} INFO - Started process (PID=2158) to work on /home/airflow/.local/lib/python3.7/site-packages/airflow/example_dags/example_short_circuit_operator.py
[2025-01-27T08:52:25.312+0000] {processor.py:756} INFO - Processing file /home/airflow/.local/lib/python3.7/site-packages/airflow/example_dags/example_short_circuit_operator.py for tasks to queue
[2025-01-27T08:52:25.313+0000] {logging_mixin.py:120} INFO - [2025-01-27T08:52:25.313+0000] {dagbag.py:537} INFO - Filling up the DagBag from /home/airflow/.local/lib/python3.7/site-packages/airflow/example_dags/example_short_circuit_operator.py
[2025-01-27T08:52:25.344+0000] {processor.py:766} INFO - DAG(s) dict_keys(['example_short_circuit_operator']) retrieved from /home/airflow/.local/lib/python3.7/site-packages/airflow/example_dags/example_short_circuit_operator.py
[2025-01-27T08:52:25.418+0000] {logging_mixin.py:120} INFO - [2025-01-27T08:52:25.417+0000] {dag.py:2585} INFO - Sync 1 DAGs
[2025-01-27T08:52:25.465+0000] {logging_mixin.py:120} INFO - [2025-01-27T08:52:25.464+0000] {dag.py:3340} INFO - Setting next_dagrun for example_short_circuit_operator to 2025-01-26T08:52:25.464445+00:00, run_after=2025-01-27T08:52:25.464445+00:00
[2025-01-27T08:52:25.500+0000] {processor.py:176} INFO - Processing /home/airflow/.local/lib/python3.7/site-packages/airflow/example_dags/example_short_circuit_operator.py took 0.196 seconds
[2025-01-27T08:52:55.870+0000] {processor.py:154} INFO - Started process (PID=2221) to work on /home/airflow/.local/lib/python3.7/site-packages/airflow/example_dags/example_short_circuit_operator.py
[2025-01-27T08:52:55.873+0000] {processor.py:756} INFO - Processing file /home/airflow/.local/lib/python3.7/site-packages/airflow/example_dags/example_short_circuit_operator.py for tasks to queue
[2025-01-27T08:52:55.875+0000] {logging_mixin.py:120} INFO - [2025-01-27T08:52:55.875+0000] {dagbag.py:537} INFO - Filling up the DagBag from /home/airflow/.local/lib/python3.7/site-packages/airflow/example_dags/example_short_circuit_operator.py
[2025-01-27T08:52:55.902+0000] {processor.py:766} INFO - DAG(s) dict_keys(['example_short_circuit_operator']) retrieved from /home/airflow/.local/lib/python3.7/site-packages/airflow/example_dags/example_short_circuit_operator.py
[2025-01-27T08:52:55.983+0000] {logging_mixin.py:120} INFO - [2025-01-27T08:52:55.983+0000] {dag.py:2585} INFO - Sync 1 DAGs
[2025-01-27T08:52:56.037+0000] {logging_mixin.py:120} INFO - [2025-01-27T08:52:56.036+0000] {dag.py:3340} INFO - Setting next_dagrun for example_short_circuit_operator to 2025-01-26T08:52:56.036548+00:00, run_after=2025-01-27T08:52:56.036548+00:00
[2025-01-27T08:52:56.077+0000] {processor.py:176} INFO - Processing /home/airflow/.local/lib/python3.7/site-packages/airflow/example_dags/example_short_circuit_operator.py took 0.213 seconds
[2025-01-27T08:53:27.166+0000] {processor.py:154} INFO - Started process (PID=2275) to work on /home/airflow/.local/lib/python3.7/site-packages/airflow/example_dags/example_short_circuit_operator.py
[2025-01-27T08:53:27.168+0000] {processor.py:756} INFO - Processing file /home/airflow/.local/lib/python3.7/site-packages/airflow/example_dags/example_short_circuit_operator.py for tasks to queue
[2025-01-27T08:53:27.170+0000] {logging_mixin.py:120} INFO - [2025-01-27T08:53:27.169+0000] {dagbag.py:537} INFO - Filling up the DagBag from /home/airflow/.local/lib/python3.7/site-packages/airflow/example_dags/example_short_circuit_operator.py
[2025-01-27T08:53:27.216+0000] {processor.py:766} INFO - DAG(s) dict_keys(['example_short_circuit_operator']) retrieved from /home/airflow/.local/lib/python3.7/site-packages/airflow/example_dags/example_short_circuit_operator.py
[2025-01-27T08:53:27.318+0000] {logging_mixin.py:120} INFO - [2025-01-27T08:53:27.318+0000] {dag.py:2585} INFO - Sync 1 DAGs
[2025-01-27T08:53:27.377+0000] {logging_mixin.py:120} INFO - [2025-01-27T08:53:27.377+0000] {dag.py:3340} INFO - Setting next_dagrun for example_short_circuit_operator to 2025-01-26T08:53:27.376899+00:00, run_after=2025-01-27T08:53:27.376899+00:00
[2025-01-27T08:53:27.423+0000] {processor.py:176} INFO - Processing /home/airflow/.local/lib/python3.7/site-packages/airflow/example_dags/example_short_circuit_operator.py took 0.265 seconds
[2025-01-27T08:53:57.849+0000] {processor.py:154} INFO - Started process (PID=2337) to work on /home/airflow/.local/lib/python3.7/site-packages/airflow/example_dags/example_short_circuit_operator.py
[2025-01-27T08:53:57.850+0000] {processor.py:756} INFO - Processing file /home/airflow/.local/lib/python3.7/site-packages/airflow/example_dags/example_short_circuit_operator.py for tasks to queue
[2025-01-27T08:53:57.852+0000] {logging_mixin.py:120} INFO - [2025-01-27T08:53:57.851+0000] {dagbag.py:537} INFO - Filling up the DagBag from /home/airflow/.local/lib/python3.7/site-packages/airflow/example_dags/example_short_circuit_operator.py
[2025-01-27T08:53:57.884+0000] {processor.py:766} INFO - DAG(s) dict_keys(['example_short_circuit_operator']) retrieved from /home/airflow/.local/lib/python3.7/site-packages/airflow/example_dags/example_short_circuit_operator.py
[2025-01-27T08:53:57.960+0000] {logging_mixin.py:120} INFO - [2025-01-27T08:53:57.960+0000] {dag.py:2585} INFO - Sync 1 DAGs
[2025-01-27T08:53:58.003+0000] {logging_mixin.py:120} INFO - [2025-01-27T08:53:58.003+0000] {dag.py:3340} INFO - Setting next_dagrun for example_short_circuit_operator to 2025-01-26T08:53:58.002792+00:00, run_after=2025-01-27T08:53:58.002792+00:00
[2025-01-27T08:53:58.035+0000] {processor.py:176} INFO - Processing /home/airflow/.local/lib/python3.7/site-packages/airflow/example_dags/example_short_circuit_operator.py took 0.192 seconds
[2025-01-27T08:54:28.455+0000] {processor.py:154} INFO - Started process (PID=2391) to work on /home/airflow/.local/lib/python3.7/site-packages/airflow/example_dags/example_short_circuit_operator.py
[2025-01-27T08:54:28.457+0000] {processor.py:756} INFO - Processing file /home/airflow/.local/lib/python3.7/site-packages/airflow/example_dags/example_short_circuit_operator.py for tasks to queue
[2025-01-27T08:54:28.458+0000] {logging_mixin.py:120} INFO - [2025-01-27T08:54:28.458+0000] {dagbag.py:537} INFO - Filling up the DagBag from /home/airflow/.local/lib/python3.7/site-packages/airflow/example_dags/example_short_circuit_operator.py
[2025-01-27T08:54:28.487+0000] {processor.py:766} INFO - DAG(s) dict_keys(['example_short_circuit_operator']) retrieved from /home/airflow/.local/lib/python3.7/site-packages/airflow/example_dags/example_short_circuit_operator.py
[2025-01-27T08:54:28.558+0000] {logging_mixin.py:120} INFO - [2025-01-27T08:54:28.557+0000] {dag.py:2585} INFO - Sync 1 DAGs
[2025-01-27T08:54:28.613+0000] {logging_mixin.py:120} INFO - [2025-01-27T08:54:28.613+0000] {dag.py:3340} INFO - Setting next_dagrun for example_short_circuit_operator to 2025-01-26T08:54:28.612865+00:00, run_after=2025-01-27T08:54:28.612865+00:00
[2025-01-27T08:54:28.653+0000] {processor.py:176} INFO - Processing /home/airflow/.local/lib/python3.7/site-packages/airflow/example_dags/example_short_circuit_operator.py took 0.203 seconds
[2025-01-27T08:54:59.243+0000] {processor.py:154} INFO - Started process (PID=2454) to work on /home/airflow/.local/lib/python3.7/site-packages/airflow/example_dags/example_short_circuit_operator.py
[2025-01-27T08:54:59.245+0000] {processor.py:756} INFO - Processing file /home/airflow/.local/lib/python3.7/site-packages/airflow/example_dags/example_short_circuit_operator.py for tasks to queue
[2025-01-27T08:54:59.247+0000] {logging_mixin.py:120} INFO - [2025-01-27T08:54:59.247+0000] {dagbag.py:537} INFO - Filling up the DagBag from /home/airflow/.local/lib/python3.7/site-packages/airflow/example_dags/example_short_circuit_operator.py
[2025-01-27T08:54:59.291+0000] {processor.py:766} INFO - DAG(s) dict_keys(['example_short_circuit_operator']) retrieved from /home/airflow/.local/lib/python3.7/site-packages/airflow/example_dags/example_short_circuit_operator.py
[2025-01-27T08:54:59.379+0000] {logging_mixin.py:120} INFO - [2025-01-27T08:54:59.379+0000] {dag.py:2585} INFO - Sync 1 DAGs
[2025-01-27T08:54:59.420+0000] {logging_mixin.py:120} INFO - [2025-01-27T08:54:59.420+0000] {dag.py:3340} INFO - Setting next_dagrun for example_short_circuit_operator to 2025-01-26T08:54:59.420394+00:00, run_after=2025-01-27T08:54:59.420394+00:00
[2025-01-27T08:54:59.455+0000] {processor.py:176} INFO - Processing /home/airflow/.local/lib/python3.7/site-packages/airflow/example_dags/example_short_circuit_operator.py took 0.219 seconds
[2025-01-27T08:55:30.446+0000] {processor.py:154} INFO - Started process (PID=2507) to work on /home/airflow/.local/lib/python3.7/site-packages/airflow/example_dags/example_short_circuit_operator.py
[2025-01-27T08:55:30.448+0000] {processor.py:756} INFO - Processing file /home/airflow/.local/lib/python3.7/site-packages/airflow/example_dags/example_short_circuit_operator.py for tasks to queue
[2025-01-27T08:55:30.450+0000] {logging_mixin.py:120} INFO - [2025-01-27T08:55:30.450+0000] {dagbag.py:537} INFO - Filling up the DagBag from /home/airflow/.local/lib/python3.7/site-packages/airflow/example_dags/example_short_circuit_operator.py
[2025-01-27T08:55:30.487+0000] {processor.py:766} INFO - DAG(s) dict_keys(['example_short_circuit_operator']) retrieved from /home/airflow/.local/lib/python3.7/site-packages/airflow/example_dags/example_short_circuit_operator.py
[2025-01-27T08:55:30.568+0000] {logging_mixin.py:120} INFO - [2025-01-27T08:55:30.567+0000] {dag.py:2585} INFO - Sync 1 DAGs
[2025-01-27T08:55:30.619+0000] {logging_mixin.py:120} INFO - [2025-01-27T08:55:30.619+0000] {dag.py:3340} INFO - Setting next_dagrun for example_short_circuit_operator to 2025-01-26T08:55:30.618532+00:00, run_after=2025-01-27T08:55:30.618532+00:00
[2025-01-27T08:55:30.663+0000] {processor.py:176} INFO - Processing /home/airflow/.local/lib/python3.7/site-packages/airflow/example_dags/example_short_circuit_operator.py took 0.223 seconds
[2025-01-27T08:56:01.279+0000] {processor.py:154} INFO - Started process (PID=2569) to work on /home/airflow/.local/lib/python3.7/site-packages/airflow/example_dags/example_short_circuit_operator.py
[2025-01-27T08:56:01.286+0000] {processor.py:756} INFO - Processing file /home/airflow/.local/lib/python3.7/site-packages/airflow/example_dags/example_short_circuit_operator.py for tasks to queue
[2025-01-27T08:56:01.288+0000] {logging_mixin.py:120} INFO - [2025-01-27T08:56:01.288+0000] {dagbag.py:537} INFO - Filling up the DagBag from /home/airflow/.local/lib/python3.7/site-packages/airflow/example_dags/example_short_circuit_operator.py
[2025-01-27T08:56:01.325+0000] {processor.py:766} INFO - DAG(s) dict_keys(['example_short_circuit_operator']) retrieved from /home/airflow/.local/lib/python3.7/site-packages/airflow/example_dags/example_short_circuit_operator.py
[2025-01-27T08:56:01.416+0000] {logging_mixin.py:120} INFO - [2025-01-27T08:56:01.416+0000] {dag.py:2585} INFO - Sync 1 DAGs
[2025-01-27T08:56:01.469+0000] {logging_mixin.py:120} INFO - [2025-01-27T08:56:01.469+0000] {dag.py:3340} INFO - Setting next_dagrun for example_short_circuit_operator to 2025-01-26T08:56:01.469009+00:00, run_after=2025-01-27T08:56:01.469009+00:00
[2025-01-27T08:56:01.510+0000] {processor.py:176} INFO - Processing /home/airflow/.local/lib/python3.7/site-packages/airflow/example_dags/example_short_circuit_operator.py took 0.247 seconds
[2025-01-27T08:56:32.126+0000] {processor.py:154} INFO - Started process (PID=2623) to work on /home/airflow/.local/lib/python3.7/site-packages/airflow/example_dags/example_short_circuit_operator.py
[2025-01-27T08:56:32.128+0000] {processor.py:756} INFO - Processing file /home/airflow/.local/lib/python3.7/site-packages/airflow/example_dags/example_short_circuit_operator.py for tasks to queue
[2025-01-27T08:56:32.130+0000] {logging_mixin.py:120} INFO - [2025-01-27T08:56:32.130+0000] {dagbag.py:537} INFO - Filling up the DagBag from /home/airflow/.local/lib/python3.7/site-packages/airflow/example_dags/example_short_circuit_operator.py
[2025-01-27T08:56:32.171+0000] {processor.py:766} INFO - DAG(s) dict_keys(['example_short_circuit_operator']) retrieved from /home/airflow/.local/lib/python3.7/site-packages/airflow/example_dags/example_short_circuit_operator.py
[2025-01-27T08:56:32.261+0000] {logging_mixin.py:120} INFO - [2025-01-27T08:56:32.261+0000] {dag.py:2585} INFO - Sync 1 DAGs
[2025-01-27T08:56:32.322+0000] {logging_mixin.py:120} INFO - [2025-01-27T08:56:32.322+0000] {dag.py:3340} INFO - Setting next_dagrun for example_short_circuit_operator to 2025-01-26T08:56:32.321775+00:00, run_after=2025-01-27T08:56:32.321775+00:00
[2025-01-27T08:56:32.360+0000] {processor.py:176} INFO - Processing /home/airflow/.local/lib/python3.7/site-packages/airflow/example_dags/example_short_circuit_operator.py took 0.245 seconds
[2025-01-27T08:57:02.706+0000] {processor.py:154} INFO - Started process (PID=2684) to work on /home/airflow/.local/lib/python3.7/site-packages/airflow/example_dags/example_short_circuit_operator.py
[2025-01-27T08:57:02.708+0000] {processor.py:756} INFO - Processing file /home/airflow/.local/lib/python3.7/site-packages/airflow/example_dags/example_short_circuit_operator.py for tasks to queue
[2025-01-27T08:57:02.712+0000] {logging_mixin.py:120} INFO - [2025-01-27T08:57:02.712+0000] {dagbag.py:537} INFO - Filling up the DagBag from /home/airflow/.local/lib/python3.7/site-packages/airflow/example_dags/example_short_circuit_operator.py
[2025-01-27T08:57:02.753+0000] {processor.py:766} INFO - DAG(s) dict_keys(['example_short_circuit_operator']) retrieved from /home/airflow/.local/lib/python3.7/site-packages/airflow/example_dags/example_short_circuit_operator.py
[2025-01-27T08:57:02.850+0000] {logging_mixin.py:120} INFO - [2025-01-27T08:57:02.849+0000] {dag.py:2585} INFO - Sync 1 DAGs
[2025-01-27T08:57:02.904+0000] {logging_mixin.py:120} INFO - [2025-01-27T08:57:02.904+0000] {dag.py:3340} INFO - Setting next_dagrun for example_short_circuit_operator to 2025-01-26T08:57:02.903553+00:00, run_after=2025-01-27T08:57:02.903553+00:00
[2025-01-27T08:57:02.948+0000] {processor.py:176} INFO - Processing /home/airflow/.local/lib/python3.7/site-packages/airflow/example_dags/example_short_circuit_operator.py took 0.248 seconds
[2025-01-27T08:57:33.187+0000] {processor.py:154} INFO - Started process (PID=2736) to work on /home/airflow/.local/lib/python3.7/site-packages/airflow/example_dags/example_short_circuit_operator.py
[2025-01-27T08:57:33.189+0000] {processor.py:756} INFO - Processing file /home/airflow/.local/lib/python3.7/site-packages/airflow/example_dags/example_short_circuit_operator.py for tasks to queue
[2025-01-27T08:57:33.190+0000] {logging_mixin.py:120} INFO - [2025-01-27T08:57:33.190+0000] {dagbag.py:537} INFO - Filling up the DagBag from /home/airflow/.local/lib/python3.7/site-packages/airflow/example_dags/example_short_circuit_operator.py
[2025-01-27T08:57:33.220+0000] {processor.py:766} INFO - DAG(s) dict_keys(['example_short_circuit_operator']) retrieved from /home/airflow/.local/lib/python3.7/site-packages/airflow/example_dags/example_short_circuit_operator.py
[2025-01-27T08:57:33.308+0000] {logging_mixin.py:120} INFO - [2025-01-27T08:57:33.308+0000] {dag.py:2585} INFO - Sync 1 DAGs
[2025-01-27T08:57:33.374+0000] {logging_mixin.py:120} INFO - [2025-01-27T08:57:33.373+0000] {dag.py:3340} INFO - Setting next_dagrun for example_short_circuit_operator to 2025-01-26T08:57:33.373091+00:00, run_after=2025-01-27T08:57:33.373091+00:00
[2025-01-27T08:57:33.418+0000] {processor.py:176} INFO - Processing /home/airflow/.local/lib/python3.7/site-packages/airflow/example_dags/example_short_circuit_operator.py took 0.236 seconds
[2025-01-27T08:58:03.788+0000] {processor.py:154} INFO - Started process (PID=2799) to work on /home/airflow/.local/lib/python3.7/site-packages/airflow/example_dags/example_short_circuit_operator.py
[2025-01-27T08:58:03.789+0000] {processor.py:756} INFO - Processing file /home/airflow/.local/lib/python3.7/site-packages/airflow/example_dags/example_short_circuit_operator.py for tasks to queue
[2025-01-27T08:58:03.791+0000] {logging_mixin.py:120} INFO - [2025-01-27T08:58:03.791+0000] {dagbag.py:537} INFO - Filling up the DagBag from /home/airflow/.local/lib/python3.7/site-packages/airflow/example_dags/example_short_circuit_operator.py
[2025-01-27T08:58:03.826+0000] {processor.py:766} INFO - DAG(s) dict_keys(['example_short_circuit_operator']) retrieved from /home/airflow/.local/lib/python3.7/site-packages/airflow/example_dags/example_short_circuit_operator.py
[2025-01-27T08:58:03.944+0000] {logging_mixin.py:120} INFO - [2025-01-27T08:58:03.943+0000] {dag.py:2585} INFO - Sync 1 DAGs
[2025-01-27T08:58:03.997+0000] {logging_mixin.py:120} INFO - [2025-01-27T08:58:03.997+0000] {dag.py:3340} INFO - Setting next_dagrun for example_short_circuit_operator to 2025-01-26T08:58:03.996903+00:00, run_after=2025-01-27T08:58:03.996903+00:00
[2025-01-27T08:58:04.042+0000] {processor.py:176} INFO - Processing /home/airflow/.local/lib/python3.7/site-packages/airflow/example_dags/example_short_circuit_operator.py took 0.259 seconds
[2025-01-27T08:58:34.393+0000] {processor.py:154} INFO - Started process (PID=2852) to work on /home/airflow/.local/lib/python3.7/site-packages/airflow/example_dags/example_short_circuit_operator.py
[2025-01-27T08:58:34.395+0000] {processor.py:756} INFO - Processing file /home/airflow/.local/lib/python3.7/site-packages/airflow/example_dags/example_short_circuit_operator.py for tasks to queue
[2025-01-27T08:58:34.396+0000] {logging_mixin.py:120} INFO - [2025-01-27T08:58:34.396+0000] {dagbag.py:537} INFO - Filling up the DagBag from /home/airflow/.local/lib/python3.7/site-packages/airflow/example_dags/example_short_circuit_operator.py
[2025-01-27T08:58:34.428+0000] {processor.py:766} INFO - DAG(s) dict_keys(['example_short_circuit_operator']) retrieved from /home/airflow/.local/lib/python3.7/site-packages/airflow/example_dags/example_short_circuit_operator.py
[2025-01-27T08:58:34.504+0000] {logging_mixin.py:120} INFO - [2025-01-27T08:58:34.504+0000] {dag.py:2585} INFO - Sync 1 DAGs
[2025-01-27T08:58:34.556+0000] {logging_mixin.py:120} INFO - [2025-01-27T08:58:34.556+0000] {dag.py:3340} INFO - Setting next_dagrun for example_short_circuit_operator to 2025-01-26T08:58:34.555598+00:00, run_after=2025-01-27T08:58:34.555598+00:00
[2025-01-27T08:58:34.593+0000] {processor.py:176} INFO - Processing /home/airflow/.local/lib/python3.7/site-packages/airflow/example_dags/example_short_circuit_operator.py took 0.206 seconds
[2025-01-27T08:59:04.955+0000] {processor.py:154} INFO - Started process (PID=2915) to work on /home/airflow/.local/lib/python3.7/site-packages/airflow/example_dags/example_short_circuit_operator.py
[2025-01-27T08:59:04.957+0000] {processor.py:756} INFO - Processing file /home/airflow/.local/lib/python3.7/site-packages/airflow/example_dags/example_short_circuit_operator.py for tasks to queue
[2025-01-27T08:59:04.958+0000] {logging_mixin.py:120} INFO - [2025-01-27T08:59:04.958+0000] {dagbag.py:537} INFO - Filling up the DagBag from /home/airflow/.local/lib/python3.7/site-packages/airflow/example_dags/example_short_circuit_operator.py
[2025-01-27T08:59:04.991+0000] {processor.py:766} INFO - DAG(s) dict_keys(['example_short_circuit_operator']) retrieved from /home/airflow/.local/lib/python3.7/site-packages/airflow/example_dags/example_short_circuit_operator.py
[2025-01-27T08:59:05.088+0000] {logging_mixin.py:120} INFO - [2025-01-27T08:59:05.088+0000] {dag.py:2585} INFO - Sync 1 DAGs
[2025-01-27T08:59:05.150+0000] {logging_mixin.py:120} INFO - [2025-01-27T08:59:05.150+0000] {dag.py:3340} INFO - Setting next_dagrun for example_short_circuit_operator to 2025-01-26T08:59:05.149603+00:00, run_after=2025-01-27T08:59:05.149603+00:00
[2025-01-27T08:59:05.187+0000] {processor.py:176} INFO - Processing /home/airflow/.local/lib/python3.7/site-packages/airflow/example_dags/example_short_circuit_operator.py took 0.239 seconds
[2025-01-27T08:59:35.460+0000] {processor.py:154} INFO - Started process (PID=2968) to work on /home/airflow/.local/lib/python3.7/site-packages/airflow/example_dags/example_short_circuit_operator.py
[2025-01-27T08:59:35.462+0000] {processor.py:756} INFO - Processing file /home/airflow/.local/lib/python3.7/site-packages/airflow/example_dags/example_short_circuit_operator.py for tasks to queue
[2025-01-27T08:59:35.463+0000] {logging_mixin.py:120} INFO - [2025-01-27T08:59:35.463+0000] {dagbag.py:537} INFO - Filling up the DagBag from /home/airflow/.local/lib/python3.7/site-packages/airflow/example_dags/example_short_circuit_operator.py
[2025-01-27T08:59:35.497+0000] {processor.py:766} INFO - DAG(s) dict_keys(['example_short_circuit_operator']) retrieved from /home/airflow/.local/lib/python3.7/site-packages/airflow/example_dags/example_short_circuit_operator.py
[2025-01-27T08:59:35.590+0000] {logging_mixin.py:120} INFO - [2025-01-27T08:59:35.589+0000] {dag.py:2585} INFO - Sync 1 DAGs
[2025-01-27T08:59:35.636+0000] {logging_mixin.py:120} INFO - [2025-01-27T08:59:35.635+0000] {dag.py:3340} INFO - Setting next_dagrun for example_short_circuit_operator to 2025-01-26T08:59:35.635564+00:00, run_after=2025-01-27T08:59:35.635564+00:00
[2025-01-27T08:59:35.680+0000] {processor.py:176} INFO - Processing /home/airflow/.local/lib/python3.7/site-packages/airflow/example_dags/example_short_circuit_operator.py took 0.226 seconds
[2025-01-27T09:00:05.755+0000] {processor.py:154} INFO - Started process (PID=3022) to work on /home/airflow/.local/lib/python3.7/site-packages/airflow/example_dags/example_short_circuit_operator.py
[2025-01-27T09:00:05.757+0000] {processor.py:756} INFO - Processing file /home/airflow/.local/lib/python3.7/site-packages/airflow/example_dags/example_short_circuit_operator.py for tasks to queue
[2025-01-27T09:00:05.758+0000] {logging_mixin.py:120} INFO - [2025-01-27T09:00:05.758+0000] {dagbag.py:537} INFO - Filling up the DagBag from /home/airflow/.local/lib/python3.7/site-packages/airflow/example_dags/example_short_circuit_operator.py
[2025-01-27T09:00:05.792+0000] {processor.py:766} INFO - DAG(s) dict_keys(['example_short_circuit_operator']) retrieved from /home/airflow/.local/lib/python3.7/site-packages/airflow/example_dags/example_short_circuit_operator.py
[2025-01-27T09:00:05.884+0000] {logging_mixin.py:120} INFO - [2025-01-27T09:00:05.884+0000] {dag.py:2585} INFO - Sync 1 DAGs
[2025-01-27T09:00:05.934+0000] {logging_mixin.py:120} INFO - [2025-01-27T09:00:05.933+0000] {dag.py:3340} INFO - Setting next_dagrun for example_short_circuit_operator to 2025-01-26T09:00:05.933385+00:00, run_after=2025-01-27T09:00:05.933385+00:00
[2025-01-27T09:00:06.003+0000] {processor.py:176} INFO - Processing /home/airflow/.local/lib/python3.7/site-packages/airflow/example_dags/example_short_circuit_operator.py took 0.255 seconds
[2025-01-27T09:00:36.667+0000] {processor.py:154} INFO - Started process (PID=3084) to work on /home/airflow/.local/lib/python3.7/site-packages/airflow/example_dags/example_short_circuit_operator.py
[2025-01-27T09:00:36.669+0000] {processor.py:756} INFO - Processing file /home/airflow/.local/lib/python3.7/site-packages/airflow/example_dags/example_short_circuit_operator.py for tasks to queue
[2025-01-27T09:00:36.670+0000] {logging_mixin.py:120} INFO - [2025-01-27T09:00:36.670+0000] {dagbag.py:537} INFO - Filling up the DagBag from /home/airflow/.local/lib/python3.7/site-packages/airflow/example_dags/example_short_circuit_operator.py
[2025-01-27T09:00:36.703+0000] {processor.py:766} INFO - DAG(s) dict_keys(['example_short_circuit_operator']) retrieved from /home/airflow/.local/lib/python3.7/site-packages/airflow/example_dags/example_short_circuit_operator.py
[2025-01-27T09:00:36.785+0000] {logging_mixin.py:120} INFO - [2025-01-27T09:00:36.785+0000] {dag.py:2585} INFO - Sync 1 DAGs
[2025-01-27T09:00:36.839+0000] {logging_mixin.py:120} INFO - [2025-01-27T09:00:36.839+0000] {dag.py:3340} INFO - Setting next_dagrun for example_short_circuit_operator to 2025-01-26T09:00:36.839024+00:00, run_after=2025-01-27T09:00:36.839024+00:00
[2025-01-27T09:00:36.882+0000] {processor.py:176} INFO - Processing /home/airflow/.local/lib/python3.7/site-packages/airflow/example_dags/example_short_circuit_operator.py took 0.220 seconds
[2025-01-27T09:01:07.396+0000] {processor.py:154} INFO - Started process (PID=3138) to work on /home/airflow/.local/lib/python3.7/site-packages/airflow/example_dags/example_short_circuit_operator.py
[2025-01-27T09:01:07.397+0000] {processor.py:756} INFO - Processing file /home/airflow/.local/lib/python3.7/site-packages/airflow/example_dags/example_short_circuit_operator.py for tasks to queue
[2025-01-27T09:01:07.399+0000] {logging_mixin.py:120} INFO - [2025-01-27T09:01:07.399+0000] {dagbag.py:537} INFO - Filling up the DagBag from /home/airflow/.local/lib/python3.7/site-packages/airflow/example_dags/example_short_circuit_operator.py
[2025-01-27T09:01:07.440+0000] {processor.py:766} INFO - DAG(s) dict_keys(['example_short_circuit_operator']) retrieved from /home/airflow/.local/lib/python3.7/site-packages/airflow/example_dags/example_short_circuit_operator.py
[2025-01-27T09:01:07.532+0000] {logging_mixin.py:120} INFO - [2025-01-27T09:01:07.532+0000] {dag.py:2585} INFO - Sync 1 DAGs
[2025-01-27T09:01:07.594+0000] {logging_mixin.py:120} INFO - [2025-01-27T09:01:07.594+0000] {dag.py:3340} INFO - Setting next_dagrun for example_short_circuit_operator to 2025-01-26T09:01:07.594227+00:00, run_after=2025-01-27T09:01:07.594227+00:00
[2025-01-27T09:01:07.725+0000] {processor.py:176} INFO - Processing /home/airflow/.local/lib/python3.7/site-packages/airflow/example_dags/example_short_circuit_operator.py took 0.335 seconds
[2025-01-27T09:01:37.825+0000] {processor.py:154} INFO - Started process (PID=3200) to work on /home/airflow/.local/lib/python3.7/site-packages/airflow/example_dags/example_short_circuit_operator.py
[2025-01-27T09:01:37.827+0000] {processor.py:756} INFO - Processing file /home/airflow/.local/lib/python3.7/site-packages/airflow/example_dags/example_short_circuit_operator.py for tasks to queue
[2025-01-27T09:01:37.828+0000] {logging_mixin.py:120} INFO - [2025-01-27T09:01:37.828+0000] {dagbag.py:537} INFO - Filling up the DagBag from /home/airflow/.local/lib/python3.7/site-packages/airflow/example_dags/example_short_circuit_operator.py
[2025-01-27T09:01:37.862+0000] {processor.py:766} INFO - DAG(s) dict_keys(['example_short_circuit_operator']) retrieved from /home/airflow/.local/lib/python3.7/site-packages/airflow/example_dags/example_short_circuit_operator.py
[2025-01-27T09:01:37.952+0000] {logging_mixin.py:120} INFO - [2025-01-27T09:01:37.951+0000] {dag.py:2585} INFO - Sync 1 DAGs
[2025-01-27T09:01:38.004+0000] {logging_mixin.py:120} INFO - [2025-01-27T09:01:38.004+0000] {dag.py:3340} INFO - Setting next_dagrun for example_short_circuit_operator to 2025-01-26T09:01:38.003319+00:00, run_after=2025-01-27T09:01:38.003319+00:00
[2025-01-27T09:01:38.060+0000] {processor.py:176} INFO - Processing /home/airflow/.local/lib/python3.7/site-packages/airflow/example_dags/example_short_circuit_operator.py took 0.240 seconds
[2025-01-27T09:02:08.189+0000] {processor.py:154} INFO - Started process (PID=3254) to work on /home/airflow/.local/lib/python3.7/site-packages/airflow/example_dags/example_short_circuit_operator.py
[2025-01-27T09:02:08.191+0000] {processor.py:756} INFO - Processing file /home/airflow/.local/lib/python3.7/site-packages/airflow/example_dags/example_short_circuit_operator.py for tasks to queue
[2025-01-27T09:02:08.193+0000] {logging_mixin.py:120} INFO - [2025-01-27T09:02:08.192+0000] {dagbag.py:537} INFO - Filling up the DagBag from /home/airflow/.local/lib/python3.7/site-packages/airflow/example_dags/example_short_circuit_operator.py
[2025-01-27T09:02:08.232+0000] {processor.py:766} INFO - DAG(s) dict_keys(['example_short_circuit_operator']) retrieved from /home/airflow/.local/lib/python3.7/site-packages/airflow/example_dags/example_short_circuit_operator.py
[2025-01-27T09:02:08.326+0000] {logging_mixin.py:120} INFO - [2025-01-27T09:02:08.326+0000] {dag.py:2585} INFO - Sync 1 DAGs
[2025-01-27T09:02:08.370+0000] {logging_mixin.py:120} INFO - [2025-01-27T09:02:08.369+0000] {dag.py:3340} INFO - Setting next_dagrun for example_short_circuit_operator to 2025-01-26T09:02:08.369484+00:00, run_after=2025-01-27T09:02:08.369484+00:00
[2025-01-27T09:02:08.416+0000] {processor.py:176} INFO - Processing /home/airflow/.local/lib/python3.7/site-packages/airflow/example_dags/example_short_circuit_operator.py took 0.234 seconds
[2025-01-27T09:02:38.762+0000] {processor.py:154} INFO - Started process (PID=3317) to work on /home/airflow/.local/lib/python3.7/site-packages/airflow/example_dags/example_short_circuit_operator.py
[2025-01-27T09:02:38.766+0000] {processor.py:756} INFO - Processing file /home/airflow/.local/lib/python3.7/site-packages/airflow/example_dags/example_short_circuit_operator.py for tasks to queue
[2025-01-27T09:02:38.768+0000] {logging_mixin.py:120} INFO - [2025-01-27T09:02:38.768+0000] {dagbag.py:537} INFO - Filling up the DagBag from /home/airflow/.local/lib/python3.7/site-packages/airflow/example_dags/example_short_circuit_operator.py
[2025-01-27T09:02:38.808+0000] {processor.py:766} INFO - DAG(s) dict_keys(['example_short_circuit_operator']) retrieved from /home/airflow/.local/lib/python3.7/site-packages/airflow/example_dags/example_short_circuit_operator.py
[2025-01-27T09:02:38.897+0000] {logging_mixin.py:120} INFO - [2025-01-27T09:02:38.897+0000] {dag.py:2585} INFO - Sync 1 DAGs
[2025-01-27T09:02:38.964+0000] {logging_mixin.py:120} INFO - [2025-01-27T09:02:38.964+0000] {dag.py:3340} INFO - Setting next_dagrun for example_short_circuit_operator to 2025-01-26T09:02:38.964175+00:00, run_after=2025-01-27T09:02:38.964175+00:00
[2025-01-27T09:02:39.019+0000] {processor.py:176} INFO - Processing /home/airflow/.local/lib/python3.7/site-packages/airflow/example_dags/example_short_circuit_operator.py took 0.266 seconds
[2025-01-27T09:03:09.185+0000] {processor.py:154} INFO - Started process (PID=3370) to work on /home/airflow/.local/lib/python3.7/site-packages/airflow/example_dags/example_short_circuit_operator.py
[2025-01-27T09:03:09.187+0000] {processor.py:756} INFO - Processing file /home/airflow/.local/lib/python3.7/site-packages/airflow/example_dags/example_short_circuit_operator.py for tasks to queue
[2025-01-27T09:03:09.188+0000] {logging_mixin.py:120} INFO - [2025-01-27T09:03:09.188+0000] {dagbag.py:537} INFO - Filling up the DagBag from /home/airflow/.local/lib/python3.7/site-packages/airflow/example_dags/example_short_circuit_operator.py
[2025-01-27T09:03:09.219+0000] {processor.py:766} INFO - DAG(s) dict_keys(['example_short_circuit_operator']) retrieved from /home/airflow/.local/lib/python3.7/site-packages/airflow/example_dags/example_short_circuit_operator.py
[2025-01-27T09:03:09.295+0000] {logging_mixin.py:120} INFO - [2025-01-27T09:03:09.295+0000] {dag.py:2585} INFO - Sync 1 DAGs
[2025-01-27T09:03:09.351+0000] {logging_mixin.py:120} INFO - [2025-01-27T09:03:09.350+0000] {dag.py:3340} INFO - Setting next_dagrun for example_short_circuit_operator to 2025-01-26T09:03:09.350561+00:00, run_after=2025-01-27T09:03:09.350561+00:00
[2025-01-27T09:03:09.389+0000] {processor.py:176} INFO - Processing /home/airflow/.local/lib/python3.7/site-packages/airflow/example_dags/example_short_circuit_operator.py took 0.209 seconds
[2025-01-27T09:03:39.968+0000] {processor.py:154} INFO - Started process (PID=3423) to work on /home/airflow/.local/lib/python3.7/site-packages/airflow/example_dags/example_short_circuit_operator.py
[2025-01-27T09:03:39.970+0000] {processor.py:756} INFO - Processing file /home/airflow/.local/lib/python3.7/site-packages/airflow/example_dags/example_short_circuit_operator.py for tasks to queue
[2025-01-27T09:03:39.973+0000] {logging_mixin.py:120} INFO - [2025-01-27T09:03:39.972+0000] {dagbag.py:537} INFO - Filling up the DagBag from /home/airflow/.local/lib/python3.7/site-packages/airflow/example_dags/example_short_circuit_operator.py
[2025-01-27T09:03:40.032+0000] {processor.py:766} INFO - DAG(s) dict_keys(['example_short_circuit_operator']) retrieved from /home/airflow/.local/lib/python3.7/site-packages/airflow/example_dags/example_short_circuit_operator.py
[2025-01-27T09:03:40.180+0000] {logging_mixin.py:120} INFO - [2025-01-27T09:03:40.180+0000] {dag.py:2585} INFO - Sync 1 DAGs
[2025-01-27T09:03:40.236+0000] {logging_mixin.py:120} INFO - [2025-01-27T09:03:40.235+0000] {dag.py:3340} INFO - Setting next_dagrun for example_short_circuit_operator to 2025-01-26T09:03:40.235587+00:00, run_after=2025-01-27T09:03:40.235587+00:00
[2025-01-27T09:03:40.275+0000] {processor.py:176} INFO - Processing /home/airflow/.local/lib/python3.7/site-packages/airflow/example_dags/example_short_circuit_operator.py took 0.315 seconds
[2025-01-27T09:04:10.352+0000] {processor.py:154} INFO - Started process (PID=3486) to work on /home/airflow/.local/lib/python3.7/site-packages/airflow/example_dags/example_short_circuit_operator.py
[2025-01-27T09:04:10.353+0000] {processor.py:756} INFO - Processing file /home/airflow/.local/lib/python3.7/site-packages/airflow/example_dags/example_short_circuit_operator.py for tasks to queue
[2025-01-27T09:04:10.355+0000] {logging_mixin.py:120} INFO - [2025-01-27T09:04:10.354+0000] {dagbag.py:537} INFO - Filling up the DagBag from /home/airflow/.local/lib/python3.7/site-packages/airflow/example_dags/example_short_circuit_operator.py
[2025-01-27T09:04:10.389+0000] {processor.py:766} INFO - DAG(s) dict_keys(['example_short_circuit_operator']) retrieved from /home/airflow/.local/lib/python3.7/site-packages/airflow/example_dags/example_short_circuit_operator.py
[2025-01-27T09:04:10.482+0000] {logging_mixin.py:120} INFO - [2025-01-27T09:04:10.482+0000] {dag.py:2585} INFO - Sync 1 DAGs
[2025-01-27T09:04:10.532+0000] {logging_mixin.py:120} INFO - [2025-01-27T09:04:10.532+0000] {dag.py:3340} INFO - Setting next_dagrun for example_short_circuit_operator to 2025-01-26T09:04:10.532304+00:00, run_after=2025-01-27T09:04:10.532304+00:00
[2025-01-27T09:04:10.574+0000] {processor.py:176} INFO - Processing /home/airflow/.local/lib/python3.7/site-packages/airflow/example_dags/example_short_circuit_operator.py took 0.232 seconds
[2025-01-27T09:04:40.966+0000] {processor.py:154} INFO - Started process (PID=3540) to work on /home/airflow/.local/lib/python3.7/site-packages/airflow/example_dags/example_short_circuit_operator.py
[2025-01-27T09:04:40.968+0000] {processor.py:756} INFO - Processing file /home/airflow/.local/lib/python3.7/site-packages/airflow/example_dags/example_short_circuit_operator.py for tasks to queue
[2025-01-27T09:04:40.969+0000] {logging_mixin.py:120} INFO - [2025-01-27T09:04:40.969+0000] {dagbag.py:537} INFO - Filling up the DagBag from /home/airflow/.local/lib/python3.7/site-packages/airflow/example_dags/example_short_circuit_operator.py
[2025-01-27T09:04:41.010+0000] {processor.py:766} INFO - DAG(s) dict_keys(['example_short_circuit_operator']) retrieved from /home/airflow/.local/lib/python3.7/site-packages/airflow/example_dags/example_short_circuit_operator.py
[2025-01-27T09:04:41.102+0000] {logging_mixin.py:120} INFO - [2025-01-27T09:04:41.102+0000] {dag.py:2585} INFO - Sync 1 DAGs
[2025-01-27T09:04:41.158+0000] {logging_mixin.py:120} INFO - [2025-01-27T09:04:41.158+0000] {dag.py:3340} INFO - Setting next_dagrun for example_short_circuit_operator to 2025-01-26T09:04:41.157860+00:00, run_after=2025-01-27T09:04:41.157860+00:00
[2025-01-27T09:04:41.204+0000] {processor.py:176} INFO - Processing /home/airflow/.local/lib/python3.7/site-packages/airflow/example_dags/example_short_circuit_operator.py took 0.246 seconds
[2025-01-27T09:05:11.394+0000] {processor.py:154} INFO - Started process (PID=3602) to work on /home/airflow/.local/lib/python3.7/site-packages/airflow/example_dags/example_short_circuit_operator.py
[2025-01-27T09:05:11.396+0000] {processor.py:756} INFO - Processing file /home/airflow/.local/lib/python3.7/site-packages/airflow/example_dags/example_short_circuit_operator.py for tasks to queue
[2025-01-27T09:05:11.398+0000] {logging_mixin.py:120} INFO - [2025-01-27T09:05:11.397+0000] {dagbag.py:537} INFO - Filling up the DagBag from /home/airflow/.local/lib/python3.7/site-packages/airflow/example_dags/example_short_circuit_operator.py
[2025-01-27T09:05:11.435+0000] {processor.py:766} INFO - DAG(s) dict_keys(['example_short_circuit_operator']) retrieved from /home/airflow/.local/lib/python3.7/site-packages/airflow/example_dags/example_short_circuit_operator.py
[2025-01-27T09:05:11.530+0000] {logging_mixin.py:120} INFO - [2025-01-27T09:05:11.530+0000] {dag.py:2585} INFO - Sync 1 DAGs
[2025-01-27T09:05:11.592+0000] {logging_mixin.py:120} INFO - [2025-01-27T09:05:11.591+0000] {dag.py:3340} INFO - Setting next_dagrun for example_short_circuit_operator to 2025-01-26T09:05:11.591402+00:00, run_after=2025-01-27T09:05:11.591402+00:00
[2025-01-27T09:05:11.644+0000] {processor.py:176} INFO - Processing /home/airflow/.local/lib/python3.7/site-packages/airflow/example_dags/example_short_circuit_operator.py took 0.255 seconds
[2025-01-27T09:05:41.866+0000] {processor.py:154} INFO - Started process (PID=3655) to work on /home/airflow/.local/lib/python3.7/site-packages/airflow/example_dags/example_short_circuit_operator.py
[2025-01-27T09:05:41.868+0000] {processor.py:756} INFO - Processing file /home/airflow/.local/lib/python3.7/site-packages/airflow/example_dags/example_short_circuit_operator.py for tasks to queue
[2025-01-27T09:05:41.869+0000] {logging_mixin.py:120} INFO - [2025-01-27T09:05:41.869+0000] {dagbag.py:537} INFO - Filling up the DagBag from /home/airflow/.local/lib/python3.7/site-packages/airflow/example_dags/example_short_circuit_operator.py
[2025-01-27T09:05:41.902+0000] {processor.py:766} INFO - DAG(s) dict_keys(['example_short_circuit_operator']) retrieved from /home/airflow/.local/lib/python3.7/site-packages/airflow/example_dags/example_short_circuit_operator.py
[2025-01-27T09:05:41.988+0000] {logging_mixin.py:120} INFO - [2025-01-27T09:05:41.988+0000] {dag.py:2585} INFO - Sync 1 DAGs
[2025-01-27T09:05:42.042+0000] {logging_mixin.py:120} INFO - [2025-01-27T09:05:42.042+0000] {dag.py:3340} INFO - Setting next_dagrun for example_short_circuit_operator to 2025-01-26T09:05:42.041723+00:00, run_after=2025-01-27T09:05:42.041723+00:00
[2025-01-27T09:05:42.088+0000] {processor.py:176} INFO - Processing /home/airflow/.local/lib/python3.7/site-packages/airflow/example_dags/example_short_circuit_operator.py took 0.228 seconds
[2025-01-27T09:06:12.307+0000] {processor.py:154} INFO - Started process (PID=3708) to work on /home/airflow/.local/lib/python3.7/site-packages/airflow/example_dags/example_short_circuit_operator.py
[2025-01-27T09:06:12.309+0000] {processor.py:756} INFO - Processing file /home/airflow/.local/lib/python3.7/site-packages/airflow/example_dags/example_short_circuit_operator.py for tasks to queue
[2025-01-27T09:06:12.311+0000] {logging_mixin.py:120} INFO - [2025-01-27T09:06:12.311+0000] {dagbag.py:537} INFO - Filling up the DagBag from /home/airflow/.local/lib/python3.7/site-packages/airflow/example_dags/example_short_circuit_operator.py
[2025-01-27T09:06:12.343+0000] {processor.py:766} INFO - DAG(s) dict_keys(['example_short_circuit_operator']) retrieved from /home/airflow/.local/lib/python3.7/site-packages/airflow/example_dags/example_short_circuit_operator.py
[2025-01-27T09:06:12.431+0000] {logging_mixin.py:120} INFO - [2025-01-27T09:06:12.430+0000] {dag.py:2585} INFO - Sync 1 DAGs
[2025-01-27T09:06:12.488+0000] {logging_mixin.py:120} INFO - [2025-01-27T09:06:12.488+0000] {dag.py:3340} INFO - Setting next_dagrun for example_short_circuit_operator to 2025-01-26T09:06:12.488374+00:00, run_after=2025-01-27T09:06:12.488374+00:00
[2025-01-27T09:06:12.530+0000] {processor.py:176} INFO - Processing /home/airflow/.local/lib/python3.7/site-packages/airflow/example_dags/example_short_circuit_operator.py took 0.229 seconds
[2025-01-27T09:06:42.763+0000] {processor.py:154} INFO - Started process (PID=3770) to work on /home/airflow/.local/lib/python3.7/site-packages/airflow/example_dags/example_short_circuit_operator.py
[2025-01-27T09:06:42.764+0000] {processor.py:756} INFO - Processing file /home/airflow/.local/lib/python3.7/site-packages/airflow/example_dags/example_short_circuit_operator.py for tasks to queue
[2025-01-27T09:06:42.766+0000] {logging_mixin.py:120} INFO - [2025-01-27T09:06:42.765+0000] {dagbag.py:537} INFO - Filling up the DagBag from /home/airflow/.local/lib/python3.7/site-packages/airflow/example_dags/example_short_circuit_operator.py
[2025-01-27T09:06:42.795+0000] {processor.py:766} INFO - DAG(s) dict_keys(['example_short_circuit_operator']) retrieved from /home/airflow/.local/lib/python3.7/site-packages/airflow/example_dags/example_short_circuit_operator.py
[2025-01-27T09:06:42.888+0000] {logging_mixin.py:120} INFO - [2025-01-27T09:06:42.887+0000] {dag.py:2585} INFO - Sync 1 DAGs
[2025-01-27T09:06:42.941+0000] {logging_mixin.py:120} INFO - [2025-01-27T09:06:42.941+0000] {dag.py:3340} INFO - Setting next_dagrun for example_short_circuit_operator to 2025-01-26T09:06:42.940027+00:00, run_after=2025-01-27T09:06:42.940027+00:00
[2025-01-27T09:06:43.115+0000] {processor.py:176} INFO - Processing /home/airflow/.local/lib/python3.7/site-packages/airflow/example_dags/example_short_circuit_operator.py took 0.357 seconds
[2025-01-27T09:07:13.942+0000] {processor.py:154} INFO - Started process (PID=3824) to work on /home/airflow/.local/lib/python3.7/site-packages/airflow/example_dags/example_short_circuit_operator.py
[2025-01-27T09:07:13.945+0000] {processor.py:756} INFO - Processing file /home/airflow/.local/lib/python3.7/site-packages/airflow/example_dags/example_short_circuit_operator.py for tasks to queue
[2025-01-27T09:07:13.948+0000] {logging_mixin.py:120} INFO - [2025-01-27T09:07:13.947+0000] {dagbag.py:537} INFO - Filling up the DagBag from /home/airflow/.local/lib/python3.7/site-packages/airflow/example_dags/example_short_circuit_operator.py
[2025-01-27T09:07:13.989+0000] {processor.py:766} INFO - DAG(s) dict_keys(['example_short_circuit_operator']) retrieved from /home/airflow/.local/lib/python3.7/site-packages/airflow/example_dags/example_short_circuit_operator.py
[2025-01-27T09:07:14.087+0000] {logging_mixin.py:120} INFO - [2025-01-27T09:07:14.087+0000] {dag.py:2585} INFO - Sync 1 DAGs
[2025-01-27T09:07:14.144+0000] {logging_mixin.py:120} INFO - [2025-01-27T09:07:14.144+0000] {dag.py:3340} INFO - Setting next_dagrun for example_short_circuit_operator to 2025-01-26T09:07:14.143781+00:00, run_after=2025-01-27T09:07:14.143781+00:00
[2025-01-27T09:07:14.186+0000] {processor.py:176} INFO - Processing /home/airflow/.local/lib/python3.7/site-packages/airflow/example_dags/example_short_circuit_operator.py took 0.252 seconds
[2025-01-27T09:07:44.803+0000] {processor.py:154} INFO - Started process (PID=3887) to work on /home/airflow/.local/lib/python3.7/site-packages/airflow/example_dags/example_short_circuit_operator.py
[2025-01-27T09:07:44.804+0000] {processor.py:756} INFO - Processing file /home/airflow/.local/lib/python3.7/site-packages/airflow/example_dags/example_short_circuit_operator.py for tasks to queue
[2025-01-27T09:07:44.806+0000] {logging_mixin.py:120} INFO - [2025-01-27T09:07:44.806+0000] {dagbag.py:537} INFO - Filling up the DagBag from /home/airflow/.local/lib/python3.7/site-packages/airflow/example_dags/example_short_circuit_operator.py
[2025-01-27T09:07:44.840+0000] {processor.py:766} INFO - DAG(s) dict_keys(['example_short_circuit_operator']) retrieved from /home/airflow/.local/lib/python3.7/site-packages/airflow/example_dags/example_short_circuit_operator.py
[2025-01-27T09:07:44.931+0000] {logging_mixin.py:120} INFO - [2025-01-27T09:07:44.931+0000] {dag.py:2585} INFO - Sync 1 DAGs
[2025-01-27T09:07:44.992+0000] {logging_mixin.py:120} INFO - [2025-01-27T09:07:44.992+0000] {dag.py:3340} INFO - Setting next_dagrun for example_short_circuit_operator to 2025-01-26T09:07:44.991994+00:00, run_after=2025-01-27T09:07:44.991994+00:00
[2025-01-27T09:07:45.039+0000] {processor.py:176} INFO - Processing /home/airflow/.local/lib/python3.7/site-packages/airflow/example_dags/example_short_circuit_operator.py took 0.242 seconds
[2025-01-27T09:08:15.148+0000] {processor.py:154} INFO - Started process (PID=3941) to work on /home/airflow/.local/lib/python3.7/site-packages/airflow/example_dags/example_short_circuit_operator.py
[2025-01-27T09:08:15.151+0000] {processor.py:756} INFO - Processing file /home/airflow/.local/lib/python3.7/site-packages/airflow/example_dags/example_short_circuit_operator.py for tasks to queue
[2025-01-27T09:08:15.153+0000] {logging_mixin.py:120} INFO - [2025-01-27T09:08:15.152+0000] {dagbag.py:537} INFO - Filling up the DagBag from /home/airflow/.local/lib/python3.7/site-packages/airflow/example_dags/example_short_circuit_operator.py
[2025-01-27T09:08:15.191+0000] {processor.py:766} INFO - DAG(s) dict_keys(['example_short_circuit_operator']) retrieved from /home/airflow/.local/lib/python3.7/site-packages/airflow/example_dags/example_short_circuit_operator.py
[2025-01-27T09:08:15.275+0000] {logging_mixin.py:120} INFO - [2025-01-27T09:08:15.275+0000] {dag.py:2585} INFO - Sync 1 DAGs
[2025-01-27T09:08:15.334+0000] {logging_mixin.py:120} INFO - [2025-01-27T09:08:15.334+0000] {dag.py:3340} INFO - Setting next_dagrun for example_short_circuit_operator to 2025-01-26T09:08:15.333576+00:00, run_after=2025-01-27T09:08:15.333576+00:00
[2025-01-27T09:08:15.372+0000] {processor.py:176} INFO - Processing /home/airflow/.local/lib/python3.7/site-packages/airflow/example_dags/example_short_circuit_operator.py took 0.232 seconds
[2025-01-27T09:08:46.078+0000] {processor.py:154} INFO - Started process (PID=4004) to work on /home/airflow/.local/lib/python3.7/site-packages/airflow/example_dags/example_short_circuit_operator.py
[2025-01-27T09:08:46.082+0000] {processor.py:756} INFO - Processing file /home/airflow/.local/lib/python3.7/site-packages/airflow/example_dags/example_short_circuit_operator.py for tasks to queue
[2025-01-27T09:08:46.084+0000] {logging_mixin.py:120} INFO - [2025-01-27T09:08:46.083+0000] {dagbag.py:537} INFO - Filling up the DagBag from /home/airflow/.local/lib/python3.7/site-packages/airflow/example_dags/example_short_circuit_operator.py
[2025-01-27T09:08:46.117+0000] {processor.py:766} INFO - DAG(s) dict_keys(['example_short_circuit_operator']) retrieved from /home/airflow/.local/lib/python3.7/site-packages/airflow/example_dags/example_short_circuit_operator.py
[2025-01-27T09:08:46.203+0000] {logging_mixin.py:120} INFO - [2025-01-27T09:08:46.203+0000] {dag.py:2585} INFO - Sync 1 DAGs
[2025-01-27T09:08:46.256+0000] {logging_mixin.py:120} INFO - [2025-01-27T09:08:46.255+0000] {dag.py:3340} INFO - Setting next_dagrun for example_short_circuit_operator to 2025-01-26T09:08:46.255142+00:00, run_after=2025-01-27T09:08:46.255142+00:00
[2025-01-27T09:08:46.304+0000] {processor.py:176} INFO - Processing /home/airflow/.local/lib/python3.7/site-packages/airflow/example_dags/example_short_circuit_operator.py took 0.235 seconds
