[2025-01-27T08:34:03.680+0000] {processor.py:154} INFO - Started process (PID=93) to work on /home/airflow/.local/lib/python3.7/site-packages/airflow/example_dags/example_branch_python_dop_operator_3.py
[2025-01-27T08:34:03.684+0000] {processor.py:756} INFO - Processing file /home/airflow/.local/lib/python3.7/site-packages/airflow/example_dags/example_branch_python_dop_operator_3.py for tasks to queue
[2025-01-27T08:34:03.716+0000] {logging_mixin.py:120} INFO - [2025-01-27T08:34:03.714+0000] {dagbag.py:537} INFO - Filling up the DagBag from /home/airflow/.local/lib/python3.7/site-packages/airflow/example_dags/example_branch_python_dop_operator_3.py
[2025-01-27T08:34:04.127+0000] {processor.py:766} INFO - DAG(s) dict_keys(['example_branch_dop_operator_v3']) retrieved from /home/airflow/.local/lib/python3.7/site-packages/airflow/example_dags/example_branch_python_dop_operator_3.py
[2025-01-27T08:34:05.929+0000] {logging_mixin.py:120} INFO - [2025-01-27T08:34:05.928+0000] {manager.py:507} INFO - Created Permission View: can edit on DAG:example_branch_dop_operator_v3
[2025-01-27T08:34:05.966+0000] {logging_mixin.py:120} INFO - [2025-01-27T08:34:05.965+0000] {manager.py:507} INFO - Created Permission View: can read on DAG:example_branch_dop_operator_v3
[2025-01-27T08:34:05.991+0000] {logging_mixin.py:120} INFO - [2025-01-27T08:34:05.991+0000] {manager.py:507} INFO - Created Permission View: can delete on DAG:example_branch_dop_operator_v3
[2025-01-27T08:34:05.992+0000] {logging_mixin.py:120} INFO - [2025-01-27T08:34:05.992+0000] {dag.py:2585} INFO - Sync 1 DAGs
[2025-01-27T08:34:06.040+0000] {logging_mixin.py:120} INFO - [2025-01-27T08:34:06.039+0000] {dag.py:2606} INFO - Creating ORM DAG for example_branch_dop_operator_v3
[2025-01-27T08:34:06.105+0000] {logging_mixin.py:120} INFO - [2025-01-27T08:34:06.105+0000] {dag.py:3340} INFO - Setting next_dagrun for example_branch_dop_operator_v3 to 2025-01-27T08:33:00+00:00, run_after=2025-01-27T08:34:00+00:00
[2025-01-27T08:34:06.151+0000] {processor.py:176} INFO - Processing /home/airflow/.local/lib/python3.7/site-packages/airflow/example_dags/example_branch_python_dop_operator_3.py took 2.696 seconds
[2025-01-27T08:34:36.763+0000] {processor.py:154} INFO - Started process (PID=147) to work on /home/airflow/.local/lib/python3.7/site-packages/airflow/example_dags/example_branch_python_dop_operator_3.py
[2025-01-27T08:34:36.765+0000] {processor.py:756} INFO - Processing file /home/airflow/.local/lib/python3.7/site-packages/airflow/example_dags/example_branch_python_dop_operator_3.py for tasks to queue
[2025-01-27T08:34:36.767+0000] {logging_mixin.py:120} INFO - [2025-01-27T08:34:36.766+0000] {dagbag.py:537} INFO - Filling up the DagBag from /home/airflow/.local/lib/python3.7/site-packages/airflow/example_dags/example_branch_python_dop_operator_3.py
[2025-01-27T08:34:36.815+0000] {processor.py:766} INFO - DAG(s) dict_keys(['example_branch_dop_operator_v3']) retrieved from /home/airflow/.local/lib/python3.7/site-packages/airflow/example_dags/example_branch_python_dop_operator_3.py
[2025-01-27T08:34:36.919+0000] {logging_mixin.py:120} INFO - [2025-01-27T08:34:36.918+0000] {dag.py:2585} INFO - Sync 1 DAGs
[2025-01-27T08:34:37.000+0000] {logging_mixin.py:120} INFO - [2025-01-27T08:34:37.000+0000] {dag.py:3340} INFO - Setting next_dagrun for example_branch_dop_operator_v3 to 2025-01-27T08:33:00+00:00, run_after=2025-01-27T08:34:00+00:00
[2025-01-27T08:34:37.066+0000] {processor.py:176} INFO - Processing /home/airflow/.local/lib/python3.7/site-packages/airflow/example_dags/example_branch_python_dop_operator_3.py took 0.310 seconds
[2025-01-27T08:35:07.415+0000] {processor.py:154} INFO - Started process (PID=211) to work on /home/airflow/.local/lib/python3.7/site-packages/airflow/example_dags/example_branch_python_dop_operator_3.py
[2025-01-27T08:35:07.417+0000] {processor.py:756} INFO - Processing file /home/airflow/.local/lib/python3.7/site-packages/airflow/example_dags/example_branch_python_dop_operator_3.py for tasks to queue
[2025-01-27T08:35:07.419+0000] {logging_mixin.py:120} INFO - [2025-01-27T08:35:07.418+0000] {dagbag.py:537} INFO - Filling up the DagBag from /home/airflow/.local/lib/python3.7/site-packages/airflow/example_dags/example_branch_python_dop_operator_3.py
[2025-01-27T08:35:07.473+0000] {processor.py:766} INFO - DAG(s) dict_keys(['example_branch_dop_operator_v3']) retrieved from /home/airflow/.local/lib/python3.7/site-packages/airflow/example_dags/example_branch_python_dop_operator_3.py
[2025-01-27T08:35:07.561+0000] {logging_mixin.py:120} INFO - [2025-01-27T08:35:07.561+0000] {dag.py:2585} INFO - Sync 1 DAGs
[2025-01-27T08:35:07.621+0000] {logging_mixin.py:120} INFO - [2025-01-27T08:35:07.621+0000] {dag.py:3340} INFO - Setting next_dagrun for example_branch_dop_operator_v3 to 2025-01-27T08:34:00+00:00, run_after=2025-01-27T08:35:00+00:00
[2025-01-27T08:35:07.656+0000] {processor.py:176} INFO - Processing /home/airflow/.local/lib/python3.7/site-packages/airflow/example_dags/example_branch_python_dop_operator_3.py took 0.246 seconds
[2025-01-27T08:35:38.262+0000] {processor.py:154} INFO - Started process (PID=264) to work on /home/airflow/.local/lib/python3.7/site-packages/airflow/example_dags/example_branch_python_dop_operator_3.py
[2025-01-27T08:35:38.266+0000] {processor.py:756} INFO - Processing file /home/airflow/.local/lib/python3.7/site-packages/airflow/example_dags/example_branch_python_dop_operator_3.py for tasks to queue
[2025-01-27T08:35:38.267+0000] {logging_mixin.py:120} INFO - [2025-01-27T08:35:38.267+0000] {dagbag.py:537} INFO - Filling up the DagBag from /home/airflow/.local/lib/python3.7/site-packages/airflow/example_dags/example_branch_python_dop_operator_3.py
[2025-01-27T08:35:38.312+0000] {processor.py:766} INFO - DAG(s) dict_keys(['example_branch_dop_operator_v3']) retrieved from /home/airflow/.local/lib/python3.7/site-packages/airflow/example_dags/example_branch_python_dop_operator_3.py
[2025-01-27T08:35:38.387+0000] {logging_mixin.py:120} INFO - [2025-01-27T08:35:38.386+0000] {dag.py:2585} INFO - Sync 1 DAGs
[2025-01-27T08:35:38.437+0000] {logging_mixin.py:120} INFO - [2025-01-27T08:35:38.436+0000] {dag.py:3340} INFO - Setting next_dagrun for example_branch_dop_operator_v3 to 2025-01-27T08:34:00+00:00, run_after=2025-01-27T08:35:00+00:00
[2025-01-27T08:35:38.476+0000] {processor.py:176} INFO - Processing /home/airflow/.local/lib/python3.7/site-packages/airflow/example_dags/example_branch_python_dop_operator_3.py took 0.220 seconds
[2025-01-27T08:36:08.816+0000] {processor.py:154} INFO - Started process (PID=326) to work on /home/airflow/.local/lib/python3.7/site-packages/airflow/example_dags/example_branch_python_dop_operator_3.py
[2025-01-27T08:36:08.817+0000] {processor.py:756} INFO - Processing file /home/airflow/.local/lib/python3.7/site-packages/airflow/example_dags/example_branch_python_dop_operator_3.py for tasks to queue
[2025-01-27T08:36:08.818+0000] {logging_mixin.py:120} INFO - [2025-01-27T08:36:08.818+0000] {dagbag.py:537} INFO - Filling up the DagBag from /home/airflow/.local/lib/python3.7/site-packages/airflow/example_dags/example_branch_python_dop_operator_3.py
[2025-01-27T08:36:08.863+0000] {processor.py:766} INFO - DAG(s) dict_keys(['example_branch_dop_operator_v3']) retrieved from /home/airflow/.local/lib/python3.7/site-packages/airflow/example_dags/example_branch_python_dop_operator_3.py
[2025-01-27T08:36:08.941+0000] {logging_mixin.py:120} INFO - [2025-01-27T08:36:08.941+0000] {dag.py:2585} INFO - Sync 1 DAGs
[2025-01-27T08:36:09.001+0000] {logging_mixin.py:120} INFO - [2025-01-27T08:36:09.000+0000] {dag.py:3340} INFO - Setting next_dagrun for example_branch_dop_operator_v3 to 2025-01-27T08:35:00+00:00, run_after=2025-01-27T08:36:00+00:00
[2025-01-27T08:36:09.042+0000] {processor.py:176} INFO - Processing /home/airflow/.local/lib/python3.7/site-packages/airflow/example_dags/example_branch_python_dop_operator_3.py took 0.233 seconds
[2025-01-27T08:36:39.635+0000] {processor.py:154} INFO - Started process (PID=380) to work on /home/airflow/.local/lib/python3.7/site-packages/airflow/example_dags/example_branch_python_dop_operator_3.py
[2025-01-27T08:36:39.637+0000] {processor.py:756} INFO - Processing file /home/airflow/.local/lib/python3.7/site-packages/airflow/example_dags/example_branch_python_dop_operator_3.py for tasks to queue
[2025-01-27T08:36:39.640+0000] {logging_mixin.py:120} INFO - [2025-01-27T08:36:39.640+0000] {dagbag.py:537} INFO - Filling up the DagBag from /home/airflow/.local/lib/python3.7/site-packages/airflow/example_dags/example_branch_python_dop_operator_3.py
[2025-01-27T08:36:39.688+0000] {processor.py:766} INFO - DAG(s) dict_keys(['example_branch_dop_operator_v3']) retrieved from /home/airflow/.local/lib/python3.7/site-packages/airflow/example_dags/example_branch_python_dop_operator_3.py
[2025-01-27T08:36:39.764+0000] {logging_mixin.py:120} INFO - [2025-01-27T08:36:39.764+0000] {dag.py:2585} INFO - Sync 1 DAGs
[2025-01-27T08:36:39.826+0000] {logging_mixin.py:120} INFO - [2025-01-27T08:36:39.826+0000] {dag.py:3340} INFO - Setting next_dagrun for example_branch_dop_operator_v3 to 2025-01-27T08:35:00+00:00, run_after=2025-01-27T08:36:00+00:00
[2025-01-27T08:36:39.867+0000] {processor.py:176} INFO - Processing /home/airflow/.local/lib/python3.7/site-packages/airflow/example_dags/example_branch_python_dop_operator_3.py took 0.239 seconds
[2025-01-27T08:37:10.321+0000] {processor.py:154} INFO - Started process (PID=443) to work on /home/airflow/.local/lib/python3.7/site-packages/airflow/example_dags/example_branch_python_dop_operator_3.py
[2025-01-27T08:37:10.323+0000] {processor.py:756} INFO - Processing file /home/airflow/.local/lib/python3.7/site-packages/airflow/example_dags/example_branch_python_dop_operator_3.py for tasks to queue
[2025-01-27T08:37:10.324+0000] {logging_mixin.py:120} INFO - [2025-01-27T08:37:10.324+0000] {dagbag.py:537} INFO - Filling up the DagBag from /home/airflow/.local/lib/python3.7/site-packages/airflow/example_dags/example_branch_python_dop_operator_3.py
[2025-01-27T08:37:10.369+0000] {processor.py:766} INFO - DAG(s) dict_keys(['example_branch_dop_operator_v3']) retrieved from /home/airflow/.local/lib/python3.7/site-packages/airflow/example_dags/example_branch_python_dop_operator_3.py
[2025-01-27T08:37:10.449+0000] {logging_mixin.py:120} INFO - [2025-01-27T08:37:10.449+0000] {dag.py:2585} INFO - Sync 1 DAGs
[2025-01-27T08:37:10.533+0000] {logging_mixin.py:120} INFO - [2025-01-27T08:37:10.532+0000] {dag.py:3340} INFO - Setting next_dagrun for example_branch_dop_operator_v3 to 2025-01-27T08:36:00+00:00, run_after=2025-01-27T08:37:00+00:00
[2025-01-27T08:37:10.592+0000] {processor.py:176} INFO - Processing /home/airflow/.local/lib/python3.7/site-packages/airflow/example_dags/example_branch_python_dop_operator_3.py took 0.277 seconds
[2025-01-27T08:37:41.180+0000] {processor.py:154} INFO - Started process (PID=497) to work on /home/airflow/.local/lib/python3.7/site-packages/airflow/example_dags/example_branch_python_dop_operator_3.py
[2025-01-27T08:37:41.181+0000] {processor.py:756} INFO - Processing file /home/airflow/.local/lib/python3.7/site-packages/airflow/example_dags/example_branch_python_dop_operator_3.py for tasks to queue
[2025-01-27T08:37:41.185+0000] {logging_mixin.py:120} INFO - [2025-01-27T08:37:41.185+0000] {dagbag.py:537} INFO - Filling up the DagBag from /home/airflow/.local/lib/python3.7/site-packages/airflow/example_dags/example_branch_python_dop_operator_3.py
[2025-01-27T08:37:41.231+0000] {processor.py:766} INFO - DAG(s) dict_keys(['example_branch_dop_operator_v3']) retrieved from /home/airflow/.local/lib/python3.7/site-packages/airflow/example_dags/example_branch_python_dop_operator_3.py
[2025-01-27T08:37:41.318+0000] {logging_mixin.py:120} INFO - [2025-01-27T08:37:41.318+0000] {dag.py:2585} INFO - Sync 1 DAGs
[2025-01-27T08:37:41.385+0000] {logging_mixin.py:120} INFO - [2025-01-27T08:37:41.385+0000] {dag.py:3340} INFO - Setting next_dagrun for example_branch_dop_operator_v3 to 2025-01-27T08:36:00+00:00, run_after=2025-01-27T08:37:00+00:00
[2025-01-27T08:37:41.428+0000] {processor.py:176} INFO - Processing /home/airflow/.local/lib/python3.7/site-packages/airflow/example_dags/example_branch_python_dop_operator_3.py took 0.255 seconds
[2025-01-27T08:38:11.519+0000] {processor.py:154} INFO - Started process (PID=557) to work on /home/airflow/.local/lib/python3.7/site-packages/airflow/example_dags/example_branch_python_dop_operator_3.py
[2025-01-27T08:38:11.521+0000] {processor.py:756} INFO - Processing file /home/airflow/.local/lib/python3.7/site-packages/airflow/example_dags/example_branch_python_dop_operator_3.py for tasks to queue
[2025-01-27T08:38:11.522+0000] {logging_mixin.py:120} INFO - [2025-01-27T08:38:11.522+0000] {dagbag.py:537} INFO - Filling up the DagBag from /home/airflow/.local/lib/python3.7/site-packages/airflow/example_dags/example_branch_python_dop_operator_3.py
[2025-01-27T08:38:11.575+0000] {processor.py:766} INFO - DAG(s) dict_keys(['example_branch_dop_operator_v3']) retrieved from /home/airflow/.local/lib/python3.7/site-packages/airflow/example_dags/example_branch_python_dop_operator_3.py
[2025-01-27T08:38:11.704+0000] {logging_mixin.py:120} INFO - [2025-01-27T08:38:11.704+0000] {dag.py:2585} INFO - Sync 1 DAGs
[2025-01-27T08:38:11.779+0000] {logging_mixin.py:120} INFO - [2025-01-27T08:38:11.778+0000] {dag.py:3340} INFO - Setting next_dagrun for example_branch_dop_operator_v3 to 2025-01-27T08:37:00+00:00, run_after=2025-01-27T08:38:00+00:00
[2025-01-27T08:38:11.828+0000] {processor.py:176} INFO - Processing /home/airflow/.local/lib/python3.7/site-packages/airflow/example_dags/example_branch_python_dop_operator_3.py took 0.315 seconds
[2025-01-27T08:38:42.155+0000] {processor.py:154} INFO - Started process (PID=613) to work on /home/airflow/.local/lib/python3.7/site-packages/airflow/example_dags/example_branch_python_dop_operator_3.py
[2025-01-27T08:38:42.157+0000] {processor.py:756} INFO - Processing file /home/airflow/.local/lib/python3.7/site-packages/airflow/example_dags/example_branch_python_dop_operator_3.py for tasks to queue
[2025-01-27T08:38:42.159+0000] {logging_mixin.py:120} INFO - [2025-01-27T08:38:42.159+0000] {dagbag.py:537} INFO - Filling up the DagBag from /home/airflow/.local/lib/python3.7/site-packages/airflow/example_dags/example_branch_python_dop_operator_3.py
[2025-01-27T08:38:42.214+0000] {processor.py:766} INFO - DAG(s) dict_keys(['example_branch_dop_operator_v3']) retrieved from /home/airflow/.local/lib/python3.7/site-packages/airflow/example_dags/example_branch_python_dop_operator_3.py
[2025-01-27T08:38:42.315+0000] {logging_mixin.py:120} INFO - [2025-01-27T08:38:42.314+0000] {dag.py:2585} INFO - Sync 1 DAGs
[2025-01-27T08:38:42.385+0000] {logging_mixin.py:120} INFO - [2025-01-27T08:38:42.385+0000] {dag.py:3340} INFO - Setting next_dagrun for example_branch_dop_operator_v3 to 2025-01-27T08:37:00+00:00, run_after=2025-01-27T08:38:00+00:00
[2025-01-27T08:38:42.427+0000] {processor.py:176} INFO - Processing /home/airflow/.local/lib/python3.7/site-packages/airflow/example_dags/example_branch_python_dop_operator_3.py took 0.278 seconds
[2025-01-27T08:39:12.807+0000] {processor.py:154} INFO - Started process (PID=667) to work on /home/airflow/.local/lib/python3.7/site-packages/airflow/example_dags/example_branch_python_dop_operator_3.py
[2025-01-27T08:39:12.809+0000] {processor.py:756} INFO - Processing file /home/airflow/.local/lib/python3.7/site-packages/airflow/example_dags/example_branch_python_dop_operator_3.py for tasks to queue
[2025-01-27T08:39:12.811+0000] {logging_mixin.py:120} INFO - [2025-01-27T08:39:12.811+0000] {dagbag.py:537} INFO - Filling up the DagBag from /home/airflow/.local/lib/python3.7/site-packages/airflow/example_dags/example_branch_python_dop_operator_3.py
[2025-01-27T08:39:12.866+0000] {processor.py:766} INFO - DAG(s) dict_keys(['example_branch_dop_operator_v3']) retrieved from /home/airflow/.local/lib/python3.7/site-packages/airflow/example_dags/example_branch_python_dop_operator_3.py
[2025-01-27T08:39:12.959+0000] {logging_mixin.py:120} INFO - [2025-01-27T08:39:12.959+0000] {dag.py:2585} INFO - Sync 1 DAGs
[2025-01-27T08:39:13.043+0000] {logging_mixin.py:120} INFO - [2025-01-27T08:39:13.043+0000] {dag.py:3340} INFO - Setting next_dagrun for example_branch_dop_operator_v3 to 2025-01-27T08:38:00+00:00, run_after=2025-01-27T08:39:00+00:00
[2025-01-27T08:39:13.091+0000] {processor.py:176} INFO - Processing /home/airflow/.local/lib/python3.7/site-packages/airflow/example_dags/example_branch_python_dop_operator_3.py took 0.291 seconds
[2025-01-27T08:39:43.786+0000] {processor.py:154} INFO - Started process (PID=729) to work on /home/airflow/.local/lib/python3.7/site-packages/airflow/example_dags/example_branch_python_dop_operator_3.py
[2025-01-27T08:39:43.788+0000] {processor.py:756} INFO - Processing file /home/airflow/.local/lib/python3.7/site-packages/airflow/example_dags/example_branch_python_dop_operator_3.py for tasks to queue
[2025-01-27T08:39:43.789+0000] {logging_mixin.py:120} INFO - [2025-01-27T08:39:43.789+0000] {dagbag.py:537} INFO - Filling up the DagBag from /home/airflow/.local/lib/python3.7/site-packages/airflow/example_dags/example_branch_python_dop_operator_3.py
[2025-01-27T08:39:43.840+0000] {processor.py:766} INFO - DAG(s) dict_keys(['example_branch_dop_operator_v3']) retrieved from /home/airflow/.local/lib/python3.7/site-packages/airflow/example_dags/example_branch_python_dop_operator_3.py
[2025-01-27T08:39:43.921+0000] {logging_mixin.py:120} INFO - [2025-01-27T08:39:43.920+0000] {dag.py:2585} INFO - Sync 1 DAGs
[2025-01-27T08:39:43.982+0000] {logging_mixin.py:120} INFO - [2025-01-27T08:39:43.982+0000] {dag.py:3340} INFO - Setting next_dagrun for example_branch_dop_operator_v3 to 2025-01-27T08:38:00+00:00, run_after=2025-01-27T08:39:00+00:00
[2025-01-27T08:39:44.021+0000] {processor.py:176} INFO - Processing /home/airflow/.local/lib/python3.7/site-packages/airflow/example_dags/example_branch_python_dop_operator_3.py took 0.242 seconds
[2025-01-27T08:40:14.372+0000] {processor.py:154} INFO - Started process (PID=790) to work on /home/airflow/.local/lib/python3.7/site-packages/airflow/example_dags/example_branch_python_dop_operator_3.py
[2025-01-27T08:40:14.374+0000] {processor.py:756} INFO - Processing file /home/airflow/.local/lib/python3.7/site-packages/airflow/example_dags/example_branch_python_dop_operator_3.py for tasks to queue
[2025-01-27T08:40:14.375+0000] {logging_mixin.py:120} INFO - [2025-01-27T08:40:14.375+0000] {dagbag.py:537} INFO - Filling up the DagBag from /home/airflow/.local/lib/python3.7/site-packages/airflow/example_dags/example_branch_python_dop_operator_3.py
[2025-01-27T08:40:14.426+0000] {processor.py:766} INFO - DAG(s) dict_keys(['example_branch_dop_operator_v3']) retrieved from /home/airflow/.local/lib/python3.7/site-packages/airflow/example_dags/example_branch_python_dop_operator_3.py
[2025-01-27T08:40:14.521+0000] {logging_mixin.py:120} INFO - [2025-01-27T08:40:14.521+0000] {dag.py:2585} INFO - Sync 1 DAGs
[2025-01-27T08:40:14.587+0000] {logging_mixin.py:120} INFO - [2025-01-27T08:40:14.587+0000] {dag.py:3340} INFO - Setting next_dagrun for example_branch_dop_operator_v3 to 2025-01-27T08:39:00+00:00, run_after=2025-01-27T08:40:00+00:00
[2025-01-27T08:40:14.630+0000] {processor.py:176} INFO - Processing /home/airflow/.local/lib/python3.7/site-packages/airflow/example_dags/example_branch_python_dop_operator_3.py took 0.265 seconds
[2025-01-27T08:40:45.091+0000] {processor.py:154} INFO - Started process (PID=846) to work on /home/airflow/.local/lib/python3.7/site-packages/airflow/example_dags/example_branch_python_dop_operator_3.py
[2025-01-27T08:40:45.092+0000] {processor.py:756} INFO - Processing file /home/airflow/.local/lib/python3.7/site-packages/airflow/example_dags/example_branch_python_dop_operator_3.py for tasks to queue
[2025-01-27T08:40:45.094+0000] {logging_mixin.py:120} INFO - [2025-01-27T08:40:45.093+0000] {dagbag.py:537} INFO - Filling up the DagBag from /home/airflow/.local/lib/python3.7/site-packages/airflow/example_dags/example_branch_python_dop_operator_3.py
[2025-01-27T08:40:45.144+0000] {processor.py:766} INFO - DAG(s) dict_keys(['example_branch_dop_operator_v3']) retrieved from /home/airflow/.local/lib/python3.7/site-packages/airflow/example_dags/example_branch_python_dop_operator_3.py
[2025-01-27T08:40:45.238+0000] {logging_mixin.py:120} INFO - [2025-01-27T08:40:45.238+0000] {dag.py:2585} INFO - Sync 1 DAGs
[2025-01-27T08:40:45.301+0000] {logging_mixin.py:120} INFO - [2025-01-27T08:40:45.300+0000] {dag.py:3340} INFO - Setting next_dagrun for example_branch_dop_operator_v3 to 2025-01-27T08:39:00+00:00, run_after=2025-01-27T08:40:00+00:00
[2025-01-27T08:40:45.342+0000] {processor.py:176} INFO - Processing /home/airflow/.local/lib/python3.7/site-packages/airflow/example_dags/example_branch_python_dop_operator_3.py took 0.257 seconds
[2025-01-27T08:41:15.932+0000] {processor.py:154} INFO - Started process (PID=909) to work on /home/airflow/.local/lib/python3.7/site-packages/airflow/example_dags/example_branch_python_dop_operator_3.py
[2025-01-27T08:41:15.933+0000] {processor.py:756} INFO - Processing file /home/airflow/.local/lib/python3.7/site-packages/airflow/example_dags/example_branch_python_dop_operator_3.py for tasks to queue
[2025-01-27T08:41:15.935+0000] {logging_mixin.py:120} INFO - [2025-01-27T08:41:15.934+0000] {dagbag.py:537} INFO - Filling up the DagBag from /home/airflow/.local/lib/python3.7/site-packages/airflow/example_dags/example_branch_python_dop_operator_3.py
[2025-01-27T08:41:15.982+0000] {processor.py:766} INFO - DAG(s) dict_keys(['example_branch_dop_operator_v3']) retrieved from /home/airflow/.local/lib/python3.7/site-packages/airflow/example_dags/example_branch_python_dop_operator_3.py
[2025-01-27T08:41:16.073+0000] {logging_mixin.py:120} INFO - [2025-01-27T08:41:16.072+0000] {dag.py:2585} INFO - Sync 1 DAGs
[2025-01-27T08:41:16.132+0000] {logging_mixin.py:120} INFO - [2025-01-27T08:41:16.132+0000] {dag.py:3340} INFO - Setting next_dagrun for example_branch_dop_operator_v3 to 2025-01-27T08:40:00+00:00, run_after=2025-01-27T08:41:00+00:00
[2025-01-27T08:41:16.175+0000] {processor.py:176} INFO - Processing /home/airflow/.local/lib/python3.7/site-packages/airflow/example_dags/example_branch_python_dop_operator_3.py took 0.250 seconds
[2025-01-27T08:41:46.553+0000] {processor.py:154} INFO - Started process (PID=962) to work on /home/airflow/.local/lib/python3.7/site-packages/airflow/example_dags/example_branch_python_dop_operator_3.py
[2025-01-27T08:41:46.555+0000] {processor.py:756} INFO - Processing file /home/airflow/.local/lib/python3.7/site-packages/airflow/example_dags/example_branch_python_dop_operator_3.py for tasks to queue
[2025-01-27T08:41:46.558+0000] {logging_mixin.py:120} INFO - [2025-01-27T08:41:46.558+0000] {dagbag.py:537} INFO - Filling up the DagBag from /home/airflow/.local/lib/python3.7/site-packages/airflow/example_dags/example_branch_python_dop_operator_3.py
[2025-01-27T08:41:46.613+0000] {processor.py:766} INFO - DAG(s) dict_keys(['example_branch_dop_operator_v3']) retrieved from /home/airflow/.local/lib/python3.7/site-packages/airflow/example_dags/example_branch_python_dop_operator_3.py
[2025-01-27T08:41:46.717+0000] {logging_mixin.py:120} INFO - [2025-01-27T08:41:46.717+0000] {dag.py:2585} INFO - Sync 1 DAGs
[2025-01-27T08:41:46.786+0000] {logging_mixin.py:120} INFO - [2025-01-27T08:41:46.786+0000] {dag.py:3340} INFO - Setting next_dagrun for example_branch_dop_operator_v3 to 2025-01-27T08:40:00+00:00, run_after=2025-01-27T08:41:00+00:00
[2025-01-27T08:41:46.829+0000] {processor.py:176} INFO - Processing /home/airflow/.local/lib/python3.7/site-packages/airflow/example_dags/example_branch_python_dop_operator_3.py took 0.282 seconds
[2025-01-27T08:42:16.998+0000] {processor.py:154} INFO - Started process (PID=1015) to work on /home/airflow/.local/lib/python3.7/site-packages/airflow/example_dags/example_branch_python_dop_operator_3.py
[2025-01-27T08:42:17.000+0000] {processor.py:756} INFO - Processing file /home/airflow/.local/lib/python3.7/site-packages/airflow/example_dags/example_branch_python_dop_operator_3.py for tasks to queue
[2025-01-27T08:42:17.003+0000] {logging_mixin.py:120} INFO - [2025-01-27T08:42:17.003+0000] {dagbag.py:537} INFO - Filling up the DagBag from /home/airflow/.local/lib/python3.7/site-packages/airflow/example_dags/example_branch_python_dop_operator_3.py
[2025-01-27T08:42:17.062+0000] {processor.py:766} INFO - DAG(s) dict_keys(['example_branch_dop_operator_v3']) retrieved from /home/airflow/.local/lib/python3.7/site-packages/airflow/example_dags/example_branch_python_dop_operator_3.py
[2025-01-27T08:42:17.162+0000] {logging_mixin.py:120} INFO - [2025-01-27T08:42:17.162+0000] {dag.py:2585} INFO - Sync 1 DAGs
[2025-01-27T08:42:17.229+0000] {logging_mixin.py:120} INFO - [2025-01-27T08:42:17.228+0000] {dag.py:3340} INFO - Setting next_dagrun for example_branch_dop_operator_v3 to 2025-01-27T08:41:00+00:00, run_after=2025-01-27T08:42:00+00:00
[2025-01-27T08:42:17.271+0000] {processor.py:176} INFO - Processing /home/airflow/.local/lib/python3.7/site-packages/airflow/example_dags/example_branch_python_dop_operator_3.py took 0.280 seconds
[2025-01-27T08:42:47.891+0000] {processor.py:154} INFO - Started process (PID=1078) to work on /home/airflow/.local/lib/python3.7/site-packages/airflow/example_dags/example_branch_python_dop_operator_3.py
[2025-01-27T08:42:47.892+0000] {processor.py:756} INFO - Processing file /home/airflow/.local/lib/python3.7/site-packages/airflow/example_dags/example_branch_python_dop_operator_3.py for tasks to queue
[2025-01-27T08:42:47.894+0000] {logging_mixin.py:120} INFO - [2025-01-27T08:42:47.894+0000] {dagbag.py:537} INFO - Filling up the DagBag from /home/airflow/.local/lib/python3.7/site-packages/airflow/example_dags/example_branch_python_dop_operator_3.py
[2025-01-27T08:42:47.944+0000] {processor.py:766} INFO - DAG(s) dict_keys(['example_branch_dop_operator_v3']) retrieved from /home/airflow/.local/lib/python3.7/site-packages/airflow/example_dags/example_branch_python_dop_operator_3.py
[2025-01-27T08:42:48.023+0000] {logging_mixin.py:120} INFO - [2025-01-27T08:42:48.023+0000] {dag.py:2585} INFO - Sync 1 DAGs
[2025-01-27T08:42:48.092+0000] {logging_mixin.py:120} INFO - [2025-01-27T08:42:48.092+0000] {dag.py:3340} INFO - Setting next_dagrun for example_branch_dop_operator_v3 to 2025-01-27T08:41:00+00:00, run_after=2025-01-27T08:42:00+00:00
[2025-01-27T08:42:48.133+0000] {processor.py:176} INFO - Processing /home/airflow/.local/lib/python3.7/site-packages/airflow/example_dags/example_branch_python_dop_operator_3.py took 0.248 seconds
[2025-01-27T08:43:18.506+0000] {processor.py:154} INFO - Started process (PID=1131) to work on /home/airflow/.local/lib/python3.7/site-packages/airflow/example_dags/example_branch_python_dop_operator_3.py
[2025-01-27T08:43:18.507+0000] {processor.py:756} INFO - Processing file /home/airflow/.local/lib/python3.7/site-packages/airflow/example_dags/example_branch_python_dop_operator_3.py for tasks to queue
[2025-01-27T08:43:18.509+0000] {logging_mixin.py:120} INFO - [2025-01-27T08:43:18.509+0000] {dagbag.py:537} INFO - Filling up the DagBag from /home/airflow/.local/lib/python3.7/site-packages/airflow/example_dags/example_branch_python_dop_operator_3.py
[2025-01-27T08:43:18.552+0000] {processor.py:766} INFO - DAG(s) dict_keys(['example_branch_dop_operator_v3']) retrieved from /home/airflow/.local/lib/python3.7/site-packages/airflow/example_dags/example_branch_python_dop_operator_3.py
[2025-01-27T08:43:18.633+0000] {logging_mixin.py:120} INFO - [2025-01-27T08:43:18.633+0000] {dag.py:2585} INFO - Sync 1 DAGs
[2025-01-27T08:43:18.700+0000] {logging_mixin.py:120} INFO - [2025-01-27T08:43:18.700+0000] {dag.py:3340} INFO - Setting next_dagrun for example_branch_dop_operator_v3 to 2025-01-27T08:42:00+00:00, run_after=2025-01-27T08:43:00+00:00
[2025-01-27T08:43:18.738+0000] {processor.py:176} INFO - Processing /home/airflow/.local/lib/python3.7/site-packages/airflow/example_dags/example_branch_python_dop_operator_3.py took 0.240 seconds
[2025-01-27T08:43:49.061+0000] {processor.py:154} INFO - Started process (PID=1192) to work on /home/airflow/.local/lib/python3.7/site-packages/airflow/example_dags/example_branch_python_dop_operator_3.py
[2025-01-27T08:43:49.062+0000] {processor.py:756} INFO - Processing file /home/airflow/.local/lib/python3.7/site-packages/airflow/example_dags/example_branch_python_dop_operator_3.py for tasks to queue
[2025-01-27T08:43:49.065+0000] {logging_mixin.py:120} INFO - [2025-01-27T08:43:49.065+0000] {dagbag.py:537} INFO - Filling up the DagBag from /home/airflow/.local/lib/python3.7/site-packages/airflow/example_dags/example_branch_python_dop_operator_3.py
[2025-01-27T08:43:49.114+0000] {processor.py:766} INFO - DAG(s) dict_keys(['example_branch_dop_operator_v3']) retrieved from /home/airflow/.local/lib/python3.7/site-packages/airflow/example_dags/example_branch_python_dop_operator_3.py
[2025-01-27T08:43:49.192+0000] {logging_mixin.py:120} INFO - [2025-01-27T08:43:49.191+0000] {dag.py:2585} INFO - Sync 1 DAGs
[2025-01-27T08:43:49.249+0000] {logging_mixin.py:120} INFO - [2025-01-27T08:43:49.248+0000] {dag.py:3340} INFO - Setting next_dagrun for example_branch_dop_operator_v3 to 2025-01-27T08:42:00+00:00, run_after=2025-01-27T08:43:00+00:00
[2025-01-27T08:43:49.280+0000] {processor.py:176} INFO - Processing /home/airflow/.local/lib/python3.7/site-packages/airflow/example_dags/example_branch_python_dop_operator_3.py took 0.224 seconds
[2025-01-27T08:44:19.568+0000] {processor.py:154} INFO - Started process (PID=1246) to work on /home/airflow/.local/lib/python3.7/site-packages/airflow/example_dags/example_branch_python_dop_operator_3.py
[2025-01-27T08:44:19.570+0000] {processor.py:756} INFO - Processing file /home/airflow/.local/lib/python3.7/site-packages/airflow/example_dags/example_branch_python_dop_operator_3.py for tasks to queue
[2025-01-27T08:44:19.574+0000] {logging_mixin.py:120} INFO - [2025-01-27T08:44:19.573+0000] {dagbag.py:537} INFO - Filling up the DagBag from /home/airflow/.local/lib/python3.7/site-packages/airflow/example_dags/example_branch_python_dop_operator_3.py
[2025-01-27T08:44:19.631+0000] {processor.py:766} INFO - DAG(s) dict_keys(['example_branch_dop_operator_v3']) retrieved from /home/airflow/.local/lib/python3.7/site-packages/airflow/example_dags/example_branch_python_dop_operator_3.py
[2025-01-27T08:44:19.716+0000] {logging_mixin.py:120} INFO - [2025-01-27T08:44:19.716+0000] {dag.py:2585} INFO - Sync 1 DAGs
[2025-01-27T08:44:19.779+0000] {logging_mixin.py:120} INFO - [2025-01-27T08:44:19.778+0000] {dag.py:3340} INFO - Setting next_dagrun for example_branch_dop_operator_v3 to 2025-01-27T08:43:00+00:00, run_after=2025-01-27T08:44:00+00:00
[2025-01-27T08:44:19.816+0000] {processor.py:176} INFO - Processing /home/airflow/.local/lib/python3.7/site-packages/airflow/example_dags/example_branch_python_dop_operator_3.py took 0.256 seconds
[2025-01-27T08:44:50.153+0000] {processor.py:154} INFO - Started process (PID=1309) to work on /home/airflow/.local/lib/python3.7/site-packages/airflow/example_dags/example_branch_python_dop_operator_3.py
[2025-01-27T08:44:50.154+0000] {processor.py:756} INFO - Processing file /home/airflow/.local/lib/python3.7/site-packages/airflow/example_dags/example_branch_python_dop_operator_3.py for tasks to queue
[2025-01-27T08:44:50.156+0000] {logging_mixin.py:120} INFO - [2025-01-27T08:44:50.155+0000] {dagbag.py:537} INFO - Filling up the DagBag from /home/airflow/.local/lib/python3.7/site-packages/airflow/example_dags/example_branch_python_dop_operator_3.py
[2025-01-27T08:44:50.208+0000] {processor.py:766} INFO - DAG(s) dict_keys(['example_branch_dop_operator_v3']) retrieved from /home/airflow/.local/lib/python3.7/site-packages/airflow/example_dags/example_branch_python_dop_operator_3.py
[2025-01-27T08:44:50.300+0000] {logging_mixin.py:120} INFO - [2025-01-27T08:44:50.300+0000] {dag.py:2585} INFO - Sync 1 DAGs
[2025-01-27T08:44:50.368+0000] {logging_mixin.py:120} INFO - [2025-01-27T08:44:50.368+0000] {dag.py:3340} INFO - Setting next_dagrun for example_branch_dop_operator_v3 to 2025-01-27T08:43:00+00:00, run_after=2025-01-27T08:44:00+00:00
[2025-01-27T08:44:50.421+0000] {processor.py:176} INFO - Processing /home/airflow/.local/lib/python3.7/site-packages/airflow/example_dags/example_branch_python_dop_operator_3.py took 0.277 seconds
[2025-01-27T08:45:21.219+0000] {processor.py:154} INFO - Started process (PID=1364) to work on /home/airflow/.local/lib/python3.7/site-packages/airflow/example_dags/example_branch_python_dop_operator_3.py
[2025-01-27T08:45:21.221+0000] {processor.py:756} INFO - Processing file /home/airflow/.local/lib/python3.7/site-packages/airflow/example_dags/example_branch_python_dop_operator_3.py for tasks to queue
[2025-01-27T08:45:21.222+0000] {logging_mixin.py:120} INFO - [2025-01-27T08:45:21.222+0000] {dagbag.py:537} INFO - Filling up the DagBag from /home/airflow/.local/lib/python3.7/site-packages/airflow/example_dags/example_branch_python_dop_operator_3.py
[2025-01-27T08:45:21.274+0000] {processor.py:766} INFO - DAG(s) dict_keys(['example_branch_dop_operator_v3']) retrieved from /home/airflow/.local/lib/python3.7/site-packages/airflow/example_dags/example_branch_python_dop_operator_3.py
[2025-01-27T08:45:21.351+0000] {logging_mixin.py:120} INFO - [2025-01-27T08:45:21.350+0000] {dag.py:2585} INFO - Sync 1 DAGs
[2025-01-27T08:45:21.413+0000] {logging_mixin.py:120} INFO - [2025-01-27T08:45:21.413+0000] {dag.py:3340} INFO - Setting next_dagrun for example_branch_dop_operator_v3 to 2025-01-27T08:44:00+00:00, run_after=2025-01-27T08:45:00+00:00
[2025-01-27T08:45:21.453+0000] {processor.py:176} INFO - Processing /home/airflow/.local/lib/python3.7/site-packages/airflow/example_dags/example_branch_python_dop_operator_3.py took 0.239 seconds
[2025-01-27T08:45:52.147+0000] {processor.py:154} INFO - Started process (PID=1426) to work on /home/airflow/.local/lib/python3.7/site-packages/airflow/example_dags/example_branch_python_dop_operator_3.py
[2025-01-27T08:45:52.148+0000] {processor.py:756} INFO - Processing file /home/airflow/.local/lib/python3.7/site-packages/airflow/example_dags/example_branch_python_dop_operator_3.py for tasks to queue
[2025-01-27T08:45:52.151+0000] {logging_mixin.py:120} INFO - [2025-01-27T08:45:52.151+0000] {dagbag.py:537} INFO - Filling up the DagBag from /home/airflow/.local/lib/python3.7/site-packages/airflow/example_dags/example_branch_python_dop_operator_3.py
[2025-01-27T08:45:52.197+0000] {processor.py:766} INFO - DAG(s) dict_keys(['example_branch_dop_operator_v3']) retrieved from /home/airflow/.local/lib/python3.7/site-packages/airflow/example_dags/example_branch_python_dop_operator_3.py
[2025-01-27T08:45:52.285+0000] {logging_mixin.py:120} INFO - [2025-01-27T08:45:52.284+0000] {dag.py:2585} INFO - Sync 1 DAGs
[2025-01-27T08:45:52.368+0000] {logging_mixin.py:120} INFO - [2025-01-27T08:45:52.368+0000] {dag.py:3340} INFO - Setting next_dagrun for example_branch_dop_operator_v3 to 2025-01-27T08:44:00+00:00, run_after=2025-01-27T08:45:00+00:00
[2025-01-27T08:45:52.410+0000] {processor.py:176} INFO - Processing /home/airflow/.local/lib/python3.7/site-packages/airflow/example_dags/example_branch_python_dop_operator_3.py took 0.270 seconds
[2025-01-27T08:46:22.763+0000] {processor.py:154} INFO - Started process (PID=1479) to work on /home/airflow/.local/lib/python3.7/site-packages/airflow/example_dags/example_branch_python_dop_operator_3.py
[2025-01-27T08:46:22.766+0000] {processor.py:756} INFO - Processing file /home/airflow/.local/lib/python3.7/site-packages/airflow/example_dags/example_branch_python_dop_operator_3.py for tasks to queue
[2025-01-27T08:46:22.767+0000] {logging_mixin.py:120} INFO - [2025-01-27T08:46:22.767+0000] {dagbag.py:537} INFO - Filling up the DagBag from /home/airflow/.local/lib/python3.7/site-packages/airflow/example_dags/example_branch_python_dop_operator_3.py
[2025-01-27T08:46:22.816+0000] {processor.py:766} INFO - DAG(s) dict_keys(['example_branch_dop_operator_v3']) retrieved from /home/airflow/.local/lib/python3.7/site-packages/airflow/example_dags/example_branch_python_dop_operator_3.py
[2025-01-27T08:46:22.899+0000] {logging_mixin.py:120} INFO - [2025-01-27T08:46:22.899+0000] {dag.py:2585} INFO - Sync 1 DAGs
[2025-01-27T08:46:22.960+0000] {logging_mixin.py:120} INFO - [2025-01-27T08:46:22.960+0000] {dag.py:3340} INFO - Setting next_dagrun for example_branch_dop_operator_v3 to 2025-01-27T08:45:00+00:00, run_after=2025-01-27T08:46:00+00:00
[2025-01-27T08:46:23.000+0000] {processor.py:176} INFO - Processing /home/airflow/.local/lib/python3.7/site-packages/airflow/example_dags/example_branch_python_dop_operator_3.py took 0.242 seconds
[2025-01-27T08:46:53.312+0000] {processor.py:154} INFO - Started process (PID=1533) to work on /home/airflow/.local/lib/python3.7/site-packages/airflow/example_dags/example_branch_python_dop_operator_3.py
[2025-01-27T08:46:53.314+0000] {processor.py:756} INFO - Processing file /home/airflow/.local/lib/python3.7/site-packages/airflow/example_dags/example_branch_python_dop_operator_3.py for tasks to queue
[2025-01-27T08:46:53.316+0000] {logging_mixin.py:120} INFO - [2025-01-27T08:46:53.315+0000] {dagbag.py:537} INFO - Filling up the DagBag from /home/airflow/.local/lib/python3.7/site-packages/airflow/example_dags/example_branch_python_dop_operator_3.py
[2025-01-27T08:46:53.365+0000] {processor.py:766} INFO - DAG(s) dict_keys(['example_branch_dop_operator_v3']) retrieved from /home/airflow/.local/lib/python3.7/site-packages/airflow/example_dags/example_branch_python_dop_operator_3.py
[2025-01-27T08:46:53.457+0000] {logging_mixin.py:120} INFO - [2025-01-27T08:46:53.456+0000] {dag.py:2585} INFO - Sync 1 DAGs
[2025-01-27T08:46:53.525+0000] {logging_mixin.py:120} INFO - [2025-01-27T08:46:53.525+0000] {dag.py:3340} INFO - Setting next_dagrun for example_branch_dop_operator_v3 to 2025-01-27T08:45:00+00:00, run_after=2025-01-27T08:46:00+00:00
[2025-01-27T08:46:53.568+0000] {processor.py:176} INFO - Processing /home/airflow/.local/lib/python3.7/site-packages/airflow/example_dags/example_branch_python_dop_operator_3.py took 0.269 seconds
[2025-01-27T08:47:24.217+0000] {processor.py:154} INFO - Started process (PID=1595) to work on /home/airflow/.local/lib/python3.7/site-packages/airflow/example_dags/example_branch_python_dop_operator_3.py
[2025-01-27T08:47:24.219+0000] {processor.py:756} INFO - Processing file /home/airflow/.local/lib/python3.7/site-packages/airflow/example_dags/example_branch_python_dop_operator_3.py for tasks to queue
[2025-01-27T08:47:24.221+0000] {logging_mixin.py:120} INFO - [2025-01-27T08:47:24.221+0000] {dagbag.py:537} INFO - Filling up the DagBag from /home/airflow/.local/lib/python3.7/site-packages/airflow/example_dags/example_branch_python_dop_operator_3.py
[2025-01-27T08:47:24.272+0000] {processor.py:766} INFO - DAG(s) dict_keys(['example_branch_dop_operator_v3']) retrieved from /home/airflow/.local/lib/python3.7/site-packages/airflow/example_dags/example_branch_python_dop_operator_3.py
[2025-01-27T08:47:24.354+0000] {logging_mixin.py:120} INFO - [2025-01-27T08:47:24.354+0000] {dag.py:2585} INFO - Sync 1 DAGs
[2025-01-27T08:47:24.418+0000] {logging_mixin.py:120} INFO - [2025-01-27T08:47:24.418+0000] {dag.py:3340} INFO - Setting next_dagrun for example_branch_dop_operator_v3 to 2025-01-27T08:46:00+00:00, run_after=2025-01-27T08:47:00+00:00
[2025-01-27T08:47:24.460+0000] {processor.py:176} INFO - Processing /home/airflow/.local/lib/python3.7/site-packages/airflow/example_dags/example_branch_python_dop_operator_3.py took 0.249 seconds
[2025-01-27T08:47:54.767+0000] {processor.py:154} INFO - Started process (PID=1650) to work on /home/airflow/.local/lib/python3.7/site-packages/airflow/example_dags/example_branch_python_dop_operator_3.py
[2025-01-27T08:47:54.768+0000] {processor.py:756} INFO - Processing file /home/airflow/.local/lib/python3.7/site-packages/airflow/example_dags/example_branch_python_dop_operator_3.py for tasks to queue
[2025-01-27T08:47:54.769+0000] {logging_mixin.py:120} INFO - [2025-01-27T08:47:54.769+0000] {dagbag.py:537} INFO - Filling up the DagBag from /home/airflow/.local/lib/python3.7/site-packages/airflow/example_dags/example_branch_python_dop_operator_3.py
[2025-01-27T08:47:54.820+0000] {processor.py:766} INFO - DAG(s) dict_keys(['example_branch_dop_operator_v3']) retrieved from /home/airflow/.local/lib/python3.7/site-packages/airflow/example_dags/example_branch_python_dop_operator_3.py
[2025-01-27T08:47:54.902+0000] {logging_mixin.py:120} INFO - [2025-01-27T08:47:54.901+0000] {dag.py:2585} INFO - Sync 1 DAGs
[2025-01-27T08:47:54.976+0000] {logging_mixin.py:120} INFO - [2025-01-27T08:47:54.975+0000] {dag.py:3340} INFO - Setting next_dagrun for example_branch_dop_operator_v3 to 2025-01-27T08:46:00+00:00, run_after=2025-01-27T08:47:00+00:00
[2025-01-27T08:47:55.013+0000] {processor.py:176} INFO - Processing /home/airflow/.local/lib/python3.7/site-packages/airflow/example_dags/example_branch_python_dop_operator_3.py took 0.254 seconds
[2025-01-27T08:48:25.596+0000] {processor.py:154} INFO - Started process (PID=1713) to work on /home/airflow/.local/lib/python3.7/site-packages/airflow/example_dags/example_branch_python_dop_operator_3.py
[2025-01-27T08:48:25.598+0000] {processor.py:756} INFO - Processing file /home/airflow/.local/lib/python3.7/site-packages/airflow/example_dags/example_branch_python_dop_operator_3.py for tasks to queue
[2025-01-27T08:48:25.600+0000] {logging_mixin.py:120} INFO - [2025-01-27T08:48:25.599+0000] {dagbag.py:537} INFO - Filling up the DagBag from /home/airflow/.local/lib/python3.7/site-packages/airflow/example_dags/example_branch_python_dop_operator_3.py
[2025-01-27T08:48:25.669+0000] {processor.py:766} INFO - DAG(s) dict_keys(['example_branch_dop_operator_v3']) retrieved from /home/airflow/.local/lib/python3.7/site-packages/airflow/example_dags/example_branch_python_dop_operator_3.py
[2025-01-27T08:48:25.761+0000] {logging_mixin.py:120} INFO - [2025-01-27T08:48:25.761+0000] {dag.py:2585} INFO - Sync 1 DAGs
[2025-01-27T08:48:25.830+0000] {logging_mixin.py:120} INFO - [2025-01-27T08:48:25.830+0000] {dag.py:3340} INFO - Setting next_dagrun for example_branch_dop_operator_v3 to 2025-01-27T08:47:00+00:00, run_after=2025-01-27T08:48:00+00:00
[2025-01-27T08:48:25.867+0000] {processor.py:176} INFO - Processing /home/airflow/.local/lib/python3.7/site-packages/airflow/example_dags/example_branch_python_dop_operator_3.py took 0.279 seconds
[2025-01-27T08:48:56.252+0000] {processor.py:154} INFO - Started process (PID=1767) to work on /home/airflow/.local/lib/python3.7/site-packages/airflow/example_dags/example_branch_python_dop_operator_3.py
[2025-01-27T08:48:56.254+0000] {processor.py:756} INFO - Processing file /home/airflow/.local/lib/python3.7/site-packages/airflow/example_dags/example_branch_python_dop_operator_3.py for tasks to queue
[2025-01-27T08:48:56.256+0000] {logging_mixin.py:120} INFO - [2025-01-27T08:48:56.256+0000] {dagbag.py:537} INFO - Filling up the DagBag from /home/airflow/.local/lib/python3.7/site-packages/airflow/example_dags/example_branch_python_dop_operator_3.py
[2025-01-27T08:48:56.313+0000] {processor.py:766} INFO - DAG(s) dict_keys(['example_branch_dop_operator_v3']) retrieved from /home/airflow/.local/lib/python3.7/site-packages/airflow/example_dags/example_branch_python_dop_operator_3.py
[2025-01-27T08:48:56.389+0000] {logging_mixin.py:120} INFO - [2025-01-27T08:48:56.389+0000] {dag.py:2585} INFO - Sync 1 DAGs
[2025-01-27T08:48:56.448+0000] {logging_mixin.py:120} INFO - [2025-01-27T08:48:56.448+0000] {dag.py:3340} INFO - Setting next_dagrun for example_branch_dop_operator_v3 to 2025-01-27T08:47:00+00:00, run_after=2025-01-27T08:48:00+00:00
[2025-01-27T08:48:56.490+0000] {processor.py:176} INFO - Processing /home/airflow/.local/lib/python3.7/site-packages/airflow/example_dags/example_branch_python_dop_operator_3.py took 0.244 seconds
[2025-01-27T08:49:27.386+0000] {processor.py:154} INFO - Started process (PID=1830) to work on /home/airflow/.local/lib/python3.7/site-packages/airflow/example_dags/example_branch_python_dop_operator_3.py
[2025-01-27T08:49:27.388+0000] {processor.py:756} INFO - Processing file /home/airflow/.local/lib/python3.7/site-packages/airflow/example_dags/example_branch_python_dop_operator_3.py for tasks to queue
[2025-01-27T08:49:27.389+0000] {logging_mixin.py:120} INFO - [2025-01-27T08:49:27.389+0000] {dagbag.py:537} INFO - Filling up the DagBag from /home/airflow/.local/lib/python3.7/site-packages/airflow/example_dags/example_branch_python_dop_operator_3.py
[2025-01-27T08:49:27.431+0000] {processor.py:766} INFO - DAG(s) dict_keys(['example_branch_dop_operator_v3']) retrieved from /home/airflow/.local/lib/python3.7/site-packages/airflow/example_dags/example_branch_python_dop_operator_3.py
[2025-01-27T08:49:27.509+0000] {logging_mixin.py:120} INFO - [2025-01-27T08:49:27.509+0000] {dag.py:2585} INFO - Sync 1 DAGs
[2025-01-27T08:49:27.564+0000] {logging_mixin.py:120} INFO - [2025-01-27T08:49:27.564+0000] {dag.py:3340} INFO - Setting next_dagrun for example_branch_dop_operator_v3 to 2025-01-27T08:48:00+00:00, run_after=2025-01-27T08:49:00+00:00
[2025-01-27T08:49:27.600+0000] {processor.py:176} INFO - Processing /home/airflow/.local/lib/python3.7/site-packages/airflow/example_dags/example_branch_python_dop_operator_3.py took 0.220 seconds
[2025-01-27T08:49:57.755+0000] {processor.py:154} INFO - Started process (PID=1884) to work on /home/airflow/.local/lib/python3.7/site-packages/airflow/example_dags/example_branch_python_dop_operator_3.py
[2025-01-27T08:49:57.757+0000] {processor.py:756} INFO - Processing file /home/airflow/.local/lib/python3.7/site-packages/airflow/example_dags/example_branch_python_dop_operator_3.py for tasks to queue
[2025-01-27T08:49:57.758+0000] {logging_mixin.py:120} INFO - [2025-01-27T08:49:57.758+0000] {dagbag.py:537} INFO - Filling up the DagBag from /home/airflow/.local/lib/python3.7/site-packages/airflow/example_dags/example_branch_python_dop_operator_3.py
[2025-01-27T08:49:57.801+0000] {processor.py:766} INFO - DAG(s) dict_keys(['example_branch_dop_operator_v3']) retrieved from /home/airflow/.local/lib/python3.7/site-packages/airflow/example_dags/example_branch_python_dop_operator_3.py
[2025-01-27T08:49:57.880+0000] {logging_mixin.py:120} INFO - [2025-01-27T08:49:57.879+0000] {dag.py:2585} INFO - Sync 1 DAGs
[2025-01-27T08:49:57.943+0000] {logging_mixin.py:120} INFO - [2025-01-27T08:49:57.942+0000] {dag.py:3340} INFO - Setting next_dagrun for example_branch_dop_operator_v3 to 2025-01-27T08:48:00+00:00, run_after=2025-01-27T08:49:00+00:00
[2025-01-27T08:49:57.985+0000] {processor.py:176} INFO - Processing /home/airflow/.local/lib/python3.7/site-packages/airflow/example_dags/example_branch_python_dop_operator_3.py took 0.235 seconds
[2025-01-27T08:50:28.417+0000] {processor.py:154} INFO - Started process (PID=1947) to work on /home/airflow/.local/lib/python3.7/site-packages/airflow/example_dags/example_branch_python_dop_operator_3.py
[2025-01-27T08:50:28.419+0000] {processor.py:756} INFO - Processing file /home/airflow/.local/lib/python3.7/site-packages/airflow/example_dags/example_branch_python_dop_operator_3.py for tasks to queue
[2025-01-27T08:50:28.420+0000] {logging_mixin.py:120} INFO - [2025-01-27T08:50:28.420+0000] {dagbag.py:537} INFO - Filling up the DagBag from /home/airflow/.local/lib/python3.7/site-packages/airflow/example_dags/example_branch_python_dop_operator_3.py
[2025-01-27T08:50:28.466+0000] {processor.py:766} INFO - DAG(s) dict_keys(['example_branch_dop_operator_v3']) retrieved from /home/airflow/.local/lib/python3.7/site-packages/airflow/example_dags/example_branch_python_dop_operator_3.py
[2025-01-27T08:50:28.542+0000] {logging_mixin.py:120} INFO - [2025-01-27T08:50:28.542+0000] {dag.py:2585} INFO - Sync 1 DAGs
[2025-01-27T08:50:28.599+0000] {logging_mixin.py:120} INFO - [2025-01-27T08:50:28.599+0000] {dag.py:3340} INFO - Setting next_dagrun for example_branch_dop_operator_v3 to 2025-01-27T08:49:00+00:00, run_after=2025-01-27T08:50:00+00:00
[2025-01-27T08:50:28.635+0000] {processor.py:176} INFO - Processing /home/airflow/.local/lib/python3.7/site-packages/airflow/example_dags/example_branch_python_dop_operator_3.py took 0.226 seconds
[2025-01-27T08:50:59.014+0000] {processor.py:154} INFO - Started process (PID=2000) to work on /home/airflow/.local/lib/python3.7/site-packages/airflow/example_dags/example_branch_python_dop_operator_3.py
[2025-01-27T08:50:59.016+0000] {processor.py:756} INFO - Processing file /home/airflow/.local/lib/python3.7/site-packages/airflow/example_dags/example_branch_python_dop_operator_3.py for tasks to queue
[2025-01-27T08:50:59.018+0000] {logging_mixin.py:120} INFO - [2025-01-27T08:50:59.017+0000] {dagbag.py:537} INFO - Filling up the DagBag from /home/airflow/.local/lib/python3.7/site-packages/airflow/example_dags/example_branch_python_dop_operator_3.py
[2025-01-27T08:50:59.081+0000] {processor.py:766} INFO - DAG(s) dict_keys(['example_branch_dop_operator_v3']) retrieved from /home/airflow/.local/lib/python3.7/site-packages/airflow/example_dags/example_branch_python_dop_operator_3.py
[2025-01-27T08:50:59.194+0000] {logging_mixin.py:120} INFO - [2025-01-27T08:50:59.193+0000] {dag.py:2585} INFO - Sync 1 DAGs
[2025-01-27T08:50:59.258+0000] {logging_mixin.py:120} INFO - [2025-01-27T08:50:59.258+0000] {dag.py:3340} INFO - Setting next_dagrun for example_branch_dop_operator_v3 to 2025-01-27T08:49:00+00:00, run_after=2025-01-27T08:50:00+00:00
[2025-01-27T08:50:59.301+0000] {processor.py:176} INFO - Processing /home/airflow/.local/lib/python3.7/site-packages/airflow/example_dags/example_branch_python_dop_operator_3.py took 0.294 seconds
[2025-01-27T08:51:29.950+0000] {processor.py:154} INFO - Started process (PID=2063) to work on /home/airflow/.local/lib/python3.7/site-packages/airflow/example_dags/example_branch_python_dop_operator_3.py
[2025-01-27T08:51:29.951+0000] {processor.py:756} INFO - Processing file /home/airflow/.local/lib/python3.7/site-packages/airflow/example_dags/example_branch_python_dop_operator_3.py for tasks to queue
[2025-01-27T08:51:29.952+0000] {logging_mixin.py:120} INFO - [2025-01-27T08:51:29.952+0000] {dagbag.py:537} INFO - Filling up the DagBag from /home/airflow/.local/lib/python3.7/site-packages/airflow/example_dags/example_branch_python_dop_operator_3.py
[2025-01-27T08:51:29.999+0000] {processor.py:766} INFO - DAG(s) dict_keys(['example_branch_dop_operator_v3']) retrieved from /home/airflow/.local/lib/python3.7/site-packages/airflow/example_dags/example_branch_python_dop_operator_3.py
[2025-01-27T08:51:30.079+0000] {logging_mixin.py:120} INFO - [2025-01-27T08:51:30.079+0000] {dag.py:2585} INFO - Sync 1 DAGs
[2025-01-27T08:51:30.132+0000] {logging_mixin.py:120} INFO - [2025-01-27T08:51:30.132+0000] {dag.py:3340} INFO - Setting next_dagrun for example_branch_dop_operator_v3 to 2025-01-27T08:50:00+00:00, run_after=2025-01-27T08:51:00+00:00
[2025-01-27T08:51:30.172+0000] {processor.py:176} INFO - Processing /home/airflow/.local/lib/python3.7/site-packages/airflow/example_dags/example_branch_python_dop_operator_3.py took 0.227 seconds
[2025-01-27T08:52:00.453+0000] {processor.py:154} INFO - Started process (PID=2116) to work on /home/airflow/.local/lib/python3.7/site-packages/airflow/example_dags/example_branch_python_dop_operator_3.py
[2025-01-27T08:52:00.454+0000] {processor.py:756} INFO - Processing file /home/airflow/.local/lib/python3.7/site-packages/airflow/example_dags/example_branch_python_dop_operator_3.py for tasks to queue
[2025-01-27T08:52:00.455+0000] {logging_mixin.py:120} INFO - [2025-01-27T08:52:00.455+0000] {dagbag.py:537} INFO - Filling up the DagBag from /home/airflow/.local/lib/python3.7/site-packages/airflow/example_dags/example_branch_python_dop_operator_3.py
[2025-01-27T08:52:00.500+0000] {processor.py:766} INFO - DAG(s) dict_keys(['example_branch_dop_operator_v3']) retrieved from /home/airflow/.local/lib/python3.7/site-packages/airflow/example_dags/example_branch_python_dop_operator_3.py
[2025-01-27T08:52:00.581+0000] {logging_mixin.py:120} INFO - [2025-01-27T08:52:00.580+0000] {dag.py:2585} INFO - Sync 1 DAGs
[2025-01-27T08:52:00.647+0000] {logging_mixin.py:120} INFO - [2025-01-27T08:52:00.647+0000] {dag.py:3340} INFO - Setting next_dagrun for example_branch_dop_operator_v3 to 2025-01-27T08:51:00+00:00, run_after=2025-01-27T08:52:00+00:00
[2025-01-27T08:52:00.687+0000] {processor.py:176} INFO - Processing /home/airflow/.local/lib/python3.7/site-packages/airflow/example_dags/example_branch_python_dop_operator_3.py took 0.239 seconds
[2025-01-27T08:52:30.740+0000] {processor.py:154} INFO - Started process (PID=2179) to work on /home/airflow/.local/lib/python3.7/site-packages/airflow/example_dags/example_branch_python_dop_operator_3.py
[2025-01-27T08:52:30.741+0000] {processor.py:756} INFO - Processing file /home/airflow/.local/lib/python3.7/site-packages/airflow/example_dags/example_branch_python_dop_operator_3.py for tasks to queue
[2025-01-27T08:52:30.743+0000] {logging_mixin.py:120} INFO - [2025-01-27T08:52:30.743+0000] {dagbag.py:537} INFO - Filling up the DagBag from /home/airflow/.local/lib/python3.7/site-packages/airflow/example_dags/example_branch_python_dop_operator_3.py
[2025-01-27T08:52:30.784+0000] {processor.py:766} INFO - DAG(s) dict_keys(['example_branch_dop_operator_v3']) retrieved from /home/airflow/.local/lib/python3.7/site-packages/airflow/example_dags/example_branch_python_dop_operator_3.py
[2025-01-27T08:52:30.854+0000] {logging_mixin.py:120} INFO - [2025-01-27T08:52:30.854+0000] {dag.py:2585} INFO - Sync 1 DAGs
[2025-01-27T08:52:30.910+0000] {logging_mixin.py:120} INFO - [2025-01-27T08:52:30.910+0000] {dag.py:3340} INFO - Setting next_dagrun for example_branch_dop_operator_v3 to 2025-01-27T08:51:00+00:00, run_after=2025-01-27T08:52:00+00:00
[2025-01-27T08:52:30.945+0000] {processor.py:176} INFO - Processing /home/airflow/.local/lib/python3.7/site-packages/airflow/example_dags/example_branch_python_dop_operator_3.py took 0.213 seconds
[2025-01-27T08:53:01.234+0000] {processor.py:154} INFO - Started process (PID=2233) to work on /home/airflow/.local/lib/python3.7/site-packages/airflow/example_dags/example_branch_python_dop_operator_3.py
[2025-01-27T08:53:01.236+0000] {processor.py:756} INFO - Processing file /home/airflow/.local/lib/python3.7/site-packages/airflow/example_dags/example_branch_python_dop_operator_3.py for tasks to queue
[2025-01-27T08:53:01.237+0000] {logging_mixin.py:120} INFO - [2025-01-27T08:53:01.237+0000] {dagbag.py:537} INFO - Filling up the DagBag from /home/airflow/.local/lib/python3.7/site-packages/airflow/example_dags/example_branch_python_dop_operator_3.py
[2025-01-27T08:53:01.288+0000] {processor.py:766} INFO - DAG(s) dict_keys(['example_branch_dop_operator_v3']) retrieved from /home/airflow/.local/lib/python3.7/site-packages/airflow/example_dags/example_branch_python_dop_operator_3.py
[2025-01-27T08:53:01.367+0000] {logging_mixin.py:120} INFO - [2025-01-27T08:53:01.367+0000] {dag.py:2585} INFO - Sync 1 DAGs
[2025-01-27T08:53:01.428+0000] {logging_mixin.py:120} INFO - [2025-01-27T08:53:01.428+0000] {dag.py:3340} INFO - Setting next_dagrun for example_branch_dop_operator_v3 to 2025-01-27T08:52:00+00:00, run_after=2025-01-27T08:53:00+00:00
[2025-01-27T08:53:01.465+0000] {processor.py:176} INFO - Processing /home/airflow/.local/lib/python3.7/site-packages/airflow/example_dags/example_branch_python_dop_operator_3.py took 0.236 seconds
[2025-01-27T08:53:31.595+0000] {processor.py:154} INFO - Started process (PID=2296) to work on /home/airflow/.local/lib/python3.7/site-packages/airflow/example_dags/example_branch_python_dop_operator_3.py
[2025-01-27T08:53:31.597+0000] {processor.py:756} INFO - Processing file /home/airflow/.local/lib/python3.7/site-packages/airflow/example_dags/example_branch_python_dop_operator_3.py for tasks to queue
[2025-01-27T08:53:31.599+0000] {logging_mixin.py:120} INFO - [2025-01-27T08:53:31.598+0000] {dagbag.py:537} INFO - Filling up the DagBag from /home/airflow/.local/lib/python3.7/site-packages/airflow/example_dags/example_branch_python_dop_operator_3.py
[2025-01-27T08:53:31.647+0000] {processor.py:766} INFO - DAG(s) dict_keys(['example_branch_dop_operator_v3']) retrieved from /home/airflow/.local/lib/python3.7/site-packages/airflow/example_dags/example_branch_python_dop_operator_3.py
[2025-01-27T08:53:31.736+0000] {logging_mixin.py:120} INFO - [2025-01-27T08:53:31.736+0000] {dag.py:2585} INFO - Sync 1 DAGs
[2025-01-27T08:53:31.829+0000] {logging_mixin.py:120} INFO - [2025-01-27T08:53:31.828+0000] {dag.py:3340} INFO - Setting next_dagrun for example_branch_dop_operator_v3 to 2025-01-27T08:52:00+00:00, run_after=2025-01-27T08:53:00+00:00
[2025-01-27T08:53:31.867+0000] {processor.py:176} INFO - Processing /home/airflow/.local/lib/python3.7/site-packages/airflow/example_dags/example_branch_python_dop_operator_3.py took 0.279 seconds
[2025-01-27T08:54:02.113+0000] {processor.py:154} INFO - Started process (PID=2349) to work on /home/airflow/.local/lib/python3.7/site-packages/airflow/example_dags/example_branch_python_dop_operator_3.py
[2025-01-27T08:54:02.116+0000] {processor.py:756} INFO - Processing file /home/airflow/.local/lib/python3.7/site-packages/airflow/example_dags/example_branch_python_dop_operator_3.py for tasks to queue
[2025-01-27T08:54:02.117+0000] {logging_mixin.py:120} INFO - [2025-01-27T08:54:02.117+0000] {dagbag.py:537} INFO - Filling up the DagBag from /home/airflow/.local/lib/python3.7/site-packages/airflow/example_dags/example_branch_python_dop_operator_3.py
[2025-01-27T08:54:02.162+0000] {processor.py:766} INFO - DAG(s) dict_keys(['example_branch_dop_operator_v3']) retrieved from /home/airflow/.local/lib/python3.7/site-packages/airflow/example_dags/example_branch_python_dop_operator_3.py
[2025-01-27T08:54:02.244+0000] {logging_mixin.py:120} INFO - [2025-01-27T08:54:02.244+0000] {dag.py:2585} INFO - Sync 1 DAGs
[2025-01-27T08:54:02.307+0000] {logging_mixin.py:120} INFO - [2025-01-27T08:54:02.307+0000] {dag.py:3340} INFO - Setting next_dagrun for example_branch_dop_operator_v3 to 2025-01-27T08:53:00+00:00, run_after=2025-01-27T08:54:00+00:00
[2025-01-27T08:54:02.351+0000] {processor.py:176} INFO - Processing /home/airflow/.local/lib/python3.7/site-packages/airflow/example_dags/example_branch_python_dop_operator_3.py took 0.244 seconds
[2025-01-27T08:54:32.872+0000] {processor.py:154} INFO - Started process (PID=2412) to work on /home/airflow/.local/lib/python3.7/site-packages/airflow/example_dags/example_branch_python_dop_operator_3.py
[2025-01-27T08:54:32.874+0000] {processor.py:756} INFO - Processing file /home/airflow/.local/lib/python3.7/site-packages/airflow/example_dags/example_branch_python_dop_operator_3.py for tasks to queue
[2025-01-27T08:54:32.877+0000] {logging_mixin.py:120} INFO - [2025-01-27T08:54:32.877+0000] {dagbag.py:537} INFO - Filling up the DagBag from /home/airflow/.local/lib/python3.7/site-packages/airflow/example_dags/example_branch_python_dop_operator_3.py
[2025-01-27T08:54:32.921+0000] {processor.py:766} INFO - DAG(s) dict_keys(['example_branch_dop_operator_v3']) retrieved from /home/airflow/.local/lib/python3.7/site-packages/airflow/example_dags/example_branch_python_dop_operator_3.py
[2025-01-27T08:54:33.003+0000] {logging_mixin.py:120} INFO - [2025-01-27T08:54:33.003+0000] {dag.py:2585} INFO - Sync 1 DAGs
[2025-01-27T08:54:33.065+0000] {logging_mixin.py:120} INFO - [2025-01-27T08:54:33.065+0000] {dag.py:3340} INFO - Setting next_dagrun for example_branch_dop_operator_v3 to 2025-01-27T08:53:00+00:00, run_after=2025-01-27T08:54:00+00:00
[2025-01-27T08:54:33.109+0000] {processor.py:176} INFO - Processing /home/airflow/.local/lib/python3.7/site-packages/airflow/example_dags/example_branch_python_dop_operator_3.py took 0.246 seconds
[2025-01-27T08:55:03.660+0000] {processor.py:154} INFO - Started process (PID=2466) to work on /home/airflow/.local/lib/python3.7/site-packages/airflow/example_dags/example_branch_python_dop_operator_3.py
[2025-01-27T08:55:03.661+0000] {processor.py:756} INFO - Processing file /home/airflow/.local/lib/python3.7/site-packages/airflow/example_dags/example_branch_python_dop_operator_3.py for tasks to queue
[2025-01-27T08:55:03.664+0000] {logging_mixin.py:120} INFO - [2025-01-27T08:55:03.663+0000] {dagbag.py:537} INFO - Filling up the DagBag from /home/airflow/.local/lib/python3.7/site-packages/airflow/example_dags/example_branch_python_dop_operator_3.py
[2025-01-27T08:55:03.714+0000] {processor.py:766} INFO - DAG(s) dict_keys(['example_branch_dop_operator_v3']) retrieved from /home/airflow/.local/lib/python3.7/site-packages/airflow/example_dags/example_branch_python_dop_operator_3.py
[2025-01-27T08:55:03.786+0000] {logging_mixin.py:120} INFO - [2025-01-27T08:55:03.785+0000] {dag.py:2585} INFO - Sync 1 DAGs
[2025-01-27T08:55:03.839+0000] {logging_mixin.py:120} INFO - [2025-01-27T08:55:03.839+0000] {dag.py:3340} INFO - Setting next_dagrun for example_branch_dop_operator_v3 to 2025-01-27T08:54:00+00:00, run_after=2025-01-27T08:55:00+00:00
[2025-01-27T08:55:03.878+0000] {processor.py:176} INFO - Processing /home/airflow/.local/lib/python3.7/site-packages/airflow/example_dags/example_branch_python_dop_operator_3.py took 0.223 seconds
[2025-01-27T08:55:33.978+0000] {processor.py:154} INFO - Started process (PID=2519) to work on /home/airflow/.local/lib/python3.7/site-packages/airflow/example_dags/example_branch_python_dop_operator_3.py
[2025-01-27T08:55:33.979+0000] {processor.py:756} INFO - Processing file /home/airflow/.local/lib/python3.7/site-packages/airflow/example_dags/example_branch_python_dop_operator_3.py for tasks to queue
[2025-01-27T08:55:33.981+0000] {logging_mixin.py:120} INFO - [2025-01-27T08:55:33.981+0000] {dagbag.py:537} INFO - Filling up the DagBag from /home/airflow/.local/lib/python3.7/site-packages/airflow/example_dags/example_branch_python_dop_operator_3.py
[2025-01-27T08:55:34.037+0000] {processor.py:766} INFO - DAG(s) dict_keys(['example_branch_dop_operator_v3']) retrieved from /home/airflow/.local/lib/python3.7/site-packages/airflow/example_dags/example_branch_python_dop_operator_3.py
[2025-01-27T08:55:34.131+0000] {logging_mixin.py:120} INFO - [2025-01-27T08:55:34.131+0000] {dag.py:2585} INFO - Sync 1 DAGs
[2025-01-27T08:55:34.195+0000] {logging_mixin.py:120} INFO - [2025-01-27T08:55:34.195+0000] {dag.py:3340} INFO - Setting next_dagrun for example_branch_dop_operator_v3 to 2025-01-27T08:54:00+00:00, run_after=2025-01-27T08:55:00+00:00
[2025-01-27T08:55:34.238+0000] {processor.py:176} INFO - Processing /home/airflow/.local/lib/python3.7/site-packages/airflow/example_dags/example_branch_python_dop_operator_3.py took 0.269 seconds
[2025-01-27T08:56:04.788+0000] {processor.py:154} INFO - Started process (PID=2581) to work on /home/airflow/.local/lib/python3.7/site-packages/airflow/example_dags/example_branch_python_dop_operator_3.py
[2025-01-27T08:56:04.790+0000] {processor.py:756} INFO - Processing file /home/airflow/.local/lib/python3.7/site-packages/airflow/example_dags/example_branch_python_dop_operator_3.py for tasks to queue
[2025-01-27T08:56:04.793+0000] {logging_mixin.py:120} INFO - [2025-01-27T08:56:04.792+0000] {dagbag.py:537} INFO - Filling up the DagBag from /home/airflow/.local/lib/python3.7/site-packages/airflow/example_dags/example_branch_python_dop_operator_3.py
[2025-01-27T08:56:04.845+0000] {processor.py:766} INFO - DAG(s) dict_keys(['example_branch_dop_operator_v3']) retrieved from /home/airflow/.local/lib/python3.7/site-packages/airflow/example_dags/example_branch_python_dop_operator_3.py
[2025-01-27T08:56:04.940+0000] {logging_mixin.py:120} INFO - [2025-01-27T08:56:04.939+0000] {dag.py:2585} INFO - Sync 1 DAGs
[2025-01-27T08:56:05.001+0000] {logging_mixin.py:120} INFO - [2025-01-27T08:56:05.001+0000] {dag.py:3340} INFO - Setting next_dagrun for example_branch_dop_operator_v3 to 2025-01-27T08:55:00+00:00, run_after=2025-01-27T08:56:00+00:00
[2025-01-27T08:56:05.052+0000] {processor.py:176} INFO - Processing /home/airflow/.local/lib/python3.7/site-packages/airflow/example_dags/example_branch_python_dop_operator_3.py took 0.271 seconds
[2025-01-27T08:56:35.713+0000] {processor.py:154} INFO - Started process (PID=2635) to work on /home/airflow/.local/lib/python3.7/site-packages/airflow/example_dags/example_branch_python_dop_operator_3.py
[2025-01-27T08:56:35.714+0000] {processor.py:756} INFO - Processing file /home/airflow/.local/lib/python3.7/site-packages/airflow/example_dags/example_branch_python_dop_operator_3.py for tasks to queue
[2025-01-27T08:56:35.716+0000] {logging_mixin.py:120} INFO - [2025-01-27T08:56:35.716+0000] {dagbag.py:537} INFO - Filling up the DagBag from /home/airflow/.local/lib/python3.7/site-packages/airflow/example_dags/example_branch_python_dop_operator_3.py
[2025-01-27T08:56:35.761+0000] {processor.py:766} INFO - DAG(s) dict_keys(['example_branch_dop_operator_v3']) retrieved from /home/airflow/.local/lib/python3.7/site-packages/airflow/example_dags/example_branch_python_dop_operator_3.py
[2025-01-27T08:56:35.843+0000] {logging_mixin.py:120} INFO - [2025-01-27T08:56:35.842+0000] {dag.py:2585} INFO - Sync 1 DAGs
[2025-01-27T08:56:35.902+0000] {logging_mixin.py:120} INFO - [2025-01-27T08:56:35.902+0000] {dag.py:3340} INFO - Setting next_dagrun for example_branch_dop_operator_v3 to 2025-01-27T08:55:00+00:00, run_after=2025-01-27T08:56:00+00:00
[2025-01-27T08:56:35.945+0000] {processor.py:176} INFO - Processing /home/airflow/.local/lib/python3.7/site-packages/airflow/example_dags/example_branch_python_dop_operator_3.py took 0.241 seconds
[2025-01-27T08:57:06.290+0000] {processor.py:154} INFO - Started process (PID=2696) to work on /home/airflow/.local/lib/python3.7/site-packages/airflow/example_dags/example_branch_python_dop_operator_3.py
[2025-01-27T08:57:06.291+0000] {processor.py:756} INFO - Processing file /home/airflow/.local/lib/python3.7/site-packages/airflow/example_dags/example_branch_python_dop_operator_3.py for tasks to queue
[2025-01-27T08:57:06.296+0000] {logging_mixin.py:120} INFO - [2025-01-27T08:57:06.296+0000] {dagbag.py:537} INFO - Filling up the DagBag from /home/airflow/.local/lib/python3.7/site-packages/airflow/example_dags/example_branch_python_dop_operator_3.py
[2025-01-27T08:57:06.354+0000] {processor.py:766} INFO - DAG(s) dict_keys(['example_branch_dop_operator_v3']) retrieved from /home/airflow/.local/lib/python3.7/site-packages/airflow/example_dags/example_branch_python_dop_operator_3.py
[2025-01-27T08:57:06.432+0000] {logging_mixin.py:120} INFO - [2025-01-27T08:57:06.431+0000] {dag.py:2585} INFO - Sync 1 DAGs
[2025-01-27T08:57:06.495+0000] {logging_mixin.py:120} INFO - [2025-01-27T08:57:06.495+0000] {dag.py:3340} INFO - Setting next_dagrun for example_branch_dop_operator_v3 to 2025-01-27T08:56:00+00:00, run_after=2025-01-27T08:57:00+00:00
[2025-01-27T08:57:06.535+0000] {processor.py:176} INFO - Processing /home/airflow/.local/lib/python3.7/site-packages/airflow/example_dags/example_branch_python_dop_operator_3.py took 0.253 seconds
[2025-01-27T08:57:37.051+0000] {processor.py:154} INFO - Started process (PID=2749) to work on /home/airflow/.local/lib/python3.7/site-packages/airflow/example_dags/example_branch_python_dop_operator_3.py
[2025-01-27T08:57:37.052+0000] {processor.py:756} INFO - Processing file /home/airflow/.local/lib/python3.7/site-packages/airflow/example_dags/example_branch_python_dop_operator_3.py for tasks to queue
[2025-01-27T08:57:37.054+0000] {logging_mixin.py:120} INFO - [2025-01-27T08:57:37.053+0000] {dagbag.py:537} INFO - Filling up the DagBag from /home/airflow/.local/lib/python3.7/site-packages/airflow/example_dags/example_branch_python_dop_operator_3.py
[2025-01-27T08:57:37.093+0000] {processor.py:766} INFO - DAG(s) dict_keys(['example_branch_dop_operator_v3']) retrieved from /home/airflow/.local/lib/python3.7/site-packages/airflow/example_dags/example_branch_python_dop_operator_3.py
[2025-01-27T08:57:37.163+0000] {logging_mixin.py:120} INFO - [2025-01-27T08:57:37.163+0000] {dag.py:2585} INFO - Sync 1 DAGs
[2025-01-27T08:57:37.215+0000] {logging_mixin.py:120} INFO - [2025-01-27T08:57:37.215+0000] {dag.py:3340} INFO - Setting next_dagrun for example_branch_dop_operator_v3 to 2025-01-27T08:56:00+00:00, run_after=2025-01-27T08:57:00+00:00
[2025-01-27T08:57:37.250+0000] {processor.py:176} INFO - Processing /home/airflow/.local/lib/python3.7/site-packages/airflow/example_dags/example_branch_python_dop_operator_3.py took 0.205 seconds
[2025-01-27T08:58:08.176+0000] {processor.py:154} INFO - Started process (PID=2812) to work on /home/airflow/.local/lib/python3.7/site-packages/airflow/example_dags/example_branch_python_dop_operator_3.py
[2025-01-27T08:58:08.178+0000] {processor.py:756} INFO - Processing file /home/airflow/.local/lib/python3.7/site-packages/airflow/example_dags/example_branch_python_dop_operator_3.py for tasks to queue
[2025-01-27T08:58:08.180+0000] {logging_mixin.py:120} INFO - [2025-01-27T08:58:08.180+0000] {dagbag.py:537} INFO - Filling up the DagBag from /home/airflow/.local/lib/python3.7/site-packages/airflow/example_dags/example_branch_python_dop_operator_3.py
[2025-01-27T08:58:08.232+0000] {processor.py:766} INFO - DAG(s) dict_keys(['example_branch_dop_operator_v3']) retrieved from /home/airflow/.local/lib/python3.7/site-packages/airflow/example_dags/example_branch_python_dop_operator_3.py
[2025-01-27T08:58:08.318+0000] {logging_mixin.py:120} INFO - [2025-01-27T08:58:08.317+0000] {dag.py:2585} INFO - Sync 1 DAGs
[2025-01-27T08:58:08.387+0000] {logging_mixin.py:120} INFO - [2025-01-27T08:58:08.387+0000] {dag.py:3340} INFO - Setting next_dagrun for example_branch_dop_operator_v3 to 2025-01-27T08:57:00+00:00, run_after=2025-01-27T08:58:00+00:00
[2025-01-27T08:58:08.428+0000] {processor.py:176} INFO - Processing /home/airflow/.local/lib/python3.7/site-packages/airflow/example_dags/example_branch_python_dop_operator_3.py took 0.260 seconds
[2025-01-27T08:58:38.549+0000] {processor.py:154} INFO - Started process (PID=2866) to work on /home/airflow/.local/lib/python3.7/site-packages/airflow/example_dags/example_branch_python_dop_operator_3.py
[2025-01-27T08:58:38.551+0000] {processor.py:756} INFO - Processing file /home/airflow/.local/lib/python3.7/site-packages/airflow/example_dags/example_branch_python_dop_operator_3.py for tasks to queue
[2025-01-27T08:58:38.553+0000] {logging_mixin.py:120} INFO - [2025-01-27T08:58:38.553+0000] {dagbag.py:537} INFO - Filling up the DagBag from /home/airflow/.local/lib/python3.7/site-packages/airflow/example_dags/example_branch_python_dop_operator_3.py
[2025-01-27T08:58:38.598+0000] {processor.py:766} INFO - DAG(s) dict_keys(['example_branch_dop_operator_v3']) retrieved from /home/airflow/.local/lib/python3.7/site-packages/airflow/example_dags/example_branch_python_dop_operator_3.py
[2025-01-27T08:58:38.679+0000] {logging_mixin.py:120} INFO - [2025-01-27T08:58:38.678+0000] {dag.py:2585} INFO - Sync 1 DAGs
[2025-01-27T08:58:38.740+0000] {logging_mixin.py:120} INFO - [2025-01-27T08:58:38.740+0000] {dag.py:3340} INFO - Setting next_dagrun for example_branch_dop_operator_v3 to 2025-01-27T08:57:00+00:00, run_after=2025-01-27T08:58:00+00:00
[2025-01-27T08:58:38.779+0000] {processor.py:176} INFO - Processing /home/airflow/.local/lib/python3.7/site-packages/airflow/example_dags/example_branch_python_dop_operator_3.py took 0.235 seconds
[2025-01-27T08:59:09.240+0000] {processor.py:154} INFO - Started process (PID=2929) to work on /home/airflow/.local/lib/python3.7/site-packages/airflow/example_dags/example_branch_python_dop_operator_3.py
[2025-01-27T08:59:09.245+0000] {processor.py:756} INFO - Processing file /home/airflow/.local/lib/python3.7/site-packages/airflow/example_dags/example_branch_python_dop_operator_3.py for tasks to queue
[2025-01-27T08:59:09.246+0000] {logging_mixin.py:120} INFO - [2025-01-27T08:59:09.246+0000] {dagbag.py:537} INFO - Filling up the DagBag from /home/airflow/.local/lib/python3.7/site-packages/airflow/example_dags/example_branch_python_dop_operator_3.py
[2025-01-27T08:59:09.295+0000] {processor.py:766} INFO - DAG(s) dict_keys(['example_branch_dop_operator_v3']) retrieved from /home/airflow/.local/lib/python3.7/site-packages/airflow/example_dags/example_branch_python_dop_operator_3.py
[2025-01-27T08:59:09.372+0000] {logging_mixin.py:120} INFO - [2025-01-27T08:59:09.371+0000] {dag.py:2585} INFO - Sync 1 DAGs
[2025-01-27T08:59:09.450+0000] {logging_mixin.py:120} INFO - [2025-01-27T08:59:09.450+0000] {dag.py:3340} INFO - Setting next_dagrun for example_branch_dop_operator_v3 to 2025-01-27T08:58:00+00:00, run_after=2025-01-27T08:59:00+00:00
[2025-01-27T08:59:09.490+0000] {processor.py:176} INFO - Processing /home/airflow/.local/lib/python3.7/site-packages/airflow/example_dags/example_branch_python_dop_operator_3.py took 0.256 seconds
[2025-01-27T08:59:39.643+0000] {processor.py:154} INFO - Started process (PID=2982) to work on /home/airflow/.local/lib/python3.7/site-packages/airflow/example_dags/example_branch_python_dop_operator_3.py
[2025-01-27T08:59:39.645+0000] {processor.py:756} INFO - Processing file /home/airflow/.local/lib/python3.7/site-packages/airflow/example_dags/example_branch_python_dop_operator_3.py for tasks to queue
[2025-01-27T08:59:39.651+0000] {logging_mixin.py:120} INFO - [2025-01-27T08:59:39.650+0000] {dagbag.py:537} INFO - Filling up the DagBag from /home/airflow/.local/lib/python3.7/site-packages/airflow/example_dags/example_branch_python_dop_operator_3.py
[2025-01-27T08:59:39.693+0000] {processor.py:766} INFO - DAG(s) dict_keys(['example_branch_dop_operator_v3']) retrieved from /home/airflow/.local/lib/python3.7/site-packages/airflow/example_dags/example_branch_python_dop_operator_3.py
[2025-01-27T08:59:39.773+0000] {logging_mixin.py:120} INFO - [2025-01-27T08:59:39.772+0000] {dag.py:2585} INFO - Sync 1 DAGs
[2025-01-27T08:59:39.835+0000] {logging_mixin.py:120} INFO - [2025-01-27T08:59:39.835+0000] {dag.py:3340} INFO - Setting next_dagrun for example_branch_dop_operator_v3 to 2025-01-27T08:58:00+00:00, run_after=2025-01-27T08:59:00+00:00
[2025-01-27T08:59:39.872+0000] {processor.py:176} INFO - Processing /home/airflow/.local/lib/python3.7/site-packages/airflow/example_dags/example_branch_python_dop_operator_3.py took 0.235 seconds
[2025-01-27T09:00:10.701+0000] {processor.py:154} INFO - Started process (PID=3045) to work on /home/airflow/.local/lib/python3.7/site-packages/airflow/example_dags/example_branch_python_dop_operator_3.py
[2025-01-27T09:00:10.702+0000] {processor.py:756} INFO - Processing file /home/airflow/.local/lib/python3.7/site-packages/airflow/example_dags/example_branch_python_dop_operator_3.py for tasks to queue
[2025-01-27T09:00:10.704+0000] {logging_mixin.py:120} INFO - [2025-01-27T09:00:10.704+0000] {dagbag.py:537} INFO - Filling up the DagBag from /home/airflow/.local/lib/python3.7/site-packages/airflow/example_dags/example_branch_python_dop_operator_3.py
[2025-01-27T09:00:10.752+0000] {processor.py:766} INFO - DAG(s) dict_keys(['example_branch_dop_operator_v3']) retrieved from /home/airflow/.local/lib/python3.7/site-packages/airflow/example_dags/example_branch_python_dop_operator_3.py
[2025-01-27T09:00:10.839+0000] {logging_mixin.py:120} INFO - [2025-01-27T09:00:10.838+0000] {dag.py:2585} INFO - Sync 1 DAGs
[2025-01-27T09:00:10.918+0000] {logging_mixin.py:120} INFO - [2025-01-27T09:00:10.917+0000] {dag.py:3340} INFO - Setting next_dagrun for example_branch_dop_operator_v3 to 2025-01-27T08:59:00+00:00, run_after=2025-01-27T09:00:00+00:00
[2025-01-27T09:00:10.963+0000] {processor.py:176} INFO - Processing /home/airflow/.local/lib/python3.7/site-packages/airflow/example_dags/example_branch_python_dop_operator_3.py took 0.267 seconds
[2025-01-27T09:00:41.202+0000] {processor.py:154} INFO - Started process (PID=3098) to work on /home/airflow/.local/lib/python3.7/site-packages/airflow/example_dags/example_branch_python_dop_operator_3.py
[2025-01-27T09:00:41.203+0000] {processor.py:756} INFO - Processing file /home/airflow/.local/lib/python3.7/site-packages/airflow/example_dags/example_branch_python_dop_operator_3.py for tasks to queue
[2025-01-27T09:00:41.209+0000] {logging_mixin.py:120} INFO - [2025-01-27T09:00:41.208+0000] {dagbag.py:537} INFO - Filling up the DagBag from /home/airflow/.local/lib/python3.7/site-packages/airflow/example_dags/example_branch_python_dop_operator_3.py
[2025-01-27T09:00:41.261+0000] {processor.py:766} INFO - DAG(s) dict_keys(['example_branch_dop_operator_v3']) retrieved from /home/airflow/.local/lib/python3.7/site-packages/airflow/example_dags/example_branch_python_dop_operator_3.py
[2025-01-27T09:00:41.338+0000] {logging_mixin.py:120} INFO - [2025-01-27T09:00:41.338+0000] {dag.py:2585} INFO - Sync 1 DAGs
[2025-01-27T09:00:41.406+0000] {logging_mixin.py:120} INFO - [2025-01-27T09:00:41.406+0000] {dag.py:3340} INFO - Setting next_dagrun for example_branch_dop_operator_v3 to 2025-01-27T08:59:00+00:00, run_after=2025-01-27T09:00:00+00:00
[2025-01-27T09:00:41.442+0000] {processor.py:176} INFO - Processing /home/airflow/.local/lib/python3.7/site-packages/airflow/example_dags/example_branch_python_dop_operator_3.py took 0.246 seconds
[2025-01-27T09:01:12.530+0000] {processor.py:154} INFO - Started process (PID=3161) to work on /home/airflow/.local/lib/python3.7/site-packages/airflow/example_dags/example_branch_python_dop_operator_3.py
[2025-01-27T09:01:12.532+0000] {processor.py:756} INFO - Processing file /home/airflow/.local/lib/python3.7/site-packages/airflow/example_dags/example_branch_python_dop_operator_3.py for tasks to queue
[2025-01-27T09:01:12.536+0000] {logging_mixin.py:120} INFO - [2025-01-27T09:01:12.535+0000] {dagbag.py:537} INFO - Filling up the DagBag from /home/airflow/.local/lib/python3.7/site-packages/airflow/example_dags/example_branch_python_dop_operator_3.py
[2025-01-27T09:01:12.599+0000] {processor.py:766} INFO - DAG(s) dict_keys(['example_branch_dop_operator_v3']) retrieved from /home/airflow/.local/lib/python3.7/site-packages/airflow/example_dags/example_branch_python_dop_operator_3.py
[2025-01-27T09:01:12.705+0000] {logging_mixin.py:120} INFO - [2025-01-27T09:01:12.705+0000] {dag.py:2585} INFO - Sync 1 DAGs
[2025-01-27T09:01:12.799+0000] {logging_mixin.py:120} INFO - [2025-01-27T09:01:12.799+0000] {dag.py:3340} INFO - Setting next_dagrun for example_branch_dop_operator_v3 to 2025-01-27T09:00:00+00:00, run_after=2025-01-27T09:01:00+00:00
[2025-01-27T09:01:12.838+0000] {processor.py:176} INFO - Processing /home/airflow/.local/lib/python3.7/site-packages/airflow/example_dags/example_branch_python_dop_operator_3.py took 0.314 seconds
[2025-01-27T09:01:42.986+0000] {processor.py:154} INFO - Started process (PID=3215) to work on /home/airflow/.local/lib/python3.7/site-packages/airflow/example_dags/example_branch_python_dop_operator_3.py
[2025-01-27T09:01:42.987+0000] {processor.py:756} INFO - Processing file /home/airflow/.local/lib/python3.7/site-packages/airflow/example_dags/example_branch_python_dop_operator_3.py for tasks to queue
[2025-01-27T09:01:42.988+0000] {logging_mixin.py:120} INFO - [2025-01-27T09:01:42.988+0000] {dagbag.py:537} INFO - Filling up the DagBag from /home/airflow/.local/lib/python3.7/site-packages/airflow/example_dags/example_branch_python_dop_operator_3.py
[2025-01-27T09:01:43.025+0000] {processor.py:766} INFO - DAG(s) dict_keys(['example_branch_dop_operator_v3']) retrieved from /home/airflow/.local/lib/python3.7/site-packages/airflow/example_dags/example_branch_python_dop_operator_3.py
[2025-01-27T09:01:43.098+0000] {logging_mixin.py:120} INFO - [2025-01-27T09:01:43.097+0000] {dag.py:2585} INFO - Sync 1 DAGs
[2025-01-27T09:01:43.151+0000] {logging_mixin.py:120} INFO - [2025-01-27T09:01:43.151+0000] {dag.py:3340} INFO - Setting next_dagrun for example_branch_dop_operator_v3 to 2025-01-27T09:00:00+00:00, run_after=2025-01-27T09:01:00+00:00
[2025-01-27T09:01:43.184+0000] {processor.py:176} INFO - Processing /home/airflow/.local/lib/python3.7/site-packages/airflow/example_dags/example_branch_python_dop_operator_3.py took 0.206 seconds
[2025-01-27T09:02:13.803+0000] {processor.py:154} INFO - Started process (PID=3278) to work on /home/airflow/.local/lib/python3.7/site-packages/airflow/example_dags/example_branch_python_dop_operator_3.py
[2025-01-27T09:02:13.805+0000] {processor.py:756} INFO - Processing file /home/airflow/.local/lib/python3.7/site-packages/airflow/example_dags/example_branch_python_dop_operator_3.py for tasks to queue
[2025-01-27T09:02:13.807+0000] {logging_mixin.py:120} INFO - [2025-01-27T09:02:13.806+0000] {dagbag.py:537} INFO - Filling up the DagBag from /home/airflow/.local/lib/python3.7/site-packages/airflow/example_dags/example_branch_python_dop_operator_3.py
[2025-01-27T09:02:13.867+0000] {processor.py:766} INFO - DAG(s) dict_keys(['example_branch_dop_operator_v3']) retrieved from /home/airflow/.local/lib/python3.7/site-packages/airflow/example_dags/example_branch_python_dop_operator_3.py
[2025-01-27T09:02:13.975+0000] {logging_mixin.py:120} INFO - [2025-01-27T09:02:13.974+0000] {dag.py:2585} INFO - Sync 1 DAGs
[2025-01-27T09:02:14.045+0000] {logging_mixin.py:120} INFO - [2025-01-27T09:02:14.045+0000] {dag.py:3340} INFO - Setting next_dagrun for example_branch_dop_operator_v3 to 2025-01-27T09:01:00+00:00, run_after=2025-01-27T09:02:00+00:00
[2025-01-27T09:02:14.093+0000] {processor.py:176} INFO - Processing /home/airflow/.local/lib/python3.7/site-packages/airflow/example_dags/example_branch_python_dop_operator_3.py took 0.301 seconds
[2025-01-27T09:02:44.427+0000] {processor.py:154} INFO - Started process (PID=3332) to work on /home/airflow/.local/lib/python3.7/site-packages/airflow/example_dags/example_branch_python_dop_operator_3.py
[2025-01-27T09:02:44.429+0000] {processor.py:756} INFO - Processing file /home/airflow/.local/lib/python3.7/site-packages/airflow/example_dags/example_branch_python_dop_operator_3.py for tasks to queue
[2025-01-27T09:02:44.431+0000] {logging_mixin.py:120} INFO - [2025-01-27T09:02:44.431+0000] {dagbag.py:537} INFO - Filling up the DagBag from /home/airflow/.local/lib/python3.7/site-packages/airflow/example_dags/example_branch_python_dop_operator_3.py
[2025-01-27T09:02:44.475+0000] {processor.py:766} INFO - DAG(s) dict_keys(['example_branch_dop_operator_v3']) retrieved from /home/airflow/.local/lib/python3.7/site-packages/airflow/example_dags/example_branch_python_dop_operator_3.py
[2025-01-27T09:02:44.555+0000] {logging_mixin.py:120} INFO - [2025-01-27T09:02:44.555+0000] {dag.py:2585} INFO - Sync 1 DAGs
[2025-01-27T09:02:44.617+0000] {logging_mixin.py:120} INFO - [2025-01-27T09:02:44.617+0000] {dag.py:3340} INFO - Setting next_dagrun for example_branch_dop_operator_v3 to 2025-01-27T09:01:00+00:00, run_after=2025-01-27T09:02:00+00:00
[2025-01-27T09:02:44.651+0000] {processor.py:176} INFO - Processing /home/airflow/.local/lib/python3.7/site-packages/airflow/example_dags/example_branch_python_dop_operator_3.py took 0.230 seconds
[2025-01-27T09:03:16.074+0000] {processor.py:154} INFO - Started process (PID=3391) to work on /home/airflow/.local/lib/python3.7/site-packages/airflow/example_dags/example_branch_python_dop_operator_3.py
[2025-01-27T09:03:16.076+0000] {processor.py:756} INFO - Processing file /home/airflow/.local/lib/python3.7/site-packages/airflow/example_dags/example_branch_python_dop_operator_3.py for tasks to queue
[2025-01-27T09:03:16.078+0000] {logging_mixin.py:120} INFO - [2025-01-27T09:03:16.078+0000] {dagbag.py:537} INFO - Filling up the DagBag from /home/airflow/.local/lib/python3.7/site-packages/airflow/example_dags/example_branch_python_dop_operator_3.py
[2025-01-27T09:03:16.136+0000] {processor.py:766} INFO - DAG(s) dict_keys(['example_branch_dop_operator_v3']) retrieved from /home/airflow/.local/lib/python3.7/site-packages/airflow/example_dags/example_branch_python_dop_operator_3.py
[2025-01-27T09:03:16.229+0000] {logging_mixin.py:120} INFO - [2025-01-27T09:03:16.228+0000] {dag.py:2585} INFO - Sync 1 DAGs
[2025-01-27T09:03:16.461+0000] {logging_mixin.py:120} INFO - [2025-01-27T09:03:16.461+0000] {dag.py:3340} INFO - Setting next_dagrun for example_branch_dop_operator_v3 to 2025-01-27T09:02:00+00:00, run_after=2025-01-27T09:03:00+00:00
[2025-01-27T09:03:16.510+0000] {processor.py:176} INFO - Processing /home/airflow/.local/lib/python3.7/site-packages/airflow/example_dags/example_branch_python_dop_operator_3.py took 0.444 seconds
[2025-01-27T09:03:47.259+0000] {processor.py:154} INFO - Started process (PID=3447) to work on /home/airflow/.local/lib/python3.7/site-packages/airflow/example_dags/example_branch_python_dop_operator_3.py
[2025-01-27T09:03:47.260+0000] {processor.py:756} INFO - Processing file /home/airflow/.local/lib/python3.7/site-packages/airflow/example_dags/example_branch_python_dop_operator_3.py for tasks to queue
[2025-01-27T09:03:47.262+0000] {logging_mixin.py:120} INFO - [2025-01-27T09:03:47.261+0000] {dagbag.py:537} INFO - Filling up the DagBag from /home/airflow/.local/lib/python3.7/site-packages/airflow/example_dags/example_branch_python_dop_operator_3.py
[2025-01-27T09:03:47.308+0000] {processor.py:766} INFO - DAG(s) dict_keys(['example_branch_dop_operator_v3']) retrieved from /home/airflow/.local/lib/python3.7/site-packages/airflow/example_dags/example_branch_python_dop_operator_3.py
[2025-01-27T09:03:47.388+0000] {logging_mixin.py:120} INFO - [2025-01-27T09:03:47.388+0000] {dag.py:2585} INFO - Sync 1 DAGs
[2025-01-27T09:03:47.443+0000] {logging_mixin.py:120} INFO - [2025-01-27T09:03:47.443+0000] {dag.py:3340} INFO - Setting next_dagrun for example_branch_dop_operator_v3 to 2025-01-27T09:02:00+00:00, run_after=2025-01-27T09:03:00+00:00
[2025-01-27T09:03:47.476+0000] {processor.py:176} INFO - Processing /home/airflow/.local/lib/python3.7/site-packages/airflow/example_dags/example_branch_python_dop_operator_3.py took 0.223 seconds
[2025-01-27T09:04:18.160+0000] {processor.py:154} INFO - Started process (PID=3501) to work on /home/airflow/.local/lib/python3.7/site-packages/airflow/example_dags/example_branch_python_dop_operator_3.py
[2025-01-27T09:04:18.162+0000] {processor.py:756} INFO - Processing file /home/airflow/.local/lib/python3.7/site-packages/airflow/example_dags/example_branch_python_dop_operator_3.py for tasks to queue
[2025-01-27T09:04:18.163+0000] {logging_mixin.py:120} INFO - [2025-01-27T09:04:18.163+0000] {dagbag.py:537} INFO - Filling up the DagBag from /home/airflow/.local/lib/python3.7/site-packages/airflow/example_dags/example_branch_python_dop_operator_3.py
[2025-01-27T09:04:18.210+0000] {processor.py:766} INFO - DAG(s) dict_keys(['example_branch_dop_operator_v3']) retrieved from /home/airflow/.local/lib/python3.7/site-packages/airflow/example_dags/example_branch_python_dop_operator_3.py
[2025-01-27T09:04:18.293+0000] {logging_mixin.py:120} INFO - [2025-01-27T09:04:18.292+0000] {dag.py:2585} INFO - Sync 1 DAGs
[2025-01-27T09:04:18.345+0000] {logging_mixin.py:120} INFO - [2025-01-27T09:04:18.344+0000] {dag.py:3340} INFO - Setting next_dagrun for example_branch_dop_operator_v3 to 2025-01-27T09:03:00+00:00, run_after=2025-01-27T09:04:00+00:00
[2025-01-27T09:04:18.392+0000] {processor.py:176} INFO - Processing /home/airflow/.local/lib/python3.7/site-packages/airflow/example_dags/example_branch_python_dop_operator_3.py took 0.237 seconds
[2025-01-27T09:04:48.628+0000] {processor.py:154} INFO - Started process (PID=3564) to work on /home/airflow/.local/lib/python3.7/site-packages/airflow/example_dags/example_branch_python_dop_operator_3.py
[2025-01-27T09:04:48.631+0000] {processor.py:756} INFO - Processing file /home/airflow/.local/lib/python3.7/site-packages/airflow/example_dags/example_branch_python_dop_operator_3.py for tasks to queue
[2025-01-27T09:04:48.632+0000] {logging_mixin.py:120} INFO - [2025-01-27T09:04:48.632+0000] {dagbag.py:537} INFO - Filling up the DagBag from /home/airflow/.local/lib/python3.7/site-packages/airflow/example_dags/example_branch_python_dop_operator_3.py
[2025-01-27T09:04:48.683+0000] {processor.py:766} INFO - DAG(s) dict_keys(['example_branch_dop_operator_v3']) retrieved from /home/airflow/.local/lib/python3.7/site-packages/airflow/example_dags/example_branch_python_dop_operator_3.py
[2025-01-27T09:04:48.764+0000] {logging_mixin.py:120} INFO - [2025-01-27T09:04:48.764+0000] {dag.py:2585} INFO - Sync 1 DAGs
[2025-01-27T09:04:48.834+0000] {logging_mixin.py:120} INFO - [2025-01-27T09:04:48.834+0000] {dag.py:3340} INFO - Setting next_dagrun for example_branch_dop_operator_v3 to 2025-01-27T09:03:00+00:00, run_after=2025-01-27T09:04:00+00:00
[2025-01-27T09:04:48.868+0000] {processor.py:176} INFO - Processing /home/airflow/.local/lib/python3.7/site-packages/airflow/example_dags/example_branch_python_dop_operator_3.py took 0.247 seconds
[2025-01-27T09:05:20.221+0000] {processor.py:154} INFO - Started process (PID=3617) to work on /home/airflow/.local/lib/python3.7/site-packages/airflow/example_dags/example_branch_python_dop_operator_3.py
[2025-01-27T09:05:20.224+0000] {processor.py:756} INFO - Processing file /home/airflow/.local/lib/python3.7/site-packages/airflow/example_dags/example_branch_python_dop_operator_3.py for tasks to queue
[2025-01-27T09:05:20.225+0000] {logging_mixin.py:120} INFO - [2025-01-27T09:05:20.225+0000] {dagbag.py:537} INFO - Filling up the DagBag from /home/airflow/.local/lib/python3.7/site-packages/airflow/example_dags/example_branch_python_dop_operator_3.py
[2025-01-27T09:05:20.269+0000] {processor.py:766} INFO - DAG(s) dict_keys(['example_branch_dop_operator_v3']) retrieved from /home/airflow/.local/lib/python3.7/site-packages/airflow/example_dags/example_branch_python_dop_operator_3.py
[2025-01-27T09:05:20.354+0000] {logging_mixin.py:120} INFO - [2025-01-27T09:05:20.354+0000] {dag.py:2585} INFO - Sync 1 DAGs
[2025-01-27T09:05:20.414+0000] {logging_mixin.py:120} INFO - [2025-01-27T09:05:20.413+0000] {dag.py:3340} INFO - Setting next_dagrun for example_branch_dop_operator_v3 to 2025-01-27T09:04:00+00:00, run_after=2025-01-27T09:05:00+00:00
[2025-01-27T09:05:20.456+0000] {processor.py:176} INFO - Processing /home/airflow/.local/lib/python3.7/site-packages/airflow/example_dags/example_branch_python_dop_operator_3.py took 0.241 seconds
[2025-01-27T09:05:51.564+0000] {processor.py:154} INFO - Started process (PID=3678) to work on /home/airflow/.local/lib/python3.7/site-packages/airflow/example_dags/example_branch_python_dop_operator_3.py
[2025-01-27T09:05:51.566+0000] {processor.py:756} INFO - Processing file /home/airflow/.local/lib/python3.7/site-packages/airflow/example_dags/example_branch_python_dop_operator_3.py for tasks to queue
[2025-01-27T09:05:51.568+0000] {logging_mixin.py:120} INFO - [2025-01-27T09:05:51.567+0000] {dagbag.py:537} INFO - Filling up the DagBag from /home/airflow/.local/lib/python3.7/site-packages/airflow/example_dags/example_branch_python_dop_operator_3.py
[2025-01-27T09:05:51.615+0000] {processor.py:766} INFO - DAG(s) dict_keys(['example_branch_dop_operator_v3']) retrieved from /home/airflow/.local/lib/python3.7/site-packages/airflow/example_dags/example_branch_python_dop_operator_3.py
[2025-01-27T09:05:51.700+0000] {logging_mixin.py:120} INFO - [2025-01-27T09:05:51.699+0000] {dag.py:2585} INFO - Sync 1 DAGs
[2025-01-27T09:05:51.763+0000] {logging_mixin.py:120} INFO - [2025-01-27T09:05:51.762+0000] {dag.py:3340} INFO - Setting next_dagrun for example_branch_dop_operator_v3 to 2025-01-27T09:04:00+00:00, run_after=2025-01-27T09:05:00+00:00
[2025-01-27T09:05:51.801+0000] {processor.py:176} INFO - Processing /home/airflow/.local/lib/python3.7/site-packages/airflow/example_dags/example_branch_python_dop_operator_3.py took 0.242 seconds
[2025-01-27T09:06:22.807+0000] {processor.py:154} INFO - Started process (PID=3732) to work on /home/airflow/.local/lib/python3.7/site-packages/airflow/example_dags/example_branch_python_dop_operator_3.py
[2025-01-27T09:06:22.809+0000] {processor.py:756} INFO - Processing file /home/airflow/.local/lib/python3.7/site-packages/airflow/example_dags/example_branch_python_dop_operator_3.py for tasks to queue
[2025-01-27T09:06:22.811+0000] {logging_mixin.py:120} INFO - [2025-01-27T09:06:22.811+0000] {dagbag.py:537} INFO - Filling up the DagBag from /home/airflow/.local/lib/python3.7/site-packages/airflow/example_dags/example_branch_python_dop_operator_3.py
[2025-01-27T09:06:22.854+0000] {processor.py:766} INFO - DAG(s) dict_keys(['example_branch_dop_operator_v3']) retrieved from /home/airflow/.local/lib/python3.7/site-packages/airflow/example_dags/example_branch_python_dop_operator_3.py
[2025-01-27T09:06:22.942+0000] {logging_mixin.py:120} INFO - [2025-01-27T09:06:22.941+0000] {dag.py:2585} INFO - Sync 1 DAGs
[2025-01-27T09:06:23.124+0000] {logging_mixin.py:120} INFO - [2025-01-27T09:06:23.123+0000] {dag.py:3340} INFO - Setting next_dagrun for example_branch_dop_operator_v3 to 2025-01-27T09:05:00+00:00, run_after=2025-01-27T09:06:00+00:00
[2025-01-27T09:06:23.195+0000] {processor.py:176} INFO - Processing /home/airflow/.local/lib/python3.7/site-packages/airflow/example_dags/example_branch_python_dop_operator_3.py took 0.394 seconds
[2025-01-27T09:06:53.859+0000] {processor.py:154} INFO - Started process (PID=3794) to work on /home/airflow/.local/lib/python3.7/site-packages/airflow/example_dags/example_branch_python_dop_operator_3.py
[2025-01-27T09:06:53.861+0000] {processor.py:756} INFO - Processing file /home/airflow/.local/lib/python3.7/site-packages/airflow/example_dags/example_branch_python_dop_operator_3.py for tasks to queue
[2025-01-27T09:06:53.862+0000] {logging_mixin.py:120} INFO - [2025-01-27T09:06:53.862+0000] {dagbag.py:537} INFO - Filling up the DagBag from /home/airflow/.local/lib/python3.7/site-packages/airflow/example_dags/example_branch_python_dop_operator_3.py
[2025-01-27T09:06:53.923+0000] {processor.py:766} INFO - DAG(s) dict_keys(['example_branch_dop_operator_v3']) retrieved from /home/airflow/.local/lib/python3.7/site-packages/airflow/example_dags/example_branch_python_dop_operator_3.py
[2025-01-27T09:06:54.017+0000] {logging_mixin.py:120} INFO - [2025-01-27T09:06:54.017+0000] {dag.py:2585} INFO - Sync 1 DAGs
[2025-01-27T09:06:54.100+0000] {logging_mixin.py:120} INFO - [2025-01-27T09:06:54.100+0000] {dag.py:3340} INFO - Setting next_dagrun for example_branch_dop_operator_v3 to 2025-01-27T09:05:00+00:00, run_after=2025-01-27T09:06:00+00:00
[2025-01-27T09:06:54.148+0000] {processor.py:176} INFO - Processing /home/airflow/.local/lib/python3.7/site-packages/airflow/example_dags/example_branch_python_dop_operator_3.py took 0.295 seconds
[2025-01-27T09:07:24.318+0000] {processor.py:154} INFO - Started process (PID=3848) to work on /home/airflow/.local/lib/python3.7/site-packages/airflow/example_dags/example_branch_python_dop_operator_3.py
[2025-01-27T09:07:24.320+0000] {processor.py:756} INFO - Processing file /home/airflow/.local/lib/python3.7/site-packages/airflow/example_dags/example_branch_python_dop_operator_3.py for tasks to queue
[2025-01-27T09:07:24.321+0000] {logging_mixin.py:120} INFO - [2025-01-27T09:07:24.321+0000] {dagbag.py:537} INFO - Filling up the DagBag from /home/airflow/.local/lib/python3.7/site-packages/airflow/example_dags/example_branch_python_dop_operator_3.py
[2025-01-27T09:07:24.369+0000] {processor.py:766} INFO - DAG(s) dict_keys(['example_branch_dop_operator_v3']) retrieved from /home/airflow/.local/lib/python3.7/site-packages/airflow/example_dags/example_branch_python_dop_operator_3.py
[2025-01-27T09:07:24.454+0000] {logging_mixin.py:120} INFO - [2025-01-27T09:07:24.454+0000] {dag.py:2585} INFO - Sync 1 DAGs
[2025-01-27T09:07:24.514+0000] {logging_mixin.py:120} INFO - [2025-01-27T09:07:24.514+0000] {dag.py:3340} INFO - Setting next_dagrun for example_branch_dop_operator_v3 to 2025-01-27T09:06:00+00:00, run_after=2025-01-27T09:07:00+00:00
[2025-01-27T09:07:24.553+0000] {processor.py:176} INFO - Processing /home/airflow/.local/lib/python3.7/site-packages/airflow/example_dags/example_branch_python_dop_operator_3.py took 0.241 seconds
[2025-01-27T09:07:55.085+0000] {processor.py:154} INFO - Started process (PID=3902) to work on /home/airflow/.local/lib/python3.7/site-packages/airflow/example_dags/example_branch_python_dop_operator_3.py
[2025-01-27T09:07:55.086+0000] {processor.py:756} INFO - Processing file /home/airflow/.local/lib/python3.7/site-packages/airflow/example_dags/example_branch_python_dop_operator_3.py for tasks to queue
[2025-01-27T09:07:55.088+0000] {logging_mixin.py:120} INFO - [2025-01-27T09:07:55.088+0000] {dagbag.py:537} INFO - Filling up the DagBag from /home/airflow/.local/lib/python3.7/site-packages/airflow/example_dags/example_branch_python_dop_operator_3.py
[2025-01-27T09:07:55.169+0000] {processor.py:766} INFO - DAG(s) dict_keys(['example_branch_dop_operator_v3']) retrieved from /home/airflow/.local/lib/python3.7/site-packages/airflow/example_dags/example_branch_python_dop_operator_3.py
[2025-01-27T09:07:55.287+0000] {logging_mixin.py:120} INFO - [2025-01-27T09:07:55.286+0000] {dag.py:2585} INFO - Sync 1 DAGs
[2025-01-27T09:07:55.393+0000] {logging_mixin.py:120} INFO - [2025-01-27T09:07:55.392+0000] {dag.py:3340} INFO - Setting next_dagrun for example_branch_dop_operator_v3 to 2025-01-27T09:06:00+00:00, run_after=2025-01-27T09:07:00+00:00
[2025-01-27T09:07:55.451+0000] {processor.py:176} INFO - Processing /home/airflow/.local/lib/python3.7/site-packages/airflow/example_dags/example_branch_python_dop_operator_3.py took 0.372 seconds
[2025-01-27T09:08:26.990+0000] {processor.py:154} INFO - Started process (PID=3965) to work on /home/airflow/.local/lib/python3.7/site-packages/airflow/example_dags/example_branch_python_dop_operator_3.py
[2025-01-27T09:08:26.991+0000] {processor.py:756} INFO - Processing file /home/airflow/.local/lib/python3.7/site-packages/airflow/example_dags/example_branch_python_dop_operator_3.py for tasks to queue
[2025-01-27T09:08:26.993+0000] {logging_mixin.py:120} INFO - [2025-01-27T09:08:26.993+0000] {dagbag.py:537} INFO - Filling up the DagBag from /home/airflow/.local/lib/python3.7/site-packages/airflow/example_dags/example_branch_python_dop_operator_3.py
[2025-01-27T09:08:27.053+0000] {processor.py:766} INFO - DAG(s) dict_keys(['example_branch_dop_operator_v3']) retrieved from /home/airflow/.local/lib/python3.7/site-packages/airflow/example_dags/example_branch_python_dop_operator_3.py
[2025-01-27T09:08:27.157+0000] {logging_mixin.py:120} INFO - [2025-01-27T09:08:27.156+0000] {dag.py:2585} INFO - Sync 1 DAGs
[2025-01-27T09:08:27.220+0000] {logging_mixin.py:120} INFO - [2025-01-27T09:08:27.220+0000] {dag.py:3340} INFO - Setting next_dagrun for example_branch_dop_operator_v3 to 2025-01-27T09:07:00+00:00, run_after=2025-01-27T09:08:00+00:00
[2025-01-27T09:08:27.257+0000] {processor.py:176} INFO - Processing /home/airflow/.local/lib/python3.7/site-packages/airflow/example_dags/example_branch_python_dop_operator_3.py took 0.275 seconds
