[2025-01-27T08:33:54.614+0000] {processor.py:154} INFO - Started process (PID=68) to work on /home/airflow/.local/lib/python3.7/site-packages/airflow/example_dags/example_bash_operator.py
[2025-01-27T08:33:54.619+0000] {processor.py:756} INFO - Processing file /home/airflow/.local/lib/python3.7/site-packages/airflow/example_dags/example_bash_operator.py for tasks to queue
[2025-01-27T08:33:54.623+0000] {logging_mixin.py:120} INFO - [2025-01-27T08:33:54.622+0000] {dagbag.py:537} INFO - Filling up the DagBag from /home/airflow/.local/lib/python3.7/site-packages/airflow/example_dags/example_bash_operator.py
[2025-01-27T08:33:54.742+0000] {processor.py:766} INFO - DAG(s) dict_keys(['example_bash_operator']) retrieved from /home/airflow/.local/lib/python3.7/site-packages/airflow/example_dags/example_bash_operator.py
[2025-01-27T08:33:55.823+0000] {logging_mixin.py:120} INFO - [2025-01-27T08:33:55.823+0000] {manager.py:507} INFO - Created Permission View: can edit on DAG:example_bash_operator
[2025-01-27T08:33:55.848+0000] {logging_mixin.py:120} INFO - [2025-01-27T08:33:55.847+0000] {manager.py:507} INFO - Created Permission View: can read on DAG:example_bash_operator
[2025-01-27T08:33:55.865+0000] {logging_mixin.py:120} INFO - [2025-01-27T08:33:55.865+0000] {manager.py:507} INFO - Created Permission View: can delete on DAG:example_bash_operator
[2025-01-27T08:33:55.866+0000] {logging_mixin.py:120} INFO - [2025-01-27T08:33:55.866+0000] {dag.py:2585} INFO - Sync 1 DAGs
[2025-01-27T08:33:55.903+0000] {logging_mixin.py:120} INFO - [2025-01-27T08:33:55.903+0000] {dag.py:2606} INFO - Creating ORM DAG for example_bash_operator
[2025-01-27T08:33:55.935+0000] {logging_mixin.py:120} INFO - [2025-01-27T08:33:55.934+0000] {dag.py:3340} INFO - Setting next_dagrun for example_bash_operator to 2025-01-26T00:00:00+00:00, run_after=2025-01-27T00:00:00+00:00
[2025-01-27T08:33:55.994+0000] {processor.py:176} INFO - Processing /home/airflow/.local/lib/python3.7/site-packages/airflow/example_dags/example_bash_operator.py took 1.397 seconds
[2025-01-27T08:34:26.108+0000] {processor.py:154} INFO - Started process (PID=131) to work on /home/airflow/.local/lib/python3.7/site-packages/airflow/example_dags/example_bash_operator.py
[2025-01-27T08:34:26.111+0000] {processor.py:756} INFO - Processing file /home/airflow/.local/lib/python3.7/site-packages/airflow/example_dags/example_bash_operator.py for tasks to queue
[2025-01-27T08:34:26.114+0000] {logging_mixin.py:120} INFO - [2025-01-27T08:34:26.114+0000] {dagbag.py:537} INFO - Filling up the DagBag from /home/airflow/.local/lib/python3.7/site-packages/airflow/example_dags/example_bash_operator.py
[2025-01-27T08:34:26.162+0000] {processor.py:766} INFO - DAG(s) dict_keys(['example_bash_operator']) retrieved from /home/airflow/.local/lib/python3.7/site-packages/airflow/example_dags/example_bash_operator.py
[2025-01-27T08:34:26.263+0000] {logging_mixin.py:120} INFO - [2025-01-27T08:34:26.262+0000] {dag.py:2585} INFO - Sync 1 DAGs
[2025-01-27T08:34:26.321+0000] {logging_mixin.py:120} INFO - [2025-01-27T08:34:26.320+0000] {dag.py:3340} INFO - Setting next_dagrun for example_bash_operator to 2025-01-26T00:00:00+00:00, run_after=2025-01-27T00:00:00+00:00
[2025-01-27T08:34:26.367+0000] {processor.py:176} INFO - Processing /home/airflow/.local/lib/python3.7/site-packages/airflow/example_dags/example_bash_operator.py took 0.266 seconds
[2025-01-27T08:34:57.086+0000] {processor.py:154} INFO - Started process (PID=186) to work on /home/airflow/.local/lib/python3.7/site-packages/airflow/example_dags/example_bash_operator.py
[2025-01-27T08:34:57.089+0000] {processor.py:756} INFO - Processing file /home/airflow/.local/lib/python3.7/site-packages/airflow/example_dags/example_bash_operator.py for tasks to queue
[2025-01-27T08:34:57.094+0000] {logging_mixin.py:120} INFO - [2025-01-27T08:34:57.094+0000] {dagbag.py:537} INFO - Filling up the DagBag from /home/airflow/.local/lib/python3.7/site-packages/airflow/example_dags/example_bash_operator.py
[2025-01-27T08:34:57.159+0000] {processor.py:766} INFO - DAG(s) dict_keys(['example_bash_operator']) retrieved from /home/airflow/.local/lib/python3.7/site-packages/airflow/example_dags/example_bash_operator.py
[2025-01-27T08:34:57.255+0000] {logging_mixin.py:120} INFO - [2025-01-27T08:34:57.255+0000] {dag.py:2585} INFO - Sync 1 DAGs
[2025-01-27T08:34:57.306+0000] {logging_mixin.py:120} INFO - [2025-01-27T08:34:57.306+0000] {dag.py:3340} INFO - Setting next_dagrun for example_bash_operator to 2025-01-26T00:00:00+00:00, run_after=2025-01-27T00:00:00+00:00
[2025-01-27T08:34:57.342+0000] {processor.py:176} INFO - Processing /home/airflow/.local/lib/python3.7/site-packages/airflow/example_dags/example_bash_operator.py took 0.263 seconds
[2025-01-27T08:35:27.936+0000] {processor.py:154} INFO - Started process (PID=239) to work on /home/airflow/.local/lib/python3.7/site-packages/airflow/example_dags/example_bash_operator.py
[2025-01-27T08:35:27.941+0000] {processor.py:756} INFO - Processing file /home/airflow/.local/lib/python3.7/site-packages/airflow/example_dags/example_bash_operator.py for tasks to queue
[2025-01-27T08:35:27.942+0000] {logging_mixin.py:120} INFO - [2025-01-27T08:35:27.942+0000] {dagbag.py:537} INFO - Filling up the DagBag from /home/airflow/.local/lib/python3.7/site-packages/airflow/example_dags/example_bash_operator.py
[2025-01-27T08:35:27.978+0000] {processor.py:766} INFO - DAG(s) dict_keys(['example_bash_operator']) retrieved from /home/airflow/.local/lib/python3.7/site-packages/airflow/example_dags/example_bash_operator.py
[2025-01-27T08:35:28.064+0000] {logging_mixin.py:120} INFO - [2025-01-27T08:35:28.063+0000] {dag.py:2585} INFO - Sync 1 DAGs
[2025-01-27T08:35:28.111+0000] {logging_mixin.py:120} INFO - [2025-01-27T08:35:28.111+0000] {dag.py:3340} INFO - Setting next_dagrun for example_bash_operator to 2025-01-26T00:00:00+00:00, run_after=2025-01-27T00:00:00+00:00
[2025-01-27T08:35:28.156+0000] {processor.py:176} INFO - Processing /home/airflow/.local/lib/python3.7/site-packages/airflow/example_dags/example_bash_operator.py took 0.226 seconds
[2025-01-27T08:35:58.533+0000] {processor.py:154} INFO - Started process (PID=302) to work on /home/airflow/.local/lib/python3.7/site-packages/airflow/example_dags/example_bash_operator.py
[2025-01-27T08:35:58.535+0000] {processor.py:756} INFO - Processing file /home/airflow/.local/lib/python3.7/site-packages/airflow/example_dags/example_bash_operator.py for tasks to queue
[2025-01-27T08:35:58.539+0000] {logging_mixin.py:120} INFO - [2025-01-27T08:35:58.538+0000] {dagbag.py:537} INFO - Filling up the DagBag from /home/airflow/.local/lib/python3.7/site-packages/airflow/example_dags/example_bash_operator.py
[2025-01-27T08:35:58.581+0000] {processor.py:766} INFO - DAG(s) dict_keys(['example_bash_operator']) retrieved from /home/airflow/.local/lib/python3.7/site-packages/airflow/example_dags/example_bash_operator.py
[2025-01-27T08:35:58.672+0000] {logging_mixin.py:120} INFO - [2025-01-27T08:35:58.672+0000] {dag.py:2585} INFO - Sync 1 DAGs
[2025-01-27T08:35:58.723+0000] {logging_mixin.py:120} INFO - [2025-01-27T08:35:58.723+0000] {dag.py:3340} INFO - Setting next_dagrun for example_bash_operator to 2025-01-26T00:00:00+00:00, run_after=2025-01-27T00:00:00+00:00
[2025-01-27T08:35:58.764+0000] {processor.py:176} INFO - Processing /home/airflow/.local/lib/python3.7/site-packages/airflow/example_dags/example_bash_operator.py took 0.238 seconds
[2025-01-27T08:36:29.588+0000] {processor.py:154} INFO - Started process (PID=355) to work on /home/airflow/.local/lib/python3.7/site-packages/airflow/example_dags/example_bash_operator.py
[2025-01-27T08:36:29.590+0000] {processor.py:756} INFO - Processing file /home/airflow/.local/lib/python3.7/site-packages/airflow/example_dags/example_bash_operator.py for tasks to queue
[2025-01-27T08:36:29.591+0000] {logging_mixin.py:120} INFO - [2025-01-27T08:36:29.591+0000] {dagbag.py:537} INFO - Filling up the DagBag from /home/airflow/.local/lib/python3.7/site-packages/airflow/example_dags/example_bash_operator.py
[2025-01-27T08:36:29.639+0000] {processor.py:766} INFO - DAG(s) dict_keys(['example_bash_operator']) retrieved from /home/airflow/.local/lib/python3.7/site-packages/airflow/example_dags/example_bash_operator.py
[2025-01-27T08:36:29.738+0000] {logging_mixin.py:120} INFO - [2025-01-27T08:36:29.737+0000] {dag.py:2585} INFO - Sync 1 DAGs
[2025-01-27T08:36:29.795+0000] {logging_mixin.py:120} INFO - [2025-01-27T08:36:29.795+0000] {dag.py:3340} INFO - Setting next_dagrun for example_bash_operator to 2025-01-26T00:00:00+00:00, run_after=2025-01-27T00:00:00+00:00
[2025-01-27T08:36:29.828+0000] {processor.py:176} INFO - Processing /home/airflow/.local/lib/python3.7/site-packages/airflow/example_dags/example_bash_operator.py took 0.250 seconds
[2025-01-27T08:37:00.417+0000] {processor.py:154} INFO - Started process (PID=418) to work on /home/airflow/.local/lib/python3.7/site-packages/airflow/example_dags/example_bash_operator.py
[2025-01-27T08:37:00.418+0000] {processor.py:756} INFO - Processing file /home/airflow/.local/lib/python3.7/site-packages/airflow/example_dags/example_bash_operator.py for tasks to queue
[2025-01-27T08:37:00.419+0000] {logging_mixin.py:120} INFO - [2025-01-27T08:37:00.419+0000] {dagbag.py:537} INFO - Filling up the DagBag from /home/airflow/.local/lib/python3.7/site-packages/airflow/example_dags/example_bash_operator.py
[2025-01-27T08:37:00.456+0000] {processor.py:766} INFO - DAG(s) dict_keys(['example_bash_operator']) retrieved from /home/airflow/.local/lib/python3.7/site-packages/airflow/example_dags/example_bash_operator.py
[2025-01-27T08:37:00.543+0000] {logging_mixin.py:120} INFO - [2025-01-27T08:37:00.542+0000] {dag.py:2585} INFO - Sync 1 DAGs
[2025-01-27T08:37:00.598+0000] {logging_mixin.py:120} INFO - [2025-01-27T08:37:00.597+0000] {dag.py:3340} INFO - Setting next_dagrun for example_bash_operator to 2025-01-26T00:00:00+00:00, run_after=2025-01-27T00:00:00+00:00
[2025-01-27T08:37:00.634+0000] {processor.py:176} INFO - Processing /home/airflow/.local/lib/python3.7/site-packages/airflow/example_dags/example_bash_operator.py took 0.223 seconds
[2025-01-27T08:37:31.251+0000] {processor.py:154} INFO - Started process (PID=472) to work on /home/airflow/.local/lib/python3.7/site-packages/airflow/example_dags/example_bash_operator.py
[2025-01-27T08:37:31.252+0000] {processor.py:756} INFO - Processing file /home/airflow/.local/lib/python3.7/site-packages/airflow/example_dags/example_bash_operator.py for tasks to queue
[2025-01-27T08:37:31.253+0000] {logging_mixin.py:120} INFO - [2025-01-27T08:37:31.253+0000] {dagbag.py:537} INFO - Filling up the DagBag from /home/airflow/.local/lib/python3.7/site-packages/airflow/example_dags/example_bash_operator.py
[2025-01-27T08:37:31.295+0000] {processor.py:766} INFO - DAG(s) dict_keys(['example_bash_operator']) retrieved from /home/airflow/.local/lib/python3.7/site-packages/airflow/example_dags/example_bash_operator.py
[2025-01-27T08:37:31.395+0000] {logging_mixin.py:120} INFO - [2025-01-27T08:37:31.395+0000] {dag.py:2585} INFO - Sync 1 DAGs
[2025-01-27T08:37:31.452+0000] {logging_mixin.py:120} INFO - [2025-01-27T08:37:31.452+0000] {dag.py:3340} INFO - Setting next_dagrun for example_bash_operator to 2025-01-26T00:00:00+00:00, run_after=2025-01-27T00:00:00+00:00
[2025-01-27T08:37:31.497+0000] {processor.py:176} INFO - Processing /home/airflow/.local/lib/python3.7/site-packages/airflow/example_dags/example_bash_operator.py took 0.251 seconds
[2025-01-27T08:38:01.557+0000] {processor.py:154} INFO - Started process (PID=534) to work on /home/airflow/.local/lib/python3.7/site-packages/airflow/example_dags/example_bash_operator.py
[2025-01-27T08:38:01.559+0000] {processor.py:756} INFO - Processing file /home/airflow/.local/lib/python3.7/site-packages/airflow/example_dags/example_bash_operator.py for tasks to queue
[2025-01-27T08:38:01.563+0000] {logging_mixin.py:120} INFO - [2025-01-27T08:38:01.563+0000] {dagbag.py:537} INFO - Filling up the DagBag from /home/airflow/.local/lib/python3.7/site-packages/airflow/example_dags/example_bash_operator.py
[2025-01-27T08:38:01.600+0000] {processor.py:766} INFO - DAG(s) dict_keys(['example_bash_operator']) retrieved from /home/airflow/.local/lib/python3.7/site-packages/airflow/example_dags/example_bash_operator.py
[2025-01-27T08:38:01.705+0000] {logging_mixin.py:120} INFO - [2025-01-27T08:38:01.705+0000] {dag.py:2585} INFO - Sync 1 DAGs
[2025-01-27T08:38:01.756+0000] {logging_mixin.py:120} INFO - [2025-01-27T08:38:01.756+0000] {dag.py:3340} INFO - Setting next_dagrun for example_bash_operator to 2025-01-26T00:00:00+00:00, run_after=2025-01-27T00:00:00+00:00
[2025-01-27T08:38:01.788+0000] {processor.py:176} INFO - Processing /home/airflow/.local/lib/python3.7/site-packages/airflow/example_dags/example_bash_operator.py took 0.238 seconds
[2025-01-27T08:38:31.857+0000] {processor.py:154} INFO - Started process (PID=587) to work on /home/airflow/.local/lib/python3.7/site-packages/airflow/example_dags/example_bash_operator.py
[2025-01-27T08:38:31.859+0000] {processor.py:756} INFO - Processing file /home/airflow/.local/lib/python3.7/site-packages/airflow/example_dags/example_bash_operator.py for tasks to queue
[2025-01-27T08:38:31.860+0000] {logging_mixin.py:120} INFO - [2025-01-27T08:38:31.860+0000] {dagbag.py:537} INFO - Filling up the DagBag from /home/airflow/.local/lib/python3.7/site-packages/airflow/example_dags/example_bash_operator.py
[2025-01-27T08:38:31.915+0000] {processor.py:766} INFO - DAG(s) dict_keys(['example_bash_operator']) retrieved from /home/airflow/.local/lib/python3.7/site-packages/airflow/example_dags/example_bash_operator.py
[2025-01-27T08:38:32.027+0000] {logging_mixin.py:120} INFO - [2025-01-27T08:38:32.027+0000] {dag.py:2585} INFO - Sync 1 DAGs
[2025-01-27T08:38:32.100+0000] {logging_mixin.py:120} INFO - [2025-01-27T08:38:32.100+0000] {dag.py:3340} INFO - Setting next_dagrun for example_bash_operator to 2025-01-26T00:00:00+00:00, run_after=2025-01-27T00:00:00+00:00
[2025-01-27T08:38:32.146+0000] {processor.py:176} INFO - Processing /home/airflow/.local/lib/python3.7/site-packages/airflow/example_dags/example_bash_operator.py took 0.297 seconds
[2025-01-27T08:39:03.031+0000] {processor.py:154} INFO - Started process (PID=651) to work on /home/airflow/.local/lib/python3.7/site-packages/airflow/example_dags/example_bash_operator.py
[2025-01-27T08:39:03.033+0000] {processor.py:756} INFO - Processing file /home/airflow/.local/lib/python3.7/site-packages/airflow/example_dags/example_bash_operator.py for tasks to queue
[2025-01-27T08:39:03.034+0000] {logging_mixin.py:120} INFO - [2025-01-27T08:39:03.034+0000] {dagbag.py:537} INFO - Filling up the DagBag from /home/airflow/.local/lib/python3.7/site-packages/airflow/example_dags/example_bash_operator.py
[2025-01-27T08:39:03.076+0000] {processor.py:766} INFO - DAG(s) dict_keys(['example_bash_operator']) retrieved from /home/airflow/.local/lib/python3.7/site-packages/airflow/example_dags/example_bash_operator.py
[2025-01-27T08:39:03.159+0000] {logging_mixin.py:120} INFO - [2025-01-27T08:39:03.159+0000] {dag.py:2585} INFO - Sync 1 DAGs
[2025-01-27T08:39:03.213+0000] {logging_mixin.py:120} INFO - [2025-01-27T08:39:03.213+0000] {dag.py:3340} INFO - Setting next_dagrun for example_bash_operator to 2025-01-26T00:00:00+00:00, run_after=2025-01-27T00:00:00+00:00
[2025-01-27T08:39:03.252+0000] {processor.py:176} INFO - Processing /home/airflow/.local/lib/python3.7/site-packages/airflow/example_dags/example_bash_operator.py took 0.226 seconds
[2025-01-27T08:39:33.898+0000] {processor.py:154} INFO - Started process (PID=704) to work on /home/airflow/.local/lib/python3.7/site-packages/airflow/example_dags/example_bash_operator.py
[2025-01-27T08:39:33.899+0000] {processor.py:756} INFO - Processing file /home/airflow/.local/lib/python3.7/site-packages/airflow/example_dags/example_bash_operator.py for tasks to queue
[2025-01-27T08:39:33.901+0000] {logging_mixin.py:120} INFO - [2025-01-27T08:39:33.901+0000] {dagbag.py:537} INFO - Filling up the DagBag from /home/airflow/.local/lib/python3.7/site-packages/airflow/example_dags/example_bash_operator.py
[2025-01-27T08:39:33.952+0000] {processor.py:766} INFO - DAG(s) dict_keys(['example_bash_operator']) retrieved from /home/airflow/.local/lib/python3.7/site-packages/airflow/example_dags/example_bash_operator.py
[2025-01-27T08:39:34.044+0000] {logging_mixin.py:120} INFO - [2025-01-27T08:39:34.043+0000] {dag.py:2585} INFO - Sync 1 DAGs
[2025-01-27T08:39:34.098+0000] {logging_mixin.py:120} INFO - [2025-01-27T08:39:34.098+0000] {dag.py:3340} INFO - Setting next_dagrun for example_bash_operator to 2025-01-26T00:00:00+00:00, run_after=2025-01-27T00:00:00+00:00
[2025-01-27T08:39:34.139+0000] {processor.py:176} INFO - Processing /home/airflow/.local/lib/python3.7/site-packages/airflow/example_dags/example_bash_operator.py took 0.246 seconds
[2025-01-27T08:40:04.583+0000] {processor.py:154} INFO - Started process (PID=767) to work on /home/airflow/.local/lib/python3.7/site-packages/airflow/example_dags/example_bash_operator.py
[2025-01-27T08:40:04.584+0000] {processor.py:756} INFO - Processing file /home/airflow/.local/lib/python3.7/site-packages/airflow/example_dags/example_bash_operator.py for tasks to queue
[2025-01-27T08:40:04.586+0000] {logging_mixin.py:120} INFO - [2025-01-27T08:40:04.586+0000] {dagbag.py:537} INFO - Filling up the DagBag from /home/airflow/.local/lib/python3.7/site-packages/airflow/example_dags/example_bash_operator.py
[2025-01-27T08:40:04.625+0000] {processor.py:766} INFO - DAG(s) dict_keys(['example_bash_operator']) retrieved from /home/airflow/.local/lib/python3.7/site-packages/airflow/example_dags/example_bash_operator.py
[2025-01-27T08:40:04.708+0000] {logging_mixin.py:120} INFO - [2025-01-27T08:40:04.708+0000] {dag.py:2585} INFO - Sync 1 DAGs
[2025-01-27T08:40:04.762+0000] {logging_mixin.py:120} INFO - [2025-01-27T08:40:04.762+0000] {dag.py:3340} INFO - Setting next_dagrun for example_bash_operator to 2025-01-26T00:00:00+00:00, run_after=2025-01-27T00:00:00+00:00
[2025-01-27T08:40:04.800+0000] {processor.py:176} INFO - Processing /home/airflow/.local/lib/python3.7/site-packages/airflow/example_dags/example_bash_operator.py took 0.225 seconds
[2025-01-27T08:40:35.279+0000] {processor.py:154} INFO - Started process (PID=821) to work on /home/airflow/.local/lib/python3.7/site-packages/airflow/example_dags/example_bash_operator.py
[2025-01-27T08:40:35.281+0000] {processor.py:756} INFO - Processing file /home/airflow/.local/lib/python3.7/site-packages/airflow/example_dags/example_bash_operator.py for tasks to queue
[2025-01-27T08:40:35.286+0000] {logging_mixin.py:120} INFO - [2025-01-27T08:40:35.285+0000] {dagbag.py:537} INFO - Filling up the DagBag from /home/airflow/.local/lib/python3.7/site-packages/airflow/example_dags/example_bash_operator.py
[2025-01-27T08:40:35.332+0000] {processor.py:766} INFO - DAG(s) dict_keys(['example_bash_operator']) retrieved from /home/airflow/.local/lib/python3.7/site-packages/airflow/example_dags/example_bash_operator.py
[2025-01-27T08:40:35.428+0000] {logging_mixin.py:120} INFO - [2025-01-27T08:40:35.428+0000] {dag.py:2585} INFO - Sync 1 DAGs
[2025-01-27T08:40:35.487+0000] {logging_mixin.py:120} INFO - [2025-01-27T08:40:35.487+0000] {dag.py:3340} INFO - Setting next_dagrun for example_bash_operator to 2025-01-26T00:00:00+00:00, run_after=2025-01-27T00:00:00+00:00
[2025-01-27T08:40:35.534+0000] {processor.py:176} INFO - Processing /home/airflow/.local/lib/python3.7/site-packages/airflow/example_dags/example_bash_operator.py took 0.265 seconds
[2025-01-27T08:41:06.007+0000] {processor.py:154} INFO - Started process (PID=884) to work on /home/airflow/.local/lib/python3.7/site-packages/airflow/example_dags/example_bash_operator.py
[2025-01-27T08:41:06.010+0000] {processor.py:756} INFO - Processing file /home/airflow/.local/lib/python3.7/site-packages/airflow/example_dags/example_bash_operator.py for tasks to queue
[2025-01-27T08:41:06.011+0000] {logging_mixin.py:120} INFO - [2025-01-27T08:41:06.011+0000] {dagbag.py:537} INFO - Filling up the DagBag from /home/airflow/.local/lib/python3.7/site-packages/airflow/example_dags/example_bash_operator.py
[2025-01-27T08:41:06.054+0000] {processor.py:766} INFO - DAG(s) dict_keys(['example_bash_operator']) retrieved from /home/airflow/.local/lib/python3.7/site-packages/airflow/example_dags/example_bash_operator.py
[2025-01-27T08:41:06.134+0000] {logging_mixin.py:120} INFO - [2025-01-27T08:41:06.134+0000] {dag.py:2585} INFO - Sync 1 DAGs
[2025-01-27T08:41:06.193+0000] {logging_mixin.py:120} INFO - [2025-01-27T08:41:06.193+0000] {dag.py:3340} INFO - Setting next_dagrun for example_bash_operator to 2025-01-26T00:00:00+00:00, run_after=2025-01-27T00:00:00+00:00
[2025-01-27T08:41:06.230+0000] {processor.py:176} INFO - Processing /home/airflow/.local/lib/python3.7/site-packages/airflow/example_dags/example_bash_operator.py took 0.231 seconds
[2025-01-27T08:41:36.665+0000] {processor.py:154} INFO - Started process (PID=937) to work on /home/airflow/.local/lib/python3.7/site-packages/airflow/example_dags/example_bash_operator.py
[2025-01-27T08:41:36.666+0000] {processor.py:756} INFO - Processing file /home/airflow/.local/lib/python3.7/site-packages/airflow/example_dags/example_bash_operator.py for tasks to queue
[2025-01-27T08:41:36.668+0000] {logging_mixin.py:120} INFO - [2025-01-27T08:41:36.667+0000] {dagbag.py:537} INFO - Filling up the DagBag from /home/airflow/.local/lib/python3.7/site-packages/airflow/example_dags/example_bash_operator.py
[2025-01-27T08:41:36.716+0000] {processor.py:766} INFO - DAG(s) dict_keys(['example_bash_operator']) retrieved from /home/airflow/.local/lib/python3.7/site-packages/airflow/example_dags/example_bash_operator.py
[2025-01-27T08:41:36.816+0000] {logging_mixin.py:120} INFO - [2025-01-27T08:41:36.816+0000] {dag.py:2585} INFO - Sync 1 DAGs
[2025-01-27T08:41:36.874+0000] {logging_mixin.py:120} INFO - [2025-01-27T08:41:36.873+0000] {dag.py:3340} INFO - Setting next_dagrun for example_bash_operator to 2025-01-26T00:00:00+00:00, run_after=2025-01-27T00:00:00+00:00
[2025-01-27T08:41:36.916+0000] {processor.py:176} INFO - Processing /home/airflow/.local/lib/python3.7/site-packages/airflow/example_dags/example_bash_operator.py took 0.258 seconds
[2025-01-27T08:42:07.026+0000] {processor.py:154} INFO - Started process (PID=999) to work on /home/airflow/.local/lib/python3.7/site-packages/airflow/example_dags/example_bash_operator.py
[2025-01-27T08:42:07.028+0000] {processor.py:756} INFO - Processing file /home/airflow/.local/lib/python3.7/site-packages/airflow/example_dags/example_bash_operator.py for tasks to queue
[2025-01-27T08:42:07.029+0000] {logging_mixin.py:120} INFO - [2025-01-27T08:42:07.029+0000] {dagbag.py:537} INFO - Filling up the DagBag from /home/airflow/.local/lib/python3.7/site-packages/airflow/example_dags/example_bash_operator.py
[2025-01-27T08:42:07.066+0000] {processor.py:766} INFO - DAG(s) dict_keys(['example_bash_operator']) retrieved from /home/airflow/.local/lib/python3.7/site-packages/airflow/example_dags/example_bash_operator.py
[2025-01-27T08:42:07.156+0000] {logging_mixin.py:120} INFO - [2025-01-27T08:42:07.156+0000] {dag.py:2585} INFO - Sync 1 DAGs
[2025-01-27T08:42:07.207+0000] {logging_mixin.py:120} INFO - [2025-01-27T08:42:07.207+0000] {dag.py:3340} INFO - Setting next_dagrun for example_bash_operator to 2025-01-26T00:00:00+00:00, run_after=2025-01-27T00:00:00+00:00
[2025-01-27T08:42:07.255+0000] {processor.py:176} INFO - Processing /home/airflow/.local/lib/python3.7/site-packages/airflow/example_dags/example_bash_operator.py took 0.235 seconds
[2025-01-27T08:42:37.834+0000] {processor.py:154} INFO - Started process (PID=1053) to work on /home/airflow/.local/lib/python3.7/site-packages/airflow/example_dags/example_bash_operator.py
[2025-01-27T08:42:37.836+0000] {processor.py:756} INFO - Processing file /home/airflow/.local/lib/python3.7/site-packages/airflow/example_dags/example_bash_operator.py for tasks to queue
[2025-01-27T08:42:37.840+0000] {logging_mixin.py:120} INFO - [2025-01-27T08:42:37.839+0000] {dagbag.py:537} INFO - Filling up the DagBag from /home/airflow/.local/lib/python3.7/site-packages/airflow/example_dags/example_bash_operator.py
[2025-01-27T08:42:37.896+0000] {processor.py:766} INFO - DAG(s) dict_keys(['example_bash_operator']) retrieved from /home/airflow/.local/lib/python3.7/site-packages/airflow/example_dags/example_bash_operator.py
[2025-01-27T08:42:38.000+0000] {logging_mixin.py:120} INFO - [2025-01-27T08:42:37.999+0000] {dag.py:2585} INFO - Sync 1 DAGs
[2025-01-27T08:42:38.068+0000] {logging_mixin.py:120} INFO - [2025-01-27T08:42:38.067+0000] {dag.py:3340} INFO - Setting next_dagrun for example_bash_operator to 2025-01-26T00:00:00+00:00, run_after=2025-01-27T00:00:00+00:00
[2025-01-27T08:42:38.114+0000] {processor.py:176} INFO - Processing /home/airflow/.local/lib/python3.7/site-packages/airflow/example_dags/example_bash_operator.py took 0.289 seconds
[2025-01-27T08:43:09.015+0000] {processor.py:154} INFO - Started process (PID=1115) to work on /home/airflow/.local/lib/python3.7/site-packages/airflow/example_dags/example_bash_operator.py
[2025-01-27T08:43:09.017+0000] {processor.py:756} INFO - Processing file /home/airflow/.local/lib/python3.7/site-packages/airflow/example_dags/example_bash_operator.py for tasks to queue
[2025-01-27T08:43:09.021+0000] {logging_mixin.py:120} INFO - [2025-01-27T08:43:09.020+0000] {dagbag.py:537} INFO - Filling up the DagBag from /home/airflow/.local/lib/python3.7/site-packages/airflow/example_dags/example_bash_operator.py
[2025-01-27T08:43:09.072+0000] {processor.py:766} INFO - DAG(s) dict_keys(['example_bash_operator']) retrieved from /home/airflow/.local/lib/python3.7/site-packages/airflow/example_dags/example_bash_operator.py
[2025-01-27T08:43:09.183+0000] {logging_mixin.py:120} INFO - [2025-01-27T08:43:09.183+0000] {dag.py:2585} INFO - Sync 1 DAGs
[2025-01-27T08:43:09.239+0000] {logging_mixin.py:120} INFO - [2025-01-27T08:43:09.239+0000] {dag.py:3340} INFO - Setting next_dagrun for example_bash_operator to 2025-01-26T00:00:00+00:00, run_after=2025-01-27T00:00:00+00:00
[2025-01-27T08:43:09.296+0000] {processor.py:176} INFO - Processing /home/airflow/.local/lib/python3.7/site-packages/airflow/example_dags/example_bash_operator.py took 0.290 seconds
[2025-01-27T08:43:39.861+0000] {processor.py:154} INFO - Started process (PID=1168) to work on /home/airflow/.local/lib/python3.7/site-packages/airflow/example_dags/example_bash_operator.py
[2025-01-27T08:43:39.863+0000] {processor.py:756} INFO - Processing file /home/airflow/.local/lib/python3.7/site-packages/airflow/example_dags/example_bash_operator.py for tasks to queue
[2025-01-27T08:43:39.865+0000] {logging_mixin.py:120} INFO - [2025-01-27T08:43:39.864+0000] {dagbag.py:537} INFO - Filling up the DagBag from /home/airflow/.local/lib/python3.7/site-packages/airflow/example_dags/example_bash_operator.py
[2025-01-27T08:43:39.909+0000] {processor.py:766} INFO - DAG(s) dict_keys(['example_bash_operator']) retrieved from /home/airflow/.local/lib/python3.7/site-packages/airflow/example_dags/example_bash_operator.py
[2025-01-27T08:43:40.002+0000] {logging_mixin.py:120} INFO - [2025-01-27T08:43:40.002+0000] {dag.py:2585} INFO - Sync 1 DAGs
[2025-01-27T08:43:40.063+0000] {logging_mixin.py:120} INFO - [2025-01-27T08:43:40.062+0000] {dag.py:3340} INFO - Setting next_dagrun for example_bash_operator to 2025-01-26T00:00:00+00:00, run_after=2025-01-27T00:00:00+00:00
[2025-01-27T08:43:40.098+0000] {processor.py:176} INFO - Processing /home/airflow/.local/lib/python3.7/site-packages/airflow/example_dags/example_bash_operator.py took 0.243 seconds
[2025-01-27T08:44:11.363+0000] {processor.py:154} INFO - Started process (PID=1228) to work on /home/airflow/.local/lib/python3.7/site-packages/airflow/example_dags/example_bash_operator.py
[2025-01-27T08:44:11.365+0000] {processor.py:756} INFO - Processing file /home/airflow/.local/lib/python3.7/site-packages/airflow/example_dags/example_bash_operator.py for tasks to queue
[2025-01-27T08:44:11.367+0000] {logging_mixin.py:120} INFO - [2025-01-27T08:44:11.366+0000] {dagbag.py:537} INFO - Filling up the DagBag from /home/airflow/.local/lib/python3.7/site-packages/airflow/example_dags/example_bash_operator.py
[2025-01-27T08:44:11.422+0000] {processor.py:766} INFO - DAG(s) dict_keys(['example_bash_operator']) retrieved from /home/airflow/.local/lib/python3.7/site-packages/airflow/example_dags/example_bash_operator.py
[2025-01-27T08:44:11.521+0000] {logging_mixin.py:120} INFO - [2025-01-27T08:44:11.520+0000] {dag.py:2585} INFO - Sync 1 DAGs
[2025-01-27T08:44:11.586+0000] {logging_mixin.py:120} INFO - [2025-01-27T08:44:11.586+0000] {dag.py:3340} INFO - Setting next_dagrun for example_bash_operator to 2025-01-26T00:00:00+00:00, run_after=2025-01-27T00:00:00+00:00
[2025-01-27T08:44:11.630+0000] {processor.py:176} INFO - Processing /home/airflow/.local/lib/python3.7/site-packages/airflow/example_dags/example_bash_operator.py took 0.274 seconds
[2025-01-27T08:44:42.140+0000] {processor.py:154} INFO - Started process (PID=1284) to work on /home/airflow/.local/lib/python3.7/site-packages/airflow/example_dags/example_bash_operator.py
[2025-01-27T08:44:42.142+0000] {processor.py:756} INFO - Processing file /home/airflow/.local/lib/python3.7/site-packages/airflow/example_dags/example_bash_operator.py for tasks to queue
[2025-01-27T08:44:42.143+0000] {logging_mixin.py:120} INFO - [2025-01-27T08:44:42.143+0000] {dagbag.py:537} INFO - Filling up the DagBag from /home/airflow/.local/lib/python3.7/site-packages/airflow/example_dags/example_bash_operator.py
[2025-01-27T08:44:42.190+0000] {processor.py:766} INFO - DAG(s) dict_keys(['example_bash_operator']) retrieved from /home/airflow/.local/lib/python3.7/site-packages/airflow/example_dags/example_bash_operator.py
[2025-01-27T08:44:42.305+0000] {logging_mixin.py:120} INFO - [2025-01-27T08:44:42.304+0000] {dag.py:2585} INFO - Sync 1 DAGs
[2025-01-27T08:44:42.359+0000] {logging_mixin.py:120} INFO - [2025-01-27T08:44:42.359+0000] {dag.py:3340} INFO - Setting next_dagrun for example_bash_operator to 2025-01-26T00:00:00+00:00, run_after=2025-01-27T00:00:00+00:00
[2025-01-27T08:44:42.410+0000] {processor.py:176} INFO - Processing /home/airflow/.local/lib/python3.7/site-packages/airflow/example_dags/example_bash_operator.py took 0.277 seconds
[2025-01-27T08:45:12.957+0000] {processor.py:154} INFO - Started process (PID=1338) to work on /home/airflow/.local/lib/python3.7/site-packages/airflow/example_dags/example_bash_operator.py
[2025-01-27T08:45:12.959+0000] {processor.py:756} INFO - Processing file /home/airflow/.local/lib/python3.7/site-packages/airflow/example_dags/example_bash_operator.py for tasks to queue
[2025-01-27T08:45:12.961+0000] {logging_mixin.py:120} INFO - [2025-01-27T08:45:12.961+0000] {dagbag.py:537} INFO - Filling up the DagBag from /home/airflow/.local/lib/python3.7/site-packages/airflow/example_dags/example_bash_operator.py
[2025-01-27T08:45:13.017+0000] {processor.py:766} INFO - DAG(s) dict_keys(['example_bash_operator']) retrieved from /home/airflow/.local/lib/python3.7/site-packages/airflow/example_dags/example_bash_operator.py
[2025-01-27T08:45:13.125+0000] {logging_mixin.py:120} INFO - [2025-01-27T08:45:13.124+0000] {dag.py:2585} INFO - Sync 1 DAGs
[2025-01-27T08:45:13.187+0000] {logging_mixin.py:120} INFO - [2025-01-27T08:45:13.187+0000] {dag.py:3340} INFO - Setting next_dagrun for example_bash_operator to 2025-01-26T00:00:00+00:00, run_after=2025-01-27T00:00:00+00:00
[2025-01-27T08:45:13.236+0000] {processor.py:176} INFO - Processing /home/airflow/.local/lib/python3.7/site-packages/airflow/example_dags/example_bash_operator.py took 0.286 seconds
[2025-01-27T08:45:44.185+0000] {processor.py:154} INFO - Started process (PID=1401) to work on /home/airflow/.local/lib/python3.7/site-packages/airflow/example_dags/example_bash_operator.py
[2025-01-27T08:45:44.187+0000] {processor.py:756} INFO - Processing file /home/airflow/.local/lib/python3.7/site-packages/airflow/example_dags/example_bash_operator.py for tasks to queue
[2025-01-27T08:45:44.188+0000] {logging_mixin.py:120} INFO - [2025-01-27T08:45:44.188+0000] {dagbag.py:537} INFO - Filling up the DagBag from /home/airflow/.local/lib/python3.7/site-packages/airflow/example_dags/example_bash_operator.py
[2025-01-27T08:45:44.225+0000] {processor.py:766} INFO - DAG(s) dict_keys(['example_bash_operator']) retrieved from /home/airflow/.local/lib/python3.7/site-packages/airflow/example_dags/example_bash_operator.py
[2025-01-27T08:45:44.308+0000] {logging_mixin.py:120} INFO - [2025-01-27T08:45:44.307+0000] {dag.py:2585} INFO - Sync 1 DAGs
[2025-01-27T08:45:44.360+0000] {logging_mixin.py:120} INFO - [2025-01-27T08:45:44.360+0000] {dag.py:3340} INFO - Setting next_dagrun for example_bash_operator to 2025-01-26T00:00:00+00:00, run_after=2025-01-27T00:00:00+00:00
[2025-01-27T08:45:44.392+0000] {processor.py:176} INFO - Processing /home/airflow/.local/lib/python3.7/site-packages/airflow/example_dags/example_bash_operator.py took 0.212 seconds
[2025-01-27T08:46:15.551+0000] {processor.py:154} INFO - Started process (PID=1454) to work on /home/airflow/.local/lib/python3.7/site-packages/airflow/example_dags/example_bash_operator.py
[2025-01-27T08:46:15.553+0000] {processor.py:756} INFO - Processing file /home/airflow/.local/lib/python3.7/site-packages/airflow/example_dags/example_bash_operator.py for tasks to queue
[2025-01-27T08:46:15.554+0000] {logging_mixin.py:120} INFO - [2025-01-27T08:46:15.554+0000] {dagbag.py:537} INFO - Filling up the DagBag from /home/airflow/.local/lib/python3.7/site-packages/airflow/example_dags/example_bash_operator.py
[2025-01-27T08:46:15.599+0000] {processor.py:766} INFO - DAG(s) dict_keys(['example_bash_operator']) retrieved from /home/airflow/.local/lib/python3.7/site-packages/airflow/example_dags/example_bash_operator.py
[2025-01-27T08:46:15.693+0000] {logging_mixin.py:120} INFO - [2025-01-27T08:46:15.693+0000] {dag.py:2585} INFO - Sync 1 DAGs
[2025-01-27T08:46:15.747+0000] {logging_mixin.py:120} INFO - [2025-01-27T08:46:15.747+0000] {dag.py:3340} INFO - Setting next_dagrun for example_bash_operator to 2025-01-26T00:00:00+00:00, run_after=2025-01-27T00:00:00+00:00
[2025-01-27T08:46:15.788+0000] {processor.py:176} INFO - Processing /home/airflow/.local/lib/python3.7/site-packages/airflow/example_dags/example_bash_operator.py took 0.244 seconds
[2025-01-27T08:46:46.329+0000] {processor.py:154} INFO - Started process (PID=1517) to work on /home/airflow/.local/lib/python3.7/site-packages/airflow/example_dags/example_bash_operator.py
[2025-01-27T08:46:46.331+0000] {processor.py:756} INFO - Processing file /home/airflow/.local/lib/python3.7/site-packages/airflow/example_dags/example_bash_operator.py for tasks to queue
[2025-01-27T08:46:46.332+0000] {logging_mixin.py:120} INFO - [2025-01-27T08:46:46.331+0000] {dagbag.py:537} INFO - Filling up the DagBag from /home/airflow/.local/lib/python3.7/site-packages/airflow/example_dags/example_bash_operator.py
[2025-01-27T08:46:46.375+0000] {processor.py:766} INFO - DAG(s) dict_keys(['example_bash_operator']) retrieved from /home/airflow/.local/lib/python3.7/site-packages/airflow/example_dags/example_bash_operator.py
[2025-01-27T08:46:46.457+0000] {logging_mixin.py:120} INFO - [2025-01-27T08:46:46.457+0000] {dag.py:2585} INFO - Sync 1 DAGs
[2025-01-27T08:46:46.508+0000] {logging_mixin.py:120} INFO - [2025-01-27T08:46:46.507+0000] {dag.py:3340} INFO - Setting next_dagrun for example_bash_operator to 2025-01-26T00:00:00+00:00, run_after=2025-01-27T00:00:00+00:00
[2025-01-27T08:46:46.547+0000] {processor.py:176} INFO - Processing /home/airflow/.local/lib/python3.7/site-packages/airflow/example_dags/example_bash_operator.py took 0.223 seconds
[2025-01-27T08:47:17.136+0000] {processor.py:154} INFO - Started process (PID=1571) to work on /home/airflow/.local/lib/python3.7/site-packages/airflow/example_dags/example_bash_operator.py
[2025-01-27T08:47:17.139+0000] {processor.py:756} INFO - Processing file /home/airflow/.local/lib/python3.7/site-packages/airflow/example_dags/example_bash_operator.py for tasks to queue
[2025-01-27T08:47:17.142+0000] {logging_mixin.py:120} INFO - [2025-01-27T08:47:17.141+0000] {dagbag.py:537} INFO - Filling up the DagBag from /home/airflow/.local/lib/python3.7/site-packages/airflow/example_dags/example_bash_operator.py
[2025-01-27T08:47:17.184+0000] {processor.py:766} INFO - DAG(s) dict_keys(['example_bash_operator']) retrieved from /home/airflow/.local/lib/python3.7/site-packages/airflow/example_dags/example_bash_operator.py
[2025-01-27T08:47:17.277+0000] {logging_mixin.py:120} INFO - [2025-01-27T08:47:17.277+0000] {dag.py:2585} INFO - Sync 1 DAGs
[2025-01-27T08:47:17.331+0000] {logging_mixin.py:120} INFO - [2025-01-27T08:47:17.330+0000] {dag.py:3340} INFO - Setting next_dagrun for example_bash_operator to 2025-01-26T00:00:00+00:00, run_after=2025-01-27T00:00:00+00:00
[2025-01-27T08:47:17.367+0000] {processor.py:176} INFO - Processing /home/airflow/.local/lib/python3.7/site-packages/airflow/example_dags/example_bash_operator.py took 0.239 seconds
[2025-01-27T08:47:47.813+0000] {processor.py:154} INFO - Started process (PID=1634) to work on /home/airflow/.local/lib/python3.7/site-packages/airflow/example_dags/example_bash_operator.py
[2025-01-27T08:47:47.815+0000] {processor.py:756} INFO - Processing file /home/airflow/.local/lib/python3.7/site-packages/airflow/example_dags/example_bash_operator.py for tasks to queue
[2025-01-27T08:47:47.816+0000] {logging_mixin.py:120} INFO - [2025-01-27T08:47:47.816+0000] {dagbag.py:537} INFO - Filling up the DagBag from /home/airflow/.local/lib/python3.7/site-packages/airflow/example_dags/example_bash_operator.py
[2025-01-27T08:47:47.856+0000] {processor.py:766} INFO - DAG(s) dict_keys(['example_bash_operator']) retrieved from /home/airflow/.local/lib/python3.7/site-packages/airflow/example_dags/example_bash_operator.py
[2025-01-27T08:47:47.945+0000] {logging_mixin.py:120} INFO - [2025-01-27T08:47:47.945+0000] {dag.py:2585} INFO - Sync 1 DAGs
[2025-01-27T08:47:47.992+0000] {logging_mixin.py:120} INFO - [2025-01-27T08:47:47.992+0000] {dag.py:3340} INFO - Setting next_dagrun for example_bash_operator to 2025-01-26T00:00:00+00:00, run_after=2025-01-27T00:00:00+00:00
[2025-01-27T08:47:48.030+0000] {processor.py:176} INFO - Processing /home/airflow/.local/lib/python3.7/site-packages/airflow/example_dags/example_bash_operator.py took 0.224 seconds
[2025-01-27T08:48:18.628+0000] {processor.py:154} INFO - Started process (PID=1688) to work on /home/airflow/.local/lib/python3.7/site-packages/airflow/example_dags/example_bash_operator.py
[2025-01-27T08:48:18.630+0000] {processor.py:756} INFO - Processing file /home/airflow/.local/lib/python3.7/site-packages/airflow/example_dags/example_bash_operator.py for tasks to queue
[2025-01-27T08:48:18.631+0000] {logging_mixin.py:120} INFO - [2025-01-27T08:48:18.631+0000] {dagbag.py:537} INFO - Filling up the DagBag from /home/airflow/.local/lib/python3.7/site-packages/airflow/example_dags/example_bash_operator.py
[2025-01-27T08:48:18.673+0000] {processor.py:766} INFO - DAG(s) dict_keys(['example_bash_operator']) retrieved from /home/airflow/.local/lib/python3.7/site-packages/airflow/example_dags/example_bash_operator.py
[2025-01-27T08:48:18.776+0000] {logging_mixin.py:120} INFO - [2025-01-27T08:48:18.775+0000] {dag.py:2585} INFO - Sync 1 DAGs
[2025-01-27T08:48:18.828+0000] {logging_mixin.py:120} INFO - [2025-01-27T08:48:18.828+0000] {dag.py:3340} INFO - Setting next_dagrun for example_bash_operator to 2025-01-26T00:00:00+00:00, run_after=2025-01-27T00:00:00+00:00
[2025-01-27T08:48:18.865+0000] {processor.py:176} INFO - Processing /home/airflow/.local/lib/python3.7/site-packages/airflow/example_dags/example_bash_operator.py took 0.245 seconds
[2025-01-27T08:48:49.278+0000] {processor.py:154} INFO - Started process (PID=1751) to work on /home/airflow/.local/lib/python3.7/site-packages/airflow/example_dags/example_bash_operator.py
[2025-01-27T08:48:49.281+0000] {processor.py:756} INFO - Processing file /home/airflow/.local/lib/python3.7/site-packages/airflow/example_dags/example_bash_operator.py for tasks to queue
[2025-01-27T08:48:49.283+0000] {logging_mixin.py:120} INFO - [2025-01-27T08:48:49.283+0000] {dagbag.py:537} INFO - Filling up the DagBag from /home/airflow/.local/lib/python3.7/site-packages/airflow/example_dags/example_bash_operator.py
[2025-01-27T08:48:49.325+0000] {processor.py:766} INFO - DAG(s) dict_keys(['example_bash_operator']) retrieved from /home/airflow/.local/lib/python3.7/site-packages/airflow/example_dags/example_bash_operator.py
[2025-01-27T08:48:49.421+0000] {logging_mixin.py:120} INFO - [2025-01-27T08:48:49.421+0000] {dag.py:2585} INFO - Sync 1 DAGs
[2025-01-27T08:48:49.474+0000] {logging_mixin.py:120} INFO - [2025-01-27T08:48:49.473+0000] {dag.py:3340} INFO - Setting next_dagrun for example_bash_operator to 2025-01-26T00:00:00+00:00, run_after=2025-01-27T00:00:00+00:00
[2025-01-27T08:48:49.513+0000] {processor.py:176} INFO - Processing /home/airflow/.local/lib/python3.7/site-packages/airflow/example_dags/example_bash_operator.py took 0.244 seconds
[2025-01-27T08:49:20.059+0000] {processor.py:154} INFO - Started process (PID=1805) to work on /home/airflow/.local/lib/python3.7/site-packages/airflow/example_dags/example_bash_operator.py
[2025-01-27T08:49:20.061+0000] {processor.py:756} INFO - Processing file /home/airflow/.local/lib/python3.7/site-packages/airflow/example_dags/example_bash_operator.py for tasks to queue
[2025-01-27T08:49:20.062+0000] {logging_mixin.py:120} INFO - [2025-01-27T08:49:20.062+0000] {dagbag.py:537} INFO - Filling up the DagBag from /home/airflow/.local/lib/python3.7/site-packages/airflow/example_dags/example_bash_operator.py
[2025-01-27T08:49:20.108+0000] {processor.py:766} INFO - DAG(s) dict_keys(['example_bash_operator']) retrieved from /home/airflow/.local/lib/python3.7/site-packages/airflow/example_dags/example_bash_operator.py
[2025-01-27T08:49:20.208+0000] {logging_mixin.py:120} INFO - [2025-01-27T08:49:20.208+0000] {dag.py:2585} INFO - Sync 1 DAGs
[2025-01-27T08:49:20.258+0000] {logging_mixin.py:120} INFO - [2025-01-27T08:49:20.257+0000] {dag.py:3340} INFO - Setting next_dagrun for example_bash_operator to 2025-01-26T00:00:00+00:00, run_after=2025-01-27T00:00:00+00:00
[2025-01-27T08:49:20.296+0000] {processor.py:176} INFO - Processing /home/airflow/.local/lib/python3.7/site-packages/airflow/example_dags/example_bash_operator.py took 0.243 seconds
[2025-01-27T08:49:50.486+0000] {processor.py:154} INFO - Started process (PID=1867) to work on /home/airflow/.local/lib/python3.7/site-packages/airflow/example_dags/example_bash_operator.py
[2025-01-27T08:49:50.488+0000] {processor.py:756} INFO - Processing file /home/airflow/.local/lib/python3.7/site-packages/airflow/example_dags/example_bash_operator.py for tasks to queue
[2025-01-27T08:49:50.489+0000] {logging_mixin.py:120} INFO - [2025-01-27T08:49:50.489+0000] {dagbag.py:537} INFO - Filling up the DagBag from /home/airflow/.local/lib/python3.7/site-packages/airflow/example_dags/example_bash_operator.py
[2025-01-27T08:49:50.529+0000] {processor.py:766} INFO - DAG(s) dict_keys(['example_bash_operator']) retrieved from /home/airflow/.local/lib/python3.7/site-packages/airflow/example_dags/example_bash_operator.py
[2025-01-27T08:49:50.616+0000] {logging_mixin.py:120} INFO - [2025-01-27T08:49:50.616+0000] {dag.py:2585} INFO - Sync 1 DAGs
[2025-01-27T08:49:50.666+0000] {logging_mixin.py:120} INFO - [2025-01-27T08:49:50.666+0000] {dag.py:3340} INFO - Setting next_dagrun for example_bash_operator to 2025-01-26T00:00:00+00:00, run_after=2025-01-27T00:00:00+00:00
[2025-01-27T08:49:50.705+0000] {processor.py:176} INFO - Processing /home/airflow/.local/lib/python3.7/site-packages/airflow/example_dags/example_bash_operator.py took 0.224 seconds
[2025-01-27T08:50:20.890+0000] {processor.py:154} INFO - Started process (PID=1921) to work on /home/airflow/.local/lib/python3.7/site-packages/airflow/example_dags/example_bash_operator.py
[2025-01-27T08:50:20.892+0000] {processor.py:756} INFO - Processing file /home/airflow/.local/lib/python3.7/site-packages/airflow/example_dags/example_bash_operator.py for tasks to queue
[2025-01-27T08:50:20.893+0000] {logging_mixin.py:120} INFO - [2025-01-27T08:50:20.893+0000] {dagbag.py:537} INFO - Filling up the DagBag from /home/airflow/.local/lib/python3.7/site-packages/airflow/example_dags/example_bash_operator.py
[2025-01-27T08:50:20.941+0000] {processor.py:766} INFO - DAG(s) dict_keys(['example_bash_operator']) retrieved from /home/airflow/.local/lib/python3.7/site-packages/airflow/example_dags/example_bash_operator.py
[2025-01-27T08:50:21.030+0000] {logging_mixin.py:120} INFO - [2025-01-27T08:50:21.029+0000] {dag.py:2585} INFO - Sync 1 DAGs
[2025-01-27T08:50:21.087+0000] {logging_mixin.py:120} INFO - [2025-01-27T08:50:21.085+0000] {dag.py:3340} INFO - Setting next_dagrun for example_bash_operator to 2025-01-26T00:00:00+00:00, run_after=2025-01-27T00:00:00+00:00
[2025-01-27T08:50:21.126+0000] {processor.py:176} INFO - Processing /home/airflow/.local/lib/python3.7/site-packages/airflow/example_dags/example_bash_operator.py took 0.241 seconds
[2025-01-27T08:50:51.387+0000] {processor.py:154} INFO - Started process (PID=1982) to work on /home/airflow/.local/lib/python3.7/site-packages/airflow/example_dags/example_bash_operator.py
[2025-01-27T08:50:51.389+0000] {processor.py:756} INFO - Processing file /home/airflow/.local/lib/python3.7/site-packages/airflow/example_dags/example_bash_operator.py for tasks to queue
[2025-01-27T08:50:51.395+0000] {logging_mixin.py:120} INFO - [2025-01-27T08:50:51.394+0000] {dagbag.py:537} INFO - Filling up the DagBag from /home/airflow/.local/lib/python3.7/site-packages/airflow/example_dags/example_bash_operator.py
[2025-01-27T08:50:51.435+0000] {processor.py:766} INFO - DAG(s) dict_keys(['example_bash_operator']) retrieved from /home/airflow/.local/lib/python3.7/site-packages/airflow/example_dags/example_bash_operator.py
[2025-01-27T08:50:51.544+0000] {logging_mixin.py:120} INFO - [2025-01-27T08:50:51.544+0000] {dag.py:2585} INFO - Sync 1 DAGs
[2025-01-27T08:50:51.599+0000] {logging_mixin.py:120} INFO - [2025-01-27T08:50:51.599+0000] {dag.py:3340} INFO - Setting next_dagrun for example_bash_operator to 2025-01-26T00:00:00+00:00, run_after=2025-01-27T00:00:00+00:00
[2025-01-27T08:50:51.642+0000] {processor.py:176} INFO - Processing /home/airflow/.local/lib/python3.7/site-packages/airflow/example_dags/example_bash_operator.py took 0.260 seconds
[2025-01-27T08:51:22.198+0000] {processor.py:154} INFO - Started process (PID=2036) to work on /home/airflow/.local/lib/python3.7/site-packages/airflow/example_dags/example_bash_operator.py
[2025-01-27T08:51:22.200+0000] {processor.py:756} INFO - Processing file /home/airflow/.local/lib/python3.7/site-packages/airflow/example_dags/example_bash_operator.py for tasks to queue
[2025-01-27T08:51:22.201+0000] {logging_mixin.py:120} INFO - [2025-01-27T08:51:22.201+0000] {dagbag.py:537} INFO - Filling up the DagBag from /home/airflow/.local/lib/python3.7/site-packages/airflow/example_dags/example_bash_operator.py
[2025-01-27T08:51:22.243+0000] {processor.py:766} INFO - DAG(s) dict_keys(['example_bash_operator']) retrieved from /home/airflow/.local/lib/python3.7/site-packages/airflow/example_dags/example_bash_operator.py
[2025-01-27T08:51:22.346+0000] {logging_mixin.py:120} INFO - [2025-01-27T08:51:22.345+0000] {dag.py:2585} INFO - Sync 1 DAGs
[2025-01-27T08:51:22.400+0000] {logging_mixin.py:120} INFO - [2025-01-27T08:51:22.400+0000] {dag.py:3340} INFO - Setting next_dagrun for example_bash_operator to 2025-01-26T00:00:00+00:00, run_after=2025-01-27T00:00:00+00:00
[2025-01-27T08:51:22.442+0000] {processor.py:176} INFO - Processing /home/airflow/.local/lib/python3.7/site-packages/airflow/example_dags/example_bash_operator.py took 0.249 seconds
[2025-01-27T08:51:52.534+0000] {processor.py:154} INFO - Started process (PID=2097) to work on /home/airflow/.local/lib/python3.7/site-packages/airflow/example_dags/example_bash_operator.py
[2025-01-27T08:51:52.537+0000] {processor.py:756} INFO - Processing file /home/airflow/.local/lib/python3.7/site-packages/airflow/example_dags/example_bash_operator.py for tasks to queue
[2025-01-27T08:51:52.540+0000] {logging_mixin.py:120} INFO - [2025-01-27T08:51:52.540+0000] {dagbag.py:537} INFO - Filling up the DagBag from /home/airflow/.local/lib/python3.7/site-packages/airflow/example_dags/example_bash_operator.py
[2025-01-27T08:51:52.588+0000] {processor.py:766} INFO - DAG(s) dict_keys(['example_bash_operator']) retrieved from /home/airflow/.local/lib/python3.7/site-packages/airflow/example_dags/example_bash_operator.py
[2025-01-27T08:51:52.702+0000] {logging_mixin.py:120} INFO - [2025-01-27T08:51:52.702+0000] {dag.py:2585} INFO - Sync 1 DAGs
[2025-01-27T08:51:52.774+0000] {logging_mixin.py:120} INFO - [2025-01-27T08:51:52.774+0000] {dag.py:3340} INFO - Setting next_dagrun for example_bash_operator to 2025-01-26T00:00:00+00:00, run_after=2025-01-27T00:00:00+00:00
[2025-01-27T08:51:52.815+0000] {processor.py:176} INFO - Processing /home/airflow/.local/lib/python3.7/site-packages/airflow/example_dags/example_bash_operator.py took 0.287 seconds
[2025-01-27T08:52:22.949+0000] {processor.py:154} INFO - Started process (PID=2151) to work on /home/airflow/.local/lib/python3.7/site-packages/airflow/example_dags/example_bash_operator.py
[2025-01-27T08:52:22.951+0000] {processor.py:756} INFO - Processing file /home/airflow/.local/lib/python3.7/site-packages/airflow/example_dags/example_bash_operator.py for tasks to queue
[2025-01-27T08:52:22.953+0000] {logging_mixin.py:120} INFO - [2025-01-27T08:52:22.952+0000] {dagbag.py:537} INFO - Filling up the DagBag from /home/airflow/.local/lib/python3.7/site-packages/airflow/example_dags/example_bash_operator.py
[2025-01-27T08:52:22.997+0000] {processor.py:766} INFO - DAG(s) dict_keys(['example_bash_operator']) retrieved from /home/airflow/.local/lib/python3.7/site-packages/airflow/example_dags/example_bash_operator.py
[2025-01-27T08:52:23.101+0000] {logging_mixin.py:120} INFO - [2025-01-27T08:52:23.101+0000] {dag.py:2585} INFO - Sync 1 DAGs
[2025-01-27T08:52:23.157+0000] {logging_mixin.py:120} INFO - [2025-01-27T08:52:23.157+0000] {dag.py:3340} INFO - Setting next_dagrun for example_bash_operator to 2025-01-26T00:00:00+00:00, run_after=2025-01-27T00:00:00+00:00
[2025-01-27T08:52:23.195+0000] {processor.py:176} INFO - Processing /home/airflow/.local/lib/python3.7/site-packages/airflow/example_dags/example_bash_operator.py took 0.253 seconds
[2025-01-27T08:52:53.289+0000] {processor.py:154} INFO - Started process (PID=2211) to work on /home/airflow/.local/lib/python3.7/site-packages/airflow/example_dags/example_bash_operator.py
[2025-01-27T08:52:53.291+0000] {processor.py:756} INFO - Processing file /home/airflow/.local/lib/python3.7/site-packages/airflow/example_dags/example_bash_operator.py for tasks to queue
[2025-01-27T08:52:53.293+0000] {logging_mixin.py:120} INFO - [2025-01-27T08:52:53.292+0000] {dagbag.py:537} INFO - Filling up the DagBag from /home/airflow/.local/lib/python3.7/site-packages/airflow/example_dags/example_bash_operator.py
[2025-01-27T08:52:53.334+0000] {processor.py:766} INFO - DAG(s) dict_keys(['example_bash_operator']) retrieved from /home/airflow/.local/lib/python3.7/site-packages/airflow/example_dags/example_bash_operator.py
[2025-01-27T08:52:53.435+0000] {logging_mixin.py:120} INFO - [2025-01-27T08:52:53.435+0000] {dag.py:2585} INFO - Sync 1 DAGs
[2025-01-27T08:52:53.489+0000] {logging_mixin.py:120} INFO - [2025-01-27T08:52:53.489+0000] {dag.py:3340} INFO - Setting next_dagrun for example_bash_operator to 2025-01-26T00:00:00+00:00, run_after=2025-01-27T00:00:00+00:00
[2025-01-27T08:52:53.532+0000] {processor.py:176} INFO - Processing /home/airflow/.local/lib/python3.7/site-packages/airflow/example_dags/example_bash_operator.py took 0.249 seconds
[2025-01-27T08:53:23.604+0000] {processor.py:154} INFO - Started process (PID=2267) to work on /home/airflow/.local/lib/python3.7/site-packages/airflow/example_dags/example_bash_operator.py
[2025-01-27T08:53:23.606+0000] {processor.py:756} INFO - Processing file /home/airflow/.local/lib/python3.7/site-packages/airflow/example_dags/example_bash_operator.py for tasks to queue
[2025-01-27T08:53:23.608+0000] {logging_mixin.py:120} INFO - [2025-01-27T08:53:23.608+0000] {dagbag.py:537} INFO - Filling up the DagBag from /home/airflow/.local/lib/python3.7/site-packages/airflow/example_dags/example_bash_operator.py
[2025-01-27T08:53:23.648+0000] {processor.py:766} INFO - DAG(s) dict_keys(['example_bash_operator']) retrieved from /home/airflow/.local/lib/python3.7/site-packages/airflow/example_dags/example_bash_operator.py
[2025-01-27T08:53:23.746+0000] {logging_mixin.py:120} INFO - [2025-01-27T08:53:23.745+0000] {dag.py:2585} INFO - Sync 1 DAGs
[2025-01-27T08:53:23.797+0000] {logging_mixin.py:120} INFO - [2025-01-27T08:53:23.797+0000] {dag.py:3340} INFO - Setting next_dagrun for example_bash_operator to 2025-01-26T00:00:00+00:00, run_after=2025-01-27T00:00:00+00:00
[2025-01-27T08:53:23.836+0000] {processor.py:176} INFO - Processing /home/airflow/.local/lib/python3.7/site-packages/airflow/example_dags/example_bash_operator.py took 0.239 seconds
[2025-01-27T08:53:54.055+0000] {processor.py:154} INFO - Started process (PID=2320) to work on /home/airflow/.local/lib/python3.7/site-packages/airflow/example_dags/example_bash_operator.py
[2025-01-27T08:53:54.058+0000] {processor.py:756} INFO - Processing file /home/airflow/.local/lib/python3.7/site-packages/airflow/example_dags/example_bash_operator.py for tasks to queue
[2025-01-27T08:53:54.060+0000] {logging_mixin.py:120} INFO - [2025-01-27T08:53:54.060+0000] {dagbag.py:537} INFO - Filling up the DagBag from /home/airflow/.local/lib/python3.7/site-packages/airflow/example_dags/example_bash_operator.py
[2025-01-27T08:53:54.133+0000] {processor.py:766} INFO - DAG(s) dict_keys(['example_bash_operator']) retrieved from /home/airflow/.local/lib/python3.7/site-packages/airflow/example_dags/example_bash_operator.py
[2025-01-27T08:53:54.245+0000] {logging_mixin.py:120} INFO - [2025-01-27T08:53:54.245+0000] {dag.py:2585} INFO - Sync 1 DAGs
[2025-01-27T08:53:54.389+0000] {logging_mixin.py:120} INFO - [2025-01-27T08:53:54.389+0000] {dag.py:3340} INFO - Setting next_dagrun for example_bash_operator to 2025-01-26T00:00:00+00:00, run_after=2025-01-27T00:00:00+00:00
[2025-01-27T08:53:54.442+0000] {processor.py:176} INFO - Processing /home/airflow/.local/lib/python3.7/site-packages/airflow/example_dags/example_bash_operator.py took 0.395 seconds
[2025-01-27T08:54:24.525+0000] {processor.py:154} INFO - Started process (PID=2383) to work on /home/airflow/.local/lib/python3.7/site-packages/airflow/example_dags/example_bash_operator.py
[2025-01-27T08:54:24.527+0000] {processor.py:756} INFO - Processing file /home/airflow/.local/lib/python3.7/site-packages/airflow/example_dags/example_bash_operator.py for tasks to queue
[2025-01-27T08:54:24.528+0000] {logging_mixin.py:120} INFO - [2025-01-27T08:54:24.528+0000] {dagbag.py:537} INFO - Filling up the DagBag from /home/airflow/.local/lib/python3.7/site-packages/airflow/example_dags/example_bash_operator.py
[2025-01-27T08:54:24.569+0000] {processor.py:766} INFO - DAG(s) dict_keys(['example_bash_operator']) retrieved from /home/airflow/.local/lib/python3.7/site-packages/airflow/example_dags/example_bash_operator.py
[2025-01-27T08:54:24.662+0000] {logging_mixin.py:120} INFO - [2025-01-27T08:54:24.662+0000] {dag.py:2585} INFO - Sync 1 DAGs
[2025-01-27T08:54:24.713+0000] {logging_mixin.py:120} INFO - [2025-01-27T08:54:24.712+0000] {dag.py:3340} INFO - Setting next_dagrun for example_bash_operator to 2025-01-26T00:00:00+00:00, run_after=2025-01-27T00:00:00+00:00
[2025-01-27T08:54:24.757+0000] {processor.py:176} INFO - Processing /home/airflow/.local/lib/python3.7/site-packages/airflow/example_dags/example_bash_operator.py took 0.238 seconds
[2025-01-27T08:54:55.206+0000] {processor.py:154} INFO - Started process (PID=2437) to work on /home/airflow/.local/lib/python3.7/site-packages/airflow/example_dags/example_bash_operator.py
[2025-01-27T08:54:55.208+0000] {processor.py:756} INFO - Processing file /home/airflow/.local/lib/python3.7/site-packages/airflow/example_dags/example_bash_operator.py for tasks to queue
[2025-01-27T08:54:55.209+0000] {logging_mixin.py:120} INFO - [2025-01-27T08:54:55.209+0000] {dagbag.py:537} INFO - Filling up the DagBag from /home/airflow/.local/lib/python3.7/site-packages/airflow/example_dags/example_bash_operator.py
[2025-01-27T08:54:55.249+0000] {processor.py:766} INFO - DAG(s) dict_keys(['example_bash_operator']) retrieved from /home/airflow/.local/lib/python3.7/site-packages/airflow/example_dags/example_bash_operator.py
[2025-01-27T08:54:55.334+0000] {logging_mixin.py:120} INFO - [2025-01-27T08:54:55.334+0000] {dag.py:2585} INFO - Sync 1 DAGs
[2025-01-27T08:54:55.391+0000] {logging_mixin.py:120} INFO - [2025-01-27T08:54:55.390+0000] {dag.py:3340} INFO - Setting next_dagrun for example_bash_operator to 2025-01-26T00:00:00+00:00, run_after=2025-01-27T00:00:00+00:00
[2025-01-27T08:54:55.424+0000] {processor.py:176} INFO - Processing /home/airflow/.local/lib/python3.7/site-packages/airflow/example_dags/example_bash_operator.py took 0.224 seconds
[2025-01-27T08:55:25.624+0000] {processor.py:154} INFO - Started process (PID=2499) to work on /home/airflow/.local/lib/python3.7/site-packages/airflow/example_dags/example_bash_operator.py
[2025-01-27T08:55:25.626+0000] {processor.py:756} INFO - Processing file /home/airflow/.local/lib/python3.7/site-packages/airflow/example_dags/example_bash_operator.py for tasks to queue
[2025-01-27T08:55:25.627+0000] {logging_mixin.py:120} INFO - [2025-01-27T08:55:25.627+0000] {dagbag.py:537} INFO - Filling up the DagBag from /home/airflow/.local/lib/python3.7/site-packages/airflow/example_dags/example_bash_operator.py
[2025-01-27T08:55:25.666+0000] {processor.py:766} INFO - DAG(s) dict_keys(['example_bash_operator']) retrieved from /home/airflow/.local/lib/python3.7/site-packages/airflow/example_dags/example_bash_operator.py
[2025-01-27T08:55:25.779+0000] {logging_mixin.py:120} INFO - [2025-01-27T08:55:25.779+0000] {dag.py:2585} INFO - Sync 1 DAGs
[2025-01-27T08:55:25.836+0000] {logging_mixin.py:120} INFO - [2025-01-27T08:55:25.836+0000] {dag.py:3340} INFO - Setting next_dagrun for example_bash_operator to 2025-01-26T00:00:00+00:00, run_after=2025-01-27T00:00:00+00:00
[2025-01-27T08:55:25.880+0000] {processor.py:176} INFO - Processing /home/airflow/.local/lib/python3.7/site-packages/airflow/example_dags/example_bash_operator.py took 0.262 seconds
[2025-01-27T08:55:56.296+0000] {processor.py:154} INFO - Started process (PID=2552) to work on /home/airflow/.local/lib/python3.7/site-packages/airflow/example_dags/example_bash_operator.py
[2025-01-27T08:55:56.298+0000] {processor.py:756} INFO - Processing file /home/airflow/.local/lib/python3.7/site-packages/airflow/example_dags/example_bash_operator.py for tasks to queue
[2025-01-27T08:55:56.299+0000] {logging_mixin.py:120} INFO - [2025-01-27T08:55:56.299+0000] {dagbag.py:537} INFO - Filling up the DagBag from /home/airflow/.local/lib/python3.7/site-packages/airflow/example_dags/example_bash_operator.py
[2025-01-27T08:55:56.337+0000] {processor.py:766} INFO - DAG(s) dict_keys(['example_bash_operator']) retrieved from /home/airflow/.local/lib/python3.7/site-packages/airflow/example_dags/example_bash_operator.py
[2025-01-27T08:55:56.430+0000] {logging_mixin.py:120} INFO - [2025-01-27T08:55:56.430+0000] {dag.py:2585} INFO - Sync 1 DAGs
[2025-01-27T08:55:56.480+0000] {logging_mixin.py:120} INFO - [2025-01-27T08:55:56.480+0000] {dag.py:3340} INFO - Setting next_dagrun for example_bash_operator to 2025-01-26T00:00:00+00:00, run_after=2025-01-27T00:00:00+00:00
[2025-01-27T08:55:56.516+0000] {processor.py:176} INFO - Processing /home/airflow/.local/lib/python3.7/site-packages/airflow/example_dags/example_bash_operator.py took 0.225 seconds
[2025-01-27T08:56:27.000+0000] {processor.py:154} INFO - Started process (PID=2615) to work on /home/airflow/.local/lib/python3.7/site-packages/airflow/example_dags/example_bash_operator.py
[2025-01-27T08:56:27.002+0000] {processor.py:756} INFO - Processing file /home/airflow/.local/lib/python3.7/site-packages/airflow/example_dags/example_bash_operator.py for tasks to queue
[2025-01-27T08:56:27.005+0000] {logging_mixin.py:120} INFO - [2025-01-27T08:56:27.004+0000] {dagbag.py:537} INFO - Filling up the DagBag from /home/airflow/.local/lib/python3.7/site-packages/airflow/example_dags/example_bash_operator.py
[2025-01-27T08:56:27.053+0000] {processor.py:766} INFO - DAG(s) dict_keys(['example_bash_operator']) retrieved from /home/airflow/.local/lib/python3.7/site-packages/airflow/example_dags/example_bash_operator.py
[2025-01-27T08:56:27.180+0000] {logging_mixin.py:120} INFO - [2025-01-27T08:56:27.179+0000] {dag.py:2585} INFO - Sync 1 DAGs
[2025-01-27T08:56:27.234+0000] {logging_mixin.py:120} INFO - [2025-01-27T08:56:27.233+0000] {dag.py:3340} INFO - Setting next_dagrun for example_bash_operator to 2025-01-26T00:00:00+00:00, run_after=2025-01-27T00:00:00+00:00
[2025-01-27T08:56:27.268+0000] {processor.py:176} INFO - Processing /home/airflow/.local/lib/python3.7/site-packages/airflow/example_dags/example_bash_operator.py took 0.273 seconds
[2025-01-27T08:56:57.350+0000] {processor.py:154} INFO - Started process (PID=2668) to work on /home/airflow/.local/lib/python3.7/site-packages/airflow/example_dags/example_bash_operator.py
[2025-01-27T08:56:57.352+0000] {processor.py:756} INFO - Processing file /home/airflow/.local/lib/python3.7/site-packages/airflow/example_dags/example_bash_operator.py for tasks to queue
[2025-01-27T08:56:57.354+0000] {logging_mixin.py:120} INFO - [2025-01-27T08:56:57.353+0000] {dagbag.py:537} INFO - Filling up the DagBag from /home/airflow/.local/lib/python3.7/site-packages/airflow/example_dags/example_bash_operator.py
[2025-01-27T08:56:57.394+0000] {processor.py:766} INFO - DAG(s) dict_keys(['example_bash_operator']) retrieved from /home/airflow/.local/lib/python3.7/site-packages/airflow/example_dags/example_bash_operator.py
[2025-01-27T08:56:57.492+0000] {logging_mixin.py:120} INFO - [2025-01-27T08:56:57.492+0000] {dag.py:2585} INFO - Sync 1 DAGs
[2025-01-27T08:56:57.550+0000] {logging_mixin.py:120} INFO - [2025-01-27T08:56:57.550+0000] {dag.py:3340} INFO - Setting next_dagrun for example_bash_operator to 2025-01-26T00:00:00+00:00, run_after=2025-01-27T00:00:00+00:00
[2025-01-27T08:56:57.593+0000] {processor.py:176} INFO - Processing /home/airflow/.local/lib/python3.7/site-packages/airflow/example_dags/example_bash_operator.py took 0.248 seconds
[2025-01-27T08:57:27.676+0000] {processor.py:154} INFO - Started process (PID=2729) to work on /home/airflow/.local/lib/python3.7/site-packages/airflow/example_dags/example_bash_operator.py
[2025-01-27T08:57:27.677+0000] {processor.py:756} INFO - Processing file /home/airflow/.local/lib/python3.7/site-packages/airflow/example_dags/example_bash_operator.py for tasks to queue
[2025-01-27T08:57:27.678+0000] {logging_mixin.py:120} INFO - [2025-01-27T08:57:27.678+0000] {dagbag.py:537} INFO - Filling up the DagBag from /home/airflow/.local/lib/python3.7/site-packages/airflow/example_dags/example_bash_operator.py
[2025-01-27T08:57:27.727+0000] {processor.py:766} INFO - DAG(s) dict_keys(['example_bash_operator']) retrieved from /home/airflow/.local/lib/python3.7/site-packages/airflow/example_dags/example_bash_operator.py
[2025-01-27T08:57:27.833+0000] {logging_mixin.py:120} INFO - [2025-01-27T08:57:27.832+0000] {dag.py:2585} INFO - Sync 1 DAGs
[2025-01-27T08:57:27.891+0000] {logging_mixin.py:120} INFO - [2025-01-27T08:57:27.891+0000] {dag.py:3340} INFO - Setting next_dagrun for example_bash_operator to 2025-01-26T00:00:00+00:00, run_after=2025-01-27T00:00:00+00:00
[2025-01-27T08:57:27.935+0000] {processor.py:176} INFO - Processing /home/airflow/.local/lib/python3.7/site-packages/airflow/example_dags/example_bash_operator.py took 0.269 seconds
[2025-01-27T08:57:58.094+0000] {processor.py:154} INFO - Started process (PID=2783) to work on /home/airflow/.local/lib/python3.7/site-packages/airflow/example_dags/example_bash_operator.py
[2025-01-27T08:57:58.096+0000] {processor.py:756} INFO - Processing file /home/airflow/.local/lib/python3.7/site-packages/airflow/example_dags/example_bash_operator.py for tasks to queue
[2025-01-27T08:57:58.097+0000] {logging_mixin.py:120} INFO - [2025-01-27T08:57:58.097+0000] {dagbag.py:537} INFO - Filling up the DagBag from /home/airflow/.local/lib/python3.7/site-packages/airflow/example_dags/example_bash_operator.py
[2025-01-27T08:57:58.143+0000] {processor.py:766} INFO - DAG(s) dict_keys(['example_bash_operator']) retrieved from /home/airflow/.local/lib/python3.7/site-packages/airflow/example_dags/example_bash_operator.py
[2025-01-27T08:57:58.241+0000] {logging_mixin.py:120} INFO - [2025-01-27T08:57:58.240+0000] {dag.py:2585} INFO - Sync 1 DAGs
[2025-01-27T08:57:58.293+0000] {logging_mixin.py:120} INFO - [2025-01-27T08:57:58.293+0000] {dag.py:3340} INFO - Setting next_dagrun for example_bash_operator to 2025-01-26T00:00:00+00:00, run_after=2025-01-27T00:00:00+00:00
[2025-01-27T08:57:58.334+0000] {processor.py:176} INFO - Processing /home/airflow/.local/lib/python3.7/site-packages/airflow/example_dags/example_bash_operator.py took 0.246 seconds
[2025-01-27T08:58:28.564+0000] {processor.py:154} INFO - Started process (PID=2846) to work on /home/airflow/.local/lib/python3.7/site-packages/airflow/example_dags/example_bash_operator.py
[2025-01-27T08:58:28.565+0000] {processor.py:756} INFO - Processing file /home/airflow/.local/lib/python3.7/site-packages/airflow/example_dags/example_bash_operator.py for tasks to queue
[2025-01-27T08:58:28.566+0000] {logging_mixin.py:120} INFO - [2025-01-27T08:58:28.566+0000] {dagbag.py:537} INFO - Filling up the DagBag from /home/airflow/.local/lib/python3.7/site-packages/airflow/example_dags/example_bash_operator.py
[2025-01-27T08:58:28.610+0000] {processor.py:766} INFO - DAG(s) dict_keys(['example_bash_operator']) retrieved from /home/airflow/.local/lib/python3.7/site-packages/airflow/example_dags/example_bash_operator.py
[2025-01-27T08:58:28.700+0000] {logging_mixin.py:120} INFO - [2025-01-27T08:58:28.699+0000] {dag.py:2585} INFO - Sync 1 DAGs
[2025-01-27T08:58:28.763+0000] {logging_mixin.py:120} INFO - [2025-01-27T08:58:28.763+0000] {dag.py:3340} INFO - Setting next_dagrun for example_bash_operator to 2025-01-26T00:00:00+00:00, run_after=2025-01-27T00:00:00+00:00
[2025-01-27T08:58:28.802+0000] {processor.py:176} INFO - Processing /home/airflow/.local/lib/python3.7/site-packages/airflow/example_dags/example_bash_operator.py took 0.244 seconds
[2025-01-27T08:58:59.045+0000] {processor.py:154} INFO - Started process (PID=2900) to work on /home/airflow/.local/lib/python3.7/site-packages/airflow/example_dags/example_bash_operator.py
[2025-01-27T08:58:59.048+0000] {processor.py:756} INFO - Processing file /home/airflow/.local/lib/python3.7/site-packages/airflow/example_dags/example_bash_operator.py for tasks to queue
[2025-01-27T08:58:59.050+0000] {logging_mixin.py:120} INFO - [2025-01-27T08:58:59.049+0000] {dagbag.py:537} INFO - Filling up the DagBag from /home/airflow/.local/lib/python3.7/site-packages/airflow/example_dags/example_bash_operator.py
[2025-01-27T08:58:59.116+0000] {processor.py:766} INFO - DAG(s) dict_keys(['example_bash_operator']) retrieved from /home/airflow/.local/lib/python3.7/site-packages/airflow/example_dags/example_bash_operator.py
[2025-01-27T08:58:59.256+0000] {logging_mixin.py:120} INFO - [2025-01-27T08:58:59.255+0000] {dag.py:2585} INFO - Sync 1 DAGs
[2025-01-27T08:58:59.315+0000] {logging_mixin.py:120} INFO - [2025-01-27T08:58:59.315+0000] {dag.py:3340} INFO - Setting next_dagrun for example_bash_operator to 2025-01-26T00:00:00+00:00, run_after=2025-01-27T00:00:00+00:00
[2025-01-27T08:58:59.351+0000] {processor.py:176} INFO - Processing /home/airflow/.local/lib/python3.7/site-packages/airflow/example_dags/example_bash_operator.py took 0.318 seconds
[2025-01-27T08:59:29.633+0000] {processor.py:154} INFO - Started process (PID=2962) to work on /home/airflow/.local/lib/python3.7/site-packages/airflow/example_dags/example_bash_operator.py
[2025-01-27T08:59:29.634+0000] {processor.py:756} INFO - Processing file /home/airflow/.local/lib/python3.7/site-packages/airflow/example_dags/example_bash_operator.py for tasks to queue
[2025-01-27T08:59:29.636+0000] {logging_mixin.py:120} INFO - [2025-01-27T08:59:29.635+0000] {dagbag.py:537} INFO - Filling up the DagBag from /home/airflow/.local/lib/python3.7/site-packages/airflow/example_dags/example_bash_operator.py
[2025-01-27T08:59:29.683+0000] {processor.py:766} INFO - DAG(s) dict_keys(['example_bash_operator']) retrieved from /home/airflow/.local/lib/python3.7/site-packages/airflow/example_dags/example_bash_operator.py
[2025-01-27T08:59:29.796+0000] {logging_mixin.py:120} INFO - [2025-01-27T08:59:29.796+0000] {dag.py:2585} INFO - Sync 1 DAGs
[2025-01-27T08:59:29.852+0000] {logging_mixin.py:120} INFO - [2025-01-27T08:59:29.852+0000] {dag.py:3340} INFO - Setting next_dagrun for example_bash_operator to 2025-01-26T00:00:00+00:00, run_after=2025-01-27T00:00:00+00:00
[2025-01-27T08:59:29.890+0000] {processor.py:176} INFO - Processing /home/airflow/.local/lib/python3.7/site-packages/airflow/example_dags/example_bash_operator.py took 0.263 seconds
[2025-01-27T09:00:00.066+0000] {processor.py:154} INFO - Started process (PID=3016) to work on /home/airflow/.local/lib/python3.7/site-packages/airflow/example_dags/example_bash_operator.py
[2025-01-27T09:00:00.067+0000] {processor.py:756} INFO - Processing file /home/airflow/.local/lib/python3.7/site-packages/airflow/example_dags/example_bash_operator.py for tasks to queue
[2025-01-27T09:00:00.068+0000] {logging_mixin.py:120} INFO - [2025-01-27T09:00:00.068+0000] {dagbag.py:537} INFO - Filling up the DagBag from /home/airflow/.local/lib/python3.7/site-packages/airflow/example_dags/example_bash_operator.py
[2025-01-27T09:00:00.108+0000] {processor.py:766} INFO - DAG(s) dict_keys(['example_bash_operator']) retrieved from /home/airflow/.local/lib/python3.7/site-packages/airflow/example_dags/example_bash_operator.py
[2025-01-27T09:00:00.208+0000] {logging_mixin.py:120} INFO - [2025-01-27T09:00:00.208+0000] {dag.py:2585} INFO - Sync 1 DAGs
[2025-01-27T09:00:00.261+0000] {logging_mixin.py:120} INFO - [2025-01-27T09:00:00.260+0000] {dag.py:3340} INFO - Setting next_dagrun for example_bash_operator to 2025-01-26T00:00:00+00:00, run_after=2025-01-27T00:00:00+00:00
[2025-01-27T09:00:00.295+0000] {processor.py:176} INFO - Processing /home/airflow/.local/lib/python3.7/site-packages/airflow/example_dags/example_bash_operator.py took 0.235 seconds
[2025-01-27T09:00:30.884+0000] {processor.py:154} INFO - Started process (PID=3070) to work on /home/airflow/.local/lib/python3.7/site-packages/airflow/example_dags/example_bash_operator.py
[2025-01-27T09:00:30.886+0000] {processor.py:756} INFO - Processing file /home/airflow/.local/lib/python3.7/site-packages/airflow/example_dags/example_bash_operator.py for tasks to queue
[2025-01-27T09:00:30.888+0000] {logging_mixin.py:120} INFO - [2025-01-27T09:00:30.888+0000] {dagbag.py:537} INFO - Filling up the DagBag from /home/airflow/.local/lib/python3.7/site-packages/airflow/example_dags/example_bash_operator.py
[2025-01-27T09:00:30.930+0000] {processor.py:766} INFO - DAG(s) dict_keys(['example_bash_operator']) retrieved from /home/airflow/.local/lib/python3.7/site-packages/airflow/example_dags/example_bash_operator.py
[2025-01-27T09:00:31.022+0000] {logging_mixin.py:120} INFO - [2025-01-27T09:00:31.022+0000] {dag.py:2585} INFO - Sync 1 DAGs
[2025-01-27T09:00:31.071+0000] {logging_mixin.py:120} INFO - [2025-01-27T09:00:31.071+0000] {dag.py:3340} INFO - Setting next_dagrun for example_bash_operator to 2025-01-26T00:00:00+00:00, run_after=2025-01-27T00:00:00+00:00
[2025-01-27T09:00:31.107+0000] {processor.py:176} INFO - Processing /home/airflow/.local/lib/python3.7/site-packages/airflow/example_dags/example_bash_operator.py took 0.232 seconds
[2025-01-27T09:01:01.689+0000] {processor.py:154} INFO - Started process (PID=3132) to work on /home/airflow/.local/lib/python3.7/site-packages/airflow/example_dags/example_bash_operator.py
[2025-01-27T09:01:01.691+0000] {processor.py:756} INFO - Processing file /home/airflow/.local/lib/python3.7/site-packages/airflow/example_dags/example_bash_operator.py for tasks to queue
[2025-01-27T09:01:01.692+0000] {logging_mixin.py:120} INFO - [2025-01-27T09:01:01.692+0000] {dagbag.py:537} INFO - Filling up the DagBag from /home/airflow/.local/lib/python3.7/site-packages/airflow/example_dags/example_bash_operator.py
[2025-01-27T09:01:01.734+0000] {processor.py:766} INFO - DAG(s) dict_keys(['example_bash_operator']) retrieved from /home/airflow/.local/lib/python3.7/site-packages/airflow/example_dags/example_bash_operator.py
[2025-01-27T09:01:01.819+0000] {logging_mixin.py:120} INFO - [2025-01-27T09:01:01.819+0000] {dag.py:2585} INFO - Sync 1 DAGs
[2025-01-27T09:01:01.879+0000] {logging_mixin.py:120} INFO - [2025-01-27T09:01:01.878+0000] {dag.py:3340} INFO - Setting next_dagrun for example_bash_operator to 2025-01-26T00:00:00+00:00, run_after=2025-01-27T00:00:00+00:00
[2025-01-27T09:01:01.918+0000] {processor.py:176} INFO - Processing /home/airflow/.local/lib/python3.7/site-packages/airflow/example_dags/example_bash_operator.py took 0.236 seconds
[2025-01-27T09:01:31.953+0000] {processor.py:154} INFO - Started process (PID=3186) to work on /home/airflow/.local/lib/python3.7/site-packages/airflow/example_dags/example_bash_operator.py
[2025-01-27T09:01:31.955+0000] {processor.py:756} INFO - Processing file /home/airflow/.local/lib/python3.7/site-packages/airflow/example_dags/example_bash_operator.py for tasks to queue
[2025-01-27T09:01:31.956+0000] {logging_mixin.py:120} INFO - [2025-01-27T09:01:31.956+0000] {dagbag.py:537} INFO - Filling up the DagBag from /home/airflow/.local/lib/python3.7/site-packages/airflow/example_dags/example_bash_operator.py
[2025-01-27T09:01:31.993+0000] {processor.py:766} INFO - DAG(s) dict_keys(['example_bash_operator']) retrieved from /home/airflow/.local/lib/python3.7/site-packages/airflow/example_dags/example_bash_operator.py
[2025-01-27T09:01:32.094+0000] {logging_mixin.py:120} INFO - [2025-01-27T09:01:32.094+0000] {dag.py:2585} INFO - Sync 1 DAGs
[2025-01-27T09:01:32.150+0000] {logging_mixin.py:120} INFO - [2025-01-27T09:01:32.150+0000] {dag.py:3340} INFO - Setting next_dagrun for example_bash_operator to 2025-01-26T00:00:00+00:00, run_after=2025-01-27T00:00:00+00:00
[2025-01-27T09:01:32.190+0000] {processor.py:176} INFO - Processing /home/airflow/.local/lib/python3.7/site-packages/airflow/example_dags/example_bash_operator.py took 0.242 seconds
[2025-01-27T09:02:02.321+0000] {processor.py:154} INFO - Started process (PID=3249) to work on /home/airflow/.local/lib/python3.7/site-packages/airflow/example_dags/example_bash_operator.py
[2025-01-27T09:02:02.322+0000] {processor.py:756} INFO - Processing file /home/airflow/.local/lib/python3.7/site-packages/airflow/example_dags/example_bash_operator.py for tasks to queue
[2025-01-27T09:02:02.324+0000] {logging_mixin.py:120} INFO - [2025-01-27T09:02:02.323+0000] {dagbag.py:537} INFO - Filling up the DagBag from /home/airflow/.local/lib/python3.7/site-packages/airflow/example_dags/example_bash_operator.py
[2025-01-27T09:02:02.371+0000] {processor.py:766} INFO - DAG(s) dict_keys(['example_bash_operator']) retrieved from /home/airflow/.local/lib/python3.7/site-packages/airflow/example_dags/example_bash_operator.py
[2025-01-27T09:02:02.479+0000] {logging_mixin.py:120} INFO - [2025-01-27T09:02:02.479+0000] {dag.py:2585} INFO - Sync 1 DAGs
[2025-01-27T09:02:02.532+0000] {logging_mixin.py:120} INFO - [2025-01-27T09:02:02.532+0000] {dag.py:3340} INFO - Setting next_dagrun for example_bash_operator to 2025-01-26T00:00:00+00:00, run_after=2025-01-27T00:00:00+00:00
[2025-01-27T09:02:02.589+0000] {processor.py:176} INFO - Processing /home/airflow/.local/lib/python3.7/site-packages/airflow/example_dags/example_bash_operator.py took 0.274 seconds
[2025-01-27T09:02:33.058+0000] {processor.py:154} INFO - Started process (PID=3303) to work on /home/airflow/.local/lib/python3.7/site-packages/airflow/example_dags/example_bash_operator.py
[2025-01-27T09:02:33.059+0000] {processor.py:756} INFO - Processing file /home/airflow/.local/lib/python3.7/site-packages/airflow/example_dags/example_bash_operator.py for tasks to queue
[2025-01-27T09:02:33.060+0000] {logging_mixin.py:120} INFO - [2025-01-27T09:02:33.060+0000] {dagbag.py:537} INFO - Filling up the DagBag from /home/airflow/.local/lib/python3.7/site-packages/airflow/example_dags/example_bash_operator.py
[2025-01-27T09:02:33.114+0000] {processor.py:766} INFO - DAG(s) dict_keys(['example_bash_operator']) retrieved from /home/airflow/.local/lib/python3.7/site-packages/airflow/example_dags/example_bash_operator.py
[2025-01-27T09:02:33.206+0000] {logging_mixin.py:120} INFO - [2025-01-27T09:02:33.206+0000] {dag.py:2585} INFO - Sync 1 DAGs
[2025-01-27T09:02:33.260+0000] {logging_mixin.py:120} INFO - [2025-01-27T09:02:33.260+0000] {dag.py:3340} INFO - Setting next_dagrun for example_bash_operator to 2025-01-26T00:00:00+00:00, run_after=2025-01-27T00:00:00+00:00
[2025-01-27T09:02:33.297+0000] {processor.py:176} INFO - Processing /home/airflow/.local/lib/python3.7/site-packages/airflow/example_dags/example_bash_operator.py took 0.245 seconds
[2025-01-27T09:03:03.385+0000] {processor.py:154} INFO - Started process (PID=3363) to work on /home/airflow/.local/lib/python3.7/site-packages/airflow/example_dags/example_bash_operator.py
[2025-01-27T09:03:03.387+0000] {processor.py:756} INFO - Processing file /home/airflow/.local/lib/python3.7/site-packages/airflow/example_dags/example_bash_operator.py for tasks to queue
[2025-01-27T09:03:03.389+0000] {logging_mixin.py:120} INFO - [2025-01-27T09:03:03.388+0000] {dagbag.py:537} INFO - Filling up the DagBag from /home/airflow/.local/lib/python3.7/site-packages/airflow/example_dags/example_bash_operator.py
[2025-01-27T09:03:03.431+0000] {processor.py:766} INFO - DAG(s) dict_keys(['example_bash_operator']) retrieved from /home/airflow/.local/lib/python3.7/site-packages/airflow/example_dags/example_bash_operator.py
[2025-01-27T09:03:03.544+0000] {logging_mixin.py:120} INFO - [2025-01-27T09:03:03.544+0000] {dag.py:2585} INFO - Sync 1 DAGs
[2025-01-27T09:03:03.616+0000] {logging_mixin.py:120} INFO - [2025-01-27T09:03:03.616+0000] {dag.py:3340} INFO - Setting next_dagrun for example_bash_operator to 2025-01-26T00:00:00+00:00, run_after=2025-01-27T00:00:00+00:00
[2025-01-27T09:03:03.661+0000] {processor.py:176} INFO - Processing /home/airflow/.local/lib/python3.7/site-packages/airflow/example_dags/example_bash_operator.py took 0.282 seconds
[2025-01-27T09:03:34.008+0000] {processor.py:154} INFO - Started process (PID=3418) to work on /home/airflow/.local/lib/python3.7/site-packages/airflow/example_dags/example_bash_operator.py
[2025-01-27T09:03:34.011+0000] {processor.py:756} INFO - Processing file /home/airflow/.local/lib/python3.7/site-packages/airflow/example_dags/example_bash_operator.py for tasks to queue
[2025-01-27T09:03:34.015+0000] {logging_mixin.py:120} INFO - [2025-01-27T09:03:34.014+0000] {dagbag.py:537} INFO - Filling up the DagBag from /home/airflow/.local/lib/python3.7/site-packages/airflow/example_dags/example_bash_operator.py
[2025-01-27T09:03:34.053+0000] {processor.py:766} INFO - DAG(s) dict_keys(['example_bash_operator']) retrieved from /home/airflow/.local/lib/python3.7/site-packages/airflow/example_dags/example_bash_operator.py
[2025-01-27T09:03:34.133+0000] {logging_mixin.py:120} INFO - [2025-01-27T09:03:34.133+0000] {dag.py:2585} INFO - Sync 1 DAGs
[2025-01-27T09:03:34.183+0000] {logging_mixin.py:120} INFO - [2025-01-27T09:03:34.183+0000] {dag.py:3340} INFO - Setting next_dagrun for example_bash_operator to 2025-01-26T00:00:00+00:00, run_after=2025-01-27T00:00:00+00:00
[2025-01-27T09:03:34.218+0000] {processor.py:176} INFO - Processing /home/airflow/.local/lib/python3.7/site-packages/airflow/example_dags/example_bash_operator.py took 0.216 seconds
[2025-01-27T09:04:04.301+0000] {processor.py:154} INFO - Started process (PID=3472) to work on /home/airflow/.local/lib/python3.7/site-packages/airflow/example_dags/example_bash_operator.py
[2025-01-27T09:04:04.303+0000] {processor.py:756} INFO - Processing file /home/airflow/.local/lib/python3.7/site-packages/airflow/example_dags/example_bash_operator.py for tasks to queue
[2025-01-27T09:04:04.305+0000] {logging_mixin.py:120} INFO - [2025-01-27T09:04:04.305+0000] {dagbag.py:537} INFO - Filling up the DagBag from /home/airflow/.local/lib/python3.7/site-packages/airflow/example_dags/example_bash_operator.py
[2025-01-27T09:04:04.357+0000] {processor.py:766} INFO - DAG(s) dict_keys(['example_bash_operator']) retrieved from /home/airflow/.local/lib/python3.7/site-packages/airflow/example_dags/example_bash_operator.py
[2025-01-27T09:04:04.458+0000] {logging_mixin.py:120} INFO - [2025-01-27T09:04:04.458+0000] {dag.py:2585} INFO - Sync 1 DAGs
[2025-01-27T09:04:04.507+0000] {logging_mixin.py:120} INFO - [2025-01-27T09:04:04.507+0000] {dag.py:3340} INFO - Setting next_dagrun for example_bash_operator to 2025-01-26T00:00:00+00:00, run_after=2025-01-27T00:00:00+00:00
[2025-01-27T09:04:04.547+0000] {processor.py:176} INFO - Processing /home/airflow/.local/lib/python3.7/site-packages/airflow/example_dags/example_bash_operator.py took 0.253 seconds
[2025-01-27T09:04:35.237+0000] {processor.py:154} INFO - Started process (PID=3535) to work on /home/airflow/.local/lib/python3.7/site-packages/airflow/example_dags/example_bash_operator.py
[2025-01-27T09:04:35.241+0000] {processor.py:756} INFO - Processing file /home/airflow/.local/lib/python3.7/site-packages/airflow/example_dags/example_bash_operator.py for tasks to queue
[2025-01-27T09:04:35.244+0000] {logging_mixin.py:120} INFO - [2025-01-27T09:04:35.243+0000] {dagbag.py:537} INFO - Filling up the DagBag from /home/airflow/.local/lib/python3.7/site-packages/airflow/example_dags/example_bash_operator.py
[2025-01-27T09:04:35.286+0000] {processor.py:766} INFO - DAG(s) dict_keys(['example_bash_operator']) retrieved from /home/airflow/.local/lib/python3.7/site-packages/airflow/example_dags/example_bash_operator.py
[2025-01-27T09:04:35.380+0000] {logging_mixin.py:120} INFO - [2025-01-27T09:04:35.380+0000] {dag.py:2585} INFO - Sync 1 DAGs
[2025-01-27T09:04:35.436+0000] {logging_mixin.py:120} INFO - [2025-01-27T09:04:35.436+0000] {dag.py:3340} INFO - Setting next_dagrun for example_bash_operator to 2025-01-26T00:00:00+00:00, run_after=2025-01-27T00:00:00+00:00
[2025-01-27T09:04:35.478+0000] {processor.py:176} INFO - Processing /home/airflow/.local/lib/python3.7/site-packages/airflow/example_dags/example_bash_operator.py took 0.246 seconds
[2025-01-27T09:05:05.674+0000] {processor.py:154} INFO - Started process (PID=3589) to work on /home/airflow/.local/lib/python3.7/site-packages/airflow/example_dags/example_bash_operator.py
[2025-01-27T09:05:05.676+0000] {processor.py:756} INFO - Processing file /home/airflow/.local/lib/python3.7/site-packages/airflow/example_dags/example_bash_operator.py for tasks to queue
[2025-01-27T09:05:05.677+0000] {logging_mixin.py:120} INFO - [2025-01-27T09:05:05.677+0000] {dagbag.py:537} INFO - Filling up the DagBag from /home/airflow/.local/lib/python3.7/site-packages/airflow/example_dags/example_bash_operator.py
[2025-01-27T09:05:05.719+0000] {processor.py:766} INFO - DAG(s) dict_keys(['example_bash_operator']) retrieved from /home/airflow/.local/lib/python3.7/site-packages/airflow/example_dags/example_bash_operator.py
[2025-01-27T09:05:05.814+0000] {logging_mixin.py:120} INFO - [2025-01-27T09:05:05.814+0000] {dag.py:2585} INFO - Sync 1 DAGs
[2025-01-27T09:05:05.866+0000] {logging_mixin.py:120} INFO - [2025-01-27T09:05:05.866+0000] {dag.py:3340} INFO - Setting next_dagrun for example_bash_operator to 2025-01-26T00:00:00+00:00, run_after=2025-01-27T00:00:00+00:00
[2025-01-27T09:05:05.902+0000] {processor.py:176} INFO - Processing /home/airflow/.local/lib/python3.7/site-packages/airflow/example_dags/example_bash_operator.py took 0.234 seconds
[2025-01-27T09:05:36.423+0000] {processor.py:154} INFO - Started process (PID=3650) to work on /home/airflow/.local/lib/python3.7/site-packages/airflow/example_dags/example_bash_operator.py
[2025-01-27T09:05:36.425+0000] {processor.py:756} INFO - Processing file /home/airflow/.local/lib/python3.7/site-packages/airflow/example_dags/example_bash_operator.py for tasks to queue
[2025-01-27T09:05:36.426+0000] {logging_mixin.py:120} INFO - [2025-01-27T09:05:36.426+0000] {dagbag.py:537} INFO - Filling up the DagBag from /home/airflow/.local/lib/python3.7/site-packages/airflow/example_dags/example_bash_operator.py
[2025-01-27T09:05:36.475+0000] {processor.py:766} INFO - DAG(s) dict_keys(['example_bash_operator']) retrieved from /home/airflow/.local/lib/python3.7/site-packages/airflow/example_dags/example_bash_operator.py
[2025-01-27T09:05:36.575+0000] {logging_mixin.py:120} INFO - [2025-01-27T09:05:36.574+0000] {dag.py:2585} INFO - Sync 1 DAGs
[2025-01-27T09:05:36.629+0000] {logging_mixin.py:120} INFO - [2025-01-27T09:05:36.629+0000] {dag.py:3340} INFO - Setting next_dagrun for example_bash_operator to 2025-01-26T00:00:00+00:00, run_after=2025-01-27T00:00:00+00:00
[2025-01-27T09:05:36.671+0000] {processor.py:176} INFO - Processing /home/airflow/.local/lib/python3.7/site-packages/airflow/example_dags/example_bash_operator.py took 0.254 seconds
[2025-01-27T09:06:06.955+0000] {processor.py:154} INFO - Started process (PID=3703) to work on /home/airflow/.local/lib/python3.7/site-packages/airflow/example_dags/example_bash_operator.py
[2025-01-27T09:06:06.957+0000] {processor.py:756} INFO - Processing file /home/airflow/.local/lib/python3.7/site-packages/airflow/example_dags/example_bash_operator.py for tasks to queue
[2025-01-27T09:06:06.958+0000] {logging_mixin.py:120} INFO - [2025-01-27T09:06:06.958+0000] {dagbag.py:537} INFO - Filling up the DagBag from /home/airflow/.local/lib/python3.7/site-packages/airflow/example_dags/example_bash_operator.py
[2025-01-27T09:06:06.997+0000] {processor.py:766} INFO - DAG(s) dict_keys(['example_bash_operator']) retrieved from /home/airflow/.local/lib/python3.7/site-packages/airflow/example_dags/example_bash_operator.py
[2025-01-27T09:06:07.099+0000] {logging_mixin.py:120} INFO - [2025-01-27T09:06:07.098+0000] {dag.py:2585} INFO - Sync 1 DAGs
[2025-01-27T09:06:07.143+0000] {logging_mixin.py:120} INFO - [2025-01-27T09:06:07.143+0000] {dag.py:3340} INFO - Setting next_dagrun for example_bash_operator to 2025-01-26T00:00:00+00:00, run_after=2025-01-27T00:00:00+00:00
[2025-01-27T09:06:07.181+0000] {processor.py:176} INFO - Processing /home/airflow/.local/lib/python3.7/site-packages/airflow/example_dags/example_bash_operator.py took 0.231 seconds
[2025-01-27T09:06:37.769+0000] {processor.py:154} INFO - Started process (PID=3756) to work on /home/airflow/.local/lib/python3.7/site-packages/airflow/example_dags/example_bash_operator.py
[2025-01-27T09:06:37.771+0000] {processor.py:756} INFO - Processing file /home/airflow/.local/lib/python3.7/site-packages/airflow/example_dags/example_bash_operator.py for tasks to queue
[2025-01-27T09:06:37.772+0000] {logging_mixin.py:120} INFO - [2025-01-27T09:06:37.772+0000] {dagbag.py:537} INFO - Filling up the DagBag from /home/airflow/.local/lib/python3.7/site-packages/airflow/example_dags/example_bash_operator.py
[2025-01-27T09:06:37.812+0000] {processor.py:766} INFO - DAG(s) dict_keys(['example_bash_operator']) retrieved from /home/airflow/.local/lib/python3.7/site-packages/airflow/example_dags/example_bash_operator.py
[2025-01-27T09:06:37.906+0000] {logging_mixin.py:120} INFO - [2025-01-27T09:06:37.906+0000] {dag.py:2585} INFO - Sync 1 DAGs
[2025-01-27T09:06:37.965+0000] {logging_mixin.py:120} INFO - [2025-01-27T09:06:37.965+0000] {dag.py:3340} INFO - Setting next_dagrun for example_bash_operator to 2025-01-26T00:00:00+00:00, run_after=2025-01-27T00:00:00+00:00
[2025-01-27T09:06:38.018+0000] {processor.py:176} INFO - Processing /home/airflow/.local/lib/python3.7/site-packages/airflow/example_dags/example_bash_operator.py took 0.257 seconds
[2025-01-27T09:07:08.165+0000] {processor.py:154} INFO - Started process (PID=3819) to work on /home/airflow/.local/lib/python3.7/site-packages/airflow/example_dags/example_bash_operator.py
[2025-01-27T09:07:08.167+0000] {processor.py:756} INFO - Processing file /home/airflow/.local/lib/python3.7/site-packages/airflow/example_dags/example_bash_operator.py for tasks to queue
[2025-01-27T09:07:08.169+0000] {logging_mixin.py:120} INFO - [2025-01-27T09:07:08.168+0000] {dagbag.py:537} INFO - Filling up the DagBag from /home/airflow/.local/lib/python3.7/site-packages/airflow/example_dags/example_bash_operator.py
[2025-01-27T09:07:08.213+0000] {processor.py:766} INFO - DAG(s) dict_keys(['example_bash_operator']) retrieved from /home/airflow/.local/lib/python3.7/site-packages/airflow/example_dags/example_bash_operator.py
[2025-01-27T09:07:08.308+0000] {logging_mixin.py:120} INFO - [2025-01-27T09:07:08.308+0000] {dag.py:2585} INFO - Sync 1 DAGs
[2025-01-27T09:07:08.358+0000] {logging_mixin.py:120} INFO - [2025-01-27T09:07:08.357+0000] {dag.py:3340} INFO - Setting next_dagrun for example_bash_operator to 2025-01-26T00:00:00+00:00, run_after=2025-01-27T00:00:00+00:00
[2025-01-27T09:07:08.393+0000] {processor.py:176} INFO - Processing /home/airflow/.local/lib/python3.7/site-packages/airflow/example_dags/example_bash_operator.py took 0.234 seconds
[2025-01-27T09:07:39.030+0000] {processor.py:154} INFO - Started process (PID=3873) to work on /home/airflow/.local/lib/python3.7/site-packages/airflow/example_dags/example_bash_operator.py
[2025-01-27T09:07:39.032+0000] {processor.py:756} INFO - Processing file /home/airflow/.local/lib/python3.7/site-packages/airflow/example_dags/example_bash_operator.py for tasks to queue
[2025-01-27T09:07:39.033+0000] {logging_mixin.py:120} INFO - [2025-01-27T09:07:39.032+0000] {dagbag.py:537} INFO - Filling up the DagBag from /home/airflow/.local/lib/python3.7/site-packages/airflow/example_dags/example_bash_operator.py
[2025-01-27T09:07:39.075+0000] {processor.py:766} INFO - DAG(s) dict_keys(['example_bash_operator']) retrieved from /home/airflow/.local/lib/python3.7/site-packages/airflow/example_dags/example_bash_operator.py
[2025-01-27T09:07:39.167+0000] {logging_mixin.py:120} INFO - [2025-01-27T09:07:39.167+0000] {dag.py:2585} INFO - Sync 1 DAGs
[2025-01-27T09:07:39.218+0000] {logging_mixin.py:120} INFO - [2025-01-27T09:07:39.218+0000] {dag.py:3340} INFO - Setting next_dagrun for example_bash_operator to 2025-01-26T00:00:00+00:00, run_after=2025-01-27T00:00:00+00:00
[2025-01-27T09:07:39.253+0000] {processor.py:176} INFO - Processing /home/airflow/.local/lib/python3.7/site-packages/airflow/example_dags/example_bash_operator.py took 0.229 seconds
[2025-01-27T09:08:09.530+0000] {processor.py:154} INFO - Started process (PID=3936) to work on /home/airflow/.local/lib/python3.7/site-packages/airflow/example_dags/example_bash_operator.py
[2025-01-27T09:08:09.532+0000] {processor.py:756} INFO - Processing file /home/airflow/.local/lib/python3.7/site-packages/airflow/example_dags/example_bash_operator.py for tasks to queue
[2025-01-27T09:08:09.533+0000] {logging_mixin.py:120} INFO - [2025-01-27T09:08:09.533+0000] {dagbag.py:537} INFO - Filling up the DagBag from /home/airflow/.local/lib/python3.7/site-packages/airflow/example_dags/example_bash_operator.py
[2025-01-27T09:08:09.575+0000] {processor.py:766} INFO - DAG(s) dict_keys(['example_bash_operator']) retrieved from /home/airflow/.local/lib/python3.7/site-packages/airflow/example_dags/example_bash_operator.py
[2025-01-27T09:08:09.701+0000] {logging_mixin.py:120} INFO - [2025-01-27T09:08:09.701+0000] {dag.py:2585} INFO - Sync 1 DAGs
[2025-01-27T09:08:09.760+0000] {logging_mixin.py:120} INFO - [2025-01-27T09:08:09.759+0000] {dag.py:3340} INFO - Setting next_dagrun for example_bash_operator to 2025-01-26T00:00:00+00:00, run_after=2025-01-27T00:00:00+00:00
[2025-01-27T09:08:09.795+0000] {processor.py:176} INFO - Processing /home/airflow/.local/lib/python3.7/site-packages/airflow/example_dags/example_bash_operator.py took 0.271 seconds
[2025-01-27T09:08:40.268+0000] {processor.py:154} INFO - Started process (PID=3990) to work on /home/airflow/.local/lib/python3.7/site-packages/airflow/example_dags/example_bash_operator.py
[2025-01-27T09:08:40.269+0000] {processor.py:756} INFO - Processing file /home/airflow/.local/lib/python3.7/site-packages/airflow/example_dags/example_bash_operator.py for tasks to queue
[2025-01-27T09:08:40.271+0000] {logging_mixin.py:120} INFO - [2025-01-27T09:08:40.270+0000] {dagbag.py:537} INFO - Filling up the DagBag from /home/airflow/.local/lib/python3.7/site-packages/airflow/example_dags/example_bash_operator.py
[2025-01-27T09:08:40.321+0000] {processor.py:766} INFO - DAG(s) dict_keys(['example_bash_operator']) retrieved from /home/airflow/.local/lib/python3.7/site-packages/airflow/example_dags/example_bash_operator.py
[2025-01-27T09:08:40.428+0000] {logging_mixin.py:120} INFO - [2025-01-27T09:08:40.428+0000] {dag.py:2585} INFO - Sync 1 DAGs
[2025-01-27T09:08:40.482+0000] {logging_mixin.py:120} INFO - [2025-01-27T09:08:40.481+0000] {dag.py:3340} INFO - Setting next_dagrun for example_bash_operator to 2025-01-26T00:00:00+00:00, run_after=2025-01-27T00:00:00+00:00
[2025-01-27T09:08:40.527+0000] {processor.py:176} INFO - Processing /home/airflow/.local/lib/python3.7/site-packages/airflow/example_dags/example_bash_operator.py took 0.264 seconds
