[2025-01-27T08:33:58.828+0000] {processor.py:154} INFO - Started process (PID=80) to work on /home/airflow/.local/lib/python3.7/site-packages/airflow/example_dags/example_latest_only_with_trigger.py
[2025-01-27T08:33:58.840+0000] {processor.py:756} INFO - Processing file /home/airflow/.local/lib/python3.7/site-packages/airflow/example_dags/example_latest_only_with_trigger.py for tasks to queue
[2025-01-27T08:33:58.842+0000] {logging_mixin.py:120} INFO - [2025-01-27T08:33:58.842+0000] {dagbag.py:537} INFO - Filling up the DagBag from /home/airflow/.local/lib/python3.7/site-packages/airflow/example_dags/example_latest_only_with_trigger.py
[2025-01-27T08:33:58.898+0000] {processor.py:766} INFO - DAG(s) dict_keys(['latest_only_with_trigger']) retrieved from /home/airflow/.local/lib/python3.7/site-packages/airflow/example_dags/example_latest_only_with_trigger.py
[2025-01-27T08:33:59.461+0000] {logging_mixin.py:120} INFO - [2025-01-27T08:33:59.461+0000] {manager.py:507} INFO - Created Permission View: can edit on DAG:latest_only_with_trigger
[2025-01-27T08:33:59.491+0000] {logging_mixin.py:120} INFO - [2025-01-27T08:33:59.490+0000] {manager.py:507} INFO - Created Permission View: can read on DAG:latest_only_with_trigger
[2025-01-27T08:33:59.518+0000] {logging_mixin.py:120} INFO - [2025-01-27T08:33:59.518+0000] {manager.py:507} INFO - Created Permission View: can delete on DAG:latest_only_with_trigger
[2025-01-27T08:33:59.520+0000] {logging_mixin.py:120} INFO - [2025-01-27T08:33:59.519+0000] {dag.py:2585} INFO - Sync 1 DAGs
[2025-01-27T08:33:59.628+0000] {logging_mixin.py:120} INFO - [2025-01-27T08:33:59.628+0000] {dag.py:2606} INFO - Creating ORM DAG for latest_only_with_trigger
[2025-01-27T08:33:59.679+0000] {logging_mixin.py:120} INFO - [2025-01-27T08:33:59.679+0000] {dag.py:3340} INFO - Setting next_dagrun for latest_only_with_trigger to 2025-01-27T04:33:59.677748+00:00, run_after=2025-01-27T08:33:59.677748+00:00
[2025-01-27T08:33:59.792+0000] {processor.py:176} INFO - Processing /home/airflow/.local/lib/python3.7/site-packages/airflow/example_dags/example_latest_only_with_trigger.py took 0.994 seconds
[2025-01-27T08:34:30.339+0000] {processor.py:154} INFO - Started process (PID=136) to work on /home/airflow/.local/lib/python3.7/site-packages/airflow/example_dags/example_latest_only_with_trigger.py
[2025-01-27T08:34:30.343+0000] {processor.py:756} INFO - Processing file /home/airflow/.local/lib/python3.7/site-packages/airflow/example_dags/example_latest_only_with_trigger.py for tasks to queue
[2025-01-27T08:34:30.346+0000] {logging_mixin.py:120} INFO - [2025-01-27T08:34:30.346+0000] {dagbag.py:537} INFO - Filling up the DagBag from /home/airflow/.local/lib/python3.7/site-packages/airflow/example_dags/example_latest_only_with_trigger.py
[2025-01-27T08:34:30.424+0000] {processor.py:766} INFO - DAG(s) dict_keys(['latest_only_with_trigger']) retrieved from /home/airflow/.local/lib/python3.7/site-packages/airflow/example_dags/example_latest_only_with_trigger.py
[2025-01-27T08:34:30.538+0000] {logging_mixin.py:120} INFO - [2025-01-27T08:34:30.537+0000] {dag.py:2585} INFO - Sync 1 DAGs
[2025-01-27T08:34:30.584+0000] {logging_mixin.py:120} INFO - [2025-01-27T08:34:30.584+0000] {dag.py:3340} INFO - Setting next_dagrun for latest_only_with_trigger to 2025-01-27T04:34:30.584070+00:00, run_after=2025-01-27T08:34:30.584070+00:00
[2025-01-27T08:34:30.625+0000] {processor.py:176} INFO - Processing /home/airflow/.local/lib/python3.7/site-packages/airflow/example_dags/example_latest_only_with_trigger.py took 0.305 seconds
[2025-01-27T08:35:00.882+0000] {processor.py:154} INFO - Started process (PID=191) to work on /home/airflow/.local/lib/python3.7/site-packages/airflow/example_dags/example_latest_only_with_trigger.py
[2025-01-27T08:35:00.887+0000] {processor.py:756} INFO - Processing file /home/airflow/.local/lib/python3.7/site-packages/airflow/example_dags/example_latest_only_with_trigger.py for tasks to queue
[2025-01-27T08:35:00.891+0000] {logging_mixin.py:120} INFO - [2025-01-27T08:35:00.890+0000] {dagbag.py:537} INFO - Filling up the DagBag from /home/airflow/.local/lib/python3.7/site-packages/airflow/example_dags/example_latest_only_with_trigger.py
[2025-01-27T08:35:00.940+0000] {processor.py:766} INFO - DAG(s) dict_keys(['latest_only_with_trigger']) retrieved from /home/airflow/.local/lib/python3.7/site-packages/airflow/example_dags/example_latest_only_with_trigger.py
[2025-01-27T08:35:01.081+0000] {logging_mixin.py:120} INFO - [2025-01-27T08:35:01.081+0000] {dag.py:2585} INFO - Sync 1 DAGs
[2025-01-27T08:35:01.130+0000] {logging_mixin.py:120} INFO - [2025-01-27T08:35:01.130+0000] {dag.py:3340} INFO - Setting next_dagrun for latest_only_with_trigger to 2025-01-27T04:35:01.130121+00:00, run_after=2025-01-27T08:35:01.130121+00:00
[2025-01-27T08:35:01.171+0000] {processor.py:176} INFO - Processing /home/airflow/.local/lib/python3.7/site-packages/airflow/example_dags/example_latest_only_with_trigger.py took 0.297 seconds
[2025-01-27T08:35:31.795+0000] {processor.py:154} INFO - Started process (PID=253) to work on /home/airflow/.local/lib/python3.7/site-packages/airflow/example_dags/example_latest_only_with_trigger.py
[2025-01-27T08:35:31.796+0000] {processor.py:756} INFO - Processing file /home/airflow/.local/lib/python3.7/site-packages/airflow/example_dags/example_latest_only_with_trigger.py for tasks to queue
[2025-01-27T08:35:31.798+0000] {logging_mixin.py:120} INFO - [2025-01-27T08:35:31.798+0000] {dagbag.py:537} INFO - Filling up the DagBag from /home/airflow/.local/lib/python3.7/site-packages/airflow/example_dags/example_latest_only_with_trigger.py
[2025-01-27T08:35:31.827+0000] {processor.py:766} INFO - DAG(s) dict_keys(['latest_only_with_trigger']) retrieved from /home/airflow/.local/lib/python3.7/site-packages/airflow/example_dags/example_latest_only_with_trigger.py
[2025-01-27T08:35:31.912+0000] {logging_mixin.py:120} INFO - [2025-01-27T08:35:31.912+0000] {dag.py:2585} INFO - Sync 1 DAGs
[2025-01-27T08:35:31.957+0000] {logging_mixin.py:120} INFO - [2025-01-27T08:35:31.957+0000] {dag.py:3340} INFO - Setting next_dagrun for latest_only_with_trigger to 2025-01-27T04:35:31.956960+00:00, run_after=2025-01-27T08:35:31.956960+00:00
[2025-01-27T08:35:32.002+0000] {processor.py:176} INFO - Processing /home/airflow/.local/lib/python3.7/site-packages/airflow/example_dags/example_latest_only_with_trigger.py took 0.216 seconds
[2025-01-27T08:36:02.282+0000] {processor.py:154} INFO - Started process (PID=307) to work on /home/airflow/.local/lib/python3.7/site-packages/airflow/example_dags/example_latest_only_with_trigger.py
[2025-01-27T08:36:02.285+0000] {processor.py:756} INFO - Processing file /home/airflow/.local/lib/python3.7/site-packages/airflow/example_dags/example_latest_only_with_trigger.py for tasks to queue
[2025-01-27T08:36:02.287+0000] {logging_mixin.py:120} INFO - [2025-01-27T08:36:02.287+0000] {dagbag.py:537} INFO - Filling up the DagBag from /home/airflow/.local/lib/python3.7/site-packages/airflow/example_dags/example_latest_only_with_trigger.py
[2025-01-27T08:36:02.316+0000] {processor.py:766} INFO - DAG(s) dict_keys(['latest_only_with_trigger']) retrieved from /home/airflow/.local/lib/python3.7/site-packages/airflow/example_dags/example_latest_only_with_trigger.py
[2025-01-27T08:36:02.397+0000] {logging_mixin.py:120} INFO - [2025-01-27T08:36:02.397+0000] {dag.py:2585} INFO - Sync 1 DAGs
[2025-01-27T08:36:02.450+0000] {logging_mixin.py:120} INFO - [2025-01-27T08:36:02.449+0000] {dag.py:3340} INFO - Setting next_dagrun for latest_only_with_trigger to 2025-01-27T04:36:02.448944+00:00, run_after=2025-01-27T08:36:02.448944+00:00
[2025-01-27T08:36:02.488+0000] {processor.py:176} INFO - Processing /home/airflow/.local/lib/python3.7/site-packages/airflow/example_dags/example_latest_only_with_trigger.py took 0.213 seconds
[2025-01-27T08:36:33.178+0000] {processor.py:154} INFO - Started process (PID=367) to work on /home/airflow/.local/lib/python3.7/site-packages/airflow/example_dags/example_latest_only_with_trigger.py
[2025-01-27T08:36:33.180+0000] {processor.py:756} INFO - Processing file /home/airflow/.local/lib/python3.7/site-packages/airflow/example_dags/example_latest_only_with_trigger.py for tasks to queue
[2025-01-27T08:36:33.182+0000] {logging_mixin.py:120} INFO - [2025-01-27T08:36:33.182+0000] {dagbag.py:537} INFO - Filling up the DagBag from /home/airflow/.local/lib/python3.7/site-packages/airflow/example_dags/example_latest_only_with_trigger.py
[2025-01-27T08:36:33.213+0000] {processor.py:766} INFO - DAG(s) dict_keys(['latest_only_with_trigger']) retrieved from /home/airflow/.local/lib/python3.7/site-packages/airflow/example_dags/example_latest_only_with_trigger.py
[2025-01-27T08:36:33.300+0000] {logging_mixin.py:120} INFO - [2025-01-27T08:36:33.299+0000] {dag.py:2585} INFO - Sync 1 DAGs
[2025-01-27T08:36:33.353+0000] {logging_mixin.py:120} INFO - [2025-01-27T08:36:33.352+0000] {dag.py:3340} INFO - Setting next_dagrun for latest_only_with_trigger to 2025-01-27T04:36:33.352185+00:00, run_after=2025-01-27T08:36:33.352185+00:00
[2025-01-27T08:36:33.408+0000] {processor.py:176} INFO - Processing /home/airflow/.local/lib/python3.7/site-packages/airflow/example_dags/example_latest_only_with_trigger.py took 0.235 seconds
[2025-01-27T08:37:03.982+0000] {processor.py:154} INFO - Started process (PID=423) to work on /home/airflow/.local/lib/python3.7/site-packages/airflow/example_dags/example_latest_only_with_trigger.py
[2025-01-27T08:37:03.984+0000] {processor.py:756} INFO - Processing file /home/airflow/.local/lib/python3.7/site-packages/airflow/example_dags/example_latest_only_with_trigger.py for tasks to queue
[2025-01-27T08:37:03.985+0000] {logging_mixin.py:120} INFO - [2025-01-27T08:37:03.985+0000] {dagbag.py:537} INFO - Filling up the DagBag from /home/airflow/.local/lib/python3.7/site-packages/airflow/example_dags/example_latest_only_with_trigger.py
[2025-01-27T08:37:04.015+0000] {processor.py:766} INFO - DAG(s) dict_keys(['latest_only_with_trigger']) retrieved from /home/airflow/.local/lib/python3.7/site-packages/airflow/example_dags/example_latest_only_with_trigger.py
[2025-01-27T08:37:04.100+0000] {logging_mixin.py:120} INFO - [2025-01-27T08:37:04.100+0000] {dag.py:2585} INFO - Sync 1 DAGs
[2025-01-27T08:37:04.151+0000] {logging_mixin.py:120} INFO - [2025-01-27T08:37:04.151+0000] {dag.py:3340} INFO - Setting next_dagrun for latest_only_with_trigger to 2025-01-27T04:37:04.150899+00:00, run_after=2025-01-27T08:37:04.150899+00:00
[2025-01-27T08:37:04.187+0000] {processor.py:176} INFO - Processing /home/airflow/.local/lib/python3.7/site-packages/airflow/example_dags/example_latest_only_with_trigger.py took 0.211 seconds
[2025-01-27T08:37:34.818+0000] {processor.py:154} INFO - Started process (PID=484) to work on /home/airflow/.local/lib/python3.7/site-packages/airflow/example_dags/example_latest_only_with_trigger.py
[2025-01-27T08:37:34.819+0000] {processor.py:756} INFO - Processing file /home/airflow/.local/lib/python3.7/site-packages/airflow/example_dags/example_latest_only_with_trigger.py for tasks to queue
[2025-01-27T08:37:34.823+0000] {logging_mixin.py:120} INFO - [2025-01-27T08:37:34.823+0000] {dagbag.py:537} INFO - Filling up the DagBag from /home/airflow/.local/lib/python3.7/site-packages/airflow/example_dags/example_latest_only_with_trigger.py
[2025-01-27T08:37:34.854+0000] {processor.py:766} INFO - DAG(s) dict_keys(['latest_only_with_trigger']) retrieved from /home/airflow/.local/lib/python3.7/site-packages/airflow/example_dags/example_latest_only_with_trigger.py
[2025-01-27T08:37:34.944+0000] {logging_mixin.py:120} INFO - [2025-01-27T08:37:34.943+0000] {dag.py:2585} INFO - Sync 1 DAGs
[2025-01-27T08:37:35.000+0000] {logging_mixin.py:120} INFO - [2025-01-27T08:37:34.999+0000] {dag.py:3340} INFO - Setting next_dagrun for latest_only_with_trigger to 2025-01-27T04:37:34.998823+00:00, run_after=2025-01-27T08:37:34.998823+00:00
[2025-01-27T08:37:35.046+0000] {processor.py:176} INFO - Processing /home/airflow/.local/lib/python3.7/site-packages/airflow/example_dags/example_latest_only_with_trigger.py took 0.233 seconds
[2025-01-27T08:38:05.150+0000] {processor.py:154} INFO - Started process (PID=539) to work on /home/airflow/.local/lib/python3.7/site-packages/airflow/example_dags/example_latest_only_with_trigger.py
[2025-01-27T08:38:05.153+0000] {processor.py:756} INFO - Processing file /home/airflow/.local/lib/python3.7/site-packages/airflow/example_dags/example_latest_only_with_trigger.py for tasks to queue
[2025-01-27T08:38:05.155+0000] {logging_mixin.py:120} INFO - [2025-01-27T08:38:05.155+0000] {dagbag.py:537} INFO - Filling up the DagBag from /home/airflow/.local/lib/python3.7/site-packages/airflow/example_dags/example_latest_only_with_trigger.py
[2025-01-27T08:38:05.196+0000] {processor.py:766} INFO - DAG(s) dict_keys(['latest_only_with_trigger']) retrieved from /home/airflow/.local/lib/python3.7/site-packages/airflow/example_dags/example_latest_only_with_trigger.py
[2025-01-27T08:38:05.313+0000] {logging_mixin.py:120} INFO - [2025-01-27T08:38:05.312+0000] {dag.py:2585} INFO - Sync 1 DAGs
[2025-01-27T08:38:05.391+0000] {logging_mixin.py:120} INFO - [2025-01-27T08:38:05.391+0000] {dag.py:3340} INFO - Setting next_dagrun for latest_only_with_trigger to 2025-01-27T04:38:05.390711+00:00, run_after=2025-01-27T08:38:05.390711+00:00
[2025-01-27T08:38:05.449+0000] {processor.py:176} INFO - Processing /home/airflow/.local/lib/python3.7/site-packages/airflow/example_dags/example_latest_only_with_trigger.py took 0.306 seconds
[2025-01-27T08:38:35.721+0000] {processor.py:154} INFO - Started process (PID=593) to work on /home/airflow/.local/lib/python3.7/site-packages/airflow/example_dags/example_latest_only_with_trigger.py
[2025-01-27T08:38:35.724+0000] {processor.py:756} INFO - Processing file /home/airflow/.local/lib/python3.7/site-packages/airflow/example_dags/example_latest_only_with_trigger.py for tasks to queue
[2025-01-27T08:38:35.727+0000] {logging_mixin.py:120} INFO - [2025-01-27T08:38:35.726+0000] {dagbag.py:537} INFO - Filling up the DagBag from /home/airflow/.local/lib/python3.7/site-packages/airflow/example_dags/example_latest_only_with_trigger.py
[2025-01-27T08:38:35.757+0000] {processor.py:766} INFO - DAG(s) dict_keys(['latest_only_with_trigger']) retrieved from /home/airflow/.local/lib/python3.7/site-packages/airflow/example_dags/example_latest_only_with_trigger.py
[2025-01-27T08:38:35.847+0000] {logging_mixin.py:120} INFO - [2025-01-27T08:38:35.847+0000] {dag.py:2585} INFO - Sync 1 DAGs
[2025-01-27T08:38:35.901+0000] {logging_mixin.py:120} INFO - [2025-01-27T08:38:35.900+0000] {dag.py:3340} INFO - Setting next_dagrun for latest_only_with_trigger to 2025-01-27T04:38:35.900428+00:00, run_after=2025-01-27T08:38:35.900428+00:00
[2025-01-27T08:38:35.942+0000] {processor.py:176} INFO - Processing /home/airflow/.local/lib/python3.7/site-packages/airflow/example_dags/example_latest_only_with_trigger.py took 0.228 seconds
[2025-01-27T08:39:06.541+0000] {processor.py:154} INFO - Started process (PID=656) to work on /home/airflow/.local/lib/python3.7/site-packages/airflow/example_dags/example_latest_only_with_trigger.py
[2025-01-27T08:39:06.547+0000] {processor.py:756} INFO - Processing file /home/airflow/.local/lib/python3.7/site-packages/airflow/example_dags/example_latest_only_with_trigger.py for tasks to queue
[2025-01-27T08:39:06.549+0000] {logging_mixin.py:120} INFO - [2025-01-27T08:39:06.549+0000] {dagbag.py:537} INFO - Filling up the DagBag from /home/airflow/.local/lib/python3.7/site-packages/airflow/example_dags/example_latest_only_with_trigger.py
[2025-01-27T08:39:06.585+0000] {processor.py:766} INFO - DAG(s) dict_keys(['latest_only_with_trigger']) retrieved from /home/airflow/.local/lib/python3.7/site-packages/airflow/example_dags/example_latest_only_with_trigger.py
[2025-01-27T08:39:06.675+0000] {logging_mixin.py:120} INFO - [2025-01-27T08:39:06.675+0000] {dag.py:2585} INFO - Sync 1 DAGs
[2025-01-27T08:39:06.730+0000] {logging_mixin.py:120} INFO - [2025-01-27T08:39:06.730+0000] {dag.py:3340} INFO - Setting next_dagrun for latest_only_with_trigger to 2025-01-27T04:39:06.729937+00:00, run_after=2025-01-27T08:39:06.729937+00:00
[2025-01-27T08:39:06.774+0000] {processor.py:176} INFO - Processing /home/airflow/.local/lib/python3.7/site-packages/airflow/example_dags/example_latest_only_with_trigger.py took 0.241 seconds
[2025-01-27T08:39:37.422+0000] {processor.py:154} INFO - Started process (PID=716) to work on /home/airflow/.local/lib/python3.7/site-packages/airflow/example_dags/example_latest_only_with_trigger.py
[2025-01-27T08:39:37.423+0000] {processor.py:756} INFO - Processing file /home/airflow/.local/lib/python3.7/site-packages/airflow/example_dags/example_latest_only_with_trigger.py for tasks to queue
[2025-01-27T08:39:37.425+0000] {logging_mixin.py:120} INFO - [2025-01-27T08:39:37.425+0000] {dagbag.py:537} INFO - Filling up the DagBag from /home/airflow/.local/lib/python3.7/site-packages/airflow/example_dags/example_latest_only_with_trigger.py
[2025-01-27T08:39:37.453+0000] {processor.py:766} INFO - DAG(s) dict_keys(['latest_only_with_trigger']) retrieved from /home/airflow/.local/lib/python3.7/site-packages/airflow/example_dags/example_latest_only_with_trigger.py
[2025-01-27T08:39:37.569+0000] {logging_mixin.py:120} INFO - [2025-01-27T08:39:37.569+0000] {dag.py:2585} INFO - Sync 1 DAGs
[2025-01-27T08:39:37.708+0000] {logging_mixin.py:120} INFO - [2025-01-27T08:39:37.707+0000] {dag.py:3340} INFO - Setting next_dagrun for latest_only_with_trigger to 2025-01-27T04:39:37.707396+00:00, run_after=2025-01-27T08:39:37.707396+00:00
[2025-01-27T08:39:37.751+0000] {processor.py:176} INFO - Processing /home/airflow/.local/lib/python3.7/site-packages/airflow/example_dags/example_latest_only_with_trigger.py took 0.335 seconds
[2025-01-27T08:40:08.089+0000] {processor.py:154} INFO - Started process (PID=772) to work on /home/airflow/.local/lib/python3.7/site-packages/airflow/example_dags/example_latest_only_with_trigger.py
[2025-01-27T08:40:08.091+0000] {processor.py:756} INFO - Processing file /home/airflow/.local/lib/python3.7/site-packages/airflow/example_dags/example_latest_only_with_trigger.py for tasks to queue
[2025-01-27T08:40:08.092+0000] {logging_mixin.py:120} INFO - [2025-01-27T08:40:08.092+0000] {dagbag.py:537} INFO - Filling up the DagBag from /home/airflow/.local/lib/python3.7/site-packages/airflow/example_dags/example_latest_only_with_trigger.py
[2025-01-27T08:40:08.122+0000] {processor.py:766} INFO - DAG(s) dict_keys(['latest_only_with_trigger']) retrieved from /home/airflow/.local/lib/python3.7/site-packages/airflow/example_dags/example_latest_only_with_trigger.py
[2025-01-27T08:40:08.208+0000] {logging_mixin.py:120} INFO - [2025-01-27T08:40:08.208+0000] {dag.py:2585} INFO - Sync 1 DAGs
[2025-01-27T08:40:08.258+0000] {logging_mixin.py:120} INFO - [2025-01-27T08:40:08.257+0000] {dag.py:3340} INFO - Setting next_dagrun for latest_only_with_trigger to 2025-01-27T04:40:08.257413+00:00, run_after=2025-01-27T08:40:08.257413+00:00
[2025-01-27T08:40:08.294+0000] {processor.py:176} INFO - Processing /home/airflow/.local/lib/python3.7/site-packages/airflow/example_dags/example_latest_only_with_trigger.py took 0.211 seconds
[2025-01-27T08:40:38.836+0000] {processor.py:154} INFO - Started process (PID=833) to work on /home/airflow/.local/lib/python3.7/site-packages/airflow/example_dags/example_latest_only_with_trigger.py
[2025-01-27T08:40:38.839+0000] {processor.py:756} INFO - Processing file /home/airflow/.local/lib/python3.7/site-packages/airflow/example_dags/example_latest_only_with_trigger.py for tasks to queue
[2025-01-27T08:40:38.841+0000] {logging_mixin.py:120} INFO - [2025-01-27T08:40:38.840+0000] {dagbag.py:537} INFO - Filling up the DagBag from /home/airflow/.local/lib/python3.7/site-packages/airflow/example_dags/example_latest_only_with_trigger.py
[2025-01-27T08:40:38.866+0000] {processor.py:766} INFO - DAG(s) dict_keys(['latest_only_with_trigger']) retrieved from /home/airflow/.local/lib/python3.7/site-packages/airflow/example_dags/example_latest_only_with_trigger.py
[2025-01-27T08:40:38.956+0000] {logging_mixin.py:120} INFO - [2025-01-27T08:40:38.956+0000] {dag.py:2585} INFO - Sync 1 DAGs
[2025-01-27T08:40:39.012+0000] {logging_mixin.py:120} INFO - [2025-01-27T08:40:39.011+0000] {dag.py:3340} INFO - Setting next_dagrun for latest_only_with_trigger to 2025-01-27T04:40:39.011048+00:00, run_after=2025-01-27T08:40:39.011048+00:00
[2025-01-27T08:40:39.048+0000] {processor.py:176} INFO - Processing /home/airflow/.local/lib/python3.7/site-packages/airflow/example_dags/example_latest_only_with_trigger.py took 0.218 seconds
[2025-01-27T08:41:09.544+0000] {processor.py:154} INFO - Started process (PID=889) to work on /home/airflow/.local/lib/python3.7/site-packages/airflow/example_dags/example_latest_only_with_trigger.py
[2025-01-27T08:41:09.546+0000] {processor.py:756} INFO - Processing file /home/airflow/.local/lib/python3.7/site-packages/airflow/example_dags/example_latest_only_with_trigger.py for tasks to queue
[2025-01-27T08:41:09.547+0000] {logging_mixin.py:120} INFO - [2025-01-27T08:41:09.547+0000] {dagbag.py:537} INFO - Filling up the DagBag from /home/airflow/.local/lib/python3.7/site-packages/airflow/example_dags/example_latest_only_with_trigger.py
[2025-01-27T08:41:09.572+0000] {processor.py:766} INFO - DAG(s) dict_keys(['latest_only_with_trigger']) retrieved from /home/airflow/.local/lib/python3.7/site-packages/airflow/example_dags/example_latest_only_with_trigger.py
[2025-01-27T08:41:09.665+0000] {logging_mixin.py:120} INFO - [2025-01-27T08:41:09.664+0000] {dag.py:2585} INFO - Sync 1 DAGs
[2025-01-27T08:41:09.721+0000] {logging_mixin.py:120} INFO - [2025-01-27T08:41:09.721+0000] {dag.py:3340} INFO - Setting next_dagrun for latest_only_with_trigger to 2025-01-27T04:41:09.720631+00:00, run_after=2025-01-27T08:41:09.720631+00:00
[2025-01-27T08:41:09.758+0000] {processor.py:176} INFO - Processing /home/airflow/.local/lib/python3.7/site-packages/airflow/example_dags/example_latest_only_with_trigger.py took 0.224 seconds
[2025-01-27T08:41:40.249+0000] {processor.py:154} INFO - Started process (PID=949) to work on /home/airflow/.local/lib/python3.7/site-packages/airflow/example_dags/example_latest_only_with_trigger.py
[2025-01-27T08:41:40.251+0000] {processor.py:756} INFO - Processing file /home/airflow/.local/lib/python3.7/site-packages/airflow/example_dags/example_latest_only_with_trigger.py for tasks to queue
[2025-01-27T08:41:40.252+0000] {logging_mixin.py:120} INFO - [2025-01-27T08:41:40.252+0000] {dagbag.py:537} INFO - Filling up the DagBag from /home/airflow/.local/lib/python3.7/site-packages/airflow/example_dags/example_latest_only_with_trigger.py
[2025-01-27T08:41:40.289+0000] {processor.py:766} INFO - DAG(s) dict_keys(['latest_only_with_trigger']) retrieved from /home/airflow/.local/lib/python3.7/site-packages/airflow/example_dags/example_latest_only_with_trigger.py
[2025-01-27T08:41:40.391+0000] {logging_mixin.py:120} INFO - [2025-01-27T08:41:40.390+0000] {dag.py:2585} INFO - Sync 1 DAGs
[2025-01-27T08:41:40.456+0000] {logging_mixin.py:120} INFO - [2025-01-27T08:41:40.456+0000] {dag.py:3340} INFO - Setting next_dagrun for latest_only_with_trigger to 2025-01-27T04:41:40.455480+00:00, run_after=2025-01-27T08:41:40.455480+00:00
[2025-01-27T08:41:40.507+0000] {processor.py:176} INFO - Processing /home/airflow/.local/lib/python3.7/site-packages/airflow/example_dags/example_latest_only_with_trigger.py took 0.265 seconds
[2025-01-27T08:42:10.641+0000] {processor.py:154} INFO - Started process (PID=1004) to work on /home/airflow/.local/lib/python3.7/site-packages/airflow/example_dags/example_latest_only_with_trigger.py
[2025-01-27T08:42:10.643+0000] {processor.py:756} INFO - Processing file /home/airflow/.local/lib/python3.7/site-packages/airflow/example_dags/example_latest_only_with_trigger.py for tasks to queue
[2025-01-27T08:42:10.645+0000] {logging_mixin.py:120} INFO - [2025-01-27T08:42:10.645+0000] {dagbag.py:537} INFO - Filling up the DagBag from /home/airflow/.local/lib/python3.7/site-packages/airflow/example_dags/example_latest_only_with_trigger.py
[2025-01-27T08:42:10.671+0000] {processor.py:766} INFO - DAG(s) dict_keys(['latest_only_with_trigger']) retrieved from /home/airflow/.local/lib/python3.7/site-packages/airflow/example_dags/example_latest_only_with_trigger.py
[2025-01-27T08:42:10.755+0000] {logging_mixin.py:120} INFO - [2025-01-27T08:42:10.754+0000] {dag.py:2585} INFO - Sync 1 DAGs
[2025-01-27T08:42:10.804+0000] {logging_mixin.py:120} INFO - [2025-01-27T08:42:10.804+0000] {dag.py:3340} INFO - Setting next_dagrun for latest_only_with_trigger to 2025-01-27T04:42:10.803825+00:00, run_after=2025-01-27T08:42:10.803825+00:00
[2025-01-27T08:42:10.844+0000] {processor.py:176} INFO - Processing /home/airflow/.local/lib/python3.7/site-packages/airflow/example_dags/example_latest_only_with_trigger.py took 0.211 seconds
[2025-01-27T08:42:41.440+0000] {processor.py:154} INFO - Started process (PID=1058) to work on /home/airflow/.local/lib/python3.7/site-packages/airflow/example_dags/example_latest_only_with_trigger.py
[2025-01-27T08:42:41.442+0000] {processor.py:756} INFO - Processing file /home/airflow/.local/lib/python3.7/site-packages/airflow/example_dags/example_latest_only_with_trigger.py for tasks to queue
[2025-01-27T08:42:41.443+0000] {logging_mixin.py:120} INFO - [2025-01-27T08:42:41.443+0000] {dagbag.py:537} INFO - Filling up the DagBag from /home/airflow/.local/lib/python3.7/site-packages/airflow/example_dags/example_latest_only_with_trigger.py
[2025-01-27T08:42:41.470+0000] {processor.py:766} INFO - DAG(s) dict_keys(['latest_only_with_trigger']) retrieved from /home/airflow/.local/lib/python3.7/site-packages/airflow/example_dags/example_latest_only_with_trigger.py
[2025-01-27T08:42:41.551+0000] {logging_mixin.py:120} INFO - [2025-01-27T08:42:41.551+0000] {dag.py:2585} INFO - Sync 1 DAGs
[2025-01-27T08:42:41.603+0000] {logging_mixin.py:120} INFO - [2025-01-27T08:42:41.602+0000] {dag.py:3340} INFO - Setting next_dagrun for latest_only_with_trigger to 2025-01-27T04:42:41.602303+00:00, run_after=2025-01-27T08:42:41.602303+00:00
[2025-01-27T08:42:41.648+0000] {processor.py:176} INFO - Processing /home/airflow/.local/lib/python3.7/site-packages/airflow/example_dags/example_latest_only_with_trigger.py took 0.216 seconds
[2025-01-27T08:43:11.761+0000] {processor.py:154} INFO - Started process (PID=1120) to work on /home/airflow/.local/lib/python3.7/site-packages/airflow/example_dags/example_latest_only_with_trigger.py
[2025-01-27T08:43:11.763+0000] {processor.py:756} INFO - Processing file /home/airflow/.local/lib/python3.7/site-packages/airflow/example_dags/example_latest_only_with_trigger.py for tasks to queue
[2025-01-27T08:43:11.764+0000] {logging_mixin.py:120} INFO - [2025-01-27T08:43:11.764+0000] {dagbag.py:537} INFO - Filling up the DagBag from /home/airflow/.local/lib/python3.7/site-packages/airflow/example_dags/example_latest_only_with_trigger.py
[2025-01-27T08:43:11.796+0000] {processor.py:766} INFO - DAG(s) dict_keys(['latest_only_with_trigger']) retrieved from /home/airflow/.local/lib/python3.7/site-packages/airflow/example_dags/example_latest_only_with_trigger.py
[2025-01-27T08:43:11.877+0000] {logging_mixin.py:120} INFO - [2025-01-27T08:43:11.877+0000] {dag.py:2585} INFO - Sync 1 DAGs
[2025-01-27T08:43:11.930+0000] {logging_mixin.py:120} INFO - [2025-01-27T08:43:11.930+0000] {dag.py:3340} INFO - Setting next_dagrun for latest_only_with_trigger to 2025-01-27T04:43:11.929492+00:00, run_after=2025-01-27T08:43:11.929492+00:00
[2025-01-27T08:43:11.971+0000] {processor.py:176} INFO - Processing /home/airflow/.local/lib/python3.7/site-packages/airflow/example_dags/example_latest_only_with_trigger.py took 0.216 seconds
[2025-01-27T08:43:42.455+0000] {processor.py:154} INFO - Started process (PID=1173) to work on /home/airflow/.local/lib/python3.7/site-packages/airflow/example_dags/example_latest_only_with_trigger.py
[2025-01-27T08:43:42.457+0000] {processor.py:756} INFO - Processing file /home/airflow/.local/lib/python3.7/site-packages/airflow/example_dags/example_latest_only_with_trigger.py for tasks to queue
[2025-01-27T08:43:42.458+0000] {logging_mixin.py:120} INFO - [2025-01-27T08:43:42.458+0000] {dagbag.py:537} INFO - Filling up the DagBag from /home/airflow/.local/lib/python3.7/site-packages/airflow/example_dags/example_latest_only_with_trigger.py
[2025-01-27T08:43:42.485+0000] {processor.py:766} INFO - DAG(s) dict_keys(['latest_only_with_trigger']) retrieved from /home/airflow/.local/lib/python3.7/site-packages/airflow/example_dags/example_latest_only_with_trigger.py
[2025-01-27T08:43:42.559+0000] {logging_mixin.py:120} INFO - [2025-01-27T08:43:42.559+0000] {dag.py:2585} INFO - Sync 1 DAGs
[2025-01-27T08:43:42.611+0000] {logging_mixin.py:120} INFO - [2025-01-27T08:43:42.611+0000] {dag.py:3340} INFO - Setting next_dagrun for latest_only_with_trigger to 2025-01-27T04:43:42.610996+00:00, run_after=2025-01-27T08:43:42.610996+00:00
[2025-01-27T08:43:42.645+0000] {processor.py:176} INFO - Processing /home/airflow/.local/lib/python3.7/site-packages/airflow/example_dags/example_latest_only_with_trigger.py took 0.196 seconds
[2025-01-27T08:44:13.263+0000] {processor.py:154} INFO - Started process (PID=1235) to work on /home/airflow/.local/lib/python3.7/site-packages/airflow/example_dags/example_latest_only_with_trigger.py
[2025-01-27T08:44:13.265+0000] {processor.py:756} INFO - Processing file /home/airflow/.local/lib/python3.7/site-packages/airflow/example_dags/example_latest_only_with_trigger.py for tasks to queue
[2025-01-27T08:44:13.267+0000] {logging_mixin.py:120} INFO - [2025-01-27T08:44:13.267+0000] {dagbag.py:537} INFO - Filling up the DagBag from /home/airflow/.local/lib/python3.7/site-packages/airflow/example_dags/example_latest_only_with_trigger.py
[2025-01-27T08:44:13.297+0000] {processor.py:766} INFO - DAG(s) dict_keys(['latest_only_with_trigger']) retrieved from /home/airflow/.local/lib/python3.7/site-packages/airflow/example_dags/example_latest_only_with_trigger.py
[2025-01-27T08:44:13.383+0000] {logging_mixin.py:120} INFO - [2025-01-27T08:44:13.382+0000] {dag.py:2585} INFO - Sync 1 DAGs
[2025-01-27T08:44:13.435+0000] {logging_mixin.py:120} INFO - [2025-01-27T08:44:13.435+0000] {dag.py:3340} INFO - Setting next_dagrun for latest_only_with_trigger to 2025-01-27T04:44:13.435264+00:00, run_after=2025-01-27T08:44:13.435264+00:00
[2025-01-27T08:44:13.476+0000] {processor.py:176} INFO - Processing /home/airflow/.local/lib/python3.7/site-packages/airflow/example_dags/example_latest_only_with_trigger.py took 0.219 seconds
[2025-01-27T08:44:43.877+0000] {processor.py:154} INFO - Started process (PID=1289) to work on /home/airflow/.local/lib/python3.7/site-packages/airflow/example_dags/example_latest_only_with_trigger.py
[2025-01-27T08:44:43.879+0000] {processor.py:756} INFO - Processing file /home/airflow/.local/lib/python3.7/site-packages/airflow/example_dags/example_latest_only_with_trigger.py for tasks to queue
[2025-01-27T08:44:43.880+0000] {logging_mixin.py:120} INFO - [2025-01-27T08:44:43.880+0000] {dagbag.py:537} INFO - Filling up the DagBag from /home/airflow/.local/lib/python3.7/site-packages/airflow/example_dags/example_latest_only_with_trigger.py
[2025-01-27T08:44:43.906+0000] {processor.py:766} INFO - DAG(s) dict_keys(['latest_only_with_trigger']) retrieved from /home/airflow/.local/lib/python3.7/site-packages/airflow/example_dags/example_latest_only_with_trigger.py
[2025-01-27T08:44:43.977+0000] {logging_mixin.py:120} INFO - [2025-01-27T08:44:43.976+0000] {dag.py:2585} INFO - Sync 1 DAGs
[2025-01-27T08:44:44.027+0000] {logging_mixin.py:120} INFO - [2025-01-27T08:44:44.027+0000] {dag.py:3340} INFO - Setting next_dagrun for latest_only_with_trigger to 2025-01-27T04:44:44.026666+00:00, run_after=2025-01-27T08:44:44.026666+00:00
[2025-01-27T08:44:44.062+0000] {processor.py:176} INFO - Processing /home/airflow/.local/lib/python3.7/site-packages/airflow/example_dags/example_latest_only_with_trigger.py took 0.190 seconds
[2025-01-27T08:45:14.839+0000] {processor.py:154} INFO - Started process (PID=1353) to work on /home/airflow/.local/lib/python3.7/site-packages/airflow/example_dags/example_latest_only_with_trigger.py
[2025-01-27T08:45:14.840+0000] {processor.py:756} INFO - Processing file /home/airflow/.local/lib/python3.7/site-packages/airflow/example_dags/example_latest_only_with_trigger.py for tasks to queue
[2025-01-27T08:45:14.842+0000] {logging_mixin.py:120} INFO - [2025-01-27T08:45:14.842+0000] {dagbag.py:537} INFO - Filling up the DagBag from /home/airflow/.local/lib/python3.7/site-packages/airflow/example_dags/example_latest_only_with_trigger.py
[2025-01-27T08:45:14.871+0000] {processor.py:766} INFO - DAG(s) dict_keys(['latest_only_with_trigger']) retrieved from /home/airflow/.local/lib/python3.7/site-packages/airflow/example_dags/example_latest_only_with_trigger.py
[2025-01-27T08:45:15.003+0000] {logging_mixin.py:120} INFO - [2025-01-27T08:45:15.002+0000] {dag.py:2585} INFO - Sync 1 DAGs
[2025-01-27T08:45:15.069+0000] {logging_mixin.py:120} INFO - [2025-01-27T08:45:15.069+0000] {dag.py:3340} INFO - Setting next_dagrun for latest_only_with_trigger to 2025-01-27T04:45:15.068772+00:00, run_after=2025-01-27T08:45:15.068772+00:00
[2025-01-27T08:45:15.121+0000] {processor.py:176} INFO - Processing /home/airflow/.local/lib/python3.7/site-packages/airflow/example_dags/example_latest_only_with_trigger.py took 0.288 seconds
[2025-01-27T08:45:45.903+0000] {processor.py:154} INFO - Started process (PID=1406) to work on /home/airflow/.local/lib/python3.7/site-packages/airflow/example_dags/example_latest_only_with_trigger.py
[2025-01-27T08:45:45.908+0000] {processor.py:756} INFO - Processing file /home/airflow/.local/lib/python3.7/site-packages/airflow/example_dags/example_latest_only_with_trigger.py for tasks to queue
[2025-01-27T08:45:45.910+0000] {logging_mixin.py:120} INFO - [2025-01-27T08:45:45.910+0000] {dagbag.py:537} INFO - Filling up the DagBag from /home/airflow/.local/lib/python3.7/site-packages/airflow/example_dags/example_latest_only_with_trigger.py
[2025-01-27T08:45:45.935+0000] {processor.py:766} INFO - DAG(s) dict_keys(['latest_only_with_trigger']) retrieved from /home/airflow/.local/lib/python3.7/site-packages/airflow/example_dags/example_latest_only_with_trigger.py
[2025-01-27T08:45:46.016+0000] {logging_mixin.py:120} INFO - [2025-01-27T08:45:46.016+0000] {dag.py:2585} INFO - Sync 1 DAGs
[2025-01-27T08:45:46.059+0000] {logging_mixin.py:120} INFO - [2025-01-27T08:45:46.059+0000] {dag.py:3340} INFO - Setting next_dagrun for latest_only_with_trigger to 2025-01-27T04:45:46.059239+00:00, run_after=2025-01-27T08:45:46.059239+00:00
[2025-01-27T08:45:46.096+0000] {processor.py:176} INFO - Processing /home/airflow/.local/lib/python3.7/site-packages/airflow/example_dags/example_latest_only_with_trigger.py took 0.198 seconds
[2025-01-27T08:46:16.419+0000] {processor.py:154} INFO - Started process (PID=1466) to work on /home/airflow/.local/lib/python3.7/site-packages/airflow/example_dags/example_latest_only_with_trigger.py
[2025-01-27T08:46:16.422+0000] {processor.py:756} INFO - Processing file /home/airflow/.local/lib/python3.7/site-packages/airflow/example_dags/example_latest_only_with_trigger.py for tasks to queue
[2025-01-27T08:46:16.424+0000] {logging_mixin.py:120} INFO - [2025-01-27T08:46:16.424+0000] {dagbag.py:537} INFO - Filling up the DagBag from /home/airflow/.local/lib/python3.7/site-packages/airflow/example_dags/example_latest_only_with_trigger.py
[2025-01-27T08:46:16.457+0000] {processor.py:766} INFO - DAG(s) dict_keys(['latest_only_with_trigger']) retrieved from /home/airflow/.local/lib/python3.7/site-packages/airflow/example_dags/example_latest_only_with_trigger.py
[2025-01-27T08:46:16.549+0000] {logging_mixin.py:120} INFO - [2025-01-27T08:46:16.549+0000] {dag.py:2585} INFO - Sync 1 DAGs
[2025-01-27T08:46:16.599+0000] {logging_mixin.py:120} INFO - [2025-01-27T08:46:16.599+0000] {dag.py:3340} INFO - Setting next_dagrun for latest_only_with_trigger to 2025-01-27T04:46:16.598859+00:00, run_after=2025-01-27T08:46:16.598859+00:00
[2025-01-27T08:46:16.657+0000] {processor.py:176} INFO - Processing /home/airflow/.local/lib/python3.7/site-packages/airflow/example_dags/example_latest_only_with_trigger.py took 0.244 seconds
[2025-01-27T08:46:47.046+0000] {processor.py:154} INFO - Started process (PID=1522) to work on /home/airflow/.local/lib/python3.7/site-packages/airflow/example_dags/example_latest_only_with_trigger.py
[2025-01-27T08:46:47.050+0000] {processor.py:756} INFO - Processing file /home/airflow/.local/lib/python3.7/site-packages/airflow/example_dags/example_latest_only_with_trigger.py for tasks to queue
[2025-01-27T08:46:47.052+0000] {logging_mixin.py:120} INFO - [2025-01-27T08:46:47.051+0000] {dagbag.py:537} INFO - Filling up the DagBag from /home/airflow/.local/lib/python3.7/site-packages/airflow/example_dags/example_latest_only_with_trigger.py
[2025-01-27T08:46:47.084+0000] {processor.py:766} INFO - DAG(s) dict_keys(['latest_only_with_trigger']) retrieved from /home/airflow/.local/lib/python3.7/site-packages/airflow/example_dags/example_latest_only_with_trigger.py
[2025-01-27T08:46:47.162+0000] {logging_mixin.py:120} INFO - [2025-01-27T08:46:47.162+0000] {dag.py:2585} INFO - Sync 1 DAGs
[2025-01-27T08:46:47.212+0000] {logging_mixin.py:120} INFO - [2025-01-27T08:46:47.212+0000] {dag.py:3340} INFO - Setting next_dagrun for latest_only_with_trigger to 2025-01-27T04:46:47.211924+00:00, run_after=2025-01-27T08:46:47.211924+00:00
[2025-01-27T08:46:47.243+0000] {processor.py:176} INFO - Processing /home/airflow/.local/lib/python3.7/site-packages/airflow/example_dags/example_latest_only_with_trigger.py took 0.203 seconds
[2025-01-27T08:47:17.935+0000] {processor.py:154} INFO - Started process (PID=1576) to work on /home/airflow/.local/lib/python3.7/site-packages/airflow/example_dags/example_latest_only_with_trigger.py
[2025-01-27T08:47:17.938+0000] {processor.py:756} INFO - Processing file /home/airflow/.local/lib/python3.7/site-packages/airflow/example_dags/example_latest_only_with_trigger.py for tasks to queue
[2025-01-27T08:47:17.939+0000] {logging_mixin.py:120} INFO - [2025-01-27T08:47:17.939+0000] {dagbag.py:537} INFO - Filling up the DagBag from /home/airflow/.local/lib/python3.7/site-packages/airflow/example_dags/example_latest_only_with_trigger.py
[2025-01-27T08:47:17.969+0000] {processor.py:766} INFO - DAG(s) dict_keys(['latest_only_with_trigger']) retrieved from /home/airflow/.local/lib/python3.7/site-packages/airflow/example_dags/example_latest_only_with_trigger.py
[2025-01-27T08:47:18.048+0000] {logging_mixin.py:120} INFO - [2025-01-27T08:47:18.048+0000] {dag.py:2585} INFO - Sync 1 DAGs
[2025-01-27T08:47:18.095+0000] {logging_mixin.py:120} INFO - [2025-01-27T08:47:18.095+0000] {dag.py:3340} INFO - Setting next_dagrun for latest_only_with_trigger to 2025-01-27T04:47:18.095035+00:00, run_after=2025-01-27T08:47:18.095035+00:00
[2025-01-27T08:47:18.131+0000] {processor.py:176} INFO - Processing /home/airflow/.local/lib/python3.7/site-packages/airflow/example_dags/example_latest_only_with_trigger.py took 0.202 seconds
[2025-01-27T08:47:48.507+0000] {processor.py:154} INFO - Started process (PID=1639) to work on /home/airflow/.local/lib/python3.7/site-packages/airflow/example_dags/example_latest_only_with_trigger.py
[2025-01-27T08:47:48.509+0000] {processor.py:756} INFO - Processing file /home/airflow/.local/lib/python3.7/site-packages/airflow/example_dags/example_latest_only_with_trigger.py for tasks to queue
[2025-01-27T08:47:48.511+0000] {logging_mixin.py:120} INFO - [2025-01-27T08:47:48.510+0000] {dagbag.py:537} INFO - Filling up the DagBag from /home/airflow/.local/lib/python3.7/site-packages/airflow/example_dags/example_latest_only_with_trigger.py
[2025-01-27T08:47:48.534+0000] {processor.py:766} INFO - DAG(s) dict_keys(['latest_only_with_trigger']) retrieved from /home/airflow/.local/lib/python3.7/site-packages/airflow/example_dags/example_latest_only_with_trigger.py
[2025-01-27T08:47:48.603+0000] {logging_mixin.py:120} INFO - [2025-01-27T08:47:48.602+0000] {dag.py:2585} INFO - Sync 1 DAGs
[2025-01-27T08:47:48.651+0000] {logging_mixin.py:120} INFO - [2025-01-27T08:47:48.650+0000] {dag.py:3340} INFO - Setting next_dagrun for latest_only_with_trigger to 2025-01-27T04:47:48.650419+00:00, run_after=2025-01-27T08:47:48.650419+00:00
[2025-01-27T08:47:48.682+0000] {processor.py:176} INFO - Processing /home/airflow/.local/lib/python3.7/site-packages/airflow/example_dags/example_latest_only_with_trigger.py took 0.184 seconds
[2025-01-27T08:48:19.378+0000] {processor.py:154} INFO - Started process (PID=1693) to work on /home/airflow/.local/lib/python3.7/site-packages/airflow/example_dags/example_latest_only_with_trigger.py
[2025-01-27T08:48:19.380+0000] {processor.py:756} INFO - Processing file /home/airflow/.local/lib/python3.7/site-packages/airflow/example_dags/example_latest_only_with_trigger.py for tasks to queue
[2025-01-27T08:48:19.381+0000] {logging_mixin.py:120} INFO - [2025-01-27T08:48:19.381+0000] {dagbag.py:537} INFO - Filling up the DagBag from /home/airflow/.local/lib/python3.7/site-packages/airflow/example_dags/example_latest_only_with_trigger.py
[2025-01-27T08:48:19.410+0000] {processor.py:766} INFO - DAG(s) dict_keys(['latest_only_with_trigger']) retrieved from /home/airflow/.local/lib/python3.7/site-packages/airflow/example_dags/example_latest_only_with_trigger.py
[2025-01-27T08:48:19.495+0000] {logging_mixin.py:120} INFO - [2025-01-27T08:48:19.495+0000] {dag.py:2585} INFO - Sync 1 DAGs
[2025-01-27T08:48:19.545+0000] {logging_mixin.py:120} INFO - [2025-01-27T08:48:19.545+0000] {dag.py:3340} INFO - Setting next_dagrun for latest_only_with_trigger to 2025-01-27T04:48:19.545372+00:00, run_after=2025-01-27T08:48:19.545372+00:00
[2025-01-27T08:48:19.587+0000] {processor.py:176} INFO - Processing /home/airflow/.local/lib/python3.7/site-packages/airflow/example_dags/example_latest_only_with_trigger.py took 0.216 seconds
[2025-01-27T08:48:50.070+0000] {processor.py:154} INFO - Started process (PID=1756) to work on /home/airflow/.local/lib/python3.7/site-packages/airflow/example_dags/example_latest_only_with_trigger.py
[2025-01-27T08:48:50.072+0000] {processor.py:756} INFO - Processing file /home/airflow/.local/lib/python3.7/site-packages/airflow/example_dags/example_latest_only_with_trigger.py for tasks to queue
[2025-01-27T08:48:50.074+0000] {logging_mixin.py:120} INFO - [2025-01-27T08:48:50.073+0000] {dagbag.py:537} INFO - Filling up the DagBag from /home/airflow/.local/lib/python3.7/site-packages/airflow/example_dags/example_latest_only_with_trigger.py
[2025-01-27T08:48:50.098+0000] {processor.py:766} INFO - DAG(s) dict_keys(['latest_only_with_trigger']) retrieved from /home/airflow/.local/lib/python3.7/site-packages/airflow/example_dags/example_latest_only_with_trigger.py
[2025-01-27T08:48:50.177+0000] {logging_mixin.py:120} INFO - [2025-01-27T08:48:50.176+0000] {dag.py:2585} INFO - Sync 1 DAGs
[2025-01-27T08:48:50.219+0000] {logging_mixin.py:120} INFO - [2025-01-27T08:48:50.219+0000] {dag.py:3340} INFO - Setting next_dagrun for latest_only_with_trigger to 2025-01-27T04:48:50.218975+00:00, run_after=2025-01-27T08:48:50.218975+00:00
[2025-01-27T08:48:50.254+0000] {processor.py:176} INFO - Processing /home/airflow/.local/lib/python3.7/site-packages/airflow/example_dags/example_latest_only_with_trigger.py took 0.189 seconds
[2025-01-27T08:49:20.875+0000] {processor.py:154} INFO - Started process (PID=1810) to work on /home/airflow/.local/lib/python3.7/site-packages/airflow/example_dags/example_latest_only_with_trigger.py
[2025-01-27T08:49:20.876+0000] {processor.py:756} INFO - Processing file /home/airflow/.local/lib/python3.7/site-packages/airflow/example_dags/example_latest_only_with_trigger.py for tasks to queue
[2025-01-27T08:49:20.877+0000] {logging_mixin.py:120} INFO - [2025-01-27T08:49:20.877+0000] {dagbag.py:537} INFO - Filling up the DagBag from /home/airflow/.local/lib/python3.7/site-packages/airflow/example_dags/example_latest_only_with_trigger.py
[2025-01-27T08:49:20.905+0000] {processor.py:766} INFO - DAG(s) dict_keys(['latest_only_with_trigger']) retrieved from /home/airflow/.local/lib/python3.7/site-packages/airflow/example_dags/example_latest_only_with_trigger.py
[2025-01-27T08:49:20.985+0000] {logging_mixin.py:120} INFO - [2025-01-27T08:49:20.985+0000] {dag.py:2585} INFO - Sync 1 DAGs
[2025-01-27T08:49:21.039+0000] {logging_mixin.py:120} INFO - [2025-01-27T08:49:21.038+0000] {dag.py:3340} INFO - Setting next_dagrun for latest_only_with_trigger to 2025-01-27T04:49:21.036789+00:00, run_after=2025-01-27T08:49:21.036789+00:00
[2025-01-27T08:49:21.075+0000] {processor.py:176} INFO - Processing /home/airflow/.local/lib/python3.7/site-packages/airflow/example_dags/example_latest_only_with_trigger.py took 0.210 seconds
[2025-01-27T08:49:51.473+0000] {processor.py:154} INFO - Started process (PID=1873) to work on /home/airflow/.local/lib/python3.7/site-packages/airflow/example_dags/example_latest_only_with_trigger.py
[2025-01-27T08:49:51.475+0000] {processor.py:756} INFO - Processing file /home/airflow/.local/lib/python3.7/site-packages/airflow/example_dags/example_latest_only_with_trigger.py for tasks to queue
[2025-01-27T08:49:51.476+0000] {logging_mixin.py:120} INFO - [2025-01-27T08:49:51.476+0000] {dagbag.py:537} INFO - Filling up the DagBag from /home/airflow/.local/lib/python3.7/site-packages/airflow/example_dags/example_latest_only_with_trigger.py
[2025-01-27T08:49:51.505+0000] {processor.py:766} INFO - DAG(s) dict_keys(['latest_only_with_trigger']) retrieved from /home/airflow/.local/lib/python3.7/site-packages/airflow/example_dags/example_latest_only_with_trigger.py
[2025-01-27T08:49:51.588+0000] {logging_mixin.py:120} INFO - [2025-01-27T08:49:51.587+0000] {dag.py:2585} INFO - Sync 1 DAGs
[2025-01-27T08:49:51.633+0000] {logging_mixin.py:120} INFO - [2025-01-27T08:49:51.632+0000] {dag.py:3340} INFO - Setting next_dagrun for latest_only_with_trigger to 2025-01-27T04:49:51.632580+00:00, run_after=2025-01-27T08:49:51.632580+00:00
[2025-01-27T08:49:51.674+0000] {processor.py:176} INFO - Processing /home/airflow/.local/lib/python3.7/site-packages/airflow/example_dags/example_latest_only_with_trigger.py took 0.208 seconds
[2025-01-27T08:50:22.059+0000] {processor.py:154} INFO - Started process (PID=1927) to work on /home/airflow/.local/lib/python3.7/site-packages/airflow/example_dags/example_latest_only_with_trigger.py
[2025-01-27T08:50:22.060+0000] {processor.py:756} INFO - Processing file /home/airflow/.local/lib/python3.7/site-packages/airflow/example_dags/example_latest_only_with_trigger.py for tasks to queue
[2025-01-27T08:50:22.061+0000] {logging_mixin.py:120} INFO - [2025-01-27T08:50:22.061+0000] {dagbag.py:537} INFO - Filling up the DagBag from /home/airflow/.local/lib/python3.7/site-packages/airflow/example_dags/example_latest_only_with_trigger.py
[2025-01-27T08:50:22.094+0000] {processor.py:766} INFO - DAG(s) dict_keys(['latest_only_with_trigger']) retrieved from /home/airflow/.local/lib/python3.7/site-packages/airflow/example_dags/example_latest_only_with_trigger.py
[2025-01-27T08:50:22.174+0000] {logging_mixin.py:120} INFO - [2025-01-27T08:50:22.173+0000] {dag.py:2585} INFO - Sync 1 DAGs
[2025-01-27T08:50:22.228+0000] {logging_mixin.py:120} INFO - [2025-01-27T08:50:22.228+0000] {dag.py:3340} INFO - Setting next_dagrun for latest_only_with_trigger to 2025-01-27T04:50:22.227721+00:00, run_after=2025-01-27T08:50:22.227721+00:00
[2025-01-27T08:50:22.282+0000] {processor.py:176} INFO - Processing /home/airflow/.local/lib/python3.7/site-packages/airflow/example_dags/example_latest_only_with_trigger.py took 0.229 seconds
[2025-01-27T08:50:52.765+0000] {processor.py:154} INFO - Started process (PID=1989) to work on /home/airflow/.local/lib/python3.7/site-packages/airflow/example_dags/example_latest_only_with_trigger.py
[2025-01-27T08:50:52.767+0000] {processor.py:756} INFO - Processing file /home/airflow/.local/lib/python3.7/site-packages/airflow/example_dags/example_latest_only_with_trigger.py for tasks to queue
[2025-01-27T08:50:52.768+0000] {logging_mixin.py:120} INFO - [2025-01-27T08:50:52.768+0000] {dagbag.py:537} INFO - Filling up the DagBag from /home/airflow/.local/lib/python3.7/site-packages/airflow/example_dags/example_latest_only_with_trigger.py
[2025-01-27T08:50:52.795+0000] {processor.py:766} INFO - DAG(s) dict_keys(['latest_only_with_trigger']) retrieved from /home/airflow/.local/lib/python3.7/site-packages/airflow/example_dags/example_latest_only_with_trigger.py
[2025-01-27T08:50:52.878+0000] {logging_mixin.py:120} INFO - [2025-01-27T08:50:52.878+0000] {dag.py:2585} INFO - Sync 1 DAGs
[2025-01-27T08:50:52.932+0000] {logging_mixin.py:120} INFO - [2025-01-27T08:50:52.931+0000] {dag.py:3340} INFO - Setting next_dagrun for latest_only_with_trigger to 2025-01-27T04:50:52.931474+00:00, run_after=2025-01-27T08:50:52.931474+00:00
[2025-01-27T08:50:52.969+0000] {processor.py:176} INFO - Processing /home/airflow/.local/lib/python3.7/site-packages/airflow/example_dags/example_latest_only_with_trigger.py took 0.210 seconds
[2025-01-27T08:51:23.627+0000] {processor.py:154} INFO - Started process (PID=2043) to work on /home/airflow/.local/lib/python3.7/site-packages/airflow/example_dags/example_latest_only_with_trigger.py
[2025-01-27T08:51:23.628+0000] {processor.py:756} INFO - Processing file /home/airflow/.local/lib/python3.7/site-packages/airflow/example_dags/example_latest_only_with_trigger.py for tasks to queue
[2025-01-27T08:51:23.629+0000] {logging_mixin.py:120} INFO - [2025-01-27T08:51:23.629+0000] {dagbag.py:537} INFO - Filling up the DagBag from /home/airflow/.local/lib/python3.7/site-packages/airflow/example_dags/example_latest_only_with_trigger.py
[2025-01-27T08:51:23.657+0000] {processor.py:766} INFO - DAG(s) dict_keys(['latest_only_with_trigger']) retrieved from /home/airflow/.local/lib/python3.7/site-packages/airflow/example_dags/example_latest_only_with_trigger.py
[2025-01-27T08:51:23.730+0000] {logging_mixin.py:120} INFO - [2025-01-27T08:51:23.730+0000] {dag.py:2585} INFO - Sync 1 DAGs
[2025-01-27T08:51:23.774+0000] {logging_mixin.py:120} INFO - [2025-01-27T08:51:23.774+0000] {dag.py:3340} INFO - Setting next_dagrun for latest_only_with_trigger to 2025-01-27T04:51:23.774130+00:00, run_after=2025-01-27T08:51:23.774130+00:00
[2025-01-27T08:51:23.809+0000] {processor.py:176} INFO - Processing /home/airflow/.local/lib/python3.7/site-packages/airflow/example_dags/example_latest_only_with_trigger.py took 0.187 seconds
[2025-01-27T08:51:54.002+0000] {processor.py:154} INFO - Started process (PID=2105) to work on /home/airflow/.local/lib/python3.7/site-packages/airflow/example_dags/example_latest_only_with_trigger.py
[2025-01-27T08:51:54.004+0000] {processor.py:756} INFO - Processing file /home/airflow/.local/lib/python3.7/site-packages/airflow/example_dags/example_latest_only_with_trigger.py for tasks to queue
[2025-01-27T08:51:54.007+0000] {logging_mixin.py:120} INFO - [2025-01-27T08:51:54.006+0000] {dagbag.py:537} INFO - Filling up the DagBag from /home/airflow/.local/lib/python3.7/site-packages/airflow/example_dags/example_latest_only_with_trigger.py
[2025-01-27T08:51:54.036+0000] {processor.py:766} INFO - DAG(s) dict_keys(['latest_only_with_trigger']) retrieved from /home/airflow/.local/lib/python3.7/site-packages/airflow/example_dags/example_latest_only_with_trigger.py
[2025-01-27T08:51:54.110+0000] {logging_mixin.py:120} INFO - [2025-01-27T08:51:54.110+0000] {dag.py:2585} INFO - Sync 1 DAGs
[2025-01-27T08:51:54.152+0000] {logging_mixin.py:120} INFO - [2025-01-27T08:51:54.152+0000] {dag.py:3340} INFO - Setting next_dagrun for latest_only_with_trigger to 2025-01-27T04:51:54.151779+00:00, run_after=2025-01-27T08:51:54.151779+00:00
[2025-01-27T08:51:54.189+0000] {processor.py:176} INFO - Processing /home/airflow/.local/lib/python3.7/site-packages/airflow/example_dags/example_latest_only_with_trigger.py took 0.192 seconds
[2025-01-27T08:52:25.486+0000] {processor.py:154} INFO - Started process (PID=2159) to work on /home/airflow/.local/lib/python3.7/site-packages/airflow/example_dags/example_latest_only_with_trigger.py
[2025-01-27T08:52:25.488+0000] {processor.py:756} INFO - Processing file /home/airflow/.local/lib/python3.7/site-packages/airflow/example_dags/example_latest_only_with_trigger.py for tasks to queue
[2025-01-27T08:52:25.489+0000] {logging_mixin.py:120} INFO - [2025-01-27T08:52:25.488+0000] {dagbag.py:537} INFO - Filling up the DagBag from /home/airflow/.local/lib/python3.7/site-packages/airflow/example_dags/example_latest_only_with_trigger.py
[2025-01-27T08:52:25.516+0000] {processor.py:766} INFO - DAG(s) dict_keys(['latest_only_with_trigger']) retrieved from /home/airflow/.local/lib/python3.7/site-packages/airflow/example_dags/example_latest_only_with_trigger.py
[2025-01-27T08:52:25.592+0000] {logging_mixin.py:120} INFO - [2025-01-27T08:52:25.592+0000] {dag.py:2585} INFO - Sync 1 DAGs
[2025-01-27T08:52:25.638+0000] {logging_mixin.py:120} INFO - [2025-01-27T08:52:25.637+0000] {dag.py:3340} INFO - Setting next_dagrun for latest_only_with_trigger to 2025-01-27T04:52:25.637472+00:00, run_after=2025-01-27T08:52:25.637472+00:00
[2025-01-27T08:52:25.672+0000] {processor.py:176} INFO - Processing /home/airflow/.local/lib/python3.7/site-packages/airflow/example_dags/example_latest_only_with_trigger.py took 0.191 seconds
[2025-01-27T08:52:56.081+0000] {processor.py:154} INFO - Started process (PID=2222) to work on /home/airflow/.local/lib/python3.7/site-packages/airflow/example_dags/example_latest_only_with_trigger.py
[2025-01-27T08:52:56.082+0000] {processor.py:756} INFO - Processing file /home/airflow/.local/lib/python3.7/site-packages/airflow/example_dags/example_latest_only_with_trigger.py for tasks to queue
[2025-01-27T08:52:56.083+0000] {logging_mixin.py:120} INFO - [2025-01-27T08:52:56.083+0000] {dagbag.py:537} INFO - Filling up the DagBag from /home/airflow/.local/lib/python3.7/site-packages/airflow/example_dags/example_latest_only_with_trigger.py
[2025-01-27T08:52:56.112+0000] {processor.py:766} INFO - DAG(s) dict_keys(['latest_only_with_trigger']) retrieved from /home/airflow/.local/lib/python3.7/site-packages/airflow/example_dags/example_latest_only_with_trigger.py
[2025-01-27T08:52:56.183+0000] {logging_mixin.py:120} INFO - [2025-01-27T08:52:56.182+0000] {dag.py:2585} INFO - Sync 1 DAGs
[2025-01-27T08:52:56.229+0000] {logging_mixin.py:120} INFO - [2025-01-27T08:52:56.228+0000] {dag.py:3340} INFO - Setting next_dagrun for latest_only_with_trigger to 2025-01-27T04:52:56.228461+00:00, run_after=2025-01-27T08:52:56.228461+00:00
[2025-01-27T08:52:56.265+0000] {processor.py:176} INFO - Processing /home/airflow/.local/lib/python3.7/site-packages/airflow/example_dags/example_latest_only_with_trigger.py took 0.190 seconds
[2025-01-27T08:53:27.398+0000] {processor.py:154} INFO - Started process (PID=2276) to work on /home/airflow/.local/lib/python3.7/site-packages/airflow/example_dags/example_latest_only_with_trigger.py
[2025-01-27T08:53:27.400+0000] {processor.py:756} INFO - Processing file /home/airflow/.local/lib/python3.7/site-packages/airflow/example_dags/example_latest_only_with_trigger.py for tasks to queue
[2025-01-27T08:53:27.401+0000] {logging_mixin.py:120} INFO - [2025-01-27T08:53:27.401+0000] {dagbag.py:537} INFO - Filling up the DagBag from /home/airflow/.local/lib/python3.7/site-packages/airflow/example_dags/example_latest_only_with_trigger.py
[2025-01-27T08:53:27.443+0000] {processor.py:766} INFO - DAG(s) dict_keys(['latest_only_with_trigger']) retrieved from /home/airflow/.local/lib/python3.7/site-packages/airflow/example_dags/example_latest_only_with_trigger.py
[2025-01-27T08:53:27.532+0000] {logging_mixin.py:120} INFO - [2025-01-27T08:53:27.532+0000] {dag.py:2585} INFO - Sync 1 DAGs
[2025-01-27T08:53:27.583+0000] {logging_mixin.py:120} INFO - [2025-01-27T08:53:27.583+0000] {dag.py:3340} INFO - Setting next_dagrun for latest_only_with_trigger to 2025-01-27T04:53:27.582784+00:00, run_after=2025-01-27T08:53:27.582784+00:00
[2025-01-27T08:53:27.619+0000] {processor.py:176} INFO - Processing /home/airflow/.local/lib/python3.7/site-packages/airflow/example_dags/example_latest_only_with_trigger.py took 0.227 seconds
[2025-01-27T08:53:57.905+0000] {processor.py:154} INFO - Started process (PID=2338) to work on /home/airflow/.local/lib/python3.7/site-packages/airflow/example_dags/example_latest_only_with_trigger.py
[2025-01-27T08:53:57.907+0000] {processor.py:756} INFO - Processing file /home/airflow/.local/lib/python3.7/site-packages/airflow/example_dags/example_latest_only_with_trigger.py for tasks to queue
[2025-01-27T08:53:57.909+0000] {logging_mixin.py:120} INFO - [2025-01-27T08:53:57.909+0000] {dagbag.py:537} INFO - Filling up the DagBag from /home/airflow/.local/lib/python3.7/site-packages/airflow/example_dags/example_latest_only_with_trigger.py
[2025-01-27T08:53:57.935+0000] {processor.py:766} INFO - DAG(s) dict_keys(['latest_only_with_trigger']) retrieved from /home/airflow/.local/lib/python3.7/site-packages/airflow/example_dags/example_latest_only_with_trigger.py
[2025-01-27T08:53:58.005+0000] {logging_mixin.py:120} INFO - [2025-01-27T08:53:58.005+0000] {dag.py:2585} INFO - Sync 1 DAGs
[2025-01-27T08:53:58.051+0000] {logging_mixin.py:120} INFO - [2025-01-27T08:53:58.050+0000] {dag.py:3340} INFO - Setting next_dagrun for latest_only_with_trigger to 2025-01-27T04:53:58.050567+00:00, run_after=2025-01-27T08:53:58.050567+00:00
[2025-01-27T08:53:58.093+0000] {processor.py:176} INFO - Processing /home/airflow/.local/lib/python3.7/site-packages/airflow/example_dags/example_latest_only_with_trigger.py took 0.195 seconds
[2025-01-27T08:54:28.684+0000] {processor.py:154} INFO - Started process (PID=2392) to work on /home/airflow/.local/lib/python3.7/site-packages/airflow/example_dags/example_latest_only_with_trigger.py
[2025-01-27T08:54:28.685+0000] {processor.py:756} INFO - Processing file /home/airflow/.local/lib/python3.7/site-packages/airflow/example_dags/example_latest_only_with_trigger.py for tasks to queue
[2025-01-27T08:54:28.687+0000] {logging_mixin.py:120} INFO - [2025-01-27T08:54:28.686+0000] {dagbag.py:537} INFO - Filling up the DagBag from /home/airflow/.local/lib/python3.7/site-packages/airflow/example_dags/example_latest_only_with_trigger.py
[2025-01-27T08:54:28.711+0000] {processor.py:766} INFO - DAG(s) dict_keys(['latest_only_with_trigger']) retrieved from /home/airflow/.local/lib/python3.7/site-packages/airflow/example_dags/example_latest_only_with_trigger.py
[2025-01-27T08:54:28.809+0000] {logging_mixin.py:120} INFO - [2025-01-27T08:54:28.809+0000] {dag.py:2585} INFO - Sync 1 DAGs
[2025-01-27T08:54:28.861+0000] {logging_mixin.py:120} INFO - [2025-01-27T08:54:28.861+0000] {dag.py:3340} INFO - Setting next_dagrun for latest_only_with_trigger to 2025-01-27T04:54:28.861182+00:00, run_after=2025-01-27T08:54:28.861182+00:00
[2025-01-27T08:54:28.894+0000] {processor.py:176} INFO - Processing /home/airflow/.local/lib/python3.7/site-packages/airflow/example_dags/example_latest_only_with_trigger.py took 0.216 seconds
[2025-01-27T08:54:59.491+0000] {processor.py:154} INFO - Started process (PID=2455) to work on /home/airflow/.local/lib/python3.7/site-packages/airflow/example_dags/example_latest_only_with_trigger.py
[2025-01-27T08:54:59.493+0000] {processor.py:756} INFO - Processing file /home/airflow/.local/lib/python3.7/site-packages/airflow/example_dags/example_latest_only_with_trigger.py for tasks to queue
[2025-01-27T08:54:59.495+0000] {logging_mixin.py:120} INFO - [2025-01-27T08:54:59.495+0000] {dagbag.py:537} INFO - Filling up the DagBag from /home/airflow/.local/lib/python3.7/site-packages/airflow/example_dags/example_latest_only_with_trigger.py
[2025-01-27T08:54:59.525+0000] {processor.py:766} INFO - DAG(s) dict_keys(['latest_only_with_trigger']) retrieved from /home/airflow/.local/lib/python3.7/site-packages/airflow/example_dags/example_latest_only_with_trigger.py
[2025-01-27T08:54:59.605+0000] {logging_mixin.py:120} INFO - [2025-01-27T08:54:59.604+0000] {dag.py:2585} INFO - Sync 1 DAGs
[2025-01-27T08:54:59.652+0000] {logging_mixin.py:120} INFO - [2025-01-27T08:54:59.651+0000] {dag.py:3340} INFO - Setting next_dagrun for latest_only_with_trigger to 2025-01-27T04:54:59.651267+00:00, run_after=2025-01-27T08:54:59.651267+00:00
[2025-01-27T08:54:59.689+0000] {processor.py:176} INFO - Processing /home/airflow/.local/lib/python3.7/site-packages/airflow/example_dags/example_latest_only_with_trigger.py took 0.203 seconds
[2025-01-27T08:55:30.492+0000] {processor.py:154} INFO - Started process (PID=2508) to work on /home/airflow/.local/lib/python3.7/site-packages/airflow/example_dags/example_latest_only_with_trigger.py
[2025-01-27T08:55:30.495+0000] {processor.py:756} INFO - Processing file /home/airflow/.local/lib/python3.7/site-packages/airflow/example_dags/example_latest_only_with_trigger.py for tasks to queue
[2025-01-27T08:55:30.496+0000] {logging_mixin.py:120} INFO - [2025-01-27T08:55:30.496+0000] {dagbag.py:537} INFO - Filling up the DagBag from /home/airflow/.local/lib/python3.7/site-packages/airflow/example_dags/example_latest_only_with_trigger.py
[2025-01-27T08:55:30.525+0000] {processor.py:766} INFO - DAG(s) dict_keys(['latest_only_with_trigger']) retrieved from /home/airflow/.local/lib/python3.7/site-packages/airflow/example_dags/example_latest_only_with_trigger.py
[2025-01-27T08:55:30.602+0000] {logging_mixin.py:120} INFO - [2025-01-27T08:55:30.602+0000] {dag.py:2585} INFO - Sync 1 DAGs
[2025-01-27T08:55:30.655+0000] {logging_mixin.py:120} INFO - [2025-01-27T08:55:30.655+0000] {dag.py:3340} INFO - Setting next_dagrun for latest_only_with_trigger to 2025-01-27T04:55:30.654652+00:00, run_after=2025-01-27T08:55:30.654652+00:00
[2025-01-27T08:55:30.699+0000] {processor.py:176} INFO - Processing /home/airflow/.local/lib/python3.7/site-packages/airflow/example_dags/example_latest_only_with_trigger.py took 0.213 seconds
[2025-01-27T08:56:01.312+0000] {processor.py:154} INFO - Started process (PID=2570) to work on /home/airflow/.local/lib/python3.7/site-packages/airflow/example_dags/example_latest_only_with_trigger.py
[2025-01-27T08:56:01.314+0000] {processor.py:756} INFO - Processing file /home/airflow/.local/lib/python3.7/site-packages/airflow/example_dags/example_latest_only_with_trigger.py for tasks to queue
[2025-01-27T08:56:01.316+0000] {logging_mixin.py:120} INFO - [2025-01-27T08:56:01.315+0000] {dagbag.py:537} INFO - Filling up the DagBag from /home/airflow/.local/lib/python3.7/site-packages/airflow/example_dags/example_latest_only_with_trigger.py
[2025-01-27T08:56:01.349+0000] {processor.py:766} INFO - DAG(s) dict_keys(['latest_only_with_trigger']) retrieved from /home/airflow/.local/lib/python3.7/site-packages/airflow/example_dags/example_latest_only_with_trigger.py
[2025-01-27T08:56:01.439+0000] {logging_mixin.py:120} INFO - [2025-01-27T08:56:01.438+0000] {dag.py:2585} INFO - Sync 1 DAGs
[2025-01-27T08:56:01.489+0000] {logging_mixin.py:120} INFO - [2025-01-27T08:56:01.489+0000] {dag.py:3340} INFO - Setting next_dagrun for latest_only_with_trigger to 2025-01-27T04:56:01.489264+00:00, run_after=2025-01-27T08:56:01.489264+00:00
[2025-01-27T08:56:01.530+0000] {processor.py:176} INFO - Processing /home/airflow/.local/lib/python3.7/site-packages/airflow/example_dags/example_latest_only_with_trigger.py took 0.225 seconds
[2025-01-27T08:56:32.175+0000] {processor.py:154} INFO - Started process (PID=2624) to work on /home/airflow/.local/lib/python3.7/site-packages/airflow/example_dags/example_latest_only_with_trigger.py
[2025-01-27T08:56:32.177+0000] {processor.py:756} INFO - Processing file /home/airflow/.local/lib/python3.7/site-packages/airflow/example_dags/example_latest_only_with_trigger.py for tasks to queue
[2025-01-27T08:56:32.179+0000] {logging_mixin.py:120} INFO - [2025-01-27T08:56:32.179+0000] {dagbag.py:537} INFO - Filling up the DagBag from /home/airflow/.local/lib/python3.7/site-packages/airflow/example_dags/example_latest_only_with_trigger.py
[2025-01-27T08:56:32.210+0000] {processor.py:766} INFO - DAG(s) dict_keys(['latest_only_with_trigger']) retrieved from /home/airflow/.local/lib/python3.7/site-packages/airflow/example_dags/example_latest_only_with_trigger.py
[2025-01-27T08:56:32.302+0000] {logging_mixin.py:120} INFO - [2025-01-27T08:56:32.302+0000] {dag.py:2585} INFO - Sync 1 DAGs
[2025-01-27T08:56:32.354+0000] {logging_mixin.py:120} INFO - [2025-01-27T08:56:32.354+0000] {dag.py:3340} INFO - Setting next_dagrun for latest_only_with_trigger to 2025-01-27T04:56:32.354008+00:00, run_after=2025-01-27T08:56:32.354008+00:00
[2025-01-27T08:56:32.398+0000] {processor.py:176} INFO - Processing /home/airflow/.local/lib/python3.7/site-packages/airflow/example_dags/example_latest_only_with_trigger.py took 0.231 seconds
[2025-01-27T08:57:02.986+0000] {processor.py:154} INFO - Started process (PID=2685) to work on /home/airflow/.local/lib/python3.7/site-packages/airflow/example_dags/example_latest_only_with_trigger.py
[2025-01-27T08:57:02.988+0000] {processor.py:756} INFO - Processing file /home/airflow/.local/lib/python3.7/site-packages/airflow/example_dags/example_latest_only_with_trigger.py for tasks to queue
[2025-01-27T08:57:02.989+0000] {logging_mixin.py:120} INFO - [2025-01-27T08:57:02.989+0000] {dagbag.py:537} INFO - Filling up the DagBag from /home/airflow/.local/lib/python3.7/site-packages/airflow/example_dags/example_latest_only_with_trigger.py
[2025-01-27T08:57:03.023+0000] {processor.py:766} INFO - DAG(s) dict_keys(['latest_only_with_trigger']) retrieved from /home/airflow/.local/lib/python3.7/site-packages/airflow/example_dags/example_latest_only_with_trigger.py
[2025-01-27T08:57:03.100+0000] {logging_mixin.py:120} INFO - [2025-01-27T08:57:03.100+0000] {dag.py:2585} INFO - Sync 1 DAGs
[2025-01-27T08:57:03.146+0000] {logging_mixin.py:120} INFO - [2025-01-27T08:57:03.146+0000] {dag.py:3340} INFO - Setting next_dagrun for latest_only_with_trigger to 2025-01-27T04:57:03.146322+00:00, run_after=2025-01-27T08:57:03.146322+00:00
[2025-01-27T08:57:03.181+0000] {processor.py:176} INFO - Processing /home/airflow/.local/lib/python3.7/site-packages/airflow/example_dags/example_latest_only_with_trigger.py took 0.200 seconds
[2025-01-27T08:57:33.454+0000] {processor.py:154} INFO - Started process (PID=2738) to work on /home/airflow/.local/lib/python3.7/site-packages/airflow/example_dags/example_latest_only_with_trigger.py
[2025-01-27T08:57:33.455+0000] {processor.py:756} INFO - Processing file /home/airflow/.local/lib/python3.7/site-packages/airflow/example_dags/example_latest_only_with_trigger.py for tasks to queue
[2025-01-27T08:57:33.457+0000] {logging_mixin.py:120} INFO - [2025-01-27T08:57:33.457+0000] {dagbag.py:537} INFO - Filling up the DagBag from /home/airflow/.local/lib/python3.7/site-packages/airflow/example_dags/example_latest_only_with_trigger.py
[2025-01-27T08:57:33.487+0000] {processor.py:766} INFO - DAG(s) dict_keys(['latest_only_with_trigger']) retrieved from /home/airflow/.local/lib/python3.7/site-packages/airflow/example_dags/example_latest_only_with_trigger.py
[2025-01-27T08:57:33.575+0000] {logging_mixin.py:120} INFO - [2025-01-27T08:57:33.574+0000] {dag.py:2585} INFO - Sync 1 DAGs
[2025-01-27T08:57:33.627+0000] {logging_mixin.py:120} INFO - [2025-01-27T08:57:33.626+0000] {dag.py:3340} INFO - Setting next_dagrun for latest_only_with_trigger to 2025-01-27T04:57:33.626455+00:00, run_after=2025-01-27T08:57:33.626455+00:00
[2025-01-27T08:57:33.666+0000] {processor.py:176} INFO - Processing /home/airflow/.local/lib/python3.7/site-packages/airflow/example_dags/example_latest_only_with_trigger.py took 0.217 seconds
[2025-01-27T08:58:04.080+0000] {processor.py:154} INFO - Started process (PID=2800) to work on /home/airflow/.local/lib/python3.7/site-packages/airflow/example_dags/example_latest_only_with_trigger.py
[2025-01-27T08:58:04.082+0000] {processor.py:756} INFO - Processing file /home/airflow/.local/lib/python3.7/site-packages/airflow/example_dags/example_latest_only_with_trigger.py for tasks to queue
[2025-01-27T08:58:04.083+0000] {logging_mixin.py:120} INFO - [2025-01-27T08:58:04.083+0000] {dagbag.py:537} INFO - Filling up the DagBag from /home/airflow/.local/lib/python3.7/site-packages/airflow/example_dags/example_latest_only_with_trigger.py
[2025-01-27T08:58:04.111+0000] {processor.py:766} INFO - DAG(s) dict_keys(['latest_only_with_trigger']) retrieved from /home/airflow/.local/lib/python3.7/site-packages/airflow/example_dags/example_latest_only_with_trigger.py
[2025-01-27T08:58:04.202+0000] {logging_mixin.py:120} INFO - [2025-01-27T08:58:04.202+0000] {dag.py:2585} INFO - Sync 1 DAGs
[2025-01-27T08:58:04.335+0000] {logging_mixin.py:120} INFO - [2025-01-27T08:58:04.333+0000] {dag.py:3340} INFO - Setting next_dagrun for latest_only_with_trigger to 2025-01-27T04:58:04.333316+00:00, run_after=2025-01-27T08:58:04.333316+00:00
[2025-01-27T08:58:04.384+0000] {processor.py:176} INFO - Processing /home/airflow/.local/lib/python3.7/site-packages/airflow/example_dags/example_latest_only_with_trigger.py took 0.311 seconds
[2025-01-27T08:58:34.636+0000] {processor.py:154} INFO - Started process (PID=2854) to work on /home/airflow/.local/lib/python3.7/site-packages/airflow/example_dags/example_latest_only_with_trigger.py
[2025-01-27T08:58:34.638+0000] {processor.py:756} INFO - Processing file /home/airflow/.local/lib/python3.7/site-packages/airflow/example_dags/example_latest_only_with_trigger.py for tasks to queue
[2025-01-27T08:58:34.641+0000] {logging_mixin.py:120} INFO - [2025-01-27T08:58:34.640+0000] {dagbag.py:537} INFO - Filling up the DagBag from /home/airflow/.local/lib/python3.7/site-packages/airflow/example_dags/example_latest_only_with_trigger.py
[2025-01-27T08:58:34.666+0000] {processor.py:766} INFO - DAG(s) dict_keys(['latest_only_with_trigger']) retrieved from /home/airflow/.local/lib/python3.7/site-packages/airflow/example_dags/example_latest_only_with_trigger.py
[2025-01-27T08:58:34.754+0000] {logging_mixin.py:120} INFO - [2025-01-27T08:58:34.754+0000] {dag.py:2585} INFO - Sync 1 DAGs
[2025-01-27T08:58:34.810+0000] {logging_mixin.py:120} INFO - [2025-01-27T08:58:34.810+0000] {dag.py:3340} INFO - Setting next_dagrun for latest_only_with_trigger to 2025-01-27T04:58:34.809696+00:00, run_after=2025-01-27T08:58:34.809696+00:00
[2025-01-27T08:58:34.860+0000] {processor.py:176} INFO - Processing /home/airflow/.local/lib/python3.7/site-packages/airflow/example_dags/example_latest_only_with_trigger.py took 0.230 seconds
[2025-01-27T08:59:04.961+0000] {processor.py:154} INFO - Started process (PID=2916) to work on /home/airflow/.local/lib/python3.7/site-packages/airflow/example_dags/example_latest_only_with_trigger.py
[2025-01-27T08:59:04.963+0000] {processor.py:756} INFO - Processing file /home/airflow/.local/lib/python3.7/site-packages/airflow/example_dags/example_latest_only_with_trigger.py for tasks to queue
[2025-01-27T08:59:04.964+0000] {logging_mixin.py:120} INFO - [2025-01-27T08:59:04.964+0000] {dagbag.py:537} INFO - Filling up the DagBag from /home/airflow/.local/lib/python3.7/site-packages/airflow/example_dags/example_latest_only_with_trigger.py
[2025-01-27T08:59:04.993+0000] {processor.py:766} INFO - DAG(s) dict_keys(['latest_only_with_trigger']) retrieved from /home/airflow/.local/lib/python3.7/site-packages/airflow/example_dags/example_latest_only_with_trigger.py
[2025-01-27T08:59:05.084+0000] {logging_mixin.py:120} INFO - [2025-01-27T08:59:05.084+0000] {dag.py:2585} INFO - Sync 1 DAGs
[2025-01-27T08:59:05.146+0000] {logging_mixin.py:120} INFO - [2025-01-27T08:59:05.146+0000] {dag.py:3340} INFO - Setting next_dagrun for latest_only_with_trigger to 2025-01-27T04:59:05.146049+00:00, run_after=2025-01-27T08:59:05.146049+00:00
[2025-01-27T08:59:05.185+0000] {processor.py:176} INFO - Processing /home/airflow/.local/lib/python3.7/site-packages/airflow/example_dags/example_latest_only_with_trigger.py took 0.229 seconds
[2025-01-27T08:59:35.467+0000] {processor.py:154} INFO - Started process (PID=2969) to work on /home/airflow/.local/lib/python3.7/site-packages/airflow/example_dags/example_latest_only_with_trigger.py
[2025-01-27T08:59:35.468+0000] {processor.py:756} INFO - Processing file /home/airflow/.local/lib/python3.7/site-packages/airflow/example_dags/example_latest_only_with_trigger.py for tasks to queue
[2025-01-27T08:59:35.470+0000] {logging_mixin.py:120} INFO - [2025-01-27T08:59:35.469+0000] {dagbag.py:537} INFO - Filling up the DagBag from /home/airflow/.local/lib/python3.7/site-packages/airflow/example_dags/example_latest_only_with_trigger.py
[2025-01-27T08:59:35.499+0000] {processor.py:766} INFO - DAG(s) dict_keys(['latest_only_with_trigger']) retrieved from /home/airflow/.local/lib/python3.7/site-packages/airflow/example_dags/example_latest_only_with_trigger.py
[2025-01-27T08:59:35.588+0000] {logging_mixin.py:120} INFO - [2025-01-27T08:59:35.587+0000] {dag.py:2585} INFO - Sync 1 DAGs
[2025-01-27T08:59:35.635+0000] {logging_mixin.py:120} INFO - [2025-01-27T08:59:35.635+0000] {dag.py:3340} INFO - Setting next_dagrun for latest_only_with_trigger to 2025-01-27T04:59:35.634878+00:00, run_after=2025-01-27T08:59:35.634878+00:00
[2025-01-27T08:59:35.679+0000] {processor.py:176} INFO - Processing /home/airflow/.local/lib/python3.7/site-packages/airflow/example_dags/example_latest_only_with_trigger.py took 0.218 seconds
[2025-01-27T09:00:06.049+0000] {processor.py:154} INFO - Started process (PID=3023) to work on /home/airflow/.local/lib/python3.7/site-packages/airflow/example_dags/example_latest_only_with_trigger.py
[2025-01-27T09:00:06.051+0000] {processor.py:756} INFO - Processing file /home/airflow/.local/lib/python3.7/site-packages/airflow/example_dags/example_latest_only_with_trigger.py for tasks to queue
[2025-01-27T09:00:06.053+0000] {logging_mixin.py:120} INFO - [2025-01-27T09:00:06.052+0000] {dagbag.py:537} INFO - Filling up the DagBag from /home/airflow/.local/lib/python3.7/site-packages/airflow/example_dags/example_latest_only_with_trigger.py
[2025-01-27T09:00:06.082+0000] {processor.py:766} INFO - DAG(s) dict_keys(['latest_only_with_trigger']) retrieved from /home/airflow/.local/lib/python3.7/site-packages/airflow/example_dags/example_latest_only_with_trigger.py
[2025-01-27T09:00:06.168+0000] {logging_mixin.py:120} INFO - [2025-01-27T09:00:06.168+0000] {dag.py:2585} INFO - Sync 1 DAGs
[2025-01-27T09:00:06.222+0000] {logging_mixin.py:120} INFO - [2025-01-27T09:00:06.222+0000] {dag.py:3340} INFO - Setting next_dagrun for latest_only_with_trigger to 2025-01-27T05:00:06.222317+00:00, run_after=2025-01-27T09:00:06.222317+00:00
[2025-01-27T09:00:06.259+0000] {processor.py:176} INFO - Processing /home/airflow/.local/lib/python3.7/site-packages/airflow/example_dags/example_latest_only_with_trigger.py took 0.219 seconds
[2025-01-27T09:00:36.912+0000] {processor.py:154} INFO - Started process (PID=3085) to work on /home/airflow/.local/lib/python3.7/site-packages/airflow/example_dags/example_latest_only_with_trigger.py
[2025-01-27T09:00:36.914+0000] {processor.py:756} INFO - Processing file /home/airflow/.local/lib/python3.7/site-packages/airflow/example_dags/example_latest_only_with_trigger.py for tasks to queue
[2025-01-27T09:00:36.915+0000] {logging_mixin.py:120} INFO - [2025-01-27T09:00:36.915+0000] {dagbag.py:537} INFO - Filling up the DagBag from /home/airflow/.local/lib/python3.7/site-packages/airflow/example_dags/example_latest_only_with_trigger.py
[2025-01-27T09:00:36.940+0000] {processor.py:766} INFO - DAG(s) dict_keys(['latest_only_with_trigger']) retrieved from /home/airflow/.local/lib/python3.7/site-packages/airflow/example_dags/example_latest_only_with_trigger.py
[2025-01-27T09:00:37.020+0000] {logging_mixin.py:120} INFO - [2025-01-27T09:00:37.020+0000] {dag.py:2585} INFO - Sync 1 DAGs
[2025-01-27T09:00:37.071+0000] {logging_mixin.py:120} INFO - [2025-01-27T09:00:37.071+0000] {dag.py:3340} INFO - Setting next_dagrun for latest_only_with_trigger to 2025-01-27T05:00:37.071126+00:00, run_after=2025-01-27T09:00:37.071126+00:00
[2025-01-27T09:00:37.106+0000] {processor.py:176} INFO - Processing /home/airflow/.local/lib/python3.7/site-packages/airflow/example_dags/example_latest_only_with_trigger.py took 0.202 seconds
[2025-01-27T09:01:07.767+0000] {processor.py:154} INFO - Started process (PID=3139) to work on /home/airflow/.local/lib/python3.7/site-packages/airflow/example_dags/example_latest_only_with_trigger.py
[2025-01-27T09:01:07.770+0000] {processor.py:756} INFO - Processing file /home/airflow/.local/lib/python3.7/site-packages/airflow/example_dags/example_latest_only_with_trigger.py for tasks to queue
[2025-01-27T09:01:07.778+0000] {logging_mixin.py:120} INFO - [2025-01-27T09:01:07.778+0000] {dagbag.py:537} INFO - Filling up the DagBag from /home/airflow/.local/lib/python3.7/site-packages/airflow/example_dags/example_latest_only_with_trigger.py
[2025-01-27T09:01:07.816+0000] {processor.py:766} INFO - DAG(s) dict_keys(['latest_only_with_trigger']) retrieved from /home/airflow/.local/lib/python3.7/site-packages/airflow/example_dags/example_latest_only_with_trigger.py
[2025-01-27T09:01:07.924+0000] {logging_mixin.py:120} INFO - [2025-01-27T09:01:07.924+0000] {dag.py:2585} INFO - Sync 1 DAGs
[2025-01-27T09:01:07.968+0000] {logging_mixin.py:120} INFO - [2025-01-27T09:01:07.968+0000] {dag.py:3340} INFO - Setting next_dagrun for latest_only_with_trigger to 2025-01-27T05:01:07.967951+00:00, run_after=2025-01-27T09:01:07.967951+00:00
[2025-01-27T09:01:08.002+0000] {processor.py:176} INFO - Processing /home/airflow/.local/lib/python3.7/site-packages/airflow/example_dags/example_latest_only_with_trigger.py took 0.242 seconds
[2025-01-27T09:01:38.036+0000] {processor.py:154} INFO - Started process (PID=3201) to work on /home/airflow/.local/lib/python3.7/site-packages/airflow/example_dags/example_latest_only_with_trigger.py
[2025-01-27T09:01:38.037+0000] {processor.py:756} INFO - Processing file /home/airflow/.local/lib/python3.7/site-packages/airflow/example_dags/example_latest_only_with_trigger.py for tasks to queue
[2025-01-27T09:01:38.041+0000] {logging_mixin.py:120} INFO - [2025-01-27T09:01:38.040+0000] {dagbag.py:537} INFO - Filling up the DagBag from /home/airflow/.local/lib/python3.7/site-packages/airflow/example_dags/example_latest_only_with_trigger.py
[2025-01-27T09:01:38.076+0000] {processor.py:766} INFO - DAG(s) dict_keys(['latest_only_with_trigger']) retrieved from /home/airflow/.local/lib/python3.7/site-packages/airflow/example_dags/example_latest_only_with_trigger.py
[2025-01-27T09:01:38.158+0000] {logging_mixin.py:120} INFO - [2025-01-27T09:01:38.158+0000] {dag.py:2585} INFO - Sync 1 DAGs
[2025-01-27T09:01:38.203+0000] {logging_mixin.py:120} INFO - [2025-01-27T09:01:38.203+0000] {dag.py:3340} INFO - Setting next_dagrun for latest_only_with_trigger to 2025-01-27T05:01:38.203390+00:00, run_after=2025-01-27T09:01:38.203390+00:00
[2025-01-27T09:01:38.237+0000] {processor.py:176} INFO - Processing /home/airflow/.local/lib/python3.7/site-packages/airflow/example_dags/example_latest_only_with_trigger.py took 0.207 seconds
[2025-01-27T09:02:08.409+0000] {processor.py:154} INFO - Started process (PID=3255) to work on /home/airflow/.local/lib/python3.7/site-packages/airflow/example_dags/example_latest_only_with_trigger.py
[2025-01-27T09:02:08.411+0000] {processor.py:756} INFO - Processing file /home/airflow/.local/lib/python3.7/site-packages/airflow/example_dags/example_latest_only_with_trigger.py for tasks to queue
[2025-01-27T09:02:08.413+0000] {logging_mixin.py:120} INFO - [2025-01-27T09:02:08.413+0000] {dagbag.py:537} INFO - Filling up the DagBag from /home/airflow/.local/lib/python3.7/site-packages/airflow/example_dags/example_latest_only_with_trigger.py
[2025-01-27T09:02:08.447+0000] {processor.py:766} INFO - DAG(s) dict_keys(['latest_only_with_trigger']) retrieved from /home/airflow/.local/lib/python3.7/site-packages/airflow/example_dags/example_latest_only_with_trigger.py
[2025-01-27T09:02:08.521+0000] {logging_mixin.py:120} INFO - [2025-01-27T09:02:08.521+0000] {dag.py:2585} INFO - Sync 1 DAGs
[2025-01-27T09:02:08.570+0000] {logging_mixin.py:120} INFO - [2025-01-27T09:02:08.570+0000] {dag.py:3340} INFO - Setting next_dagrun for latest_only_with_trigger to 2025-01-27T05:02:08.569597+00:00, run_after=2025-01-27T09:02:08.569597+00:00
[2025-01-27T09:02:08.611+0000] {processor.py:176} INFO - Processing /home/airflow/.local/lib/python3.7/site-packages/airflow/example_dags/example_latest_only_with_trigger.py took 0.210 seconds
[2025-01-27T09:02:38.768+0000] {processor.py:154} INFO - Started process (PID=3318) to work on /home/airflow/.local/lib/python3.7/site-packages/airflow/example_dags/example_latest_only_with_trigger.py
[2025-01-27T09:02:38.775+0000] {processor.py:756} INFO - Processing file /home/airflow/.local/lib/python3.7/site-packages/airflow/example_dags/example_latest_only_with_trigger.py for tasks to queue
[2025-01-27T09:02:38.779+0000] {logging_mixin.py:120} INFO - [2025-01-27T09:02:38.779+0000] {dagbag.py:537} INFO - Filling up the DagBag from /home/airflow/.local/lib/python3.7/site-packages/airflow/example_dags/example_latest_only_with_trigger.py
[2025-01-27T09:02:38.809+0000] {processor.py:766} INFO - DAG(s) dict_keys(['latest_only_with_trigger']) retrieved from /home/airflow/.local/lib/python3.7/site-packages/airflow/example_dags/example_latest_only_with_trigger.py
[2025-01-27T09:02:38.896+0000] {logging_mixin.py:120} INFO - [2025-01-27T09:02:38.896+0000] {dag.py:2585} INFO - Sync 1 DAGs
[2025-01-27T09:02:38.953+0000] {logging_mixin.py:120} INFO - [2025-01-27T09:02:38.953+0000] {dag.py:3340} INFO - Setting next_dagrun for latest_only_with_trigger to 2025-01-27T05:02:38.952930+00:00, run_after=2025-01-27T09:02:38.952930+00:00
[2025-01-27T09:02:39.010+0000] {processor.py:176} INFO - Processing /home/airflow/.local/lib/python3.7/site-packages/airflow/example_dags/example_latest_only_with_trigger.py took 0.251 seconds
[2025-01-27T09:03:09.192+0000] {processor.py:154} INFO - Started process (PID=3371) to work on /home/airflow/.local/lib/python3.7/site-packages/airflow/example_dags/example_latest_only_with_trigger.py
[2025-01-27T09:03:09.193+0000] {processor.py:756} INFO - Processing file /home/airflow/.local/lib/python3.7/site-packages/airflow/example_dags/example_latest_only_with_trigger.py for tasks to queue
[2025-01-27T09:03:09.195+0000] {logging_mixin.py:120} INFO - [2025-01-27T09:03:09.194+0000] {dagbag.py:537} INFO - Filling up the DagBag from /home/airflow/.local/lib/python3.7/site-packages/airflow/example_dags/example_latest_only_with_trigger.py
[2025-01-27T09:03:09.219+0000] {processor.py:766} INFO - DAG(s) dict_keys(['latest_only_with_trigger']) retrieved from /home/airflow/.local/lib/python3.7/site-packages/airflow/example_dags/example_latest_only_with_trigger.py
[2025-01-27T09:03:09.292+0000] {logging_mixin.py:120} INFO - [2025-01-27T09:03:09.292+0000] {dag.py:2585} INFO - Sync 1 DAGs
[2025-01-27T09:03:09.349+0000] {logging_mixin.py:120} INFO - [2025-01-27T09:03:09.349+0000] {dag.py:3340} INFO - Setting next_dagrun for latest_only_with_trigger to 2025-01-27T05:03:09.348365+00:00, run_after=2025-01-27T09:03:09.348365+00:00
[2025-01-27T09:03:09.391+0000] {processor.py:176} INFO - Processing /home/airflow/.local/lib/python3.7/site-packages/airflow/example_dags/example_latest_only_with_trigger.py took 0.205 seconds
[2025-01-27T09:03:39.993+0000] {processor.py:154} INFO - Started process (PID=3424) to work on /home/airflow/.local/lib/python3.7/site-packages/airflow/example_dags/example_latest_only_with_trigger.py
[2025-01-27T09:03:39.995+0000] {processor.py:756} INFO - Processing file /home/airflow/.local/lib/python3.7/site-packages/airflow/example_dags/example_latest_only_with_trigger.py for tasks to queue
[2025-01-27T09:03:39.997+0000] {logging_mixin.py:120} INFO - [2025-01-27T09:03:39.996+0000] {dagbag.py:537} INFO - Filling up the DagBag from /home/airflow/.local/lib/python3.7/site-packages/airflow/example_dags/example_latest_only_with_trigger.py
[2025-01-27T09:03:40.048+0000] {processor.py:766} INFO - DAG(s) dict_keys(['latest_only_with_trigger']) retrieved from /home/airflow/.local/lib/python3.7/site-packages/airflow/example_dags/example_latest_only_with_trigger.py
[2025-01-27T09:03:40.167+0000] {logging_mixin.py:120} INFO - [2025-01-27T09:03:40.167+0000] {dag.py:2585} INFO - Sync 1 DAGs
[2025-01-27T09:03:40.225+0000] {logging_mixin.py:120} INFO - [2025-01-27T09:03:40.225+0000] {dag.py:3340} INFO - Setting next_dagrun for latest_only_with_trigger to 2025-01-27T05:03:40.224886+00:00, run_after=2025-01-27T09:03:40.224886+00:00
[2025-01-27T09:03:40.263+0000] {processor.py:176} INFO - Processing /home/airflow/.local/lib/python3.7/site-packages/airflow/example_dags/example_latest_only_with_trigger.py took 0.283 seconds
[2025-01-27T09:04:10.355+0000] {processor.py:154} INFO - Started process (PID=3487) to work on /home/airflow/.local/lib/python3.7/site-packages/airflow/example_dags/example_latest_only_with_trigger.py
[2025-01-27T09:04:10.358+0000] {processor.py:756} INFO - Processing file /home/airflow/.local/lib/python3.7/site-packages/airflow/example_dags/example_latest_only_with_trigger.py for tasks to queue
[2025-01-27T09:04:10.361+0000] {logging_mixin.py:120} INFO - [2025-01-27T09:04:10.361+0000] {dagbag.py:537} INFO - Filling up the DagBag from /home/airflow/.local/lib/python3.7/site-packages/airflow/example_dags/example_latest_only_with_trigger.py
[2025-01-27T09:04:10.395+0000] {processor.py:766} INFO - DAG(s) dict_keys(['latest_only_with_trigger']) retrieved from /home/airflow/.local/lib/python3.7/site-packages/airflow/example_dags/example_latest_only_with_trigger.py
[2025-01-27T09:04:10.493+0000] {logging_mixin.py:120} INFO - [2025-01-27T09:04:10.493+0000] {dag.py:2585} INFO - Sync 1 DAGs
[2025-01-27T09:04:10.545+0000] {logging_mixin.py:120} INFO - [2025-01-27T09:04:10.545+0000] {dag.py:3340} INFO - Setting next_dagrun for latest_only_with_trigger to 2025-01-27T05:04:10.544523+00:00, run_after=2025-01-27T09:04:10.544523+00:00
[2025-01-27T09:04:10.593+0000] {processor.py:176} INFO - Processing /home/airflow/.local/lib/python3.7/site-packages/airflow/example_dags/example_latest_only_with_trigger.py took 0.245 seconds
[2025-01-27T09:04:40.974+0000] {processor.py:154} INFO - Started process (PID=3541) to work on /home/airflow/.local/lib/python3.7/site-packages/airflow/example_dags/example_latest_only_with_trigger.py
[2025-01-27T09:04:40.976+0000] {processor.py:756} INFO - Processing file /home/airflow/.local/lib/python3.7/site-packages/airflow/example_dags/example_latest_only_with_trigger.py for tasks to queue
[2025-01-27T09:04:40.978+0000] {logging_mixin.py:120} INFO - [2025-01-27T09:04:40.978+0000] {dagbag.py:537} INFO - Filling up the DagBag from /home/airflow/.local/lib/python3.7/site-packages/airflow/example_dags/example_latest_only_with_trigger.py
[2025-01-27T09:04:41.014+0000] {processor.py:766} INFO - DAG(s) dict_keys(['latest_only_with_trigger']) retrieved from /home/airflow/.local/lib/python3.7/site-packages/airflow/example_dags/example_latest_only_with_trigger.py
[2025-01-27T09:04:41.101+0000] {logging_mixin.py:120} INFO - [2025-01-27T09:04:41.101+0000] {dag.py:2585} INFO - Sync 1 DAGs
[2025-01-27T09:04:41.158+0000] {logging_mixin.py:120} INFO - [2025-01-27T09:04:41.158+0000] {dag.py:3340} INFO - Setting next_dagrun for latest_only_with_trigger to 2025-01-27T05:04:41.158024+00:00, run_after=2025-01-27T09:04:41.158024+00:00
[2025-01-27T09:04:41.207+0000] {processor.py:176} INFO - Processing /home/airflow/.local/lib/python3.7/site-packages/airflow/example_dags/example_latest_only_with_trigger.py took 0.240 seconds
[2025-01-27T09:05:11.401+0000] {processor.py:154} INFO - Started process (PID=3603) to work on /home/airflow/.local/lib/python3.7/site-packages/airflow/example_dags/example_latest_only_with_trigger.py
[2025-01-27T09:05:11.402+0000] {processor.py:756} INFO - Processing file /home/airflow/.local/lib/python3.7/site-packages/airflow/example_dags/example_latest_only_with_trigger.py for tasks to queue
[2025-01-27T09:05:11.404+0000] {logging_mixin.py:120} INFO - [2025-01-27T09:05:11.403+0000] {dagbag.py:537} INFO - Filling up the DagBag from /home/airflow/.local/lib/python3.7/site-packages/airflow/example_dags/example_latest_only_with_trigger.py
[2025-01-27T09:05:11.446+0000] {processor.py:766} INFO - DAG(s) dict_keys(['latest_only_with_trigger']) retrieved from /home/airflow/.local/lib/python3.7/site-packages/airflow/example_dags/example_latest_only_with_trigger.py
[2025-01-27T09:05:11.537+0000] {logging_mixin.py:120} INFO - [2025-01-27T09:05:11.537+0000] {dag.py:2585} INFO - Sync 1 DAGs
[2025-01-27T09:05:11.599+0000] {logging_mixin.py:120} INFO - [2025-01-27T09:05:11.598+0000] {dag.py:3340} INFO - Setting next_dagrun for latest_only_with_trigger to 2025-01-27T05:05:11.598234+00:00, run_after=2025-01-27T09:05:11.598234+00:00
[2025-01-27T09:05:11.653+0000] {processor.py:176} INFO - Processing /home/airflow/.local/lib/python3.7/site-packages/airflow/example_dags/example_latest_only_with_trigger.py took 0.258 seconds
[2025-01-27T09:05:41.874+0000] {processor.py:154} INFO - Started process (PID=3656) to work on /home/airflow/.local/lib/python3.7/site-packages/airflow/example_dags/example_latest_only_with_trigger.py
[2025-01-27T09:05:41.875+0000] {processor.py:756} INFO - Processing file /home/airflow/.local/lib/python3.7/site-packages/airflow/example_dags/example_latest_only_with_trigger.py for tasks to queue
[2025-01-27T09:05:41.876+0000] {logging_mixin.py:120} INFO - [2025-01-27T09:05:41.876+0000] {dagbag.py:537} INFO - Filling up the DagBag from /home/airflow/.local/lib/python3.7/site-packages/airflow/example_dags/example_latest_only_with_trigger.py
[2025-01-27T09:05:41.903+0000] {processor.py:766} INFO - DAG(s) dict_keys(['latest_only_with_trigger']) retrieved from /home/airflow/.local/lib/python3.7/site-packages/airflow/example_dags/example_latest_only_with_trigger.py
[2025-01-27T09:05:41.986+0000] {logging_mixin.py:120} INFO - [2025-01-27T09:05:41.986+0000] {dag.py:2585} INFO - Sync 1 DAGs
[2025-01-27T09:05:42.040+0000] {logging_mixin.py:120} INFO - [2025-01-27T09:05:42.039+0000] {dag.py:3340} INFO - Setting next_dagrun for latest_only_with_trigger to 2025-01-27T05:05:42.038884+00:00, run_after=2025-01-27T09:05:42.038884+00:00
[2025-01-27T09:05:42.087+0000] {processor.py:176} INFO - Processing /home/airflow/.local/lib/python3.7/site-packages/airflow/example_dags/example_latest_only_with_trigger.py took 0.220 seconds
[2025-01-27T09:06:12.318+0000] {processor.py:154} INFO - Started process (PID=3709) to work on /home/airflow/.local/lib/python3.7/site-packages/airflow/example_dags/example_latest_only_with_trigger.py
[2025-01-27T09:06:12.319+0000] {processor.py:756} INFO - Processing file /home/airflow/.local/lib/python3.7/site-packages/airflow/example_dags/example_latest_only_with_trigger.py for tasks to queue
[2025-01-27T09:06:12.320+0000] {logging_mixin.py:120} INFO - [2025-01-27T09:06:12.320+0000] {dagbag.py:537} INFO - Filling up the DagBag from /home/airflow/.local/lib/python3.7/site-packages/airflow/example_dags/example_latest_only_with_trigger.py
[2025-01-27T09:06:12.347+0000] {processor.py:766} INFO - DAG(s) dict_keys(['latest_only_with_trigger']) retrieved from /home/airflow/.local/lib/python3.7/site-packages/airflow/example_dags/example_latest_only_with_trigger.py
[2025-01-27T09:06:12.433+0000] {logging_mixin.py:120} INFO - [2025-01-27T09:06:12.433+0000] {dag.py:2585} INFO - Sync 1 DAGs
[2025-01-27T09:06:12.492+0000] {logging_mixin.py:120} INFO - [2025-01-27T09:06:12.492+0000] {dag.py:3340} INFO - Setting next_dagrun for latest_only_with_trigger to 2025-01-27T05:06:12.491748+00:00, run_after=2025-01-27T09:06:12.491748+00:00
[2025-01-27T09:06:12.531+0000] {processor.py:176} INFO - Processing /home/airflow/.local/lib/python3.7/site-packages/airflow/example_dags/example_latest_only_with_trigger.py took 0.221 seconds
[2025-01-27T09:06:42.767+0000] {processor.py:154} INFO - Started process (PID=3771) to work on /home/airflow/.local/lib/python3.7/site-packages/airflow/example_dags/example_latest_only_with_trigger.py
[2025-01-27T09:06:42.769+0000] {processor.py:756} INFO - Processing file /home/airflow/.local/lib/python3.7/site-packages/airflow/example_dags/example_latest_only_with_trigger.py for tasks to queue
[2025-01-27T09:06:42.770+0000] {logging_mixin.py:120} INFO - [2025-01-27T09:06:42.770+0000] {dagbag.py:537} INFO - Filling up the DagBag from /home/airflow/.local/lib/python3.7/site-packages/airflow/example_dags/example_latest_only_with_trigger.py
[2025-01-27T09:06:42.795+0000] {processor.py:766} INFO - DAG(s) dict_keys(['latest_only_with_trigger']) retrieved from /home/airflow/.local/lib/python3.7/site-packages/airflow/example_dags/example_latest_only_with_trigger.py
[2025-01-27T09:06:42.880+0000] {logging_mixin.py:120} INFO - [2025-01-27T09:06:42.880+0000] {dag.py:2585} INFO - Sync 1 DAGs
[2025-01-27T09:06:42.927+0000] {logging_mixin.py:120} INFO - [2025-01-27T09:06:42.927+0000] {dag.py:3340} INFO - Setting next_dagrun for latest_only_with_trigger to 2025-01-27T05:06:42.926804+00:00, run_after=2025-01-27T09:06:42.926804+00:00
[2025-01-27T09:06:43.072+0000] {processor.py:176} INFO - Processing /home/airflow/.local/lib/python3.7/site-packages/airflow/example_dags/example_latest_only_with_trigger.py took 0.310 seconds
[2025-01-27T09:07:13.951+0000] {processor.py:154} INFO - Started process (PID=3825) to work on /home/airflow/.local/lib/python3.7/site-packages/airflow/example_dags/example_latest_only_with_trigger.py
[2025-01-27T09:07:13.953+0000] {processor.py:756} INFO - Processing file /home/airflow/.local/lib/python3.7/site-packages/airflow/example_dags/example_latest_only_with_trigger.py for tasks to queue
[2025-01-27T09:07:13.955+0000] {logging_mixin.py:120} INFO - [2025-01-27T09:07:13.955+0000] {dagbag.py:537} INFO - Filling up the DagBag from /home/airflow/.local/lib/python3.7/site-packages/airflow/example_dags/example_latest_only_with_trigger.py
[2025-01-27T09:07:13.989+0000] {processor.py:766} INFO - DAG(s) dict_keys(['latest_only_with_trigger']) retrieved from /home/airflow/.local/lib/python3.7/site-packages/airflow/example_dags/example_latest_only_with_trigger.py
[2025-01-27T09:07:14.084+0000] {logging_mixin.py:120} INFO - [2025-01-27T09:07:14.084+0000] {dag.py:2585} INFO - Sync 1 DAGs
[2025-01-27T09:07:14.141+0000] {logging_mixin.py:120} INFO - [2025-01-27T09:07:14.140+0000] {dag.py:3340} INFO - Setting next_dagrun for latest_only_with_trigger to 2025-01-27T05:07:14.140573+00:00, run_after=2025-01-27T09:07:14.140573+00:00
[2025-01-27T09:07:14.186+0000] {processor.py:176} INFO - Processing /home/airflow/.local/lib/python3.7/site-packages/airflow/example_dags/example_latest_only_with_trigger.py took 0.243 seconds
[2025-01-27T09:07:44.809+0000] {processor.py:154} INFO - Started process (PID=3888) to work on /home/airflow/.local/lib/python3.7/site-packages/airflow/example_dags/example_latest_only_with_trigger.py
[2025-01-27T09:07:44.811+0000] {processor.py:756} INFO - Processing file /home/airflow/.local/lib/python3.7/site-packages/airflow/example_dags/example_latest_only_with_trigger.py for tasks to queue
[2025-01-27T09:07:44.813+0000] {logging_mixin.py:120} INFO - [2025-01-27T09:07:44.813+0000] {dagbag.py:537} INFO - Filling up the DagBag from /home/airflow/.local/lib/python3.7/site-packages/airflow/example_dags/example_latest_only_with_trigger.py
[2025-01-27T09:07:44.841+0000] {processor.py:766} INFO - DAG(s) dict_keys(['latest_only_with_trigger']) retrieved from /home/airflow/.local/lib/python3.7/site-packages/airflow/example_dags/example_latest_only_with_trigger.py
[2025-01-27T09:07:44.925+0000] {logging_mixin.py:120} INFO - [2025-01-27T09:07:44.925+0000] {dag.py:2585} INFO - Sync 1 DAGs
[2025-01-27T09:07:44.989+0000] {logging_mixin.py:120} INFO - [2025-01-27T09:07:44.989+0000] {dag.py:3340} INFO - Setting next_dagrun for latest_only_with_trigger to 2025-01-27T05:07:44.989052+00:00, run_after=2025-01-27T09:07:44.989052+00:00
[2025-01-27T09:07:45.040+0000] {processor.py:176} INFO - Processing /home/airflow/.local/lib/python3.7/site-packages/airflow/example_dags/example_latest_only_with_trigger.py took 0.238 seconds
[2025-01-27T09:08:15.159+0000] {processor.py:154} INFO - Started process (PID=3942) to work on /home/airflow/.local/lib/python3.7/site-packages/airflow/example_dags/example_latest_only_with_trigger.py
[2025-01-27T09:08:15.161+0000] {processor.py:756} INFO - Processing file /home/airflow/.local/lib/python3.7/site-packages/airflow/example_dags/example_latest_only_with_trigger.py for tasks to queue
[2025-01-27T09:08:15.162+0000] {logging_mixin.py:120} INFO - [2025-01-27T09:08:15.162+0000] {dagbag.py:537} INFO - Filling up the DagBag from /home/airflow/.local/lib/python3.7/site-packages/airflow/example_dags/example_latest_only_with_trigger.py
[2025-01-27T09:08:15.192+0000] {processor.py:766} INFO - DAG(s) dict_keys(['latest_only_with_trigger']) retrieved from /home/airflow/.local/lib/python3.7/site-packages/airflow/example_dags/example_latest_only_with_trigger.py
[2025-01-27T09:08:15.274+0000] {logging_mixin.py:120} INFO - [2025-01-27T09:08:15.273+0000] {dag.py:2585} INFO - Sync 1 DAGs
[2025-01-27T09:08:15.330+0000] {logging_mixin.py:120} INFO - [2025-01-27T09:08:15.330+0000] {dag.py:3340} INFO - Setting next_dagrun for latest_only_with_trigger to 2025-01-27T05:08:15.329940+00:00, run_after=2025-01-27T09:08:15.329940+00:00
[2025-01-27T09:08:15.371+0000] {processor.py:176} INFO - Processing /home/airflow/.local/lib/python3.7/site-packages/airflow/example_dags/example_latest_only_with_trigger.py took 0.222 seconds
[2025-01-27T09:08:46.086+0000] {processor.py:154} INFO - Started process (PID=4005) to work on /home/airflow/.local/lib/python3.7/site-packages/airflow/example_dags/example_latest_only_with_trigger.py
[2025-01-27T09:08:46.088+0000] {processor.py:756} INFO - Processing file /home/airflow/.local/lib/python3.7/site-packages/airflow/example_dags/example_latest_only_with_trigger.py for tasks to queue
[2025-01-27T09:08:46.090+0000] {logging_mixin.py:120} INFO - [2025-01-27T09:08:46.090+0000] {dagbag.py:537} INFO - Filling up the DagBag from /home/airflow/.local/lib/python3.7/site-packages/airflow/example_dags/example_latest_only_with_trigger.py
[2025-01-27T09:08:46.118+0000] {processor.py:766} INFO - DAG(s) dict_keys(['latest_only_with_trigger']) retrieved from /home/airflow/.local/lib/python3.7/site-packages/airflow/example_dags/example_latest_only_with_trigger.py
[2025-01-27T09:08:46.202+0000] {logging_mixin.py:120} INFO - [2025-01-27T09:08:46.201+0000] {dag.py:2585} INFO - Sync 1 DAGs
[2025-01-27T09:08:46.253+0000] {logging_mixin.py:120} INFO - [2025-01-27T09:08:46.252+0000] {dag.py:3340} INFO - Setting next_dagrun for latest_only_with_trigger to 2025-01-27T05:08:46.252225+00:00, run_after=2025-01-27T09:08:46.252225+00:00
[2025-01-27T09:08:46.300+0000] {processor.py:176} INFO - Processing /home/airflow/.local/lib/python3.7/site-packages/airflow/example_dags/example_latest_only_with_trigger.py took 0.224 seconds
