[2025-01-27T08:33:55.822+0000] {processor.py:154} INFO - Started process (PID=69) to work on /home/airflow/.local/lib/python3.7/site-packages/airflow/example_dags/example_trigger_target_dag.py
[2025-01-27T08:33:55.825+0000] {processor.py:756} INFO - Processing file /home/airflow/.local/lib/python3.7/site-packages/airflow/example_dags/example_trigger_target_dag.py for tasks to queue
[2025-01-27T08:33:55.827+0000] {logging_mixin.py:120} INFO - [2025-01-27T08:33:55.827+0000] {dagbag.py:537} INFO - Filling up the DagBag from /home/airflow/.local/lib/python3.7/site-packages/airflow/example_dags/example_trigger_target_dag.py
[2025-01-27T08:33:55.882+0000] {processor.py:766} INFO - DAG(s) dict_keys(['example_trigger_target_dag']) retrieved from /home/airflow/.local/lib/python3.7/site-packages/airflow/example_dags/example_trigger_target_dag.py
[2025-01-27T08:33:56.209+0000] {logging_mixin.py:120} INFO - [2025-01-27T08:33:56.209+0000] {manager.py:507} INFO - Created Permission View: can edit on DAG:example_trigger_target_dag
[2025-01-27T08:33:56.231+0000] {logging_mixin.py:120} INFO - [2025-01-27T08:33:56.230+0000] {manager.py:507} INFO - Created Permission View: can read on DAG:example_trigger_target_dag
[2025-01-27T08:33:56.248+0000] {logging_mixin.py:120} INFO - [2025-01-27T08:33:56.248+0000] {manager.py:507} INFO - Created Permission View: can delete on DAG:example_trigger_target_dag
[2025-01-27T08:33:56.249+0000] {logging_mixin.py:120} INFO - [2025-01-27T08:33:56.249+0000] {dag.py:2585} INFO - Sync 1 DAGs
[2025-01-27T08:33:56.293+0000] {logging_mixin.py:120} INFO - [2025-01-27T08:33:56.293+0000] {dag.py:2606} INFO - Creating ORM DAG for example_trigger_target_dag
[2025-01-27T08:33:56.323+0000] {logging_mixin.py:120} INFO - [2025-01-27T08:33:56.323+0000] {dag.py:3340} INFO - Setting next_dagrun for example_trigger_target_dag to None, run_after=None
[2025-01-27T08:33:56.370+0000] {processor.py:176} INFO - Processing /home/airflow/.local/lib/python3.7/site-packages/airflow/example_dags/example_trigger_target_dag.py took 0.555 seconds
[2025-01-27T08:34:26.437+0000] {processor.py:154} INFO - Started process (PID=132) to work on /home/airflow/.local/lib/python3.7/site-packages/airflow/example_dags/example_trigger_target_dag.py
[2025-01-27T08:34:26.441+0000] {processor.py:756} INFO - Processing file /home/airflow/.local/lib/python3.7/site-packages/airflow/example_dags/example_trigger_target_dag.py for tasks to queue
[2025-01-27T08:34:26.445+0000] {logging_mixin.py:120} INFO - [2025-01-27T08:34:26.444+0000] {dagbag.py:537} INFO - Filling up the DagBag from /home/airflow/.local/lib/python3.7/site-packages/airflow/example_dags/example_trigger_target_dag.py
[2025-01-27T08:34:26.520+0000] {processor.py:766} INFO - DAG(s) dict_keys(['example_trigger_target_dag']) retrieved from /home/airflow/.local/lib/python3.7/site-packages/airflow/example_dags/example_trigger_target_dag.py
[2025-01-27T08:34:26.597+0000] {logging_mixin.py:120} INFO - [2025-01-27T08:34:26.597+0000] {dag.py:2585} INFO - Sync 1 DAGs
[2025-01-27T08:34:26.643+0000] {logging_mixin.py:120} INFO - [2025-01-27T08:34:26.643+0000] {dag.py:3340} INFO - Setting next_dagrun for example_trigger_target_dag to None, run_after=None
[2025-01-27T08:34:26.678+0000] {processor.py:176} INFO - Processing /home/airflow/.local/lib/python3.7/site-packages/airflow/example_dags/example_trigger_target_dag.py took 0.263 seconds
[2025-01-27T08:34:57.377+0000] {processor.py:154} INFO - Started process (PID=187) to work on /home/airflow/.local/lib/python3.7/site-packages/airflow/example_dags/example_trigger_target_dag.py
[2025-01-27T08:34:57.379+0000] {processor.py:756} INFO - Processing file /home/airflow/.local/lib/python3.7/site-packages/airflow/example_dags/example_trigger_target_dag.py for tasks to queue
[2025-01-27T08:34:57.381+0000] {logging_mixin.py:120} INFO - [2025-01-27T08:34:57.381+0000] {dagbag.py:537} INFO - Filling up the DagBag from /home/airflow/.local/lib/python3.7/site-packages/airflow/example_dags/example_trigger_target_dag.py
[2025-01-27T08:34:57.424+0000] {processor.py:766} INFO - DAG(s) dict_keys(['example_trigger_target_dag']) retrieved from /home/airflow/.local/lib/python3.7/site-packages/airflow/example_dags/example_trigger_target_dag.py
[2025-01-27T08:34:57.496+0000] {logging_mixin.py:120} INFO - [2025-01-27T08:34:57.495+0000] {dag.py:2585} INFO - Sync 1 DAGs
[2025-01-27T08:34:57.540+0000] {logging_mixin.py:120} INFO - [2025-01-27T08:34:57.539+0000] {dag.py:3340} INFO - Setting next_dagrun for example_trigger_target_dag to None, run_after=None
[2025-01-27T08:34:57.571+0000] {processor.py:176} INFO - Processing /home/airflow/.local/lib/python3.7/site-packages/airflow/example_dags/example_trigger_target_dag.py took 0.200 seconds
[2025-01-27T08:35:28.201+0000] {processor.py:154} INFO - Started process (PID=240) to work on /home/airflow/.local/lib/python3.7/site-packages/airflow/example_dags/example_trigger_target_dag.py
[2025-01-27T08:35:28.204+0000] {processor.py:756} INFO - Processing file /home/airflow/.local/lib/python3.7/site-packages/airflow/example_dags/example_trigger_target_dag.py for tasks to queue
[2025-01-27T08:35:28.206+0000] {logging_mixin.py:120} INFO - [2025-01-27T08:35:28.206+0000] {dagbag.py:537} INFO - Filling up the DagBag from /home/airflow/.local/lib/python3.7/site-packages/airflow/example_dags/example_trigger_target_dag.py
[2025-01-27T08:35:28.248+0000] {processor.py:766} INFO - DAG(s) dict_keys(['example_trigger_target_dag']) retrieved from /home/airflow/.local/lib/python3.7/site-packages/airflow/example_dags/example_trigger_target_dag.py
[2025-01-27T08:35:28.319+0000] {logging_mixin.py:120} INFO - [2025-01-27T08:35:28.318+0000] {dag.py:2585} INFO - Sync 1 DAGs
[2025-01-27T08:35:28.377+0000] {logging_mixin.py:120} INFO - [2025-01-27T08:35:28.377+0000] {dag.py:3340} INFO - Setting next_dagrun for example_trigger_target_dag to None, run_after=None
[2025-01-27T08:35:28.420+0000] {processor.py:176} INFO - Processing /home/airflow/.local/lib/python3.7/site-packages/airflow/example_dags/example_trigger_target_dag.py took 0.225 seconds
[2025-01-27T08:35:58.653+0000] {processor.py:154} INFO - Started process (PID=303) to work on /home/airflow/.local/lib/python3.7/site-packages/airflow/example_dags/example_trigger_target_dag.py
[2025-01-27T08:35:58.655+0000] {processor.py:756} INFO - Processing file /home/airflow/.local/lib/python3.7/site-packages/airflow/example_dags/example_trigger_target_dag.py for tasks to queue
[2025-01-27T08:35:58.658+0000] {logging_mixin.py:120} INFO - [2025-01-27T08:35:58.658+0000] {dagbag.py:537} INFO - Filling up the DagBag from /home/airflow/.local/lib/python3.7/site-packages/airflow/example_dags/example_trigger_target_dag.py
[2025-01-27T08:35:58.698+0000] {processor.py:766} INFO - DAG(s) dict_keys(['example_trigger_target_dag']) retrieved from /home/airflow/.local/lib/python3.7/site-packages/airflow/example_dags/example_trigger_target_dag.py
[2025-01-27T08:35:58.781+0000] {logging_mixin.py:120} INFO - [2025-01-27T08:35:58.781+0000] {dag.py:2585} INFO - Sync 1 DAGs
[2025-01-27T08:35:58.831+0000] {logging_mixin.py:120} INFO - [2025-01-27T08:35:58.830+0000] {dag.py:3340} INFO - Setting next_dagrun for example_trigger_target_dag to None, run_after=None
[2025-01-27T08:35:58.867+0000] {processor.py:176} INFO - Processing /home/airflow/.local/lib/python3.7/site-packages/airflow/example_dags/example_trigger_target_dag.py took 0.220 seconds
[2025-01-27T08:36:29.714+0000] {processor.py:154} INFO - Started process (PID=356) to work on /home/airflow/.local/lib/python3.7/site-packages/airflow/example_dags/example_trigger_target_dag.py
[2025-01-27T08:36:29.716+0000] {processor.py:756} INFO - Processing file /home/airflow/.local/lib/python3.7/site-packages/airflow/example_dags/example_trigger_target_dag.py for tasks to queue
[2025-01-27T08:36:29.718+0000] {logging_mixin.py:120} INFO - [2025-01-27T08:36:29.718+0000] {dagbag.py:537} INFO - Filling up the DagBag from /home/airflow/.local/lib/python3.7/site-packages/airflow/example_dags/example_trigger_target_dag.py
[2025-01-27T08:36:29.764+0000] {processor.py:766} INFO - DAG(s) dict_keys(['example_trigger_target_dag']) retrieved from /home/airflow/.local/lib/python3.7/site-packages/airflow/example_dags/example_trigger_target_dag.py
[2025-01-27T08:36:29.836+0000] {logging_mixin.py:120} INFO - [2025-01-27T08:36:29.835+0000] {dag.py:2585} INFO - Sync 1 DAGs
[2025-01-27T08:36:29.979+0000] {logging_mixin.py:120} INFO - [2025-01-27T08:36:29.979+0000] {dag.py:3340} INFO - Setting next_dagrun for example_trigger_target_dag to None, run_after=None
[2025-01-27T08:36:30.041+0000] {processor.py:176} INFO - Processing /home/airflow/.local/lib/python3.7/site-packages/airflow/example_dags/example_trigger_target_dag.py took 0.336 seconds
[2025-01-27T08:37:00.512+0000] {processor.py:154} INFO - Started process (PID=419) to work on /home/airflow/.local/lib/python3.7/site-packages/airflow/example_dags/example_trigger_target_dag.py
[2025-01-27T08:37:00.513+0000] {processor.py:756} INFO - Processing file /home/airflow/.local/lib/python3.7/site-packages/airflow/example_dags/example_trigger_target_dag.py for tasks to queue
[2025-01-27T08:37:00.514+0000] {logging_mixin.py:120} INFO - [2025-01-27T08:37:00.514+0000] {dagbag.py:537} INFO - Filling up the DagBag from /home/airflow/.local/lib/python3.7/site-packages/airflow/example_dags/example_trigger_target_dag.py
[2025-01-27T08:37:00.554+0000] {processor.py:766} INFO - DAG(s) dict_keys(['example_trigger_target_dag']) retrieved from /home/airflow/.local/lib/python3.7/site-packages/airflow/example_dags/example_trigger_target_dag.py
[2025-01-27T08:37:00.632+0000] {logging_mixin.py:120} INFO - [2025-01-27T08:37:00.632+0000] {dag.py:2585} INFO - Sync 1 DAGs
[2025-01-27T08:37:00.677+0000] {logging_mixin.py:120} INFO - [2025-01-27T08:37:00.676+0000] {dag.py:3340} INFO - Setting next_dagrun for example_trigger_target_dag to None, run_after=None
[2025-01-27T08:37:00.710+0000] {processor.py:176} INFO - Processing /home/airflow/.local/lib/python3.7/site-packages/airflow/example_dags/example_trigger_target_dag.py took 0.203 seconds
[2025-01-27T08:37:31.398+0000] {processor.py:154} INFO - Started process (PID=473) to work on /home/airflow/.local/lib/python3.7/site-packages/airflow/example_dags/example_trigger_target_dag.py
[2025-01-27T08:37:31.400+0000] {processor.py:756} INFO - Processing file /home/airflow/.local/lib/python3.7/site-packages/airflow/example_dags/example_trigger_target_dag.py for tasks to queue
[2025-01-27T08:37:31.401+0000] {logging_mixin.py:120} INFO - [2025-01-27T08:37:31.401+0000] {dagbag.py:537} INFO - Filling up the DagBag from /home/airflow/.local/lib/python3.7/site-packages/airflow/example_dags/example_trigger_target_dag.py
[2025-01-27T08:37:31.445+0000] {processor.py:766} INFO - DAG(s) dict_keys(['example_trigger_target_dag']) retrieved from /home/airflow/.local/lib/python3.7/site-packages/airflow/example_dags/example_trigger_target_dag.py
[2025-01-27T08:37:31.540+0000] {logging_mixin.py:120} INFO - [2025-01-27T08:37:31.540+0000] {dag.py:2585} INFO - Sync 1 DAGs
[2025-01-27T08:37:31.593+0000] {logging_mixin.py:120} INFO - [2025-01-27T08:37:31.592+0000] {dag.py:3340} INFO - Setting next_dagrun for example_trigger_target_dag to None, run_after=None
[2025-01-27T08:37:31.654+0000] {processor.py:176} INFO - Processing /home/airflow/.local/lib/python3.7/site-packages/airflow/example_dags/example_trigger_target_dag.py took 0.262 seconds
[2025-01-27T08:38:01.826+0000] {processor.py:154} INFO - Started process (PID=535) to work on /home/airflow/.local/lib/python3.7/site-packages/airflow/example_dags/example_trigger_target_dag.py
[2025-01-27T08:38:01.828+0000] {processor.py:756} INFO - Processing file /home/airflow/.local/lib/python3.7/site-packages/airflow/example_dags/example_trigger_target_dag.py for tasks to queue
[2025-01-27T08:38:01.830+0000] {logging_mixin.py:120} INFO - [2025-01-27T08:38:01.830+0000] {dagbag.py:537} INFO - Filling up the DagBag from /home/airflow/.local/lib/python3.7/site-packages/airflow/example_dags/example_trigger_target_dag.py
[2025-01-27T08:38:01.866+0000] {processor.py:766} INFO - DAG(s) dict_keys(['example_trigger_target_dag']) retrieved from /home/airflow/.local/lib/python3.7/site-packages/airflow/example_dags/example_trigger_target_dag.py
[2025-01-27T08:38:01.936+0000] {logging_mixin.py:120} INFO - [2025-01-27T08:38:01.935+0000] {dag.py:2585} INFO - Sync 1 DAGs
[2025-01-27T08:38:01.981+0000] {logging_mixin.py:120} INFO - [2025-01-27T08:38:01.981+0000] {dag.py:3340} INFO - Setting next_dagrun for example_trigger_target_dag to None, run_after=None
[2025-01-27T08:38:02.015+0000] {processor.py:176} INFO - Processing /home/airflow/.local/lib/python3.7/site-packages/airflow/example_dags/example_trigger_target_dag.py took 0.194 seconds
[2025-01-27T08:38:32.195+0000] {processor.py:154} INFO - Started process (PID=589) to work on /home/airflow/.local/lib/python3.7/site-packages/airflow/example_dags/example_trigger_target_dag.py
[2025-01-27T08:38:32.196+0000] {processor.py:756} INFO - Processing file /home/airflow/.local/lib/python3.7/site-packages/airflow/example_dags/example_trigger_target_dag.py for tasks to queue
[2025-01-27T08:38:32.198+0000] {logging_mixin.py:120} INFO - [2025-01-27T08:38:32.197+0000] {dagbag.py:537} INFO - Filling up the DagBag from /home/airflow/.local/lib/python3.7/site-packages/airflow/example_dags/example_trigger_target_dag.py
[2025-01-27T08:38:32.241+0000] {processor.py:766} INFO - DAG(s) dict_keys(['example_trigger_target_dag']) retrieved from /home/airflow/.local/lib/python3.7/site-packages/airflow/example_dags/example_trigger_target_dag.py
[2025-01-27T08:38:32.323+0000] {logging_mixin.py:120} INFO - [2025-01-27T08:38:32.323+0000] {dag.py:2585} INFO - Sync 1 DAGs
[2025-01-27T08:38:32.377+0000] {logging_mixin.py:120} INFO - [2025-01-27T08:38:32.376+0000] {dag.py:3340} INFO - Setting next_dagrun for example_trigger_target_dag to None, run_after=None
[2025-01-27T08:38:32.420+0000] {processor.py:176} INFO - Processing /home/airflow/.local/lib/python3.7/site-packages/airflow/example_dags/example_trigger_target_dag.py took 0.231 seconds
[2025-01-27T08:39:03.131+0000] {processor.py:154} INFO - Started process (PID=652) to work on /home/airflow/.local/lib/python3.7/site-packages/airflow/example_dags/example_trigger_target_dag.py
[2025-01-27T08:39:03.133+0000] {processor.py:756} INFO - Processing file /home/airflow/.local/lib/python3.7/site-packages/airflow/example_dags/example_trigger_target_dag.py for tasks to queue
[2025-01-27T08:39:03.134+0000] {logging_mixin.py:120} INFO - [2025-01-27T08:39:03.134+0000] {dagbag.py:537} INFO - Filling up the DagBag from /home/airflow/.local/lib/python3.7/site-packages/airflow/example_dags/example_trigger_target_dag.py
[2025-01-27T08:39:03.171+0000] {processor.py:766} INFO - DAG(s) dict_keys(['example_trigger_target_dag']) retrieved from /home/airflow/.local/lib/python3.7/site-packages/airflow/example_dags/example_trigger_target_dag.py
[2025-01-27T08:39:03.249+0000] {logging_mixin.py:120} INFO - [2025-01-27T08:39:03.249+0000] {dag.py:2585} INFO - Sync 1 DAGs
[2025-01-27T08:39:03.298+0000] {logging_mixin.py:120} INFO - [2025-01-27T08:39:03.297+0000] {dag.py:3340} INFO - Setting next_dagrun for example_trigger_target_dag to None, run_after=None
[2025-01-27T08:39:03.327+0000] {processor.py:176} INFO - Processing /home/airflow/.local/lib/python3.7/site-packages/airflow/example_dags/example_trigger_target_dag.py took 0.201 seconds
[2025-01-27T08:39:34.013+0000] {processor.py:154} INFO - Started process (PID=705) to work on /home/airflow/.local/lib/python3.7/site-packages/airflow/example_dags/example_trigger_target_dag.py
[2025-01-27T08:39:34.015+0000] {processor.py:756} INFO - Processing file /home/airflow/.local/lib/python3.7/site-packages/airflow/example_dags/example_trigger_target_dag.py for tasks to queue
[2025-01-27T08:39:34.016+0000] {logging_mixin.py:120} INFO - [2025-01-27T08:39:34.016+0000] {dagbag.py:537} INFO - Filling up the DagBag from /home/airflow/.local/lib/python3.7/site-packages/airflow/example_dags/example_trigger_target_dag.py
[2025-01-27T08:39:34.056+0000] {processor.py:766} INFO - DAG(s) dict_keys(['example_trigger_target_dag']) retrieved from /home/airflow/.local/lib/python3.7/site-packages/airflow/example_dags/example_trigger_target_dag.py
[2025-01-27T08:39:34.140+0000] {logging_mixin.py:120} INFO - [2025-01-27T08:39:34.139+0000] {dag.py:2585} INFO - Sync 1 DAGs
[2025-01-27T08:39:34.189+0000] {logging_mixin.py:120} INFO - [2025-01-27T08:39:34.189+0000] {dag.py:3340} INFO - Setting next_dagrun for example_trigger_target_dag to None, run_after=None
[2025-01-27T08:39:34.220+0000] {processor.py:176} INFO - Processing /home/airflow/.local/lib/python3.7/site-packages/airflow/example_dags/example_trigger_target_dag.py took 0.213 seconds
[2025-01-27T08:40:04.691+0000] {processor.py:154} INFO - Started process (PID=768) to work on /home/airflow/.local/lib/python3.7/site-packages/airflow/example_dags/example_trigger_target_dag.py
[2025-01-27T08:40:04.693+0000] {processor.py:756} INFO - Processing file /home/airflow/.local/lib/python3.7/site-packages/airflow/example_dags/example_trigger_target_dag.py for tasks to queue
[2025-01-27T08:40:04.694+0000] {logging_mixin.py:120} INFO - [2025-01-27T08:40:04.694+0000] {dagbag.py:537} INFO - Filling up the DagBag from /home/airflow/.local/lib/python3.7/site-packages/airflow/example_dags/example_trigger_target_dag.py
[2025-01-27T08:40:04.734+0000] {processor.py:766} INFO - DAG(s) dict_keys(['example_trigger_target_dag']) retrieved from /home/airflow/.local/lib/python3.7/site-packages/airflow/example_dags/example_trigger_target_dag.py
[2025-01-27T08:40:04.818+0000] {logging_mixin.py:120} INFO - [2025-01-27T08:40:04.818+0000] {dag.py:2585} INFO - Sync 1 DAGs
[2025-01-27T08:40:04.862+0000] {logging_mixin.py:120} INFO - [2025-01-27T08:40:04.861+0000] {dag.py:3340} INFO - Setting next_dagrun for example_trigger_target_dag to None, run_after=None
[2025-01-27T08:40:04.893+0000] {processor.py:176} INFO - Processing /home/airflow/.local/lib/python3.7/site-packages/airflow/example_dags/example_trigger_target_dag.py took 0.206 seconds
[2025-01-27T08:40:35.416+0000] {processor.py:154} INFO - Started process (PID=822) to work on /home/airflow/.local/lib/python3.7/site-packages/airflow/example_dags/example_trigger_target_dag.py
[2025-01-27T08:40:35.417+0000] {processor.py:756} INFO - Processing file /home/airflow/.local/lib/python3.7/site-packages/airflow/example_dags/example_trigger_target_dag.py for tasks to queue
[2025-01-27T08:40:35.419+0000] {logging_mixin.py:120} INFO - [2025-01-27T08:40:35.419+0000] {dagbag.py:537} INFO - Filling up the DagBag from /home/airflow/.local/lib/python3.7/site-packages/airflow/example_dags/example_trigger_target_dag.py
[2025-01-27T08:40:35.458+0000] {processor.py:766} INFO - DAG(s) dict_keys(['example_trigger_target_dag']) retrieved from /home/airflow/.local/lib/python3.7/site-packages/airflow/example_dags/example_trigger_target_dag.py
[2025-01-27T08:40:35.548+0000] {logging_mixin.py:120} INFO - [2025-01-27T08:40:35.547+0000] {dag.py:2585} INFO - Sync 1 DAGs
[2025-01-27T08:40:35.594+0000] {logging_mixin.py:120} INFO - [2025-01-27T08:40:35.593+0000] {dag.py:3340} INFO - Setting next_dagrun for example_trigger_target_dag to None, run_after=None
[2025-01-27T08:40:35.626+0000] {processor.py:176} INFO - Processing /home/airflow/.local/lib/python3.7/site-packages/airflow/example_dags/example_trigger_target_dag.py took 0.218 seconds
[2025-01-27T08:41:06.113+0000] {processor.py:154} INFO - Started process (PID=885) to work on /home/airflow/.local/lib/python3.7/site-packages/airflow/example_dags/example_trigger_target_dag.py
[2025-01-27T08:41:06.115+0000] {processor.py:756} INFO - Processing file /home/airflow/.local/lib/python3.7/site-packages/airflow/example_dags/example_trigger_target_dag.py for tasks to queue
[2025-01-27T08:41:06.116+0000] {logging_mixin.py:120} INFO - [2025-01-27T08:41:06.116+0000] {dagbag.py:537} INFO - Filling up the DagBag from /home/airflow/.local/lib/python3.7/site-packages/airflow/example_dags/example_trigger_target_dag.py
[2025-01-27T08:41:06.154+0000] {processor.py:766} INFO - DAG(s) dict_keys(['example_trigger_target_dag']) retrieved from /home/airflow/.local/lib/python3.7/site-packages/airflow/example_dags/example_trigger_target_dag.py
[2025-01-27T08:41:06.235+0000] {logging_mixin.py:120} INFO - [2025-01-27T08:41:06.235+0000] {dag.py:2585} INFO - Sync 1 DAGs
[2025-01-27T08:41:06.279+0000] {logging_mixin.py:120} INFO - [2025-01-27T08:41:06.279+0000] {dag.py:3340} INFO - Setting next_dagrun for example_trigger_target_dag to None, run_after=None
[2025-01-27T08:41:06.311+0000] {processor.py:176} INFO - Processing /home/airflow/.local/lib/python3.7/site-packages/airflow/example_dags/example_trigger_target_dag.py took 0.203 seconds
[2025-01-27T08:41:36.789+0000] {processor.py:154} INFO - Started process (PID=938) to work on /home/airflow/.local/lib/python3.7/site-packages/airflow/example_dags/example_trigger_target_dag.py
[2025-01-27T08:41:36.791+0000] {processor.py:756} INFO - Processing file /home/airflow/.local/lib/python3.7/site-packages/airflow/example_dags/example_trigger_target_dag.py for tasks to queue
[2025-01-27T08:41:36.792+0000] {logging_mixin.py:120} INFO - [2025-01-27T08:41:36.792+0000] {dagbag.py:537} INFO - Filling up the DagBag from /home/airflow/.local/lib/python3.7/site-packages/airflow/example_dags/example_trigger_target_dag.py
[2025-01-27T08:41:36.842+0000] {processor.py:766} INFO - DAG(s) dict_keys(['example_trigger_target_dag']) retrieved from /home/airflow/.local/lib/python3.7/site-packages/airflow/example_dags/example_trigger_target_dag.py
[2025-01-27T08:41:36.928+0000] {logging_mixin.py:120} INFO - [2025-01-27T08:41:36.928+0000] {dag.py:2585} INFO - Sync 1 DAGs
[2025-01-27T08:41:36.977+0000] {logging_mixin.py:120} INFO - [2025-01-27T08:41:36.977+0000] {dag.py:3340} INFO - Setting next_dagrun for example_trigger_target_dag to None, run_after=None
[2025-01-27T08:41:37.011+0000] {processor.py:176} INFO - Processing /home/airflow/.local/lib/python3.7/site-packages/airflow/example_dags/example_trigger_target_dag.py took 0.228 seconds
[2025-01-27T08:42:07.302+0000] {processor.py:154} INFO - Started process (PID=1000) to work on /home/airflow/.local/lib/python3.7/site-packages/airflow/example_dags/example_trigger_target_dag.py
[2025-01-27T08:42:07.304+0000] {processor.py:756} INFO - Processing file /home/airflow/.local/lib/python3.7/site-packages/airflow/example_dags/example_trigger_target_dag.py for tasks to queue
[2025-01-27T08:42:07.305+0000] {logging_mixin.py:120} INFO - [2025-01-27T08:42:07.305+0000] {dagbag.py:537} INFO - Filling up the DagBag from /home/airflow/.local/lib/python3.7/site-packages/airflow/example_dags/example_trigger_target_dag.py
[2025-01-27T08:42:07.354+0000] {processor.py:766} INFO - DAG(s) dict_keys(['example_trigger_target_dag']) retrieved from /home/airflow/.local/lib/python3.7/site-packages/airflow/example_dags/example_trigger_target_dag.py
[2025-01-27T08:42:07.429+0000] {logging_mixin.py:120} INFO - [2025-01-27T08:42:07.429+0000] {dag.py:2585} INFO - Sync 1 DAGs
[2025-01-27T08:42:07.475+0000] {logging_mixin.py:120} INFO - [2025-01-27T08:42:07.475+0000] {dag.py:3340} INFO - Setting next_dagrun for example_trigger_target_dag to None, run_after=None
[2025-01-27T08:42:07.508+0000] {processor.py:176} INFO - Processing /home/airflow/.local/lib/python3.7/site-packages/airflow/example_dags/example_trigger_target_dag.py took 0.213 seconds
[2025-01-27T08:42:38.148+0000] {processor.py:154} INFO - Started process (PID=1054) to work on /home/airflow/.local/lib/python3.7/site-packages/airflow/example_dags/example_trigger_target_dag.py
[2025-01-27T08:42:38.150+0000] {processor.py:756} INFO - Processing file /home/airflow/.local/lib/python3.7/site-packages/airflow/example_dags/example_trigger_target_dag.py for tasks to queue
[2025-01-27T08:42:38.151+0000] {logging_mixin.py:120} INFO - [2025-01-27T08:42:38.151+0000] {dagbag.py:537} INFO - Filling up the DagBag from /home/airflow/.local/lib/python3.7/site-packages/airflow/example_dags/example_trigger_target_dag.py
[2025-01-27T08:42:38.188+0000] {processor.py:766} INFO - DAG(s) dict_keys(['example_trigger_target_dag']) retrieved from /home/airflow/.local/lib/python3.7/site-packages/airflow/example_dags/example_trigger_target_dag.py
[2025-01-27T08:42:38.262+0000] {logging_mixin.py:120} INFO - [2025-01-27T08:42:38.261+0000] {dag.py:2585} INFO - Sync 1 DAGs
[2025-01-27T08:42:38.315+0000] {logging_mixin.py:120} INFO - [2025-01-27T08:42:38.314+0000] {dag.py:3340} INFO - Setting next_dagrun for example_trigger_target_dag to None, run_after=None
[2025-01-27T08:42:38.347+0000] {processor.py:176} INFO - Processing /home/airflow/.local/lib/python3.7/site-packages/airflow/example_dags/example_trigger_target_dag.py took 0.206 seconds
[2025-01-27T08:43:09.054+0000] {processor.py:154} INFO - Started process (PID=1116) to work on /home/airflow/.local/lib/python3.7/site-packages/airflow/example_dags/example_trigger_target_dag.py
[2025-01-27T08:43:09.056+0000] {processor.py:756} INFO - Processing file /home/airflow/.local/lib/python3.7/site-packages/airflow/example_dags/example_trigger_target_dag.py for tasks to queue
[2025-01-27T08:43:09.057+0000] {logging_mixin.py:120} INFO - [2025-01-27T08:43:09.057+0000] {dagbag.py:537} INFO - Filling up the DagBag from /home/airflow/.local/lib/python3.7/site-packages/airflow/example_dags/example_trigger_target_dag.py
[2025-01-27T08:43:09.104+0000] {processor.py:766} INFO - DAG(s) dict_keys(['example_trigger_target_dag']) retrieved from /home/airflow/.local/lib/python3.7/site-packages/airflow/example_dags/example_trigger_target_dag.py
[2025-01-27T08:43:09.208+0000] {logging_mixin.py:120} INFO - [2025-01-27T08:43:09.207+0000] {dag.py:2585} INFO - Sync 1 DAGs
[2025-01-27T08:43:09.267+0000] {logging_mixin.py:120} INFO - [2025-01-27T08:43:09.266+0000] {dag.py:3340} INFO - Setting next_dagrun for example_trigger_target_dag to None, run_after=None
[2025-01-27T08:43:09.319+0000] {processor.py:176} INFO - Processing /home/airflow/.local/lib/python3.7/site-packages/airflow/example_dags/example_trigger_target_dag.py took 0.270 seconds
[2025-01-27T08:43:39.926+0000] {processor.py:154} INFO - Started process (PID=1169) to work on /home/airflow/.local/lib/python3.7/site-packages/airflow/example_dags/example_trigger_target_dag.py
[2025-01-27T08:43:39.928+0000] {processor.py:756} INFO - Processing file /home/airflow/.local/lib/python3.7/site-packages/airflow/example_dags/example_trigger_target_dag.py for tasks to queue
[2025-01-27T08:43:39.929+0000] {logging_mixin.py:120} INFO - [2025-01-27T08:43:39.929+0000] {dagbag.py:537} INFO - Filling up the DagBag from /home/airflow/.local/lib/python3.7/site-packages/airflow/example_dags/example_trigger_target_dag.py
[2025-01-27T08:43:39.971+0000] {processor.py:766} INFO - DAG(s) dict_keys(['example_trigger_target_dag']) retrieved from /home/airflow/.local/lib/python3.7/site-packages/airflow/example_dags/example_trigger_target_dag.py
[2025-01-27T08:43:40.053+0000] {logging_mixin.py:120} INFO - [2025-01-27T08:43:40.053+0000] {dag.py:2585} INFO - Sync 1 DAGs
[2025-01-27T08:43:40.106+0000] {logging_mixin.py:120} INFO - [2025-01-27T08:43:40.106+0000] {dag.py:3340} INFO - Setting next_dagrun for example_trigger_target_dag to None, run_after=None
[2025-01-27T08:43:40.147+0000] {processor.py:176} INFO - Processing /home/airflow/.local/lib/python3.7/site-packages/airflow/example_dags/example_trigger_target_dag.py took 0.228 seconds
[2025-01-27T08:44:11.665+0000] {processor.py:154} INFO - Started process (PID=1231) to work on /home/airflow/.local/lib/python3.7/site-packages/airflow/example_dags/example_trigger_target_dag.py
[2025-01-27T08:44:11.667+0000] {processor.py:756} INFO - Processing file /home/airflow/.local/lib/python3.7/site-packages/airflow/example_dags/example_trigger_target_dag.py for tasks to queue
[2025-01-27T08:44:11.668+0000] {logging_mixin.py:120} INFO - [2025-01-27T08:44:11.668+0000] {dagbag.py:537} INFO - Filling up the DagBag from /home/airflow/.local/lib/python3.7/site-packages/airflow/example_dags/example_trigger_target_dag.py
[2025-01-27T08:44:11.717+0000] {processor.py:766} INFO - DAG(s) dict_keys(['example_trigger_target_dag']) retrieved from /home/airflow/.local/lib/python3.7/site-packages/airflow/example_dags/example_trigger_target_dag.py
[2025-01-27T08:44:11.802+0000] {logging_mixin.py:120} INFO - [2025-01-27T08:44:11.802+0000] {dag.py:2585} INFO - Sync 1 DAGs
[2025-01-27T08:44:11.858+0000] {logging_mixin.py:120} INFO - [2025-01-27T08:44:11.858+0000] {dag.py:3340} INFO - Setting next_dagrun for example_trigger_target_dag to None, run_after=None
[2025-01-27T08:44:11.901+0000] {processor.py:176} INFO - Processing /home/airflow/.local/lib/python3.7/site-packages/airflow/example_dags/example_trigger_target_dag.py took 0.243 seconds
[2025-01-27T08:44:42.353+0000] {processor.py:154} INFO - Started process (PID=1285) to work on /home/airflow/.local/lib/python3.7/site-packages/airflow/example_dags/example_trigger_target_dag.py
[2025-01-27T08:44:42.354+0000] {processor.py:756} INFO - Processing file /home/airflow/.local/lib/python3.7/site-packages/airflow/example_dags/example_trigger_target_dag.py for tasks to queue
[2025-01-27T08:44:42.357+0000] {logging_mixin.py:120} INFO - [2025-01-27T08:44:42.356+0000] {dagbag.py:537} INFO - Filling up the DagBag from /home/airflow/.local/lib/python3.7/site-packages/airflow/example_dags/example_trigger_target_dag.py
[2025-01-27T08:44:42.403+0000] {processor.py:766} INFO - DAG(s) dict_keys(['example_trigger_target_dag']) retrieved from /home/airflow/.local/lib/python3.7/site-packages/airflow/example_dags/example_trigger_target_dag.py
[2025-01-27T08:44:42.489+0000] {logging_mixin.py:120} INFO - [2025-01-27T08:44:42.488+0000] {dag.py:2585} INFO - Sync 1 DAGs
[2025-01-27T08:44:42.536+0000] {logging_mixin.py:120} INFO - [2025-01-27T08:44:42.536+0000] {dag.py:3340} INFO - Setting next_dagrun for example_trigger_target_dag to None, run_after=None
[2025-01-27T08:44:42.580+0000] {processor.py:176} INFO - Processing /home/airflow/.local/lib/python3.7/site-packages/airflow/example_dags/example_trigger_target_dag.py took 0.232 seconds
[2025-01-27T08:45:13.290+0000] {processor.py:154} INFO - Started process (PID=1347) to work on /home/airflow/.local/lib/python3.7/site-packages/airflow/example_dags/example_trigger_target_dag.py
[2025-01-27T08:45:13.292+0000] {processor.py:756} INFO - Processing file /home/airflow/.local/lib/python3.7/site-packages/airflow/example_dags/example_trigger_target_dag.py for tasks to queue
[2025-01-27T08:45:13.294+0000] {logging_mixin.py:120} INFO - [2025-01-27T08:45:13.293+0000] {dagbag.py:537} INFO - Filling up the DagBag from /home/airflow/.local/lib/python3.7/site-packages/airflow/example_dags/example_trigger_target_dag.py
[2025-01-27T08:45:13.344+0000] {processor.py:766} INFO - DAG(s) dict_keys(['example_trigger_target_dag']) retrieved from /home/airflow/.local/lib/python3.7/site-packages/airflow/example_dags/example_trigger_target_dag.py
[2025-01-27T08:45:13.423+0000] {logging_mixin.py:120} INFO - [2025-01-27T08:45:13.423+0000] {dag.py:2585} INFO - Sync 1 DAGs
[2025-01-27T08:45:13.491+0000] {logging_mixin.py:120} INFO - [2025-01-27T08:45:13.491+0000] {dag.py:3340} INFO - Setting next_dagrun for example_trigger_target_dag to None, run_after=None
[2025-01-27T08:45:13.532+0000] {processor.py:176} INFO - Processing /home/airflow/.local/lib/python3.7/site-packages/airflow/example_dags/example_trigger_target_dag.py took 0.249 seconds
[2025-01-27T08:45:44.425+0000] {processor.py:154} INFO - Started process (PID=1402) to work on /home/airflow/.local/lib/python3.7/site-packages/airflow/example_dags/example_trigger_target_dag.py
[2025-01-27T08:45:44.427+0000] {processor.py:756} INFO - Processing file /home/airflow/.local/lib/python3.7/site-packages/airflow/example_dags/example_trigger_target_dag.py for tasks to queue
[2025-01-27T08:45:44.428+0000] {logging_mixin.py:120} INFO - [2025-01-27T08:45:44.428+0000] {dagbag.py:537} INFO - Filling up the DagBag from /home/airflow/.local/lib/python3.7/site-packages/airflow/example_dags/example_trigger_target_dag.py
[2025-01-27T08:45:44.464+0000] {processor.py:766} INFO - DAG(s) dict_keys(['example_trigger_target_dag']) retrieved from /home/airflow/.local/lib/python3.7/site-packages/airflow/example_dags/example_trigger_target_dag.py
[2025-01-27T08:45:44.539+0000] {logging_mixin.py:120} INFO - [2025-01-27T08:45:44.538+0000] {dag.py:2585} INFO - Sync 1 DAGs
[2025-01-27T08:45:44.585+0000] {logging_mixin.py:120} INFO - [2025-01-27T08:45:44.585+0000] {dag.py:3340} INFO - Setting next_dagrun for example_trigger_target_dag to None, run_after=None
[2025-01-27T08:45:44.623+0000] {processor.py:176} INFO - Processing /home/airflow/.local/lib/python3.7/site-packages/airflow/example_dags/example_trigger_target_dag.py took 0.203 seconds
[2025-01-27T08:46:15.824+0000] {processor.py:154} INFO - Started process (PID=1455) to work on /home/airflow/.local/lib/python3.7/site-packages/airflow/example_dags/example_trigger_target_dag.py
[2025-01-27T08:46:15.825+0000] {processor.py:756} INFO - Processing file /home/airflow/.local/lib/python3.7/site-packages/airflow/example_dags/example_trigger_target_dag.py for tasks to queue
[2025-01-27T08:46:15.827+0000] {logging_mixin.py:120} INFO - [2025-01-27T08:46:15.826+0000] {dagbag.py:537} INFO - Filling up the DagBag from /home/airflow/.local/lib/python3.7/site-packages/airflow/example_dags/example_trigger_target_dag.py
[2025-01-27T08:46:15.870+0000] {processor.py:766} INFO - DAG(s) dict_keys(['example_trigger_target_dag']) retrieved from /home/airflow/.local/lib/python3.7/site-packages/airflow/example_dags/example_trigger_target_dag.py
[2025-01-27T08:46:15.982+0000] {logging_mixin.py:120} INFO - [2025-01-27T08:46:15.981+0000] {dag.py:2585} INFO - Sync 1 DAGs
[2025-01-27T08:46:16.043+0000] {logging_mixin.py:120} INFO - [2025-01-27T08:46:16.043+0000] {dag.py:3340} INFO - Setting next_dagrun for example_trigger_target_dag to None, run_after=None
[2025-01-27T08:46:16.083+0000] {processor.py:176} INFO - Processing /home/airflow/.local/lib/python3.7/site-packages/airflow/example_dags/example_trigger_target_dag.py took 0.265 seconds
[2025-01-27T08:46:46.578+0000] {processor.py:154} INFO - Started process (PID=1518) to work on /home/airflow/.local/lib/python3.7/site-packages/airflow/example_dags/example_trigger_target_dag.py
[2025-01-27T08:46:46.579+0000] {processor.py:756} INFO - Processing file /home/airflow/.local/lib/python3.7/site-packages/airflow/example_dags/example_trigger_target_dag.py for tasks to queue
[2025-01-27T08:46:46.581+0000] {logging_mixin.py:120} INFO - [2025-01-27T08:46:46.580+0000] {dagbag.py:537} INFO - Filling up the DagBag from /home/airflow/.local/lib/python3.7/site-packages/airflow/example_dags/example_trigger_target_dag.py
[2025-01-27T08:46:46.622+0000] {processor.py:766} INFO - DAG(s) dict_keys(['example_trigger_target_dag']) retrieved from /home/airflow/.local/lib/python3.7/site-packages/airflow/example_dags/example_trigger_target_dag.py
[2025-01-27T08:46:46.698+0000] {logging_mixin.py:120} INFO - [2025-01-27T08:46:46.697+0000] {dag.py:2585} INFO - Sync 1 DAGs
[2025-01-27T08:46:46.741+0000] {logging_mixin.py:120} INFO - [2025-01-27T08:46:46.741+0000] {dag.py:3340} INFO - Setting next_dagrun for example_trigger_target_dag to None, run_after=None
[2025-01-27T08:46:46.775+0000] {processor.py:176} INFO - Processing /home/airflow/.local/lib/python3.7/site-packages/airflow/example_dags/example_trigger_target_dag.py took 0.202 seconds
[2025-01-27T08:47:17.411+0000] {processor.py:154} INFO - Started process (PID=1572) to work on /home/airflow/.local/lib/python3.7/site-packages/airflow/example_dags/example_trigger_target_dag.py
[2025-01-27T08:47:17.412+0000] {processor.py:756} INFO - Processing file /home/airflow/.local/lib/python3.7/site-packages/airflow/example_dags/example_trigger_target_dag.py for tasks to queue
[2025-01-27T08:47:17.414+0000] {logging_mixin.py:120} INFO - [2025-01-27T08:47:17.414+0000] {dagbag.py:537} INFO - Filling up the DagBag from /home/airflow/.local/lib/python3.7/site-packages/airflow/example_dags/example_trigger_target_dag.py
[2025-01-27T08:47:17.453+0000] {processor.py:766} INFO - DAG(s) dict_keys(['example_trigger_target_dag']) retrieved from /home/airflow/.local/lib/python3.7/site-packages/airflow/example_dags/example_trigger_target_dag.py
[2025-01-27T08:47:17.535+0000] {logging_mixin.py:120} INFO - [2025-01-27T08:47:17.535+0000] {dag.py:2585} INFO - Sync 1 DAGs
[2025-01-27T08:47:17.588+0000] {logging_mixin.py:120} INFO - [2025-01-27T08:47:17.588+0000] {dag.py:3340} INFO - Setting next_dagrun for example_trigger_target_dag to None, run_after=None
[2025-01-27T08:47:17.628+0000] {processor.py:176} INFO - Processing /home/airflow/.local/lib/python3.7/site-packages/airflow/example_dags/example_trigger_target_dag.py took 0.227 seconds
[2025-01-27T08:47:48.048+0000] {processor.py:154} INFO - Started process (PID=1635) to work on /home/airflow/.local/lib/python3.7/site-packages/airflow/example_dags/example_trigger_target_dag.py
[2025-01-27T08:47:48.049+0000] {processor.py:756} INFO - Processing file /home/airflow/.local/lib/python3.7/site-packages/airflow/example_dags/example_trigger_target_dag.py for tasks to queue
[2025-01-27T08:47:48.050+0000] {logging_mixin.py:120} INFO - [2025-01-27T08:47:48.050+0000] {dagbag.py:537} INFO - Filling up the DagBag from /home/airflow/.local/lib/python3.7/site-packages/airflow/example_dags/example_trigger_target_dag.py
[2025-01-27T08:47:48.086+0000] {processor.py:766} INFO - DAG(s) dict_keys(['example_trigger_target_dag']) retrieved from /home/airflow/.local/lib/python3.7/site-packages/airflow/example_dags/example_trigger_target_dag.py
[2025-01-27T08:47:48.154+0000] {logging_mixin.py:120} INFO - [2025-01-27T08:47:48.154+0000] {dag.py:2585} INFO - Sync 1 DAGs
[2025-01-27T08:47:48.201+0000] {logging_mixin.py:120} INFO - [2025-01-27T08:47:48.201+0000] {dag.py:3340} INFO - Setting next_dagrun for example_trigger_target_dag to None, run_after=None
[2025-01-27T08:47:48.242+0000] {processor.py:176} INFO - Processing /home/airflow/.local/lib/python3.7/site-packages/airflow/example_dags/example_trigger_target_dag.py took 0.200 seconds
[2025-01-27T08:48:18.851+0000] {processor.py:154} INFO - Started process (PID=1689) to work on /home/airflow/.local/lib/python3.7/site-packages/airflow/example_dags/example_trigger_target_dag.py
[2025-01-27T08:48:18.852+0000] {processor.py:756} INFO - Processing file /home/airflow/.local/lib/python3.7/site-packages/airflow/example_dags/example_trigger_target_dag.py for tasks to queue
[2025-01-27T08:48:18.854+0000] {logging_mixin.py:120} INFO - [2025-01-27T08:48:18.853+0000] {dagbag.py:537} INFO - Filling up the DagBag from /home/airflow/.local/lib/python3.7/site-packages/airflow/example_dags/example_trigger_target_dag.py
[2025-01-27T08:48:18.896+0000] {processor.py:766} INFO - DAG(s) dict_keys(['example_trigger_target_dag']) retrieved from /home/airflow/.local/lib/python3.7/site-packages/airflow/example_dags/example_trigger_target_dag.py
[2025-01-27T08:48:18.984+0000] {logging_mixin.py:120} INFO - [2025-01-27T08:48:18.982+0000] {dag.py:2585} INFO - Sync 1 DAGs
[2025-01-27T08:48:19.036+0000] {logging_mixin.py:120} INFO - [2025-01-27T08:48:19.036+0000] {dag.py:3340} INFO - Setting next_dagrun for example_trigger_target_dag to None, run_after=None
[2025-01-27T08:48:19.075+0000] {processor.py:176} INFO - Processing /home/airflow/.local/lib/python3.7/site-packages/airflow/example_dags/example_trigger_target_dag.py took 0.230 seconds
[2025-01-27T08:48:49.545+0000] {processor.py:154} INFO - Started process (PID=1752) to work on /home/airflow/.local/lib/python3.7/site-packages/airflow/example_dags/example_trigger_target_dag.py
[2025-01-27T08:48:49.546+0000] {processor.py:756} INFO - Processing file /home/airflow/.local/lib/python3.7/site-packages/airflow/example_dags/example_trigger_target_dag.py for tasks to queue
[2025-01-27T08:48:49.548+0000] {logging_mixin.py:120} INFO - [2025-01-27T08:48:49.547+0000] {dagbag.py:537} INFO - Filling up the DagBag from /home/airflow/.local/lib/python3.7/site-packages/airflow/example_dags/example_trigger_target_dag.py
[2025-01-27T08:48:49.585+0000] {processor.py:766} INFO - DAG(s) dict_keys(['example_trigger_target_dag']) retrieved from /home/airflow/.local/lib/python3.7/site-packages/airflow/example_dags/example_trigger_target_dag.py
[2025-01-27T08:48:49.675+0000] {logging_mixin.py:120} INFO - [2025-01-27T08:48:49.675+0000] {dag.py:2585} INFO - Sync 1 DAGs
[2025-01-27T08:48:49.720+0000] {logging_mixin.py:120} INFO - [2025-01-27T08:48:49.720+0000] {dag.py:3340} INFO - Setting next_dagrun for example_trigger_target_dag to None, run_after=None
[2025-01-27T08:48:49.758+0000] {processor.py:176} INFO - Processing /home/airflow/.local/lib/python3.7/site-packages/airflow/example_dags/example_trigger_target_dag.py took 0.218 seconds
[2025-01-27T08:49:20.338+0000] {processor.py:154} INFO - Started process (PID=1806) to work on /home/airflow/.local/lib/python3.7/site-packages/airflow/example_dags/example_trigger_target_dag.py
[2025-01-27T08:49:20.340+0000] {processor.py:756} INFO - Processing file /home/airflow/.local/lib/python3.7/site-packages/airflow/example_dags/example_trigger_target_dag.py for tasks to queue
[2025-01-27T08:49:20.341+0000] {logging_mixin.py:120} INFO - [2025-01-27T08:49:20.341+0000] {dagbag.py:537} INFO - Filling up the DagBag from /home/airflow/.local/lib/python3.7/site-packages/airflow/example_dags/example_trigger_target_dag.py
[2025-01-27T08:49:20.388+0000] {processor.py:766} INFO - DAG(s) dict_keys(['example_trigger_target_dag']) retrieved from /home/airflow/.local/lib/python3.7/site-packages/airflow/example_dags/example_trigger_target_dag.py
[2025-01-27T08:49:20.468+0000] {logging_mixin.py:120} INFO - [2025-01-27T08:49:20.468+0000] {dag.py:2585} INFO - Sync 1 DAGs
[2025-01-27T08:49:20.522+0000] {logging_mixin.py:120} INFO - [2025-01-27T08:49:20.522+0000] {dag.py:3340} INFO - Setting next_dagrun for example_trigger_target_dag to None, run_after=None
[2025-01-27T08:49:20.564+0000] {processor.py:176} INFO - Processing /home/airflow/.local/lib/python3.7/site-packages/airflow/example_dags/example_trigger_target_dag.py took 0.234 seconds
[2025-01-27T08:49:50.742+0000] {processor.py:154} INFO - Started process (PID=1869) to work on /home/airflow/.local/lib/python3.7/site-packages/airflow/example_dags/example_trigger_target_dag.py
[2025-01-27T08:49:50.744+0000] {processor.py:756} INFO - Processing file /home/airflow/.local/lib/python3.7/site-packages/airflow/example_dags/example_trigger_target_dag.py for tasks to queue
[2025-01-27T08:49:50.746+0000] {logging_mixin.py:120} INFO - [2025-01-27T08:49:50.745+0000] {dagbag.py:537} INFO - Filling up the DagBag from /home/airflow/.local/lib/python3.7/site-packages/airflow/example_dags/example_trigger_target_dag.py
[2025-01-27T08:49:50.781+0000] {processor.py:766} INFO - DAG(s) dict_keys(['example_trigger_target_dag']) retrieved from /home/airflow/.local/lib/python3.7/site-packages/airflow/example_dags/example_trigger_target_dag.py
[2025-01-27T08:49:50.854+0000] {logging_mixin.py:120} INFO - [2025-01-27T08:49:50.854+0000] {dag.py:2585} INFO - Sync 1 DAGs
[2025-01-27T08:49:50.900+0000] {logging_mixin.py:120} INFO - [2025-01-27T08:49:50.900+0000] {dag.py:3340} INFO - Setting next_dagrun for example_trigger_target_dag to None, run_after=None
[2025-01-27T08:49:50.936+0000] {processor.py:176} INFO - Processing /home/airflow/.local/lib/python3.7/site-packages/airflow/example_dags/example_trigger_target_dag.py took 0.202 seconds
[2025-01-27T08:50:21.165+0000] {processor.py:154} INFO - Started process (PID=1922) to work on /home/airflow/.local/lib/python3.7/site-packages/airflow/example_dags/example_trigger_target_dag.py
[2025-01-27T08:50:21.167+0000] {processor.py:756} INFO - Processing file /home/airflow/.local/lib/python3.7/site-packages/airflow/example_dags/example_trigger_target_dag.py for tasks to queue
[2025-01-27T08:50:21.168+0000] {logging_mixin.py:120} INFO - [2025-01-27T08:50:21.168+0000] {dagbag.py:537} INFO - Filling up the DagBag from /home/airflow/.local/lib/python3.7/site-packages/airflow/example_dags/example_trigger_target_dag.py
[2025-01-27T08:50:21.207+0000] {processor.py:766} INFO - DAG(s) dict_keys(['example_trigger_target_dag']) retrieved from /home/airflow/.local/lib/python3.7/site-packages/airflow/example_dags/example_trigger_target_dag.py
[2025-01-27T08:50:21.287+0000] {logging_mixin.py:120} INFO - [2025-01-27T08:50:21.287+0000] {dag.py:2585} INFO - Sync 1 DAGs
[2025-01-27T08:50:21.332+0000] {logging_mixin.py:120} INFO - [2025-01-27T08:50:21.332+0000] {dag.py:3340} INFO - Setting next_dagrun for example_trigger_target_dag to None, run_after=None
[2025-01-27T08:50:21.367+0000] {processor.py:176} INFO - Processing /home/airflow/.local/lib/python3.7/site-packages/airflow/example_dags/example_trigger_target_dag.py took 0.208 seconds
[2025-01-27T08:50:51.756+0000] {processor.py:154} INFO - Started process (PID=1984) to work on /home/airflow/.local/lib/python3.7/site-packages/airflow/example_dags/example_trigger_target_dag.py
[2025-01-27T08:50:51.758+0000] {processor.py:756} INFO - Processing file /home/airflow/.local/lib/python3.7/site-packages/airflow/example_dags/example_trigger_target_dag.py for tasks to queue
[2025-01-27T08:50:51.759+0000] {logging_mixin.py:120} INFO - [2025-01-27T08:50:51.759+0000] {dagbag.py:537} INFO - Filling up the DagBag from /home/airflow/.local/lib/python3.7/site-packages/airflow/example_dags/example_trigger_target_dag.py
[2025-01-27T08:50:51.798+0000] {processor.py:766} INFO - DAG(s) dict_keys(['example_trigger_target_dag']) retrieved from /home/airflow/.local/lib/python3.7/site-packages/airflow/example_dags/example_trigger_target_dag.py
[2025-01-27T08:50:51.871+0000] {logging_mixin.py:120} INFO - [2025-01-27T08:50:51.871+0000] {dag.py:2585} INFO - Sync 1 DAGs
[2025-01-27T08:50:51.916+0000] {logging_mixin.py:120} INFO - [2025-01-27T08:50:51.916+0000] {dag.py:3340} INFO - Setting next_dagrun for example_trigger_target_dag to None, run_after=None
[2025-01-27T08:50:51.951+0000] {processor.py:176} INFO - Processing /home/airflow/.local/lib/python3.7/site-packages/airflow/example_dags/example_trigger_target_dag.py took 0.201 seconds
[2025-01-27T08:51:22.479+0000] {processor.py:154} INFO - Started process (PID=2037) to work on /home/airflow/.local/lib/python3.7/site-packages/airflow/example_dags/example_trigger_target_dag.py
[2025-01-27T08:51:22.480+0000] {processor.py:756} INFO - Processing file /home/airflow/.local/lib/python3.7/site-packages/airflow/example_dags/example_trigger_target_dag.py for tasks to queue
[2025-01-27T08:51:22.481+0000] {logging_mixin.py:120} INFO - [2025-01-27T08:51:22.481+0000] {dagbag.py:537} INFO - Filling up the DagBag from /home/airflow/.local/lib/python3.7/site-packages/airflow/example_dags/example_trigger_target_dag.py
[2025-01-27T08:51:22.526+0000] {processor.py:766} INFO - DAG(s) dict_keys(['example_trigger_target_dag']) retrieved from /home/airflow/.local/lib/python3.7/site-packages/airflow/example_dags/example_trigger_target_dag.py
[2025-01-27T08:51:22.608+0000] {logging_mixin.py:120} INFO - [2025-01-27T08:51:22.608+0000] {dag.py:2585} INFO - Sync 1 DAGs
[2025-01-27T08:51:22.659+0000] {logging_mixin.py:120} INFO - [2025-01-27T08:51:22.659+0000] {dag.py:3340} INFO - Setting next_dagrun for example_trigger_target_dag to None, run_after=None
[2025-01-27T08:51:22.705+0000] {processor.py:176} INFO - Processing /home/airflow/.local/lib/python3.7/site-packages/airflow/example_dags/example_trigger_target_dag.py took 0.236 seconds
[2025-01-27T08:51:52.865+0000] {processor.py:154} INFO - Started process (PID=2099) to work on /home/airflow/.local/lib/python3.7/site-packages/airflow/example_dags/example_trigger_target_dag.py
[2025-01-27T08:51:52.867+0000] {processor.py:756} INFO - Processing file /home/airflow/.local/lib/python3.7/site-packages/airflow/example_dags/example_trigger_target_dag.py for tasks to queue
[2025-01-27T08:51:52.869+0000] {logging_mixin.py:120} INFO - [2025-01-27T08:51:52.869+0000] {dagbag.py:537} INFO - Filling up the DagBag from /home/airflow/.local/lib/python3.7/site-packages/airflow/example_dags/example_trigger_target_dag.py
[2025-01-27T08:51:52.910+0000] {processor.py:766} INFO - DAG(s) dict_keys(['example_trigger_target_dag']) retrieved from /home/airflow/.local/lib/python3.7/site-packages/airflow/example_dags/example_trigger_target_dag.py
[2025-01-27T08:51:52.993+0000] {logging_mixin.py:120} INFO - [2025-01-27T08:51:52.993+0000] {dag.py:2585} INFO - Sync 1 DAGs
[2025-01-27T08:51:53.055+0000] {logging_mixin.py:120} INFO - [2025-01-27T08:51:53.055+0000] {dag.py:3340} INFO - Setting next_dagrun for example_trigger_target_dag to None, run_after=None
[2025-01-27T08:51:53.093+0000] {processor.py:176} INFO - Processing /home/airflow/.local/lib/python3.7/site-packages/airflow/example_dags/example_trigger_target_dag.py took 0.234 seconds
[2025-01-27T08:52:23.237+0000] {processor.py:154} INFO - Started process (PID=2152) to work on /home/airflow/.local/lib/python3.7/site-packages/airflow/example_dags/example_trigger_target_dag.py
[2025-01-27T08:52:23.239+0000] {processor.py:756} INFO - Processing file /home/airflow/.local/lib/python3.7/site-packages/airflow/example_dags/example_trigger_target_dag.py for tasks to queue
[2025-01-27T08:52:23.241+0000] {logging_mixin.py:120} INFO - [2025-01-27T08:52:23.241+0000] {dagbag.py:537} INFO - Filling up the DagBag from /home/airflow/.local/lib/python3.7/site-packages/airflow/example_dags/example_trigger_target_dag.py
[2025-01-27T08:52:23.281+0000] {processor.py:766} INFO - DAG(s) dict_keys(['example_trigger_target_dag']) retrieved from /home/airflow/.local/lib/python3.7/site-packages/airflow/example_dags/example_trigger_target_dag.py
[2025-01-27T08:52:23.358+0000] {logging_mixin.py:120} INFO - [2025-01-27T08:52:23.358+0000] {dag.py:2585} INFO - Sync 1 DAGs
[2025-01-27T08:52:23.411+0000] {logging_mixin.py:120} INFO - [2025-01-27T08:52:23.410+0000] {dag.py:3340} INFO - Setting next_dagrun for example_trigger_target_dag to None, run_after=None
[2025-01-27T08:52:23.442+0000] {processor.py:176} INFO - Processing /home/airflow/.local/lib/python3.7/site-packages/airflow/example_dags/example_trigger_target_dag.py took 0.213 seconds
[2025-01-27T08:52:53.585+0000] {processor.py:154} INFO - Started process (PID=2215) to work on /home/airflow/.local/lib/python3.7/site-packages/airflow/example_dags/example_trigger_target_dag.py
[2025-01-27T08:52:53.587+0000] {processor.py:756} INFO - Processing file /home/airflow/.local/lib/python3.7/site-packages/airflow/example_dags/example_trigger_target_dag.py for tasks to queue
[2025-01-27T08:52:53.588+0000] {logging_mixin.py:120} INFO - [2025-01-27T08:52:53.588+0000] {dagbag.py:537} INFO - Filling up the DagBag from /home/airflow/.local/lib/python3.7/site-packages/airflow/example_dags/example_trigger_target_dag.py
[2025-01-27T08:52:53.627+0000] {processor.py:766} INFO - DAG(s) dict_keys(['example_trigger_target_dag']) retrieved from /home/airflow/.local/lib/python3.7/site-packages/airflow/example_dags/example_trigger_target_dag.py
[2025-01-27T08:52:53.735+0000] {logging_mixin.py:120} INFO - [2025-01-27T08:52:53.734+0000] {dag.py:2585} INFO - Sync 1 DAGs
[2025-01-27T08:52:53.803+0000] {logging_mixin.py:120} INFO - [2025-01-27T08:52:53.802+0000] {dag.py:3340} INFO - Setting next_dagrun for example_trigger_target_dag to None, run_after=None
[2025-01-27T08:52:53.851+0000] {processor.py:176} INFO - Processing /home/airflow/.local/lib/python3.7/site-packages/airflow/example_dags/example_trigger_target_dag.py took 0.272 seconds
[2025-01-27T08:53:25.226+0000] {processor.py:154} INFO - Started process (PID=2270) to work on /home/airflow/.local/lib/python3.7/site-packages/airflow/example_dags/example_trigger_target_dag.py
[2025-01-27T08:53:25.228+0000] {processor.py:756} INFO - Processing file /home/airflow/.local/lib/python3.7/site-packages/airflow/example_dags/example_trigger_target_dag.py for tasks to queue
[2025-01-27T08:53:25.229+0000] {logging_mixin.py:120} INFO - [2025-01-27T08:53:25.229+0000] {dagbag.py:537} INFO - Filling up the DagBag from /home/airflow/.local/lib/python3.7/site-packages/airflow/example_dags/example_trigger_target_dag.py
[2025-01-27T08:53:25.268+0000] {processor.py:766} INFO - DAG(s) dict_keys(['example_trigger_target_dag']) retrieved from /home/airflow/.local/lib/python3.7/site-packages/airflow/example_dags/example_trigger_target_dag.py
[2025-01-27T08:53:25.351+0000] {logging_mixin.py:120} INFO - [2025-01-27T08:53:25.351+0000] {dag.py:2585} INFO - Sync 1 DAGs
[2025-01-27T08:53:25.406+0000] {logging_mixin.py:120} INFO - [2025-01-27T08:53:25.406+0000] {dag.py:3340} INFO - Setting next_dagrun for example_trigger_target_dag to None, run_after=None
[2025-01-27T08:53:25.448+0000] {processor.py:176} INFO - Processing /home/airflow/.local/lib/python3.7/site-packages/airflow/example_dags/example_trigger_target_dag.py took 0.229 seconds
[2025-01-27T08:53:55.709+0000] {processor.py:154} INFO - Started process (PID=2332) to work on /home/airflow/.local/lib/python3.7/site-packages/airflow/example_dags/example_trigger_target_dag.py
[2025-01-27T08:53:55.712+0000] {processor.py:756} INFO - Processing file /home/airflow/.local/lib/python3.7/site-packages/airflow/example_dags/example_trigger_target_dag.py for tasks to queue
[2025-01-27T08:53:55.714+0000] {logging_mixin.py:120} INFO - [2025-01-27T08:53:55.714+0000] {dagbag.py:537} INFO - Filling up the DagBag from /home/airflow/.local/lib/python3.7/site-packages/airflow/example_dags/example_trigger_target_dag.py
[2025-01-27T08:53:55.769+0000] {processor.py:766} INFO - DAG(s) dict_keys(['example_trigger_target_dag']) retrieved from /home/airflow/.local/lib/python3.7/site-packages/airflow/example_dags/example_trigger_target_dag.py
[2025-01-27T08:53:55.850+0000] {logging_mixin.py:120} INFO - [2025-01-27T08:53:55.850+0000] {dag.py:2585} INFO - Sync 1 DAGs
[2025-01-27T08:53:55.900+0000] {logging_mixin.py:120} INFO - [2025-01-27T08:53:55.900+0000] {dag.py:3340} INFO - Setting next_dagrun for example_trigger_target_dag to None, run_after=None
[2025-01-27T08:53:55.941+0000] {processor.py:176} INFO - Processing /home/airflow/.local/lib/python3.7/site-packages/airflow/example_dags/example_trigger_target_dag.py took 0.240 seconds
[2025-01-27T08:54:26.145+0000] {processor.py:154} INFO - Started process (PID=2386) to work on /home/airflow/.local/lib/python3.7/site-packages/airflow/example_dags/example_trigger_target_dag.py
[2025-01-27T08:54:26.146+0000] {processor.py:756} INFO - Processing file /home/airflow/.local/lib/python3.7/site-packages/airflow/example_dags/example_trigger_target_dag.py for tasks to queue
[2025-01-27T08:54:26.150+0000] {logging_mixin.py:120} INFO - [2025-01-27T08:54:26.150+0000] {dagbag.py:537} INFO - Filling up the DagBag from /home/airflow/.local/lib/python3.7/site-packages/airflow/example_dags/example_trigger_target_dag.py
[2025-01-27T08:54:26.199+0000] {processor.py:766} INFO - DAG(s) dict_keys(['example_trigger_target_dag']) retrieved from /home/airflow/.local/lib/python3.7/site-packages/airflow/example_dags/example_trigger_target_dag.py
[2025-01-27T08:54:26.282+0000] {logging_mixin.py:120} INFO - [2025-01-27T08:54:26.282+0000] {dag.py:2585} INFO - Sync 1 DAGs
[2025-01-27T08:54:26.335+0000] {logging_mixin.py:120} INFO - [2025-01-27T08:54:26.334+0000] {dag.py:3340} INFO - Setting next_dagrun for example_trigger_target_dag to None, run_after=None
[2025-01-27T08:54:26.377+0000] {processor.py:176} INFO - Processing /home/airflow/.local/lib/python3.7/site-packages/airflow/example_dags/example_trigger_target_dag.py took 0.241 seconds
[2025-01-27T08:54:56.446+0000] {processor.py:154} INFO - Started process (PID=2439) to work on /home/airflow/.local/lib/python3.7/site-packages/airflow/example_dags/example_trigger_target_dag.py
[2025-01-27T08:54:56.448+0000] {processor.py:756} INFO - Processing file /home/airflow/.local/lib/python3.7/site-packages/airflow/example_dags/example_trigger_target_dag.py for tasks to queue
[2025-01-27T08:54:56.450+0000] {logging_mixin.py:120} INFO - [2025-01-27T08:54:56.450+0000] {dagbag.py:537} INFO - Filling up the DagBag from /home/airflow/.local/lib/python3.7/site-packages/airflow/example_dags/example_trigger_target_dag.py
[2025-01-27T08:54:56.492+0000] {processor.py:766} INFO - DAG(s) dict_keys(['example_trigger_target_dag']) retrieved from /home/airflow/.local/lib/python3.7/site-packages/airflow/example_dags/example_trigger_target_dag.py
[2025-01-27T08:54:56.577+0000] {logging_mixin.py:120} INFO - [2025-01-27T08:54:56.576+0000] {dag.py:2585} INFO - Sync 1 DAGs
[2025-01-27T08:54:56.625+0000] {logging_mixin.py:120} INFO - [2025-01-27T08:54:56.625+0000] {dag.py:3340} INFO - Setting next_dagrun for example_trigger_target_dag to None, run_after=None
[2025-01-27T08:54:56.663+0000] {processor.py:176} INFO - Processing /home/airflow/.local/lib/python3.7/site-packages/airflow/example_dags/example_trigger_target_dag.py took 0.224 seconds
[2025-01-27T08:55:26.879+0000] {processor.py:154} INFO - Started process (PID=2501) to work on /home/airflow/.local/lib/python3.7/site-packages/airflow/example_dags/example_trigger_target_dag.py
[2025-01-27T08:55:26.881+0000] {processor.py:756} INFO - Processing file /home/airflow/.local/lib/python3.7/site-packages/airflow/example_dags/example_trigger_target_dag.py for tasks to queue
[2025-01-27T08:55:26.885+0000] {logging_mixin.py:120} INFO - [2025-01-27T08:55:26.885+0000] {dagbag.py:537} INFO - Filling up the DagBag from /home/airflow/.local/lib/python3.7/site-packages/airflow/example_dags/example_trigger_target_dag.py
[2025-01-27T08:55:26.924+0000] {processor.py:766} INFO - DAG(s) dict_keys(['example_trigger_target_dag']) retrieved from /home/airflow/.local/lib/python3.7/site-packages/airflow/example_dags/example_trigger_target_dag.py
[2025-01-27T08:55:27.003+0000] {logging_mixin.py:120} INFO - [2025-01-27T08:55:27.003+0000] {dag.py:2585} INFO - Sync 1 DAGs
[2025-01-27T08:55:27.081+0000] {logging_mixin.py:120} INFO - [2025-01-27T08:55:27.081+0000] {dag.py:3340} INFO - Setting next_dagrun for example_trigger_target_dag to None, run_after=None
[2025-01-27T08:55:27.120+0000] {processor.py:176} INFO - Processing /home/airflow/.local/lib/python3.7/site-packages/airflow/example_dags/example_trigger_target_dag.py took 0.250 seconds
[2025-01-27T08:55:57.531+0000] {processor.py:154} INFO - Started process (PID=2554) to work on /home/airflow/.local/lib/python3.7/site-packages/airflow/example_dags/example_trigger_target_dag.py
[2025-01-27T08:55:57.532+0000] {processor.py:756} INFO - Processing file /home/airflow/.local/lib/python3.7/site-packages/airflow/example_dags/example_trigger_target_dag.py for tasks to queue
[2025-01-27T08:55:57.535+0000] {logging_mixin.py:120} INFO - [2025-01-27T08:55:57.535+0000] {dagbag.py:537} INFO - Filling up the DagBag from /home/airflow/.local/lib/python3.7/site-packages/airflow/example_dags/example_trigger_target_dag.py
[2025-01-27T08:55:57.577+0000] {processor.py:766} INFO - DAG(s) dict_keys(['example_trigger_target_dag']) retrieved from /home/airflow/.local/lib/python3.7/site-packages/airflow/example_dags/example_trigger_target_dag.py
[2025-01-27T08:55:57.655+0000] {logging_mixin.py:120} INFO - [2025-01-27T08:55:57.655+0000] {dag.py:2585} INFO - Sync 1 DAGs
[2025-01-27T08:55:57.709+0000] {logging_mixin.py:120} INFO - [2025-01-27T08:55:57.708+0000] {dag.py:3340} INFO - Setting next_dagrun for example_trigger_target_dag to None, run_after=None
[2025-01-27T08:55:57.751+0000] {processor.py:176} INFO - Processing /home/airflow/.local/lib/python3.7/site-packages/airflow/example_dags/example_trigger_target_dag.py took 0.227 seconds
[2025-01-27T08:56:28.233+0000] {processor.py:154} INFO - Started process (PID=2617) to work on /home/airflow/.local/lib/python3.7/site-packages/airflow/example_dags/example_trigger_target_dag.py
[2025-01-27T08:56:28.234+0000] {processor.py:756} INFO - Processing file /home/airflow/.local/lib/python3.7/site-packages/airflow/example_dags/example_trigger_target_dag.py for tasks to queue
[2025-01-27T08:56:28.244+0000] {logging_mixin.py:120} INFO - [2025-01-27T08:56:28.244+0000] {dagbag.py:537} INFO - Filling up the DagBag from /home/airflow/.local/lib/python3.7/site-packages/airflow/example_dags/example_trigger_target_dag.py
[2025-01-27T08:56:28.286+0000] {processor.py:766} INFO - DAG(s) dict_keys(['example_trigger_target_dag']) retrieved from /home/airflow/.local/lib/python3.7/site-packages/airflow/example_dags/example_trigger_target_dag.py
[2025-01-27T08:56:28.363+0000] {logging_mixin.py:120} INFO - [2025-01-27T08:56:28.362+0000] {dag.py:2585} INFO - Sync 1 DAGs
[2025-01-27T08:56:28.417+0000] {logging_mixin.py:120} INFO - [2025-01-27T08:56:28.416+0000] {dag.py:3340} INFO - Setting next_dagrun for example_trigger_target_dag to None, run_after=None
[2025-01-27T08:56:28.454+0000] {processor.py:176} INFO - Processing /home/airflow/.local/lib/python3.7/site-packages/airflow/example_dags/example_trigger_target_dag.py took 0.227 seconds
[2025-01-27T08:56:58.646+0000] {processor.py:154} INFO - Started process (PID=2670) to work on /home/airflow/.local/lib/python3.7/site-packages/airflow/example_dags/example_trigger_target_dag.py
[2025-01-27T08:56:58.647+0000] {processor.py:756} INFO - Processing file /home/airflow/.local/lib/python3.7/site-packages/airflow/example_dags/example_trigger_target_dag.py for tasks to queue
[2025-01-27T08:56:58.651+0000] {logging_mixin.py:120} INFO - [2025-01-27T08:56:58.650+0000] {dagbag.py:537} INFO - Filling up the DagBag from /home/airflow/.local/lib/python3.7/site-packages/airflow/example_dags/example_trigger_target_dag.py
[2025-01-27T08:56:58.696+0000] {processor.py:766} INFO - DAG(s) dict_keys(['example_trigger_target_dag']) retrieved from /home/airflow/.local/lib/python3.7/site-packages/airflow/example_dags/example_trigger_target_dag.py
[2025-01-27T08:56:58.786+0000] {logging_mixin.py:120} INFO - [2025-01-27T08:56:58.786+0000] {dag.py:2585} INFO - Sync 1 DAGs
[2025-01-27T08:56:58.850+0000] {logging_mixin.py:120} INFO - [2025-01-27T08:56:58.850+0000] {dag.py:3340} INFO - Setting next_dagrun for example_trigger_target_dag to None, run_after=None
[2025-01-27T08:56:58.886+0000] {processor.py:176} INFO - Processing /home/airflow/.local/lib/python3.7/site-packages/airflow/example_dags/example_trigger_target_dag.py took 0.248 seconds
[2025-01-27T08:57:28.983+0000] {processor.py:154} INFO - Started process (PID=2730) to work on /home/airflow/.local/lib/python3.7/site-packages/airflow/example_dags/example_trigger_target_dag.py
[2025-01-27T08:57:28.986+0000] {processor.py:756} INFO - Processing file /home/airflow/.local/lib/python3.7/site-packages/airflow/example_dags/example_trigger_target_dag.py for tasks to queue
[2025-01-27T08:57:28.987+0000] {logging_mixin.py:120} INFO - [2025-01-27T08:57:28.987+0000] {dagbag.py:537} INFO - Filling up the DagBag from /home/airflow/.local/lib/python3.7/site-packages/airflow/example_dags/example_trigger_target_dag.py
[2025-01-27T08:57:29.026+0000] {processor.py:766} INFO - DAG(s) dict_keys(['example_trigger_target_dag']) retrieved from /home/airflow/.local/lib/python3.7/site-packages/airflow/example_dags/example_trigger_target_dag.py
[2025-01-27T08:57:29.108+0000] {logging_mixin.py:120} INFO - [2025-01-27T08:57:29.108+0000] {dag.py:2585} INFO - Sync 1 DAGs
[2025-01-27T08:57:29.153+0000] {logging_mixin.py:120} INFO - [2025-01-27T08:57:29.153+0000] {dag.py:3340} INFO - Setting next_dagrun for example_trigger_target_dag to None, run_after=None
[2025-01-27T08:57:29.188+0000] {processor.py:176} INFO - Processing /home/airflow/.local/lib/python3.7/site-packages/airflow/example_dags/example_trigger_target_dag.py took 0.211 seconds
[2025-01-27T08:57:59.378+0000] {processor.py:154} INFO - Started process (PID=2784) to work on /home/airflow/.local/lib/python3.7/site-packages/airflow/example_dags/example_trigger_target_dag.py
[2025-01-27T08:57:59.380+0000] {processor.py:756} INFO - Processing file /home/airflow/.local/lib/python3.7/site-packages/airflow/example_dags/example_trigger_target_dag.py for tasks to queue
[2025-01-27T08:57:59.382+0000] {logging_mixin.py:120} INFO - [2025-01-27T08:57:59.381+0000] {dagbag.py:537} INFO - Filling up the DagBag from /home/airflow/.local/lib/python3.7/site-packages/airflow/example_dags/example_trigger_target_dag.py
[2025-01-27T08:57:59.420+0000] {processor.py:766} INFO - DAG(s) dict_keys(['example_trigger_target_dag']) retrieved from /home/airflow/.local/lib/python3.7/site-packages/airflow/example_dags/example_trigger_target_dag.py
[2025-01-27T08:57:59.495+0000] {logging_mixin.py:120} INFO - [2025-01-27T08:57:59.495+0000] {dag.py:2585} INFO - Sync 1 DAGs
[2025-01-27T08:57:59.540+0000] {logging_mixin.py:120} INFO - [2025-01-27T08:57:59.539+0000] {dag.py:3340} INFO - Setting next_dagrun for example_trigger_target_dag to None, run_after=None
[2025-01-27T08:57:59.579+0000] {processor.py:176} INFO - Processing /home/airflow/.local/lib/python3.7/site-packages/airflow/example_dags/example_trigger_target_dag.py took 0.209 seconds
[2025-01-27T08:58:29.683+0000] {processor.py:154} INFO - Started process (PID=2847) to work on /home/airflow/.local/lib/python3.7/site-packages/airflow/example_dags/example_trigger_target_dag.py
[2025-01-27T08:58:29.684+0000] {processor.py:756} INFO - Processing file /home/airflow/.local/lib/python3.7/site-packages/airflow/example_dags/example_trigger_target_dag.py for tasks to queue
[2025-01-27T08:58:29.686+0000] {logging_mixin.py:120} INFO - [2025-01-27T08:58:29.685+0000] {dagbag.py:537} INFO - Filling up the DagBag from /home/airflow/.local/lib/python3.7/site-packages/airflow/example_dags/example_trigger_target_dag.py
[2025-01-27T08:58:29.723+0000] {processor.py:766} INFO - DAG(s) dict_keys(['example_trigger_target_dag']) retrieved from /home/airflow/.local/lib/python3.7/site-packages/airflow/example_dags/example_trigger_target_dag.py
[2025-01-27T08:58:29.796+0000] {logging_mixin.py:120} INFO - [2025-01-27T08:58:29.796+0000] {dag.py:2585} INFO - Sync 1 DAGs
[2025-01-27T08:58:29.838+0000] {logging_mixin.py:120} INFO - [2025-01-27T08:58:29.837+0000] {dag.py:3340} INFO - Setting next_dagrun for example_trigger_target_dag to None, run_after=None
[2025-01-27T08:58:29.877+0000] {processor.py:176} INFO - Processing /home/airflow/.local/lib/python3.7/site-packages/airflow/example_dags/example_trigger_target_dag.py took 0.202 seconds
[2025-01-27T08:59:00.254+0000] {processor.py:154} INFO - Started process (PID=2901) to work on /home/airflow/.local/lib/python3.7/site-packages/airflow/example_dags/example_trigger_target_dag.py
[2025-01-27T08:59:00.255+0000] {processor.py:756} INFO - Processing file /home/airflow/.local/lib/python3.7/site-packages/airflow/example_dags/example_trigger_target_dag.py for tasks to queue
[2025-01-27T08:59:00.257+0000] {logging_mixin.py:120} INFO - [2025-01-27T08:59:00.257+0000] {dagbag.py:537} INFO - Filling up the DagBag from /home/airflow/.local/lib/python3.7/site-packages/airflow/example_dags/example_trigger_target_dag.py
[2025-01-27T08:59:00.303+0000] {processor.py:766} INFO - DAG(s) dict_keys(['example_trigger_target_dag']) retrieved from /home/airflow/.local/lib/python3.7/site-packages/airflow/example_dags/example_trigger_target_dag.py
[2025-01-27T08:59:00.379+0000] {logging_mixin.py:120} INFO - [2025-01-27T08:59:00.379+0000] {dag.py:2585} INFO - Sync 1 DAGs
[2025-01-27T08:59:00.427+0000] {logging_mixin.py:120} INFO - [2025-01-27T08:59:00.426+0000] {dag.py:3340} INFO - Setting next_dagrun for example_trigger_target_dag to None, run_after=None
[2025-01-27T08:59:00.462+0000] {processor.py:176} INFO - Processing /home/airflow/.local/lib/python3.7/site-packages/airflow/example_dags/example_trigger_target_dag.py took 0.217 seconds
[2025-01-27T08:59:30.646+0000] {processor.py:154} INFO - Started process (PID=2963) to work on /home/airflow/.local/lib/python3.7/site-packages/airflow/example_dags/example_trigger_target_dag.py
[2025-01-27T08:59:30.648+0000] {processor.py:756} INFO - Processing file /home/airflow/.local/lib/python3.7/site-packages/airflow/example_dags/example_trigger_target_dag.py for tasks to queue
[2025-01-27T08:59:30.650+0000] {logging_mixin.py:120} INFO - [2025-01-27T08:59:30.649+0000] {dagbag.py:537} INFO - Filling up the DagBag from /home/airflow/.local/lib/python3.7/site-packages/airflow/example_dags/example_trigger_target_dag.py
[2025-01-27T08:59:30.689+0000] {processor.py:766} INFO - DAG(s) dict_keys(['example_trigger_target_dag']) retrieved from /home/airflow/.local/lib/python3.7/site-packages/airflow/example_dags/example_trigger_target_dag.py
[2025-01-27T08:59:30.764+0000] {logging_mixin.py:120} INFO - [2025-01-27T08:59:30.764+0000] {dag.py:2585} INFO - Sync 1 DAGs
[2025-01-27T08:59:30.817+0000] {logging_mixin.py:120} INFO - [2025-01-27T08:59:30.816+0000] {dag.py:3340} INFO - Setting next_dagrun for example_trigger_target_dag to None, run_after=None
[2025-01-27T08:59:30.853+0000] {processor.py:176} INFO - Processing /home/airflow/.local/lib/python3.7/site-packages/airflow/example_dags/example_trigger_target_dag.py took 0.214 seconds
[2025-01-27T09:00:01.149+0000] {processor.py:154} INFO - Started process (PID=3017) to work on /home/airflow/.local/lib/python3.7/site-packages/airflow/example_dags/example_trigger_target_dag.py
[2025-01-27T09:00:01.151+0000] {processor.py:756} INFO - Processing file /home/airflow/.local/lib/python3.7/site-packages/airflow/example_dags/example_trigger_target_dag.py for tasks to queue
[2025-01-27T09:00:01.153+0000] {logging_mixin.py:120} INFO - [2025-01-27T09:00:01.153+0000] {dagbag.py:537} INFO - Filling up the DagBag from /home/airflow/.local/lib/python3.7/site-packages/airflow/example_dags/example_trigger_target_dag.py
[2025-01-27T09:00:01.194+0000] {processor.py:766} INFO - DAG(s) dict_keys(['example_trigger_target_dag']) retrieved from /home/airflow/.local/lib/python3.7/site-packages/airflow/example_dags/example_trigger_target_dag.py
[2025-01-27T09:00:01.269+0000] {logging_mixin.py:120} INFO - [2025-01-27T09:00:01.269+0000] {dag.py:2585} INFO - Sync 1 DAGs
[2025-01-27T09:00:01.317+0000] {logging_mixin.py:120} INFO - [2025-01-27T09:00:01.316+0000] {dag.py:3340} INFO - Setting next_dagrun for example_trigger_target_dag to None, run_after=None
[2025-01-27T09:00:01.358+0000] {processor.py:176} INFO - Processing /home/airflow/.local/lib/python3.7/site-packages/airflow/example_dags/example_trigger_target_dag.py took 0.217 seconds
[2025-01-27T09:00:32.113+0000] {processor.py:154} INFO - Started process (PID=3071) to work on /home/airflow/.local/lib/python3.7/site-packages/airflow/example_dags/example_trigger_target_dag.py
[2025-01-27T09:00:32.114+0000] {processor.py:756} INFO - Processing file /home/airflow/.local/lib/python3.7/site-packages/airflow/example_dags/example_trigger_target_dag.py for tasks to queue
[2025-01-27T09:00:32.116+0000] {logging_mixin.py:120} INFO - [2025-01-27T09:00:32.115+0000] {dagbag.py:537} INFO - Filling up the DagBag from /home/airflow/.local/lib/python3.7/site-packages/airflow/example_dags/example_trigger_target_dag.py
[2025-01-27T09:00:32.164+0000] {processor.py:766} INFO - DAG(s) dict_keys(['example_trigger_target_dag']) retrieved from /home/airflow/.local/lib/python3.7/site-packages/airflow/example_dags/example_trigger_target_dag.py
[2025-01-27T09:00:32.282+0000] {logging_mixin.py:120} INFO - [2025-01-27T09:00:32.281+0000] {dag.py:2585} INFO - Sync 1 DAGs
[2025-01-27T09:00:32.336+0000] {logging_mixin.py:120} INFO - [2025-01-27T09:00:32.335+0000] {dag.py:3340} INFO - Setting next_dagrun for example_trigger_target_dag to None, run_after=None
[2025-01-27T09:00:32.384+0000] {processor.py:176} INFO - Processing /home/airflow/.local/lib/python3.7/site-packages/airflow/example_dags/example_trigger_target_dag.py took 0.278 seconds
[2025-01-27T09:01:02.930+0000] {processor.py:154} INFO - Started process (PID=3133) to work on /home/airflow/.local/lib/python3.7/site-packages/airflow/example_dags/example_trigger_target_dag.py
[2025-01-27T09:01:02.932+0000] {processor.py:756} INFO - Processing file /home/airflow/.local/lib/python3.7/site-packages/airflow/example_dags/example_trigger_target_dag.py for tasks to queue
[2025-01-27T09:01:02.933+0000] {logging_mixin.py:120} INFO - [2025-01-27T09:01:02.933+0000] {dagbag.py:537} INFO - Filling up the DagBag from /home/airflow/.local/lib/python3.7/site-packages/airflow/example_dags/example_trigger_target_dag.py
[2025-01-27T09:01:02.971+0000] {processor.py:766} INFO - DAG(s) dict_keys(['example_trigger_target_dag']) retrieved from /home/airflow/.local/lib/python3.7/site-packages/airflow/example_dags/example_trigger_target_dag.py
[2025-01-27T09:01:03.055+0000] {logging_mixin.py:120} INFO - [2025-01-27T09:01:03.054+0000] {dag.py:2585} INFO - Sync 1 DAGs
[2025-01-27T09:01:03.099+0000] {logging_mixin.py:120} INFO - [2025-01-27T09:01:03.099+0000] {dag.py:3340} INFO - Setting next_dagrun for example_trigger_target_dag to None, run_after=None
[2025-01-27T09:01:03.132+0000] {processor.py:176} INFO - Processing /home/airflow/.local/lib/python3.7/site-packages/airflow/example_dags/example_trigger_target_dag.py took 0.206 seconds
[2025-01-27T09:01:33.175+0000] {processor.py:154} INFO - Started process (PID=3187) to work on /home/airflow/.local/lib/python3.7/site-packages/airflow/example_dags/example_trigger_target_dag.py
[2025-01-27T09:01:33.177+0000] {processor.py:756} INFO - Processing file /home/airflow/.local/lib/python3.7/site-packages/airflow/example_dags/example_trigger_target_dag.py for tasks to queue
[2025-01-27T09:01:33.179+0000] {logging_mixin.py:120} INFO - [2025-01-27T09:01:33.179+0000] {dagbag.py:537} INFO - Filling up the DagBag from /home/airflow/.local/lib/python3.7/site-packages/airflow/example_dags/example_trigger_target_dag.py
[2025-01-27T09:01:33.222+0000] {processor.py:766} INFO - DAG(s) dict_keys(['example_trigger_target_dag']) retrieved from /home/airflow/.local/lib/python3.7/site-packages/airflow/example_dags/example_trigger_target_dag.py
[2025-01-27T09:01:33.301+0000] {logging_mixin.py:120} INFO - [2025-01-27T09:01:33.301+0000] {dag.py:2585} INFO - Sync 1 DAGs
[2025-01-27T09:01:33.347+0000] {logging_mixin.py:120} INFO - [2025-01-27T09:01:33.347+0000] {dag.py:3340} INFO - Setting next_dagrun for example_trigger_target_dag to None, run_after=None
[2025-01-27T09:01:33.386+0000] {processor.py:176} INFO - Processing /home/airflow/.local/lib/python3.7/site-packages/airflow/example_dags/example_trigger_target_dag.py took 0.218 seconds
[2025-01-27T09:02:03.583+0000] {processor.py:154} INFO - Started process (PID=3250) to work on /home/airflow/.local/lib/python3.7/site-packages/airflow/example_dags/example_trigger_target_dag.py
[2025-01-27T09:02:03.585+0000] {processor.py:756} INFO - Processing file /home/airflow/.local/lib/python3.7/site-packages/airflow/example_dags/example_trigger_target_dag.py for tasks to queue
[2025-01-27T09:02:03.586+0000] {logging_mixin.py:120} INFO - [2025-01-27T09:02:03.586+0000] {dagbag.py:537} INFO - Filling up the DagBag from /home/airflow/.local/lib/python3.7/site-packages/airflow/example_dags/example_trigger_target_dag.py
[2025-01-27T09:02:03.625+0000] {processor.py:766} INFO - DAG(s) dict_keys(['example_trigger_target_dag']) retrieved from /home/airflow/.local/lib/python3.7/site-packages/airflow/example_dags/example_trigger_target_dag.py
[2025-01-27T09:02:03.693+0000] {logging_mixin.py:120} INFO - [2025-01-27T09:02:03.693+0000] {dag.py:2585} INFO - Sync 1 DAGs
[2025-01-27T09:02:03.740+0000] {logging_mixin.py:120} INFO - [2025-01-27T09:02:03.739+0000] {dag.py:3340} INFO - Setting next_dagrun for example_trigger_target_dag to None, run_after=None
[2025-01-27T09:02:03.783+0000] {processor.py:176} INFO - Processing /home/airflow/.local/lib/python3.7/site-packages/airflow/example_dags/example_trigger_target_dag.py took 0.208 seconds
[2025-01-27T09:02:34.250+0000] {processor.py:154} INFO - Started process (PID=3304) to work on /home/airflow/.local/lib/python3.7/site-packages/airflow/example_dags/example_trigger_target_dag.py
[2025-01-27T09:02:34.252+0000] {processor.py:756} INFO - Processing file /home/airflow/.local/lib/python3.7/site-packages/airflow/example_dags/example_trigger_target_dag.py for tasks to queue
[2025-01-27T09:02:34.254+0000] {logging_mixin.py:120} INFO - [2025-01-27T09:02:34.254+0000] {dagbag.py:537} INFO - Filling up the DagBag from /home/airflow/.local/lib/python3.7/site-packages/airflow/example_dags/example_trigger_target_dag.py
[2025-01-27T09:02:34.298+0000] {processor.py:766} INFO - DAG(s) dict_keys(['example_trigger_target_dag']) retrieved from /home/airflow/.local/lib/python3.7/site-packages/airflow/example_dags/example_trigger_target_dag.py
[2025-01-27T09:02:34.377+0000] {logging_mixin.py:120} INFO - [2025-01-27T09:02:34.377+0000] {dag.py:2585} INFO - Sync 1 DAGs
[2025-01-27T09:02:34.422+0000] {logging_mixin.py:120} INFO - [2025-01-27T09:02:34.422+0000] {dag.py:3340} INFO - Setting next_dagrun for example_trigger_target_dag to None, run_after=None
[2025-01-27T09:02:34.456+0000] {processor.py:176} INFO - Processing /home/airflow/.local/lib/python3.7/site-packages/airflow/example_dags/example_trigger_target_dag.py took 0.214 seconds
[2025-01-27T09:03:04.723+0000] {processor.py:154} INFO - Started process (PID=3366) to work on /home/airflow/.local/lib/python3.7/site-packages/airflow/example_dags/example_trigger_target_dag.py
[2025-01-27T09:03:04.743+0000] {processor.py:756} INFO - Processing file /home/airflow/.local/lib/python3.7/site-packages/airflow/example_dags/example_trigger_target_dag.py for tasks to queue
[2025-01-27T09:03:04.769+0000] {logging_mixin.py:120} INFO - [2025-01-27T09:03:04.769+0000] {dagbag.py:537} INFO - Filling up the DagBag from /home/airflow/.local/lib/python3.7/site-packages/airflow/example_dags/example_trigger_target_dag.py
[2025-01-27T09:03:04.848+0000] {processor.py:766} INFO - DAG(s) dict_keys(['example_trigger_target_dag']) retrieved from /home/airflow/.local/lib/python3.7/site-packages/airflow/example_dags/example_trigger_target_dag.py
[2025-01-27T09:03:04.953+0000] {logging_mixin.py:120} INFO - [2025-01-27T09:03:04.952+0000] {dag.py:2585} INFO - Sync 1 DAGs
[2025-01-27T09:03:05.014+0000] {logging_mixin.py:120} INFO - [2025-01-27T09:03:05.014+0000] {dag.py:3340} INFO - Setting next_dagrun for example_trigger_target_dag to None, run_after=None
[2025-01-27T09:03:05.054+0000] {processor.py:176} INFO - Processing /home/airflow/.local/lib/python3.7/site-packages/airflow/example_dags/example_trigger_target_dag.py took 0.339 seconds
[2025-01-27T09:03:35.261+0000] {processor.py:154} INFO - Started process (PID=3419) to work on /home/airflow/.local/lib/python3.7/site-packages/airflow/example_dags/example_trigger_target_dag.py
[2025-01-27T09:03:35.263+0000] {processor.py:756} INFO - Processing file /home/airflow/.local/lib/python3.7/site-packages/airflow/example_dags/example_trigger_target_dag.py for tasks to queue
[2025-01-27T09:03:35.264+0000] {logging_mixin.py:120} INFO - [2025-01-27T09:03:35.264+0000] {dagbag.py:537} INFO - Filling up the DagBag from /home/airflow/.local/lib/python3.7/site-packages/airflow/example_dags/example_trigger_target_dag.py
[2025-01-27T09:03:35.300+0000] {processor.py:766} INFO - DAG(s) dict_keys(['example_trigger_target_dag']) retrieved from /home/airflow/.local/lib/python3.7/site-packages/airflow/example_dags/example_trigger_target_dag.py
[2025-01-27T09:03:35.373+0000] {logging_mixin.py:120} INFO - [2025-01-27T09:03:35.373+0000] {dag.py:2585} INFO - Sync 1 DAGs
[2025-01-27T09:03:35.416+0000] {logging_mixin.py:120} INFO - [2025-01-27T09:03:35.416+0000] {dag.py:3340} INFO - Setting next_dagrun for example_trigger_target_dag to None, run_after=None
[2025-01-27T09:03:35.449+0000] {processor.py:176} INFO - Processing /home/airflow/.local/lib/python3.7/site-packages/airflow/example_dags/example_trigger_target_dag.py took 0.198 seconds
[2025-01-27T09:04:05.502+0000] {processor.py:154} INFO - Started process (PID=3473) to work on /home/airflow/.local/lib/python3.7/site-packages/airflow/example_dags/example_trigger_target_dag.py
[2025-01-27T09:04:05.504+0000] {processor.py:756} INFO - Processing file /home/airflow/.local/lib/python3.7/site-packages/airflow/example_dags/example_trigger_target_dag.py for tasks to queue
[2025-01-27T09:04:05.507+0000] {logging_mixin.py:120} INFO - [2025-01-27T09:04:05.506+0000] {dagbag.py:537} INFO - Filling up the DagBag from /home/airflow/.local/lib/python3.7/site-packages/airflow/example_dags/example_trigger_target_dag.py
[2025-01-27T09:04:05.568+0000] {processor.py:766} INFO - DAG(s) dict_keys(['example_trigger_target_dag']) retrieved from /home/airflow/.local/lib/python3.7/site-packages/airflow/example_dags/example_trigger_target_dag.py
[2025-01-27T09:04:05.655+0000] {logging_mixin.py:120} INFO - [2025-01-27T09:04:05.654+0000] {dag.py:2585} INFO - Sync 1 DAGs
[2025-01-27T09:04:05.700+0000] {logging_mixin.py:120} INFO - [2025-01-27T09:04:05.700+0000] {dag.py:3340} INFO - Setting next_dagrun for example_trigger_target_dag to None, run_after=None
[2025-01-27T09:04:05.736+0000] {processor.py:176} INFO - Processing /home/airflow/.local/lib/python3.7/site-packages/airflow/example_dags/example_trigger_target_dag.py took 0.241 seconds
[2025-01-27T09:04:36.254+0000] {processor.py:154} INFO - Started process (PID=3536) to work on /home/airflow/.local/lib/python3.7/site-packages/airflow/example_dags/example_trigger_target_dag.py
[2025-01-27T09:04:36.256+0000] {processor.py:756} INFO - Processing file /home/airflow/.local/lib/python3.7/site-packages/airflow/example_dags/example_trigger_target_dag.py for tasks to queue
[2025-01-27T09:04:36.258+0000] {logging_mixin.py:120} INFO - [2025-01-27T09:04:36.257+0000] {dagbag.py:537} INFO - Filling up the DagBag from /home/airflow/.local/lib/python3.7/site-packages/airflow/example_dags/example_trigger_target_dag.py
[2025-01-27T09:04:36.299+0000] {processor.py:766} INFO - DAG(s) dict_keys(['example_trigger_target_dag']) retrieved from /home/airflow/.local/lib/python3.7/site-packages/airflow/example_dags/example_trigger_target_dag.py
[2025-01-27T09:04:36.374+0000] {logging_mixin.py:120} INFO - [2025-01-27T09:04:36.374+0000] {dag.py:2585} INFO - Sync 1 DAGs
[2025-01-27T09:04:36.434+0000] {logging_mixin.py:120} INFO - [2025-01-27T09:04:36.434+0000] {dag.py:3340} INFO - Setting next_dagrun for example_trigger_target_dag to None, run_after=None
[2025-01-27T09:04:36.486+0000] {processor.py:176} INFO - Processing /home/airflow/.local/lib/python3.7/site-packages/airflow/example_dags/example_trigger_target_dag.py took 0.238 seconds
[2025-01-27T09:05:06.883+0000] {processor.py:154} INFO - Started process (PID=3590) to work on /home/airflow/.local/lib/python3.7/site-packages/airflow/example_dags/example_trigger_target_dag.py
[2025-01-27T09:05:06.884+0000] {processor.py:756} INFO - Processing file /home/airflow/.local/lib/python3.7/site-packages/airflow/example_dags/example_trigger_target_dag.py for tasks to queue
[2025-01-27T09:05:06.886+0000] {logging_mixin.py:120} INFO - [2025-01-27T09:05:06.885+0000] {dagbag.py:537} INFO - Filling up the DagBag from /home/airflow/.local/lib/python3.7/site-packages/airflow/example_dags/example_trigger_target_dag.py
[2025-01-27T09:05:06.922+0000] {processor.py:766} INFO - DAG(s) dict_keys(['example_trigger_target_dag']) retrieved from /home/airflow/.local/lib/python3.7/site-packages/airflow/example_dags/example_trigger_target_dag.py
[2025-01-27T09:05:07.004+0000] {logging_mixin.py:120} INFO - [2025-01-27T09:05:07.004+0000] {dag.py:2585} INFO - Sync 1 DAGs
[2025-01-27T09:05:07.055+0000] {logging_mixin.py:120} INFO - [2025-01-27T09:05:07.054+0000] {dag.py:3340} INFO - Setting next_dagrun for example_trigger_target_dag to None, run_after=None
[2025-01-27T09:05:07.090+0000] {processor.py:176} INFO - Processing /home/airflow/.local/lib/python3.7/site-packages/airflow/example_dags/example_trigger_target_dag.py took 0.215 seconds
[2025-01-27T09:05:37.446+0000] {processor.py:154} INFO - Started process (PID=3651) to work on /home/airflow/.local/lib/python3.7/site-packages/airflow/example_dags/example_trigger_target_dag.py
[2025-01-27T09:05:37.448+0000] {processor.py:756} INFO - Processing file /home/airflow/.local/lib/python3.7/site-packages/airflow/example_dags/example_trigger_target_dag.py for tasks to queue
[2025-01-27T09:05:37.449+0000] {logging_mixin.py:120} INFO - [2025-01-27T09:05:37.449+0000] {dagbag.py:537} INFO - Filling up the DagBag from /home/airflow/.local/lib/python3.7/site-packages/airflow/example_dags/example_trigger_target_dag.py
[2025-01-27T09:05:37.489+0000] {processor.py:766} INFO - DAG(s) dict_keys(['example_trigger_target_dag']) retrieved from /home/airflow/.local/lib/python3.7/site-packages/airflow/example_dags/example_trigger_target_dag.py
[2025-01-27T09:05:37.571+0000] {logging_mixin.py:120} INFO - [2025-01-27T09:05:37.570+0000] {dag.py:2585} INFO - Sync 1 DAGs
[2025-01-27T09:05:37.620+0000] {logging_mixin.py:120} INFO - [2025-01-27T09:05:37.620+0000] {dag.py:3340} INFO - Setting next_dagrun for example_trigger_target_dag to None, run_after=None
[2025-01-27T09:05:37.658+0000] {processor.py:176} INFO - Processing /home/airflow/.local/lib/python3.7/site-packages/airflow/example_dags/example_trigger_target_dag.py took 0.217 seconds
[2025-01-27T09:06:07.988+0000] {processor.py:154} INFO - Started process (PID=3704) to work on /home/airflow/.local/lib/python3.7/site-packages/airflow/example_dags/example_trigger_target_dag.py
[2025-01-27T09:06:07.990+0000] {processor.py:756} INFO - Processing file /home/airflow/.local/lib/python3.7/site-packages/airflow/example_dags/example_trigger_target_dag.py for tasks to queue
[2025-01-27T09:06:07.993+0000] {logging_mixin.py:120} INFO - [2025-01-27T09:06:07.992+0000] {dagbag.py:537} INFO - Filling up the DagBag from /home/airflow/.local/lib/python3.7/site-packages/airflow/example_dags/example_trigger_target_dag.py
[2025-01-27T09:06:08.043+0000] {processor.py:766} INFO - DAG(s) dict_keys(['example_trigger_target_dag']) retrieved from /home/airflow/.local/lib/python3.7/site-packages/airflow/example_dags/example_trigger_target_dag.py
[2025-01-27T09:06:08.118+0000] {logging_mixin.py:120} INFO - [2025-01-27T09:06:08.118+0000] {dag.py:2585} INFO - Sync 1 DAGs
[2025-01-27T09:06:08.162+0000] {logging_mixin.py:120} INFO - [2025-01-27T09:06:08.162+0000] {dag.py:3340} INFO - Setting next_dagrun for example_trigger_target_dag to None, run_after=None
[2025-01-27T09:06:08.202+0000] {processor.py:176} INFO - Processing /home/airflow/.local/lib/python3.7/site-packages/airflow/example_dags/example_trigger_target_dag.py took 0.230 seconds
[2025-01-27T09:06:39.036+0000] {processor.py:154} INFO - Started process (PID=3757) to work on /home/airflow/.local/lib/python3.7/site-packages/airflow/example_dags/example_trigger_target_dag.py
[2025-01-27T09:06:39.042+0000] {processor.py:756} INFO - Processing file /home/airflow/.local/lib/python3.7/site-packages/airflow/example_dags/example_trigger_target_dag.py for tasks to queue
[2025-01-27T09:06:39.045+0000] {logging_mixin.py:120} INFO - [2025-01-27T09:06:39.044+0000] {dagbag.py:537} INFO - Filling up the DagBag from /home/airflow/.local/lib/python3.7/site-packages/airflow/example_dags/example_trigger_target_dag.py
[2025-01-27T09:06:39.237+0000] {processor.py:766} INFO - DAG(s) dict_keys(['example_trigger_target_dag']) retrieved from /home/airflow/.local/lib/python3.7/site-packages/airflow/example_dags/example_trigger_target_dag.py
[2025-01-27T09:06:39.357+0000] {logging_mixin.py:120} INFO - [2025-01-27T09:06:39.357+0000] {dag.py:2585} INFO - Sync 1 DAGs
[2025-01-27T09:06:39.417+0000] {logging_mixin.py:120} INFO - [2025-01-27T09:06:39.417+0000] {dag.py:3340} INFO - Setting next_dagrun for example_trigger_target_dag to None, run_after=None
[2025-01-27T09:06:39.449+0000] {processor.py:176} INFO - Processing /home/airflow/.local/lib/python3.7/site-packages/airflow/example_dags/example_trigger_target_dag.py took 0.420 seconds
[2025-01-27T09:07:10.332+0000] {processor.py:154} INFO - Started process (PID=3820) to work on /home/airflow/.local/lib/python3.7/site-packages/airflow/example_dags/example_trigger_target_dag.py
[2025-01-27T09:07:10.333+0000] {processor.py:756} INFO - Processing file /home/airflow/.local/lib/python3.7/site-packages/airflow/example_dags/example_trigger_target_dag.py for tasks to queue
[2025-01-27T09:07:10.334+0000] {logging_mixin.py:120} INFO - [2025-01-27T09:07:10.334+0000] {dagbag.py:537} INFO - Filling up the DagBag from /home/airflow/.local/lib/python3.7/site-packages/airflow/example_dags/example_trigger_target_dag.py
[2025-01-27T09:07:10.371+0000] {processor.py:766} INFO - DAG(s) dict_keys(['example_trigger_target_dag']) retrieved from /home/airflow/.local/lib/python3.7/site-packages/airflow/example_dags/example_trigger_target_dag.py
[2025-01-27T09:07:10.456+0000] {logging_mixin.py:120} INFO - [2025-01-27T09:07:10.456+0000] {dag.py:2585} INFO - Sync 1 DAGs
[2025-01-27T09:07:10.505+0000] {logging_mixin.py:120} INFO - [2025-01-27T09:07:10.505+0000] {dag.py:3340} INFO - Setting next_dagrun for example_trigger_target_dag to None, run_after=None
[2025-01-27T09:07:10.539+0000] {processor.py:176} INFO - Processing /home/airflow/.local/lib/python3.7/site-packages/airflow/example_dags/example_trigger_target_dag.py took 0.212 seconds
[2025-01-27T09:07:41.260+0000] {processor.py:154} INFO - Started process (PID=3875) to work on /home/airflow/.local/lib/python3.7/site-packages/airflow/example_dags/example_trigger_target_dag.py
[2025-01-27T09:07:41.262+0000] {processor.py:756} INFO - Processing file /home/airflow/.local/lib/python3.7/site-packages/airflow/example_dags/example_trigger_target_dag.py for tasks to queue
[2025-01-27T09:07:41.266+0000] {logging_mixin.py:120} INFO - [2025-01-27T09:07:41.266+0000] {dagbag.py:537} INFO - Filling up the DagBag from /home/airflow/.local/lib/python3.7/site-packages/airflow/example_dags/example_trigger_target_dag.py
[2025-01-27T09:07:41.318+0000] {processor.py:766} INFO - DAG(s) dict_keys(['example_trigger_target_dag']) retrieved from /home/airflow/.local/lib/python3.7/site-packages/airflow/example_dags/example_trigger_target_dag.py
[2025-01-27T09:07:41.409+0000] {logging_mixin.py:120} INFO - [2025-01-27T09:07:41.409+0000] {dag.py:2585} INFO - Sync 1 DAGs
[2025-01-27T09:07:41.460+0000] {logging_mixin.py:120} INFO - [2025-01-27T09:07:41.460+0000] {dag.py:3340} INFO - Setting next_dagrun for example_trigger_target_dag to None, run_after=None
[2025-01-27T09:07:41.495+0000] {processor.py:176} INFO - Processing /home/airflow/.local/lib/python3.7/site-packages/airflow/example_dags/example_trigger_target_dag.py took 0.244 seconds
[2025-01-27T09:08:11.787+0000] {processor.py:154} INFO - Started process (PID=3938) to work on /home/airflow/.local/lib/python3.7/site-packages/airflow/example_dags/example_trigger_target_dag.py
[2025-01-27T09:08:11.789+0000] {processor.py:756} INFO - Processing file /home/airflow/.local/lib/python3.7/site-packages/airflow/example_dags/example_trigger_target_dag.py for tasks to queue
[2025-01-27T09:08:11.792+0000] {logging_mixin.py:120} INFO - [2025-01-27T09:08:11.792+0000] {dagbag.py:537} INFO - Filling up the DagBag from /home/airflow/.local/lib/python3.7/site-packages/airflow/example_dags/example_trigger_target_dag.py
[2025-01-27T09:08:11.829+0000] {processor.py:766} INFO - DAG(s) dict_keys(['example_trigger_target_dag']) retrieved from /home/airflow/.local/lib/python3.7/site-packages/airflow/example_dags/example_trigger_target_dag.py
[2025-01-27T09:08:11.907+0000] {logging_mixin.py:120} INFO - [2025-01-27T09:08:11.907+0000] {dag.py:2585} INFO - Sync 1 DAGs
[2025-01-27T09:08:11.954+0000] {logging_mixin.py:120} INFO - [2025-01-27T09:08:11.953+0000] {dag.py:3340} INFO - Setting next_dagrun for example_trigger_target_dag to None, run_after=None
[2025-01-27T09:08:11.996+0000] {processor.py:176} INFO - Processing /home/airflow/.local/lib/python3.7/site-packages/airflow/example_dags/example_trigger_target_dag.py took 0.215 seconds
[2025-01-27T09:08:42.496+0000] {processor.py:154} INFO - Started process (PID=3992) to work on /home/airflow/.local/lib/python3.7/site-packages/airflow/example_dags/example_trigger_target_dag.py
[2025-01-27T09:08:42.497+0000] {processor.py:756} INFO - Processing file /home/airflow/.local/lib/python3.7/site-packages/airflow/example_dags/example_trigger_target_dag.py for tasks to queue
[2025-01-27T09:08:42.498+0000] {logging_mixin.py:120} INFO - [2025-01-27T09:08:42.498+0000] {dagbag.py:537} INFO - Filling up the DagBag from /home/airflow/.local/lib/python3.7/site-packages/airflow/example_dags/example_trigger_target_dag.py
[2025-01-27T09:08:42.537+0000] {processor.py:766} INFO - DAG(s) dict_keys(['example_trigger_target_dag']) retrieved from /home/airflow/.local/lib/python3.7/site-packages/airflow/example_dags/example_trigger_target_dag.py
[2025-01-27T09:08:42.625+0000] {logging_mixin.py:120} INFO - [2025-01-27T09:08:42.624+0000] {dag.py:2585} INFO - Sync 1 DAGs
[2025-01-27T09:08:42.692+0000] {logging_mixin.py:120} INFO - [2025-01-27T09:08:42.692+0000] {dag.py:3340} INFO - Setting next_dagrun for example_trigger_target_dag to None, run_after=None
[2025-01-27T09:08:42.730+0000] {processor.py:176} INFO - Processing /home/airflow/.local/lib/python3.7/site-packages/airflow/example_dags/example_trigger_target_dag.py took 0.240 seconds
