[2025-01-27T08:33:50.303+0000] {processor.py:154} INFO - Started process (PID=60) to work on /home/airflow/.local/lib/python3.7/site-packages/airflow/example_dags/example_sla_dag.py
[2025-01-27T08:33:50.305+0000] {processor.py:756} INFO - Processing file /home/airflow/.local/lib/python3.7/site-packages/airflow/example_dags/example_sla_dag.py for tasks to queue
[2025-01-27T08:33:50.307+0000] {logging_mixin.py:120} INFO - [2025-01-27T08:33:50.307+0000] {dagbag.py:537} INFO - Filling up the DagBag from /home/airflow/.local/lib/python3.7/site-packages/airflow/example_dags/example_sla_dag.py
[2025-01-27T08:33:50.398+0000] {processor.py:766} INFO - DAG(s) dict_keys(['example_sla_dag']) retrieved from /home/airflow/.local/lib/python3.7/site-packages/airflow/example_dags/example_sla_dag.py
[2025-01-27T08:33:50.773+0000] {logging_mixin.py:120} INFO - [2025-01-27T08:33:50.773+0000] {manager.py:507} INFO - Created Permission View: can edit on DAG:example_sla_dag
[2025-01-27T08:33:50.794+0000] {logging_mixin.py:120} INFO - [2025-01-27T08:33:50.794+0000] {manager.py:507} INFO - Created Permission View: can read on DAG:example_sla_dag
[2025-01-27T08:33:50.809+0000] {logging_mixin.py:120} INFO - [2025-01-27T08:33:50.809+0000] {manager.py:507} INFO - Created Permission View: can delete on DAG:example_sla_dag
[2025-01-27T08:33:50.810+0000] {logging_mixin.py:120} INFO - [2025-01-27T08:33:50.810+0000] {dag.py:2585} INFO - Sync 1 DAGs
[2025-01-27T08:33:50.872+0000] {logging_mixin.py:120} INFO - [2025-01-27T08:33:50.871+0000] {dag.py:2606} INFO - Creating ORM DAG for example_sla_dag
[2025-01-27T08:33:50.912+0000] {logging_mixin.py:120} INFO - [2025-01-27T08:33:50.912+0000] {dag.py:3340} INFO - Setting next_dagrun for example_sla_dag to 2025-01-27T08:30:00+00:00, run_after=2025-01-27T08:32:00+00:00
[2025-01-27T08:33:50.959+0000] {processor.py:176} INFO - Processing /home/airflow/.local/lib/python3.7/site-packages/airflow/example_dags/example_sla_dag.py took 0.667 seconds
[2025-01-27T08:34:21.228+0000] {processor.py:154} INFO - Started process (PID=114) to work on /home/airflow/.local/lib/python3.7/site-packages/airflow/example_dags/example_sla_dag.py
[2025-01-27T08:34:21.239+0000] {processor.py:756} INFO - Processing file /home/airflow/.local/lib/python3.7/site-packages/airflow/example_dags/example_sla_dag.py for tasks to queue
[2025-01-27T08:34:21.240+0000] {logging_mixin.py:120} INFO - [2025-01-27T08:34:21.240+0000] {dagbag.py:537} INFO - Filling up the DagBag from /home/airflow/.local/lib/python3.7/site-packages/airflow/example_dags/example_sla_dag.py
[2025-01-27T08:34:21.296+0000] {processor.py:766} INFO - DAG(s) dict_keys(['example_sla_dag']) retrieved from /home/airflow/.local/lib/python3.7/site-packages/airflow/example_dags/example_sla_dag.py
[2025-01-27T08:34:21.481+0000] {logging_mixin.py:120} INFO - [2025-01-27T08:34:21.481+0000] {dag.py:2585} INFO - Sync 1 DAGs
[2025-01-27T08:34:21.533+0000] {logging_mixin.py:120} INFO - [2025-01-27T08:34:21.533+0000] {dag.py:3340} INFO - Setting next_dagrun for example_sla_dag to 2025-01-27T08:32:00+00:00, run_after=2025-01-27T08:34:00+00:00
[2025-01-27T08:34:21.570+0000] {processor.py:176} INFO - Processing /home/airflow/.local/lib/python3.7/site-packages/airflow/example_dags/example_sla_dag.py took 0.350 seconds
[2025-01-27T08:34:52.122+0000] {processor.py:154} INFO - Started process (PID=178) to work on /home/airflow/.local/lib/python3.7/site-packages/airflow/example_dags/example_sla_dag.py
[2025-01-27T08:34:52.124+0000] {processor.py:756} INFO - Processing file /home/airflow/.local/lib/python3.7/site-packages/airflow/example_dags/example_sla_dag.py for tasks to queue
[2025-01-27T08:34:52.126+0000] {logging_mixin.py:120} INFO - [2025-01-27T08:34:52.125+0000] {dagbag.py:537} INFO - Filling up the DagBag from /home/airflow/.local/lib/python3.7/site-packages/airflow/example_dags/example_sla_dag.py
[2025-01-27T08:34:52.180+0000] {processor.py:766} INFO - DAG(s) dict_keys(['example_sla_dag']) retrieved from /home/airflow/.local/lib/python3.7/site-packages/airflow/example_dags/example_sla_dag.py
[2025-01-27T08:34:52.277+0000] {logging_mixin.py:120} INFO - [2025-01-27T08:34:52.277+0000] {dag.py:2585} INFO - Sync 1 DAGs
[2025-01-27T08:34:52.359+0000] {logging_mixin.py:120} INFO - [2025-01-27T08:34:52.358+0000] {dag.py:3340} INFO - Setting next_dagrun for example_sla_dag to 2025-01-27T08:32:00+00:00, run_after=2025-01-27T08:34:00+00:00
[2025-01-27T08:34:52.409+0000] {processor.py:176} INFO - Processing /home/airflow/.local/lib/python3.7/site-packages/airflow/example_dags/example_sla_dag.py took 0.296 seconds
[2025-01-27T08:35:22.756+0000] {processor.py:154} INFO - Started process (PID=231) to work on /home/airflow/.local/lib/python3.7/site-packages/airflow/example_dags/example_sla_dag.py
[2025-01-27T08:35:22.759+0000] {processor.py:756} INFO - Processing file /home/airflow/.local/lib/python3.7/site-packages/airflow/example_dags/example_sla_dag.py for tasks to queue
[2025-01-27T08:35:22.762+0000] {logging_mixin.py:120} INFO - [2025-01-27T08:35:22.761+0000] {dagbag.py:537} INFO - Filling up the DagBag from /home/airflow/.local/lib/python3.7/site-packages/airflow/example_dags/example_sla_dag.py
[2025-01-27T08:35:22.815+0000] {processor.py:766} INFO - DAG(s) dict_keys(['example_sla_dag']) retrieved from /home/airflow/.local/lib/python3.7/site-packages/airflow/example_dags/example_sla_dag.py
[2025-01-27T08:35:22.905+0000] {logging_mixin.py:120} INFO - [2025-01-27T08:35:22.904+0000] {dag.py:2585} INFO - Sync 1 DAGs
[2025-01-27T08:35:22.972+0000] {logging_mixin.py:120} INFO - [2025-01-27T08:35:22.972+0000] {dag.py:3340} INFO - Setting next_dagrun for example_sla_dag to 2025-01-27T08:32:00+00:00, run_after=2025-01-27T08:34:00+00:00
[2025-01-27T08:35:23.017+0000] {processor.py:176} INFO - Processing /home/airflow/.local/lib/python3.7/site-packages/airflow/example_dags/example_sla_dag.py took 0.267 seconds
[2025-01-27T08:35:53.915+0000] {processor.py:154} INFO - Started process (PID=285) to work on /home/airflow/.local/lib/python3.7/site-packages/airflow/example_dags/example_sla_dag.py
[2025-01-27T08:35:53.916+0000] {processor.py:756} INFO - Processing file /home/airflow/.local/lib/python3.7/site-packages/airflow/example_dags/example_sla_dag.py for tasks to queue
[2025-01-27T08:35:53.918+0000] {logging_mixin.py:120} INFO - [2025-01-27T08:35:53.918+0000] {dagbag.py:537} INFO - Filling up the DagBag from /home/airflow/.local/lib/python3.7/site-packages/airflow/example_dags/example_sla_dag.py
[2025-01-27T08:35:53.961+0000] {processor.py:766} INFO - DAG(s) dict_keys(['example_sla_dag']) retrieved from /home/airflow/.local/lib/python3.7/site-packages/airflow/example_dags/example_sla_dag.py
[2025-01-27T08:35:54.039+0000] {logging_mixin.py:120} INFO - [2025-01-27T08:35:54.038+0000] {dag.py:2585} INFO - Sync 1 DAGs
[2025-01-27T08:35:54.092+0000] {logging_mixin.py:120} INFO - [2025-01-27T08:35:54.092+0000] {dag.py:3340} INFO - Setting next_dagrun for example_sla_dag to 2025-01-27T08:32:00+00:00, run_after=2025-01-27T08:34:00+00:00
[2025-01-27T08:35:54.131+0000] {processor.py:176} INFO - Processing /home/airflow/.local/lib/python3.7/site-packages/airflow/example_dags/example_sla_dag.py took 0.221 seconds
[2025-01-27T08:36:24.829+0000] {processor.py:154} INFO - Started process (PID=347) to work on /home/airflow/.local/lib/python3.7/site-packages/airflow/example_dags/example_sla_dag.py
[2025-01-27T08:36:24.830+0000] {processor.py:756} INFO - Processing file /home/airflow/.local/lib/python3.7/site-packages/airflow/example_dags/example_sla_dag.py for tasks to queue
[2025-01-27T08:36:24.832+0000] {logging_mixin.py:120} INFO - [2025-01-27T08:36:24.832+0000] {dagbag.py:537} INFO - Filling up the DagBag from /home/airflow/.local/lib/python3.7/site-packages/airflow/example_dags/example_sla_dag.py
[2025-01-27T08:36:24.888+0000] {processor.py:766} INFO - DAG(s) dict_keys(['example_sla_dag']) retrieved from /home/airflow/.local/lib/python3.7/site-packages/airflow/example_dags/example_sla_dag.py
[2025-01-27T08:36:24.994+0000] {logging_mixin.py:120} INFO - [2025-01-27T08:36:24.994+0000] {dag.py:2585} INFO - Sync 1 DAGs
[2025-01-27T08:36:25.061+0000] {logging_mixin.py:120} INFO - [2025-01-27T08:36:25.061+0000] {dag.py:3340} INFO - Setting next_dagrun for example_sla_dag to 2025-01-27T08:34:00+00:00, run_after=2025-01-27T08:36:00+00:00
[2025-01-27T08:36:25.104+0000] {processor.py:176} INFO - Processing /home/airflow/.local/lib/python3.7/site-packages/airflow/example_dags/example_sla_dag.py took 0.281 seconds
[2025-01-27T08:36:55.228+0000] {processor.py:154} INFO - Started process (PID=400) to work on /home/airflow/.local/lib/python3.7/site-packages/airflow/example_dags/example_sla_dag.py
[2025-01-27T08:36:55.229+0000] {processor.py:756} INFO - Processing file /home/airflow/.local/lib/python3.7/site-packages/airflow/example_dags/example_sla_dag.py for tasks to queue
[2025-01-27T08:36:55.231+0000] {logging_mixin.py:120} INFO - [2025-01-27T08:36:55.231+0000] {dagbag.py:537} INFO - Filling up the DagBag from /home/airflow/.local/lib/python3.7/site-packages/airflow/example_dags/example_sla_dag.py
[2025-01-27T08:36:55.277+0000] {processor.py:766} INFO - DAG(s) dict_keys(['example_sla_dag']) retrieved from /home/airflow/.local/lib/python3.7/site-packages/airflow/example_dags/example_sla_dag.py
[2025-01-27T08:36:55.363+0000] {logging_mixin.py:120} INFO - [2025-01-27T08:36:55.362+0000] {dag.py:2585} INFO - Sync 1 DAGs
[2025-01-27T08:36:55.440+0000] {logging_mixin.py:120} INFO - [2025-01-27T08:36:55.440+0000] {dag.py:3340} INFO - Setting next_dagrun for example_sla_dag to 2025-01-27T08:34:00+00:00, run_after=2025-01-27T08:36:00+00:00
[2025-01-27T08:36:55.483+0000] {processor.py:176} INFO - Processing /home/airflow/.local/lib/python3.7/site-packages/airflow/example_dags/example_sla_dag.py took 0.260 seconds
[2025-01-27T08:37:25.647+0000] {processor.py:154} INFO - Started process (PID=463) to work on /home/airflow/.local/lib/python3.7/site-packages/airflow/example_dags/example_sla_dag.py
[2025-01-27T08:37:25.650+0000] {processor.py:756} INFO - Processing file /home/airflow/.local/lib/python3.7/site-packages/airflow/example_dags/example_sla_dag.py for tasks to queue
[2025-01-27T08:37:25.651+0000] {logging_mixin.py:120} INFO - [2025-01-27T08:37:25.651+0000] {dagbag.py:537} INFO - Filling up the DagBag from /home/airflow/.local/lib/python3.7/site-packages/airflow/example_dags/example_sla_dag.py
[2025-01-27T08:37:25.702+0000] {processor.py:766} INFO - DAG(s) dict_keys(['example_sla_dag']) retrieved from /home/airflow/.local/lib/python3.7/site-packages/airflow/example_dags/example_sla_dag.py
[2025-01-27T08:37:25.780+0000] {logging_mixin.py:120} INFO - [2025-01-27T08:37:25.780+0000] {dag.py:2585} INFO - Sync 1 DAGs
[2025-01-27T08:37:25.842+0000] {logging_mixin.py:120} INFO - [2025-01-27T08:37:25.841+0000] {dag.py:3340} INFO - Setting next_dagrun for example_sla_dag to 2025-01-27T08:34:00+00:00, run_after=2025-01-27T08:36:00+00:00
[2025-01-27T08:37:25.875+0000] {processor.py:176} INFO - Processing /home/airflow/.local/lib/python3.7/site-packages/airflow/example_dags/example_sla_dag.py took 0.240 seconds
[2025-01-27T08:37:56.260+0000] {processor.py:154} INFO - Started process (PID=516) to work on /home/airflow/.local/lib/python3.7/site-packages/airflow/example_dags/example_sla_dag.py
[2025-01-27T08:37:56.262+0000] {processor.py:756} INFO - Processing file /home/airflow/.local/lib/python3.7/site-packages/airflow/example_dags/example_sla_dag.py for tasks to queue
[2025-01-27T08:37:56.264+0000] {logging_mixin.py:120} INFO - [2025-01-27T08:37:56.263+0000] {dagbag.py:537} INFO - Filling up the DagBag from /home/airflow/.local/lib/python3.7/site-packages/airflow/example_dags/example_sla_dag.py
[2025-01-27T08:37:56.306+0000] {processor.py:766} INFO - DAG(s) dict_keys(['example_sla_dag']) retrieved from /home/airflow/.local/lib/python3.7/site-packages/airflow/example_dags/example_sla_dag.py
[2025-01-27T08:37:56.380+0000] {logging_mixin.py:120} INFO - [2025-01-27T08:37:56.380+0000] {dag.py:2585} INFO - Sync 1 DAGs
[2025-01-27T08:37:56.435+0000] {logging_mixin.py:120} INFO - [2025-01-27T08:37:56.435+0000] {dag.py:3340} INFO - Setting next_dagrun for example_sla_dag to 2025-01-27T08:34:00+00:00, run_after=2025-01-27T08:36:00+00:00
[2025-01-27T08:37:56.470+0000] {processor.py:176} INFO - Processing /home/airflow/.local/lib/python3.7/site-packages/airflow/example_dags/example_sla_dag.py took 0.215 seconds
[2025-01-27T08:38:27.223+0000] {processor.py:154} INFO - Started process (PID=579) to work on /home/airflow/.local/lib/python3.7/site-packages/airflow/example_dags/example_sla_dag.py
[2025-01-27T08:38:27.225+0000] {processor.py:756} INFO - Processing file /home/airflow/.local/lib/python3.7/site-packages/airflow/example_dags/example_sla_dag.py for tasks to queue
[2025-01-27T08:38:27.227+0000] {logging_mixin.py:120} INFO - [2025-01-27T08:38:27.226+0000] {dagbag.py:537} INFO - Filling up the DagBag from /home/airflow/.local/lib/python3.7/site-packages/airflow/example_dags/example_sla_dag.py
[2025-01-27T08:38:27.267+0000] {processor.py:766} INFO - DAG(s) dict_keys(['example_sla_dag']) retrieved from /home/airflow/.local/lib/python3.7/site-packages/airflow/example_dags/example_sla_dag.py
[2025-01-27T08:38:27.333+0000] {logging_mixin.py:120} INFO - [2025-01-27T08:38:27.333+0000] {dag.py:2585} INFO - Sync 1 DAGs
[2025-01-27T08:38:27.389+0000] {logging_mixin.py:120} INFO - [2025-01-27T08:38:27.389+0000] {dag.py:3340} INFO - Setting next_dagrun for example_sla_dag to 2025-01-27T08:36:00+00:00, run_after=2025-01-27T08:38:00+00:00
[2025-01-27T08:38:27.435+0000] {processor.py:176} INFO - Processing /home/airflow/.local/lib/python3.7/site-packages/airflow/example_dags/example_sla_dag.py took 0.217 seconds
[2025-01-27T08:38:57.595+0000] {processor.py:154} INFO - Started process (PID=633) to work on /home/airflow/.local/lib/python3.7/site-packages/airflow/example_dags/example_sla_dag.py
[2025-01-27T08:38:57.597+0000] {processor.py:756} INFO - Processing file /home/airflow/.local/lib/python3.7/site-packages/airflow/example_dags/example_sla_dag.py for tasks to queue
[2025-01-27T08:38:57.598+0000] {logging_mixin.py:120} INFO - [2025-01-27T08:38:57.598+0000] {dagbag.py:537} INFO - Filling up the DagBag from /home/airflow/.local/lib/python3.7/site-packages/airflow/example_dags/example_sla_dag.py
[2025-01-27T08:38:57.644+0000] {processor.py:766} INFO - DAG(s) dict_keys(['example_sla_dag']) retrieved from /home/airflow/.local/lib/python3.7/site-packages/airflow/example_dags/example_sla_dag.py
[2025-01-27T08:38:57.717+0000] {logging_mixin.py:120} INFO - [2025-01-27T08:38:57.717+0000] {dag.py:2585} INFO - Sync 1 DAGs
[2025-01-27T08:38:57.767+0000] {logging_mixin.py:120} INFO - [2025-01-27T08:38:57.767+0000] {dag.py:3340} INFO - Setting next_dagrun for example_sla_dag to 2025-01-27T08:36:00+00:00, run_after=2025-01-27T08:38:00+00:00
[2025-01-27T08:38:57.796+0000] {processor.py:176} INFO - Processing /home/airflow/.local/lib/python3.7/site-packages/airflow/example_dags/example_sla_dag.py took 0.208 seconds
[2025-01-27T08:39:28.175+0000] {processor.py:154} INFO - Started process (PID=695) to work on /home/airflow/.local/lib/python3.7/site-packages/airflow/example_dags/example_sla_dag.py
[2025-01-27T08:39:28.176+0000] {processor.py:756} INFO - Processing file /home/airflow/.local/lib/python3.7/site-packages/airflow/example_dags/example_sla_dag.py for tasks to queue
[2025-01-27T08:39:28.178+0000] {logging_mixin.py:120} INFO - [2025-01-27T08:39:28.177+0000] {dagbag.py:537} INFO - Filling up the DagBag from /home/airflow/.local/lib/python3.7/site-packages/airflow/example_dags/example_sla_dag.py
[2025-01-27T08:39:28.219+0000] {processor.py:766} INFO - DAG(s) dict_keys(['example_sla_dag']) retrieved from /home/airflow/.local/lib/python3.7/site-packages/airflow/example_dags/example_sla_dag.py
[2025-01-27T08:39:28.301+0000] {logging_mixin.py:120} INFO - [2025-01-27T08:39:28.301+0000] {dag.py:2585} INFO - Sync 1 DAGs
[2025-01-27T08:39:28.360+0000] {logging_mixin.py:120} INFO - [2025-01-27T08:39:28.360+0000] {dag.py:3340} INFO - Setting next_dagrun for example_sla_dag to 2025-01-27T08:36:00+00:00, run_after=2025-01-27T08:38:00+00:00
[2025-01-27T08:39:28.396+0000] {processor.py:176} INFO - Processing /home/airflow/.local/lib/python3.7/site-packages/airflow/example_dags/example_sla_dag.py took 0.228 seconds
[2025-01-27T08:39:58.509+0000] {processor.py:154} INFO - Started process (PID=749) to work on /home/airflow/.local/lib/python3.7/site-packages/airflow/example_dags/example_sla_dag.py
[2025-01-27T08:39:58.511+0000] {processor.py:756} INFO - Processing file /home/airflow/.local/lib/python3.7/site-packages/airflow/example_dags/example_sla_dag.py for tasks to queue
[2025-01-27T08:39:58.513+0000] {logging_mixin.py:120} INFO - [2025-01-27T08:39:58.513+0000] {dagbag.py:537} INFO - Filling up the DagBag from /home/airflow/.local/lib/python3.7/site-packages/airflow/example_dags/example_sla_dag.py
[2025-01-27T08:39:58.567+0000] {processor.py:766} INFO - DAG(s) dict_keys(['example_sla_dag']) retrieved from /home/airflow/.local/lib/python3.7/site-packages/airflow/example_dags/example_sla_dag.py
[2025-01-27T08:39:58.652+0000] {logging_mixin.py:120} INFO - [2025-01-27T08:39:58.652+0000] {dag.py:2585} INFO - Sync 1 DAGs
[2025-01-27T08:39:58.714+0000] {logging_mixin.py:120} INFO - [2025-01-27T08:39:58.714+0000] {dag.py:3340} INFO - Setting next_dagrun for example_sla_dag to 2025-01-27T08:36:00+00:00, run_after=2025-01-27T08:38:00+00:00
[2025-01-27T08:39:58.749+0000] {processor.py:176} INFO - Processing /home/airflow/.local/lib/python3.7/site-packages/airflow/example_dags/example_sla_dag.py took 0.246 seconds
[2025-01-27T08:40:28.841+0000] {processor.py:154} INFO - Started process (PID=812) to work on /home/airflow/.local/lib/python3.7/site-packages/airflow/example_dags/example_sla_dag.py
[2025-01-27T08:40:28.843+0000] {processor.py:756} INFO - Processing file /home/airflow/.local/lib/python3.7/site-packages/airflow/example_dags/example_sla_dag.py for tasks to queue
[2025-01-27T08:40:28.844+0000] {logging_mixin.py:120} INFO - [2025-01-27T08:40:28.844+0000] {dagbag.py:537} INFO - Filling up the DagBag from /home/airflow/.local/lib/python3.7/site-packages/airflow/example_dags/example_sla_dag.py
[2025-01-27T08:40:28.889+0000] {processor.py:766} INFO - DAG(s) dict_keys(['example_sla_dag']) retrieved from /home/airflow/.local/lib/python3.7/site-packages/airflow/example_dags/example_sla_dag.py
[2025-01-27T08:40:28.956+0000] {logging_mixin.py:120} INFO - [2025-01-27T08:40:28.956+0000] {dag.py:2585} INFO - Sync 1 DAGs
[2025-01-27T08:40:29.011+0000] {logging_mixin.py:120} INFO - [2025-01-27T08:40:29.010+0000] {dag.py:3340} INFO - Setting next_dagrun for example_sla_dag to 2025-01-27T08:38:00+00:00, run_after=2025-01-27T08:40:00+00:00
[2025-01-27T08:40:29.048+0000] {processor.py:176} INFO - Processing /home/airflow/.local/lib/python3.7/site-packages/airflow/example_dags/example_sla_dag.py took 0.213 seconds
[2025-01-27T08:40:59.800+0000] {processor.py:154} INFO - Started process (PID=866) to work on /home/airflow/.local/lib/python3.7/site-packages/airflow/example_dags/example_sla_dag.py
[2025-01-27T08:40:59.802+0000] {processor.py:756} INFO - Processing file /home/airflow/.local/lib/python3.7/site-packages/airflow/example_dags/example_sla_dag.py for tasks to queue
[2025-01-27T08:40:59.807+0000] {logging_mixin.py:120} INFO - [2025-01-27T08:40:59.807+0000] {dagbag.py:537} INFO - Filling up the DagBag from /home/airflow/.local/lib/python3.7/site-packages/airflow/example_dags/example_sla_dag.py
[2025-01-27T08:40:59.858+0000] {processor.py:766} INFO - DAG(s) dict_keys(['example_sla_dag']) retrieved from /home/airflow/.local/lib/python3.7/site-packages/airflow/example_dags/example_sla_dag.py
[2025-01-27T08:40:59.944+0000] {logging_mixin.py:120} INFO - [2025-01-27T08:40:59.944+0000] {dag.py:2585} INFO - Sync 1 DAGs
[2025-01-27T08:41:00.003+0000] {logging_mixin.py:120} INFO - [2025-01-27T08:41:00.003+0000] {dag.py:3340} INFO - Setting next_dagrun for example_sla_dag to 2025-01-27T08:38:00+00:00, run_after=2025-01-27T08:40:00+00:00
[2025-01-27T08:41:00.051+0000] {processor.py:176} INFO - Processing /home/airflow/.local/lib/python3.7/site-packages/airflow/example_dags/example_sla_dag.py took 0.258 seconds
[2025-01-27T08:41:30.496+0000] {processor.py:154} INFO - Started process (PID=928) to work on /home/airflow/.local/lib/python3.7/site-packages/airflow/example_dags/example_sla_dag.py
[2025-01-27T08:41:30.497+0000] {processor.py:756} INFO - Processing file /home/airflow/.local/lib/python3.7/site-packages/airflow/example_dags/example_sla_dag.py for tasks to queue
[2025-01-27T08:41:30.499+0000] {logging_mixin.py:120} INFO - [2025-01-27T08:41:30.499+0000] {dagbag.py:537} INFO - Filling up the DagBag from /home/airflow/.local/lib/python3.7/site-packages/airflow/example_dags/example_sla_dag.py
[2025-01-27T08:41:30.544+0000] {processor.py:766} INFO - DAG(s) dict_keys(['example_sla_dag']) retrieved from /home/airflow/.local/lib/python3.7/site-packages/airflow/example_dags/example_sla_dag.py
[2025-01-27T08:41:30.613+0000] {logging_mixin.py:120} INFO - [2025-01-27T08:41:30.612+0000] {dag.py:2585} INFO - Sync 1 DAGs
[2025-01-27T08:41:30.671+0000] {logging_mixin.py:120} INFO - [2025-01-27T08:41:30.671+0000] {dag.py:3340} INFO - Setting next_dagrun for example_sla_dag to 2025-01-27T08:38:00+00:00, run_after=2025-01-27T08:40:00+00:00
[2025-01-27T08:41:30.714+0000] {processor.py:176} INFO - Processing /home/airflow/.local/lib/python3.7/site-packages/airflow/example_dags/example_sla_dag.py took 0.224 seconds
[2025-01-27T08:42:01.027+0000] {processor.py:154} INFO - Started process (PID=981) to work on /home/airflow/.local/lib/python3.7/site-packages/airflow/example_dags/example_sla_dag.py
[2025-01-27T08:42:01.028+0000] {processor.py:756} INFO - Processing file /home/airflow/.local/lib/python3.7/site-packages/airflow/example_dags/example_sla_dag.py for tasks to queue
[2025-01-27T08:42:01.030+0000] {logging_mixin.py:120} INFO - [2025-01-27T08:42:01.029+0000] {dagbag.py:537} INFO - Filling up the DagBag from /home/airflow/.local/lib/python3.7/site-packages/airflow/example_dags/example_sla_dag.py
[2025-01-27T08:42:01.077+0000] {processor.py:766} INFO - DAG(s) dict_keys(['example_sla_dag']) retrieved from /home/airflow/.local/lib/python3.7/site-packages/airflow/example_dags/example_sla_dag.py
[2025-01-27T08:42:01.153+0000] {logging_mixin.py:120} INFO - [2025-01-27T08:42:01.153+0000] {dag.py:2585} INFO - Sync 1 DAGs
[2025-01-27T08:42:01.207+0000] {logging_mixin.py:120} INFO - [2025-01-27T08:42:01.207+0000] {dag.py:3340} INFO - Setting next_dagrun for example_sla_dag to 2025-01-27T08:40:00+00:00, run_after=2025-01-27T08:42:00+00:00
[2025-01-27T08:42:01.241+0000] {processor.py:176} INFO - Processing /home/airflow/.local/lib/python3.7/site-packages/airflow/example_dags/example_sla_dag.py took 0.220 seconds
[2025-01-27T08:42:32.000+0000] {processor.py:154} INFO - Started process (PID=1044) to work on /home/airflow/.local/lib/python3.7/site-packages/airflow/example_dags/example_sla_dag.py
[2025-01-27T08:42:32.006+0000] {processor.py:756} INFO - Processing file /home/airflow/.local/lib/python3.7/site-packages/airflow/example_dags/example_sla_dag.py for tasks to queue
[2025-01-27T08:42:32.007+0000] {logging_mixin.py:120} INFO - [2025-01-27T08:42:32.007+0000] {dagbag.py:537} INFO - Filling up the DagBag from /home/airflow/.local/lib/python3.7/site-packages/airflow/example_dags/example_sla_dag.py
[2025-01-27T08:42:32.062+0000] {processor.py:766} INFO - DAG(s) dict_keys(['example_sla_dag']) retrieved from /home/airflow/.local/lib/python3.7/site-packages/airflow/example_dags/example_sla_dag.py
[2025-01-27T08:42:32.151+0000] {logging_mixin.py:120} INFO - [2025-01-27T08:42:32.151+0000] {dag.py:2585} INFO - Sync 1 DAGs
[2025-01-27T08:42:32.210+0000] {logging_mixin.py:120} INFO - [2025-01-27T08:42:32.209+0000] {dag.py:3340} INFO - Setting next_dagrun for example_sla_dag to 2025-01-27T08:40:00+00:00, run_after=2025-01-27T08:42:00+00:00
[2025-01-27T08:42:32.249+0000] {processor.py:176} INFO - Processing /home/airflow/.local/lib/python3.7/site-packages/airflow/example_dags/example_sla_dag.py took 0.256 seconds
[2025-01-27T08:43:02.590+0000] {processor.py:154} INFO - Started process (PID=1098) to work on /home/airflow/.local/lib/python3.7/site-packages/airflow/example_dags/example_sla_dag.py
[2025-01-27T08:43:02.591+0000] {processor.py:756} INFO - Processing file /home/airflow/.local/lib/python3.7/site-packages/airflow/example_dags/example_sla_dag.py for tasks to queue
[2025-01-27T08:43:02.592+0000] {logging_mixin.py:120} INFO - [2025-01-27T08:43:02.592+0000] {dagbag.py:537} INFO - Filling up the DagBag from /home/airflow/.local/lib/python3.7/site-packages/airflow/example_dags/example_sla_dag.py
[2025-01-27T08:43:02.635+0000] {processor.py:766} INFO - DAG(s) dict_keys(['example_sla_dag']) retrieved from /home/airflow/.local/lib/python3.7/site-packages/airflow/example_dags/example_sla_dag.py
[2025-01-27T08:43:02.711+0000] {logging_mixin.py:120} INFO - [2025-01-27T08:43:02.710+0000] {dag.py:2585} INFO - Sync 1 DAGs
[2025-01-27T08:43:02.761+0000] {logging_mixin.py:120} INFO - [2025-01-27T08:43:02.761+0000] {dag.py:3340} INFO - Setting next_dagrun for example_sla_dag to 2025-01-27T08:40:00+00:00, run_after=2025-01-27T08:42:00+00:00
[2025-01-27T08:43:02.798+0000] {processor.py:176} INFO - Processing /home/airflow/.local/lib/python3.7/site-packages/airflow/example_dags/example_sla_dag.py took 0.213 seconds
[2025-01-27T08:43:33.214+0000] {processor.py:154} INFO - Started process (PID=1159) to work on /home/airflow/.local/lib/python3.7/site-packages/airflow/example_dags/example_sla_dag.py
[2025-01-27T08:43:33.217+0000] {processor.py:756} INFO - Processing file /home/airflow/.local/lib/python3.7/site-packages/airflow/example_dags/example_sla_dag.py for tasks to queue
[2025-01-27T08:43:33.218+0000] {logging_mixin.py:120} INFO - [2025-01-27T08:43:33.218+0000] {dagbag.py:537} INFO - Filling up the DagBag from /home/airflow/.local/lib/python3.7/site-packages/airflow/example_dags/example_sla_dag.py
[2025-01-27T08:43:33.264+0000] {processor.py:766} INFO - DAG(s) dict_keys(['example_sla_dag']) retrieved from /home/airflow/.local/lib/python3.7/site-packages/airflow/example_dags/example_sla_dag.py
[2025-01-27T08:43:33.351+0000] {logging_mixin.py:120} INFO - [2025-01-27T08:43:33.351+0000] {dag.py:2585} INFO - Sync 1 DAGs
[2025-01-27T08:43:33.415+0000] {logging_mixin.py:120} INFO - [2025-01-27T08:43:33.414+0000] {dag.py:3340} INFO - Setting next_dagrun for example_sla_dag to 2025-01-27T08:40:00+00:00, run_after=2025-01-27T08:42:00+00:00
[2025-01-27T08:43:33.456+0000] {processor.py:176} INFO - Processing /home/airflow/.local/lib/python3.7/site-packages/airflow/example_dags/example_sla_dag.py took 0.249 seconds
[2025-01-27T08:44:03.611+0000] {processor.py:154} INFO - Started process (PID=1212) to work on /home/airflow/.local/lib/python3.7/site-packages/airflow/example_dags/example_sla_dag.py
[2025-01-27T08:44:03.612+0000] {processor.py:756} INFO - Processing file /home/airflow/.local/lib/python3.7/site-packages/airflow/example_dags/example_sla_dag.py for tasks to queue
[2025-01-27T08:44:03.613+0000] {logging_mixin.py:120} INFO - [2025-01-27T08:44:03.613+0000] {dagbag.py:537} INFO - Filling up the DagBag from /home/airflow/.local/lib/python3.7/site-packages/airflow/example_dags/example_sla_dag.py
[2025-01-27T08:44:03.654+0000] {processor.py:766} INFO - DAG(s) dict_keys(['example_sla_dag']) retrieved from /home/airflow/.local/lib/python3.7/site-packages/airflow/example_dags/example_sla_dag.py
[2025-01-27T08:44:03.730+0000] {logging_mixin.py:120} INFO - [2025-01-27T08:44:03.730+0000] {dag.py:2585} INFO - Sync 1 DAGs
[2025-01-27T08:44:03.865+0000] {logging_mixin.py:120} INFO - [2025-01-27T08:44:03.865+0000] {dag.py:3340} INFO - Setting next_dagrun for example_sla_dag to 2025-01-27T08:42:00+00:00, run_after=2025-01-27T08:44:00+00:00
[2025-01-27T08:44:03.901+0000] {processor.py:176} INFO - Processing /home/airflow/.local/lib/python3.7/site-packages/airflow/example_dags/example_sla_dag.py took 0.296 seconds
[2025-01-27T08:44:34.298+0000] {processor.py:154} INFO - Started process (PID=1266) to work on /home/airflow/.local/lib/python3.7/site-packages/airflow/example_dags/example_sla_dag.py
[2025-01-27T08:44:34.300+0000] {processor.py:756} INFO - Processing file /home/airflow/.local/lib/python3.7/site-packages/airflow/example_dags/example_sla_dag.py for tasks to queue
[2025-01-27T08:44:34.301+0000] {logging_mixin.py:120} INFO - [2025-01-27T08:44:34.301+0000] {dagbag.py:537} INFO - Filling up the DagBag from /home/airflow/.local/lib/python3.7/site-packages/airflow/example_dags/example_sla_dag.py
[2025-01-27T08:44:34.344+0000] {processor.py:766} INFO - DAG(s) dict_keys(['example_sla_dag']) retrieved from /home/airflow/.local/lib/python3.7/site-packages/airflow/example_dags/example_sla_dag.py
[2025-01-27T08:44:34.424+0000] {logging_mixin.py:120} INFO - [2025-01-27T08:44:34.424+0000] {dag.py:2585} INFO - Sync 1 DAGs
[2025-01-27T08:44:34.479+0000] {logging_mixin.py:120} INFO - [2025-01-27T08:44:34.478+0000] {dag.py:3340} INFO - Setting next_dagrun for example_sla_dag to 2025-01-27T08:42:00+00:00, run_after=2025-01-27T08:44:00+00:00
[2025-01-27T08:44:34.511+0000] {processor.py:176} INFO - Processing /home/airflow/.local/lib/python3.7/site-packages/airflow/example_dags/example_sla_dag.py took 0.221 seconds
[2025-01-27T08:45:04.644+0000] {processor.py:154} INFO - Started process (PID=1329) to work on /home/airflow/.local/lib/python3.7/site-packages/airflow/example_dags/example_sla_dag.py
[2025-01-27T08:45:04.646+0000] {processor.py:756} INFO - Processing file /home/airflow/.local/lib/python3.7/site-packages/airflow/example_dags/example_sla_dag.py for tasks to queue
[2025-01-27T08:45:04.647+0000] {logging_mixin.py:120} INFO - [2025-01-27T08:45:04.647+0000] {dagbag.py:537} INFO - Filling up the DagBag from /home/airflow/.local/lib/python3.7/site-packages/airflow/example_dags/example_sla_dag.py
[2025-01-27T08:45:04.690+0000] {processor.py:766} INFO - DAG(s) dict_keys(['example_sla_dag']) retrieved from /home/airflow/.local/lib/python3.7/site-packages/airflow/example_dags/example_sla_dag.py
[2025-01-27T08:45:04.763+0000] {logging_mixin.py:120} INFO - [2025-01-27T08:45:04.763+0000] {dag.py:2585} INFO - Sync 1 DAGs
[2025-01-27T08:45:04.819+0000] {logging_mixin.py:120} INFO - [2025-01-27T08:45:04.818+0000] {dag.py:3340} INFO - Setting next_dagrun for example_sla_dag to 2025-01-27T08:42:00+00:00, run_after=2025-01-27T08:44:00+00:00
[2025-01-27T08:45:04.851+0000] {processor.py:176} INFO - Processing /home/airflow/.local/lib/python3.7/site-packages/airflow/example_dags/example_sla_dag.py took 0.213 seconds
[2025-01-27T08:45:35.773+0000] {processor.py:154} INFO - Started process (PID=1383) to work on /home/airflow/.local/lib/python3.7/site-packages/airflow/example_dags/example_sla_dag.py
[2025-01-27T08:45:35.775+0000] {processor.py:756} INFO - Processing file /home/airflow/.local/lib/python3.7/site-packages/airflow/example_dags/example_sla_dag.py for tasks to queue
[2025-01-27T08:45:35.777+0000] {logging_mixin.py:120} INFO - [2025-01-27T08:45:35.777+0000] {dagbag.py:537} INFO - Filling up the DagBag from /home/airflow/.local/lib/python3.7/site-packages/airflow/example_dags/example_sla_dag.py
[2025-01-27T08:45:35.824+0000] {processor.py:766} INFO - DAG(s) dict_keys(['example_sla_dag']) retrieved from /home/airflow/.local/lib/python3.7/site-packages/airflow/example_dags/example_sla_dag.py
[2025-01-27T08:45:35.890+0000] {logging_mixin.py:120} INFO - [2025-01-27T08:45:35.890+0000] {dag.py:2585} INFO - Sync 1 DAGs
[2025-01-27T08:45:35.950+0000] {logging_mixin.py:120} INFO - [2025-01-27T08:45:35.950+0000] {dag.py:3340} INFO - Setting next_dagrun for example_sla_dag to 2025-01-27T08:42:00+00:00, run_after=2025-01-27T08:44:00+00:00
[2025-01-27T08:45:35.985+0000] {processor.py:176} INFO - Processing /home/airflow/.local/lib/python3.7/site-packages/airflow/example_dags/example_sla_dag.py took 0.218 seconds
[2025-01-27T08:46:06.153+0000] {processor.py:154} INFO - Started process (PID=1445) to work on /home/airflow/.local/lib/python3.7/site-packages/airflow/example_dags/example_sla_dag.py
[2025-01-27T08:46:06.154+0000] {processor.py:756} INFO - Processing file /home/airflow/.local/lib/python3.7/site-packages/airflow/example_dags/example_sla_dag.py for tasks to queue
[2025-01-27T08:46:06.156+0000] {logging_mixin.py:120} INFO - [2025-01-27T08:46:06.155+0000] {dagbag.py:537} INFO - Filling up the DagBag from /home/airflow/.local/lib/python3.7/site-packages/airflow/example_dags/example_sla_dag.py
[2025-01-27T08:46:06.198+0000] {processor.py:766} INFO - DAG(s) dict_keys(['example_sla_dag']) retrieved from /home/airflow/.local/lib/python3.7/site-packages/airflow/example_dags/example_sla_dag.py
[2025-01-27T08:46:06.266+0000] {logging_mixin.py:120} INFO - [2025-01-27T08:46:06.265+0000] {dag.py:2585} INFO - Sync 1 DAGs
[2025-01-27T08:46:06.318+0000] {logging_mixin.py:120} INFO - [2025-01-27T08:46:06.318+0000] {dag.py:3340} INFO - Setting next_dagrun for example_sla_dag to 2025-01-27T08:44:00+00:00, run_after=2025-01-27T08:46:00+00:00
[2025-01-27T08:46:06.353+0000] {processor.py:176} INFO - Processing /home/airflow/.local/lib/python3.7/site-packages/airflow/example_dags/example_sla_dag.py took 0.207 seconds
[2025-01-27T08:46:36.532+0000] {processor.py:154} INFO - Started process (PID=1499) to work on /home/airflow/.local/lib/python3.7/site-packages/airflow/example_dags/example_sla_dag.py
[2025-01-27T08:46:36.533+0000] {processor.py:756} INFO - Processing file /home/airflow/.local/lib/python3.7/site-packages/airflow/example_dags/example_sla_dag.py for tasks to queue
[2025-01-27T08:46:36.535+0000] {logging_mixin.py:120} INFO - [2025-01-27T08:46:36.534+0000] {dagbag.py:537} INFO - Filling up the DagBag from /home/airflow/.local/lib/python3.7/site-packages/airflow/example_dags/example_sla_dag.py
[2025-01-27T08:46:36.574+0000] {processor.py:766} INFO - DAG(s) dict_keys(['example_sla_dag']) retrieved from /home/airflow/.local/lib/python3.7/site-packages/airflow/example_dags/example_sla_dag.py
[2025-01-27T08:46:36.644+0000] {logging_mixin.py:120} INFO - [2025-01-27T08:46:36.644+0000] {dag.py:2585} INFO - Sync 1 DAGs
[2025-01-27T08:46:36.692+0000] {logging_mixin.py:120} INFO - [2025-01-27T08:46:36.692+0000] {dag.py:3340} INFO - Setting next_dagrun for example_sla_dag to 2025-01-27T08:44:00+00:00, run_after=2025-01-27T08:46:00+00:00
[2025-01-27T08:46:36.721+0000] {processor.py:176} INFO - Processing /home/airflow/.local/lib/python3.7/site-packages/airflow/example_dags/example_sla_dag.py took 0.194 seconds
[2025-01-27T08:47:07.122+0000] {processor.py:154} INFO - Started process (PID=1562) to work on /home/airflow/.local/lib/python3.7/site-packages/airflow/example_dags/example_sla_dag.py
[2025-01-27T08:47:07.123+0000] {processor.py:756} INFO - Processing file /home/airflow/.local/lib/python3.7/site-packages/airflow/example_dags/example_sla_dag.py for tasks to queue
[2025-01-27T08:47:07.125+0000] {logging_mixin.py:120} INFO - [2025-01-27T08:47:07.124+0000] {dagbag.py:537} INFO - Filling up the DagBag from /home/airflow/.local/lib/python3.7/site-packages/airflow/example_dags/example_sla_dag.py
[2025-01-27T08:47:07.174+0000] {processor.py:766} INFO - DAG(s) dict_keys(['example_sla_dag']) retrieved from /home/airflow/.local/lib/python3.7/site-packages/airflow/example_dags/example_sla_dag.py
[2025-01-27T08:47:07.264+0000] {logging_mixin.py:120} INFO - [2025-01-27T08:47:07.263+0000] {dag.py:2585} INFO - Sync 1 DAGs
[2025-01-27T08:47:07.323+0000] {logging_mixin.py:120} INFO - [2025-01-27T08:47:07.323+0000] {dag.py:3340} INFO - Setting next_dagrun for example_sla_dag to 2025-01-27T08:44:00+00:00, run_after=2025-01-27T08:46:00+00:00
[2025-01-27T08:47:07.364+0000] {processor.py:176} INFO - Processing /home/airflow/.local/lib/python3.7/site-packages/airflow/example_dags/example_sla_dag.py took 0.247 seconds
[2025-01-27T08:47:37.930+0000] {processor.py:154} INFO - Started process (PID=1615) to work on /home/airflow/.local/lib/python3.7/site-packages/airflow/example_dags/example_sla_dag.py
[2025-01-27T08:47:37.932+0000] {processor.py:756} INFO - Processing file /home/airflow/.local/lib/python3.7/site-packages/airflow/example_dags/example_sla_dag.py for tasks to queue
[2025-01-27T08:47:37.933+0000] {logging_mixin.py:120} INFO - [2025-01-27T08:47:37.933+0000] {dagbag.py:537} INFO - Filling up the DagBag from /home/airflow/.local/lib/python3.7/site-packages/airflow/example_dags/example_sla_dag.py
[2025-01-27T08:47:37.980+0000] {processor.py:766} INFO - DAG(s) dict_keys(['example_sla_dag']) retrieved from /home/airflow/.local/lib/python3.7/site-packages/airflow/example_dags/example_sla_dag.py
[2025-01-27T08:47:38.053+0000] {logging_mixin.py:120} INFO - [2025-01-27T08:47:38.053+0000] {dag.py:2585} INFO - Sync 1 DAGs
[2025-01-27T08:47:38.111+0000] {logging_mixin.py:120} INFO - [2025-01-27T08:47:38.110+0000] {dag.py:3340} INFO - Setting next_dagrun for example_sla_dag to 2025-01-27T08:44:00+00:00, run_after=2025-01-27T08:46:00+00:00
[2025-01-27T08:47:38.143+0000] {processor.py:176} INFO - Processing /home/airflow/.local/lib/python3.7/site-packages/airflow/example_dags/example_sla_dag.py took 0.220 seconds
[2025-01-27T08:48:08.391+0000] {processor.py:154} INFO - Started process (PID=1677) to work on /home/airflow/.local/lib/python3.7/site-packages/airflow/example_dags/example_sla_dag.py
[2025-01-27T08:48:08.393+0000] {processor.py:756} INFO - Processing file /home/airflow/.local/lib/python3.7/site-packages/airflow/example_dags/example_sla_dag.py for tasks to queue
[2025-01-27T08:48:08.394+0000] {logging_mixin.py:120} INFO - [2025-01-27T08:48:08.394+0000] {dagbag.py:537} INFO - Filling up the DagBag from /home/airflow/.local/lib/python3.7/site-packages/airflow/example_dags/example_sla_dag.py
[2025-01-27T08:48:08.449+0000] {processor.py:766} INFO - DAG(s) dict_keys(['example_sla_dag']) retrieved from /home/airflow/.local/lib/python3.7/site-packages/airflow/example_dags/example_sla_dag.py
[2025-01-27T08:48:08.541+0000] {logging_mixin.py:120} INFO - [2025-01-27T08:48:08.538+0000] {dag.py:2585} INFO - Sync 1 DAGs
[2025-01-27T08:48:08.610+0000] {logging_mixin.py:120} INFO - [2025-01-27T08:48:08.609+0000] {dag.py:3340} INFO - Setting next_dagrun for example_sla_dag to 2025-01-27T08:46:00+00:00, run_after=2025-01-27T08:48:00+00:00
[2025-01-27T08:48:08.655+0000] {processor.py:176} INFO - Processing /home/airflow/.local/lib/python3.7/site-packages/airflow/example_dags/example_sla_dag.py took 0.271 seconds
[2025-01-27T08:48:39.050+0000] {processor.py:154} INFO - Started process (PID=1733) to work on /home/airflow/.local/lib/python3.7/site-packages/airflow/example_dags/example_sla_dag.py
[2025-01-27T08:48:39.051+0000] {processor.py:756} INFO - Processing file /home/airflow/.local/lib/python3.7/site-packages/airflow/example_dags/example_sla_dag.py for tasks to queue
[2025-01-27T08:48:39.053+0000] {logging_mixin.py:120} INFO - [2025-01-27T08:48:39.052+0000] {dagbag.py:537} INFO - Filling up the DagBag from /home/airflow/.local/lib/python3.7/site-packages/airflow/example_dags/example_sla_dag.py
[2025-01-27T08:48:39.095+0000] {processor.py:766} INFO - DAG(s) dict_keys(['example_sla_dag']) retrieved from /home/airflow/.local/lib/python3.7/site-packages/airflow/example_dags/example_sla_dag.py
[2025-01-27T08:48:39.172+0000] {logging_mixin.py:120} INFO - [2025-01-27T08:48:39.171+0000] {dag.py:2585} INFO - Sync 1 DAGs
[2025-01-27T08:48:39.224+0000] {logging_mixin.py:120} INFO - [2025-01-27T08:48:39.223+0000] {dag.py:3340} INFO - Setting next_dagrun for example_sla_dag to 2025-01-27T08:46:00+00:00, run_after=2025-01-27T08:48:00+00:00
[2025-01-27T08:48:39.256+0000] {processor.py:176} INFO - Processing /home/airflow/.local/lib/python3.7/site-packages/airflow/example_dags/example_sla_dag.py took 0.212 seconds
[2025-01-27T08:49:09.660+0000] {processor.py:154} INFO - Started process (PID=1787) to work on /home/airflow/.local/lib/python3.7/site-packages/airflow/example_dags/example_sla_dag.py
[2025-01-27T08:49:09.662+0000] {processor.py:756} INFO - Processing file /home/airflow/.local/lib/python3.7/site-packages/airflow/example_dags/example_sla_dag.py for tasks to queue
[2025-01-27T08:49:09.663+0000] {logging_mixin.py:120} INFO - [2025-01-27T08:49:09.663+0000] {dagbag.py:537} INFO - Filling up the DagBag from /home/airflow/.local/lib/python3.7/site-packages/airflow/example_dags/example_sla_dag.py
[2025-01-27T08:49:09.711+0000] {processor.py:766} INFO - DAG(s) dict_keys(['example_sla_dag']) retrieved from /home/airflow/.local/lib/python3.7/site-packages/airflow/example_dags/example_sla_dag.py
[2025-01-27T08:49:09.783+0000] {logging_mixin.py:120} INFO - [2025-01-27T08:49:09.783+0000] {dag.py:2585} INFO - Sync 1 DAGs
[2025-01-27T08:49:09.834+0000] {logging_mixin.py:120} INFO - [2025-01-27T08:49:09.834+0000] {dag.py:3340} INFO - Setting next_dagrun for example_sla_dag to 2025-01-27T08:46:00+00:00, run_after=2025-01-27T08:48:00+00:00
[2025-01-27T08:49:09.868+0000] {processor.py:176} INFO - Processing /home/airflow/.local/lib/python3.7/site-packages/airflow/example_dags/example_sla_dag.py took 0.213 seconds
[2025-01-27T08:49:39.956+0000] {processor.py:154} INFO - Started process (PID=1850) to work on /home/airflow/.local/lib/python3.7/site-packages/airflow/example_dags/example_sla_dag.py
[2025-01-27T08:49:39.957+0000] {processor.py:756} INFO - Processing file /home/airflow/.local/lib/python3.7/site-packages/airflow/example_dags/example_sla_dag.py for tasks to queue
[2025-01-27T08:49:39.959+0000] {logging_mixin.py:120} INFO - [2025-01-27T08:49:39.958+0000] {dagbag.py:537} INFO - Filling up the DagBag from /home/airflow/.local/lib/python3.7/site-packages/airflow/example_dags/example_sla_dag.py
[2025-01-27T08:49:39.999+0000] {processor.py:766} INFO - DAG(s) dict_keys(['example_sla_dag']) retrieved from /home/airflow/.local/lib/python3.7/site-packages/airflow/example_dags/example_sla_dag.py
[2025-01-27T08:49:40.087+0000] {logging_mixin.py:120} INFO - [2025-01-27T08:49:40.086+0000] {dag.py:2585} INFO - Sync 1 DAGs
[2025-01-27T08:49:40.136+0000] {logging_mixin.py:120} INFO - [2025-01-27T08:49:40.136+0000] {dag.py:3340} INFO - Setting next_dagrun for example_sla_dag to 2025-01-27T08:46:00+00:00, run_after=2025-01-27T08:48:00+00:00
[2025-01-27T08:49:40.168+0000] {processor.py:176} INFO - Processing /home/airflow/.local/lib/python3.7/site-packages/airflow/example_dags/example_sla_dag.py took 0.217 seconds
[2025-01-27T08:50:10.311+0000] {processor.py:154} INFO - Started process (PID=1904) to work on /home/airflow/.local/lib/python3.7/site-packages/airflow/example_dags/example_sla_dag.py
[2025-01-27T08:50:10.314+0000] {processor.py:756} INFO - Processing file /home/airflow/.local/lib/python3.7/site-packages/airflow/example_dags/example_sla_dag.py for tasks to queue
[2025-01-27T08:50:10.315+0000] {logging_mixin.py:120} INFO - [2025-01-27T08:50:10.315+0000] {dagbag.py:537} INFO - Filling up the DagBag from /home/airflow/.local/lib/python3.7/site-packages/airflow/example_dags/example_sla_dag.py
[2025-01-27T08:50:10.364+0000] {processor.py:766} INFO - DAG(s) dict_keys(['example_sla_dag']) retrieved from /home/airflow/.local/lib/python3.7/site-packages/airflow/example_dags/example_sla_dag.py
[2025-01-27T08:50:10.457+0000] {logging_mixin.py:120} INFO - [2025-01-27T08:50:10.457+0000] {dag.py:2585} INFO - Sync 1 DAGs
[2025-01-27T08:50:10.530+0000] {logging_mixin.py:120} INFO - [2025-01-27T08:50:10.530+0000] {dag.py:3340} INFO - Setting next_dagrun for example_sla_dag to 2025-01-27T08:48:00+00:00, run_after=2025-01-27T08:50:00+00:00
[2025-01-27T08:50:10.566+0000] {processor.py:176} INFO - Processing /home/airflow/.local/lib/python3.7/site-packages/airflow/example_dags/example_sla_dag.py took 0.261 seconds
[2025-01-27T08:50:41.131+0000] {processor.py:154} INFO - Started process (PID=1966) to work on /home/airflow/.local/lib/python3.7/site-packages/airflow/example_dags/example_sla_dag.py
[2025-01-27T08:50:41.133+0000] {processor.py:756} INFO - Processing file /home/airflow/.local/lib/python3.7/site-packages/airflow/example_dags/example_sla_dag.py for tasks to queue
[2025-01-27T08:50:41.134+0000] {logging_mixin.py:120} INFO - [2025-01-27T08:50:41.134+0000] {dagbag.py:537} INFO - Filling up the DagBag from /home/airflow/.local/lib/python3.7/site-packages/airflow/example_dags/example_sla_dag.py
[2025-01-27T08:50:41.182+0000] {processor.py:766} INFO - DAG(s) dict_keys(['example_sla_dag']) retrieved from /home/airflow/.local/lib/python3.7/site-packages/airflow/example_dags/example_sla_dag.py
[2025-01-27T08:50:41.275+0000] {logging_mixin.py:120} INFO - [2025-01-27T08:50:41.275+0000] {dag.py:2585} INFO - Sync 1 DAGs
[2025-01-27T08:50:41.329+0000] {logging_mixin.py:120} INFO - [2025-01-27T08:50:41.329+0000] {dag.py:3340} INFO - Setting next_dagrun for example_sla_dag to 2025-01-27T08:48:00+00:00, run_after=2025-01-27T08:50:00+00:00
[2025-01-27T08:50:41.364+0000] {processor.py:176} INFO - Processing /home/airflow/.local/lib/python3.7/site-packages/airflow/example_dags/example_sla_dag.py took 0.238 seconds
[2025-01-27T08:51:11.647+0000] {processor.py:154} INFO - Started process (PID=2020) to work on /home/airflow/.local/lib/python3.7/site-packages/airflow/example_dags/example_sla_dag.py
[2025-01-27T08:51:11.649+0000] {processor.py:756} INFO - Processing file /home/airflow/.local/lib/python3.7/site-packages/airflow/example_dags/example_sla_dag.py for tasks to queue
[2025-01-27T08:51:11.650+0000] {logging_mixin.py:120} INFO - [2025-01-27T08:51:11.650+0000] {dagbag.py:537} INFO - Filling up the DagBag from /home/airflow/.local/lib/python3.7/site-packages/airflow/example_dags/example_sla_dag.py
[2025-01-27T08:51:11.687+0000] {processor.py:766} INFO - DAG(s) dict_keys(['example_sla_dag']) retrieved from /home/airflow/.local/lib/python3.7/site-packages/airflow/example_dags/example_sla_dag.py
[2025-01-27T08:51:11.762+0000] {logging_mixin.py:120} INFO - [2025-01-27T08:51:11.761+0000] {dag.py:2585} INFO - Sync 1 DAGs
[2025-01-27T08:51:11.821+0000] {logging_mixin.py:120} INFO - [2025-01-27T08:51:11.821+0000] {dag.py:3340} INFO - Setting next_dagrun for example_sla_dag to 2025-01-27T08:48:00+00:00, run_after=2025-01-27T08:50:00+00:00
[2025-01-27T08:51:11.854+0000] {processor.py:176} INFO - Processing /home/airflow/.local/lib/python3.7/site-packages/airflow/example_dags/example_sla_dag.py took 0.213 seconds
[2025-01-27T08:51:42.558+0000] {processor.py:154} INFO - Started process (PID=2083) to work on /home/airflow/.local/lib/python3.7/site-packages/airflow/example_dags/example_sla_dag.py
[2025-01-27T08:51:42.559+0000] {processor.py:756} INFO - Processing file /home/airflow/.local/lib/python3.7/site-packages/airflow/example_dags/example_sla_dag.py for tasks to queue
[2025-01-27T08:51:42.561+0000] {logging_mixin.py:120} INFO - [2025-01-27T08:51:42.561+0000] {dagbag.py:537} INFO - Filling up the DagBag from /home/airflow/.local/lib/python3.7/site-packages/airflow/example_dags/example_sla_dag.py
[2025-01-27T08:51:42.613+0000] {processor.py:766} INFO - DAG(s) dict_keys(['example_sla_dag']) retrieved from /home/airflow/.local/lib/python3.7/site-packages/airflow/example_dags/example_sla_dag.py
[2025-01-27T08:51:42.701+0000] {logging_mixin.py:120} INFO - [2025-01-27T08:51:42.700+0000] {dag.py:2585} INFO - Sync 1 DAGs
[2025-01-27T08:51:42.762+0000] {logging_mixin.py:120} INFO - [2025-01-27T08:51:42.761+0000] {dag.py:3340} INFO - Setting next_dagrun for example_sla_dag to 2025-01-27T08:48:00+00:00, run_after=2025-01-27T08:50:00+00:00
[2025-01-27T08:51:42.800+0000] {processor.py:176} INFO - Processing /home/airflow/.local/lib/python3.7/site-packages/airflow/example_dags/example_sla_dag.py took 0.249 seconds
[2025-01-27T08:52:13.098+0000] {processor.py:154} INFO - Started process (PID=2136) to work on /home/airflow/.local/lib/python3.7/site-packages/airflow/example_dags/example_sla_dag.py
[2025-01-27T08:52:13.099+0000] {processor.py:756} INFO - Processing file /home/airflow/.local/lib/python3.7/site-packages/airflow/example_dags/example_sla_dag.py for tasks to queue
[2025-01-27T08:52:13.101+0000] {logging_mixin.py:120} INFO - [2025-01-27T08:52:13.101+0000] {dagbag.py:537} INFO - Filling up the DagBag from /home/airflow/.local/lib/python3.7/site-packages/airflow/example_dags/example_sla_dag.py
[2025-01-27T08:52:13.145+0000] {processor.py:766} INFO - DAG(s) dict_keys(['example_sla_dag']) retrieved from /home/airflow/.local/lib/python3.7/site-packages/airflow/example_dags/example_sla_dag.py
[2025-01-27T08:52:13.234+0000] {logging_mixin.py:120} INFO - [2025-01-27T08:52:13.233+0000] {dag.py:2585} INFO - Sync 1 DAGs
[2025-01-27T08:52:13.288+0000] {logging_mixin.py:120} INFO - [2025-01-27T08:52:13.288+0000] {dag.py:3340} INFO - Setting next_dagrun for example_sla_dag to 2025-01-27T08:50:00+00:00, run_after=2025-01-27T08:52:00+00:00
[2025-01-27T08:52:13.325+0000] {processor.py:176} INFO - Processing /home/airflow/.local/lib/python3.7/site-packages/airflow/example_dags/example_sla_dag.py took 0.233 seconds
[2025-01-27T08:52:43.463+0000] {processor.py:154} INFO - Started process (PID=2199) to work on /home/airflow/.local/lib/python3.7/site-packages/airflow/example_dags/example_sla_dag.py
[2025-01-27T08:52:43.465+0000] {processor.py:756} INFO - Processing file /home/airflow/.local/lib/python3.7/site-packages/airflow/example_dags/example_sla_dag.py for tasks to queue
[2025-01-27T08:52:43.466+0000] {logging_mixin.py:120} INFO - [2025-01-27T08:52:43.466+0000] {dagbag.py:537} INFO - Filling up the DagBag from /home/airflow/.local/lib/python3.7/site-packages/airflow/example_dags/example_sla_dag.py
[2025-01-27T08:52:43.510+0000] {processor.py:766} INFO - DAG(s) dict_keys(['example_sla_dag']) retrieved from /home/airflow/.local/lib/python3.7/site-packages/airflow/example_dags/example_sla_dag.py
[2025-01-27T08:52:43.597+0000] {logging_mixin.py:120} INFO - [2025-01-27T08:52:43.596+0000] {dag.py:2585} INFO - Sync 1 DAGs
[2025-01-27T08:52:43.651+0000] {logging_mixin.py:120} INFO - [2025-01-27T08:52:43.651+0000] {dag.py:3340} INFO - Setting next_dagrun for example_sla_dag to 2025-01-27T08:50:00+00:00, run_after=2025-01-27T08:52:00+00:00
[2025-01-27T08:52:43.683+0000] {processor.py:176} INFO - Processing /home/airflow/.local/lib/python3.7/site-packages/airflow/example_dags/example_sla_dag.py took 0.227 seconds
[2025-01-27T08:53:13.973+0000] {processor.py:154} INFO - Started process (PID=2253) to work on /home/airflow/.local/lib/python3.7/site-packages/airflow/example_dags/example_sla_dag.py
[2025-01-27T08:53:13.974+0000] {processor.py:756} INFO - Processing file /home/airflow/.local/lib/python3.7/site-packages/airflow/example_dags/example_sla_dag.py for tasks to queue
[2025-01-27T08:53:13.976+0000] {logging_mixin.py:120} INFO - [2025-01-27T08:53:13.976+0000] {dagbag.py:537} INFO - Filling up the DagBag from /home/airflow/.local/lib/python3.7/site-packages/airflow/example_dags/example_sla_dag.py
[2025-01-27T08:53:14.018+0000] {processor.py:766} INFO - DAG(s) dict_keys(['example_sla_dag']) retrieved from /home/airflow/.local/lib/python3.7/site-packages/airflow/example_dags/example_sla_dag.py
[2025-01-27T08:53:14.096+0000] {logging_mixin.py:120} INFO - [2025-01-27T08:53:14.096+0000] {dag.py:2585} INFO - Sync 1 DAGs
[2025-01-27T08:53:14.161+0000] {logging_mixin.py:120} INFO - [2025-01-27T08:53:14.160+0000] {dag.py:3340} INFO - Setting next_dagrun for example_sla_dag to 2025-01-27T08:50:00+00:00, run_after=2025-01-27T08:52:00+00:00
[2025-01-27T08:53:14.210+0000] {processor.py:176} INFO - Processing /home/airflow/.local/lib/python3.7/site-packages/airflow/example_dags/example_sla_dag.py took 0.242 seconds
[2025-01-27T08:53:44.351+0000] {processor.py:154} INFO - Started process (PID=2315) to work on /home/airflow/.local/lib/python3.7/site-packages/airflow/example_dags/example_sla_dag.py
[2025-01-27T08:53:44.353+0000] {processor.py:756} INFO - Processing file /home/airflow/.local/lib/python3.7/site-packages/airflow/example_dags/example_sla_dag.py for tasks to queue
[2025-01-27T08:53:44.354+0000] {logging_mixin.py:120} INFO - [2025-01-27T08:53:44.354+0000] {dagbag.py:537} INFO - Filling up the DagBag from /home/airflow/.local/lib/python3.7/site-packages/airflow/example_dags/example_sla_dag.py
[2025-01-27T08:53:44.406+0000] {processor.py:766} INFO - DAG(s) dict_keys(['example_sla_dag']) retrieved from /home/airflow/.local/lib/python3.7/site-packages/airflow/example_dags/example_sla_dag.py
[2025-01-27T08:53:44.508+0000] {logging_mixin.py:120} INFO - [2025-01-27T08:53:44.508+0000] {dag.py:2585} INFO - Sync 1 DAGs
[2025-01-27T08:53:44.569+0000] {logging_mixin.py:120} INFO - [2025-01-27T08:53:44.568+0000] {dag.py:3340} INFO - Setting next_dagrun for example_sla_dag to 2025-01-27T08:50:00+00:00, run_after=2025-01-27T08:52:00+00:00
[2025-01-27T08:53:44.608+0000] {processor.py:176} INFO - Processing /home/airflow/.local/lib/python3.7/site-packages/airflow/example_dags/example_sla_dag.py took 0.264 seconds
[2025-01-27T08:54:14.666+0000] {processor.py:154} INFO - Started process (PID=2369) to work on /home/airflow/.local/lib/python3.7/site-packages/airflow/example_dags/example_sla_dag.py
[2025-01-27T08:54:14.667+0000] {processor.py:756} INFO - Processing file /home/airflow/.local/lib/python3.7/site-packages/airflow/example_dags/example_sla_dag.py for tasks to queue
[2025-01-27T08:54:14.668+0000] {logging_mixin.py:120} INFO - [2025-01-27T08:54:14.668+0000] {dagbag.py:537} INFO - Filling up the DagBag from /home/airflow/.local/lib/python3.7/site-packages/airflow/example_dags/example_sla_dag.py
[2025-01-27T08:54:14.709+0000] {processor.py:766} INFO - DAG(s) dict_keys(['example_sla_dag']) retrieved from /home/airflow/.local/lib/python3.7/site-packages/airflow/example_dags/example_sla_dag.py
[2025-01-27T08:54:14.790+0000] {logging_mixin.py:120} INFO - [2025-01-27T08:54:14.790+0000] {dag.py:2585} INFO - Sync 1 DAGs
[2025-01-27T08:54:14.848+0000] {logging_mixin.py:120} INFO - [2025-01-27T08:54:14.848+0000] {dag.py:3340} INFO - Setting next_dagrun for example_sla_dag to 2025-01-27T08:52:00+00:00, run_after=2025-01-27T08:54:00+00:00
[2025-01-27T08:54:14.878+0000] {processor.py:176} INFO - Processing /home/airflow/.local/lib/python3.7/site-packages/airflow/example_dags/example_sla_dag.py took 0.219 seconds
[2025-01-27T08:54:45.580+0000] {processor.py:154} INFO - Started process (PID=2432) to work on /home/airflow/.local/lib/python3.7/site-packages/airflow/example_dags/example_sla_dag.py
[2025-01-27T08:54:45.582+0000] {processor.py:756} INFO - Processing file /home/airflow/.local/lib/python3.7/site-packages/airflow/example_dags/example_sla_dag.py for tasks to queue
[2025-01-27T08:54:45.584+0000] {logging_mixin.py:120} INFO - [2025-01-27T08:54:45.584+0000] {dagbag.py:537} INFO - Filling up the DagBag from /home/airflow/.local/lib/python3.7/site-packages/airflow/example_dags/example_sla_dag.py
[2025-01-27T08:54:45.630+0000] {processor.py:766} INFO - DAG(s) dict_keys(['example_sla_dag']) retrieved from /home/airflow/.local/lib/python3.7/site-packages/airflow/example_dags/example_sla_dag.py
[2025-01-27T08:54:45.718+0000] {logging_mixin.py:120} INFO - [2025-01-27T08:54:45.718+0000] {dag.py:2585} INFO - Sync 1 DAGs
[2025-01-27T08:54:45.780+0000] {logging_mixin.py:120} INFO - [2025-01-27T08:54:45.779+0000] {dag.py:3340} INFO - Setting next_dagrun for example_sla_dag to 2025-01-27T08:52:00+00:00, run_after=2025-01-27T08:54:00+00:00
[2025-01-27T08:54:45.823+0000] {processor.py:176} INFO - Processing /home/airflow/.local/lib/python3.7/site-packages/airflow/example_dags/example_sla_dag.py took 0.248 seconds
[2025-01-27T08:55:16.243+0000] {processor.py:154} INFO - Started process (PID=2486) to work on /home/airflow/.local/lib/python3.7/site-packages/airflow/example_dags/example_sla_dag.py
[2025-01-27T08:55:16.246+0000] {processor.py:756} INFO - Processing file /home/airflow/.local/lib/python3.7/site-packages/airflow/example_dags/example_sla_dag.py for tasks to queue
[2025-01-27T08:55:16.248+0000] {logging_mixin.py:120} INFO - [2025-01-27T08:55:16.247+0000] {dagbag.py:537} INFO - Filling up the DagBag from /home/airflow/.local/lib/python3.7/site-packages/airflow/example_dags/example_sla_dag.py
[2025-01-27T08:55:16.291+0000] {processor.py:766} INFO - DAG(s) dict_keys(['example_sla_dag']) retrieved from /home/airflow/.local/lib/python3.7/site-packages/airflow/example_dags/example_sla_dag.py
[2025-01-27T08:55:16.379+0000] {logging_mixin.py:120} INFO - [2025-01-27T08:55:16.378+0000] {dag.py:2585} INFO - Sync 1 DAGs
[2025-01-27T08:55:16.443+0000] {logging_mixin.py:120} INFO - [2025-01-27T08:55:16.443+0000] {dag.py:3340} INFO - Setting next_dagrun for example_sla_dag to 2025-01-27T08:52:00+00:00, run_after=2025-01-27T08:54:00+00:00
[2025-01-27T08:55:16.483+0000] {processor.py:176} INFO - Processing /home/airflow/.local/lib/python3.7/site-packages/airflow/example_dags/example_sla_dag.py took 0.248 seconds
[2025-01-27T08:55:46.638+0000] {processor.py:154} INFO - Started process (PID=2545) to work on /home/airflow/.local/lib/python3.7/site-packages/airflow/example_dags/example_sla_dag.py
[2025-01-27T08:55:46.640+0000] {processor.py:756} INFO - Processing file /home/airflow/.local/lib/python3.7/site-packages/airflow/example_dags/example_sla_dag.py for tasks to queue
[2025-01-27T08:55:46.642+0000] {logging_mixin.py:120} INFO - [2025-01-27T08:55:46.642+0000] {dagbag.py:537} INFO - Filling up the DagBag from /home/airflow/.local/lib/python3.7/site-packages/airflow/example_dags/example_sla_dag.py
[2025-01-27T08:55:46.689+0000] {processor.py:766} INFO - DAG(s) dict_keys(['example_sla_dag']) retrieved from /home/airflow/.local/lib/python3.7/site-packages/airflow/example_dags/example_sla_dag.py
[2025-01-27T08:55:46.796+0000] {logging_mixin.py:120} INFO - [2025-01-27T08:55:46.795+0000] {dag.py:2585} INFO - Sync 1 DAGs
[2025-01-27T08:55:46.866+0000] {logging_mixin.py:120} INFO - [2025-01-27T08:55:46.865+0000] {dag.py:3340} INFO - Setting next_dagrun for example_sla_dag to 2025-01-27T08:52:00+00:00, run_after=2025-01-27T08:54:00+00:00
[2025-01-27T08:55:46.910+0000] {processor.py:176} INFO - Processing /home/airflow/.local/lib/python3.7/site-packages/airflow/example_dags/example_sla_dag.py took 0.279 seconds
[2025-01-27T08:56:17.633+0000] {processor.py:154} INFO - Started process (PID=2601) to work on /home/airflow/.local/lib/python3.7/site-packages/airflow/example_dags/example_sla_dag.py
[2025-01-27T08:56:17.634+0000] {processor.py:756} INFO - Processing file /home/airflow/.local/lib/python3.7/site-packages/airflow/example_dags/example_sla_dag.py for tasks to queue
[2025-01-27T08:56:17.635+0000] {logging_mixin.py:120} INFO - [2025-01-27T08:56:17.635+0000] {dagbag.py:537} INFO - Filling up the DagBag from /home/airflow/.local/lib/python3.7/site-packages/airflow/example_dags/example_sla_dag.py
[2025-01-27T08:56:17.684+0000] {processor.py:766} INFO - DAG(s) dict_keys(['example_sla_dag']) retrieved from /home/airflow/.local/lib/python3.7/site-packages/airflow/example_dags/example_sla_dag.py
[2025-01-27T08:56:17.761+0000] {logging_mixin.py:120} INFO - [2025-01-27T08:56:17.760+0000] {dag.py:2585} INFO - Sync 1 DAGs
[2025-01-27T08:56:17.825+0000] {logging_mixin.py:120} INFO - [2025-01-27T08:56:17.824+0000] {dag.py:3340} INFO - Setting next_dagrun for example_sla_dag to 2025-01-27T08:54:00+00:00, run_after=2025-01-27T08:56:00+00:00
[2025-01-27T08:56:17.861+0000] {processor.py:176} INFO - Processing /home/airflow/.local/lib/python3.7/site-packages/airflow/example_dags/example_sla_dag.py took 0.235 seconds
[2025-01-27T08:56:48.524+0000] {processor.py:154} INFO - Started process (PID=2661) to work on /home/airflow/.local/lib/python3.7/site-packages/airflow/example_dags/example_sla_dag.py
[2025-01-27T08:56:48.526+0000] {processor.py:756} INFO - Processing file /home/airflow/.local/lib/python3.7/site-packages/airflow/example_dags/example_sla_dag.py for tasks to queue
[2025-01-27T08:56:48.527+0000] {logging_mixin.py:120} INFO - [2025-01-27T08:56:48.527+0000] {dagbag.py:537} INFO - Filling up the DagBag from /home/airflow/.local/lib/python3.7/site-packages/airflow/example_dags/example_sla_dag.py
[2025-01-27T08:56:48.569+0000] {processor.py:766} INFO - DAG(s) dict_keys(['example_sla_dag']) retrieved from /home/airflow/.local/lib/python3.7/site-packages/airflow/example_dags/example_sla_dag.py
[2025-01-27T08:56:48.653+0000] {logging_mixin.py:120} INFO - [2025-01-27T08:56:48.652+0000] {dag.py:2585} INFO - Sync 1 DAGs
[2025-01-27T08:56:48.713+0000] {logging_mixin.py:120} INFO - [2025-01-27T08:56:48.712+0000] {dag.py:3340} INFO - Setting next_dagrun for example_sla_dag to 2025-01-27T08:54:00+00:00, run_after=2025-01-27T08:56:00+00:00
[2025-01-27T08:56:48.754+0000] {processor.py:176} INFO - Processing /home/airflow/.local/lib/python3.7/site-packages/airflow/example_dags/example_sla_dag.py took 0.236 seconds
[2025-01-27T08:57:19.015+0000] {processor.py:154} INFO - Started process (PID=2716) to work on /home/airflow/.local/lib/python3.7/site-packages/airflow/example_dags/example_sla_dag.py
[2025-01-27T08:57:19.017+0000] {processor.py:756} INFO - Processing file /home/airflow/.local/lib/python3.7/site-packages/airflow/example_dags/example_sla_dag.py for tasks to queue
[2025-01-27T08:57:19.018+0000] {logging_mixin.py:120} INFO - [2025-01-27T08:57:19.018+0000] {dagbag.py:537} INFO - Filling up the DagBag from /home/airflow/.local/lib/python3.7/site-packages/airflow/example_dags/example_sla_dag.py
[2025-01-27T08:57:19.057+0000] {processor.py:766} INFO - DAG(s) dict_keys(['example_sla_dag']) retrieved from /home/airflow/.local/lib/python3.7/site-packages/airflow/example_dags/example_sla_dag.py
[2025-01-27T08:57:19.136+0000] {logging_mixin.py:120} INFO - [2025-01-27T08:57:19.136+0000] {dag.py:2585} INFO - Sync 1 DAGs
[2025-01-27T08:57:19.190+0000] {logging_mixin.py:120} INFO - [2025-01-27T08:57:19.190+0000] {dag.py:3340} INFO - Setting next_dagrun for example_sla_dag to 2025-01-27T08:54:00+00:00, run_after=2025-01-27T08:56:00+00:00
[2025-01-27T08:57:19.223+0000] {processor.py:176} INFO - Processing /home/airflow/.local/lib/python3.7/site-packages/airflow/example_dags/example_sla_dag.py took 0.213 seconds
[2025-01-27T08:57:49.724+0000] {processor.py:154} INFO - Started process (PID=2769) to work on /home/airflow/.local/lib/python3.7/site-packages/airflow/example_dags/example_sla_dag.py
[2025-01-27T08:57:49.726+0000] {processor.py:756} INFO - Processing file /home/airflow/.local/lib/python3.7/site-packages/airflow/example_dags/example_sla_dag.py for tasks to queue
[2025-01-27T08:57:49.727+0000] {logging_mixin.py:120} INFO - [2025-01-27T08:57:49.727+0000] {dagbag.py:537} INFO - Filling up the DagBag from /home/airflow/.local/lib/python3.7/site-packages/airflow/example_dags/example_sla_dag.py
[2025-01-27T08:57:49.772+0000] {processor.py:766} INFO - DAG(s) dict_keys(['example_sla_dag']) retrieved from /home/airflow/.local/lib/python3.7/site-packages/airflow/example_dags/example_sla_dag.py
[2025-01-27T08:57:49.869+0000] {logging_mixin.py:120} INFO - [2025-01-27T08:57:49.869+0000] {dag.py:2585} INFO - Sync 1 DAGs
[2025-01-27T08:57:49.927+0000] {logging_mixin.py:120} INFO - [2025-01-27T08:57:49.927+0000] {dag.py:3340} INFO - Setting next_dagrun for example_sla_dag to 2025-01-27T08:54:00+00:00, run_after=2025-01-27T08:56:00+00:00
[2025-01-27T08:57:49.961+0000] {processor.py:176} INFO - Processing /home/airflow/.local/lib/python3.7/site-packages/airflow/example_dags/example_sla_dag.py took 0.242 seconds
[2025-01-27T08:58:20.168+0000] {processor.py:154} INFO - Started process (PID=2832) to work on /home/airflow/.local/lib/python3.7/site-packages/airflow/example_dags/example_sla_dag.py
[2025-01-27T08:58:20.170+0000] {processor.py:756} INFO - Processing file /home/airflow/.local/lib/python3.7/site-packages/airflow/example_dags/example_sla_dag.py for tasks to queue
[2025-01-27T08:58:20.172+0000] {logging_mixin.py:120} INFO - [2025-01-27T08:58:20.171+0000] {dagbag.py:537} INFO - Filling up the DagBag from /home/airflow/.local/lib/python3.7/site-packages/airflow/example_dags/example_sla_dag.py
[2025-01-27T08:58:20.216+0000] {processor.py:766} INFO - DAG(s) dict_keys(['example_sla_dag']) retrieved from /home/airflow/.local/lib/python3.7/site-packages/airflow/example_dags/example_sla_dag.py
[2025-01-27T08:58:20.285+0000] {logging_mixin.py:120} INFO - [2025-01-27T08:58:20.285+0000] {dag.py:2585} INFO - Sync 1 DAGs
[2025-01-27T08:58:20.334+0000] {logging_mixin.py:120} INFO - [2025-01-27T08:58:20.333+0000] {dag.py:3340} INFO - Setting next_dagrun for example_sla_dag to 2025-01-27T08:56:00+00:00, run_after=2025-01-27T08:58:00+00:00
[2025-01-27T08:58:20.370+0000] {processor.py:176} INFO - Processing /home/airflow/.local/lib/python3.7/site-packages/airflow/example_dags/example_sla_dag.py took 0.206 seconds
[2025-01-27T08:58:50.710+0000] {processor.py:154} INFO - Started process (PID=2886) to work on /home/airflow/.local/lib/python3.7/site-packages/airflow/example_dags/example_sla_dag.py
[2025-01-27T08:58:50.712+0000] {processor.py:756} INFO - Processing file /home/airflow/.local/lib/python3.7/site-packages/airflow/example_dags/example_sla_dag.py for tasks to queue
[2025-01-27T08:58:50.713+0000] {logging_mixin.py:120} INFO - [2025-01-27T08:58:50.713+0000] {dagbag.py:537} INFO - Filling up the DagBag from /home/airflow/.local/lib/python3.7/site-packages/airflow/example_dags/example_sla_dag.py
[2025-01-27T08:58:50.763+0000] {processor.py:766} INFO - DAG(s) dict_keys(['example_sla_dag']) retrieved from /home/airflow/.local/lib/python3.7/site-packages/airflow/example_dags/example_sla_dag.py
[2025-01-27T08:58:50.854+0000] {logging_mixin.py:120} INFO - [2025-01-27T08:58:50.854+0000] {dag.py:2585} INFO - Sync 1 DAGs
[2025-01-27T08:58:50.916+0000] {logging_mixin.py:120} INFO - [2025-01-27T08:58:50.915+0000] {dag.py:3340} INFO - Setting next_dagrun for example_sla_dag to 2025-01-27T08:56:00+00:00, run_after=2025-01-27T08:58:00+00:00
[2025-01-27T08:58:50.955+0000] {processor.py:176} INFO - Processing /home/airflow/.local/lib/python3.7/site-packages/airflow/example_dags/example_sla_dag.py took 0.253 seconds
[2025-01-27T08:59:21.030+0000] {processor.py:154} INFO - Started process (PID=2948) to work on /home/airflow/.local/lib/python3.7/site-packages/airflow/example_dags/example_sla_dag.py
[2025-01-27T08:59:21.031+0000] {processor.py:756} INFO - Processing file /home/airflow/.local/lib/python3.7/site-packages/airflow/example_dags/example_sla_dag.py for tasks to queue
[2025-01-27T08:59:21.033+0000] {logging_mixin.py:120} INFO - [2025-01-27T08:59:21.033+0000] {dagbag.py:537} INFO - Filling up the DagBag from /home/airflow/.local/lib/python3.7/site-packages/airflow/example_dags/example_sla_dag.py
[2025-01-27T08:59:21.079+0000] {processor.py:766} INFO - DAG(s) dict_keys(['example_sla_dag']) retrieved from /home/airflow/.local/lib/python3.7/site-packages/airflow/example_dags/example_sla_dag.py
[2025-01-27T08:59:21.157+0000] {logging_mixin.py:120} INFO - [2025-01-27T08:59:21.156+0000] {dag.py:2585} INFO - Sync 1 DAGs
[2025-01-27T08:59:21.207+0000] {logging_mixin.py:120} INFO - [2025-01-27T08:59:21.207+0000] {dag.py:3340} INFO - Setting next_dagrun for example_sla_dag to 2025-01-27T08:56:00+00:00, run_after=2025-01-27T08:58:00+00:00
[2025-01-27T08:59:21.249+0000] {processor.py:176} INFO - Processing /home/airflow/.local/lib/python3.7/site-packages/airflow/example_dags/example_sla_dag.py took 0.226 seconds
[2025-01-27T08:59:51.366+0000] {processor.py:154} INFO - Started process (PID=3002) to work on /home/airflow/.local/lib/python3.7/site-packages/airflow/example_dags/example_sla_dag.py
[2025-01-27T08:59:51.367+0000] {processor.py:756} INFO - Processing file /home/airflow/.local/lib/python3.7/site-packages/airflow/example_dags/example_sla_dag.py for tasks to queue
[2025-01-27T08:59:51.369+0000] {logging_mixin.py:120} INFO - [2025-01-27T08:59:51.369+0000] {dagbag.py:537} INFO - Filling up the DagBag from /home/airflow/.local/lib/python3.7/site-packages/airflow/example_dags/example_sla_dag.py
[2025-01-27T08:59:51.412+0000] {processor.py:766} INFO - DAG(s) dict_keys(['example_sla_dag']) retrieved from /home/airflow/.local/lib/python3.7/site-packages/airflow/example_dags/example_sla_dag.py
[2025-01-27T08:59:51.495+0000] {logging_mixin.py:120} INFO - [2025-01-27T08:59:51.495+0000] {dag.py:2585} INFO - Sync 1 DAGs
[2025-01-27T08:59:51.553+0000] {logging_mixin.py:120} INFO - [2025-01-27T08:59:51.553+0000] {dag.py:3340} INFO - Setting next_dagrun for example_sla_dag to 2025-01-27T08:56:00+00:00, run_after=2025-01-27T08:58:00+00:00
[2025-01-27T08:59:51.590+0000] {processor.py:176} INFO - Processing /home/airflow/.local/lib/python3.7/site-packages/airflow/example_dags/example_sla_dag.py took 0.229 seconds
[2025-01-27T09:00:22.520+0000] {processor.py:154} INFO - Started process (PID=3065) to work on /home/airflow/.local/lib/python3.7/site-packages/airflow/example_dags/example_sla_dag.py
[2025-01-27T09:00:22.521+0000] {processor.py:756} INFO - Processing file /home/airflow/.local/lib/python3.7/site-packages/airflow/example_dags/example_sla_dag.py for tasks to queue
[2025-01-27T09:00:22.523+0000] {logging_mixin.py:120} INFO - [2025-01-27T09:00:22.523+0000] {dagbag.py:537} INFO - Filling up the DagBag from /home/airflow/.local/lib/python3.7/site-packages/airflow/example_dags/example_sla_dag.py
[2025-01-27T09:00:22.563+0000] {processor.py:766} INFO - DAG(s) dict_keys(['example_sla_dag']) retrieved from /home/airflow/.local/lib/python3.7/site-packages/airflow/example_dags/example_sla_dag.py
[2025-01-27T09:00:22.641+0000] {logging_mixin.py:120} INFO - [2025-01-27T09:00:22.641+0000] {dag.py:2585} INFO - Sync 1 DAGs
[2025-01-27T09:00:22.700+0000] {logging_mixin.py:120} INFO - [2025-01-27T09:00:22.700+0000] {dag.py:3340} INFO - Setting next_dagrun for example_sla_dag to 2025-01-27T08:58:00+00:00, run_after=2025-01-27T09:00:00+00:00
[2025-01-27T09:00:22.734+0000] {processor.py:176} INFO - Processing /home/airflow/.local/lib/python3.7/site-packages/airflow/example_dags/example_sla_dag.py took 0.220 seconds
[2025-01-27T09:00:52.898+0000] {processor.py:154} INFO - Started process (PID=3118) to work on /home/airflow/.local/lib/python3.7/site-packages/airflow/example_dags/example_sla_dag.py
[2025-01-27T09:00:52.900+0000] {processor.py:756} INFO - Processing file /home/airflow/.local/lib/python3.7/site-packages/airflow/example_dags/example_sla_dag.py for tasks to queue
[2025-01-27T09:00:52.904+0000] {logging_mixin.py:120} INFO - [2025-01-27T09:00:52.904+0000] {dagbag.py:537} INFO - Filling up the DagBag from /home/airflow/.local/lib/python3.7/site-packages/airflow/example_dags/example_sla_dag.py
[2025-01-27T09:00:52.973+0000] {processor.py:766} INFO - DAG(s) dict_keys(['example_sla_dag']) retrieved from /home/airflow/.local/lib/python3.7/site-packages/airflow/example_dags/example_sla_dag.py
[2025-01-27T09:00:53.057+0000] {logging_mixin.py:120} INFO - [2025-01-27T09:00:53.056+0000] {dag.py:2585} INFO - Sync 1 DAGs
[2025-01-27T09:00:53.114+0000] {logging_mixin.py:120} INFO - [2025-01-27T09:00:53.113+0000] {dag.py:3340} INFO - Setting next_dagrun for example_sla_dag to 2025-01-27T08:58:00+00:00, run_after=2025-01-27T09:00:00+00:00
[2025-01-27T09:00:53.152+0000] {processor.py:176} INFO - Processing /home/airflow/.local/lib/python3.7/site-packages/airflow/example_dags/example_sla_dag.py took 0.260 seconds
[2025-01-27T09:01:23.325+0000] {processor.py:154} INFO - Started process (PID=3181) to work on /home/airflow/.local/lib/python3.7/site-packages/airflow/example_dags/example_sla_dag.py
[2025-01-27T09:01:23.326+0000] {processor.py:756} INFO - Processing file /home/airflow/.local/lib/python3.7/site-packages/airflow/example_dags/example_sla_dag.py for tasks to queue
[2025-01-27T09:01:23.327+0000] {logging_mixin.py:120} INFO - [2025-01-27T09:01:23.327+0000] {dagbag.py:537} INFO - Filling up the DagBag from /home/airflow/.local/lib/python3.7/site-packages/airflow/example_dags/example_sla_dag.py
[2025-01-27T09:01:23.378+0000] {processor.py:766} INFO - DAG(s) dict_keys(['example_sla_dag']) retrieved from /home/airflow/.local/lib/python3.7/site-packages/airflow/example_dags/example_sla_dag.py
[2025-01-27T09:01:23.468+0000] {logging_mixin.py:120} INFO - [2025-01-27T09:01:23.468+0000] {dag.py:2585} INFO - Sync 1 DAGs
[2025-01-27T09:01:23.534+0000] {logging_mixin.py:120} INFO - [2025-01-27T09:01:23.534+0000] {dag.py:3340} INFO - Setting next_dagrun for example_sla_dag to 2025-01-27T08:58:00+00:00, run_after=2025-01-27T09:00:00+00:00
[2025-01-27T09:01:23.583+0000] {processor.py:176} INFO - Processing /home/airflow/.local/lib/python3.7/site-packages/airflow/example_dags/example_sla_dag.py took 0.266 seconds
[2025-01-27T09:01:53.696+0000] {processor.py:154} INFO - Started process (PID=3235) to work on /home/airflow/.local/lib/python3.7/site-packages/airflow/example_dags/example_sla_dag.py
[2025-01-27T09:01:53.697+0000] {processor.py:756} INFO - Processing file /home/airflow/.local/lib/python3.7/site-packages/airflow/example_dags/example_sla_dag.py for tasks to queue
[2025-01-27T09:01:53.698+0000] {logging_mixin.py:120} INFO - [2025-01-27T09:01:53.698+0000] {dagbag.py:537} INFO - Filling up the DagBag from /home/airflow/.local/lib/python3.7/site-packages/airflow/example_dags/example_sla_dag.py
[2025-01-27T09:01:53.740+0000] {processor.py:766} INFO - DAG(s) dict_keys(['example_sla_dag']) retrieved from /home/airflow/.local/lib/python3.7/site-packages/airflow/example_dags/example_sla_dag.py
[2025-01-27T09:01:53.811+0000] {logging_mixin.py:120} INFO - [2025-01-27T09:01:53.810+0000] {dag.py:2585} INFO - Sync 1 DAGs
[2025-01-27T09:01:53.860+0000] {logging_mixin.py:120} INFO - [2025-01-27T09:01:53.859+0000] {dag.py:3340} INFO - Setting next_dagrun for example_sla_dag to 2025-01-27T08:58:00+00:00, run_after=2025-01-27T09:00:00+00:00
[2025-01-27T09:01:53.895+0000] {processor.py:176} INFO - Processing /home/airflow/.local/lib/python3.7/site-packages/airflow/example_dags/example_sla_dag.py took 0.205 seconds
[2025-01-27T09:02:24.428+0000] {processor.py:154} INFO - Started process (PID=3289) to work on /home/airflow/.local/lib/python3.7/site-packages/airflow/example_dags/example_sla_dag.py
[2025-01-27T09:02:24.430+0000] {processor.py:756} INFO - Processing file /home/airflow/.local/lib/python3.7/site-packages/airflow/example_dags/example_sla_dag.py for tasks to queue
[2025-01-27T09:02:24.432+0000] {logging_mixin.py:120} INFO - [2025-01-27T09:02:24.431+0000] {dagbag.py:537} INFO - Filling up the DagBag from /home/airflow/.local/lib/python3.7/site-packages/airflow/example_dags/example_sla_dag.py
[2025-01-27T09:02:24.476+0000] {processor.py:766} INFO - DAG(s) dict_keys(['example_sla_dag']) retrieved from /home/airflow/.local/lib/python3.7/site-packages/airflow/example_dags/example_sla_dag.py
[2025-01-27T09:02:24.549+0000] {logging_mixin.py:120} INFO - [2025-01-27T09:02:24.549+0000] {dag.py:2585} INFO - Sync 1 DAGs
[2025-01-27T09:02:24.603+0000] {logging_mixin.py:120} INFO - [2025-01-27T09:02:24.602+0000] {dag.py:3340} INFO - Setting next_dagrun for example_sla_dag to 2025-01-27T09:00:00+00:00, run_after=2025-01-27T09:02:00+00:00
[2025-01-27T09:02:24.644+0000] {processor.py:176} INFO - Processing /home/airflow/.local/lib/python3.7/site-packages/airflow/example_dags/example_sla_dag.py took 0.221 seconds
[2025-01-27T09:02:54.759+0000] {processor.py:154} INFO - Started process (PID=3352) to work on /home/airflow/.local/lib/python3.7/site-packages/airflow/example_dags/example_sla_dag.py
[2025-01-27T09:02:54.760+0000] {processor.py:756} INFO - Processing file /home/airflow/.local/lib/python3.7/site-packages/airflow/example_dags/example_sla_dag.py for tasks to queue
[2025-01-27T09:02:54.761+0000] {logging_mixin.py:120} INFO - [2025-01-27T09:02:54.761+0000] {dagbag.py:537} INFO - Filling up the DagBag from /home/airflow/.local/lib/python3.7/site-packages/airflow/example_dags/example_sla_dag.py
[2025-01-27T09:02:54.802+0000] {processor.py:766} INFO - DAG(s) dict_keys(['example_sla_dag']) retrieved from /home/airflow/.local/lib/python3.7/site-packages/airflow/example_dags/example_sla_dag.py
[2025-01-27T09:02:54.874+0000] {logging_mixin.py:120} INFO - [2025-01-27T09:02:54.873+0000] {dag.py:2585} INFO - Sync 1 DAGs
[2025-01-27T09:02:54.922+0000] {logging_mixin.py:120} INFO - [2025-01-27T09:02:54.922+0000] {dag.py:3340} INFO - Setting next_dagrun for example_sla_dag to 2025-01-27T09:00:00+00:00, run_after=2025-01-27T09:02:00+00:00
[2025-01-27T09:02:54.954+0000] {processor.py:176} INFO - Processing /home/airflow/.local/lib/python3.7/site-packages/airflow/example_dags/example_sla_dag.py took 0.200 seconds
[2025-01-27T09:03:25.263+0000] {processor.py:154} INFO - Started process (PID=3404) to work on /home/airflow/.local/lib/python3.7/site-packages/airflow/example_dags/example_sla_dag.py
[2025-01-27T09:03:25.266+0000] {processor.py:756} INFO - Processing file /home/airflow/.local/lib/python3.7/site-packages/airflow/example_dags/example_sla_dag.py for tasks to queue
[2025-01-27T09:03:25.268+0000] {logging_mixin.py:120} INFO - [2025-01-27T09:03:25.268+0000] {dagbag.py:537} INFO - Filling up the DagBag from /home/airflow/.local/lib/python3.7/site-packages/airflow/example_dags/example_sla_dag.py
[2025-01-27T09:03:25.304+0000] {processor.py:766} INFO - DAG(s) dict_keys(['example_sla_dag']) retrieved from /home/airflow/.local/lib/python3.7/site-packages/airflow/example_dags/example_sla_dag.py
[2025-01-27T09:03:25.378+0000] {logging_mixin.py:120} INFO - [2025-01-27T09:03:25.377+0000] {dag.py:2585} INFO - Sync 1 DAGs
[2025-01-27T09:03:25.426+0000] {logging_mixin.py:120} INFO - [2025-01-27T09:03:25.426+0000] {dag.py:3340} INFO - Setting next_dagrun for example_sla_dag to 2025-01-27T09:00:00+00:00, run_after=2025-01-27T09:02:00+00:00
[2025-01-27T09:03:25.459+0000] {processor.py:176} INFO - Processing /home/airflow/.local/lib/python3.7/site-packages/airflow/example_dags/example_sla_dag.py took 0.200 seconds
[2025-01-27T09:03:55.661+0000] {processor.py:154} INFO - Started process (PID=3467) to work on /home/airflow/.local/lib/python3.7/site-packages/airflow/example_dags/example_sla_dag.py
[2025-01-27T09:03:55.663+0000] {processor.py:756} INFO - Processing file /home/airflow/.local/lib/python3.7/site-packages/airflow/example_dags/example_sla_dag.py for tasks to queue
[2025-01-27T09:03:55.665+0000] {logging_mixin.py:120} INFO - [2025-01-27T09:03:55.665+0000] {dagbag.py:537} INFO - Filling up the DagBag from /home/airflow/.local/lib/python3.7/site-packages/airflow/example_dags/example_sla_dag.py
[2025-01-27T09:03:55.717+0000] {processor.py:766} INFO - DAG(s) dict_keys(['example_sla_dag']) retrieved from /home/airflow/.local/lib/python3.7/site-packages/airflow/example_dags/example_sla_dag.py
[2025-01-27T09:03:55.792+0000] {logging_mixin.py:120} INFO - [2025-01-27T09:03:55.792+0000] {dag.py:2585} INFO - Sync 1 DAGs
[2025-01-27T09:03:55.841+0000] {logging_mixin.py:120} INFO - [2025-01-27T09:03:55.841+0000] {dag.py:3340} INFO - Setting next_dagrun for example_sla_dag to 2025-01-27T09:00:00+00:00, run_after=2025-01-27T09:02:00+00:00
[2025-01-27T09:03:55.884+0000] {processor.py:176} INFO - Processing /home/airflow/.local/lib/python3.7/site-packages/airflow/example_dags/example_sla_dag.py took 0.229 seconds
[2025-01-27T09:04:26.592+0000] {processor.py:154} INFO - Started process (PID=3521) to work on /home/airflow/.local/lib/python3.7/site-packages/airflow/example_dags/example_sla_dag.py
[2025-01-27T09:04:26.594+0000] {processor.py:756} INFO - Processing file /home/airflow/.local/lib/python3.7/site-packages/airflow/example_dags/example_sla_dag.py for tasks to queue
[2025-01-27T09:04:26.597+0000] {logging_mixin.py:120} INFO - [2025-01-27T09:04:26.597+0000] {dagbag.py:537} INFO - Filling up the DagBag from /home/airflow/.local/lib/python3.7/site-packages/airflow/example_dags/example_sla_dag.py
[2025-01-27T09:04:26.646+0000] {processor.py:766} INFO - DAG(s) dict_keys(['example_sla_dag']) retrieved from /home/airflow/.local/lib/python3.7/site-packages/airflow/example_dags/example_sla_dag.py
[2025-01-27T09:04:26.729+0000] {logging_mixin.py:120} INFO - [2025-01-27T09:04:26.729+0000] {dag.py:2585} INFO - Sync 1 DAGs
[2025-01-27T09:04:26.792+0000] {logging_mixin.py:120} INFO - [2025-01-27T09:04:26.792+0000] {dag.py:3340} INFO - Setting next_dagrun for example_sla_dag to 2025-01-27T09:02:00+00:00, run_after=2025-01-27T09:04:00+00:00
[2025-01-27T09:04:26.830+0000] {processor.py:176} INFO - Processing /home/airflow/.local/lib/python3.7/site-packages/airflow/example_dags/example_sla_dag.py took 0.244 seconds
[2025-01-27T09:04:57.009+0000] {processor.py:154} INFO - Started process (PID=3575) to work on /home/airflow/.local/lib/python3.7/site-packages/airflow/example_dags/example_sla_dag.py
[2025-01-27T09:04:57.012+0000] {processor.py:756} INFO - Processing file /home/airflow/.local/lib/python3.7/site-packages/airflow/example_dags/example_sla_dag.py for tasks to queue
[2025-01-27T09:04:57.014+0000] {logging_mixin.py:120} INFO - [2025-01-27T09:04:57.014+0000] {dagbag.py:537} INFO - Filling up the DagBag from /home/airflow/.local/lib/python3.7/site-packages/airflow/example_dags/example_sla_dag.py
[2025-01-27T09:04:57.061+0000] {processor.py:766} INFO - DAG(s) dict_keys(['example_sla_dag']) retrieved from /home/airflow/.local/lib/python3.7/site-packages/airflow/example_dags/example_sla_dag.py
[2025-01-27T09:04:57.148+0000] {logging_mixin.py:120} INFO - [2025-01-27T09:04:57.147+0000] {dag.py:2585} INFO - Sync 1 DAGs
[2025-01-27T09:04:57.206+0000] {logging_mixin.py:120} INFO - [2025-01-27T09:04:57.206+0000] {dag.py:3340} INFO - Setting next_dagrun for example_sla_dag to 2025-01-27T09:02:00+00:00, run_after=2025-01-27T09:04:00+00:00
[2025-01-27T09:04:57.247+0000] {processor.py:176} INFO - Processing /home/airflow/.local/lib/python3.7/site-packages/airflow/example_dags/example_sla_dag.py took 0.245 seconds
[2025-01-27T09:05:27.803+0000] {processor.py:154} INFO - Started process (PID=3637) to work on /home/airflow/.local/lib/python3.7/site-packages/airflow/example_dags/example_sla_dag.py
[2025-01-27T09:05:27.805+0000] {processor.py:756} INFO - Processing file /home/airflow/.local/lib/python3.7/site-packages/airflow/example_dags/example_sla_dag.py for tasks to queue
[2025-01-27T09:05:27.807+0000] {logging_mixin.py:120} INFO - [2025-01-27T09:05:27.807+0000] {dagbag.py:537} INFO - Filling up the DagBag from /home/airflow/.local/lib/python3.7/site-packages/airflow/example_dags/example_sla_dag.py
[2025-01-27T09:05:27.855+0000] {processor.py:766} INFO - DAG(s) dict_keys(['example_sla_dag']) retrieved from /home/airflow/.local/lib/python3.7/site-packages/airflow/example_dags/example_sla_dag.py
[2025-01-27T09:05:27.930+0000] {logging_mixin.py:120} INFO - [2025-01-27T09:05:27.929+0000] {dag.py:2585} INFO - Sync 1 DAGs
[2025-01-27T09:05:27.981+0000] {logging_mixin.py:120} INFO - [2025-01-27T09:05:27.981+0000] {dag.py:3340} INFO - Setting next_dagrun for example_sla_dag to 2025-01-27T09:02:00+00:00, run_after=2025-01-27T09:04:00+00:00
[2025-01-27T09:05:28.011+0000] {processor.py:176} INFO - Processing /home/airflow/.local/lib/python3.7/site-packages/airflow/example_dags/example_sla_dag.py took 0.214 seconds
[2025-01-27T09:05:59.099+0000] {processor.py:154} INFO - Started process (PID=3689) to work on /home/airflow/.local/lib/python3.7/site-packages/airflow/example_dags/example_sla_dag.py
[2025-01-27T09:05:59.103+0000] {processor.py:756} INFO - Processing file /home/airflow/.local/lib/python3.7/site-packages/airflow/example_dags/example_sla_dag.py for tasks to queue
[2025-01-27T09:05:59.106+0000] {logging_mixin.py:120} INFO - [2025-01-27T09:05:59.106+0000] {dagbag.py:537} INFO - Filling up the DagBag from /home/airflow/.local/lib/python3.7/site-packages/airflow/example_dags/example_sla_dag.py
[2025-01-27T09:05:59.182+0000] {processor.py:766} INFO - DAG(s) dict_keys(['example_sla_dag']) retrieved from /home/airflow/.local/lib/python3.7/site-packages/airflow/example_dags/example_sla_dag.py
[2025-01-27T09:05:59.318+0000] {logging_mixin.py:120} INFO - [2025-01-27T09:05:59.318+0000] {dag.py:2585} INFO - Sync 1 DAGs
[2025-01-27T09:05:59.416+0000] {logging_mixin.py:120} INFO - [2025-01-27T09:05:59.416+0000] {dag.py:3340} INFO - Setting next_dagrun for example_sla_dag to 2025-01-27T09:02:00+00:00, run_after=2025-01-27T09:04:00+00:00
[2025-01-27T09:05:59.462+0000] {processor.py:176} INFO - Processing /home/airflow/.local/lib/python3.7/site-packages/airflow/example_dags/example_sla_dag.py took 0.369 seconds
[2025-01-27T09:06:29.912+0000] {processor.py:154} INFO - Started process (PID=3751) to work on /home/airflow/.local/lib/python3.7/site-packages/airflow/example_dags/example_sla_dag.py
[2025-01-27T09:06:29.914+0000] {processor.py:756} INFO - Processing file /home/airflow/.local/lib/python3.7/site-packages/airflow/example_dags/example_sla_dag.py for tasks to queue
[2025-01-27T09:06:29.916+0000] {logging_mixin.py:120} INFO - [2025-01-27T09:06:29.916+0000] {dagbag.py:537} INFO - Filling up the DagBag from /home/airflow/.local/lib/python3.7/site-packages/airflow/example_dags/example_sla_dag.py
[2025-01-27T09:06:29.962+0000] {processor.py:766} INFO - DAG(s) dict_keys(['example_sla_dag']) retrieved from /home/airflow/.local/lib/python3.7/site-packages/airflow/example_dags/example_sla_dag.py
[2025-01-27T09:06:30.061+0000] {logging_mixin.py:120} INFO - [2025-01-27T09:06:30.060+0000] {dag.py:2585} INFO - Sync 1 DAGs
[2025-01-27T09:06:30.124+0000] {logging_mixin.py:120} INFO - [2025-01-27T09:06:30.124+0000] {dag.py:3340} INFO - Setting next_dagrun for example_sla_dag to 2025-01-27T09:04:00+00:00, run_after=2025-01-27T09:06:00+00:00
[2025-01-27T09:06:30.170+0000] {processor.py:176} INFO - Processing /home/airflow/.local/lib/python3.7/site-packages/airflow/example_dags/example_sla_dag.py took 0.265 seconds
[2025-01-27T09:07:00.497+0000] {processor.py:154} INFO - Started process (PID=3805) to work on /home/airflow/.local/lib/python3.7/site-packages/airflow/example_dags/example_sla_dag.py
[2025-01-27T09:07:00.498+0000] {processor.py:756} INFO - Processing file /home/airflow/.local/lib/python3.7/site-packages/airflow/example_dags/example_sla_dag.py for tasks to queue
[2025-01-27T09:07:00.502+0000] {logging_mixin.py:120} INFO - [2025-01-27T09:07:00.501+0000] {dagbag.py:537} INFO - Filling up the DagBag from /home/airflow/.local/lib/python3.7/site-packages/airflow/example_dags/example_sla_dag.py
[2025-01-27T09:07:00.557+0000] {processor.py:766} INFO - DAG(s) dict_keys(['example_sla_dag']) retrieved from /home/airflow/.local/lib/python3.7/site-packages/airflow/example_dags/example_sla_dag.py
[2025-01-27T09:07:00.637+0000] {logging_mixin.py:120} INFO - [2025-01-27T09:07:00.636+0000] {dag.py:2585} INFO - Sync 1 DAGs
[2025-01-27T09:07:00.697+0000] {logging_mixin.py:120} INFO - [2025-01-27T09:07:00.697+0000] {dag.py:3340} INFO - Setting next_dagrun for example_sla_dag to 2025-01-27T09:04:00+00:00, run_after=2025-01-27T09:06:00+00:00
[2025-01-27T09:07:00.738+0000] {processor.py:176} INFO - Processing /home/airflow/.local/lib/python3.7/site-packages/airflow/example_dags/example_sla_dag.py took 0.248 seconds
[2025-01-27T09:07:31.395+0000] {processor.py:154} INFO - Started process (PID=3868) to work on /home/airflow/.local/lib/python3.7/site-packages/airflow/example_dags/example_sla_dag.py
[2025-01-27T09:07:31.398+0000] {processor.py:756} INFO - Processing file /home/airflow/.local/lib/python3.7/site-packages/airflow/example_dags/example_sla_dag.py for tasks to queue
[2025-01-27T09:07:31.400+0000] {logging_mixin.py:120} INFO - [2025-01-27T09:07:31.400+0000] {dagbag.py:537} INFO - Filling up the DagBag from /home/airflow/.local/lib/python3.7/site-packages/airflow/example_dags/example_sla_dag.py
[2025-01-27T09:07:31.445+0000] {processor.py:766} INFO - DAG(s) dict_keys(['example_sla_dag']) retrieved from /home/airflow/.local/lib/python3.7/site-packages/airflow/example_dags/example_sla_dag.py
[2025-01-27T09:07:31.531+0000] {logging_mixin.py:120} INFO - [2025-01-27T09:07:31.531+0000] {dag.py:2585} INFO - Sync 1 DAGs
[2025-01-27T09:07:31.593+0000] {logging_mixin.py:120} INFO - [2025-01-27T09:07:31.593+0000] {dag.py:3340} INFO - Setting next_dagrun for example_sla_dag to 2025-01-27T09:04:00+00:00, run_after=2025-01-27T09:06:00+00:00
[2025-01-27T09:07:31.635+0000] {processor.py:176} INFO - Processing /home/airflow/.local/lib/python3.7/site-packages/airflow/example_dags/example_sla_dag.py took 0.249 seconds
[2025-01-27T09:08:01.831+0000] {processor.py:154} INFO - Started process (PID=3922) to work on /home/airflow/.local/lib/python3.7/site-packages/airflow/example_dags/example_sla_dag.py
[2025-01-27T09:08:01.832+0000] {processor.py:756} INFO - Processing file /home/airflow/.local/lib/python3.7/site-packages/airflow/example_dags/example_sla_dag.py for tasks to queue
[2025-01-27T09:08:01.834+0000] {logging_mixin.py:120} INFO - [2025-01-27T09:08:01.833+0000] {dagbag.py:537} INFO - Filling up the DagBag from /home/airflow/.local/lib/python3.7/site-packages/airflow/example_dags/example_sla_dag.py
[2025-01-27T09:08:01.877+0000] {processor.py:766} INFO - DAG(s) dict_keys(['example_sla_dag']) retrieved from /home/airflow/.local/lib/python3.7/site-packages/airflow/example_dags/example_sla_dag.py
[2025-01-27T09:08:01.966+0000] {logging_mixin.py:120} INFO - [2025-01-27T09:08:01.966+0000] {dag.py:2585} INFO - Sync 1 DAGs
[2025-01-27T09:08:02.045+0000] {logging_mixin.py:120} INFO - [2025-01-27T09:08:02.045+0000] {dag.py:3340} INFO - Setting next_dagrun for example_sla_dag to 2025-01-27T09:06:00+00:00, run_after=2025-01-27T09:08:00+00:00
[2025-01-27T09:08:02.087+0000] {processor.py:176} INFO - Processing /home/airflow/.local/lib/python3.7/site-packages/airflow/example_dags/example_sla_dag.py took 0.264 seconds
[2025-01-27T09:08:32.563+0000] {processor.py:154} INFO - Started process (PID=3983) to work on /home/airflow/.local/lib/python3.7/site-packages/airflow/example_dags/example_sla_dag.py
[2025-01-27T09:08:32.565+0000] {processor.py:756} INFO - Processing file /home/airflow/.local/lib/python3.7/site-packages/airflow/example_dags/example_sla_dag.py for tasks to queue
[2025-01-27T09:08:32.566+0000] {logging_mixin.py:120} INFO - [2025-01-27T09:08:32.566+0000] {dagbag.py:537} INFO - Filling up the DagBag from /home/airflow/.local/lib/python3.7/site-packages/airflow/example_dags/example_sla_dag.py
[2025-01-27T09:08:32.616+0000] {processor.py:766} INFO - DAG(s) dict_keys(['example_sla_dag']) retrieved from /home/airflow/.local/lib/python3.7/site-packages/airflow/example_dags/example_sla_dag.py
[2025-01-27T09:08:32.731+0000] {logging_mixin.py:120} INFO - [2025-01-27T09:08:32.731+0000] {dag.py:2585} INFO - Sync 1 DAGs
[2025-01-27T09:08:32.810+0000] {logging_mixin.py:120} INFO - [2025-01-27T09:08:32.810+0000] {dag.py:3340} INFO - Setting next_dagrun for example_sla_dag to 2025-01-27T09:06:00+00:00, run_after=2025-01-27T09:08:00+00:00
[2025-01-27T09:08:32.868+0000] {processor.py:176} INFO - Processing /home/airflow/.local/lib/python3.7/site-packages/airflow/example_dags/example_sla_dag.py took 0.312 seconds
