[2025-01-27T08:33:59.027+0000] {processor.py:154} INFO - Started process (PID=83) to work on /home/airflow/.local/lib/python3.7/site-packages/airflow/example_dags/example_kubernetes_executor.py
[2025-01-27T08:33:59.040+0000] {processor.py:756} INFO - Processing file /home/airflow/.local/lib/python3.7/site-packages/airflow/example_dags/example_kubernetes_executor.py for tasks to queue
[2025-01-27T08:33:59.043+0000] {logging_mixin.py:120} INFO - [2025-01-27T08:33:59.042+0000] {dagbag.py:537} INFO - Filling up the DagBag from /home/airflow/.local/lib/python3.7/site-packages/airflow/example_dags/example_kubernetes_executor.py
[2025-01-27T08:33:59.182+0000] {processor.py:766} INFO - DAG(s) dict_keys(['example_kubernetes_executor']) retrieved from /home/airflow/.local/lib/python3.7/site-packages/airflow/example_dags/example_kubernetes_executor.py
[2025-01-27T08:33:59.809+0000] {logging_mixin.py:120} INFO - [2025-01-27T08:33:59.808+0000] {manager.py:507} INFO - Created Permission View: can edit on DAG:example_kubernetes_executor
[2025-01-27T08:33:59.838+0000] {logging_mixin.py:120} INFO - [2025-01-27T08:33:59.837+0000] {manager.py:507} INFO - Created Permission View: can read on DAG:example_kubernetes_executor
[2025-01-27T08:33:59.862+0000] {logging_mixin.py:120} INFO - [2025-01-27T08:33:59.862+0000] {manager.py:507} INFO - Created Permission View: can delete on DAG:example_kubernetes_executor
[2025-01-27T08:33:59.864+0000] {logging_mixin.py:120} INFO - [2025-01-27T08:33:59.863+0000] {dag.py:2585} INFO - Sync 1 DAGs
[2025-01-27T08:33:59.915+0000] {logging_mixin.py:120} INFO - [2025-01-27T08:33:59.915+0000] {dag.py:2606} INFO - Creating ORM DAG for example_kubernetes_executor
[2025-01-27T08:33:59.975+0000] {logging_mixin.py:120} INFO - [2025-01-27T08:33:59.975+0000] {dag.py:3340} INFO - Setting next_dagrun for example_kubernetes_executor to None, run_after=None
[2025-01-27T08:34:00.131+0000] {processor.py:176} INFO - Processing /home/airflow/.local/lib/python3.7/site-packages/airflow/example_dags/example_kubernetes_executor.py took 1.141 seconds
[2025-01-27T08:34:30.359+0000] {processor.py:154} INFO - Started process (PID=137) to work on /home/airflow/.local/lib/python3.7/site-packages/airflow/example_dags/example_kubernetes_executor.py
[2025-01-27T08:34:30.363+0000] {processor.py:756} INFO - Processing file /home/airflow/.local/lib/python3.7/site-packages/airflow/example_dags/example_kubernetes_executor.py for tasks to queue
[2025-01-27T08:34:30.366+0000] {logging_mixin.py:120} INFO - [2025-01-27T08:34:30.365+0000] {dagbag.py:537} INFO - Filling up the DagBag from /home/airflow/.local/lib/python3.7/site-packages/airflow/example_dags/example_kubernetes_executor.py
[2025-01-27T08:34:30.477+0000] {processor.py:766} INFO - DAG(s) dict_keys(['example_kubernetes_executor']) retrieved from /home/airflow/.local/lib/python3.7/site-packages/airflow/example_dags/example_kubernetes_executor.py
[2025-01-27T08:34:30.573+0000] {logging_mixin.py:120} INFO - [2025-01-27T08:34:30.572+0000] {dag.py:2585} INFO - Sync 1 DAGs
[2025-01-27T08:34:30.619+0000] {logging_mixin.py:120} INFO - [2025-01-27T08:34:30.619+0000] {dag.py:3340} INFO - Setting next_dagrun for example_kubernetes_executor to None, run_after=None
[2025-01-27T08:34:30.664+0000] {processor.py:176} INFO - Processing /home/airflow/.local/lib/python3.7/site-packages/airflow/example_dags/example_kubernetes_executor.py took 0.321 seconds
[2025-01-27T08:35:00.900+0000] {processor.py:154} INFO - Started process (PID=192) to work on /home/airflow/.local/lib/python3.7/site-packages/airflow/example_dags/example_kubernetes_executor.py
[2025-01-27T08:35:00.904+0000] {processor.py:756} INFO - Processing file /home/airflow/.local/lib/python3.7/site-packages/airflow/example_dags/example_kubernetes_executor.py for tasks to queue
[2025-01-27T08:35:00.908+0000] {logging_mixin.py:120} INFO - [2025-01-27T08:35:00.908+0000] {dagbag.py:537} INFO - Filling up the DagBag from /home/airflow/.local/lib/python3.7/site-packages/airflow/example_dags/example_kubernetes_executor.py
[2025-01-27T08:35:01.037+0000] {processor.py:766} INFO - DAG(s) dict_keys(['example_kubernetes_executor']) retrieved from /home/airflow/.local/lib/python3.7/site-packages/airflow/example_dags/example_kubernetes_executor.py
[2025-01-27T08:35:01.117+0000] {logging_mixin.py:120} INFO - [2025-01-27T08:35:01.117+0000] {dag.py:2585} INFO - Sync 1 DAGs
[2025-01-27T08:35:01.165+0000] {logging_mixin.py:120} INFO - [2025-01-27T08:35:01.165+0000] {dag.py:3340} INFO - Setting next_dagrun for example_kubernetes_executor to None, run_after=None
[2025-01-27T08:35:01.204+0000] {processor.py:176} INFO - Processing /home/airflow/.local/lib/python3.7/site-packages/airflow/example_dags/example_kubernetes_executor.py took 0.313 seconds
[2025-01-27T08:35:31.801+0000] {processor.py:154} INFO - Started process (PID=254) to work on /home/airflow/.local/lib/python3.7/site-packages/airflow/example_dags/example_kubernetes_executor.py
[2025-01-27T08:35:31.805+0000] {processor.py:756} INFO - Processing file /home/airflow/.local/lib/python3.7/site-packages/airflow/example_dags/example_kubernetes_executor.py for tasks to queue
[2025-01-27T08:35:31.807+0000] {logging_mixin.py:120} INFO - [2025-01-27T08:35:31.807+0000] {dagbag.py:537} INFO - Filling up the DagBag from /home/airflow/.local/lib/python3.7/site-packages/airflow/example_dags/example_kubernetes_executor.py
[2025-01-27T08:35:31.861+0000] {processor.py:766} INFO - DAG(s) dict_keys(['example_kubernetes_executor']) retrieved from /home/airflow/.local/lib/python3.7/site-packages/airflow/example_dags/example_kubernetes_executor.py
[2025-01-27T08:35:31.941+0000] {logging_mixin.py:120} INFO - [2025-01-27T08:35:31.941+0000] {dag.py:2585} INFO - Sync 1 DAGs
[2025-01-27T08:35:31.991+0000] {logging_mixin.py:120} INFO - [2025-01-27T08:35:31.991+0000] {dag.py:3340} INFO - Setting next_dagrun for example_kubernetes_executor to None, run_after=None
[2025-01-27T08:35:32.031+0000] {processor.py:176} INFO - Processing /home/airflow/.local/lib/python3.7/site-packages/airflow/example_dags/example_kubernetes_executor.py took 0.237 seconds
[2025-01-27T08:36:02.292+0000] {processor.py:154} INFO - Started process (PID=308) to work on /home/airflow/.local/lib/python3.7/site-packages/airflow/example_dags/example_kubernetes_executor.py
[2025-01-27T08:36:02.294+0000] {processor.py:756} INFO - Processing file /home/airflow/.local/lib/python3.7/site-packages/airflow/example_dags/example_kubernetes_executor.py for tasks to queue
[2025-01-27T08:36:02.295+0000] {logging_mixin.py:120} INFO - [2025-01-27T08:36:02.295+0000] {dagbag.py:537} INFO - Filling up the DagBag from /home/airflow/.local/lib/python3.7/site-packages/airflow/example_dags/example_kubernetes_executor.py
[2025-01-27T08:36:02.353+0000] {processor.py:766} INFO - DAG(s) dict_keys(['example_kubernetes_executor']) retrieved from /home/airflow/.local/lib/python3.7/site-packages/airflow/example_dags/example_kubernetes_executor.py
[2025-01-27T08:36:02.444+0000] {logging_mixin.py:120} INFO - [2025-01-27T08:36:02.443+0000] {dag.py:2585} INFO - Sync 1 DAGs
[2025-01-27T08:36:02.494+0000] {logging_mixin.py:120} INFO - [2025-01-27T08:36:02.494+0000] {dag.py:3340} INFO - Setting next_dagrun for example_kubernetes_executor to None, run_after=None
[2025-01-27T08:36:02.534+0000] {processor.py:176} INFO - Processing /home/airflow/.local/lib/python3.7/site-packages/airflow/example_dags/example_kubernetes_executor.py took 0.248 seconds
[2025-01-27T08:36:33.184+0000] {processor.py:154} INFO - Started process (PID=368) to work on /home/airflow/.local/lib/python3.7/site-packages/airflow/example_dags/example_kubernetes_executor.py
[2025-01-27T08:36:33.185+0000] {processor.py:756} INFO - Processing file /home/airflow/.local/lib/python3.7/site-packages/airflow/example_dags/example_kubernetes_executor.py for tasks to queue
[2025-01-27T08:36:33.187+0000] {logging_mixin.py:120} INFO - [2025-01-27T08:36:33.186+0000] {dagbag.py:537} INFO - Filling up the DagBag from /home/airflow/.local/lib/python3.7/site-packages/airflow/example_dags/example_kubernetes_executor.py
[2025-01-27T08:36:33.247+0000] {processor.py:766} INFO - DAG(s) dict_keys(['example_kubernetes_executor']) retrieved from /home/airflow/.local/lib/python3.7/site-packages/airflow/example_dags/example_kubernetes_executor.py
[2025-01-27T08:36:33.330+0000] {logging_mixin.py:120} INFO - [2025-01-27T08:36:33.330+0000] {dag.py:2585} INFO - Sync 1 DAGs
[2025-01-27T08:36:33.398+0000] {logging_mixin.py:120} INFO - [2025-01-27T08:36:33.398+0000] {dag.py:3340} INFO - Setting next_dagrun for example_kubernetes_executor to None, run_after=None
[2025-01-27T08:36:33.459+0000] {processor.py:176} INFO - Processing /home/airflow/.local/lib/python3.7/site-packages/airflow/example_dags/example_kubernetes_executor.py took 0.281 seconds
[2025-01-27T08:37:03.984+0000] {processor.py:154} INFO - Started process (PID=424) to work on /home/airflow/.local/lib/python3.7/site-packages/airflow/example_dags/example_kubernetes_executor.py
[2025-01-27T08:37:03.986+0000] {processor.py:756} INFO - Processing file /home/airflow/.local/lib/python3.7/site-packages/airflow/example_dags/example_kubernetes_executor.py for tasks to queue
[2025-01-27T08:37:03.991+0000] {logging_mixin.py:120} INFO - [2025-01-27T08:37:03.990+0000] {dagbag.py:537} INFO - Filling up the DagBag from /home/airflow/.local/lib/python3.7/site-packages/airflow/example_dags/example_kubernetes_executor.py
[2025-01-27T08:37:04.051+0000] {processor.py:766} INFO - DAG(s) dict_keys(['example_kubernetes_executor']) retrieved from /home/airflow/.local/lib/python3.7/site-packages/airflow/example_dags/example_kubernetes_executor.py
[2025-01-27T08:37:04.134+0000] {logging_mixin.py:120} INFO - [2025-01-27T08:37:04.134+0000] {dag.py:2585} INFO - Sync 1 DAGs
[2025-01-27T08:37:04.183+0000] {logging_mixin.py:120} INFO - [2025-01-27T08:37:04.183+0000] {dag.py:3340} INFO - Setting next_dagrun for example_kubernetes_executor to None, run_after=None
[2025-01-27T08:37:04.225+0000] {processor.py:176} INFO - Processing /home/airflow/.local/lib/python3.7/site-packages/airflow/example_dags/example_kubernetes_executor.py took 0.247 seconds
[2025-01-27T08:37:34.825+0000] {processor.py:154} INFO - Started process (PID=485) to work on /home/airflow/.local/lib/python3.7/site-packages/airflow/example_dags/example_kubernetes_executor.py
[2025-01-27T08:37:34.826+0000] {processor.py:756} INFO - Processing file /home/airflow/.local/lib/python3.7/site-packages/airflow/example_dags/example_kubernetes_executor.py for tasks to queue
[2025-01-27T08:37:34.827+0000] {logging_mixin.py:120} INFO - [2025-01-27T08:37:34.827+0000] {dagbag.py:537} INFO - Filling up the DagBag from /home/airflow/.local/lib/python3.7/site-packages/airflow/example_dags/example_kubernetes_executor.py
[2025-01-27T08:37:34.882+0000] {processor.py:766} INFO - DAG(s) dict_keys(['example_kubernetes_executor']) retrieved from /home/airflow/.local/lib/python3.7/site-packages/airflow/example_dags/example_kubernetes_executor.py
[2025-01-27T08:37:34.981+0000] {logging_mixin.py:120} INFO - [2025-01-27T08:37:34.981+0000] {dag.py:2585} INFO - Sync 1 DAGs
[2025-01-27T08:37:35.037+0000] {logging_mixin.py:120} INFO - [2025-01-27T08:37:35.036+0000] {dag.py:3340} INFO - Setting next_dagrun for example_kubernetes_executor to None, run_after=None
[2025-01-27T08:37:35.089+0000] {processor.py:176} INFO - Processing /home/airflow/.local/lib/python3.7/site-packages/airflow/example_dags/example_kubernetes_executor.py took 0.269 seconds
[2025-01-27T08:38:05.160+0000] {processor.py:154} INFO - Started process (PID=540) to work on /home/airflow/.local/lib/python3.7/site-packages/airflow/example_dags/example_kubernetes_executor.py
[2025-01-27T08:38:05.163+0000] {processor.py:756} INFO - Processing file /home/airflow/.local/lib/python3.7/site-packages/airflow/example_dags/example_kubernetes_executor.py for tasks to queue
[2025-01-27T08:38:05.166+0000] {logging_mixin.py:120} INFO - [2025-01-27T08:38:05.165+0000] {dagbag.py:537} INFO - Filling up the DagBag from /home/airflow/.local/lib/python3.7/site-packages/airflow/example_dags/example_kubernetes_executor.py
[2025-01-27T08:38:05.251+0000] {processor.py:766} INFO - DAG(s) dict_keys(['example_kubernetes_executor']) retrieved from /home/airflow/.local/lib/python3.7/site-packages/airflow/example_dags/example_kubernetes_executor.py
[2025-01-27T08:38:05.364+0000] {logging_mixin.py:120} INFO - [2025-01-27T08:38:05.364+0000] {dag.py:2585} INFO - Sync 1 DAGs
[2025-01-27T08:38:05.437+0000] {logging_mixin.py:120} INFO - [2025-01-27T08:38:05.437+0000] {dag.py:3340} INFO - Setting next_dagrun for example_kubernetes_executor to None, run_after=None
[2025-01-27T08:38:05.492+0000] {processor.py:176} INFO - Processing /home/airflow/.local/lib/python3.7/site-packages/airflow/example_dags/example_kubernetes_executor.py took 0.340 seconds
[2025-01-27T08:38:35.729+0000] {processor.py:154} INFO - Started process (PID=594) to work on /home/airflow/.local/lib/python3.7/site-packages/airflow/example_dags/example_kubernetes_executor.py
[2025-01-27T08:38:35.730+0000] {processor.py:756} INFO - Processing file /home/airflow/.local/lib/python3.7/site-packages/airflow/example_dags/example_kubernetes_executor.py for tasks to queue
[2025-01-27T08:38:35.732+0000] {logging_mixin.py:120} INFO - [2025-01-27T08:38:35.732+0000] {dagbag.py:537} INFO - Filling up the DagBag from /home/airflow/.local/lib/python3.7/site-packages/airflow/example_dags/example_kubernetes_executor.py
[2025-01-27T08:38:35.789+0000] {processor.py:766} INFO - DAG(s) dict_keys(['example_kubernetes_executor']) retrieved from /home/airflow/.local/lib/python3.7/site-packages/airflow/example_dags/example_kubernetes_executor.py
[2025-01-27T08:38:35.877+0000] {logging_mixin.py:120} INFO - [2025-01-27T08:38:35.876+0000] {dag.py:2585} INFO - Sync 1 DAGs
[2025-01-27T08:38:35.932+0000] {logging_mixin.py:120} INFO - [2025-01-27T08:38:35.931+0000] {dag.py:3340} INFO - Setting next_dagrun for example_kubernetes_executor to None, run_after=None
[2025-01-27T08:38:35.976+0000] {processor.py:176} INFO - Processing /home/airflow/.local/lib/python3.7/site-packages/airflow/example_dags/example_kubernetes_executor.py took 0.255 seconds
[2025-01-27T08:39:06.551+0000] {processor.py:154} INFO - Started process (PID=657) to work on /home/airflow/.local/lib/python3.7/site-packages/airflow/example_dags/example_kubernetes_executor.py
[2025-01-27T08:39:06.553+0000] {processor.py:756} INFO - Processing file /home/airflow/.local/lib/python3.7/site-packages/airflow/example_dags/example_kubernetes_executor.py for tasks to queue
[2025-01-27T08:39:06.556+0000] {logging_mixin.py:120} INFO - [2025-01-27T08:39:06.555+0000] {dagbag.py:537} INFO - Filling up the DagBag from /home/airflow/.local/lib/python3.7/site-packages/airflow/example_dags/example_kubernetes_executor.py
[2025-01-27T08:39:06.622+0000] {processor.py:766} INFO - DAG(s) dict_keys(['example_kubernetes_executor']) retrieved from /home/airflow/.local/lib/python3.7/site-packages/airflow/example_dags/example_kubernetes_executor.py
[2025-01-27T08:39:06.712+0000] {logging_mixin.py:120} INFO - [2025-01-27T08:39:06.712+0000] {dag.py:2585} INFO - Sync 1 DAGs
[2025-01-27T08:39:06.763+0000] {logging_mixin.py:120} INFO - [2025-01-27T08:39:06.763+0000] {dag.py:3340} INFO - Setting next_dagrun for example_kubernetes_executor to None, run_after=None
[2025-01-27T08:39:06.800+0000] {processor.py:176} INFO - Processing /home/airflow/.local/lib/python3.7/site-packages/airflow/example_dags/example_kubernetes_executor.py took 0.256 seconds
[2025-01-27T08:39:37.424+0000] {processor.py:154} INFO - Started process (PID=717) to work on /home/airflow/.local/lib/python3.7/site-packages/airflow/example_dags/example_kubernetes_executor.py
[2025-01-27T08:39:37.426+0000] {processor.py:756} INFO - Processing file /home/airflow/.local/lib/python3.7/site-packages/airflow/example_dags/example_kubernetes_executor.py for tasks to queue
[2025-01-27T08:39:37.427+0000] {logging_mixin.py:120} INFO - [2025-01-27T08:39:37.427+0000] {dagbag.py:537} INFO - Filling up the DagBag from /home/airflow/.local/lib/python3.7/site-packages/airflow/example_dags/example_kubernetes_executor.py
[2025-01-27T08:39:37.486+0000] {processor.py:766} INFO - DAG(s) dict_keys(['example_kubernetes_executor']) retrieved from /home/airflow/.local/lib/python3.7/site-packages/airflow/example_dags/example_kubernetes_executor.py
[2025-01-27T08:39:37.679+0000] {logging_mixin.py:120} INFO - [2025-01-27T08:39:37.678+0000] {dag.py:2585} INFO - Sync 1 DAGs
[2025-01-27T08:39:37.738+0000] {logging_mixin.py:120} INFO - [2025-01-27T08:39:37.738+0000] {dag.py:3340} INFO - Setting next_dagrun for example_kubernetes_executor to None, run_after=None
[2025-01-27T08:39:37.786+0000] {processor.py:176} INFO - Processing /home/airflow/.local/lib/python3.7/site-packages/airflow/example_dags/example_kubernetes_executor.py took 0.367 seconds
[2025-01-27T08:40:08.095+0000] {processor.py:154} INFO - Started process (PID=773) to work on /home/airflow/.local/lib/python3.7/site-packages/airflow/example_dags/example_kubernetes_executor.py
[2025-01-27T08:40:08.096+0000] {processor.py:756} INFO - Processing file /home/airflow/.local/lib/python3.7/site-packages/airflow/example_dags/example_kubernetes_executor.py for tasks to queue
[2025-01-27T08:40:08.098+0000] {logging_mixin.py:120} INFO - [2025-01-27T08:40:08.097+0000] {dagbag.py:537} INFO - Filling up the DagBag from /home/airflow/.local/lib/python3.7/site-packages/airflow/example_dags/example_kubernetes_executor.py
[2025-01-27T08:40:08.159+0000] {processor.py:766} INFO - DAG(s) dict_keys(['example_kubernetes_executor']) retrieved from /home/airflow/.local/lib/python3.7/site-packages/airflow/example_dags/example_kubernetes_executor.py
[2025-01-27T08:40:08.246+0000] {logging_mixin.py:120} INFO - [2025-01-27T08:40:08.246+0000] {dag.py:2585} INFO - Sync 1 DAGs
[2025-01-27T08:40:08.291+0000] {logging_mixin.py:120} INFO - [2025-01-27T08:40:08.291+0000] {dag.py:3340} INFO - Setting next_dagrun for example_kubernetes_executor to None, run_after=None
[2025-01-27T08:40:08.331+0000] {processor.py:176} INFO - Processing /home/airflow/.local/lib/python3.7/site-packages/airflow/example_dags/example_kubernetes_executor.py took 0.242 seconds
[2025-01-27T08:40:38.843+0000] {processor.py:154} INFO - Started process (PID=834) to work on /home/airflow/.local/lib/python3.7/site-packages/airflow/example_dags/example_kubernetes_executor.py
[2025-01-27T08:40:38.844+0000] {processor.py:756} INFO - Processing file /home/airflow/.local/lib/python3.7/site-packages/airflow/example_dags/example_kubernetes_executor.py for tasks to queue
[2025-01-27T08:40:38.847+0000] {logging_mixin.py:120} INFO - [2025-01-27T08:40:38.846+0000] {dagbag.py:537} INFO - Filling up the DagBag from /home/airflow/.local/lib/python3.7/site-packages/airflow/example_dags/example_kubernetes_executor.py
[2025-01-27T08:40:38.896+0000] {processor.py:766} INFO - DAG(s) dict_keys(['example_kubernetes_executor']) retrieved from /home/airflow/.local/lib/python3.7/site-packages/airflow/example_dags/example_kubernetes_executor.py
[2025-01-27T08:40:38.987+0000] {logging_mixin.py:120} INFO - [2025-01-27T08:40:38.987+0000] {dag.py:2585} INFO - Sync 1 DAGs
[2025-01-27T08:40:39.035+0000] {logging_mixin.py:120} INFO - [2025-01-27T08:40:39.034+0000] {dag.py:3340} INFO - Setting next_dagrun for example_kubernetes_executor to None, run_after=None
[2025-01-27T08:40:39.078+0000] {processor.py:176} INFO - Processing /home/airflow/.local/lib/python3.7/site-packages/airflow/example_dags/example_kubernetes_executor.py took 0.241 seconds
[2025-01-27T08:41:09.550+0000] {processor.py:154} INFO - Started process (PID=890) to work on /home/airflow/.local/lib/python3.7/site-packages/airflow/example_dags/example_kubernetes_executor.py
[2025-01-27T08:41:09.552+0000] {processor.py:756} INFO - Processing file /home/airflow/.local/lib/python3.7/site-packages/airflow/example_dags/example_kubernetes_executor.py for tasks to queue
[2025-01-27T08:41:09.553+0000] {logging_mixin.py:120} INFO - [2025-01-27T08:41:09.553+0000] {dagbag.py:537} INFO - Filling up the DagBag from /home/airflow/.local/lib/python3.7/site-packages/airflow/example_dags/example_kubernetes_executor.py
[2025-01-27T08:41:09.611+0000] {processor.py:766} INFO - DAG(s) dict_keys(['example_kubernetes_executor']) retrieved from /home/airflow/.local/lib/python3.7/site-packages/airflow/example_dags/example_kubernetes_executor.py
[2025-01-27T08:41:09.701+0000] {logging_mixin.py:120} INFO - [2025-01-27T08:41:09.701+0000] {dag.py:2585} INFO - Sync 1 DAGs
[2025-01-27T08:41:09.754+0000] {logging_mixin.py:120} INFO - [2025-01-27T08:41:09.753+0000] {dag.py:3340} INFO - Setting next_dagrun for example_kubernetes_executor to None, run_after=None
[2025-01-27T08:41:09.797+0000] {processor.py:176} INFO - Processing /home/airflow/.local/lib/python3.7/site-packages/airflow/example_dags/example_kubernetes_executor.py took 0.253 seconds
[2025-01-27T08:41:40.256+0000] {processor.py:154} INFO - Started process (PID=950) to work on /home/airflow/.local/lib/python3.7/site-packages/airflow/example_dags/example_kubernetes_executor.py
[2025-01-27T08:41:40.258+0000] {processor.py:756} INFO - Processing file /home/airflow/.local/lib/python3.7/site-packages/airflow/example_dags/example_kubernetes_executor.py for tasks to queue
[2025-01-27T08:41:40.259+0000] {logging_mixin.py:120} INFO - [2025-01-27T08:41:40.259+0000] {dagbag.py:537} INFO - Filling up the DagBag from /home/airflow/.local/lib/python3.7/site-packages/airflow/example_dags/example_kubernetes_executor.py
[2025-01-27T08:41:40.339+0000] {processor.py:766} INFO - DAG(s) dict_keys(['example_kubernetes_executor']) retrieved from /home/airflow/.local/lib/python3.7/site-packages/airflow/example_dags/example_kubernetes_executor.py
[2025-01-27T08:41:40.438+0000] {logging_mixin.py:120} INFO - [2025-01-27T08:41:40.438+0000] {dag.py:2585} INFO - Sync 1 DAGs
[2025-01-27T08:41:40.501+0000] {logging_mixin.py:120} INFO - [2025-01-27T08:41:40.501+0000] {dag.py:3340} INFO - Setting next_dagrun for example_kubernetes_executor to None, run_after=None
[2025-01-27T08:41:40.557+0000] {processor.py:176} INFO - Processing /home/airflow/.local/lib/python3.7/site-packages/airflow/example_dags/example_kubernetes_executor.py took 0.308 seconds
[2025-01-27T08:42:10.651+0000] {processor.py:154} INFO - Started process (PID=1005) to work on /home/airflow/.local/lib/python3.7/site-packages/airflow/example_dags/example_kubernetes_executor.py
[2025-01-27T08:42:10.653+0000] {processor.py:756} INFO - Processing file /home/airflow/.local/lib/python3.7/site-packages/airflow/example_dags/example_kubernetes_executor.py for tasks to queue
[2025-01-27T08:42:10.654+0000] {logging_mixin.py:120} INFO - [2025-01-27T08:42:10.654+0000] {dagbag.py:537} INFO - Filling up the DagBag from /home/airflow/.local/lib/python3.7/site-packages/airflow/example_dags/example_kubernetes_executor.py
[2025-01-27T08:42:10.709+0000] {processor.py:766} INFO - DAG(s) dict_keys(['example_kubernetes_executor']) retrieved from /home/airflow/.local/lib/python3.7/site-packages/airflow/example_dags/example_kubernetes_executor.py
[2025-01-27T08:42:10.796+0000] {logging_mixin.py:120} INFO - [2025-01-27T08:42:10.796+0000] {dag.py:2585} INFO - Sync 1 DAGs
[2025-01-27T08:42:10.854+0000] {logging_mixin.py:120} INFO - [2025-01-27T08:42:10.854+0000] {dag.py:3340} INFO - Setting next_dagrun for example_kubernetes_executor to None, run_after=None
[2025-01-27T08:42:10.898+0000] {processor.py:176} INFO - Processing /home/airflow/.local/lib/python3.7/site-packages/airflow/example_dags/example_kubernetes_executor.py took 0.252 seconds
[2025-01-27T08:42:41.445+0000] {processor.py:154} INFO - Started process (PID=1059) to work on /home/airflow/.local/lib/python3.7/site-packages/airflow/example_dags/example_kubernetes_executor.py
[2025-01-27T08:42:41.447+0000] {processor.py:756} INFO - Processing file /home/airflow/.local/lib/python3.7/site-packages/airflow/example_dags/example_kubernetes_executor.py for tasks to queue
[2025-01-27T08:42:41.448+0000] {logging_mixin.py:120} INFO - [2025-01-27T08:42:41.448+0000] {dagbag.py:537} INFO - Filling up the DagBag from /home/airflow/.local/lib/python3.7/site-packages/airflow/example_dags/example_kubernetes_executor.py
[2025-01-27T08:42:41.502+0000] {processor.py:766} INFO - DAG(s) dict_keys(['example_kubernetes_executor']) retrieved from /home/airflow/.local/lib/python3.7/site-packages/airflow/example_dags/example_kubernetes_executor.py
[2025-01-27T08:42:41.586+0000] {logging_mixin.py:120} INFO - [2025-01-27T08:42:41.586+0000] {dag.py:2585} INFO - Sync 1 DAGs
[2025-01-27T08:42:41.639+0000] {logging_mixin.py:120} INFO - [2025-01-27T08:42:41.639+0000] {dag.py:3340} INFO - Setting next_dagrun for example_kubernetes_executor to None, run_after=None
[2025-01-27T08:42:41.681+0000] {processor.py:176} INFO - Processing /home/airflow/.local/lib/python3.7/site-packages/airflow/example_dags/example_kubernetes_executor.py took 0.242 seconds
[2025-01-27T08:43:12.010+0000] {processor.py:154} INFO - Started process (PID=1121) to work on /home/airflow/.local/lib/python3.7/site-packages/airflow/example_dags/example_kubernetes_executor.py
[2025-01-27T08:43:12.013+0000] {processor.py:756} INFO - Processing file /home/airflow/.local/lib/python3.7/site-packages/airflow/example_dags/example_kubernetes_executor.py for tasks to queue
[2025-01-27T08:43:12.015+0000] {logging_mixin.py:120} INFO - [2025-01-27T08:43:12.014+0000] {dagbag.py:537} INFO - Filling up the DagBag from /home/airflow/.local/lib/python3.7/site-packages/airflow/example_dags/example_kubernetes_executor.py
[2025-01-27T08:43:12.061+0000] {processor.py:766} INFO - DAG(s) dict_keys(['example_kubernetes_executor']) retrieved from /home/airflow/.local/lib/python3.7/site-packages/airflow/example_dags/example_kubernetes_executor.py
[2025-01-27T08:43:12.151+0000] {logging_mixin.py:120} INFO - [2025-01-27T08:43:12.151+0000] {dag.py:2585} INFO - Sync 1 DAGs
[2025-01-27T08:43:12.209+0000] {logging_mixin.py:120} INFO - [2025-01-27T08:43:12.209+0000] {dag.py:3340} INFO - Setting next_dagrun for example_kubernetes_executor to None, run_after=None
[2025-01-27T08:43:12.245+0000] {processor.py:176} INFO - Processing /home/airflow/.local/lib/python3.7/site-packages/airflow/example_dags/example_kubernetes_executor.py took 0.245 seconds
[2025-01-27T08:43:42.686+0000] {processor.py:154} INFO - Started process (PID=1174) to work on /home/airflow/.local/lib/python3.7/site-packages/airflow/example_dags/example_kubernetes_executor.py
[2025-01-27T08:43:42.687+0000] {processor.py:756} INFO - Processing file /home/airflow/.local/lib/python3.7/site-packages/airflow/example_dags/example_kubernetes_executor.py for tasks to queue
[2025-01-27T08:43:42.689+0000] {logging_mixin.py:120} INFO - [2025-01-27T08:43:42.689+0000] {dagbag.py:537} INFO - Filling up the DagBag from /home/airflow/.local/lib/python3.7/site-packages/airflow/example_dags/example_kubernetes_executor.py
[2025-01-27T08:43:42.741+0000] {processor.py:766} INFO - DAG(s) dict_keys(['example_kubernetes_executor']) retrieved from /home/airflow/.local/lib/python3.7/site-packages/airflow/example_dags/example_kubernetes_executor.py
[2025-01-27T08:43:42.826+0000] {logging_mixin.py:120} INFO - [2025-01-27T08:43:42.825+0000] {dag.py:2585} INFO - Sync 1 DAGs
[2025-01-27T08:43:42.879+0000] {logging_mixin.py:120} INFO - [2025-01-27T08:43:42.879+0000] {dag.py:3340} INFO - Setting next_dagrun for example_kubernetes_executor to None, run_after=None
[2025-01-27T08:43:42.920+0000] {processor.py:176} INFO - Processing /home/airflow/.local/lib/python3.7/site-packages/airflow/example_dags/example_kubernetes_executor.py took 0.242 seconds
[2025-01-27T08:44:13.512+0000] {processor.py:154} INFO - Started process (PID=1236) to work on /home/airflow/.local/lib/python3.7/site-packages/airflow/example_dags/example_kubernetes_executor.py
[2025-01-27T08:44:13.515+0000] {processor.py:756} INFO - Processing file /home/airflow/.local/lib/python3.7/site-packages/airflow/example_dags/example_kubernetes_executor.py for tasks to queue
[2025-01-27T08:44:13.517+0000] {logging_mixin.py:120} INFO - [2025-01-27T08:44:13.517+0000] {dagbag.py:537} INFO - Filling up the DagBag from /home/airflow/.local/lib/python3.7/site-packages/airflow/example_dags/example_kubernetes_executor.py
[2025-01-27T08:44:13.592+0000] {processor.py:766} INFO - DAG(s) dict_keys(['example_kubernetes_executor']) retrieved from /home/airflow/.local/lib/python3.7/site-packages/airflow/example_dags/example_kubernetes_executor.py
[2025-01-27T08:44:13.700+0000] {logging_mixin.py:120} INFO - [2025-01-27T08:44:13.700+0000] {dag.py:2585} INFO - Sync 1 DAGs
[2025-01-27T08:44:13.760+0000] {logging_mixin.py:120} INFO - [2025-01-27T08:44:13.760+0000] {dag.py:3340} INFO - Setting next_dagrun for example_kubernetes_executor to None, run_after=None
[2025-01-27T08:44:13.806+0000] {processor.py:176} INFO - Processing /home/airflow/.local/lib/python3.7/site-packages/airflow/example_dags/example_kubernetes_executor.py took 0.303 seconds
[2025-01-27T08:44:44.097+0000] {processor.py:154} INFO - Started process (PID=1290) to work on /home/airflow/.local/lib/python3.7/site-packages/airflow/example_dags/example_kubernetes_executor.py
[2025-01-27T08:44:44.099+0000] {processor.py:756} INFO - Processing file /home/airflow/.local/lib/python3.7/site-packages/airflow/example_dags/example_kubernetes_executor.py for tasks to queue
[2025-01-27T08:44:44.100+0000] {logging_mixin.py:120} INFO - [2025-01-27T08:44:44.100+0000] {dagbag.py:537} INFO - Filling up the DagBag from /home/airflow/.local/lib/python3.7/site-packages/airflow/example_dags/example_kubernetes_executor.py
[2025-01-27T08:44:44.153+0000] {processor.py:766} INFO - DAG(s) dict_keys(['example_kubernetes_executor']) retrieved from /home/airflow/.local/lib/python3.7/site-packages/airflow/example_dags/example_kubernetes_executor.py
[2025-01-27T08:44:44.232+0000] {logging_mixin.py:120} INFO - [2025-01-27T08:44:44.232+0000] {dag.py:2585} INFO - Sync 1 DAGs
[2025-01-27T08:44:44.278+0000] {logging_mixin.py:120} INFO - [2025-01-27T08:44:44.278+0000] {dag.py:3340} INFO - Setting next_dagrun for example_kubernetes_executor to None, run_after=None
[2025-01-27T08:44:44.311+0000] {processor.py:176} INFO - Processing /home/airflow/.local/lib/python3.7/site-packages/airflow/example_dags/example_kubernetes_executor.py took 0.219 seconds
[2025-01-27T08:45:14.846+0000] {processor.py:154} INFO - Started process (PID=1354) to work on /home/airflow/.local/lib/python3.7/site-packages/airflow/example_dags/example_kubernetes_executor.py
[2025-01-27T08:45:14.848+0000] {processor.py:756} INFO - Processing file /home/airflow/.local/lib/python3.7/site-packages/airflow/example_dags/example_kubernetes_executor.py for tasks to queue
[2025-01-27T08:45:14.850+0000] {logging_mixin.py:120} INFO - [2025-01-27T08:45:14.849+0000] {dagbag.py:537} INFO - Filling up the DagBag from /home/airflow/.local/lib/python3.7/site-packages/airflow/example_dags/example_kubernetes_executor.py
[2025-01-27T08:45:14.945+0000] {processor.py:766} INFO - DAG(s) dict_keys(['example_kubernetes_executor']) retrieved from /home/airflow/.local/lib/python3.7/site-packages/airflow/example_dags/example_kubernetes_executor.py
[2025-01-27T08:45:15.053+0000] {logging_mixin.py:120} INFO - [2025-01-27T08:45:15.052+0000] {dag.py:2585} INFO - Sync 1 DAGs
[2025-01-27T08:45:15.117+0000] {logging_mixin.py:120} INFO - [2025-01-27T08:45:15.117+0000] {dag.py:3340} INFO - Setting next_dagrun for example_kubernetes_executor to None, run_after=None
[2025-01-27T08:45:15.168+0000] {processor.py:176} INFO - Processing /home/airflow/.local/lib/python3.7/site-packages/airflow/example_dags/example_kubernetes_executor.py took 0.328 seconds
[2025-01-27T08:45:46.132+0000] {processor.py:154} INFO - Started process (PID=1407) to work on /home/airflow/.local/lib/python3.7/site-packages/airflow/example_dags/example_kubernetes_executor.py
[2025-01-27T08:45:46.133+0000] {processor.py:756} INFO - Processing file /home/airflow/.local/lib/python3.7/site-packages/airflow/example_dags/example_kubernetes_executor.py for tasks to queue
[2025-01-27T08:45:46.134+0000] {logging_mixin.py:120} INFO - [2025-01-27T08:45:46.134+0000] {dagbag.py:537} INFO - Filling up the DagBag from /home/airflow/.local/lib/python3.7/site-packages/airflow/example_dags/example_kubernetes_executor.py
[2025-01-27T08:45:46.190+0000] {processor.py:766} INFO - DAG(s) dict_keys(['example_kubernetes_executor']) retrieved from /home/airflow/.local/lib/python3.7/site-packages/airflow/example_dags/example_kubernetes_executor.py
[2025-01-27T08:45:46.263+0000] {logging_mixin.py:120} INFO - [2025-01-27T08:45:46.263+0000] {dag.py:2585} INFO - Sync 1 DAGs
[2025-01-27T08:45:46.314+0000] {logging_mixin.py:120} INFO - [2025-01-27T08:45:46.314+0000] {dag.py:3340} INFO - Setting next_dagrun for example_kubernetes_executor to None, run_after=None
[2025-01-27T08:45:46.349+0000] {processor.py:176} INFO - Processing /home/airflow/.local/lib/python3.7/site-packages/airflow/example_dags/example_kubernetes_executor.py took 0.224 seconds
[2025-01-27T08:46:16.469+0000] {processor.py:154} INFO - Started process (PID=1467) to work on /home/airflow/.local/lib/python3.7/site-packages/airflow/example_dags/example_kubernetes_executor.py
[2025-01-27T08:46:16.471+0000] {processor.py:756} INFO - Processing file /home/airflow/.local/lib/python3.7/site-packages/airflow/example_dags/example_kubernetes_executor.py for tasks to queue
[2025-01-27T08:46:16.474+0000] {logging_mixin.py:120} INFO - [2025-01-27T08:46:16.474+0000] {dagbag.py:537} INFO - Filling up the DagBag from /home/airflow/.local/lib/python3.7/site-packages/airflow/example_dags/example_kubernetes_executor.py
[2025-01-27T08:46:16.536+0000] {processor.py:766} INFO - DAG(s) dict_keys(['example_kubernetes_executor']) retrieved from /home/airflow/.local/lib/python3.7/site-packages/airflow/example_dags/example_kubernetes_executor.py
[2025-01-27T08:46:16.642+0000] {logging_mixin.py:120} INFO - [2025-01-27T08:46:16.642+0000] {dag.py:2585} INFO - Sync 1 DAGs
[2025-01-27T08:46:16.705+0000] {logging_mixin.py:120} INFO - [2025-01-27T08:46:16.704+0000] {dag.py:3340} INFO - Setting next_dagrun for example_kubernetes_executor to None, run_after=None
[2025-01-27T08:46:16.743+0000] {processor.py:176} INFO - Processing /home/airflow/.local/lib/python3.7/site-packages/airflow/example_dags/example_kubernetes_executor.py took 0.279 seconds
[2025-01-27T08:46:47.084+0000] {processor.py:154} INFO - Started process (PID=1523) to work on /home/airflow/.local/lib/python3.7/site-packages/airflow/example_dags/example_kubernetes_executor.py
[2025-01-27T08:46:47.087+0000] {processor.py:756} INFO - Processing file /home/airflow/.local/lib/python3.7/site-packages/airflow/example_dags/example_kubernetes_executor.py for tasks to queue
[2025-01-27T08:46:47.089+0000] {logging_mixin.py:120} INFO - [2025-01-27T08:46:47.089+0000] {dagbag.py:537} INFO - Filling up the DagBag from /home/airflow/.local/lib/python3.7/site-packages/airflow/example_dags/example_kubernetes_executor.py
[2025-01-27T08:46:47.149+0000] {processor.py:766} INFO - DAG(s) dict_keys(['example_kubernetes_executor']) retrieved from /home/airflow/.local/lib/python3.7/site-packages/airflow/example_dags/example_kubernetes_executor.py
[2025-01-27T08:46:47.225+0000] {logging_mixin.py:120} INFO - [2025-01-27T08:46:47.225+0000] {dag.py:2585} INFO - Sync 1 DAGs
[2025-01-27T08:46:47.267+0000] {logging_mixin.py:120} INFO - [2025-01-27T08:46:47.267+0000] {dag.py:3340} INFO - Setting next_dagrun for example_kubernetes_executor to None, run_after=None
[2025-01-27T08:46:47.301+0000] {processor.py:176} INFO - Processing /home/airflow/.local/lib/python3.7/site-packages/airflow/example_dags/example_kubernetes_executor.py took 0.222 seconds
[2025-01-27T08:47:17.973+0000] {processor.py:154} INFO - Started process (PID=1577) to work on /home/airflow/.local/lib/python3.7/site-packages/airflow/example_dags/example_kubernetes_executor.py
[2025-01-27T08:47:17.975+0000] {processor.py:756} INFO - Processing file /home/airflow/.local/lib/python3.7/site-packages/airflow/example_dags/example_kubernetes_executor.py for tasks to queue
[2025-01-27T08:47:17.979+0000] {logging_mixin.py:120} INFO - [2025-01-27T08:47:17.979+0000] {dagbag.py:537} INFO - Filling up the DagBag from /home/airflow/.local/lib/python3.7/site-packages/airflow/example_dags/example_kubernetes_executor.py
[2025-01-27T08:47:18.032+0000] {processor.py:766} INFO - DAG(s) dict_keys(['example_kubernetes_executor']) retrieved from /home/airflow/.local/lib/python3.7/site-packages/airflow/example_dags/example_kubernetes_executor.py
[2025-01-27T08:47:18.116+0000] {logging_mixin.py:120} INFO - [2025-01-27T08:47:18.116+0000] {dag.py:2585} INFO - Sync 1 DAGs
[2025-01-27T08:47:18.173+0000] {logging_mixin.py:120} INFO - [2025-01-27T08:47:18.172+0000] {dag.py:3340} INFO - Setting next_dagrun for example_kubernetes_executor to None, run_after=None
[2025-01-27T08:47:18.214+0000] {processor.py:176} INFO - Processing /home/airflow/.local/lib/python3.7/site-packages/airflow/example_dags/example_kubernetes_executor.py took 0.249 seconds
[2025-01-27T08:47:48.530+0000] {processor.py:154} INFO - Started process (PID=1640) to work on /home/airflow/.local/lib/python3.7/site-packages/airflow/example_dags/example_kubernetes_executor.py
[2025-01-27T08:47:48.532+0000] {processor.py:756} INFO - Processing file /home/airflow/.local/lib/python3.7/site-packages/airflow/example_dags/example_kubernetes_executor.py for tasks to queue
[2025-01-27T08:47:48.533+0000] {logging_mixin.py:120} INFO - [2025-01-27T08:47:48.533+0000] {dagbag.py:537} INFO - Filling up the DagBag from /home/airflow/.local/lib/python3.7/site-packages/airflow/example_dags/example_kubernetes_executor.py
[2025-01-27T08:47:48.584+0000] {processor.py:766} INFO - DAG(s) dict_keys(['example_kubernetes_executor']) retrieved from /home/airflow/.local/lib/python3.7/site-packages/airflow/example_dags/example_kubernetes_executor.py
[2025-01-27T08:47:48.657+0000] {logging_mixin.py:120} INFO - [2025-01-27T08:47:48.657+0000] {dag.py:2585} INFO - Sync 1 DAGs
[2025-01-27T08:47:48.700+0000] {logging_mixin.py:120} INFO - [2025-01-27T08:47:48.700+0000] {dag.py:3340} INFO - Setting next_dagrun for example_kubernetes_executor to None, run_after=None
[2025-01-27T08:47:48.735+0000] {processor.py:176} INFO - Processing /home/airflow/.local/lib/python3.7/site-packages/airflow/example_dags/example_kubernetes_executor.py took 0.210 seconds
[2025-01-27T08:48:19.447+0000] {processor.py:154} INFO - Started process (PID=1694) to work on /home/airflow/.local/lib/python3.7/site-packages/airflow/example_dags/example_kubernetes_executor.py
[2025-01-27T08:48:19.450+0000] {processor.py:756} INFO - Processing file /home/airflow/.local/lib/python3.7/site-packages/airflow/example_dags/example_kubernetes_executor.py for tasks to queue
[2025-01-27T08:48:19.452+0000] {logging_mixin.py:120} INFO - [2025-01-27T08:48:19.451+0000] {dagbag.py:537} INFO - Filling up the DagBag from /home/airflow/.local/lib/python3.7/site-packages/airflow/example_dags/example_kubernetes_executor.py
[2025-01-27T08:48:19.512+0000] {processor.py:766} INFO - DAG(s) dict_keys(['example_kubernetes_executor']) retrieved from /home/airflow/.local/lib/python3.7/site-packages/airflow/example_dags/example_kubernetes_executor.py
[2025-01-27T08:48:19.599+0000] {logging_mixin.py:120} INFO - [2025-01-27T08:48:19.598+0000] {dag.py:2585} INFO - Sync 1 DAGs
[2025-01-27T08:48:19.666+0000] {logging_mixin.py:120} INFO - [2025-01-27T08:48:19.665+0000] {dag.py:3340} INFO - Setting next_dagrun for example_kubernetes_executor to None, run_after=None
[2025-01-27T08:48:19.713+0000] {processor.py:176} INFO - Processing /home/airflow/.local/lib/python3.7/site-packages/airflow/example_dags/example_kubernetes_executor.py took 0.273 seconds
[2025-01-27T08:48:50.195+0000] {processor.py:154} INFO - Started process (PID=1757) to work on /home/airflow/.local/lib/python3.7/site-packages/airflow/example_dags/example_kubernetes_executor.py
[2025-01-27T08:48:50.196+0000] {processor.py:756} INFO - Processing file /home/airflow/.local/lib/python3.7/site-packages/airflow/example_dags/example_kubernetes_executor.py for tasks to queue
[2025-01-27T08:48:50.198+0000] {logging_mixin.py:120} INFO - [2025-01-27T08:48:50.197+0000] {dagbag.py:537} INFO - Filling up the DagBag from /home/airflow/.local/lib/python3.7/site-packages/airflow/example_dags/example_kubernetes_executor.py
[2025-01-27T08:48:50.249+0000] {processor.py:766} INFO - DAG(s) dict_keys(['example_kubernetes_executor']) retrieved from /home/airflow/.local/lib/python3.7/site-packages/airflow/example_dags/example_kubernetes_executor.py
[2025-01-27T08:48:50.325+0000] {logging_mixin.py:120} INFO - [2025-01-27T08:48:50.325+0000] {dag.py:2585} INFO - Sync 1 DAGs
[2025-01-27T08:48:50.373+0000] {logging_mixin.py:120} INFO - [2025-01-27T08:48:50.372+0000] {dag.py:3340} INFO - Setting next_dagrun for example_kubernetes_executor to None, run_after=None
[2025-01-27T08:48:50.404+0000] {processor.py:176} INFO - Processing /home/airflow/.local/lib/python3.7/site-packages/airflow/example_dags/example_kubernetes_executor.py took 0.214 seconds
[2025-01-27T08:49:21.026+0000] {processor.py:154} INFO - Started process (PID=1811) to work on /home/airflow/.local/lib/python3.7/site-packages/airflow/example_dags/example_kubernetes_executor.py
[2025-01-27T08:49:21.028+0000] {processor.py:756} INFO - Processing file /home/airflow/.local/lib/python3.7/site-packages/airflow/example_dags/example_kubernetes_executor.py for tasks to queue
[2025-01-27T08:49:21.030+0000] {logging_mixin.py:120} INFO - [2025-01-27T08:49:21.029+0000] {dagbag.py:537} INFO - Filling up the DagBag from /home/airflow/.local/lib/python3.7/site-packages/airflow/example_dags/example_kubernetes_executor.py
[2025-01-27T08:49:21.089+0000] {processor.py:766} INFO - DAG(s) dict_keys(['example_kubernetes_executor']) retrieved from /home/airflow/.local/lib/python3.7/site-packages/airflow/example_dags/example_kubernetes_executor.py
[2025-01-27T08:49:21.175+0000] {logging_mixin.py:120} INFO - [2025-01-27T08:49:21.175+0000] {dag.py:2585} INFO - Sync 1 DAGs
[2025-01-27T08:49:21.232+0000] {logging_mixin.py:120} INFO - [2025-01-27T08:49:21.232+0000] {dag.py:3340} INFO - Setting next_dagrun for example_kubernetes_executor to None, run_after=None
[2025-01-27T08:49:21.271+0000] {processor.py:176} INFO - Processing /home/airflow/.local/lib/python3.7/site-packages/airflow/example_dags/example_kubernetes_executor.py took 0.250 seconds
[2025-01-27T08:49:51.561+0000] {processor.py:154} INFO - Started process (PID=1874) to work on /home/airflow/.local/lib/python3.7/site-packages/airflow/example_dags/example_kubernetes_executor.py
[2025-01-27T08:49:51.563+0000] {processor.py:756} INFO - Processing file /home/airflow/.local/lib/python3.7/site-packages/airflow/example_dags/example_kubernetes_executor.py for tasks to queue
[2025-01-27T08:49:51.564+0000] {logging_mixin.py:120} INFO - [2025-01-27T08:49:51.563+0000] {dagbag.py:537} INFO - Filling up the DagBag from /home/airflow/.local/lib/python3.7/site-packages/airflow/example_dags/example_kubernetes_executor.py
[2025-01-27T08:49:51.616+0000] {processor.py:766} INFO - DAG(s) dict_keys(['example_kubernetes_executor']) retrieved from /home/airflow/.local/lib/python3.7/site-packages/airflow/example_dags/example_kubernetes_executor.py
[2025-01-27T08:49:51.692+0000] {logging_mixin.py:120} INFO - [2025-01-27T08:49:51.692+0000] {dag.py:2585} INFO - Sync 1 DAGs
[2025-01-27T08:49:51.744+0000] {logging_mixin.py:120} INFO - [2025-01-27T08:49:51.744+0000] {dag.py:3340} INFO - Setting next_dagrun for example_kubernetes_executor to None, run_after=None
[2025-01-27T08:49:51.781+0000] {processor.py:176} INFO - Processing /home/airflow/.local/lib/python3.7/site-packages/airflow/example_dags/example_kubernetes_executor.py took 0.225 seconds
[2025-01-27T08:50:22.268+0000] {processor.py:154} INFO - Started process (PID=1928) to work on /home/airflow/.local/lib/python3.7/site-packages/airflow/example_dags/example_kubernetes_executor.py
[2025-01-27T08:50:22.269+0000] {processor.py:756} INFO - Processing file /home/airflow/.local/lib/python3.7/site-packages/airflow/example_dags/example_kubernetes_executor.py for tasks to queue
[2025-01-27T08:50:22.272+0000] {logging_mixin.py:120} INFO - [2025-01-27T08:50:22.271+0000] {dagbag.py:537} INFO - Filling up the DagBag from /home/airflow/.local/lib/python3.7/site-packages/airflow/example_dags/example_kubernetes_executor.py
[2025-01-27T08:50:22.340+0000] {processor.py:766} INFO - DAG(s) dict_keys(['example_kubernetes_executor']) retrieved from /home/airflow/.local/lib/python3.7/site-packages/airflow/example_dags/example_kubernetes_executor.py
[2025-01-27T08:50:22.429+0000] {logging_mixin.py:120} INFO - [2025-01-27T08:50:22.429+0000] {dag.py:2585} INFO - Sync 1 DAGs
[2025-01-27T08:50:22.483+0000] {logging_mixin.py:120} INFO - [2025-01-27T08:50:22.483+0000] {dag.py:3340} INFO - Setting next_dagrun for example_kubernetes_executor to None, run_after=None
[2025-01-27T08:50:22.527+0000] {processor.py:176} INFO - Processing /home/airflow/.local/lib/python3.7/site-packages/airflow/example_dags/example_kubernetes_executor.py took 0.267 seconds
[2025-01-27T08:50:52.867+0000] {processor.py:154} INFO - Started process (PID=1990) to work on /home/airflow/.local/lib/python3.7/site-packages/airflow/example_dags/example_kubernetes_executor.py
[2025-01-27T08:50:52.869+0000] {processor.py:756} INFO - Processing file /home/airflow/.local/lib/python3.7/site-packages/airflow/example_dags/example_kubernetes_executor.py for tasks to queue
[2025-01-27T08:50:52.875+0000] {logging_mixin.py:120} INFO - [2025-01-27T08:50:52.874+0000] {dagbag.py:537} INFO - Filling up the DagBag from /home/airflow/.local/lib/python3.7/site-packages/airflow/example_dags/example_kubernetes_executor.py
[2025-01-27T08:50:52.934+0000] {processor.py:766} INFO - DAG(s) dict_keys(['example_kubernetes_executor']) retrieved from /home/airflow/.local/lib/python3.7/site-packages/airflow/example_dags/example_kubernetes_executor.py
[2025-01-27T08:50:53.019+0000] {logging_mixin.py:120} INFO - [2025-01-27T08:50:53.018+0000] {dag.py:2585} INFO - Sync 1 DAGs
[2025-01-27T08:50:53.066+0000] {logging_mixin.py:120} INFO - [2025-01-27T08:50:53.066+0000] {dag.py:3340} INFO - Setting next_dagrun for example_kubernetes_executor to None, run_after=None
[2025-01-27T08:50:53.111+0000] {processor.py:176} INFO - Processing /home/airflow/.local/lib/python3.7/site-packages/airflow/example_dags/example_kubernetes_executor.py took 0.251 seconds
[2025-01-27T08:51:23.854+0000] {processor.py:154} INFO - Started process (PID=2044) to work on /home/airflow/.local/lib/python3.7/site-packages/airflow/example_dags/example_kubernetes_executor.py
[2025-01-27T08:51:23.855+0000] {processor.py:756} INFO - Processing file /home/airflow/.local/lib/python3.7/site-packages/airflow/example_dags/example_kubernetes_executor.py for tasks to queue
[2025-01-27T08:51:23.857+0000] {logging_mixin.py:120} INFO - [2025-01-27T08:51:23.856+0000] {dagbag.py:537} INFO - Filling up the DagBag from /home/airflow/.local/lib/python3.7/site-packages/airflow/example_dags/example_kubernetes_executor.py
[2025-01-27T08:51:23.906+0000] {processor.py:766} INFO - DAG(s) dict_keys(['example_kubernetes_executor']) retrieved from /home/airflow/.local/lib/python3.7/site-packages/airflow/example_dags/example_kubernetes_executor.py
[2025-01-27T08:51:23.980+0000] {logging_mixin.py:120} INFO - [2025-01-27T08:51:23.980+0000] {dag.py:2585} INFO - Sync 1 DAGs
[2025-01-27T08:51:24.023+0000] {logging_mixin.py:120} INFO - [2025-01-27T08:51:24.023+0000] {dag.py:3340} INFO - Setting next_dagrun for example_kubernetes_executor to None, run_after=None
[2025-01-27T08:51:24.058+0000] {processor.py:176} INFO - Processing /home/airflow/.local/lib/python3.7/site-packages/airflow/example_dags/example_kubernetes_executor.py took 0.209 seconds
[2025-01-27T08:51:54.223+0000] {processor.py:154} INFO - Started process (PID=2106) to work on /home/airflow/.local/lib/python3.7/site-packages/airflow/example_dags/example_kubernetes_executor.py
[2025-01-27T08:51:54.225+0000] {processor.py:756} INFO - Processing file /home/airflow/.local/lib/python3.7/site-packages/airflow/example_dags/example_kubernetes_executor.py for tasks to queue
[2025-01-27T08:51:54.226+0000] {logging_mixin.py:120} INFO - [2025-01-27T08:51:54.226+0000] {dagbag.py:537} INFO - Filling up the DagBag from /home/airflow/.local/lib/python3.7/site-packages/airflow/example_dags/example_kubernetes_executor.py
[2025-01-27T08:51:54.280+0000] {processor.py:766} INFO - DAG(s) dict_keys(['example_kubernetes_executor']) retrieved from /home/airflow/.local/lib/python3.7/site-packages/airflow/example_dags/example_kubernetes_executor.py
[2025-01-27T08:51:54.351+0000] {logging_mixin.py:120} INFO - [2025-01-27T08:51:54.351+0000] {dag.py:2585} INFO - Sync 1 DAGs
[2025-01-27T08:51:54.400+0000] {logging_mixin.py:120} INFO - [2025-01-27T08:51:54.399+0000] {dag.py:3340} INFO - Setting next_dagrun for example_kubernetes_executor to None, run_after=None
[2025-01-27T08:51:54.439+0000] {processor.py:176} INFO - Processing /home/airflow/.local/lib/python3.7/site-packages/airflow/example_dags/example_kubernetes_executor.py took 0.221 seconds
[2025-01-27T08:52:25.544+0000] {processor.py:154} INFO - Started process (PID=2160) to work on /home/airflow/.local/lib/python3.7/site-packages/airflow/example_dags/example_kubernetes_executor.py
[2025-01-27T08:52:25.545+0000] {processor.py:756} INFO - Processing file /home/airflow/.local/lib/python3.7/site-packages/airflow/example_dags/example_kubernetes_executor.py for tasks to queue
[2025-01-27T08:52:25.547+0000] {logging_mixin.py:120} INFO - [2025-01-27T08:52:25.546+0000] {dagbag.py:537} INFO - Filling up the DagBag from /home/airflow/.local/lib/python3.7/site-packages/airflow/example_dags/example_kubernetes_executor.py
[2025-01-27T08:52:25.598+0000] {processor.py:766} INFO - DAG(s) dict_keys(['example_kubernetes_executor']) retrieved from /home/airflow/.local/lib/python3.7/site-packages/airflow/example_dags/example_kubernetes_executor.py
[2025-01-27T08:52:25.671+0000] {logging_mixin.py:120} INFO - [2025-01-27T08:52:25.670+0000] {dag.py:2585} INFO - Sync 1 DAGs
[2025-01-27T08:52:25.728+0000] {logging_mixin.py:120} INFO - [2025-01-27T08:52:25.728+0000] {dag.py:3340} INFO - Setting next_dagrun for example_kubernetes_executor to None, run_after=None
[2025-01-27T08:52:25.767+0000] {processor.py:176} INFO - Processing /home/airflow/.local/lib/python3.7/site-packages/airflow/example_dags/example_kubernetes_executor.py took 0.229 seconds
[2025-01-27T08:52:56.114+0000] {processor.py:154} INFO - Started process (PID=2223) to work on /home/airflow/.local/lib/python3.7/site-packages/airflow/example_dags/example_kubernetes_executor.py
[2025-01-27T08:52:56.116+0000] {processor.py:756} INFO - Processing file /home/airflow/.local/lib/python3.7/site-packages/airflow/example_dags/example_kubernetes_executor.py for tasks to queue
[2025-01-27T08:52:56.117+0000] {logging_mixin.py:120} INFO - [2025-01-27T08:52:56.117+0000] {dagbag.py:537} INFO - Filling up the DagBag from /home/airflow/.local/lib/python3.7/site-packages/airflow/example_dags/example_kubernetes_executor.py
[2025-01-27T08:52:56.166+0000] {processor.py:766} INFO - DAG(s) dict_keys(['example_kubernetes_executor']) retrieved from /home/airflow/.local/lib/python3.7/site-packages/airflow/example_dags/example_kubernetes_executor.py
[2025-01-27T08:52:56.240+0000] {logging_mixin.py:120} INFO - [2025-01-27T08:52:56.239+0000] {dag.py:2585} INFO - Sync 1 DAGs
[2025-01-27T08:52:56.285+0000] {logging_mixin.py:120} INFO - [2025-01-27T08:52:56.284+0000] {dag.py:3340} INFO - Setting next_dagrun for example_kubernetes_executor to None, run_after=None
[2025-01-27T08:52:56.316+0000] {processor.py:176} INFO - Processing /home/airflow/.local/lib/python3.7/site-packages/airflow/example_dags/example_kubernetes_executor.py took 0.208 seconds
[2025-01-27T08:53:27.470+0000] {processor.py:154} INFO - Started process (PID=2277) to work on /home/airflow/.local/lib/python3.7/site-packages/airflow/example_dags/example_kubernetes_executor.py
[2025-01-27T08:53:27.473+0000] {processor.py:756} INFO - Processing file /home/airflow/.local/lib/python3.7/site-packages/airflow/example_dags/example_kubernetes_executor.py for tasks to queue
[2025-01-27T08:53:27.474+0000] {logging_mixin.py:120} INFO - [2025-01-27T08:53:27.474+0000] {dagbag.py:537} INFO - Filling up the DagBag from /home/airflow/.local/lib/python3.7/site-packages/airflow/example_dags/example_kubernetes_executor.py
[2025-01-27T08:53:27.538+0000] {processor.py:766} INFO - DAG(s) dict_keys(['example_kubernetes_executor']) retrieved from /home/airflow/.local/lib/python3.7/site-packages/airflow/example_dags/example_kubernetes_executor.py
[2025-01-27T08:53:27.616+0000] {logging_mixin.py:120} INFO - [2025-01-27T08:53:27.616+0000] {dag.py:2585} INFO - Sync 1 DAGs
[2025-01-27T08:53:27.666+0000] {logging_mixin.py:120} INFO - [2025-01-27T08:53:27.665+0000] {dag.py:3340} INFO - Setting next_dagrun for example_kubernetes_executor to None, run_after=None
[2025-01-27T08:53:27.702+0000] {processor.py:176} INFO - Processing /home/airflow/.local/lib/python3.7/site-packages/airflow/example_dags/example_kubernetes_executor.py took 0.240 seconds
[2025-01-27T08:53:58.069+0000] {processor.py:154} INFO - Started process (PID=2339) to work on /home/airflow/.local/lib/python3.7/site-packages/airflow/example_dags/example_kubernetes_executor.py
[2025-01-27T08:53:58.071+0000] {processor.py:756} INFO - Processing file /home/airflow/.local/lib/python3.7/site-packages/airflow/example_dags/example_kubernetes_executor.py for tasks to queue
[2025-01-27T08:53:58.076+0000] {logging_mixin.py:120} INFO - [2025-01-27T08:53:58.075+0000] {dagbag.py:537} INFO - Filling up the DagBag from /home/airflow/.local/lib/python3.7/site-packages/airflow/example_dags/example_kubernetes_executor.py
[2025-01-27T08:53:58.128+0000] {processor.py:766} INFO - DAG(s) dict_keys(['example_kubernetes_executor']) retrieved from /home/airflow/.local/lib/python3.7/site-packages/airflow/example_dags/example_kubernetes_executor.py
[2025-01-27T08:53:58.200+0000] {logging_mixin.py:120} INFO - [2025-01-27T08:53:58.199+0000] {dag.py:2585} INFO - Sync 1 DAGs
[2025-01-27T08:53:58.245+0000] {logging_mixin.py:120} INFO - [2025-01-27T08:53:58.245+0000] {dag.py:3340} INFO - Setting next_dagrun for example_kubernetes_executor to None, run_after=None
[2025-01-27T08:53:58.281+0000] {processor.py:176} INFO - Processing /home/airflow/.local/lib/python3.7/site-packages/airflow/example_dags/example_kubernetes_executor.py took 0.218 seconds
[2025-01-27T08:54:28.809+0000] {processor.py:154} INFO - Started process (PID=2393) to work on /home/airflow/.local/lib/python3.7/site-packages/airflow/example_dags/example_kubernetes_executor.py
[2025-01-27T08:54:28.811+0000] {processor.py:756} INFO - Processing file /home/airflow/.local/lib/python3.7/site-packages/airflow/example_dags/example_kubernetes_executor.py for tasks to queue
[2025-01-27T08:54:28.812+0000] {logging_mixin.py:120} INFO - [2025-01-27T08:54:28.812+0000] {dagbag.py:537} INFO - Filling up the DagBag from /home/airflow/.local/lib/python3.7/site-packages/airflow/example_dags/example_kubernetes_executor.py
[2025-01-27T08:54:28.867+0000] {processor.py:766} INFO - DAG(s) dict_keys(['example_kubernetes_executor']) retrieved from /home/airflow/.local/lib/python3.7/site-packages/airflow/example_dags/example_kubernetes_executor.py
[2025-01-27T08:54:28.940+0000] {logging_mixin.py:120} INFO - [2025-01-27T08:54:28.939+0000] {dag.py:2585} INFO - Sync 1 DAGs
[2025-01-27T08:54:28.990+0000] {logging_mixin.py:120} INFO - [2025-01-27T08:54:28.990+0000] {dag.py:3340} INFO - Setting next_dagrun for example_kubernetes_executor to None, run_after=None
[2025-01-27T08:54:29.027+0000] {processor.py:176} INFO - Processing /home/airflow/.local/lib/python3.7/site-packages/airflow/example_dags/example_kubernetes_executor.py took 0.226 seconds
[2025-01-27T08:54:59.557+0000] {processor.py:154} INFO - Started process (PID=2456) to work on /home/airflow/.local/lib/python3.7/site-packages/airflow/example_dags/example_kubernetes_executor.py
[2025-01-27T08:54:59.559+0000] {processor.py:756} INFO - Processing file /home/airflow/.local/lib/python3.7/site-packages/airflow/example_dags/example_kubernetes_executor.py for tasks to queue
[2025-01-27T08:54:59.560+0000] {logging_mixin.py:120} INFO - [2025-01-27T08:54:59.560+0000] {dagbag.py:537} INFO - Filling up the DagBag from /home/airflow/.local/lib/python3.7/site-packages/airflow/example_dags/example_kubernetes_executor.py
[2025-01-27T08:54:59.608+0000] {processor.py:766} INFO - DAG(s) dict_keys(['example_kubernetes_executor']) retrieved from /home/airflow/.local/lib/python3.7/site-packages/airflow/example_dags/example_kubernetes_executor.py
[2025-01-27T08:54:59.686+0000] {logging_mixin.py:120} INFO - [2025-01-27T08:54:59.685+0000] {dag.py:2585} INFO - Sync 1 DAGs
[2025-01-27T08:54:59.732+0000] {logging_mixin.py:120} INFO - [2025-01-27T08:54:59.732+0000] {dag.py:3340} INFO - Setting next_dagrun for example_kubernetes_executor to None, run_after=None
[2025-01-27T08:54:59.767+0000] {processor.py:176} INFO - Processing /home/airflow/.local/lib/python3.7/site-packages/airflow/example_dags/example_kubernetes_executor.py took 0.215 seconds
[2025-01-27T08:55:30.703+0000] {processor.py:154} INFO - Started process (PID=2509) to work on /home/airflow/.local/lib/python3.7/site-packages/airflow/example_dags/example_kubernetes_executor.py
[2025-01-27T08:55:30.708+0000] {processor.py:756} INFO - Processing file /home/airflow/.local/lib/python3.7/site-packages/airflow/example_dags/example_kubernetes_executor.py for tasks to queue
[2025-01-27T08:55:30.710+0000] {logging_mixin.py:120} INFO - [2025-01-27T08:55:30.709+0000] {dagbag.py:537} INFO - Filling up the DagBag from /home/airflow/.local/lib/python3.7/site-packages/airflow/example_dags/example_kubernetes_executor.py
[2025-01-27T08:55:30.767+0000] {processor.py:766} INFO - DAG(s) dict_keys(['example_kubernetes_executor']) retrieved from /home/airflow/.local/lib/python3.7/site-packages/airflow/example_dags/example_kubernetes_executor.py
[2025-01-27T08:55:30.858+0000] {logging_mixin.py:120} INFO - [2025-01-27T08:55:30.858+0000] {dag.py:2585} INFO - Sync 1 DAGs
[2025-01-27T08:55:30.913+0000] {logging_mixin.py:120} INFO - [2025-01-27T08:55:30.913+0000] {dag.py:3340} INFO - Setting next_dagrun for example_kubernetes_executor to None, run_after=None
[2025-01-27T08:55:30.952+0000] {processor.py:176} INFO - Processing /home/airflow/.local/lib/python3.7/site-packages/airflow/example_dags/example_kubernetes_executor.py took 0.255 seconds
[2025-01-27T08:56:01.551+0000] {processor.py:154} INFO - Started process (PID=2571) to work on /home/airflow/.local/lib/python3.7/site-packages/airflow/example_dags/example_kubernetes_executor.py
[2025-01-27T08:56:01.553+0000] {processor.py:756} INFO - Processing file /home/airflow/.local/lib/python3.7/site-packages/airflow/example_dags/example_kubernetes_executor.py for tasks to queue
[2025-01-27T08:56:01.554+0000] {logging_mixin.py:120} INFO - [2025-01-27T08:56:01.554+0000] {dagbag.py:537} INFO - Filling up the DagBag from /home/airflow/.local/lib/python3.7/site-packages/airflow/example_dags/example_kubernetes_executor.py
[2025-01-27T08:56:01.611+0000] {processor.py:766} INFO - DAG(s) dict_keys(['example_kubernetes_executor']) retrieved from /home/airflow/.local/lib/python3.7/site-packages/airflow/example_dags/example_kubernetes_executor.py
[2025-01-27T08:56:01.696+0000] {logging_mixin.py:120} INFO - [2025-01-27T08:56:01.696+0000] {dag.py:2585} INFO - Sync 1 DAGs
[2025-01-27T08:56:01.755+0000] {logging_mixin.py:120} INFO - [2025-01-27T08:56:01.755+0000] {dag.py:3340} INFO - Setting next_dagrun for example_kubernetes_executor to None, run_after=None
[2025-01-27T08:56:01.806+0000] {processor.py:176} INFO - Processing /home/airflow/.local/lib/python3.7/site-packages/airflow/example_dags/example_kubernetes_executor.py took 0.260 seconds
[2025-01-27T08:56:32.407+0000] {processor.py:154} INFO - Started process (PID=2625) to work on /home/airflow/.local/lib/python3.7/site-packages/airflow/example_dags/example_kubernetes_executor.py
[2025-01-27T08:56:32.410+0000] {processor.py:756} INFO - Processing file /home/airflow/.local/lib/python3.7/site-packages/airflow/example_dags/example_kubernetes_executor.py for tasks to queue
[2025-01-27T08:56:32.412+0000] {logging_mixin.py:120} INFO - [2025-01-27T08:56:32.412+0000] {dagbag.py:537} INFO - Filling up the DagBag from /home/airflow/.local/lib/python3.7/site-packages/airflow/example_dags/example_kubernetes_executor.py
[2025-01-27T08:56:32.478+0000] {processor.py:766} INFO - DAG(s) dict_keys(['example_kubernetes_executor']) retrieved from /home/airflow/.local/lib/python3.7/site-packages/airflow/example_dags/example_kubernetes_executor.py
[2025-01-27T08:56:32.566+0000] {logging_mixin.py:120} INFO - [2025-01-27T08:56:32.566+0000] {dag.py:2585} INFO - Sync 1 DAGs
[2025-01-27T08:56:32.615+0000] {logging_mixin.py:120} INFO - [2025-01-27T08:56:32.615+0000] {dag.py:3340} INFO - Setting next_dagrun for example_kubernetes_executor to None, run_after=None
[2025-01-27T08:56:32.655+0000] {processor.py:176} INFO - Processing /home/airflow/.local/lib/python3.7/site-packages/airflow/example_dags/example_kubernetes_executor.py took 0.258 seconds
[2025-01-27T08:57:03.211+0000] {processor.py:154} INFO - Started process (PID=2686) to work on /home/airflow/.local/lib/python3.7/site-packages/airflow/example_dags/example_kubernetes_executor.py
[2025-01-27T08:57:03.213+0000] {processor.py:756} INFO - Processing file /home/airflow/.local/lib/python3.7/site-packages/airflow/example_dags/example_kubernetes_executor.py for tasks to queue
[2025-01-27T08:57:03.216+0000] {logging_mixin.py:120} INFO - [2025-01-27T08:57:03.216+0000] {dagbag.py:537} INFO - Filling up the DagBag from /home/airflow/.local/lib/python3.7/site-packages/airflow/example_dags/example_kubernetes_executor.py
[2025-01-27T08:57:03.266+0000] {processor.py:766} INFO - DAG(s) dict_keys(['example_kubernetes_executor']) retrieved from /home/airflow/.local/lib/python3.7/site-packages/airflow/example_dags/example_kubernetes_executor.py
[2025-01-27T08:57:03.350+0000] {logging_mixin.py:120} INFO - [2025-01-27T08:57:03.350+0000] {dag.py:2585} INFO - Sync 1 DAGs
[2025-01-27T08:57:03.392+0000] {logging_mixin.py:120} INFO - [2025-01-27T08:57:03.392+0000] {dag.py:3340} INFO - Setting next_dagrun for example_kubernetes_executor to None, run_after=None
[2025-01-27T08:57:03.425+0000] {processor.py:176} INFO - Processing /home/airflow/.local/lib/python3.7/site-packages/airflow/example_dags/example_kubernetes_executor.py took 0.219 seconds
[2025-01-27T08:57:33.710+0000] {processor.py:154} INFO - Started process (PID=2739) to work on /home/airflow/.local/lib/python3.7/site-packages/airflow/example_dags/example_kubernetes_executor.py
[2025-01-27T08:57:33.712+0000] {processor.py:756} INFO - Processing file /home/airflow/.local/lib/python3.7/site-packages/airflow/example_dags/example_kubernetes_executor.py for tasks to queue
[2025-01-27T08:57:33.714+0000] {logging_mixin.py:120} INFO - [2025-01-27T08:57:33.714+0000] {dagbag.py:537} INFO - Filling up the DagBag from /home/airflow/.local/lib/python3.7/site-packages/airflow/example_dags/example_kubernetes_executor.py
[2025-01-27T08:57:33.771+0000] {processor.py:766} INFO - DAG(s) dict_keys(['example_kubernetes_executor']) retrieved from /home/airflow/.local/lib/python3.7/site-packages/airflow/example_dags/example_kubernetes_executor.py
[2025-01-27T08:57:33.855+0000] {logging_mixin.py:120} INFO - [2025-01-27T08:57:33.854+0000] {dag.py:2585} INFO - Sync 1 DAGs
[2025-01-27T08:57:33.905+0000] {logging_mixin.py:120} INFO - [2025-01-27T08:57:33.905+0000] {dag.py:3340} INFO - Setting next_dagrun for example_kubernetes_executor to None, run_after=None
[2025-01-27T08:57:33.943+0000] {processor.py:176} INFO - Processing /home/airflow/.local/lib/python3.7/site-packages/airflow/example_dags/example_kubernetes_executor.py took 0.238 seconds
[2025-01-27T08:58:04.564+0000] {processor.py:154} INFO - Started process (PID=2802) to work on /home/airflow/.local/lib/python3.7/site-packages/airflow/example_dags/example_kubernetes_executor.py
[2025-01-27T08:58:04.565+0000] {processor.py:756} INFO - Processing file /home/airflow/.local/lib/python3.7/site-packages/airflow/example_dags/example_kubernetes_executor.py for tasks to queue
[2025-01-27T08:58:04.567+0000] {logging_mixin.py:120} INFO - [2025-01-27T08:58:04.566+0000] {dagbag.py:537} INFO - Filling up the DagBag from /home/airflow/.local/lib/python3.7/site-packages/airflow/example_dags/example_kubernetes_executor.py
[2025-01-27T08:58:04.624+0000] {processor.py:766} INFO - DAG(s) dict_keys(['example_kubernetes_executor']) retrieved from /home/airflow/.local/lib/python3.7/site-packages/airflow/example_dags/example_kubernetes_executor.py
[2025-01-27T08:58:04.719+0000] {logging_mixin.py:120} INFO - [2025-01-27T08:58:04.718+0000] {dag.py:2585} INFO - Sync 1 DAGs
[2025-01-27T08:58:04.769+0000] {logging_mixin.py:120} INFO - [2025-01-27T08:58:04.769+0000] {dag.py:3340} INFO - Setting next_dagrun for example_kubernetes_executor to None, run_after=None
[2025-01-27T08:58:04.812+0000] {processor.py:176} INFO - Processing /home/airflow/.local/lib/python3.7/site-packages/airflow/example_dags/example_kubernetes_executor.py took 0.256 seconds
[2025-01-27T08:58:34.904+0000] {processor.py:154} INFO - Started process (PID=2855) to work on /home/airflow/.local/lib/python3.7/site-packages/airflow/example_dags/example_kubernetes_executor.py
[2025-01-27T08:58:34.907+0000] {processor.py:756} INFO - Processing file /home/airflow/.local/lib/python3.7/site-packages/airflow/example_dags/example_kubernetes_executor.py for tasks to queue
[2025-01-27T08:58:34.909+0000] {logging_mixin.py:120} INFO - [2025-01-27T08:58:34.908+0000] {dagbag.py:537} INFO - Filling up the DagBag from /home/airflow/.local/lib/python3.7/site-packages/airflow/example_dags/example_kubernetes_executor.py
[2025-01-27T08:58:34.974+0000] {processor.py:766} INFO - DAG(s) dict_keys(['example_kubernetes_executor']) retrieved from /home/airflow/.local/lib/python3.7/site-packages/airflow/example_dags/example_kubernetes_executor.py
[2025-01-27T08:58:35.060+0000] {logging_mixin.py:120} INFO - [2025-01-27T08:58:35.060+0000] {dag.py:2585} INFO - Sync 1 DAGs
[2025-01-27T08:58:35.120+0000] {logging_mixin.py:120} INFO - [2025-01-27T08:58:35.120+0000] {dag.py:3340} INFO - Setting next_dagrun for example_kubernetes_executor to None, run_after=None
[2025-01-27T08:58:35.163+0000] {processor.py:176} INFO - Processing /home/airflow/.local/lib/python3.7/site-packages/airflow/example_dags/example_kubernetes_executor.py took 0.266 seconds
[2025-01-27T08:59:05.221+0000] {processor.py:154} INFO - Started process (PID=2917) to work on /home/airflow/.local/lib/python3.7/site-packages/airflow/example_dags/example_kubernetes_executor.py
[2025-01-27T08:59:05.222+0000] {processor.py:756} INFO - Processing file /home/airflow/.local/lib/python3.7/site-packages/airflow/example_dags/example_kubernetes_executor.py for tasks to queue
[2025-01-27T08:59:05.224+0000] {logging_mixin.py:120} INFO - [2025-01-27T08:59:05.223+0000] {dagbag.py:537} INFO - Filling up the DagBag from /home/airflow/.local/lib/python3.7/site-packages/airflow/example_dags/example_kubernetes_executor.py
[2025-01-27T08:59:05.296+0000] {processor.py:766} INFO - DAG(s) dict_keys(['example_kubernetes_executor']) retrieved from /home/airflow/.local/lib/python3.7/site-packages/airflow/example_dags/example_kubernetes_executor.py
[2025-01-27T08:59:05.403+0000] {logging_mixin.py:120} INFO - [2025-01-27T08:59:05.403+0000] {dag.py:2585} INFO - Sync 1 DAGs
[2025-01-27T08:59:05.477+0000] {logging_mixin.py:120} INFO - [2025-01-27T08:59:05.476+0000] {dag.py:3340} INFO - Setting next_dagrun for example_kubernetes_executor to None, run_after=None
[2025-01-27T08:59:05.526+0000] {processor.py:176} INFO - Processing /home/airflow/.local/lib/python3.7/site-packages/airflow/example_dags/example_kubernetes_executor.py took 0.311 seconds
[2025-01-27T08:59:35.715+0000] {processor.py:154} INFO - Started process (PID=2970) to work on /home/airflow/.local/lib/python3.7/site-packages/airflow/example_dags/example_kubernetes_executor.py
[2025-01-27T08:59:35.717+0000] {processor.py:756} INFO - Processing file /home/airflow/.local/lib/python3.7/site-packages/airflow/example_dags/example_kubernetes_executor.py for tasks to queue
[2025-01-27T08:59:35.718+0000] {logging_mixin.py:120} INFO - [2025-01-27T08:59:35.718+0000] {dagbag.py:537} INFO - Filling up the DagBag from /home/airflow/.local/lib/python3.7/site-packages/airflow/example_dags/example_kubernetes_executor.py
[2025-01-27T08:59:35.769+0000] {processor.py:766} INFO - DAG(s) dict_keys(['example_kubernetes_executor']) retrieved from /home/airflow/.local/lib/python3.7/site-packages/airflow/example_dags/example_kubernetes_executor.py
[2025-01-27T08:59:35.847+0000] {logging_mixin.py:120} INFO - [2025-01-27T08:59:35.847+0000] {dag.py:2585} INFO - Sync 1 DAGs
[2025-01-27T08:59:35.892+0000] {logging_mixin.py:120} INFO - [2025-01-27T08:59:35.892+0000] {dag.py:3340} INFO - Setting next_dagrun for example_kubernetes_executor to None, run_after=None
[2025-01-27T08:59:35.930+0000] {processor.py:176} INFO - Processing /home/airflow/.local/lib/python3.7/site-packages/airflow/example_dags/example_kubernetes_executor.py took 0.221 seconds
[2025-01-27T09:00:06.305+0000] {processor.py:154} INFO - Started process (PID=3024) to work on /home/airflow/.local/lib/python3.7/site-packages/airflow/example_dags/example_kubernetes_executor.py
[2025-01-27T09:00:06.307+0000] {processor.py:756} INFO - Processing file /home/airflow/.local/lib/python3.7/site-packages/airflow/example_dags/example_kubernetes_executor.py for tasks to queue
[2025-01-27T09:00:06.310+0000] {logging_mixin.py:120} INFO - [2025-01-27T09:00:06.310+0000] {dagbag.py:537} INFO - Filling up the DagBag from /home/airflow/.local/lib/python3.7/site-packages/airflow/example_dags/example_kubernetes_executor.py
[2025-01-27T09:00:06.383+0000] {processor.py:766} INFO - DAG(s) dict_keys(['example_kubernetes_executor']) retrieved from /home/airflow/.local/lib/python3.7/site-packages/airflow/example_dags/example_kubernetes_executor.py
[2025-01-27T09:00:06.488+0000] {logging_mixin.py:120} INFO - [2025-01-27T09:00:06.487+0000] {dag.py:2585} INFO - Sync 1 DAGs
[2025-01-27T09:00:06.546+0000] {logging_mixin.py:120} INFO - [2025-01-27T09:00:06.546+0000] {dag.py:3340} INFO - Setting next_dagrun for example_kubernetes_executor to None, run_after=None
[2025-01-27T09:00:06.629+0000] {processor.py:176} INFO - Processing /home/airflow/.local/lib/python3.7/site-packages/airflow/example_dags/example_kubernetes_executor.py took 0.332 seconds
[2025-01-27T09:00:37.136+0000] {processor.py:154} INFO - Started process (PID=3086) to work on /home/airflow/.local/lib/python3.7/site-packages/airflow/example_dags/example_kubernetes_executor.py
[2025-01-27T09:00:37.138+0000] {processor.py:756} INFO - Processing file /home/airflow/.local/lib/python3.7/site-packages/airflow/example_dags/example_kubernetes_executor.py for tasks to queue
[2025-01-27T09:00:37.141+0000] {logging_mixin.py:120} INFO - [2025-01-27T09:00:37.141+0000] {dagbag.py:537} INFO - Filling up the DagBag from /home/airflow/.local/lib/python3.7/site-packages/airflow/example_dags/example_kubernetes_executor.py
[2025-01-27T09:00:37.200+0000] {processor.py:766} INFO - DAG(s) dict_keys(['example_kubernetes_executor']) retrieved from /home/airflow/.local/lib/python3.7/site-packages/airflow/example_dags/example_kubernetes_executor.py
[2025-01-27T09:00:37.278+0000] {logging_mixin.py:120} INFO - [2025-01-27T09:00:37.277+0000] {dag.py:2585} INFO - Sync 1 DAGs
[2025-01-27T09:00:37.326+0000] {logging_mixin.py:120} INFO - [2025-01-27T09:00:37.326+0000] {dag.py:3340} INFO - Setting next_dagrun for example_kubernetes_executor to None, run_after=None
[2025-01-27T09:00:37.366+0000] {processor.py:176} INFO - Processing /home/airflow/.local/lib/python3.7/site-packages/airflow/example_dags/example_kubernetes_executor.py took 0.236 seconds
[2025-01-27T09:01:08.038+0000] {processor.py:154} INFO - Started process (PID=3140) to work on /home/airflow/.local/lib/python3.7/site-packages/airflow/example_dags/example_kubernetes_executor.py
[2025-01-27T09:01:08.043+0000] {processor.py:756} INFO - Processing file /home/airflow/.local/lib/python3.7/site-packages/airflow/example_dags/example_kubernetes_executor.py for tasks to queue
[2025-01-27T09:01:08.047+0000] {logging_mixin.py:120} INFO - [2025-01-27T09:01:08.046+0000] {dagbag.py:537} INFO - Filling up the DagBag from /home/airflow/.local/lib/python3.7/site-packages/airflow/example_dags/example_kubernetes_executor.py
[2025-01-27T09:01:08.107+0000] {processor.py:766} INFO - DAG(s) dict_keys(['example_kubernetes_executor']) retrieved from /home/airflow/.local/lib/python3.7/site-packages/airflow/example_dags/example_kubernetes_executor.py
[2025-01-27T09:01:08.188+0000] {logging_mixin.py:120} INFO - [2025-01-27T09:01:08.188+0000] {dag.py:2585} INFO - Sync 1 DAGs
[2025-01-27T09:01:08.246+0000] {logging_mixin.py:120} INFO - [2025-01-27T09:01:08.246+0000] {dag.py:3340} INFO - Setting next_dagrun for example_kubernetes_executor to None, run_after=None
[2025-01-27T09:01:08.285+0000] {processor.py:176} INFO - Processing /home/airflow/.local/lib/python3.7/site-packages/airflow/example_dags/example_kubernetes_executor.py took 0.253 seconds
[2025-01-27T09:01:38.856+0000] {processor.py:154} INFO - Started process (PID=3203) to work on /home/airflow/.local/lib/python3.7/site-packages/airflow/example_dags/example_kubernetes_executor.py
[2025-01-27T09:01:38.857+0000] {processor.py:756} INFO - Processing file /home/airflow/.local/lib/python3.7/site-packages/airflow/example_dags/example_kubernetes_executor.py for tasks to queue
[2025-01-27T09:01:38.859+0000] {logging_mixin.py:120} INFO - [2025-01-27T09:01:38.858+0000] {dagbag.py:537} INFO - Filling up the DagBag from /home/airflow/.local/lib/python3.7/site-packages/airflow/example_dags/example_kubernetes_executor.py
[2025-01-27T09:01:38.920+0000] {processor.py:766} INFO - DAG(s) dict_keys(['example_kubernetes_executor']) retrieved from /home/airflow/.local/lib/python3.7/site-packages/airflow/example_dags/example_kubernetes_executor.py
[2025-01-27T09:01:39.007+0000] {logging_mixin.py:120} INFO - [2025-01-27T09:01:39.007+0000] {dag.py:2585} INFO - Sync 1 DAGs
[2025-01-27T09:01:39.054+0000] {logging_mixin.py:120} INFO - [2025-01-27T09:01:39.054+0000] {dag.py:3340} INFO - Setting next_dagrun for example_kubernetes_executor to None, run_after=None
[2025-01-27T09:01:39.106+0000] {processor.py:176} INFO - Processing /home/airflow/.local/lib/python3.7/site-packages/airflow/example_dags/example_kubernetes_executor.py took 0.255 seconds
[2025-01-27T09:02:09.474+0000] {processor.py:154} INFO - Started process (PID=3257) to work on /home/airflow/.local/lib/python3.7/site-packages/airflow/example_dags/example_kubernetes_executor.py
[2025-01-27T09:02:09.476+0000] {processor.py:756} INFO - Processing file /home/airflow/.local/lib/python3.7/site-packages/airflow/example_dags/example_kubernetes_executor.py for tasks to queue
[2025-01-27T09:02:09.478+0000] {logging_mixin.py:120} INFO - [2025-01-27T09:02:09.477+0000] {dagbag.py:537} INFO - Filling up the DagBag from /home/airflow/.local/lib/python3.7/site-packages/airflow/example_dags/example_kubernetes_executor.py
[2025-01-27T09:02:09.536+0000] {processor.py:766} INFO - DAG(s) dict_keys(['example_kubernetes_executor']) retrieved from /home/airflow/.local/lib/python3.7/site-packages/airflow/example_dags/example_kubernetes_executor.py
[2025-01-27T09:02:09.642+0000] {logging_mixin.py:120} INFO - [2025-01-27T09:02:09.642+0000] {dag.py:2585} INFO - Sync 1 DAGs
[2025-01-27T09:02:09.692+0000] {logging_mixin.py:120} INFO - [2025-01-27T09:02:09.691+0000] {dag.py:3340} INFO - Setting next_dagrun for example_kubernetes_executor to None, run_after=None
[2025-01-27T09:02:09.737+0000] {processor.py:176} INFO - Processing /home/airflow/.local/lib/python3.7/site-packages/airflow/example_dags/example_kubernetes_executor.py took 0.270 seconds
[2025-01-27T09:02:39.946+0000] {processor.py:154} INFO - Started process (PID=3319) to work on /home/airflow/.local/lib/python3.7/site-packages/airflow/example_dags/example_kubernetes_executor.py
[2025-01-27T09:02:39.948+0000] {processor.py:756} INFO - Processing file /home/airflow/.local/lib/python3.7/site-packages/airflow/example_dags/example_kubernetes_executor.py for tasks to queue
[2025-01-27T09:02:39.950+0000] {logging_mixin.py:120} INFO - [2025-01-27T09:02:39.950+0000] {dagbag.py:537} INFO - Filling up the DagBag from /home/airflow/.local/lib/python3.7/site-packages/airflow/example_dags/example_kubernetes_executor.py
[2025-01-27T09:02:40.006+0000] {processor.py:766} INFO - DAG(s) dict_keys(['example_kubernetes_executor']) retrieved from /home/airflow/.local/lib/python3.7/site-packages/airflow/example_dags/example_kubernetes_executor.py
[2025-01-27T09:02:40.092+0000] {logging_mixin.py:120} INFO - [2025-01-27T09:02:40.092+0000] {dag.py:2585} INFO - Sync 1 DAGs
[2025-01-27T09:02:40.155+0000] {logging_mixin.py:120} INFO - [2025-01-27T09:02:40.154+0000] {dag.py:3340} INFO - Setting next_dagrun for example_kubernetes_executor to None, run_after=None
[2025-01-27T09:02:40.200+0000] {processor.py:176} INFO - Processing /home/airflow/.local/lib/python3.7/site-packages/airflow/example_dags/example_kubernetes_executor.py took 0.263 seconds
[2025-01-27T09:03:10.429+0000] {processor.py:154} INFO - Started process (PID=3372) to work on /home/airflow/.local/lib/python3.7/site-packages/airflow/example_dags/example_kubernetes_executor.py
[2025-01-27T09:03:10.431+0000] {processor.py:756} INFO - Processing file /home/airflow/.local/lib/python3.7/site-packages/airflow/example_dags/example_kubernetes_executor.py for tasks to queue
[2025-01-27T09:03:10.433+0000] {logging_mixin.py:120} INFO - [2025-01-27T09:03:10.433+0000] {dagbag.py:537} INFO - Filling up the DagBag from /home/airflow/.local/lib/python3.7/site-packages/airflow/example_dags/example_kubernetes_executor.py
[2025-01-27T09:03:10.486+0000] {processor.py:766} INFO - DAG(s) dict_keys(['example_kubernetes_executor']) retrieved from /home/airflow/.local/lib/python3.7/site-packages/airflow/example_dags/example_kubernetes_executor.py
[2025-01-27T09:03:10.567+0000] {logging_mixin.py:120} INFO - [2025-01-27T09:03:10.567+0000] {dag.py:2585} INFO - Sync 1 DAGs
[2025-01-27T09:03:10.614+0000] {logging_mixin.py:120} INFO - [2025-01-27T09:03:10.614+0000] {dag.py:3340} INFO - Setting next_dagrun for example_kubernetes_executor to None, run_after=None
[2025-01-27T09:03:10.650+0000] {processor.py:176} INFO - Processing /home/airflow/.local/lib/python3.7/site-packages/airflow/example_dags/example_kubernetes_executor.py took 0.227 seconds
[2025-01-27T09:03:41.304+0000] {processor.py:154} INFO - Started process (PID=3425) to work on /home/airflow/.local/lib/python3.7/site-packages/airflow/example_dags/example_kubernetes_executor.py
[2025-01-27T09:03:41.307+0000] {processor.py:756} INFO - Processing file /home/airflow/.local/lib/python3.7/site-packages/airflow/example_dags/example_kubernetes_executor.py for tasks to queue
[2025-01-27T09:03:41.309+0000] {logging_mixin.py:120} INFO - [2025-01-27T09:03:41.309+0000] {dagbag.py:537} INFO - Filling up the DagBag from /home/airflow/.local/lib/python3.7/site-packages/airflow/example_dags/example_kubernetes_executor.py
[2025-01-27T09:03:41.364+0000] {processor.py:766} INFO - DAG(s) dict_keys(['example_kubernetes_executor']) retrieved from /home/airflow/.local/lib/python3.7/site-packages/airflow/example_dags/example_kubernetes_executor.py
[2025-01-27T09:03:41.440+0000] {logging_mixin.py:120} INFO - [2025-01-27T09:03:41.440+0000] {dag.py:2585} INFO - Sync 1 DAGs
[2025-01-27T09:03:41.490+0000] {logging_mixin.py:120} INFO - [2025-01-27T09:03:41.490+0000] {dag.py:3340} INFO - Setting next_dagrun for example_kubernetes_executor to None, run_after=None
[2025-01-27T09:03:41.527+0000] {processor.py:176} INFO - Processing /home/airflow/.local/lib/python3.7/site-packages/airflow/example_dags/example_kubernetes_executor.py took 0.229 seconds
[2025-01-27T09:04:11.624+0000] {processor.py:154} INFO - Started process (PID=3488) to work on /home/airflow/.local/lib/python3.7/site-packages/airflow/example_dags/example_kubernetes_executor.py
[2025-01-27T09:04:11.627+0000] {processor.py:756} INFO - Processing file /home/airflow/.local/lib/python3.7/site-packages/airflow/example_dags/example_kubernetes_executor.py for tasks to queue
[2025-01-27T09:04:11.629+0000] {logging_mixin.py:120} INFO - [2025-01-27T09:04:11.629+0000] {dagbag.py:537} INFO - Filling up the DagBag from /home/airflow/.local/lib/python3.7/site-packages/airflow/example_dags/example_kubernetes_executor.py
[2025-01-27T09:04:11.685+0000] {processor.py:766} INFO - DAG(s) dict_keys(['example_kubernetes_executor']) retrieved from /home/airflow/.local/lib/python3.7/site-packages/airflow/example_dags/example_kubernetes_executor.py
[2025-01-27T09:04:11.769+0000] {logging_mixin.py:120} INFO - [2025-01-27T09:04:11.769+0000] {dag.py:2585} INFO - Sync 1 DAGs
[2025-01-27T09:04:11.828+0000] {logging_mixin.py:120} INFO - [2025-01-27T09:04:11.828+0000] {dag.py:3340} INFO - Setting next_dagrun for example_kubernetes_executor to None, run_after=None
[2025-01-27T09:04:11.869+0000] {processor.py:176} INFO - Processing /home/airflow/.local/lib/python3.7/site-packages/airflow/example_dags/example_kubernetes_executor.py took 0.252 seconds
[2025-01-27T09:04:42.031+0000] {processor.py:154} INFO - Started process (PID=3542) to work on /home/airflow/.local/lib/python3.7/site-packages/airflow/example_dags/example_kubernetes_executor.py
[2025-01-27T09:04:42.033+0000] {processor.py:756} INFO - Processing file /home/airflow/.local/lib/python3.7/site-packages/airflow/example_dags/example_kubernetes_executor.py for tasks to queue
[2025-01-27T09:04:42.034+0000] {logging_mixin.py:120} INFO - [2025-01-27T09:04:42.034+0000] {dagbag.py:537} INFO - Filling up the DagBag from /home/airflow/.local/lib/python3.7/site-packages/airflow/example_dags/example_kubernetes_executor.py
[2025-01-27T09:04:42.094+0000] {processor.py:766} INFO - DAG(s) dict_keys(['example_kubernetes_executor']) retrieved from /home/airflow/.local/lib/python3.7/site-packages/airflow/example_dags/example_kubernetes_executor.py
[2025-01-27T09:04:42.187+0000] {logging_mixin.py:120} INFO - [2025-01-27T09:04:42.187+0000] {dag.py:2585} INFO - Sync 1 DAGs
[2025-01-27T09:04:42.240+0000] {logging_mixin.py:120} INFO - [2025-01-27T09:04:42.239+0000] {dag.py:3340} INFO - Setting next_dagrun for example_kubernetes_executor to None, run_after=None
[2025-01-27T09:04:42.288+0000] {processor.py:176} INFO - Processing /home/airflow/.local/lib/python3.7/site-packages/airflow/example_dags/example_kubernetes_executor.py took 0.262 seconds
[2025-01-27T09:05:12.674+0000] {processor.py:154} INFO - Started process (PID=3604) to work on /home/airflow/.local/lib/python3.7/site-packages/airflow/example_dags/example_kubernetes_executor.py
[2025-01-27T09:05:12.679+0000] {processor.py:756} INFO - Processing file /home/airflow/.local/lib/python3.7/site-packages/airflow/example_dags/example_kubernetes_executor.py for tasks to queue
[2025-01-27T09:05:12.682+0000] {logging_mixin.py:120} INFO - [2025-01-27T09:05:12.682+0000] {dagbag.py:537} INFO - Filling up the DagBag from /home/airflow/.local/lib/python3.7/site-packages/airflow/example_dags/example_kubernetes_executor.py
[2025-01-27T09:05:12.763+0000] {processor.py:766} INFO - DAG(s) dict_keys(['example_kubernetes_executor']) retrieved from /home/airflow/.local/lib/python3.7/site-packages/airflow/example_dags/example_kubernetes_executor.py
[2025-01-27T09:05:12.870+0000] {logging_mixin.py:120} INFO - [2025-01-27T09:05:12.869+0000] {dag.py:2585} INFO - Sync 1 DAGs
[2025-01-27T09:05:12.938+0000] {logging_mixin.py:120} INFO - [2025-01-27T09:05:12.938+0000] {dag.py:3340} INFO - Setting next_dagrun for example_kubernetes_executor to None, run_after=None
[2025-01-27T09:05:13.003+0000] {processor.py:176} INFO - Processing /home/airflow/.local/lib/python3.7/site-packages/airflow/example_dags/example_kubernetes_executor.py took 0.336 seconds
[2025-01-27T09:05:43.084+0000] {processor.py:154} INFO - Started process (PID=3657) to work on /home/airflow/.local/lib/python3.7/site-packages/airflow/example_dags/example_kubernetes_executor.py
[2025-01-27T09:05:43.086+0000] {processor.py:756} INFO - Processing file /home/airflow/.local/lib/python3.7/site-packages/airflow/example_dags/example_kubernetes_executor.py for tasks to queue
[2025-01-27T09:05:43.087+0000] {logging_mixin.py:120} INFO - [2025-01-27T09:05:43.087+0000] {dagbag.py:537} INFO - Filling up the DagBag from /home/airflow/.local/lib/python3.7/site-packages/airflow/example_dags/example_kubernetes_executor.py
[2025-01-27T09:05:43.145+0000] {processor.py:766} INFO - DAG(s) dict_keys(['example_kubernetes_executor']) retrieved from /home/airflow/.local/lib/python3.7/site-packages/airflow/example_dags/example_kubernetes_executor.py
[2025-01-27T09:05:43.232+0000] {logging_mixin.py:120} INFO - [2025-01-27T09:05:43.231+0000] {dag.py:2585} INFO - Sync 1 DAGs
[2025-01-27T09:05:43.287+0000] {logging_mixin.py:120} INFO - [2025-01-27T09:05:43.287+0000] {dag.py:3340} INFO - Setting next_dagrun for example_kubernetes_executor to None, run_after=None
[2025-01-27T09:05:43.327+0000] {processor.py:176} INFO - Processing /home/airflow/.local/lib/python3.7/site-packages/airflow/example_dags/example_kubernetes_executor.py took 0.253 seconds
[2025-01-27T09:06:13.633+0000] {processor.py:154} INFO - Started process (PID=3717) to work on /home/airflow/.local/lib/python3.7/site-packages/airflow/example_dags/example_kubernetes_executor.py
[2025-01-27T09:06:13.639+0000] {processor.py:756} INFO - Processing file /home/airflow/.local/lib/python3.7/site-packages/airflow/example_dags/example_kubernetes_executor.py for tasks to queue
[2025-01-27T09:06:13.647+0000] {logging_mixin.py:120} INFO - [2025-01-27T09:06:13.646+0000] {dagbag.py:537} INFO - Filling up the DagBag from /home/airflow/.local/lib/python3.7/site-packages/airflow/example_dags/example_kubernetes_executor.py
[2025-01-27T09:06:13.775+0000] {processor.py:766} INFO - DAG(s) dict_keys(['example_kubernetes_executor']) retrieved from /home/airflow/.local/lib/python3.7/site-packages/airflow/example_dags/example_kubernetes_executor.py
[2025-01-27T09:06:13.903+0000] {logging_mixin.py:120} INFO - [2025-01-27T09:06:13.903+0000] {dag.py:2585} INFO - Sync 1 DAGs
[2025-01-27T09:06:13.972+0000] {logging_mixin.py:120} INFO - [2025-01-27T09:06:13.972+0000] {dag.py:3340} INFO - Setting next_dagrun for example_kubernetes_executor to None, run_after=None
[2025-01-27T09:06:14.133+0000] {processor.py:176} INFO - Processing /home/airflow/.local/lib/python3.7/site-packages/airflow/example_dags/example_kubernetes_executor.py took 0.510 seconds
[2025-01-27T09:06:44.533+0000] {processor.py:154} INFO - Started process (PID=3773) to work on /home/airflow/.local/lib/python3.7/site-packages/airflow/example_dags/example_kubernetes_executor.py
[2025-01-27T09:06:44.535+0000] {processor.py:756} INFO - Processing file /home/airflow/.local/lib/python3.7/site-packages/airflow/example_dags/example_kubernetes_executor.py for tasks to queue
[2025-01-27T09:06:44.536+0000] {logging_mixin.py:120} INFO - [2025-01-27T09:06:44.536+0000] {dagbag.py:537} INFO - Filling up the DagBag from /home/airflow/.local/lib/python3.7/site-packages/airflow/example_dags/example_kubernetes_executor.py
[2025-01-27T09:06:44.592+0000] {processor.py:766} INFO - DAG(s) dict_keys(['example_kubernetes_executor']) retrieved from /home/airflow/.local/lib/python3.7/site-packages/airflow/example_dags/example_kubernetes_executor.py
[2025-01-27T09:06:44.665+0000] {logging_mixin.py:120} INFO - [2025-01-27T09:06:44.664+0000] {dag.py:2585} INFO - Sync 1 DAGs
[2025-01-27T09:06:44.721+0000] {logging_mixin.py:120} INFO - [2025-01-27T09:06:44.721+0000] {dag.py:3340} INFO - Setting next_dagrun for example_kubernetes_executor to None, run_after=None
[2025-01-27T09:06:44.764+0000] {processor.py:176} INFO - Processing /home/airflow/.local/lib/python3.7/site-packages/airflow/example_dags/example_kubernetes_executor.py took 0.241 seconds
[2025-01-27T09:07:15.123+0000] {processor.py:154} INFO - Started process (PID=3826) to work on /home/airflow/.local/lib/python3.7/site-packages/airflow/example_dags/example_kubernetes_executor.py
[2025-01-27T09:07:15.124+0000] {processor.py:756} INFO - Processing file /home/airflow/.local/lib/python3.7/site-packages/airflow/example_dags/example_kubernetes_executor.py for tasks to queue
[2025-01-27T09:07:15.126+0000] {logging_mixin.py:120} INFO - [2025-01-27T09:07:15.125+0000] {dagbag.py:537} INFO - Filling up the DagBag from /home/airflow/.local/lib/python3.7/site-packages/airflow/example_dags/example_kubernetes_executor.py
[2025-01-27T09:07:15.182+0000] {processor.py:766} INFO - DAG(s) dict_keys(['example_kubernetes_executor']) retrieved from /home/airflow/.local/lib/python3.7/site-packages/airflow/example_dags/example_kubernetes_executor.py
[2025-01-27T09:07:15.271+0000] {logging_mixin.py:120} INFO - [2025-01-27T09:07:15.270+0000] {dag.py:2585} INFO - Sync 1 DAGs
[2025-01-27T09:07:15.329+0000] {logging_mixin.py:120} INFO - [2025-01-27T09:07:15.328+0000] {dag.py:3340} INFO - Setting next_dagrun for example_kubernetes_executor to None, run_after=None
[2025-01-27T09:07:15.366+0000] {processor.py:176} INFO - Processing /home/airflow/.local/lib/python3.7/site-packages/airflow/example_dags/example_kubernetes_executor.py took 0.249 seconds
[2025-01-27T09:07:45.989+0000] {processor.py:154} INFO - Started process (PID=3889) to work on /home/airflow/.local/lib/python3.7/site-packages/airflow/example_dags/example_kubernetes_executor.py
[2025-01-27T09:07:45.991+0000] {processor.py:756} INFO - Processing file /home/airflow/.local/lib/python3.7/site-packages/airflow/example_dags/example_kubernetes_executor.py for tasks to queue
[2025-01-27T09:07:45.993+0000] {logging_mixin.py:120} INFO - [2025-01-27T09:07:45.993+0000] {dagbag.py:537} INFO - Filling up the DagBag from /home/airflow/.local/lib/python3.7/site-packages/airflow/example_dags/example_kubernetes_executor.py
[2025-01-27T09:07:46.045+0000] {processor.py:766} INFO - DAG(s) dict_keys(['example_kubernetes_executor']) retrieved from /home/airflow/.local/lib/python3.7/site-packages/airflow/example_dags/example_kubernetes_executor.py
[2025-01-27T09:07:46.146+0000] {logging_mixin.py:120} INFO - [2025-01-27T09:07:46.145+0000] {dag.py:2585} INFO - Sync 1 DAGs
[2025-01-27T09:07:46.201+0000] {logging_mixin.py:120} INFO - [2025-01-27T09:07:46.200+0000] {dag.py:3340} INFO - Setting next_dagrun for example_kubernetes_executor to None, run_after=None
[2025-01-27T09:07:46.242+0000] {processor.py:176} INFO - Processing /home/airflow/.local/lib/python3.7/site-packages/airflow/example_dags/example_kubernetes_executor.py took 0.260 seconds
[2025-01-27T09:08:16.379+0000] {processor.py:154} INFO - Started process (PID=3943) to work on /home/airflow/.local/lib/python3.7/site-packages/airflow/example_dags/example_kubernetes_executor.py
[2025-01-27T09:08:16.381+0000] {processor.py:756} INFO - Processing file /home/airflow/.local/lib/python3.7/site-packages/airflow/example_dags/example_kubernetes_executor.py for tasks to queue
[2025-01-27T09:08:16.384+0000] {logging_mixin.py:120} INFO - [2025-01-27T09:08:16.384+0000] {dagbag.py:537} INFO - Filling up the DagBag from /home/airflow/.local/lib/python3.7/site-packages/airflow/example_dags/example_kubernetes_executor.py
[2025-01-27T09:08:16.439+0000] {processor.py:766} INFO - DAG(s) dict_keys(['example_kubernetes_executor']) retrieved from /home/airflow/.local/lib/python3.7/site-packages/airflow/example_dags/example_kubernetes_executor.py
[2025-01-27T09:08:16.527+0000] {logging_mixin.py:120} INFO - [2025-01-27T09:08:16.527+0000] {dag.py:2585} INFO - Sync 1 DAGs
[2025-01-27T09:08:16.582+0000] {logging_mixin.py:120} INFO - [2025-01-27T09:08:16.581+0000] {dag.py:3340} INFO - Setting next_dagrun for example_kubernetes_executor to None, run_after=None
[2025-01-27T09:08:16.626+0000] {processor.py:176} INFO - Processing /home/airflow/.local/lib/python3.7/site-packages/airflow/example_dags/example_kubernetes_executor.py took 0.254 seconds
[2025-01-27T09:08:47.139+0000] {processor.py:154} INFO - Started process (PID=4006) to work on /home/airflow/.local/lib/python3.7/site-packages/airflow/example_dags/example_kubernetes_executor.py
[2025-01-27T09:08:47.140+0000] {processor.py:756} INFO - Processing file /home/airflow/.local/lib/python3.7/site-packages/airflow/example_dags/example_kubernetes_executor.py for tasks to queue
[2025-01-27T09:08:47.142+0000] {logging_mixin.py:120} INFO - [2025-01-27T09:08:47.142+0000] {dagbag.py:537} INFO - Filling up the DagBag from /home/airflow/.local/lib/python3.7/site-packages/airflow/example_dags/example_kubernetes_executor.py
[2025-01-27T09:08:47.204+0000] {processor.py:766} INFO - DAG(s) dict_keys(['example_kubernetes_executor']) retrieved from /home/airflow/.local/lib/python3.7/site-packages/airflow/example_dags/example_kubernetes_executor.py
[2025-01-27T09:08:47.294+0000] {logging_mixin.py:120} INFO - [2025-01-27T09:08:47.294+0000] {dag.py:2585} INFO - Sync 1 DAGs
[2025-01-27T09:08:47.345+0000] {logging_mixin.py:120} INFO - [2025-01-27T09:08:47.345+0000] {dag.py:3340} INFO - Setting next_dagrun for example_kubernetes_executor to None, run_after=None
[2025-01-27T09:08:47.390+0000] {processor.py:176} INFO - Processing /home/airflow/.local/lib/python3.7/site-packages/airflow/example_dags/example_kubernetes_executor.py took 0.257 seconds
