[2025-01-27T08:34:01.725+0000] {processor.py:154} INFO - Started process (PID=89) to work on /home/airflow/.local/lib/python3.7/site-packages/airflow/example_dags/example_task_group_decorator.py
[2025-01-27T08:34:01.729+0000] {processor.py:756} INFO - Processing file /home/airflow/.local/lib/python3.7/site-packages/airflow/example_dags/example_task_group_decorator.py for tasks to queue
[2025-01-27T08:34:01.732+0000] {logging_mixin.py:120} INFO - [2025-01-27T08:34:01.731+0000] {dagbag.py:537} INFO - Filling up the DagBag from /home/airflow/.local/lib/python3.7/site-packages/airflow/example_dags/example_task_group_decorator.py
[2025-01-27T08:34:01.857+0000] {processor.py:766} INFO - DAG(s) dict_keys(['example_task_group_decorator']) retrieved from /home/airflow/.local/lib/python3.7/site-packages/airflow/example_dags/example_task_group_decorator.py
[2025-01-27T08:34:02.313+0000] {logging_mixin.py:120} INFO - [2025-01-27T08:34:02.313+0000] {manager.py:507} INFO - Created Permission View: can edit on DAG:example_task_group_decorator
[2025-01-27T08:34:02.364+0000] {logging_mixin.py:120} INFO - [2025-01-27T08:34:02.364+0000] {manager.py:507} INFO - Created Permission View: can read on DAG:example_task_group_decorator
[2025-01-27T08:34:02.385+0000] {logging_mixin.py:120} INFO - [2025-01-27T08:34:02.384+0000] {manager.py:507} INFO - Created Permission View: can delete on DAG:example_task_group_decorator
[2025-01-27T08:34:02.386+0000] {logging_mixin.py:120} INFO - [2025-01-27T08:34:02.385+0000] {dag.py:2585} INFO - Sync 1 DAGs
[2025-01-27T08:34:02.427+0000] {logging_mixin.py:120} INFO - [2025-01-27T08:34:02.427+0000] {dag.py:2606} INFO - Creating ORM DAG for example_task_group_decorator
[2025-01-27T08:34:02.465+0000] {logging_mixin.py:120} INFO - [2025-01-27T08:34:02.464+0000] {dag.py:3340} INFO - Setting next_dagrun for example_task_group_decorator to 2025-01-26T08:34:02.464386+00:00, run_after=2025-01-27T08:34:02.464386+00:00
[2025-01-27T08:34:02.515+0000] {processor.py:176} INFO - Processing /home/airflow/.local/lib/python3.7/site-packages/airflow/example_dags/example_task_group_decorator.py took 0.798 seconds
[2025-01-27T08:34:33.243+0000] {processor.py:154} INFO - Started process (PID=143) to work on /home/airflow/.local/lib/python3.7/site-packages/airflow/example_dags/example_task_group_decorator.py
[2025-01-27T08:34:33.245+0000] {processor.py:756} INFO - Processing file /home/airflow/.local/lib/python3.7/site-packages/airflow/example_dags/example_task_group_decorator.py for tasks to queue
[2025-01-27T08:34:33.247+0000] {logging_mixin.py:120} INFO - [2025-01-27T08:34:33.247+0000] {dagbag.py:537} INFO - Filling up the DagBag from /home/airflow/.local/lib/python3.7/site-packages/airflow/example_dags/example_task_group_decorator.py
[2025-01-27T08:34:33.301+0000] {processor.py:766} INFO - DAG(s) dict_keys(['example_task_group_decorator']) retrieved from /home/airflow/.local/lib/python3.7/site-packages/airflow/example_dags/example_task_group_decorator.py
[2025-01-27T08:34:33.382+0000] {logging_mixin.py:120} INFO - [2025-01-27T08:34:33.382+0000] {dag.py:2585} INFO - Sync 1 DAGs
[2025-01-27T08:34:33.430+0000] {logging_mixin.py:120} INFO - [2025-01-27T08:34:33.430+0000] {dag.py:3340} INFO - Setting next_dagrun for example_task_group_decorator to 2025-01-26T08:34:33.430357+00:00, run_after=2025-01-27T08:34:33.430357+00:00
[2025-01-27T08:34:33.470+0000] {processor.py:176} INFO - Processing /home/airflow/.local/lib/python3.7/site-packages/airflow/example_dags/example_task_group_decorator.py took 0.234 seconds
[2025-01-27T08:35:03.788+0000] {processor.py:154} INFO - Started process (PID=207) to work on /home/airflow/.local/lib/python3.7/site-packages/airflow/example_dags/example_task_group_decorator.py
[2025-01-27T08:35:03.792+0000] {processor.py:756} INFO - Processing file /home/airflow/.local/lib/python3.7/site-packages/airflow/example_dags/example_task_group_decorator.py for tasks to queue
[2025-01-27T08:35:03.795+0000] {logging_mixin.py:120} INFO - [2025-01-27T08:35:03.795+0000] {dagbag.py:537} INFO - Filling up the DagBag from /home/airflow/.local/lib/python3.7/site-packages/airflow/example_dags/example_task_group_decorator.py
[2025-01-27T08:35:03.857+0000] {processor.py:766} INFO - DAG(s) dict_keys(['example_task_group_decorator']) retrieved from /home/airflow/.local/lib/python3.7/site-packages/airflow/example_dags/example_task_group_decorator.py
[2025-01-27T08:35:03.957+0000] {logging_mixin.py:120} INFO - [2025-01-27T08:35:03.957+0000] {dag.py:2585} INFO - Sync 1 DAGs
[2025-01-27T08:35:04.012+0000] {logging_mixin.py:120} INFO - [2025-01-27T08:35:04.011+0000] {dag.py:3340} INFO - Setting next_dagrun for example_task_group_decorator to 2025-01-26T08:35:04.011584+00:00, run_after=2025-01-27T08:35:04.011584+00:00
[2025-01-27T08:35:04.064+0000] {processor.py:176} INFO - Processing /home/airflow/.local/lib/python3.7/site-packages/airflow/example_dags/example_task_group_decorator.py took 0.284 seconds
[2025-01-27T08:35:34.748+0000] {processor.py:154} INFO - Started process (PID=260) to work on /home/airflow/.local/lib/python3.7/site-packages/airflow/example_dags/example_task_group_decorator.py
[2025-01-27T08:35:34.750+0000] {processor.py:756} INFO - Processing file /home/airflow/.local/lib/python3.7/site-packages/airflow/example_dags/example_task_group_decorator.py for tasks to queue
[2025-01-27T08:35:34.752+0000] {logging_mixin.py:120} INFO - [2025-01-27T08:35:34.752+0000] {dagbag.py:537} INFO - Filling up the DagBag from /home/airflow/.local/lib/python3.7/site-packages/airflow/example_dags/example_task_group_decorator.py
[2025-01-27T08:35:34.808+0000] {processor.py:766} INFO - DAG(s) dict_keys(['example_task_group_decorator']) retrieved from /home/airflow/.local/lib/python3.7/site-packages/airflow/example_dags/example_task_group_decorator.py
[2025-01-27T08:35:34.885+0000] {logging_mixin.py:120} INFO - [2025-01-27T08:35:34.885+0000] {dag.py:2585} INFO - Sync 1 DAGs
[2025-01-27T08:35:34.929+0000] {logging_mixin.py:120} INFO - [2025-01-27T08:35:34.928+0000] {dag.py:3340} INFO - Setting next_dagrun for example_task_group_decorator to 2025-01-26T08:35:34.928542+00:00, run_after=2025-01-27T08:35:34.928542+00:00
[2025-01-27T08:35:34.972+0000] {processor.py:176} INFO - Processing /home/airflow/.local/lib/python3.7/site-packages/airflow/example_dags/example_task_group_decorator.py took 0.230 seconds
[2025-01-27T08:36:05.165+0000] {processor.py:154} INFO - Started process (PID=314) to work on /home/airflow/.local/lib/python3.7/site-packages/airflow/example_dags/example_task_group_decorator.py
[2025-01-27T08:36:05.170+0000] {processor.py:756} INFO - Processing file /home/airflow/.local/lib/python3.7/site-packages/airflow/example_dags/example_task_group_decorator.py for tasks to queue
[2025-01-27T08:36:05.173+0000] {logging_mixin.py:120} INFO - [2025-01-27T08:36:05.173+0000] {dagbag.py:537} INFO - Filling up the DagBag from /home/airflow/.local/lib/python3.7/site-packages/airflow/example_dags/example_task_group_decorator.py
[2025-01-27T08:36:05.249+0000] {processor.py:766} INFO - DAG(s) dict_keys(['example_task_group_decorator']) retrieved from /home/airflow/.local/lib/python3.7/site-packages/airflow/example_dags/example_task_group_decorator.py
[2025-01-27T08:36:05.378+0000] {logging_mixin.py:120} INFO - [2025-01-27T08:36:05.377+0000] {dag.py:2585} INFO - Sync 1 DAGs
[2025-01-27T08:36:05.461+0000] {logging_mixin.py:120} INFO - [2025-01-27T08:36:05.461+0000] {dag.py:3340} INFO - Setting next_dagrun for example_task_group_decorator to 2025-01-26T08:36:05.460887+00:00, run_after=2025-01-27T08:36:05.460887+00:00
[2025-01-27T08:36:05.517+0000] {processor.py:176} INFO - Processing /home/airflow/.local/lib/python3.7/site-packages/airflow/example_dags/example_task_group_decorator.py took 0.359 seconds
[2025-01-27T08:36:35.974+0000] {processor.py:154} INFO - Started process (PID=376) to work on /home/airflow/.local/lib/python3.7/site-packages/airflow/example_dags/example_task_group_decorator.py
[2025-01-27T08:36:35.975+0000] {processor.py:756} INFO - Processing file /home/airflow/.local/lib/python3.7/site-packages/airflow/example_dags/example_task_group_decorator.py for tasks to queue
[2025-01-27T08:36:35.977+0000] {logging_mixin.py:120} INFO - [2025-01-27T08:36:35.977+0000] {dagbag.py:537} INFO - Filling up the DagBag from /home/airflow/.local/lib/python3.7/site-packages/airflow/example_dags/example_task_group_decorator.py
[2025-01-27T08:36:36.027+0000] {processor.py:766} INFO - DAG(s) dict_keys(['example_task_group_decorator']) retrieved from /home/airflow/.local/lib/python3.7/site-packages/airflow/example_dags/example_task_group_decorator.py
[2025-01-27T08:36:36.114+0000] {logging_mixin.py:120} INFO - [2025-01-27T08:36:36.113+0000] {dag.py:2585} INFO - Sync 1 DAGs
[2025-01-27T08:36:36.157+0000] {logging_mixin.py:120} INFO - [2025-01-27T08:36:36.157+0000] {dag.py:3340} INFO - Setting next_dagrun for example_task_group_decorator to 2025-01-26T08:36:36.157295+00:00, run_after=2025-01-27T08:36:36.157295+00:00
[2025-01-27T08:36:36.196+0000] {processor.py:176} INFO - Processing /home/airflow/.local/lib/python3.7/site-packages/airflow/example_dags/example_task_group_decorator.py took 0.228 seconds
[2025-01-27T08:37:06.789+0000] {processor.py:154} INFO - Started process (PID=430) to work on /home/airflow/.local/lib/python3.7/site-packages/airflow/example_dags/example_task_group_decorator.py
[2025-01-27T08:37:06.791+0000] {processor.py:756} INFO - Processing file /home/airflow/.local/lib/python3.7/site-packages/airflow/example_dags/example_task_group_decorator.py for tasks to queue
[2025-01-27T08:37:06.792+0000] {logging_mixin.py:120} INFO - [2025-01-27T08:37:06.792+0000] {dagbag.py:537} INFO - Filling up the DagBag from /home/airflow/.local/lib/python3.7/site-packages/airflow/example_dags/example_task_group_decorator.py
[2025-01-27T08:37:06.843+0000] {processor.py:766} INFO - DAG(s) dict_keys(['example_task_group_decorator']) retrieved from /home/airflow/.local/lib/python3.7/site-packages/airflow/example_dags/example_task_group_decorator.py
[2025-01-27T08:37:06.926+0000] {logging_mixin.py:120} INFO - [2025-01-27T08:37:06.926+0000] {dag.py:2585} INFO - Sync 1 DAGs
[2025-01-27T08:37:06.978+0000] {logging_mixin.py:120} INFO - [2025-01-27T08:37:06.978+0000] {dag.py:3340} INFO - Setting next_dagrun for example_task_group_decorator to 2025-01-26T08:37:06.978136+00:00, run_after=2025-01-27T08:37:06.978136+00:00
[2025-01-27T08:37:07.017+0000] {processor.py:176} INFO - Processing /home/airflow/.local/lib/python3.7/site-packages/airflow/example_dags/example_task_group_decorator.py took 0.232 seconds
[2025-01-27T08:37:37.683+0000] {processor.py:154} INFO - Started process (PID=493) to work on /home/airflow/.local/lib/python3.7/site-packages/airflow/example_dags/example_task_group_decorator.py
[2025-01-27T08:37:37.684+0000] {processor.py:756} INFO - Processing file /home/airflow/.local/lib/python3.7/site-packages/airflow/example_dags/example_task_group_decorator.py for tasks to queue
[2025-01-27T08:37:37.686+0000] {logging_mixin.py:120} INFO - [2025-01-27T08:37:37.685+0000] {dagbag.py:537} INFO - Filling up the DagBag from /home/airflow/.local/lib/python3.7/site-packages/airflow/example_dags/example_task_group_decorator.py
[2025-01-27T08:37:37.738+0000] {processor.py:766} INFO - DAG(s) dict_keys(['example_task_group_decorator']) retrieved from /home/airflow/.local/lib/python3.7/site-packages/airflow/example_dags/example_task_group_decorator.py
[2025-01-27T08:37:37.821+0000] {logging_mixin.py:120} INFO - [2025-01-27T08:37:37.821+0000] {dag.py:2585} INFO - Sync 1 DAGs
[2025-01-27T08:37:37.866+0000] {logging_mixin.py:120} INFO - [2025-01-27T08:37:37.866+0000] {dag.py:3340} INFO - Setting next_dagrun for example_task_group_decorator to 2025-01-26T08:37:37.865918+00:00, run_after=2025-01-27T08:37:37.865918+00:00
[2025-01-27T08:37:37.899+0000] {processor.py:176} INFO - Processing /home/airflow/.local/lib/python3.7/site-packages/airflow/example_dags/example_task_group_decorator.py took 0.222 seconds
[2025-01-27T08:38:08.022+0000] {processor.py:154} INFO - Started process (PID=546) to work on /home/airflow/.local/lib/python3.7/site-packages/airflow/example_dags/example_task_group_decorator.py
[2025-01-27T08:38:08.023+0000] {processor.py:756} INFO - Processing file /home/airflow/.local/lib/python3.7/site-packages/airflow/example_dags/example_task_group_decorator.py for tasks to queue
[2025-01-27T08:38:08.026+0000] {logging_mixin.py:120} INFO - [2025-01-27T08:38:08.025+0000] {dagbag.py:537} INFO - Filling up the DagBag from /home/airflow/.local/lib/python3.7/site-packages/airflow/example_dags/example_task_group_decorator.py
[2025-01-27T08:38:08.078+0000] {processor.py:766} INFO - DAG(s) dict_keys(['example_task_group_decorator']) retrieved from /home/airflow/.local/lib/python3.7/site-packages/airflow/example_dags/example_task_group_decorator.py
[2025-01-27T08:38:08.154+0000] {logging_mixin.py:120} INFO - [2025-01-27T08:38:08.154+0000] {dag.py:2585} INFO - Sync 1 DAGs
[2025-01-27T08:38:08.210+0000] {logging_mixin.py:120} INFO - [2025-01-27T08:38:08.209+0000] {dag.py:3340} INFO - Setting next_dagrun for example_task_group_decorator to 2025-01-26T08:38:08.209541+00:00, run_after=2025-01-27T08:38:08.209541+00:00
[2025-01-27T08:38:08.245+0000] {processor.py:176} INFO - Processing /home/airflow/.local/lib/python3.7/site-packages/airflow/example_dags/example_task_group_decorator.py took 0.227 seconds
[2025-01-27T08:38:38.597+0000] {processor.py:154} INFO - Started process (PID=609) to work on /home/airflow/.local/lib/python3.7/site-packages/airflow/example_dags/example_task_group_decorator.py
[2025-01-27T08:38:38.599+0000] {processor.py:756} INFO - Processing file /home/airflow/.local/lib/python3.7/site-packages/airflow/example_dags/example_task_group_decorator.py for tasks to queue
[2025-01-27T08:38:38.601+0000] {logging_mixin.py:120} INFO - [2025-01-27T08:38:38.601+0000] {dagbag.py:537} INFO - Filling up the DagBag from /home/airflow/.local/lib/python3.7/site-packages/airflow/example_dags/example_task_group_decorator.py
[2025-01-27T08:38:38.653+0000] {processor.py:766} INFO - DAG(s) dict_keys(['example_task_group_decorator']) retrieved from /home/airflow/.local/lib/python3.7/site-packages/airflow/example_dags/example_task_group_decorator.py
[2025-01-27T08:38:38.728+0000] {logging_mixin.py:120} INFO - [2025-01-27T08:38:38.728+0000] {dag.py:2585} INFO - Sync 1 DAGs
[2025-01-27T08:38:38.776+0000] {logging_mixin.py:120} INFO - [2025-01-27T08:38:38.776+0000] {dag.py:3340} INFO - Setting next_dagrun for example_task_group_decorator to 2025-01-26T08:38:38.776138+00:00, run_after=2025-01-27T08:38:38.776138+00:00
[2025-01-27T08:38:38.810+0000] {processor.py:176} INFO - Processing /home/airflow/.local/lib/python3.7/site-packages/airflow/example_dags/example_task_group_decorator.py took 0.218 seconds
[2025-01-27T08:39:09.302+0000] {processor.py:154} INFO - Started process (PID=663) to work on /home/airflow/.local/lib/python3.7/site-packages/airflow/example_dags/example_task_group_decorator.py
[2025-01-27T08:39:09.303+0000] {processor.py:756} INFO - Processing file /home/airflow/.local/lib/python3.7/site-packages/airflow/example_dags/example_task_group_decorator.py for tasks to queue
[2025-01-27T08:39:09.304+0000] {logging_mixin.py:120} INFO - [2025-01-27T08:39:09.304+0000] {dagbag.py:537} INFO - Filling up the DagBag from /home/airflow/.local/lib/python3.7/site-packages/airflow/example_dags/example_task_group_decorator.py
[2025-01-27T08:39:09.353+0000] {processor.py:766} INFO - DAG(s) dict_keys(['example_task_group_decorator']) retrieved from /home/airflow/.local/lib/python3.7/site-packages/airflow/example_dags/example_task_group_decorator.py
[2025-01-27T08:39:09.430+0000] {logging_mixin.py:120} INFO - [2025-01-27T08:39:09.430+0000] {dag.py:2585} INFO - Sync 1 DAGs
[2025-01-27T08:39:09.477+0000] {logging_mixin.py:120} INFO - [2025-01-27T08:39:09.477+0000] {dag.py:3340} INFO - Setting next_dagrun for example_task_group_decorator to 2025-01-26T08:39:09.477190+00:00, run_after=2025-01-27T08:39:09.477190+00:00
[2025-01-27T08:39:09.513+0000] {processor.py:176} INFO - Processing /home/airflow/.local/lib/python3.7/site-packages/airflow/example_dags/example_task_group_decorator.py took 0.216 seconds
[2025-01-27T08:39:40.312+0000] {processor.py:154} INFO - Started process (PID=725) to work on /home/airflow/.local/lib/python3.7/site-packages/airflow/example_dags/example_task_group_decorator.py
[2025-01-27T08:39:40.314+0000] {processor.py:756} INFO - Processing file /home/airflow/.local/lib/python3.7/site-packages/airflow/example_dags/example_task_group_decorator.py for tasks to queue
[2025-01-27T08:39:40.315+0000] {logging_mixin.py:120} INFO - [2025-01-27T08:39:40.315+0000] {dagbag.py:537} INFO - Filling up the DagBag from /home/airflow/.local/lib/python3.7/site-packages/airflow/example_dags/example_task_group_decorator.py
[2025-01-27T08:39:40.360+0000] {processor.py:766} INFO - DAG(s) dict_keys(['example_task_group_decorator']) retrieved from /home/airflow/.local/lib/python3.7/site-packages/airflow/example_dags/example_task_group_decorator.py
[2025-01-27T08:39:40.430+0000] {logging_mixin.py:120} INFO - [2025-01-27T08:39:40.430+0000] {dag.py:2585} INFO - Sync 1 DAGs
[2025-01-27T08:39:40.473+0000] {logging_mixin.py:120} INFO - [2025-01-27T08:39:40.473+0000] {dag.py:3340} INFO - Setting next_dagrun for example_task_group_decorator to 2025-01-26T08:39:40.473304+00:00, run_after=2025-01-27T08:39:40.473304+00:00
[2025-01-27T08:39:40.505+0000] {processor.py:176} INFO - Processing /home/airflow/.local/lib/python3.7/site-packages/airflow/example_dags/example_task_group_decorator.py took 0.202 seconds
[2025-01-27T08:40:10.863+0000] {processor.py:154} INFO - Started process (PID=779) to work on /home/airflow/.local/lib/python3.7/site-packages/airflow/example_dags/example_task_group_decorator.py
[2025-01-27T08:40:10.864+0000] {processor.py:756} INFO - Processing file /home/airflow/.local/lib/python3.7/site-packages/airflow/example_dags/example_task_group_decorator.py for tasks to queue
[2025-01-27T08:40:10.866+0000] {logging_mixin.py:120} INFO - [2025-01-27T08:40:10.866+0000] {dagbag.py:537} INFO - Filling up the DagBag from /home/airflow/.local/lib/python3.7/site-packages/airflow/example_dags/example_task_group_decorator.py
[2025-01-27T08:40:10.918+0000] {processor.py:766} INFO - DAG(s) dict_keys(['example_task_group_decorator']) retrieved from /home/airflow/.local/lib/python3.7/site-packages/airflow/example_dags/example_task_group_decorator.py
[2025-01-27T08:40:10.999+0000] {logging_mixin.py:120} INFO - [2025-01-27T08:40:10.999+0000] {dag.py:2585} INFO - Sync 1 DAGs
[2025-01-27T08:40:11.046+0000] {logging_mixin.py:120} INFO - [2025-01-27T08:40:11.046+0000] {dag.py:3340} INFO - Setting next_dagrun for example_task_group_decorator to 2025-01-26T08:40:11.046012+00:00, run_after=2025-01-27T08:40:11.046012+00:00
[2025-01-27T08:40:11.082+0000] {processor.py:176} INFO - Processing /home/airflow/.local/lib/python3.7/site-packages/airflow/example_dags/example_task_group_decorator.py took 0.223 seconds
[2025-01-27T08:40:41.589+0000] {processor.py:154} INFO - Started process (PID=842) to work on /home/airflow/.local/lib/python3.7/site-packages/airflow/example_dags/example_task_group_decorator.py
[2025-01-27T08:40:41.591+0000] {processor.py:756} INFO - Processing file /home/airflow/.local/lib/python3.7/site-packages/airflow/example_dags/example_task_group_decorator.py for tasks to queue
[2025-01-27T08:40:41.595+0000] {logging_mixin.py:120} INFO - [2025-01-27T08:40:41.595+0000] {dagbag.py:537} INFO - Filling up the DagBag from /home/airflow/.local/lib/python3.7/site-packages/airflow/example_dags/example_task_group_decorator.py
[2025-01-27T08:40:41.650+0000] {processor.py:766} INFO - DAG(s) dict_keys(['example_task_group_decorator']) retrieved from /home/airflow/.local/lib/python3.7/site-packages/airflow/example_dags/example_task_group_decorator.py
[2025-01-27T08:40:41.728+0000] {logging_mixin.py:120} INFO - [2025-01-27T08:40:41.727+0000] {dag.py:2585} INFO - Sync 1 DAGs
[2025-01-27T08:40:41.774+0000] {logging_mixin.py:120} INFO - [2025-01-27T08:40:41.773+0000] {dag.py:3340} INFO - Setting next_dagrun for example_task_group_decorator to 2025-01-26T08:40:41.772884+00:00, run_after=2025-01-27T08:40:41.772884+00:00
[2025-01-27T08:40:41.818+0000] {processor.py:176} INFO - Processing /home/airflow/.local/lib/python3.7/site-packages/airflow/example_dags/example_task_group_decorator.py took 0.234 seconds
[2025-01-27T08:41:12.321+0000] {processor.py:154} INFO - Started process (PID=896) to work on /home/airflow/.local/lib/python3.7/site-packages/airflow/example_dags/example_task_group_decorator.py
[2025-01-27T08:41:12.322+0000] {processor.py:756} INFO - Processing file /home/airflow/.local/lib/python3.7/site-packages/airflow/example_dags/example_task_group_decorator.py for tasks to queue
[2025-01-27T08:41:12.324+0000] {logging_mixin.py:120} INFO - [2025-01-27T08:41:12.324+0000] {dagbag.py:537} INFO - Filling up the DagBag from /home/airflow/.local/lib/python3.7/site-packages/airflow/example_dags/example_task_group_decorator.py
[2025-01-27T08:41:12.387+0000] {processor.py:766} INFO - DAG(s) dict_keys(['example_task_group_decorator']) retrieved from /home/airflow/.local/lib/python3.7/site-packages/airflow/example_dags/example_task_group_decorator.py
[2025-01-27T08:41:12.477+0000] {logging_mixin.py:120} INFO - [2025-01-27T08:41:12.477+0000] {dag.py:2585} INFO - Sync 1 DAGs
[2025-01-27T08:41:12.534+0000] {logging_mixin.py:120} INFO - [2025-01-27T08:41:12.534+0000] {dag.py:3340} INFO - Setting next_dagrun for example_task_group_decorator to 2025-01-26T08:41:12.534115+00:00, run_after=2025-01-27T08:41:12.534115+00:00
[2025-01-27T08:41:12.580+0000] {processor.py:176} INFO - Processing /home/airflow/.local/lib/python3.7/site-packages/airflow/example_dags/example_task_group_decorator.py took 0.265 seconds
[2025-01-27T08:41:43.076+0000] {processor.py:154} INFO - Started process (PID=958) to work on /home/airflow/.local/lib/python3.7/site-packages/airflow/example_dags/example_task_group_decorator.py
[2025-01-27T08:41:43.077+0000] {processor.py:756} INFO - Processing file /home/airflow/.local/lib/python3.7/site-packages/airflow/example_dags/example_task_group_decorator.py for tasks to queue
[2025-01-27T08:41:43.081+0000] {logging_mixin.py:120} INFO - [2025-01-27T08:41:43.081+0000] {dagbag.py:537} INFO - Filling up the DagBag from /home/airflow/.local/lib/python3.7/site-packages/airflow/example_dags/example_task_group_decorator.py
[2025-01-27T08:41:43.126+0000] {processor.py:766} INFO - DAG(s) dict_keys(['example_task_group_decorator']) retrieved from /home/airflow/.local/lib/python3.7/site-packages/airflow/example_dags/example_task_group_decorator.py
[2025-01-27T08:41:43.200+0000] {logging_mixin.py:120} INFO - [2025-01-27T08:41:43.200+0000] {dag.py:2585} INFO - Sync 1 DAGs
[2025-01-27T08:41:43.255+0000] {logging_mixin.py:120} INFO - [2025-01-27T08:41:43.255+0000] {dag.py:3340} INFO - Setting next_dagrun for example_task_group_decorator to 2025-01-26T08:41:43.255025+00:00, run_after=2025-01-27T08:41:43.255025+00:00
[2025-01-27T08:41:43.287+0000] {processor.py:176} INFO - Processing /home/airflow/.local/lib/python3.7/site-packages/airflow/example_dags/example_task_group_decorator.py took 0.217 seconds
[2025-01-27T08:42:13.427+0000] {processor.py:154} INFO - Started process (PID=1011) to work on /home/airflow/.local/lib/python3.7/site-packages/airflow/example_dags/example_task_group_decorator.py
[2025-01-27T08:42:13.428+0000] {processor.py:756} INFO - Processing file /home/airflow/.local/lib/python3.7/site-packages/airflow/example_dags/example_task_group_decorator.py for tasks to queue
[2025-01-27T08:42:13.430+0000] {logging_mixin.py:120} INFO - [2025-01-27T08:42:13.429+0000] {dagbag.py:537} INFO - Filling up the DagBag from /home/airflow/.local/lib/python3.7/site-packages/airflow/example_dags/example_task_group_decorator.py
[2025-01-27T08:42:13.485+0000] {processor.py:766} INFO - DAG(s) dict_keys(['example_task_group_decorator']) retrieved from /home/airflow/.local/lib/python3.7/site-packages/airflow/example_dags/example_task_group_decorator.py
[2025-01-27T08:42:13.586+0000] {logging_mixin.py:120} INFO - [2025-01-27T08:42:13.585+0000] {dag.py:2585} INFO - Sync 1 DAGs
[2025-01-27T08:42:13.643+0000] {logging_mixin.py:120} INFO - [2025-01-27T08:42:13.643+0000] {dag.py:3340} INFO - Setting next_dagrun for example_task_group_decorator to 2025-01-26T08:42:13.642565+00:00, run_after=2025-01-27T08:42:13.642565+00:00
[2025-01-27T08:42:13.691+0000] {processor.py:176} INFO - Processing /home/airflow/.local/lib/python3.7/site-packages/airflow/example_dags/example_task_group_decorator.py took 0.270 seconds
[2025-01-27T08:42:44.228+0000] {processor.py:154} INFO - Started process (PID=1074) to work on /home/airflow/.local/lib/python3.7/site-packages/airflow/example_dags/example_task_group_decorator.py
[2025-01-27T08:42:44.229+0000] {processor.py:756} INFO - Processing file /home/airflow/.local/lib/python3.7/site-packages/airflow/example_dags/example_task_group_decorator.py for tasks to queue
[2025-01-27T08:42:44.231+0000] {logging_mixin.py:120} INFO - [2025-01-27T08:42:44.230+0000] {dagbag.py:537} INFO - Filling up the DagBag from /home/airflow/.local/lib/python3.7/site-packages/airflow/example_dags/example_task_group_decorator.py
[2025-01-27T08:42:44.302+0000] {processor.py:766} INFO - DAG(s) dict_keys(['example_task_group_decorator']) retrieved from /home/airflow/.local/lib/python3.7/site-packages/airflow/example_dags/example_task_group_decorator.py
[2025-01-27T08:42:44.394+0000] {logging_mixin.py:120} INFO - [2025-01-27T08:42:44.394+0000] {dag.py:2585} INFO - Sync 1 DAGs
[2025-01-27T08:42:44.460+0000] {logging_mixin.py:120} INFO - [2025-01-27T08:42:44.459+0000] {dag.py:3340} INFO - Setting next_dagrun for example_task_group_decorator to 2025-01-26T08:42:44.459139+00:00, run_after=2025-01-27T08:42:44.459139+00:00
[2025-01-27T08:42:44.508+0000] {processor.py:176} INFO - Processing /home/airflow/.local/lib/python3.7/site-packages/airflow/example_dags/example_task_group_decorator.py took 0.286 seconds
[2025-01-27T08:43:15.029+0000] {processor.py:154} INFO - Started process (PID=1127) to work on /home/airflow/.local/lib/python3.7/site-packages/airflow/example_dags/example_task_group_decorator.py
[2025-01-27T08:43:15.030+0000] {processor.py:756} INFO - Processing file /home/airflow/.local/lib/python3.7/site-packages/airflow/example_dags/example_task_group_decorator.py for tasks to queue
[2025-01-27T08:43:15.035+0000] {logging_mixin.py:120} INFO - [2025-01-27T08:43:15.035+0000] {dagbag.py:537} INFO - Filling up the DagBag from /home/airflow/.local/lib/python3.7/site-packages/airflow/example_dags/example_task_group_decorator.py
[2025-01-27T08:43:15.083+0000] {processor.py:766} INFO - DAG(s) dict_keys(['example_task_group_decorator']) retrieved from /home/airflow/.local/lib/python3.7/site-packages/airflow/example_dags/example_task_group_decorator.py
[2025-01-27T08:43:15.159+0000] {logging_mixin.py:120} INFO - [2025-01-27T08:43:15.159+0000] {dag.py:2585} INFO - Sync 1 DAGs
[2025-01-27T08:43:15.204+0000] {logging_mixin.py:120} INFO - [2025-01-27T08:43:15.203+0000] {dag.py:3340} INFO - Setting next_dagrun for example_task_group_decorator to 2025-01-26T08:43:15.203442+00:00, run_after=2025-01-27T08:43:15.203442+00:00
[2025-01-27T08:43:15.242+0000] {processor.py:176} INFO - Processing /home/airflow/.local/lib/python3.7/site-packages/airflow/example_dags/example_task_group_decorator.py took 0.220 seconds
[2025-01-27T08:43:45.444+0000] {processor.py:154} INFO - Started process (PID=1180) to work on /home/airflow/.local/lib/python3.7/site-packages/airflow/example_dags/example_task_group_decorator.py
[2025-01-27T08:43:45.446+0000] {processor.py:756} INFO - Processing file /home/airflow/.local/lib/python3.7/site-packages/airflow/example_dags/example_task_group_decorator.py for tasks to queue
[2025-01-27T08:43:45.447+0000] {logging_mixin.py:120} INFO - [2025-01-27T08:43:45.447+0000] {dagbag.py:537} INFO - Filling up the DagBag from /home/airflow/.local/lib/python3.7/site-packages/airflow/example_dags/example_task_group_decorator.py
[2025-01-27T08:43:45.511+0000] {processor.py:766} INFO - DAG(s) dict_keys(['example_task_group_decorator']) retrieved from /home/airflow/.local/lib/python3.7/site-packages/airflow/example_dags/example_task_group_decorator.py
[2025-01-27T08:43:45.601+0000] {logging_mixin.py:120} INFO - [2025-01-27T08:43:45.601+0000] {dag.py:2585} INFO - Sync 1 DAGs
[2025-01-27T08:43:45.655+0000] {logging_mixin.py:120} INFO - [2025-01-27T08:43:45.655+0000] {dag.py:3340} INFO - Setting next_dagrun for example_task_group_decorator to 2025-01-26T08:43:45.654956+00:00, run_after=2025-01-27T08:43:45.654956+00:00
[2025-01-27T08:43:45.701+0000] {processor.py:176} INFO - Processing /home/airflow/.local/lib/python3.7/site-packages/airflow/example_dags/example_task_group_decorator.py took 0.266 seconds
[2025-01-27T08:44:16.085+0000] {processor.py:154} INFO - Started process (PID=1242) to work on /home/airflow/.local/lib/python3.7/site-packages/airflow/example_dags/example_task_group_decorator.py
[2025-01-27T08:44:16.087+0000] {processor.py:756} INFO - Processing file /home/airflow/.local/lib/python3.7/site-packages/airflow/example_dags/example_task_group_decorator.py for tasks to queue
[2025-01-27T08:44:16.089+0000] {logging_mixin.py:120} INFO - [2025-01-27T08:44:16.089+0000] {dagbag.py:537} INFO - Filling up the DagBag from /home/airflow/.local/lib/python3.7/site-packages/airflow/example_dags/example_task_group_decorator.py
[2025-01-27T08:44:16.137+0000] {processor.py:766} INFO - DAG(s) dict_keys(['example_task_group_decorator']) retrieved from /home/airflow/.local/lib/python3.7/site-packages/airflow/example_dags/example_task_group_decorator.py
[2025-01-27T08:44:16.214+0000] {logging_mixin.py:120} INFO - [2025-01-27T08:44:16.214+0000] {dag.py:2585} INFO - Sync 1 DAGs
[2025-01-27T08:44:16.260+0000] {logging_mixin.py:120} INFO - [2025-01-27T08:44:16.260+0000] {dag.py:3340} INFO - Setting next_dagrun for example_task_group_decorator to 2025-01-26T08:44:16.260255+00:00, run_after=2025-01-27T08:44:16.260255+00:00
[2025-01-27T08:44:16.294+0000] {processor.py:176} INFO - Processing /home/airflow/.local/lib/python3.7/site-packages/airflow/example_dags/example_task_group_decorator.py took 0.214 seconds
[2025-01-27T08:44:46.571+0000] {processor.py:154} INFO - Started process (PID=1296) to work on /home/airflow/.local/lib/python3.7/site-packages/airflow/example_dags/example_task_group_decorator.py
[2025-01-27T08:44:46.576+0000] {processor.py:756} INFO - Processing file /home/airflow/.local/lib/python3.7/site-packages/airflow/example_dags/example_task_group_decorator.py for tasks to queue
[2025-01-27T08:44:46.578+0000] {logging_mixin.py:120} INFO - [2025-01-27T08:44:46.577+0000] {dagbag.py:537} INFO - Filling up the DagBag from /home/airflow/.local/lib/python3.7/site-packages/airflow/example_dags/example_task_group_decorator.py
[2025-01-27T08:44:46.654+0000] {processor.py:766} INFO - DAG(s) dict_keys(['example_task_group_decorator']) retrieved from /home/airflow/.local/lib/python3.7/site-packages/airflow/example_dags/example_task_group_decorator.py
[2025-01-27T08:44:46.754+0000] {logging_mixin.py:120} INFO - [2025-01-27T08:44:46.754+0000] {dag.py:2585} INFO - Sync 1 DAGs
[2025-01-27T08:44:46.806+0000] {logging_mixin.py:120} INFO - [2025-01-27T08:44:46.806+0000] {dag.py:3340} INFO - Setting next_dagrun for example_task_group_decorator to 2025-01-26T08:44:46.805897+00:00, run_after=2025-01-27T08:44:46.805897+00:00
[2025-01-27T08:44:46.851+0000] {processor.py:176} INFO - Processing /home/airflow/.local/lib/python3.7/site-packages/airflow/example_dags/example_task_group_decorator.py took 0.285 seconds
[2025-01-27T08:45:17.706+0000] {processor.py:154} INFO - Started process (PID=1360) to work on /home/airflow/.local/lib/python3.7/site-packages/airflow/example_dags/example_task_group_decorator.py
[2025-01-27T08:45:17.709+0000] {processor.py:756} INFO - Processing file /home/airflow/.local/lib/python3.7/site-packages/airflow/example_dags/example_task_group_decorator.py for tasks to queue
[2025-01-27T08:45:17.711+0000] {logging_mixin.py:120} INFO - [2025-01-27T08:45:17.711+0000] {dagbag.py:537} INFO - Filling up the DagBag from /home/airflow/.local/lib/python3.7/site-packages/airflow/example_dags/example_task_group_decorator.py
[2025-01-27T08:45:17.762+0000] {processor.py:766} INFO - DAG(s) dict_keys(['example_task_group_decorator']) retrieved from /home/airflow/.local/lib/python3.7/site-packages/airflow/example_dags/example_task_group_decorator.py
[2025-01-27T08:45:17.844+0000] {logging_mixin.py:120} INFO - [2025-01-27T08:45:17.844+0000] {dag.py:2585} INFO - Sync 1 DAGs
[2025-01-27T08:45:17.886+0000] {logging_mixin.py:120} INFO - [2025-01-27T08:45:17.886+0000] {dag.py:3340} INFO - Setting next_dagrun for example_task_group_decorator to 2025-01-26T08:45:17.886268+00:00, run_after=2025-01-27T08:45:17.886268+00:00
[2025-01-27T08:45:17.925+0000] {processor.py:176} INFO - Processing /home/airflow/.local/lib/python3.7/site-packages/airflow/example_dags/example_task_group_decorator.py took 0.224 seconds
[2025-01-27T08:45:48.623+0000] {processor.py:154} INFO - Started process (PID=1413) to work on /home/airflow/.local/lib/python3.7/site-packages/airflow/example_dags/example_task_group_decorator.py
[2025-01-27T08:45:48.624+0000] {processor.py:756} INFO - Processing file /home/airflow/.local/lib/python3.7/site-packages/airflow/example_dags/example_task_group_decorator.py for tasks to queue
[2025-01-27T08:45:48.626+0000] {logging_mixin.py:120} INFO - [2025-01-27T08:45:48.625+0000] {dagbag.py:537} INFO - Filling up the DagBag from /home/airflow/.local/lib/python3.7/site-packages/airflow/example_dags/example_task_group_decorator.py
[2025-01-27T08:45:48.690+0000] {processor.py:766} INFO - DAG(s) dict_keys(['example_task_group_decorator']) retrieved from /home/airflow/.local/lib/python3.7/site-packages/airflow/example_dags/example_task_group_decorator.py
[2025-01-27T08:45:48.768+0000] {logging_mixin.py:120} INFO - [2025-01-27T08:45:48.767+0000] {dag.py:2585} INFO - Sync 1 DAGs
[2025-01-27T08:45:48.820+0000] {logging_mixin.py:120} INFO - [2025-01-27T08:45:48.820+0000] {dag.py:3340} INFO - Setting next_dagrun for example_task_group_decorator to 2025-01-26T08:45:48.820321+00:00, run_after=2025-01-27T08:45:48.820321+00:00
[2025-01-27T08:45:48.860+0000] {processor.py:176} INFO - Processing /home/airflow/.local/lib/python3.7/site-packages/airflow/example_dags/example_task_group_decorator.py took 0.246 seconds
[2025-01-27T08:46:19.274+0000] {processor.py:154} INFO - Started process (PID=1475) to work on /home/airflow/.local/lib/python3.7/site-packages/airflow/example_dags/example_task_group_decorator.py
[2025-01-27T08:46:19.277+0000] {processor.py:756} INFO - Processing file /home/airflow/.local/lib/python3.7/site-packages/airflow/example_dags/example_task_group_decorator.py for tasks to queue
[2025-01-27T08:46:19.278+0000] {logging_mixin.py:120} INFO - [2025-01-27T08:46:19.278+0000] {dagbag.py:537} INFO - Filling up the DagBag from /home/airflow/.local/lib/python3.7/site-packages/airflow/example_dags/example_task_group_decorator.py
[2025-01-27T08:46:19.329+0000] {processor.py:766} INFO - DAG(s) dict_keys(['example_task_group_decorator']) retrieved from /home/airflow/.local/lib/python3.7/site-packages/airflow/example_dags/example_task_group_decorator.py
[2025-01-27T08:46:19.403+0000] {logging_mixin.py:120} INFO - [2025-01-27T08:46:19.403+0000] {dag.py:2585} INFO - Sync 1 DAGs
[2025-01-27T08:46:19.453+0000] {logging_mixin.py:120} INFO - [2025-01-27T08:46:19.453+0000] {dag.py:3340} INFO - Setting next_dagrun for example_task_group_decorator to 2025-01-26T08:46:19.452750+00:00, run_after=2025-01-27T08:46:19.452750+00:00
[2025-01-27T08:46:19.486+0000] {processor.py:176} INFO - Processing /home/airflow/.local/lib/python3.7/site-packages/airflow/example_dags/example_task_group_decorator.py took 0.219 seconds
[2025-01-27T08:46:49.739+0000] {processor.py:154} INFO - Started process (PID=1529) to work on /home/airflow/.local/lib/python3.7/site-packages/airflow/example_dags/example_task_group_decorator.py
[2025-01-27T08:46:49.741+0000] {processor.py:756} INFO - Processing file /home/airflow/.local/lib/python3.7/site-packages/airflow/example_dags/example_task_group_decorator.py for tasks to queue
[2025-01-27T08:46:49.743+0000] {logging_mixin.py:120} INFO - [2025-01-27T08:46:49.742+0000] {dagbag.py:537} INFO - Filling up the DagBag from /home/airflow/.local/lib/python3.7/site-packages/airflow/example_dags/example_task_group_decorator.py
[2025-01-27T08:46:49.793+0000] {processor.py:766} INFO - DAG(s) dict_keys(['example_task_group_decorator']) retrieved from /home/airflow/.local/lib/python3.7/site-packages/airflow/example_dags/example_task_group_decorator.py
[2025-01-27T08:46:49.878+0000] {logging_mixin.py:120} INFO - [2025-01-27T08:46:49.877+0000] {dag.py:2585} INFO - Sync 1 DAGs
[2025-01-27T08:46:49.929+0000] {logging_mixin.py:120} INFO - [2025-01-27T08:46:49.928+0000] {dag.py:3340} INFO - Setting next_dagrun for example_task_group_decorator to 2025-01-26T08:46:49.928510+00:00, run_after=2025-01-27T08:46:49.928510+00:00
[2025-01-27T08:46:49.966+0000] {processor.py:176} INFO - Processing /home/airflow/.local/lib/python3.7/site-packages/airflow/example_dags/example_task_group_decorator.py took 0.236 seconds
[2025-01-27T08:47:20.722+0000] {processor.py:154} INFO - Started process (PID=1591) to work on /home/airflow/.local/lib/python3.7/site-packages/airflow/example_dags/example_task_group_decorator.py
[2025-01-27T08:47:20.723+0000] {processor.py:756} INFO - Processing file /home/airflow/.local/lib/python3.7/site-packages/airflow/example_dags/example_task_group_decorator.py for tasks to queue
[2025-01-27T08:47:20.725+0000] {logging_mixin.py:120} INFO - [2025-01-27T08:47:20.725+0000] {dagbag.py:537} INFO - Filling up the DagBag from /home/airflow/.local/lib/python3.7/site-packages/airflow/example_dags/example_task_group_decorator.py
[2025-01-27T08:47:20.776+0000] {processor.py:766} INFO - DAG(s) dict_keys(['example_task_group_decorator']) retrieved from /home/airflow/.local/lib/python3.7/site-packages/airflow/example_dags/example_task_group_decorator.py
[2025-01-27T08:47:20.850+0000] {logging_mixin.py:120} INFO - [2025-01-27T08:47:20.850+0000] {dag.py:2585} INFO - Sync 1 DAGs
[2025-01-27T08:47:20.897+0000] {logging_mixin.py:120} INFO - [2025-01-27T08:47:20.897+0000] {dag.py:3340} INFO - Setting next_dagrun for example_task_group_decorator to 2025-01-26T08:47:20.896799+00:00, run_after=2025-01-27T08:47:20.896799+00:00
[2025-01-27T08:47:20.936+0000] {processor.py:176} INFO - Processing /home/airflow/.local/lib/python3.7/site-packages/airflow/example_dags/example_task_group_decorator.py took 0.219 seconds
[2025-01-27T08:47:51.233+0000] {processor.py:154} INFO - Started process (PID=1646) to work on /home/airflow/.local/lib/python3.7/site-packages/airflow/example_dags/example_task_group_decorator.py
[2025-01-27T08:47:51.235+0000] {processor.py:756} INFO - Processing file /home/airflow/.local/lib/python3.7/site-packages/airflow/example_dags/example_task_group_decorator.py for tasks to queue
[2025-01-27T08:47:51.237+0000] {logging_mixin.py:120} INFO - [2025-01-27T08:47:51.237+0000] {dagbag.py:537} INFO - Filling up the DagBag from /home/airflow/.local/lib/python3.7/site-packages/airflow/example_dags/example_task_group_decorator.py
[2025-01-27T08:47:51.304+0000] {processor.py:766} INFO - DAG(s) dict_keys(['example_task_group_decorator']) retrieved from /home/airflow/.local/lib/python3.7/site-packages/airflow/example_dags/example_task_group_decorator.py
[2025-01-27T08:47:51.391+0000] {logging_mixin.py:120} INFO - [2025-01-27T08:47:51.391+0000] {dag.py:2585} INFO - Sync 1 DAGs
[2025-01-27T08:47:51.446+0000] {logging_mixin.py:120} INFO - [2025-01-27T08:47:51.445+0000] {dag.py:3340} INFO - Setting next_dagrun for example_task_group_decorator to 2025-01-26T08:47:51.445374+00:00, run_after=2025-01-27T08:47:51.445374+00:00
[2025-01-27T08:47:51.482+0000] {processor.py:176} INFO - Processing /home/airflow/.local/lib/python3.7/site-packages/airflow/example_dags/example_task_group_decorator.py took 0.256 seconds
[2025-01-27T08:48:22.165+0000] {processor.py:154} INFO - Started process (PID=1709) to work on /home/airflow/.local/lib/python3.7/site-packages/airflow/example_dags/example_task_group_decorator.py
[2025-01-27T08:48:22.166+0000] {processor.py:756} INFO - Processing file /home/airflow/.local/lib/python3.7/site-packages/airflow/example_dags/example_task_group_decorator.py for tasks to queue
[2025-01-27T08:48:22.167+0000] {logging_mixin.py:120} INFO - [2025-01-27T08:48:22.167+0000] {dagbag.py:537} INFO - Filling up the DagBag from /home/airflow/.local/lib/python3.7/site-packages/airflow/example_dags/example_task_group_decorator.py
[2025-01-27T08:48:22.305+0000] {processor.py:766} INFO - DAG(s) dict_keys(['example_task_group_decorator']) retrieved from /home/airflow/.local/lib/python3.7/site-packages/airflow/example_dags/example_task_group_decorator.py
[2025-01-27T08:48:22.408+0000] {logging_mixin.py:120} INFO - [2025-01-27T08:48:22.407+0000] {dag.py:2585} INFO - Sync 1 DAGs
[2025-01-27T08:48:22.473+0000] {logging_mixin.py:120} INFO - [2025-01-27T08:48:22.473+0000] {dag.py:3340} INFO - Setting next_dagrun for example_task_group_decorator to 2025-01-26T08:48:22.471654+00:00, run_after=2025-01-27T08:48:22.471654+00:00
[2025-01-27T08:48:22.515+0000] {processor.py:176} INFO - Processing /home/airflow/.local/lib/python3.7/site-packages/airflow/example_dags/example_task_group_decorator.py took 0.356 seconds
[2025-01-27T08:48:52.767+0000] {processor.py:154} INFO - Started process (PID=1763) to work on /home/airflow/.local/lib/python3.7/site-packages/airflow/example_dags/example_task_group_decorator.py
[2025-01-27T08:48:52.768+0000] {processor.py:756} INFO - Processing file /home/airflow/.local/lib/python3.7/site-packages/airflow/example_dags/example_task_group_decorator.py for tasks to queue
[2025-01-27T08:48:52.773+0000] {logging_mixin.py:120} INFO - [2025-01-27T08:48:52.773+0000] {dagbag.py:537} INFO - Filling up the DagBag from /home/airflow/.local/lib/python3.7/site-packages/airflow/example_dags/example_task_group_decorator.py
[2025-01-27T08:48:52.825+0000] {processor.py:766} INFO - DAG(s) dict_keys(['example_task_group_decorator']) retrieved from /home/airflow/.local/lib/python3.7/site-packages/airflow/example_dags/example_task_group_decorator.py
[2025-01-27T08:48:52.902+0000] {logging_mixin.py:120} INFO - [2025-01-27T08:48:52.902+0000] {dag.py:2585} INFO - Sync 1 DAGs
[2025-01-27T08:48:52.949+0000] {logging_mixin.py:120} INFO - [2025-01-27T08:48:52.948+0000] {dag.py:3340} INFO - Setting next_dagrun for example_task_group_decorator to 2025-01-26T08:48:52.948424+00:00, run_after=2025-01-27T08:48:52.948424+00:00
[2025-01-27T08:48:52.989+0000] {processor.py:176} INFO - Processing /home/airflow/.local/lib/python3.7/site-packages/airflow/example_dags/example_task_group_decorator.py took 0.228 seconds
[2025-01-27T08:49:23.865+0000] {processor.py:154} INFO - Started process (PID=1826) to work on /home/airflow/.local/lib/python3.7/site-packages/airflow/example_dags/example_task_group_decorator.py
[2025-01-27T08:49:23.866+0000] {processor.py:756} INFO - Processing file /home/airflow/.local/lib/python3.7/site-packages/airflow/example_dags/example_task_group_decorator.py for tasks to queue
[2025-01-27T08:49:23.871+0000] {logging_mixin.py:120} INFO - [2025-01-27T08:49:23.871+0000] {dagbag.py:537} INFO - Filling up the DagBag from /home/airflow/.local/lib/python3.7/site-packages/airflow/example_dags/example_task_group_decorator.py
[2025-01-27T08:49:23.922+0000] {processor.py:766} INFO - DAG(s) dict_keys(['example_task_group_decorator']) retrieved from /home/airflow/.local/lib/python3.7/site-packages/airflow/example_dags/example_task_group_decorator.py
[2025-01-27T08:49:24.008+0000] {logging_mixin.py:120} INFO - [2025-01-27T08:49:24.007+0000] {dag.py:2585} INFO - Sync 1 DAGs
[2025-01-27T08:49:24.059+0000] {logging_mixin.py:120} INFO - [2025-01-27T08:49:24.059+0000] {dag.py:3340} INFO - Setting next_dagrun for example_task_group_decorator to 2025-01-26T08:49:24.058643+00:00, run_after=2025-01-27T08:49:24.058643+00:00
[2025-01-27T08:49:24.093+0000] {processor.py:176} INFO - Processing /home/airflow/.local/lib/python3.7/site-packages/airflow/example_dags/example_task_group_decorator.py took 0.234 seconds
[2025-01-27T08:49:54.208+0000] {processor.py:154} INFO - Started process (PID=1880) to work on /home/airflow/.local/lib/python3.7/site-packages/airflow/example_dags/example_task_group_decorator.py
[2025-01-27T08:49:54.211+0000] {processor.py:756} INFO - Processing file /home/airflow/.local/lib/python3.7/site-packages/airflow/example_dags/example_task_group_decorator.py for tasks to queue
[2025-01-27T08:49:54.215+0000] {logging_mixin.py:120} INFO - [2025-01-27T08:49:54.214+0000] {dagbag.py:537} INFO - Filling up the DagBag from /home/airflow/.local/lib/python3.7/site-packages/airflow/example_dags/example_task_group_decorator.py
[2025-01-27T08:49:54.282+0000] {processor.py:766} INFO - DAG(s) dict_keys(['example_task_group_decorator']) retrieved from /home/airflow/.local/lib/python3.7/site-packages/airflow/example_dags/example_task_group_decorator.py
[2025-01-27T08:49:54.376+0000] {logging_mixin.py:120} INFO - [2025-01-27T08:49:54.376+0000] {dag.py:2585} INFO - Sync 1 DAGs
[2025-01-27T08:49:54.431+0000] {logging_mixin.py:120} INFO - [2025-01-27T08:49:54.431+0000] {dag.py:3340} INFO - Setting next_dagrun for example_task_group_decorator to 2025-01-26T08:49:54.430778+00:00, run_after=2025-01-27T08:49:54.430778+00:00
[2025-01-27T08:49:54.467+0000] {processor.py:176} INFO - Processing /home/airflow/.local/lib/python3.7/site-packages/airflow/example_dags/example_task_group_decorator.py took 0.267 seconds
[2025-01-27T08:50:24.824+0000] {processor.py:154} INFO - Started process (PID=1941) to work on /home/airflow/.local/lib/python3.7/site-packages/airflow/example_dags/example_task_group_decorator.py
[2025-01-27T08:50:24.826+0000] {processor.py:756} INFO - Processing file /home/airflow/.local/lib/python3.7/site-packages/airflow/example_dags/example_task_group_decorator.py for tasks to queue
[2025-01-27T08:50:24.829+0000] {logging_mixin.py:120} INFO - [2025-01-27T08:50:24.829+0000] {dagbag.py:537} INFO - Filling up the DagBag from /home/airflow/.local/lib/python3.7/site-packages/airflow/example_dags/example_task_group_decorator.py
[2025-01-27T08:50:24.890+0000] {processor.py:766} INFO - DAG(s) dict_keys(['example_task_group_decorator']) retrieved from /home/airflow/.local/lib/python3.7/site-packages/airflow/example_dags/example_task_group_decorator.py
[2025-01-27T08:50:24.986+0000] {logging_mixin.py:120} INFO - [2025-01-27T08:50:24.986+0000] {dag.py:2585} INFO - Sync 1 DAGs
[2025-01-27T08:50:25.049+0000] {logging_mixin.py:120} INFO - [2025-01-27T08:50:25.049+0000] {dag.py:3340} INFO - Setting next_dagrun for example_task_group_decorator to 2025-01-26T08:50:25.048818+00:00, run_after=2025-01-27T08:50:25.048818+00:00
[2025-01-27T08:50:25.101+0000] {processor.py:176} INFO - Processing /home/airflow/.local/lib/python3.7/site-packages/airflow/example_dags/example_task_group_decorator.py took 0.284 seconds
[2025-01-27T08:50:55.505+0000] {processor.py:154} INFO - Started process (PID=1996) to work on /home/airflow/.local/lib/python3.7/site-packages/airflow/example_dags/example_task_group_decorator.py
[2025-01-27T08:50:55.508+0000] {processor.py:756} INFO - Processing file /home/airflow/.local/lib/python3.7/site-packages/airflow/example_dags/example_task_group_decorator.py for tasks to queue
[2025-01-27T08:50:55.509+0000] {logging_mixin.py:120} INFO - [2025-01-27T08:50:55.509+0000] {dagbag.py:537} INFO - Filling up the DagBag from /home/airflow/.local/lib/python3.7/site-packages/airflow/example_dags/example_task_group_decorator.py
[2025-01-27T08:50:55.559+0000] {processor.py:766} INFO - DAG(s) dict_keys(['example_task_group_decorator']) retrieved from /home/airflow/.local/lib/python3.7/site-packages/airflow/example_dags/example_task_group_decorator.py
[2025-01-27T08:50:55.644+0000] {logging_mixin.py:120} INFO - [2025-01-27T08:50:55.644+0000] {dag.py:2585} INFO - Sync 1 DAGs
[2025-01-27T08:50:55.691+0000] {logging_mixin.py:120} INFO - [2025-01-27T08:50:55.691+0000] {dag.py:3340} INFO - Setting next_dagrun for example_task_group_decorator to 2025-01-26T08:50:55.691046+00:00, run_after=2025-01-27T08:50:55.691046+00:00
[2025-01-27T08:50:55.730+0000] {processor.py:176} INFO - Processing /home/airflow/.local/lib/python3.7/site-packages/airflow/example_dags/example_task_group_decorator.py took 0.229 seconds
[2025-01-27T08:51:26.349+0000] {processor.py:154} INFO - Started process (PID=2050) to work on /home/airflow/.local/lib/python3.7/site-packages/airflow/example_dags/example_task_group_decorator.py
[2025-01-27T08:51:26.355+0000] {processor.py:756} INFO - Processing file /home/airflow/.local/lib/python3.7/site-packages/airflow/example_dags/example_task_group_decorator.py for tasks to queue
[2025-01-27T08:51:26.357+0000] {logging_mixin.py:120} INFO - [2025-01-27T08:51:26.357+0000] {dagbag.py:537} INFO - Filling up the DagBag from /home/airflow/.local/lib/python3.7/site-packages/airflow/example_dags/example_task_group_decorator.py
[2025-01-27T08:51:26.428+0000] {processor.py:766} INFO - DAG(s) dict_keys(['example_task_group_decorator']) retrieved from /home/airflow/.local/lib/python3.7/site-packages/airflow/example_dags/example_task_group_decorator.py
[2025-01-27T08:51:26.526+0000] {logging_mixin.py:120} INFO - [2025-01-27T08:51:26.526+0000] {dag.py:2585} INFO - Sync 1 DAGs
[2025-01-27T08:51:26.590+0000] {logging_mixin.py:120} INFO - [2025-01-27T08:51:26.590+0000] {dag.py:3340} INFO - Setting next_dagrun for example_task_group_decorator to 2025-01-26T08:51:26.590016+00:00, run_after=2025-01-27T08:51:26.590016+00:00
[2025-01-27T08:51:26.636+0000] {processor.py:176} INFO - Processing /home/airflow/.local/lib/python3.7/site-packages/airflow/example_dags/example_task_group_decorator.py took 0.293 seconds
[2025-01-27T08:51:56.968+0000] {processor.py:154} INFO - Started process (PID=2112) to work on /home/airflow/.local/lib/python3.7/site-packages/airflow/example_dags/example_task_group_decorator.py
[2025-01-27T08:51:56.971+0000] {processor.py:756} INFO - Processing file /home/airflow/.local/lib/python3.7/site-packages/airflow/example_dags/example_task_group_decorator.py for tasks to queue
[2025-01-27T08:51:56.976+0000] {logging_mixin.py:120} INFO - [2025-01-27T08:51:56.975+0000] {dagbag.py:537} INFO - Filling up the DagBag from /home/airflow/.local/lib/python3.7/site-packages/airflow/example_dags/example_task_group_decorator.py
[2025-01-27T08:51:57.025+0000] {processor.py:766} INFO - DAG(s) dict_keys(['example_task_group_decorator']) retrieved from /home/airflow/.local/lib/python3.7/site-packages/airflow/example_dags/example_task_group_decorator.py
[2025-01-27T08:51:57.097+0000] {logging_mixin.py:120} INFO - [2025-01-27T08:51:57.096+0000] {dag.py:2585} INFO - Sync 1 DAGs
[2025-01-27T08:51:57.144+0000] {logging_mixin.py:120} INFO - [2025-01-27T08:51:57.144+0000] {dag.py:3340} INFO - Setting next_dagrun for example_task_group_decorator to 2025-01-26T08:51:57.144276+00:00, run_after=2025-01-27T08:51:57.144276+00:00
[2025-01-27T08:51:57.181+0000] {processor.py:176} INFO - Processing /home/airflow/.local/lib/python3.7/site-packages/airflow/example_dags/example_task_group_decorator.py took 0.217 seconds
[2025-01-27T08:52:27.259+0000] {processor.py:154} INFO - Started process (PID=2166) to work on /home/airflow/.local/lib/python3.7/site-packages/airflow/example_dags/example_task_group_decorator.py
[2025-01-27T08:52:27.261+0000] {processor.py:756} INFO - Processing file /home/airflow/.local/lib/python3.7/site-packages/airflow/example_dags/example_task_group_decorator.py for tasks to queue
[2025-01-27T08:52:27.262+0000] {logging_mixin.py:120} INFO - [2025-01-27T08:52:27.262+0000] {dagbag.py:537} INFO - Filling up the DagBag from /home/airflow/.local/lib/python3.7/site-packages/airflow/example_dags/example_task_group_decorator.py
[2025-01-27T08:52:27.311+0000] {processor.py:766} INFO - DAG(s) dict_keys(['example_task_group_decorator']) retrieved from /home/airflow/.local/lib/python3.7/site-packages/airflow/example_dags/example_task_group_decorator.py
[2025-01-27T08:52:27.386+0000] {logging_mixin.py:120} INFO - [2025-01-27T08:52:27.386+0000] {dag.py:2585} INFO - Sync 1 DAGs
[2025-01-27T08:52:27.431+0000] {logging_mixin.py:120} INFO - [2025-01-27T08:52:27.431+0000] {dag.py:3340} INFO - Setting next_dagrun for example_task_group_decorator to 2025-01-26T08:52:27.430858+00:00, run_after=2025-01-27T08:52:27.430858+00:00
[2025-01-27T08:52:27.461+0000] {processor.py:176} INFO - Processing /home/airflow/.local/lib/python3.7/site-packages/airflow/example_dags/example_task_group_decorator.py took 0.207 seconds
[2025-01-27T08:52:57.733+0000] {processor.py:154} INFO - Started process (PID=2229) to work on /home/airflow/.local/lib/python3.7/site-packages/airflow/example_dags/example_task_group_decorator.py
[2025-01-27T08:52:57.736+0000] {processor.py:756} INFO - Processing file /home/airflow/.local/lib/python3.7/site-packages/airflow/example_dags/example_task_group_decorator.py for tasks to queue
[2025-01-27T08:52:57.739+0000] {logging_mixin.py:120} INFO - [2025-01-27T08:52:57.737+0000] {dagbag.py:537} INFO - Filling up the DagBag from /home/airflow/.local/lib/python3.7/site-packages/airflow/example_dags/example_task_group_decorator.py
[2025-01-27T08:52:57.797+0000] {processor.py:766} INFO - DAG(s) dict_keys(['example_task_group_decorator']) retrieved from /home/airflow/.local/lib/python3.7/site-packages/airflow/example_dags/example_task_group_decorator.py
[2025-01-27T08:52:57.870+0000] {logging_mixin.py:120} INFO - [2025-01-27T08:52:57.869+0000] {dag.py:2585} INFO - Sync 1 DAGs
[2025-01-27T08:52:57.921+0000] {logging_mixin.py:120} INFO - [2025-01-27T08:52:57.921+0000] {dag.py:3340} INFO - Setting next_dagrun for example_task_group_decorator to 2025-01-26T08:52:57.921234+00:00, run_after=2025-01-27T08:52:57.921234+00:00
[2025-01-27T08:52:57.960+0000] {processor.py:176} INFO - Processing /home/airflow/.local/lib/python3.7/site-packages/airflow/example_dags/example_task_group_decorator.py took 0.233 seconds
[2025-01-27T08:53:28.204+0000] {processor.py:154} INFO - Started process (PID=2283) to work on /home/airflow/.local/lib/python3.7/site-packages/airflow/example_dags/example_task_group_decorator.py
[2025-01-27T08:53:28.208+0000] {processor.py:756} INFO - Processing file /home/airflow/.local/lib/python3.7/site-packages/airflow/example_dags/example_task_group_decorator.py for tasks to queue
[2025-01-27T08:53:28.209+0000] {logging_mixin.py:120} INFO - [2025-01-27T08:53:28.209+0000] {dagbag.py:537} INFO - Filling up the DagBag from /home/airflow/.local/lib/python3.7/site-packages/airflow/example_dags/example_task_group_decorator.py
[2025-01-27T08:53:28.258+0000] {processor.py:766} INFO - DAG(s) dict_keys(['example_task_group_decorator']) retrieved from /home/airflow/.local/lib/python3.7/site-packages/airflow/example_dags/example_task_group_decorator.py
[2025-01-27T08:53:28.343+0000] {logging_mixin.py:120} INFO - [2025-01-27T08:53:28.343+0000] {dag.py:2585} INFO - Sync 1 DAGs
[2025-01-27T08:53:28.390+0000] {logging_mixin.py:120} INFO - [2025-01-27T08:53:28.390+0000] {dag.py:3340} INFO - Setting next_dagrun for example_task_group_decorator to 2025-01-26T08:53:28.390119+00:00, run_after=2025-01-27T08:53:28.390119+00:00
[2025-01-27T08:53:28.427+0000] {processor.py:176} INFO - Processing /home/airflow/.local/lib/python3.7/site-packages/airflow/example_dags/example_task_group_decorator.py took 0.228 seconds
[2025-01-27T08:53:58.803+0000] {processor.py:154} INFO - Started process (PID=2345) to work on /home/airflow/.local/lib/python3.7/site-packages/airflow/example_dags/example_task_group_decorator.py
[2025-01-27T08:53:58.806+0000] {processor.py:756} INFO - Processing file /home/airflow/.local/lib/python3.7/site-packages/airflow/example_dags/example_task_group_decorator.py for tasks to queue
[2025-01-27T08:53:58.809+0000] {logging_mixin.py:120} INFO - [2025-01-27T08:53:58.808+0000] {dagbag.py:537} INFO - Filling up the DagBag from /home/airflow/.local/lib/python3.7/site-packages/airflow/example_dags/example_task_group_decorator.py
[2025-01-27T08:53:58.865+0000] {processor.py:766} INFO - DAG(s) dict_keys(['example_task_group_decorator']) retrieved from /home/airflow/.local/lib/python3.7/site-packages/airflow/example_dags/example_task_group_decorator.py
[2025-01-27T08:53:58.938+0000] {logging_mixin.py:120} INFO - [2025-01-27T08:53:58.938+0000] {dag.py:2585} INFO - Sync 1 DAGs
[2025-01-27T08:53:58.987+0000] {logging_mixin.py:120} INFO - [2025-01-27T08:53:58.987+0000] {dag.py:3340} INFO - Setting next_dagrun for example_task_group_decorator to 2025-01-26T08:53:58.986671+00:00, run_after=2025-01-27T08:53:58.986671+00:00
[2025-01-27T08:53:59.028+0000] {processor.py:176} INFO - Processing /home/airflow/.local/lib/python3.7/site-packages/airflow/example_dags/example_task_group_decorator.py took 0.230 seconds
[2025-01-27T08:54:29.525+0000] {processor.py:154} INFO - Started process (PID=2399) to work on /home/airflow/.local/lib/python3.7/site-packages/airflow/example_dags/example_task_group_decorator.py
[2025-01-27T08:54:29.526+0000] {processor.py:756} INFO - Processing file /home/airflow/.local/lib/python3.7/site-packages/airflow/example_dags/example_task_group_decorator.py for tasks to queue
[2025-01-27T08:54:29.527+0000] {logging_mixin.py:120} INFO - [2025-01-27T08:54:29.527+0000] {dagbag.py:537} INFO - Filling up the DagBag from /home/airflow/.local/lib/python3.7/site-packages/airflow/example_dags/example_task_group_decorator.py
[2025-01-27T08:54:29.577+0000] {processor.py:766} INFO - DAG(s) dict_keys(['example_task_group_decorator']) retrieved from /home/airflow/.local/lib/python3.7/site-packages/airflow/example_dags/example_task_group_decorator.py
[2025-01-27T08:54:29.654+0000] {logging_mixin.py:120} INFO - [2025-01-27T08:54:29.653+0000] {dag.py:2585} INFO - Sync 1 DAGs
[2025-01-27T08:54:29.699+0000] {logging_mixin.py:120} INFO - [2025-01-27T08:54:29.699+0000] {dag.py:3340} INFO - Setting next_dagrun for example_task_group_decorator to 2025-01-26T08:54:29.699185+00:00, run_after=2025-01-27T08:54:29.699185+00:00
[2025-01-27T08:54:29.732+0000] {processor.py:176} INFO - Processing /home/airflow/.local/lib/python3.7/site-packages/airflow/example_dags/example_task_group_decorator.py took 0.213 seconds
[2025-01-27T08:55:00.294+0000] {processor.py:154} INFO - Started process (PID=2462) to work on /home/airflow/.local/lib/python3.7/site-packages/airflow/example_dags/example_task_group_decorator.py
[2025-01-27T08:55:00.295+0000] {processor.py:756} INFO - Processing file /home/airflow/.local/lib/python3.7/site-packages/airflow/example_dags/example_task_group_decorator.py for tasks to queue
[2025-01-27T08:55:00.298+0000] {logging_mixin.py:120} INFO - [2025-01-27T08:55:00.298+0000] {dagbag.py:537} INFO - Filling up the DagBag from /home/airflow/.local/lib/python3.7/site-packages/airflow/example_dags/example_task_group_decorator.py
[2025-01-27T08:55:00.351+0000] {processor.py:766} INFO - DAG(s) dict_keys(['example_task_group_decorator']) retrieved from /home/airflow/.local/lib/python3.7/site-packages/airflow/example_dags/example_task_group_decorator.py
[2025-01-27T08:55:00.427+0000] {logging_mixin.py:120} INFO - [2025-01-27T08:55:00.427+0000] {dag.py:2585} INFO - Sync 1 DAGs
[2025-01-27T08:55:00.470+0000] {logging_mixin.py:120} INFO - [2025-01-27T08:55:00.469+0000] {dag.py:3340} INFO - Setting next_dagrun for example_task_group_decorator to 2025-01-26T08:55:00.469580+00:00, run_after=2025-01-27T08:55:00.469580+00:00
[2025-01-27T08:55:00.508+0000] {processor.py:176} INFO - Processing /home/airflow/.local/lib/python3.7/site-packages/airflow/example_dags/example_task_group_decorator.py took 0.220 seconds
[2025-01-27T08:55:31.501+0000] {processor.py:154} INFO - Started process (PID=2515) to work on /home/airflow/.local/lib/python3.7/site-packages/airflow/example_dags/example_task_group_decorator.py
[2025-01-27T08:55:31.504+0000] {processor.py:756} INFO - Processing file /home/airflow/.local/lib/python3.7/site-packages/airflow/example_dags/example_task_group_decorator.py for tasks to queue
[2025-01-27T08:55:31.509+0000] {logging_mixin.py:120} INFO - [2025-01-27T08:55:31.508+0000] {dagbag.py:537} INFO - Filling up the DagBag from /home/airflow/.local/lib/python3.7/site-packages/airflow/example_dags/example_task_group_decorator.py
[2025-01-27T08:55:31.567+0000] {processor.py:766} INFO - DAG(s) dict_keys(['example_task_group_decorator']) retrieved from /home/airflow/.local/lib/python3.7/site-packages/airflow/example_dags/example_task_group_decorator.py
[2025-01-27T08:55:31.651+0000] {logging_mixin.py:120} INFO - [2025-01-27T08:55:31.651+0000] {dag.py:2585} INFO - Sync 1 DAGs
[2025-01-27T08:55:31.695+0000] {logging_mixin.py:120} INFO - [2025-01-27T08:55:31.695+0000] {dag.py:3340} INFO - Setting next_dagrun for example_task_group_decorator to 2025-01-26T08:55:31.695043+00:00, run_after=2025-01-27T08:55:31.695043+00:00
[2025-01-27T08:55:31.735+0000] {processor.py:176} INFO - Processing /home/airflow/.local/lib/python3.7/site-packages/airflow/example_dags/example_task_group_decorator.py took 0.239 seconds
[2025-01-27T08:56:02.317+0000] {processor.py:154} INFO - Started process (PID=2577) to work on /home/airflow/.local/lib/python3.7/site-packages/airflow/example_dags/example_task_group_decorator.py
[2025-01-27T08:56:02.318+0000] {processor.py:756} INFO - Processing file /home/airflow/.local/lib/python3.7/site-packages/airflow/example_dags/example_task_group_decorator.py for tasks to queue
[2025-01-27T08:56:02.319+0000] {logging_mixin.py:120} INFO - [2025-01-27T08:56:02.319+0000] {dagbag.py:537} INFO - Filling up the DagBag from /home/airflow/.local/lib/python3.7/site-packages/airflow/example_dags/example_task_group_decorator.py
[2025-01-27T08:56:02.370+0000] {processor.py:766} INFO - DAG(s) dict_keys(['example_task_group_decorator']) retrieved from /home/airflow/.local/lib/python3.7/site-packages/airflow/example_dags/example_task_group_decorator.py
[2025-01-27T08:56:02.459+0000] {logging_mixin.py:120} INFO - [2025-01-27T08:56:02.459+0000] {dag.py:2585} INFO - Sync 1 DAGs
[2025-01-27T08:56:02.502+0000] {logging_mixin.py:120} INFO - [2025-01-27T08:56:02.502+0000] {dag.py:3340} INFO - Setting next_dagrun for example_task_group_decorator to 2025-01-26T08:56:02.502443+00:00, run_after=2025-01-27T08:56:02.502443+00:00
[2025-01-27T08:56:02.536+0000] {processor.py:176} INFO - Processing /home/airflow/.local/lib/python3.7/site-packages/airflow/example_dags/example_task_group_decorator.py took 0.224 seconds
[2025-01-27T08:56:33.213+0000] {processor.py:154} INFO - Started process (PID=2631) to work on /home/airflow/.local/lib/python3.7/site-packages/airflow/example_dags/example_task_group_decorator.py
[2025-01-27T08:56:33.215+0000] {processor.py:756} INFO - Processing file /home/airflow/.local/lib/python3.7/site-packages/airflow/example_dags/example_task_group_decorator.py for tasks to queue
[2025-01-27T08:56:33.216+0000] {logging_mixin.py:120} INFO - [2025-01-27T08:56:33.216+0000] {dagbag.py:537} INFO - Filling up the DagBag from /home/airflow/.local/lib/python3.7/site-packages/airflow/example_dags/example_task_group_decorator.py
[2025-01-27T08:56:33.276+0000] {processor.py:766} INFO - DAG(s) dict_keys(['example_task_group_decorator']) retrieved from /home/airflow/.local/lib/python3.7/site-packages/airflow/example_dags/example_task_group_decorator.py
[2025-01-27T08:56:33.359+0000] {logging_mixin.py:120} INFO - [2025-01-27T08:56:33.359+0000] {dag.py:2585} INFO - Sync 1 DAGs
[2025-01-27T08:56:33.415+0000] {logging_mixin.py:120} INFO - [2025-01-27T08:56:33.415+0000] {dag.py:3340} INFO - Setting next_dagrun for example_task_group_decorator to 2025-01-26T08:56:33.414696+00:00, run_after=2025-01-27T08:56:33.414696+00:00
[2025-01-27T08:56:33.455+0000] {processor.py:176} INFO - Processing /home/airflow/.local/lib/python3.7/site-packages/airflow/example_dags/example_task_group_decorator.py took 0.254 seconds
[2025-01-27T08:57:03.941+0000] {processor.py:154} INFO - Started process (PID=2692) to work on /home/airflow/.local/lib/python3.7/site-packages/airflow/example_dags/example_task_group_decorator.py
[2025-01-27T08:57:03.943+0000] {processor.py:756} INFO - Processing file /home/airflow/.local/lib/python3.7/site-packages/airflow/example_dags/example_task_group_decorator.py for tasks to queue
[2025-01-27T08:57:03.944+0000] {logging_mixin.py:120} INFO - [2025-01-27T08:57:03.944+0000] {dagbag.py:537} INFO - Filling up the DagBag from /home/airflow/.local/lib/python3.7/site-packages/airflow/example_dags/example_task_group_decorator.py
[2025-01-27T08:57:03.993+0000] {processor.py:766} INFO - DAG(s) dict_keys(['example_task_group_decorator']) retrieved from /home/airflow/.local/lib/python3.7/site-packages/airflow/example_dags/example_task_group_decorator.py
[2025-01-27T08:57:04.076+0000] {logging_mixin.py:120} INFO - [2025-01-27T08:57:04.075+0000] {dag.py:2585} INFO - Sync 1 DAGs
[2025-01-27T08:57:04.121+0000] {logging_mixin.py:120} INFO - [2025-01-27T08:57:04.121+0000] {dag.py:3340} INFO - Setting next_dagrun for example_task_group_decorator to 2025-01-26T08:57:04.121258+00:00, run_after=2025-01-27T08:57:04.121258+00:00
[2025-01-27T08:57:04.155+0000] {processor.py:176} INFO - Processing /home/airflow/.local/lib/python3.7/site-packages/airflow/example_dags/example_task_group_decorator.py took 0.223 seconds
[2025-01-27T08:57:34.586+0000] {processor.py:154} INFO - Started process (PID=2745) to work on /home/airflow/.local/lib/python3.7/site-packages/airflow/example_dags/example_task_group_decorator.py
[2025-01-27T08:57:34.588+0000] {processor.py:756} INFO - Processing file /home/airflow/.local/lib/python3.7/site-packages/airflow/example_dags/example_task_group_decorator.py for tasks to queue
[2025-01-27T08:57:34.589+0000] {logging_mixin.py:120} INFO - [2025-01-27T08:57:34.589+0000] {dagbag.py:537} INFO - Filling up the DagBag from /home/airflow/.local/lib/python3.7/site-packages/airflow/example_dags/example_task_group_decorator.py
[2025-01-27T08:57:34.646+0000] {processor.py:766} INFO - DAG(s) dict_keys(['example_task_group_decorator']) retrieved from /home/airflow/.local/lib/python3.7/site-packages/airflow/example_dags/example_task_group_decorator.py
[2025-01-27T08:57:34.737+0000] {logging_mixin.py:120} INFO - [2025-01-27T08:57:34.736+0000] {dag.py:2585} INFO - Sync 1 DAGs
[2025-01-27T08:57:34.797+0000] {logging_mixin.py:120} INFO - [2025-01-27T08:57:34.797+0000] {dag.py:3340} INFO - Setting next_dagrun for example_task_group_decorator to 2025-01-26T08:57:34.796717+00:00, run_after=2025-01-27T08:57:34.796717+00:00
[2025-01-27T08:57:34.856+0000] {processor.py:176} INFO - Processing /home/airflow/.local/lib/python3.7/site-packages/airflow/example_dags/example_task_group_decorator.py took 0.276 seconds
[2025-01-27T08:58:05.702+0000] {processor.py:154} INFO - Started process (PID=2808) to work on /home/airflow/.local/lib/python3.7/site-packages/airflow/example_dags/example_task_group_decorator.py
[2025-01-27T08:58:05.703+0000] {processor.py:756} INFO - Processing file /home/airflow/.local/lib/python3.7/site-packages/airflow/example_dags/example_task_group_decorator.py for tasks to queue
[2025-01-27T08:58:05.705+0000] {logging_mixin.py:120} INFO - [2025-01-27T08:58:05.705+0000] {dagbag.py:537} INFO - Filling up the DagBag from /home/airflow/.local/lib/python3.7/site-packages/airflow/example_dags/example_task_group_decorator.py
[2025-01-27T08:58:05.755+0000] {processor.py:766} INFO - DAG(s) dict_keys(['example_task_group_decorator']) retrieved from /home/airflow/.local/lib/python3.7/site-packages/airflow/example_dags/example_task_group_decorator.py
[2025-01-27T08:58:05.838+0000] {logging_mixin.py:120} INFO - [2025-01-27T08:58:05.837+0000] {dag.py:2585} INFO - Sync 1 DAGs
[2025-01-27T08:58:05.897+0000] {logging_mixin.py:120} INFO - [2025-01-27T08:58:05.897+0000] {dag.py:3340} INFO - Setting next_dagrun for example_task_group_decorator to 2025-01-26T08:58:05.896880+00:00, run_after=2025-01-27T08:58:05.896880+00:00
[2025-01-27T08:58:05.936+0000] {processor.py:176} INFO - Processing /home/airflow/.local/lib/python3.7/site-packages/airflow/example_dags/example_task_group_decorator.py took 0.239 seconds
[2025-01-27T08:58:36.067+0000] {processor.py:154} INFO - Started process (PID=2862) to work on /home/airflow/.local/lib/python3.7/site-packages/airflow/example_dags/example_task_group_decorator.py
[2025-01-27T08:58:36.068+0000] {processor.py:756} INFO - Processing file /home/airflow/.local/lib/python3.7/site-packages/airflow/example_dags/example_task_group_decorator.py for tasks to queue
[2025-01-27T08:58:36.069+0000] {logging_mixin.py:120} INFO - [2025-01-27T08:58:36.069+0000] {dagbag.py:537} INFO - Filling up the DagBag from /home/airflow/.local/lib/python3.7/site-packages/airflow/example_dags/example_task_group_decorator.py
[2025-01-27T08:58:36.124+0000] {processor.py:766} INFO - DAG(s) dict_keys(['example_task_group_decorator']) retrieved from /home/airflow/.local/lib/python3.7/site-packages/airflow/example_dags/example_task_group_decorator.py
[2025-01-27T08:58:36.228+0000] {logging_mixin.py:120} INFO - [2025-01-27T08:58:36.227+0000] {dag.py:2585} INFO - Sync 1 DAGs
[2025-01-27T08:58:36.277+0000] {logging_mixin.py:120} INFO - [2025-01-27T08:58:36.276+0000] {dag.py:3340} INFO - Setting next_dagrun for example_task_group_decorator to 2025-01-26T08:58:36.276456+00:00, run_after=2025-01-27T08:58:36.276456+00:00
[2025-01-27T08:58:36.314+0000] {processor.py:176} INFO - Processing /home/airflow/.local/lib/python3.7/site-packages/airflow/example_dags/example_task_group_decorator.py took 0.253 seconds
[2025-01-27T08:59:06.812+0000] {processor.py:154} INFO - Started process (PID=2925) to work on /home/airflow/.local/lib/python3.7/site-packages/airflow/example_dags/example_task_group_decorator.py
[2025-01-27T08:59:06.814+0000] {processor.py:756} INFO - Processing file /home/airflow/.local/lib/python3.7/site-packages/airflow/example_dags/example_task_group_decorator.py for tasks to queue
[2025-01-27T08:59:06.815+0000] {logging_mixin.py:120} INFO - [2025-01-27T08:59:06.815+0000] {dagbag.py:537} INFO - Filling up the DagBag from /home/airflow/.local/lib/python3.7/site-packages/airflow/example_dags/example_task_group_decorator.py
[2025-01-27T08:59:06.865+0000] {processor.py:766} INFO - DAG(s) dict_keys(['example_task_group_decorator']) retrieved from /home/airflow/.local/lib/python3.7/site-packages/airflow/example_dags/example_task_group_decorator.py
[2025-01-27T08:59:06.950+0000] {logging_mixin.py:120} INFO - [2025-01-27T08:59:06.950+0000] {dag.py:2585} INFO - Sync 1 DAGs
[2025-01-27T08:59:06.998+0000] {logging_mixin.py:120} INFO - [2025-01-27T08:59:06.998+0000] {dag.py:3340} INFO - Setting next_dagrun for example_task_group_decorator to 2025-01-26T08:59:06.998363+00:00, run_after=2025-01-27T08:59:06.998363+00:00
[2025-01-27T08:59:07.033+0000] {processor.py:176} INFO - Processing /home/airflow/.local/lib/python3.7/site-packages/airflow/example_dags/example_task_group_decorator.py took 0.227 seconds
[2025-01-27T08:59:38.095+0000] {processor.py:154} INFO - Started process (PID=2978) to work on /home/airflow/.local/lib/python3.7/site-packages/airflow/example_dags/example_task_group_decorator.py
[2025-01-27T08:59:38.097+0000] {processor.py:756} INFO - Processing file /home/airflow/.local/lib/python3.7/site-packages/airflow/example_dags/example_task_group_decorator.py for tasks to queue
[2025-01-27T08:59:38.098+0000] {logging_mixin.py:120} INFO - [2025-01-27T08:59:38.098+0000] {dagbag.py:537} INFO - Filling up the DagBag from /home/airflow/.local/lib/python3.7/site-packages/airflow/example_dags/example_task_group_decorator.py
[2025-01-27T08:59:38.167+0000] {processor.py:766} INFO - DAG(s) dict_keys(['example_task_group_decorator']) retrieved from /home/airflow/.local/lib/python3.7/site-packages/airflow/example_dags/example_task_group_decorator.py
[2025-01-27T08:59:38.257+0000] {logging_mixin.py:120} INFO - [2025-01-27T08:59:38.257+0000] {dag.py:2585} INFO - Sync 1 DAGs
[2025-01-27T08:59:38.313+0000] {logging_mixin.py:120} INFO - [2025-01-27T08:59:38.313+0000] {dag.py:3340} INFO - Setting next_dagrun for example_task_group_decorator to 2025-01-26T08:59:38.312475+00:00, run_after=2025-01-27T08:59:38.312475+00:00
[2025-01-27T08:59:38.350+0000] {processor.py:176} INFO - Processing /home/airflow/.local/lib/python3.7/site-packages/airflow/example_dags/example_task_group_decorator.py took 0.261 seconds
[2025-01-27T09:00:09.192+0000] {processor.py:154} INFO - Started process (PID=3041) to work on /home/airflow/.local/lib/python3.7/site-packages/airflow/example_dags/example_task_group_decorator.py
[2025-01-27T09:00:09.193+0000] {processor.py:756} INFO - Processing file /home/airflow/.local/lib/python3.7/site-packages/airflow/example_dags/example_task_group_decorator.py for tasks to queue
[2025-01-27T09:00:09.194+0000] {logging_mixin.py:120} INFO - [2025-01-27T09:00:09.194+0000] {dagbag.py:537} INFO - Filling up the DagBag from /home/airflow/.local/lib/python3.7/site-packages/airflow/example_dags/example_task_group_decorator.py
[2025-01-27T09:00:09.249+0000] {processor.py:766} INFO - DAG(s) dict_keys(['example_task_group_decorator']) retrieved from /home/airflow/.local/lib/python3.7/site-packages/airflow/example_dags/example_task_group_decorator.py
[2025-01-27T09:00:09.326+0000] {logging_mixin.py:120} INFO - [2025-01-27T09:00:09.326+0000] {dag.py:2585} INFO - Sync 1 DAGs
[2025-01-27T09:00:09.381+0000] {logging_mixin.py:120} INFO - [2025-01-27T09:00:09.380+0000] {dag.py:3340} INFO - Setting next_dagrun for example_task_group_decorator to 2025-01-26T09:00:09.380261+00:00, run_after=2025-01-27T09:00:09.380261+00:00
[2025-01-27T09:00:09.417+0000] {processor.py:176} INFO - Processing /home/airflow/.local/lib/python3.7/site-packages/airflow/example_dags/example_task_group_decorator.py took 0.232 seconds
[2025-01-27T09:00:40.595+0000] {processor.py:154} INFO - Started process (PID=3094) to work on /home/airflow/.local/lib/python3.7/site-packages/airflow/example_dags/example_task_group_decorator.py
[2025-01-27T09:00:40.598+0000] {processor.py:756} INFO - Processing file /home/airflow/.local/lib/python3.7/site-packages/airflow/example_dags/example_task_group_decorator.py for tasks to queue
[2025-01-27T09:00:40.601+0000] {logging_mixin.py:120} INFO - [2025-01-27T09:00:40.601+0000] {dagbag.py:537} INFO - Filling up the DagBag from /home/airflow/.local/lib/python3.7/site-packages/airflow/example_dags/example_task_group_decorator.py
[2025-01-27T09:00:40.665+0000] {processor.py:766} INFO - DAG(s) dict_keys(['example_task_group_decorator']) retrieved from /home/airflow/.local/lib/python3.7/site-packages/airflow/example_dags/example_task_group_decorator.py
[2025-01-27T09:00:40.751+0000] {logging_mixin.py:120} INFO - [2025-01-27T09:00:40.750+0000] {dag.py:2585} INFO - Sync 1 DAGs
[2025-01-27T09:00:40.801+0000] {logging_mixin.py:120} INFO - [2025-01-27T09:00:40.801+0000] {dag.py:3340} INFO - Setting next_dagrun for example_task_group_decorator to 2025-01-26T09:00:40.801196+00:00, run_after=2025-01-27T09:00:40.801196+00:00
[2025-01-27T09:00:40.865+0000] {processor.py:176} INFO - Processing /home/airflow/.local/lib/python3.7/site-packages/airflow/example_dags/example_task_group_decorator.py took 0.274 seconds
[2025-01-27T09:01:11.851+0000] {processor.py:154} INFO - Started process (PID=3157) to work on /home/airflow/.local/lib/python3.7/site-packages/airflow/example_dags/example_task_group_decorator.py
[2025-01-27T09:01:11.853+0000] {processor.py:756} INFO - Processing file /home/airflow/.local/lib/python3.7/site-packages/airflow/example_dags/example_task_group_decorator.py for tasks to queue
[2025-01-27T09:01:11.855+0000] {logging_mixin.py:120} INFO - [2025-01-27T09:01:11.855+0000] {dagbag.py:537} INFO - Filling up the DagBag from /home/airflow/.local/lib/python3.7/site-packages/airflow/example_dags/example_task_group_decorator.py
[2025-01-27T09:01:11.929+0000] {processor.py:766} INFO - DAG(s) dict_keys(['example_task_group_decorator']) retrieved from /home/airflow/.local/lib/python3.7/site-packages/airflow/example_dags/example_task_group_decorator.py
[2025-01-27T09:01:12.057+0000] {logging_mixin.py:120} INFO - [2025-01-27T09:01:12.057+0000] {dag.py:2585} INFO - Sync 1 DAGs
[2025-01-27T09:01:12.118+0000] {logging_mixin.py:120} INFO - [2025-01-27T09:01:12.118+0000] {dag.py:3340} INFO - Setting next_dagrun for example_task_group_decorator to 2025-01-26T09:01:12.117969+00:00, run_after=2025-01-27T09:01:12.117969+00:00
[2025-01-27T09:01:12.162+0000] {processor.py:176} INFO - Processing /home/airflow/.local/lib/python3.7/site-packages/airflow/example_dags/example_task_group_decorator.py took 0.320 seconds
[2025-01-27T09:01:42.261+0000] {processor.py:154} INFO - Started process (PID=3211) to work on /home/airflow/.local/lib/python3.7/site-packages/airflow/example_dags/example_task_group_decorator.py
[2025-01-27T09:01:42.263+0000] {processor.py:756} INFO - Processing file /home/airflow/.local/lib/python3.7/site-packages/airflow/example_dags/example_task_group_decorator.py for tasks to queue
[2025-01-27T09:01:42.264+0000] {logging_mixin.py:120} INFO - [2025-01-27T09:01:42.264+0000] {dagbag.py:537} INFO - Filling up the DagBag from /home/airflow/.local/lib/python3.7/site-packages/airflow/example_dags/example_task_group_decorator.py
[2025-01-27T09:01:42.318+0000] {processor.py:766} INFO - DAG(s) dict_keys(['example_task_group_decorator']) retrieved from /home/airflow/.local/lib/python3.7/site-packages/airflow/example_dags/example_task_group_decorator.py
[2025-01-27T09:01:42.409+0000] {logging_mixin.py:120} INFO - [2025-01-27T09:01:42.409+0000] {dag.py:2585} INFO - Sync 1 DAGs
[2025-01-27T09:01:42.464+0000] {logging_mixin.py:120} INFO - [2025-01-27T09:01:42.464+0000] {dag.py:3340} INFO - Setting next_dagrun for example_task_group_decorator to 2025-01-26T09:01:42.463587+00:00, run_after=2025-01-27T09:01:42.463587+00:00
[2025-01-27T09:01:42.500+0000] {processor.py:176} INFO - Processing /home/airflow/.local/lib/python3.7/site-packages/airflow/example_dags/example_task_group_decorator.py took 0.244 seconds
[2025-01-27T09:02:13.176+0000] {processor.py:154} INFO - Started process (PID=3274) to work on /home/airflow/.local/lib/python3.7/site-packages/airflow/example_dags/example_task_group_decorator.py
[2025-01-27T09:02:13.178+0000] {processor.py:756} INFO - Processing file /home/airflow/.local/lib/python3.7/site-packages/airflow/example_dags/example_task_group_decorator.py for tasks to queue
[2025-01-27T09:02:13.180+0000] {logging_mixin.py:120} INFO - [2025-01-27T09:02:13.180+0000] {dagbag.py:537} INFO - Filling up the DagBag from /home/airflow/.local/lib/python3.7/site-packages/airflow/example_dags/example_task_group_decorator.py
[2025-01-27T09:02:13.238+0000] {processor.py:766} INFO - DAG(s) dict_keys(['example_task_group_decorator']) retrieved from /home/airflow/.local/lib/python3.7/site-packages/airflow/example_dags/example_task_group_decorator.py
[2025-01-27T09:02:13.338+0000] {logging_mixin.py:120} INFO - [2025-01-27T09:02:13.337+0000] {dag.py:2585} INFO - Sync 1 DAGs
[2025-01-27T09:02:13.409+0000] {logging_mixin.py:120} INFO - [2025-01-27T09:02:13.408+0000] {dag.py:3340} INFO - Setting next_dagrun for example_task_group_decorator to 2025-01-26T09:02:13.408093+00:00, run_after=2025-01-27T09:02:13.408093+00:00
[2025-01-27T09:02:13.469+0000] {processor.py:176} INFO - Processing /home/airflow/.local/lib/python3.7/site-packages/airflow/example_dags/example_task_group_decorator.py took 0.300 seconds
[2025-01-27T09:02:43.911+0000] {processor.py:154} INFO - Started process (PID=3328) to work on /home/airflow/.local/lib/python3.7/site-packages/airflow/example_dags/example_task_group_decorator.py
[2025-01-27T09:02:43.913+0000] {processor.py:756} INFO - Processing file /home/airflow/.local/lib/python3.7/site-packages/airflow/example_dags/example_task_group_decorator.py for tasks to queue
[2025-01-27T09:02:43.915+0000] {logging_mixin.py:120} INFO - [2025-01-27T09:02:43.915+0000] {dagbag.py:537} INFO - Filling up the DagBag from /home/airflow/.local/lib/python3.7/site-packages/airflow/example_dags/example_task_group_decorator.py
[2025-01-27T09:02:43.969+0000] {processor.py:766} INFO - DAG(s) dict_keys(['example_task_group_decorator']) retrieved from /home/airflow/.local/lib/python3.7/site-packages/airflow/example_dags/example_task_group_decorator.py
[2025-01-27T09:02:44.048+0000] {logging_mixin.py:120} INFO - [2025-01-27T09:02:44.048+0000] {dag.py:2585} INFO - Sync 1 DAGs
[2025-01-27T09:02:44.092+0000] {logging_mixin.py:120} INFO - [2025-01-27T09:02:44.092+0000] {dag.py:3340} INFO - Setting next_dagrun for example_task_group_decorator to 2025-01-26T09:02:44.091946+00:00, run_after=2025-01-27T09:02:44.091946+00:00
[2025-01-27T09:02:44.137+0000] {processor.py:176} INFO - Processing /home/airflow/.local/lib/python3.7/site-packages/airflow/example_dags/example_task_group_decorator.py took 0.233 seconds
[2025-01-27T09:03:14.891+0000] {processor.py:154} INFO - Started process (PID=3381) to work on /home/airflow/.local/lib/python3.7/site-packages/airflow/example_dags/example_task_group_decorator.py
[2025-01-27T09:03:14.892+0000] {processor.py:756} INFO - Processing file /home/airflow/.local/lib/python3.7/site-packages/airflow/example_dags/example_task_group_decorator.py for tasks to queue
[2025-01-27T09:03:14.894+0000] {logging_mixin.py:120} INFO - [2025-01-27T09:03:14.894+0000] {dagbag.py:537} INFO - Filling up the DagBag from /home/airflow/.local/lib/python3.7/site-packages/airflow/example_dags/example_task_group_decorator.py
[2025-01-27T09:03:15.019+0000] {processor.py:766} INFO - DAG(s) dict_keys(['example_task_group_decorator']) retrieved from /home/airflow/.local/lib/python3.7/site-packages/airflow/example_dags/example_task_group_decorator.py
[2025-01-27T09:03:15.155+0000] {logging_mixin.py:120} INFO - [2025-01-27T09:03:15.154+0000] {dag.py:2585} INFO - Sync 1 DAGs
[2025-01-27T09:03:15.213+0000] {logging_mixin.py:120} INFO - [2025-01-27T09:03:15.213+0000] {dag.py:3340} INFO - Setting next_dagrun for example_task_group_decorator to 2025-01-26T09:03:15.212696+00:00, run_after=2025-01-27T09:03:15.212696+00:00
[2025-01-27T09:03:15.255+0000] {processor.py:176} INFO - Processing /home/airflow/.local/lib/python3.7/site-packages/airflow/example_dags/example_task_group_decorator.py took 0.370 seconds
[2025-01-27T09:03:45.667+0000] {processor.py:154} INFO - Started process (PID=3443) to work on /home/airflow/.local/lib/python3.7/site-packages/airflow/example_dags/example_task_group_decorator.py
[2025-01-27T09:03:45.669+0000] {processor.py:756} INFO - Processing file /home/airflow/.local/lib/python3.7/site-packages/airflow/example_dags/example_task_group_decorator.py for tasks to queue
[2025-01-27T09:03:45.674+0000] {logging_mixin.py:120} INFO - [2025-01-27T09:03:45.674+0000] {dagbag.py:537} INFO - Filling up the DagBag from /home/airflow/.local/lib/python3.7/site-packages/airflow/example_dags/example_task_group_decorator.py
[2025-01-27T09:03:45.737+0000] {processor.py:766} INFO - DAG(s) dict_keys(['example_task_group_decorator']) retrieved from /home/airflow/.local/lib/python3.7/site-packages/airflow/example_dags/example_task_group_decorator.py
[2025-01-27T09:03:45.841+0000] {logging_mixin.py:120} INFO - [2025-01-27T09:03:45.840+0000] {dag.py:2585} INFO - Sync 1 DAGs
[2025-01-27T09:03:45.903+0000] {logging_mixin.py:120} INFO - [2025-01-27T09:03:45.902+0000] {dag.py:3340} INFO - Setting next_dagrun for example_task_group_decorator to 2025-01-26T09:03:45.902525+00:00, run_after=2025-01-27T09:03:45.902525+00:00
[2025-01-27T09:03:45.940+0000] {processor.py:176} INFO - Processing /home/airflow/.local/lib/python3.7/site-packages/airflow/example_dags/example_task_group_decorator.py took 0.279 seconds
[2025-01-27T09:04:16.573+0000] {processor.py:154} INFO - Started process (PID=3497) to work on /home/airflow/.local/lib/python3.7/site-packages/airflow/example_dags/example_task_group_decorator.py
[2025-01-27T09:04:16.576+0000] {processor.py:756} INFO - Processing file /home/airflow/.local/lib/python3.7/site-packages/airflow/example_dags/example_task_group_decorator.py for tasks to queue
[2025-01-27T09:04:16.578+0000] {logging_mixin.py:120} INFO - [2025-01-27T09:04:16.578+0000] {dagbag.py:537} INFO - Filling up the DagBag from /home/airflow/.local/lib/python3.7/site-packages/airflow/example_dags/example_task_group_decorator.py
[2025-01-27T09:04:16.640+0000] {processor.py:766} INFO - DAG(s) dict_keys(['example_task_group_decorator']) retrieved from /home/airflow/.local/lib/python3.7/site-packages/airflow/example_dags/example_task_group_decorator.py
[2025-01-27T09:04:16.733+0000] {logging_mixin.py:120} INFO - [2025-01-27T09:04:16.733+0000] {dag.py:2585} INFO - Sync 1 DAGs
[2025-01-27T09:04:16.791+0000] {logging_mixin.py:120} INFO - [2025-01-27T09:04:16.791+0000] {dag.py:3340} INFO - Setting next_dagrun for example_task_group_decorator to 2025-01-26T09:04:16.790671+00:00, run_after=2025-01-27T09:04:16.790671+00:00
[2025-01-27T09:04:16.832+0000] {processor.py:176} INFO - Processing /home/airflow/.local/lib/python3.7/site-packages/airflow/example_dags/example_task_group_decorator.py took 0.266 seconds
[2025-01-27T09:04:48.096+0000] {processor.py:154} INFO - Started process (PID=3560) to work on /home/airflow/.local/lib/python3.7/site-packages/airflow/example_dags/example_task_group_decorator.py
[2025-01-27T09:04:48.097+0000] {processor.py:756} INFO - Processing file /home/airflow/.local/lib/python3.7/site-packages/airflow/example_dags/example_task_group_decorator.py for tasks to queue
[2025-01-27T09:04:48.099+0000] {logging_mixin.py:120} INFO - [2025-01-27T09:04:48.099+0000] {dagbag.py:537} INFO - Filling up the DagBag from /home/airflow/.local/lib/python3.7/site-packages/airflow/example_dags/example_task_group_decorator.py
[2025-01-27T09:04:48.157+0000] {processor.py:766} INFO - DAG(s) dict_keys(['example_task_group_decorator']) retrieved from /home/airflow/.local/lib/python3.7/site-packages/airflow/example_dags/example_task_group_decorator.py
[2025-01-27T09:04:48.235+0000] {logging_mixin.py:120} INFO - [2025-01-27T09:04:48.235+0000] {dag.py:2585} INFO - Sync 1 DAGs
[2025-01-27T09:04:48.289+0000] {logging_mixin.py:120} INFO - [2025-01-27T09:04:48.289+0000] {dag.py:3340} INFO - Setting next_dagrun for example_task_group_decorator to 2025-01-26T09:04:48.288889+00:00, run_after=2025-01-27T09:04:48.288889+00:00
[2025-01-27T09:04:48.326+0000] {processor.py:176} INFO - Processing /home/airflow/.local/lib/python3.7/site-packages/airflow/example_dags/example_task_group_decorator.py took 0.236 seconds
[2025-01-27T09:05:19.604+0000] {processor.py:154} INFO - Started process (PID=3613) to work on /home/airflow/.local/lib/python3.7/site-packages/airflow/example_dags/example_task_group_decorator.py
[2025-01-27T09:05:19.606+0000] {processor.py:756} INFO - Processing file /home/airflow/.local/lib/python3.7/site-packages/airflow/example_dags/example_task_group_decorator.py for tasks to queue
[2025-01-27T09:05:19.608+0000] {logging_mixin.py:120} INFO - [2025-01-27T09:05:19.607+0000] {dagbag.py:537} INFO - Filling up the DagBag from /home/airflow/.local/lib/python3.7/site-packages/airflow/example_dags/example_task_group_decorator.py
[2025-01-27T09:05:19.675+0000] {processor.py:766} INFO - DAG(s) dict_keys(['example_task_group_decorator']) retrieved from /home/airflow/.local/lib/python3.7/site-packages/airflow/example_dags/example_task_group_decorator.py
[2025-01-27T09:05:19.845+0000] {logging_mixin.py:120} INFO - [2025-01-27T09:05:19.844+0000] {dag.py:2585} INFO - Sync 1 DAGs
[2025-01-27T09:05:19.901+0000] {logging_mixin.py:120} INFO - [2025-01-27T09:05:19.901+0000] {dag.py:3340} INFO - Setting next_dagrun for example_task_group_decorator to 2025-01-26T09:05:19.901107+00:00, run_after=2025-01-27T09:05:19.901107+00:00
[2025-01-27T09:05:19.953+0000] {processor.py:176} INFO - Processing /home/airflow/.local/lib/python3.7/site-packages/airflow/example_dags/example_task_group_decorator.py took 0.357 seconds
[2025-01-27T09:05:50.982+0000] {processor.py:154} INFO - Started process (PID=3674) to work on /home/airflow/.local/lib/python3.7/site-packages/airflow/example_dags/example_task_group_decorator.py
[2025-01-27T09:05:50.984+0000] {processor.py:756} INFO - Processing file /home/airflow/.local/lib/python3.7/site-packages/airflow/example_dags/example_task_group_decorator.py for tasks to queue
[2025-01-27T09:05:50.985+0000] {logging_mixin.py:120} INFO - [2025-01-27T09:05:50.985+0000] {dagbag.py:537} INFO - Filling up the DagBag from /home/airflow/.local/lib/python3.7/site-packages/airflow/example_dags/example_task_group_decorator.py
[2025-01-27T09:05:51.059+0000] {processor.py:766} INFO - DAG(s) dict_keys(['example_task_group_decorator']) retrieved from /home/airflow/.local/lib/python3.7/site-packages/airflow/example_dags/example_task_group_decorator.py
[2025-01-27T09:05:51.154+0000] {logging_mixin.py:120} INFO - [2025-01-27T09:05:51.154+0000] {dag.py:2585} INFO - Sync 1 DAGs
[2025-01-27T09:05:51.210+0000] {logging_mixin.py:120} INFO - [2025-01-27T09:05:51.210+0000] {dag.py:3340} INFO - Setting next_dagrun for example_task_group_decorator to 2025-01-26T09:05:51.209786+00:00, run_after=2025-01-27T09:05:51.209786+00:00
[2025-01-27T09:05:51.262+0000] {processor.py:176} INFO - Processing /home/airflow/.local/lib/python3.7/site-packages/airflow/example_dags/example_task_group_decorator.py took 0.293 seconds
[2025-01-27T09:06:22.029+0000] {processor.py:154} INFO - Started process (PID=3728) to work on /home/airflow/.local/lib/python3.7/site-packages/airflow/example_dags/example_task_group_decorator.py
[2025-01-27T09:06:22.030+0000] {processor.py:756} INFO - Processing file /home/airflow/.local/lib/python3.7/site-packages/airflow/example_dags/example_task_group_decorator.py for tasks to queue
[2025-01-27T09:06:22.033+0000] {logging_mixin.py:120} INFO - [2025-01-27T09:06:22.032+0000] {dagbag.py:537} INFO - Filling up the DagBag from /home/airflow/.local/lib/python3.7/site-packages/airflow/example_dags/example_task_group_decorator.py
[2025-01-27T09:06:22.294+0000] {processor.py:766} INFO - DAG(s) dict_keys(['example_task_group_decorator']) retrieved from /home/airflow/.local/lib/python3.7/site-packages/airflow/example_dags/example_task_group_decorator.py
[2025-01-27T09:06:22.411+0000] {logging_mixin.py:120} INFO - [2025-01-27T09:06:22.411+0000] {dag.py:2585} INFO - Sync 1 DAGs
[2025-01-27T09:06:22.462+0000] {logging_mixin.py:120} INFO - [2025-01-27T09:06:22.462+0000] {dag.py:3340} INFO - Setting next_dagrun for example_task_group_decorator to 2025-01-26T09:06:22.461897+00:00, run_after=2025-01-27T09:06:22.461897+00:00
[2025-01-27T09:06:22.517+0000] {processor.py:176} INFO - Processing /home/airflow/.local/lib/python3.7/site-packages/airflow/example_dags/example_task_group_decorator.py took 0.493 seconds
[2025-01-27T09:06:53.264+0000] {processor.py:154} INFO - Started process (PID=3790) to work on /home/airflow/.local/lib/python3.7/site-packages/airflow/example_dags/example_task_group_decorator.py
[2025-01-27T09:06:53.266+0000] {processor.py:756} INFO - Processing file /home/airflow/.local/lib/python3.7/site-packages/airflow/example_dags/example_task_group_decorator.py for tasks to queue
[2025-01-27T09:06:53.268+0000] {logging_mixin.py:120} INFO - [2025-01-27T09:06:53.268+0000] {dagbag.py:537} INFO - Filling up the DagBag from /home/airflow/.local/lib/python3.7/site-packages/airflow/example_dags/example_task_group_decorator.py
[2025-01-27T09:06:53.328+0000] {processor.py:766} INFO - DAG(s) dict_keys(['example_task_group_decorator']) retrieved from /home/airflow/.local/lib/python3.7/site-packages/airflow/example_dags/example_task_group_decorator.py
[2025-01-27T09:06:53.438+0000] {logging_mixin.py:120} INFO - [2025-01-27T09:06:53.438+0000] {dag.py:2585} INFO - Sync 1 DAGs
[2025-01-27T09:06:53.492+0000] {logging_mixin.py:120} INFO - [2025-01-27T09:06:53.491+0000] {dag.py:3340} INFO - Setting next_dagrun for example_task_group_decorator to 2025-01-26T09:06:53.490998+00:00, run_after=2025-01-27T09:06:53.490998+00:00
[2025-01-27T09:06:53.534+0000] {processor.py:176} INFO - Processing /home/airflow/.local/lib/python3.7/site-packages/airflow/example_dags/example_task_group_decorator.py took 0.275 seconds
[2025-01-27T09:07:23.834+0000] {processor.py:154} INFO - Started process (PID=3844) to work on /home/airflow/.local/lib/python3.7/site-packages/airflow/example_dags/example_task_group_decorator.py
[2025-01-27T09:07:23.835+0000] {processor.py:756} INFO - Processing file /home/airflow/.local/lib/python3.7/site-packages/airflow/example_dags/example_task_group_decorator.py for tasks to queue
[2025-01-27T09:07:23.836+0000] {logging_mixin.py:120} INFO - [2025-01-27T09:07:23.836+0000] {dagbag.py:537} INFO - Filling up the DagBag from /home/airflow/.local/lib/python3.7/site-packages/airflow/example_dags/example_task_group_decorator.py
[2025-01-27T09:07:23.890+0000] {processor.py:766} INFO - DAG(s) dict_keys(['example_task_group_decorator']) retrieved from /home/airflow/.local/lib/python3.7/site-packages/airflow/example_dags/example_task_group_decorator.py
[2025-01-27T09:07:23.973+0000] {logging_mixin.py:120} INFO - [2025-01-27T09:07:23.973+0000] {dag.py:2585} INFO - Sync 1 DAGs
[2025-01-27T09:07:24.021+0000] {logging_mixin.py:120} INFO - [2025-01-27T09:07:24.020+0000] {dag.py:3340} INFO - Setting next_dagrun for example_task_group_decorator to 2025-01-26T09:07:24.020571+00:00, run_after=2025-01-27T09:07:24.020571+00:00
[2025-01-27T09:07:24.062+0000] {processor.py:176} INFO - Processing /home/airflow/.local/lib/python3.7/site-packages/airflow/example_dags/example_task_group_decorator.py took 0.236 seconds
[2025-01-27T09:07:54.597+0000] {processor.py:154} INFO - Started process (PID=3898) to work on /home/airflow/.local/lib/python3.7/site-packages/airflow/example_dags/example_task_group_decorator.py
[2025-01-27T09:07:54.601+0000] {processor.py:756} INFO - Processing file /home/airflow/.local/lib/python3.7/site-packages/airflow/example_dags/example_task_group_decorator.py for tasks to queue
[2025-01-27T09:07:54.602+0000] {logging_mixin.py:120} INFO - [2025-01-27T09:07:54.602+0000] {dagbag.py:537} INFO - Filling up the DagBag from /home/airflow/.local/lib/python3.7/site-packages/airflow/example_dags/example_task_group_decorator.py
[2025-01-27T09:07:54.656+0000] {processor.py:766} INFO - DAG(s) dict_keys(['example_task_group_decorator']) retrieved from /home/airflow/.local/lib/python3.7/site-packages/airflow/example_dags/example_task_group_decorator.py
[2025-01-27T09:07:54.731+0000] {logging_mixin.py:120} INFO - [2025-01-27T09:07:54.731+0000] {dag.py:2585} INFO - Sync 1 DAGs
[2025-01-27T09:07:54.786+0000] {logging_mixin.py:120} INFO - [2025-01-27T09:07:54.786+0000] {dag.py:3340} INFO - Setting next_dagrun for example_task_group_decorator to 2025-01-26T09:07:54.785480+00:00, run_after=2025-01-27T09:07:54.785480+00:00
[2025-01-27T09:07:54.825+0000] {processor.py:176} INFO - Processing /home/airflow/.local/lib/python3.7/site-packages/airflow/example_dags/example_task_group_decorator.py took 0.234 seconds
[2025-01-27T09:08:26.472+0000] {processor.py:154} INFO - Started process (PID=3961) to work on /home/airflow/.local/lib/python3.7/site-packages/airflow/example_dags/example_task_group_decorator.py
[2025-01-27T09:08:26.474+0000] {processor.py:756} INFO - Processing file /home/airflow/.local/lib/python3.7/site-packages/airflow/example_dags/example_task_group_decorator.py for tasks to queue
[2025-01-27T09:08:26.475+0000] {logging_mixin.py:120} INFO - [2025-01-27T09:08:26.475+0000] {dagbag.py:537} INFO - Filling up the DagBag from /home/airflow/.local/lib/python3.7/site-packages/airflow/example_dags/example_task_group_decorator.py
[2025-01-27T09:08:26.531+0000] {processor.py:766} INFO - DAG(s) dict_keys(['example_task_group_decorator']) retrieved from /home/airflow/.local/lib/python3.7/site-packages/airflow/example_dags/example_task_group_decorator.py
[2025-01-27T09:08:26.612+0000] {logging_mixin.py:120} INFO - [2025-01-27T09:08:26.611+0000] {dag.py:2585} INFO - Sync 1 DAGs
[2025-01-27T09:08:26.668+0000] {logging_mixin.py:120} INFO - [2025-01-27T09:08:26.668+0000] {dag.py:3340} INFO - Setting next_dagrun for example_task_group_decorator to 2025-01-26T09:08:26.667761+00:00, run_after=2025-01-27T09:08:26.667761+00:00
[2025-01-27T09:08:26.703+0000] {processor.py:176} INFO - Processing /home/airflow/.local/lib/python3.7/site-packages/airflow/example_dags/example_task_group_decorator.py took 0.236 seconds
