[2025-01-27T08:34:00.194+0000] {processor.py:154} INFO - Started process (PID=85) to work on /home/airflow/.local/lib/python3.7/site-packages/airflow/example_dags/example_local_kubernetes_executor.py
[2025-01-27T08:34:00.198+0000] {processor.py:756} INFO - Processing file /home/airflow/.local/lib/python3.7/site-packages/airflow/example_dags/example_local_kubernetes_executor.py for tasks to queue
[2025-01-27T08:34:00.200+0000] {logging_mixin.py:120} INFO - [2025-01-27T08:34:00.200+0000] {dagbag.py:537} INFO - Filling up the DagBag from /home/airflow/.local/lib/python3.7/site-packages/airflow/example_dags/example_local_kubernetes_executor.py
[2025-01-27T08:34:00.277+0000] {processor.py:766} INFO - DAG(s) dict_keys(['example_local_kubernetes_executor']) retrieved from /home/airflow/.local/lib/python3.7/site-packages/airflow/example_dags/example_local_kubernetes_executor.py
[2025-01-27T08:34:00.649+0000] {logging_mixin.py:120} INFO - [2025-01-27T08:34:00.649+0000] {manager.py:507} INFO - Created Permission View: can edit on DAG:example_local_kubernetes_executor
[2025-01-27T08:34:00.676+0000] {logging_mixin.py:120} INFO - [2025-01-27T08:34:00.675+0000] {manager.py:507} INFO - Created Permission View: can read on DAG:example_local_kubernetes_executor
[2025-01-27T08:34:00.689+0000] {logging_mixin.py:120} INFO - [2025-01-27T08:34:00.689+0000] {manager.py:507} INFO - Created Permission View: can delete on DAG:example_local_kubernetes_executor
[2025-01-27T08:34:00.691+0000] {logging_mixin.py:120} INFO - [2025-01-27T08:34:00.690+0000] {dag.py:2585} INFO - Sync 1 DAGs
[2025-01-27T08:34:00.722+0000] {logging_mixin.py:120} INFO - [2025-01-27T08:34:00.722+0000] {dag.py:2606} INFO - Creating ORM DAG for example_local_kubernetes_executor
[2025-01-27T08:34:00.754+0000] {logging_mixin.py:120} INFO - [2025-01-27T08:34:00.754+0000] {dag.py:3340} INFO - Setting next_dagrun for example_local_kubernetes_executor to None, run_after=None
[2025-01-27T08:34:00.815+0000] {processor.py:176} INFO - Processing /home/airflow/.local/lib/python3.7/site-packages/airflow/example_dags/example_local_kubernetes_executor.py took 0.628 seconds
[2025-01-27T08:34:30.942+0000] {processor.py:154} INFO - Started process (PID=139) to work on /home/airflow/.local/lib/python3.7/site-packages/airflow/example_dags/example_local_kubernetes_executor.py
[2025-01-27T08:34:30.944+0000] {processor.py:756} INFO - Processing file /home/airflow/.local/lib/python3.7/site-packages/airflow/example_dags/example_local_kubernetes_executor.py for tasks to queue
[2025-01-27T08:34:30.946+0000] {logging_mixin.py:120} INFO - [2025-01-27T08:34:30.946+0000] {dagbag.py:537} INFO - Filling up the DagBag from /home/airflow/.local/lib/python3.7/site-packages/airflow/example_dags/example_local_kubernetes_executor.py
[2025-01-27T08:34:30.990+0000] {processor.py:766} INFO - DAG(s) dict_keys(['example_local_kubernetes_executor']) retrieved from /home/airflow/.local/lib/python3.7/site-packages/airflow/example_dags/example_local_kubernetes_executor.py
[2025-01-27T08:34:31.068+0000] {logging_mixin.py:120} INFO - [2025-01-27T08:34:31.067+0000] {dag.py:2585} INFO - Sync 1 DAGs
[2025-01-27T08:34:31.117+0000] {logging_mixin.py:120} INFO - [2025-01-27T08:34:31.117+0000] {dag.py:3340} INFO - Setting next_dagrun for example_local_kubernetes_executor to None, run_after=None
[2025-01-27T08:34:31.157+0000] {processor.py:176} INFO - Processing /home/airflow/.local/lib/python3.7/site-packages/airflow/example_dags/example_local_kubernetes_executor.py took 0.220 seconds
[2025-01-27T08:35:01.245+0000] {processor.py:154} INFO - Started process (PID=194) to work on /home/airflow/.local/lib/python3.7/site-packages/airflow/example_dags/example_local_kubernetes_executor.py
[2025-01-27T08:35:01.247+0000] {processor.py:756} INFO - Processing file /home/airflow/.local/lib/python3.7/site-packages/airflow/example_dags/example_local_kubernetes_executor.py for tasks to queue
[2025-01-27T08:35:01.249+0000] {logging_mixin.py:120} INFO - [2025-01-27T08:35:01.248+0000] {dagbag.py:537} INFO - Filling up the DagBag from /home/airflow/.local/lib/python3.7/site-packages/airflow/example_dags/example_local_kubernetes_executor.py
[2025-01-27T08:35:01.291+0000] {processor.py:766} INFO - DAG(s) dict_keys(['example_local_kubernetes_executor']) retrieved from /home/airflow/.local/lib/python3.7/site-packages/airflow/example_dags/example_local_kubernetes_executor.py
[2025-01-27T08:35:01.367+0000] {logging_mixin.py:120} INFO - [2025-01-27T08:35:01.367+0000] {dag.py:2585} INFO - Sync 1 DAGs
[2025-01-27T08:35:01.418+0000] {logging_mixin.py:120} INFO - [2025-01-27T08:35:01.417+0000] {dag.py:3340} INFO - Setting next_dagrun for example_local_kubernetes_executor to None, run_after=None
[2025-01-27T08:35:01.454+0000] {processor.py:176} INFO - Processing /home/airflow/.local/lib/python3.7/site-packages/airflow/example_dags/example_local_kubernetes_executor.py took 0.217 seconds
[2025-01-27T08:35:32.067+0000] {processor.py:154} INFO - Started process (PID=256) to work on /home/airflow/.local/lib/python3.7/site-packages/airflow/example_dags/example_local_kubernetes_executor.py
[2025-01-27T08:35:32.069+0000] {processor.py:756} INFO - Processing file /home/airflow/.local/lib/python3.7/site-packages/airflow/example_dags/example_local_kubernetes_executor.py for tasks to queue
[2025-01-27T08:35:32.070+0000] {logging_mixin.py:120} INFO - [2025-01-27T08:35:32.070+0000] {dagbag.py:537} INFO - Filling up the DagBag from /home/airflow/.local/lib/python3.7/site-packages/airflow/example_dags/example_local_kubernetes_executor.py
[2025-01-27T08:35:32.202+0000] {processor.py:766} INFO - DAG(s) dict_keys(['example_local_kubernetes_executor']) retrieved from /home/airflow/.local/lib/python3.7/site-packages/airflow/example_dags/example_local_kubernetes_executor.py
[2025-01-27T08:35:32.455+0000] {logging_mixin.py:120} INFO - [2025-01-27T08:35:32.455+0000] {dag.py:2585} INFO - Sync 1 DAGs
[2025-01-27T08:35:32.498+0000] {logging_mixin.py:120} INFO - [2025-01-27T08:35:32.498+0000] {dag.py:3340} INFO - Setting next_dagrun for example_local_kubernetes_executor to None, run_after=None
[2025-01-27T08:35:32.532+0000] {processor.py:176} INFO - Processing /home/airflow/.local/lib/python3.7/site-packages/airflow/example_dags/example_local_kubernetes_executor.py took 0.471 seconds
[2025-01-27T08:36:02.578+0000] {processor.py:154} INFO - Started process (PID=310) to work on /home/airflow/.local/lib/python3.7/site-packages/airflow/example_dags/example_local_kubernetes_executor.py
[2025-01-27T08:36:02.581+0000] {processor.py:756} INFO - Processing file /home/airflow/.local/lib/python3.7/site-packages/airflow/example_dags/example_local_kubernetes_executor.py for tasks to queue
[2025-01-27T08:36:02.585+0000] {logging_mixin.py:120} INFO - [2025-01-27T08:36:02.585+0000] {dagbag.py:537} INFO - Filling up the DagBag from /home/airflow/.local/lib/python3.7/site-packages/airflow/example_dags/example_local_kubernetes_executor.py
[2025-01-27T08:36:02.714+0000] {processor.py:766} INFO - DAG(s) dict_keys(['example_local_kubernetes_executor']) retrieved from /home/airflow/.local/lib/python3.7/site-packages/airflow/example_dags/example_local_kubernetes_executor.py
[2025-01-27T08:36:02.812+0000] {logging_mixin.py:120} INFO - [2025-01-27T08:36:02.812+0000] {dag.py:2585} INFO - Sync 1 DAGs
[2025-01-27T08:36:02.867+0000] {logging_mixin.py:120} INFO - [2025-01-27T08:36:02.866+0000] {dag.py:3340} INFO - Setting next_dagrun for example_local_kubernetes_executor to None, run_after=None
[2025-01-27T08:36:02.901+0000] {processor.py:176} INFO - Processing /home/airflow/.local/lib/python3.7/site-packages/airflow/example_dags/example_local_kubernetes_executor.py took 0.331 seconds
[2025-01-27T08:36:33.497+0000] {processor.py:154} INFO - Started process (PID=372) to work on /home/airflow/.local/lib/python3.7/site-packages/airflow/example_dags/example_local_kubernetes_executor.py
[2025-01-27T08:36:33.498+0000] {processor.py:756} INFO - Processing file /home/airflow/.local/lib/python3.7/site-packages/airflow/example_dags/example_local_kubernetes_executor.py for tasks to queue
[2025-01-27T08:36:33.499+0000] {logging_mixin.py:120} INFO - [2025-01-27T08:36:33.499+0000] {dagbag.py:537} INFO - Filling up the DagBag from /home/airflow/.local/lib/python3.7/site-packages/airflow/example_dags/example_local_kubernetes_executor.py
[2025-01-27T08:36:33.563+0000] {processor.py:766} INFO - DAG(s) dict_keys(['example_local_kubernetes_executor']) retrieved from /home/airflow/.local/lib/python3.7/site-packages/airflow/example_dags/example_local_kubernetes_executor.py
[2025-01-27T08:36:33.649+0000] {logging_mixin.py:120} INFO - [2025-01-27T08:36:33.649+0000] {dag.py:2585} INFO - Sync 1 DAGs
[2025-01-27T08:36:33.700+0000] {logging_mixin.py:120} INFO - [2025-01-27T08:36:33.699+0000] {dag.py:3340} INFO - Setting next_dagrun for example_local_kubernetes_executor to None, run_after=None
[2025-01-27T08:36:33.734+0000] {processor.py:176} INFO - Processing /home/airflow/.local/lib/python3.7/site-packages/airflow/example_dags/example_local_kubernetes_executor.py took 0.243 seconds
[2025-01-27T08:37:04.265+0000] {processor.py:154} INFO - Started process (PID=426) to work on /home/airflow/.local/lib/python3.7/site-packages/airflow/example_dags/example_local_kubernetes_executor.py
[2025-01-27T08:37:04.266+0000] {processor.py:756} INFO - Processing file /home/airflow/.local/lib/python3.7/site-packages/airflow/example_dags/example_local_kubernetes_executor.py for tasks to queue
[2025-01-27T08:37:04.271+0000] {logging_mixin.py:120} INFO - [2025-01-27T08:37:04.271+0000] {dagbag.py:537} INFO - Filling up the DagBag from /home/airflow/.local/lib/python3.7/site-packages/airflow/example_dags/example_local_kubernetes_executor.py
[2025-01-27T08:37:04.319+0000] {processor.py:766} INFO - DAG(s) dict_keys(['example_local_kubernetes_executor']) retrieved from /home/airflow/.local/lib/python3.7/site-packages/airflow/example_dags/example_local_kubernetes_executor.py
[2025-01-27T08:37:04.408+0000] {logging_mixin.py:120} INFO - [2025-01-27T08:37:04.408+0000] {dag.py:2585} INFO - Sync 1 DAGs
[2025-01-27T08:37:04.475+0000] {logging_mixin.py:120} INFO - [2025-01-27T08:37:04.474+0000] {dag.py:3340} INFO - Setting next_dagrun for example_local_kubernetes_executor to None, run_after=None
[2025-01-27T08:37:04.523+0000] {processor.py:176} INFO - Processing /home/airflow/.local/lib/python3.7/site-packages/airflow/example_dags/example_local_kubernetes_executor.py took 0.264 seconds
[2025-01-27T08:37:35.159+0000] {processor.py:154} INFO - Started process (PID=489) to work on /home/airflow/.local/lib/python3.7/site-packages/airflow/example_dags/example_local_kubernetes_executor.py
[2025-01-27T08:37:35.176+0000] {processor.py:756} INFO - Processing file /home/airflow/.local/lib/python3.7/site-packages/airflow/example_dags/example_local_kubernetes_executor.py for tasks to queue
[2025-01-27T08:37:35.210+0000] {logging_mixin.py:120} INFO - [2025-01-27T08:37:35.210+0000] {dagbag.py:537} INFO - Filling up the DagBag from /home/airflow/.local/lib/python3.7/site-packages/airflow/example_dags/example_local_kubernetes_executor.py
[2025-01-27T08:37:35.262+0000] {processor.py:766} INFO - DAG(s) dict_keys(['example_local_kubernetes_executor']) retrieved from /home/airflow/.local/lib/python3.7/site-packages/airflow/example_dags/example_local_kubernetes_executor.py
[2025-01-27T08:37:35.356+0000] {logging_mixin.py:120} INFO - [2025-01-27T08:37:35.355+0000] {dag.py:2585} INFO - Sync 1 DAGs
[2025-01-27T08:37:35.413+0000] {logging_mixin.py:120} INFO - [2025-01-27T08:37:35.413+0000] {dag.py:3340} INFO - Setting next_dagrun for example_local_kubernetes_executor to None, run_after=None
[2025-01-27T08:37:35.452+0000] {processor.py:176} INFO - Processing /home/airflow/.local/lib/python3.7/site-packages/airflow/example_dags/example_local_kubernetes_executor.py took 0.302 seconds
[2025-01-27T08:38:05.534+0000] {processor.py:154} INFO - Started process (PID=542) to work on /home/airflow/.local/lib/python3.7/site-packages/airflow/example_dags/example_local_kubernetes_executor.py
[2025-01-27T08:38:05.536+0000] {processor.py:756} INFO - Processing file /home/airflow/.local/lib/python3.7/site-packages/airflow/example_dags/example_local_kubernetes_executor.py for tasks to queue
[2025-01-27T08:38:05.544+0000] {logging_mixin.py:120} INFO - [2025-01-27T08:38:05.543+0000] {dagbag.py:537} INFO - Filling up the DagBag from /home/airflow/.local/lib/python3.7/site-packages/airflow/example_dags/example_local_kubernetes_executor.py
[2025-01-27T08:38:05.586+0000] {processor.py:766} INFO - DAG(s) dict_keys(['example_local_kubernetes_executor']) retrieved from /home/airflow/.local/lib/python3.7/site-packages/airflow/example_dags/example_local_kubernetes_executor.py
[2025-01-27T08:38:05.679+0000] {logging_mixin.py:120} INFO - [2025-01-27T08:38:05.679+0000] {dag.py:2585} INFO - Sync 1 DAGs
[2025-01-27T08:38:05.739+0000] {logging_mixin.py:120} INFO - [2025-01-27T08:38:05.739+0000] {dag.py:3340} INFO - Setting next_dagrun for example_local_kubernetes_executor to None, run_after=None
[2025-01-27T08:38:05.782+0000] {processor.py:176} INFO - Processing /home/airflow/.local/lib/python3.7/site-packages/airflow/example_dags/example_local_kubernetes_executor.py took 0.254 seconds
[2025-01-27T08:38:36.018+0000] {processor.py:154} INFO - Started process (PID=596) to work on /home/airflow/.local/lib/python3.7/site-packages/airflow/example_dags/example_local_kubernetes_executor.py
[2025-01-27T08:38:36.020+0000] {processor.py:756} INFO - Processing file /home/airflow/.local/lib/python3.7/site-packages/airflow/example_dags/example_local_kubernetes_executor.py for tasks to queue
[2025-01-27T08:38:36.023+0000] {logging_mixin.py:120} INFO - [2025-01-27T08:38:36.023+0000] {dagbag.py:537} INFO - Filling up the DagBag from /home/airflow/.local/lib/python3.7/site-packages/airflow/example_dags/example_local_kubernetes_executor.py
[2025-01-27T08:38:36.070+0000] {processor.py:766} INFO - DAG(s) dict_keys(['example_local_kubernetes_executor']) retrieved from /home/airflow/.local/lib/python3.7/site-packages/airflow/example_dags/example_local_kubernetes_executor.py
[2025-01-27T08:38:36.163+0000] {logging_mixin.py:120} INFO - [2025-01-27T08:38:36.162+0000] {dag.py:2585} INFO - Sync 1 DAGs
[2025-01-27T08:38:36.233+0000] {logging_mixin.py:120} INFO - [2025-01-27T08:38:36.232+0000] {dag.py:3340} INFO - Setting next_dagrun for example_local_kubernetes_executor to None, run_after=None
[2025-01-27T08:38:36.287+0000] {processor.py:176} INFO - Processing /home/airflow/.local/lib/python3.7/site-packages/airflow/example_dags/example_local_kubernetes_executor.py took 0.275 seconds
[2025-01-27T08:39:06.842+0000] {processor.py:154} INFO - Started process (PID=659) to work on /home/airflow/.local/lib/python3.7/site-packages/airflow/example_dags/example_local_kubernetes_executor.py
[2025-01-27T08:39:06.844+0000] {processor.py:756} INFO - Processing file /home/airflow/.local/lib/python3.7/site-packages/airflow/example_dags/example_local_kubernetes_executor.py for tasks to queue
[2025-01-27T08:39:06.845+0000] {logging_mixin.py:120} INFO - [2025-01-27T08:39:06.845+0000] {dagbag.py:537} INFO - Filling up the DagBag from /home/airflow/.local/lib/python3.7/site-packages/airflow/example_dags/example_local_kubernetes_executor.py
[2025-01-27T08:39:06.892+0000] {processor.py:766} INFO - DAG(s) dict_keys(['example_local_kubernetes_executor']) retrieved from /home/airflow/.local/lib/python3.7/site-packages/airflow/example_dags/example_local_kubernetes_executor.py
[2025-01-27T08:39:06.968+0000] {logging_mixin.py:120} INFO - [2025-01-27T08:39:06.968+0000] {dag.py:2585} INFO - Sync 1 DAGs
[2025-01-27T08:39:07.021+0000] {logging_mixin.py:120} INFO - [2025-01-27T08:39:07.021+0000] {dag.py:3340} INFO - Setting next_dagrun for example_local_kubernetes_executor to None, run_after=None
[2025-01-27T08:39:07.060+0000] {processor.py:176} INFO - Processing /home/airflow/.local/lib/python3.7/site-packages/airflow/example_dags/example_local_kubernetes_executor.py took 0.226 seconds
[2025-01-27T08:39:37.836+0000] {processor.py:154} INFO - Started process (PID=719) to work on /home/airflow/.local/lib/python3.7/site-packages/airflow/example_dags/example_local_kubernetes_executor.py
[2025-01-27T08:39:37.838+0000] {processor.py:756} INFO - Processing file /home/airflow/.local/lib/python3.7/site-packages/airflow/example_dags/example_local_kubernetes_executor.py for tasks to queue
[2025-01-27T08:39:37.840+0000] {logging_mixin.py:120} INFO - [2025-01-27T08:39:37.839+0000] {dagbag.py:537} INFO - Filling up the DagBag from /home/airflow/.local/lib/python3.7/site-packages/airflow/example_dags/example_local_kubernetes_executor.py
[2025-01-27T08:39:37.883+0000] {processor.py:766} INFO - DAG(s) dict_keys(['example_local_kubernetes_executor']) retrieved from /home/airflow/.local/lib/python3.7/site-packages/airflow/example_dags/example_local_kubernetes_executor.py
[2025-01-27T08:39:37.958+0000] {logging_mixin.py:120} INFO - [2025-01-27T08:39:37.958+0000] {dag.py:2585} INFO - Sync 1 DAGs
[2025-01-27T08:39:38.017+0000] {logging_mixin.py:120} INFO - [2025-01-27T08:39:38.017+0000] {dag.py:3340} INFO - Setting next_dagrun for example_local_kubernetes_executor to None, run_after=None
[2025-01-27T08:39:38.068+0000] {processor.py:176} INFO - Processing /home/airflow/.local/lib/python3.7/site-packages/airflow/example_dags/example_local_kubernetes_executor.py took 0.237 seconds
[2025-01-27T08:40:08.374+0000] {processor.py:154} INFO - Started process (PID=775) to work on /home/airflow/.local/lib/python3.7/site-packages/airflow/example_dags/example_local_kubernetes_executor.py
[2025-01-27T08:40:08.376+0000] {processor.py:756} INFO - Processing file /home/airflow/.local/lib/python3.7/site-packages/airflow/example_dags/example_local_kubernetes_executor.py for tasks to queue
[2025-01-27T08:40:08.377+0000] {logging_mixin.py:120} INFO - [2025-01-27T08:40:08.377+0000] {dagbag.py:537} INFO - Filling up the DagBag from /home/airflow/.local/lib/python3.7/site-packages/airflow/example_dags/example_local_kubernetes_executor.py
[2025-01-27T08:40:08.423+0000] {processor.py:766} INFO - DAG(s) dict_keys(['example_local_kubernetes_executor']) retrieved from /home/airflow/.local/lib/python3.7/site-packages/airflow/example_dags/example_local_kubernetes_executor.py
[2025-01-27T08:40:08.504+0000] {logging_mixin.py:120} INFO - [2025-01-27T08:40:08.503+0000] {dag.py:2585} INFO - Sync 1 DAGs
[2025-01-27T08:40:08.561+0000] {logging_mixin.py:120} INFO - [2025-01-27T08:40:08.560+0000] {dag.py:3340} INFO - Setting next_dagrun for example_local_kubernetes_executor to None, run_after=None
[2025-01-27T08:40:08.602+0000] {processor.py:176} INFO - Processing /home/airflow/.local/lib/python3.7/site-packages/airflow/example_dags/example_local_kubernetes_executor.py took 0.234 seconds
[2025-01-27T08:40:39.128+0000] {processor.py:154} INFO - Started process (PID=838) to work on /home/airflow/.local/lib/python3.7/site-packages/airflow/example_dags/example_local_kubernetes_executor.py
[2025-01-27T08:40:39.130+0000] {processor.py:756} INFO - Processing file /home/airflow/.local/lib/python3.7/site-packages/airflow/example_dags/example_local_kubernetes_executor.py for tasks to queue
[2025-01-27T08:40:39.131+0000] {logging_mixin.py:120} INFO - [2025-01-27T08:40:39.131+0000] {dagbag.py:537} INFO - Filling up the DagBag from /home/airflow/.local/lib/python3.7/site-packages/airflow/example_dags/example_local_kubernetes_executor.py
[2025-01-27T08:40:39.178+0000] {processor.py:766} INFO - DAG(s) dict_keys(['example_local_kubernetes_executor']) retrieved from /home/airflow/.local/lib/python3.7/site-packages/airflow/example_dags/example_local_kubernetes_executor.py
[2025-01-27T08:40:39.259+0000] {logging_mixin.py:120} INFO - [2025-01-27T08:40:39.259+0000] {dag.py:2585} INFO - Sync 1 DAGs
[2025-01-27T08:40:39.311+0000] {logging_mixin.py:120} INFO - [2025-01-27T08:40:39.310+0000] {dag.py:3340} INFO - Setting next_dagrun for example_local_kubernetes_executor to None, run_after=None
[2025-01-27T08:40:39.352+0000] {processor.py:176} INFO - Processing /home/airflow/.local/lib/python3.7/site-packages/airflow/example_dags/example_local_kubernetes_executor.py took 0.229 seconds
[2025-01-27T08:41:09.847+0000] {processor.py:154} INFO - Started process (PID=892) to work on /home/airflow/.local/lib/python3.7/site-packages/airflow/example_dags/example_local_kubernetes_executor.py
[2025-01-27T08:41:09.850+0000] {processor.py:756} INFO - Processing file /home/airflow/.local/lib/python3.7/site-packages/airflow/example_dags/example_local_kubernetes_executor.py for tasks to queue
[2025-01-27T08:41:09.851+0000] {logging_mixin.py:120} INFO - [2025-01-27T08:41:09.851+0000] {dagbag.py:537} INFO - Filling up the DagBag from /home/airflow/.local/lib/python3.7/site-packages/airflow/example_dags/example_local_kubernetes_executor.py
[2025-01-27T08:41:09.898+0000] {processor.py:766} INFO - DAG(s) dict_keys(['example_local_kubernetes_executor']) retrieved from /home/airflow/.local/lib/python3.7/site-packages/airflow/example_dags/example_local_kubernetes_executor.py
[2025-01-27T08:41:09.980+0000] {logging_mixin.py:120} INFO - [2025-01-27T08:41:09.979+0000] {dag.py:2585} INFO - Sync 1 DAGs
[2025-01-27T08:41:10.032+0000] {logging_mixin.py:120} INFO - [2025-01-27T08:41:10.031+0000] {dag.py:3340} INFO - Setting next_dagrun for example_local_kubernetes_executor to None, run_after=None
[2025-01-27T08:41:10.068+0000] {processor.py:176} INFO - Processing /home/airflow/.local/lib/python3.7/site-packages/airflow/example_dags/example_local_kubernetes_executor.py took 0.227 seconds
[2025-01-27T08:41:40.618+0000] {processor.py:154} INFO - Started process (PID=952) to work on /home/airflow/.local/lib/python3.7/site-packages/airflow/example_dags/example_local_kubernetes_executor.py
[2025-01-27T08:41:40.619+0000] {processor.py:756} INFO - Processing file /home/airflow/.local/lib/python3.7/site-packages/airflow/example_dags/example_local_kubernetes_executor.py for tasks to queue
[2025-01-27T08:41:40.620+0000] {logging_mixin.py:120} INFO - [2025-01-27T08:41:40.620+0000] {dagbag.py:537} INFO - Filling up the DagBag from /home/airflow/.local/lib/python3.7/site-packages/airflow/example_dags/example_local_kubernetes_executor.py
[2025-01-27T08:41:40.661+0000] {processor.py:766} INFO - DAG(s) dict_keys(['example_local_kubernetes_executor']) retrieved from /home/airflow/.local/lib/python3.7/site-packages/airflow/example_dags/example_local_kubernetes_executor.py
[2025-01-27T08:41:40.749+0000] {logging_mixin.py:120} INFO - [2025-01-27T08:41:40.749+0000] {dag.py:2585} INFO - Sync 1 DAGs
[2025-01-27T08:41:40.799+0000] {logging_mixin.py:120} INFO - [2025-01-27T08:41:40.799+0000] {dag.py:3340} INFO - Setting next_dagrun for example_local_kubernetes_executor to None, run_after=None
[2025-01-27T08:41:40.845+0000] {processor.py:176} INFO - Processing /home/airflow/.local/lib/python3.7/site-packages/airflow/example_dags/example_local_kubernetes_executor.py took 0.233 seconds
[2025-01-27T08:42:10.948+0000] {processor.py:154} INFO - Started process (PID=1007) to work on /home/airflow/.local/lib/python3.7/site-packages/airflow/example_dags/example_local_kubernetes_executor.py
[2025-01-27T08:42:10.950+0000] {processor.py:756} INFO - Processing file /home/airflow/.local/lib/python3.7/site-packages/airflow/example_dags/example_local_kubernetes_executor.py for tasks to queue
[2025-01-27T08:42:10.951+0000] {logging_mixin.py:120} INFO - [2025-01-27T08:42:10.951+0000] {dagbag.py:537} INFO - Filling up the DagBag from /home/airflow/.local/lib/python3.7/site-packages/airflow/example_dags/example_local_kubernetes_executor.py
[2025-01-27T08:42:10.993+0000] {processor.py:766} INFO - DAG(s) dict_keys(['example_local_kubernetes_executor']) retrieved from /home/airflow/.local/lib/python3.7/site-packages/airflow/example_dags/example_local_kubernetes_executor.py
[2025-01-27T08:42:11.078+0000] {logging_mixin.py:120} INFO - [2025-01-27T08:42:11.077+0000] {dag.py:2585} INFO - Sync 1 DAGs
[2025-01-27T08:42:11.131+0000] {logging_mixin.py:120} INFO - [2025-01-27T08:42:11.131+0000] {dag.py:3340} INFO - Setting next_dagrun for example_local_kubernetes_executor to None, run_after=None
[2025-01-27T08:42:11.165+0000] {processor.py:176} INFO - Processing /home/airflow/.local/lib/python3.7/site-packages/airflow/example_dags/example_local_kubernetes_executor.py took 0.224 seconds
[2025-01-27T08:42:41.723+0000] {processor.py:154} INFO - Started process (PID=1061) to work on /home/airflow/.local/lib/python3.7/site-packages/airflow/example_dags/example_local_kubernetes_executor.py
[2025-01-27T08:42:41.726+0000] {processor.py:756} INFO - Processing file /home/airflow/.local/lib/python3.7/site-packages/airflow/example_dags/example_local_kubernetes_executor.py for tasks to queue
[2025-01-27T08:42:41.727+0000] {logging_mixin.py:120} INFO - [2025-01-27T08:42:41.727+0000] {dagbag.py:537} INFO - Filling up the DagBag from /home/airflow/.local/lib/python3.7/site-packages/airflow/example_dags/example_local_kubernetes_executor.py
[2025-01-27T08:42:41.775+0000] {processor.py:766} INFO - DAG(s) dict_keys(['example_local_kubernetes_executor']) retrieved from /home/airflow/.local/lib/python3.7/site-packages/airflow/example_dags/example_local_kubernetes_executor.py
[2025-01-27T08:42:41.855+0000] {logging_mixin.py:120} INFO - [2025-01-27T08:42:41.855+0000] {dag.py:2585} INFO - Sync 1 DAGs
[2025-01-27T08:42:41.912+0000] {logging_mixin.py:120} INFO - [2025-01-27T08:42:41.911+0000] {dag.py:3340} INFO - Setting next_dagrun for example_local_kubernetes_executor to None, run_after=None
[2025-01-27T08:42:41.960+0000] {processor.py:176} INFO - Processing /home/airflow/.local/lib/python3.7/site-packages/airflow/example_dags/example_local_kubernetes_executor.py took 0.243 seconds
[2025-01-27T08:43:12.291+0000] {processor.py:154} INFO - Started process (PID=1123) to work on /home/airflow/.local/lib/python3.7/site-packages/airflow/example_dags/example_local_kubernetes_executor.py
[2025-01-27T08:43:12.293+0000] {processor.py:756} INFO - Processing file /home/airflow/.local/lib/python3.7/site-packages/airflow/example_dags/example_local_kubernetes_executor.py for tasks to queue
[2025-01-27T08:43:12.296+0000] {logging_mixin.py:120} INFO - [2025-01-27T08:43:12.295+0000] {dagbag.py:537} INFO - Filling up the DagBag from /home/airflow/.local/lib/python3.7/site-packages/airflow/example_dags/example_local_kubernetes_executor.py
[2025-01-27T08:43:12.352+0000] {processor.py:766} INFO - DAG(s) dict_keys(['example_local_kubernetes_executor']) retrieved from /home/airflow/.local/lib/python3.7/site-packages/airflow/example_dags/example_local_kubernetes_executor.py
[2025-01-27T08:43:12.432+0000] {logging_mixin.py:120} INFO - [2025-01-27T08:43:12.432+0000] {dag.py:2585} INFO - Sync 1 DAGs
[2025-01-27T08:43:12.561+0000] {logging_mixin.py:120} INFO - [2025-01-27T08:43:12.561+0000] {dag.py:3340} INFO - Setting next_dagrun for example_local_kubernetes_executor to None, run_after=None
[2025-01-27T08:43:12.615+0000] {processor.py:176} INFO - Processing /home/airflow/.local/lib/python3.7/site-packages/airflow/example_dags/example_local_kubernetes_executor.py took 0.331 seconds
[2025-01-27T08:43:42.933+0000] {processor.py:154} INFO - Started process (PID=1176) to work on /home/airflow/.local/lib/python3.7/site-packages/airflow/example_dags/example_local_kubernetes_executor.py
[2025-01-27T08:43:42.934+0000] {processor.py:756} INFO - Processing file /home/airflow/.local/lib/python3.7/site-packages/airflow/example_dags/example_local_kubernetes_executor.py for tasks to queue
[2025-01-27T08:43:42.935+0000] {logging_mixin.py:120} INFO - [2025-01-27T08:43:42.935+0000] {dagbag.py:537} INFO - Filling up the DagBag from /home/airflow/.local/lib/python3.7/site-packages/airflow/example_dags/example_local_kubernetes_executor.py
[2025-01-27T08:43:42.982+0000] {processor.py:766} INFO - DAG(s) dict_keys(['example_local_kubernetes_executor']) retrieved from /home/airflow/.local/lib/python3.7/site-packages/airflow/example_dags/example_local_kubernetes_executor.py
[2025-01-27T08:43:43.059+0000] {logging_mixin.py:120} INFO - [2025-01-27T08:43:43.058+0000] {dag.py:2585} INFO - Sync 1 DAGs
[2025-01-27T08:43:43.105+0000] {logging_mixin.py:120} INFO - [2025-01-27T08:43:43.105+0000] {dag.py:3340} INFO - Setting next_dagrun for example_local_kubernetes_executor to None, run_after=None
[2025-01-27T08:43:43.145+0000] {processor.py:176} INFO - Processing /home/airflow/.local/lib/python3.7/site-packages/airflow/example_dags/example_local_kubernetes_executor.py took 0.219 seconds
[2025-01-27T08:44:13.817+0000] {processor.py:154} INFO - Started process (PID=1238) to work on /home/airflow/.local/lib/python3.7/site-packages/airflow/example_dags/example_local_kubernetes_executor.py
[2025-01-27T08:44:13.819+0000] {processor.py:756} INFO - Processing file /home/airflow/.local/lib/python3.7/site-packages/airflow/example_dags/example_local_kubernetes_executor.py for tasks to queue
[2025-01-27T08:44:13.821+0000] {logging_mixin.py:120} INFO - [2025-01-27T08:44:13.821+0000] {dagbag.py:537} INFO - Filling up the DagBag from /home/airflow/.local/lib/python3.7/site-packages/airflow/example_dags/example_local_kubernetes_executor.py
[2025-01-27T08:44:13.867+0000] {processor.py:766} INFO - DAG(s) dict_keys(['example_local_kubernetes_executor']) retrieved from /home/airflow/.local/lib/python3.7/site-packages/airflow/example_dags/example_local_kubernetes_executor.py
[2025-01-27T08:44:13.940+0000] {logging_mixin.py:120} INFO - [2025-01-27T08:44:13.940+0000] {dag.py:2585} INFO - Sync 1 DAGs
[2025-01-27T08:44:13.983+0000] {logging_mixin.py:120} INFO - [2025-01-27T08:44:13.983+0000] {dag.py:3340} INFO - Setting next_dagrun for example_local_kubernetes_executor to None, run_after=None
[2025-01-27T08:44:14.018+0000] {processor.py:176} INFO - Processing /home/airflow/.local/lib/python3.7/site-packages/airflow/example_dags/example_local_kubernetes_executor.py took 0.207 seconds
[2025-01-27T08:44:44.336+0000] {processor.py:154} INFO - Started process (PID=1292) to work on /home/airflow/.local/lib/python3.7/site-packages/airflow/example_dags/example_local_kubernetes_executor.py
[2025-01-27T08:44:44.337+0000] {processor.py:756} INFO - Processing file /home/airflow/.local/lib/python3.7/site-packages/airflow/example_dags/example_local_kubernetes_executor.py for tasks to queue
[2025-01-27T08:44:44.340+0000] {logging_mixin.py:120} INFO - [2025-01-27T08:44:44.340+0000] {dagbag.py:537} INFO - Filling up the DagBag from /home/airflow/.local/lib/python3.7/site-packages/airflow/example_dags/example_local_kubernetes_executor.py
[2025-01-27T08:44:44.379+0000] {processor.py:766} INFO - DAG(s) dict_keys(['example_local_kubernetes_executor']) retrieved from /home/airflow/.local/lib/python3.7/site-packages/airflow/example_dags/example_local_kubernetes_executor.py
[2025-01-27T08:44:44.449+0000] {logging_mixin.py:120} INFO - [2025-01-27T08:44:44.449+0000] {dag.py:2585} INFO - Sync 1 DAGs
[2025-01-27T08:44:44.489+0000] {logging_mixin.py:120} INFO - [2025-01-27T08:44:44.488+0000] {dag.py:3340} INFO - Setting next_dagrun for example_local_kubernetes_executor to None, run_after=None
[2025-01-27T08:44:44.520+0000] {processor.py:176} INFO - Processing /home/airflow/.local/lib/python3.7/site-packages/airflow/example_dags/example_local_kubernetes_executor.py took 0.190 seconds
[2025-01-27T08:45:15.210+0000] {processor.py:154} INFO - Started process (PID=1356) to work on /home/airflow/.local/lib/python3.7/site-packages/airflow/example_dags/example_local_kubernetes_executor.py
[2025-01-27T08:45:15.215+0000] {processor.py:756} INFO - Processing file /home/airflow/.local/lib/python3.7/site-packages/airflow/example_dags/example_local_kubernetes_executor.py for tasks to queue
[2025-01-27T08:45:15.217+0000] {logging_mixin.py:120} INFO - [2025-01-27T08:45:15.216+0000] {dagbag.py:537} INFO - Filling up the DagBag from /home/airflow/.local/lib/python3.7/site-packages/airflow/example_dags/example_local_kubernetes_executor.py
[2025-01-27T08:45:15.264+0000] {processor.py:766} INFO - DAG(s) dict_keys(['example_local_kubernetes_executor']) retrieved from /home/airflow/.local/lib/python3.7/site-packages/airflow/example_dags/example_local_kubernetes_executor.py
[2025-01-27T08:45:15.358+0000] {logging_mixin.py:120} INFO - [2025-01-27T08:45:15.358+0000] {dag.py:2585} INFO - Sync 1 DAGs
[2025-01-27T08:45:15.426+0000] {logging_mixin.py:120} INFO - [2025-01-27T08:45:15.426+0000] {dag.py:3340} INFO - Setting next_dagrun for example_local_kubernetes_executor to None, run_after=None
[2025-01-27T08:45:15.488+0000] {processor.py:176} INFO - Processing /home/airflow/.local/lib/python3.7/site-packages/airflow/example_dags/example_local_kubernetes_executor.py took 0.286 seconds
[2025-01-27T08:45:46.361+0000] {processor.py:154} INFO - Started process (PID=1409) to work on /home/airflow/.local/lib/python3.7/site-packages/airflow/example_dags/example_local_kubernetes_executor.py
[2025-01-27T08:45:46.362+0000] {processor.py:756} INFO - Processing file /home/airflow/.local/lib/python3.7/site-packages/airflow/example_dags/example_local_kubernetes_executor.py for tasks to queue
[2025-01-27T08:45:46.363+0000] {logging_mixin.py:120} INFO - [2025-01-27T08:45:46.363+0000] {dagbag.py:537} INFO - Filling up the DagBag from /home/airflow/.local/lib/python3.7/site-packages/airflow/example_dags/example_local_kubernetes_executor.py
[2025-01-27T08:45:46.399+0000] {processor.py:766} INFO - DAG(s) dict_keys(['example_local_kubernetes_executor']) retrieved from /home/airflow/.local/lib/python3.7/site-packages/airflow/example_dags/example_local_kubernetes_executor.py
[2025-01-27T08:45:46.464+0000] {logging_mixin.py:120} INFO - [2025-01-27T08:45:46.464+0000] {dag.py:2585} INFO - Sync 1 DAGs
[2025-01-27T08:45:46.512+0000] {logging_mixin.py:120} INFO - [2025-01-27T08:45:46.512+0000] {dag.py:3340} INFO - Setting next_dagrun for example_local_kubernetes_executor to None, run_after=None
[2025-01-27T08:45:46.542+0000] {processor.py:176} INFO - Processing /home/airflow/.local/lib/python3.7/site-packages/airflow/example_dags/example_local_kubernetes_executor.py took 0.186 seconds
[2025-01-27T08:46:16.792+0000] {processor.py:154} INFO - Started process (PID=1471) to work on /home/airflow/.local/lib/python3.7/site-packages/airflow/example_dags/example_local_kubernetes_executor.py
[2025-01-27T08:46:16.794+0000] {processor.py:756} INFO - Processing file /home/airflow/.local/lib/python3.7/site-packages/airflow/example_dags/example_local_kubernetes_executor.py for tasks to queue
[2025-01-27T08:46:16.796+0000] {logging_mixin.py:120} INFO - [2025-01-27T08:46:16.796+0000] {dagbag.py:537} INFO - Filling up the DagBag from /home/airflow/.local/lib/python3.7/site-packages/airflow/example_dags/example_local_kubernetes_executor.py
[2025-01-27T08:46:16.842+0000] {processor.py:766} INFO - DAG(s) dict_keys(['example_local_kubernetes_executor']) retrieved from /home/airflow/.local/lib/python3.7/site-packages/airflow/example_dags/example_local_kubernetes_executor.py
[2025-01-27T08:46:16.921+0000] {logging_mixin.py:120} INFO - [2025-01-27T08:46:16.921+0000] {dag.py:2585} INFO - Sync 1 DAGs
[2025-01-27T08:46:16.978+0000] {logging_mixin.py:120} INFO - [2025-01-27T08:46:16.977+0000] {dag.py:3340} INFO - Setting next_dagrun for example_local_kubernetes_executor to None, run_after=None
[2025-01-27T08:46:17.017+0000] {processor.py:176} INFO - Processing /home/airflow/.local/lib/python3.7/site-packages/airflow/example_dags/example_local_kubernetes_executor.py took 0.233 seconds
[2025-01-27T08:46:47.337+0000] {processor.py:154} INFO - Started process (PID=1525) to work on /home/airflow/.local/lib/python3.7/site-packages/airflow/example_dags/example_local_kubernetes_executor.py
[2025-01-27T08:46:47.341+0000] {processor.py:756} INFO - Processing file /home/airflow/.local/lib/python3.7/site-packages/airflow/example_dags/example_local_kubernetes_executor.py for tasks to queue
[2025-01-27T08:46:47.343+0000] {logging_mixin.py:120} INFO - [2025-01-27T08:46:47.343+0000] {dagbag.py:537} INFO - Filling up the DagBag from /home/airflow/.local/lib/python3.7/site-packages/airflow/example_dags/example_local_kubernetes_executor.py
[2025-01-27T08:46:47.384+0000] {processor.py:766} INFO - DAG(s) dict_keys(['example_local_kubernetes_executor']) retrieved from /home/airflow/.local/lib/python3.7/site-packages/airflow/example_dags/example_local_kubernetes_executor.py
[2025-01-27T08:46:47.452+0000] {logging_mixin.py:120} INFO - [2025-01-27T08:46:47.452+0000] {dag.py:2585} INFO - Sync 1 DAGs
[2025-01-27T08:46:47.493+0000] {logging_mixin.py:120} INFO - [2025-01-27T08:46:47.493+0000] {dag.py:3340} INFO - Setting next_dagrun for example_local_kubernetes_executor to None, run_after=None
[2025-01-27T08:46:47.526+0000] {processor.py:176} INFO - Processing /home/airflow/.local/lib/python3.7/site-packages/airflow/example_dags/example_local_kubernetes_executor.py took 0.197 seconds
[2025-01-27T08:47:18.269+0000] {processor.py:154} INFO - Started process (PID=1579) to work on /home/airflow/.local/lib/python3.7/site-packages/airflow/example_dags/example_local_kubernetes_executor.py
[2025-01-27T08:47:18.271+0000] {processor.py:756} INFO - Processing file /home/airflow/.local/lib/python3.7/site-packages/airflow/example_dags/example_local_kubernetes_executor.py for tasks to queue
[2025-01-27T08:47:18.273+0000] {logging_mixin.py:120} INFO - [2025-01-27T08:47:18.273+0000] {dagbag.py:537} INFO - Filling up the DagBag from /home/airflow/.local/lib/python3.7/site-packages/airflow/example_dags/example_local_kubernetes_executor.py
[2025-01-27T08:47:18.331+0000] {processor.py:766} INFO - DAG(s) dict_keys(['example_local_kubernetes_executor']) retrieved from /home/airflow/.local/lib/python3.7/site-packages/airflow/example_dags/example_local_kubernetes_executor.py
[2025-01-27T08:47:18.422+0000] {logging_mixin.py:120} INFO - [2025-01-27T08:47:18.422+0000] {dag.py:2585} INFO - Sync 1 DAGs
[2025-01-27T08:47:18.477+0000] {logging_mixin.py:120} INFO - [2025-01-27T08:47:18.477+0000] {dag.py:3340} INFO - Setting next_dagrun for example_local_kubernetes_executor to None, run_after=None
[2025-01-27T08:47:18.518+0000] {processor.py:176} INFO - Processing /home/airflow/.local/lib/python3.7/site-packages/airflow/example_dags/example_local_kubernetes_executor.py took 0.257 seconds
[2025-01-27T08:47:48.775+0000] {processor.py:154} INFO - Started process (PID=1642) to work on /home/airflow/.local/lib/python3.7/site-packages/airflow/example_dags/example_local_kubernetes_executor.py
[2025-01-27T08:47:48.777+0000] {processor.py:756} INFO - Processing file /home/airflow/.local/lib/python3.7/site-packages/airflow/example_dags/example_local_kubernetes_executor.py for tasks to queue
[2025-01-27T08:47:48.778+0000] {logging_mixin.py:120} INFO - [2025-01-27T08:47:48.778+0000] {dagbag.py:537} INFO - Filling up the DagBag from /home/airflow/.local/lib/python3.7/site-packages/airflow/example_dags/example_local_kubernetes_executor.py
[2025-01-27T08:47:48.814+0000] {processor.py:766} INFO - DAG(s) dict_keys(['example_local_kubernetes_executor']) retrieved from /home/airflow/.local/lib/python3.7/site-packages/airflow/example_dags/example_local_kubernetes_executor.py
[2025-01-27T08:47:48.884+0000] {logging_mixin.py:120} INFO - [2025-01-27T08:47:48.884+0000] {dag.py:2585} INFO - Sync 1 DAGs
[2025-01-27T08:47:48.933+0000] {logging_mixin.py:120} INFO - [2025-01-27T08:47:48.933+0000] {dag.py:3340} INFO - Setting next_dagrun for example_local_kubernetes_executor to None, run_after=None
[2025-01-27T08:47:48.970+0000] {processor.py:176} INFO - Processing /home/airflow/.local/lib/python3.7/site-packages/airflow/example_dags/example_local_kubernetes_executor.py took 0.203 seconds
[2025-01-27T08:48:19.756+0000] {processor.py:154} INFO - Started process (PID=1696) to work on /home/airflow/.local/lib/python3.7/site-packages/airflow/example_dags/example_local_kubernetes_executor.py
[2025-01-27T08:48:19.757+0000] {processor.py:756} INFO - Processing file /home/airflow/.local/lib/python3.7/site-packages/airflow/example_dags/example_local_kubernetes_executor.py for tasks to queue
[2025-01-27T08:48:19.760+0000] {logging_mixin.py:120} INFO - [2025-01-27T08:48:19.759+0000] {dagbag.py:537} INFO - Filling up the DagBag from /home/airflow/.local/lib/python3.7/site-packages/airflow/example_dags/example_local_kubernetes_executor.py
[2025-01-27T08:48:19.814+0000] {processor.py:766} INFO - DAG(s) dict_keys(['example_local_kubernetes_executor']) retrieved from /home/airflow/.local/lib/python3.7/site-packages/airflow/example_dags/example_local_kubernetes_executor.py
[2025-01-27T08:48:19.894+0000] {logging_mixin.py:120} INFO - [2025-01-27T08:48:19.894+0000] {dag.py:2585} INFO - Sync 1 DAGs
[2025-01-27T08:48:19.947+0000] {logging_mixin.py:120} INFO - [2025-01-27T08:48:19.946+0000] {dag.py:3340} INFO - Setting next_dagrun for example_local_kubernetes_executor to None, run_after=None
[2025-01-27T08:48:19.983+0000] {processor.py:176} INFO - Processing /home/airflow/.local/lib/python3.7/site-packages/airflow/example_dags/example_local_kubernetes_executor.py took 0.234 seconds
[2025-01-27T08:48:50.442+0000] {processor.py:154} INFO - Started process (PID=1759) to work on /home/airflow/.local/lib/python3.7/site-packages/airflow/example_dags/example_local_kubernetes_executor.py
[2025-01-27T08:48:50.444+0000] {processor.py:756} INFO - Processing file /home/airflow/.local/lib/python3.7/site-packages/airflow/example_dags/example_local_kubernetes_executor.py for tasks to queue
[2025-01-27T08:48:50.445+0000] {logging_mixin.py:120} INFO - [2025-01-27T08:48:50.445+0000] {dagbag.py:537} INFO - Filling up the DagBag from /home/airflow/.local/lib/python3.7/site-packages/airflow/example_dags/example_local_kubernetes_executor.py
[2025-01-27T08:48:50.486+0000] {processor.py:766} INFO - DAG(s) dict_keys(['example_local_kubernetes_executor']) retrieved from /home/airflow/.local/lib/python3.7/site-packages/airflow/example_dags/example_local_kubernetes_executor.py
[2025-01-27T08:48:50.552+0000] {logging_mixin.py:120} INFO - [2025-01-27T08:48:50.552+0000] {dag.py:2585} INFO - Sync 1 DAGs
[2025-01-27T08:48:50.593+0000] {logging_mixin.py:120} INFO - [2025-01-27T08:48:50.592+0000] {dag.py:3340} INFO - Setting next_dagrun for example_local_kubernetes_executor to None, run_after=None
[2025-01-27T08:48:50.627+0000] {processor.py:176} INFO - Processing /home/airflow/.local/lib/python3.7/site-packages/airflow/example_dags/example_local_kubernetes_executor.py took 0.192 seconds
[2025-01-27T08:49:21.314+0000] {processor.py:154} INFO - Started process (PID=1813) to work on /home/airflow/.local/lib/python3.7/site-packages/airflow/example_dags/example_local_kubernetes_executor.py
[2025-01-27T08:49:21.315+0000] {processor.py:756} INFO - Processing file /home/airflow/.local/lib/python3.7/site-packages/airflow/example_dags/example_local_kubernetes_executor.py for tasks to queue
[2025-01-27T08:49:21.317+0000] {logging_mixin.py:120} INFO - [2025-01-27T08:49:21.317+0000] {dagbag.py:537} INFO - Filling up the DagBag from /home/airflow/.local/lib/python3.7/site-packages/airflow/example_dags/example_local_kubernetes_executor.py
[2025-01-27T08:49:21.369+0000] {processor.py:766} INFO - DAG(s) dict_keys(['example_local_kubernetes_executor']) retrieved from /home/airflow/.local/lib/python3.7/site-packages/airflow/example_dags/example_local_kubernetes_executor.py
[2025-01-27T08:49:21.454+0000] {logging_mixin.py:120} INFO - [2025-01-27T08:49:21.454+0000] {dag.py:2585} INFO - Sync 1 DAGs
[2025-01-27T08:49:21.500+0000] {logging_mixin.py:120} INFO - [2025-01-27T08:49:21.500+0000] {dag.py:3340} INFO - Setting next_dagrun for example_local_kubernetes_executor to None, run_after=None
[2025-01-27T08:49:21.541+0000] {processor.py:176} INFO - Processing /home/airflow/.local/lib/python3.7/site-packages/airflow/example_dags/example_local_kubernetes_executor.py took 0.233 seconds
[2025-01-27T08:49:51.824+0000] {processor.py:154} INFO - Started process (PID=1876) to work on /home/airflow/.local/lib/python3.7/site-packages/airflow/example_dags/example_local_kubernetes_executor.py
[2025-01-27T08:49:51.826+0000] {processor.py:756} INFO - Processing file /home/airflow/.local/lib/python3.7/site-packages/airflow/example_dags/example_local_kubernetes_executor.py for tasks to queue
[2025-01-27T08:49:51.831+0000] {logging_mixin.py:120} INFO - [2025-01-27T08:49:51.831+0000] {dagbag.py:537} INFO - Filling up the DagBag from /home/airflow/.local/lib/python3.7/site-packages/airflow/example_dags/example_local_kubernetes_executor.py
[2025-01-27T08:49:51.886+0000] {processor.py:766} INFO - DAG(s) dict_keys(['example_local_kubernetes_executor']) retrieved from /home/airflow/.local/lib/python3.7/site-packages/airflow/example_dags/example_local_kubernetes_executor.py
[2025-01-27T08:49:51.965+0000] {logging_mixin.py:120} INFO - [2025-01-27T08:49:51.965+0000] {dag.py:2585} INFO - Sync 1 DAGs
[2025-01-27T08:49:52.016+0000] {logging_mixin.py:120} INFO - [2025-01-27T08:49:52.015+0000] {dag.py:3340} INFO - Setting next_dagrun for example_local_kubernetes_executor to None, run_after=None
[2025-01-27T08:49:52.048+0000] {processor.py:176} INFO - Processing /home/airflow/.local/lib/python3.7/site-packages/airflow/example_dags/example_local_kubernetes_executor.py took 0.231 seconds
[2025-01-27T08:50:22.572+0000] {processor.py:154} INFO - Started process (PID=1930) to work on /home/airflow/.local/lib/python3.7/site-packages/airflow/example_dags/example_local_kubernetes_executor.py
[2025-01-27T08:50:22.574+0000] {processor.py:756} INFO - Processing file /home/airflow/.local/lib/python3.7/site-packages/airflow/example_dags/example_local_kubernetes_executor.py for tasks to queue
[2025-01-27T08:50:22.576+0000] {logging_mixin.py:120} INFO - [2025-01-27T08:50:22.576+0000] {dagbag.py:537} INFO - Filling up the DagBag from /home/airflow/.local/lib/python3.7/site-packages/airflow/example_dags/example_local_kubernetes_executor.py
[2025-01-27T08:50:22.618+0000] {processor.py:766} INFO - DAG(s) dict_keys(['example_local_kubernetes_executor']) retrieved from /home/airflow/.local/lib/python3.7/site-packages/airflow/example_dags/example_local_kubernetes_executor.py
[2025-01-27T08:50:22.693+0000] {logging_mixin.py:120} INFO - [2025-01-27T08:50:22.693+0000] {dag.py:2585} INFO - Sync 1 DAGs
[2025-01-27T08:50:22.735+0000] {logging_mixin.py:120} INFO - [2025-01-27T08:50:22.735+0000] {dag.py:3340} INFO - Setting next_dagrun for example_local_kubernetes_executor to None, run_after=None
[2025-01-27T08:50:22.770+0000] {processor.py:176} INFO - Processing /home/airflow/.local/lib/python3.7/site-packages/airflow/example_dags/example_local_kubernetes_executor.py took 0.206 seconds
[2025-01-27T08:50:53.147+0000] {processor.py:154} INFO - Started process (PID=1992) to work on /home/airflow/.local/lib/python3.7/site-packages/airflow/example_dags/example_local_kubernetes_executor.py
[2025-01-27T08:50:53.150+0000] {processor.py:756} INFO - Processing file /home/airflow/.local/lib/python3.7/site-packages/airflow/example_dags/example_local_kubernetes_executor.py for tasks to queue
[2025-01-27T08:50:53.152+0000] {logging_mixin.py:120} INFO - [2025-01-27T08:50:53.152+0000] {dagbag.py:537} INFO - Filling up the DagBag from /home/airflow/.local/lib/python3.7/site-packages/airflow/example_dags/example_local_kubernetes_executor.py
[2025-01-27T08:50:53.192+0000] {processor.py:766} INFO - DAG(s) dict_keys(['example_local_kubernetes_executor']) retrieved from /home/airflow/.local/lib/python3.7/site-packages/airflow/example_dags/example_local_kubernetes_executor.py
[2025-01-27T08:50:53.267+0000] {logging_mixin.py:120} INFO - [2025-01-27T08:50:53.267+0000] {dag.py:2585} INFO - Sync 1 DAGs
[2025-01-27T08:50:53.313+0000] {logging_mixin.py:120} INFO - [2025-01-27T08:50:53.313+0000] {dag.py:3340} INFO - Setting next_dagrun for example_local_kubernetes_executor to None, run_after=None
[2025-01-27T08:50:53.345+0000] {processor.py:176} INFO - Processing /home/airflow/.local/lib/python3.7/site-packages/airflow/example_dags/example_local_kubernetes_executor.py took 0.203 seconds
[2025-01-27T08:51:24.094+0000] {processor.py:154} INFO - Started process (PID=2046) to work on /home/airflow/.local/lib/python3.7/site-packages/airflow/example_dags/example_local_kubernetes_executor.py
[2025-01-27T08:51:24.095+0000] {processor.py:756} INFO - Processing file /home/airflow/.local/lib/python3.7/site-packages/airflow/example_dags/example_local_kubernetes_executor.py for tasks to queue
[2025-01-27T08:51:24.096+0000] {logging_mixin.py:120} INFO - [2025-01-27T08:51:24.096+0000] {dagbag.py:537} INFO - Filling up the DagBag from /home/airflow/.local/lib/python3.7/site-packages/airflow/example_dags/example_local_kubernetes_executor.py
[2025-01-27T08:51:24.132+0000] {processor.py:766} INFO - DAG(s) dict_keys(['example_local_kubernetes_executor']) retrieved from /home/airflow/.local/lib/python3.7/site-packages/airflow/example_dags/example_local_kubernetes_executor.py
[2025-01-27T08:51:24.205+0000] {logging_mixin.py:120} INFO - [2025-01-27T08:51:24.205+0000] {dag.py:2585} INFO - Sync 1 DAGs
[2025-01-27T08:51:24.251+0000] {logging_mixin.py:120} INFO - [2025-01-27T08:51:24.251+0000] {dag.py:3340} INFO - Setting next_dagrun for example_local_kubernetes_executor to None, run_after=None
[2025-01-27T08:51:24.287+0000] {processor.py:176} INFO - Processing /home/airflow/.local/lib/python3.7/site-packages/airflow/example_dags/example_local_kubernetes_executor.py took 0.198 seconds
[2025-01-27T08:51:54.523+0000] {processor.py:154} INFO - Started process (PID=2108) to work on /home/airflow/.local/lib/python3.7/site-packages/airflow/example_dags/example_local_kubernetes_executor.py
[2025-01-27T08:51:54.525+0000] {processor.py:756} INFO - Processing file /home/airflow/.local/lib/python3.7/site-packages/airflow/example_dags/example_local_kubernetes_executor.py for tasks to queue
[2025-01-27T08:51:54.527+0000] {logging_mixin.py:120} INFO - [2025-01-27T08:51:54.527+0000] {dagbag.py:537} INFO - Filling up the DagBag from /home/airflow/.local/lib/python3.7/site-packages/airflow/example_dags/example_local_kubernetes_executor.py
[2025-01-27T08:51:54.572+0000] {processor.py:766} INFO - DAG(s) dict_keys(['example_local_kubernetes_executor']) retrieved from /home/airflow/.local/lib/python3.7/site-packages/airflow/example_dags/example_local_kubernetes_executor.py
[2025-01-27T08:51:54.646+0000] {logging_mixin.py:120} INFO - [2025-01-27T08:51:54.646+0000] {dag.py:2585} INFO - Sync 1 DAGs
[2025-01-27T08:51:54.694+0000] {logging_mixin.py:120} INFO - [2025-01-27T08:51:54.694+0000] {dag.py:3340} INFO - Setting next_dagrun for example_local_kubernetes_executor to None, run_after=None
[2025-01-27T08:51:54.730+0000] {processor.py:176} INFO - Processing /home/airflow/.local/lib/python3.7/site-packages/airflow/example_dags/example_local_kubernetes_executor.py took 0.213 seconds
[2025-01-27T08:52:25.803+0000] {processor.py:154} INFO - Started process (PID=2162) to work on /home/airflow/.local/lib/python3.7/site-packages/airflow/example_dags/example_local_kubernetes_executor.py
[2025-01-27T08:52:25.806+0000] {processor.py:756} INFO - Processing file /home/airflow/.local/lib/python3.7/site-packages/airflow/example_dags/example_local_kubernetes_executor.py for tasks to queue
[2025-01-27T08:52:25.807+0000] {logging_mixin.py:120} INFO - [2025-01-27T08:52:25.807+0000] {dagbag.py:537} INFO - Filling up the DagBag from /home/airflow/.local/lib/python3.7/site-packages/airflow/example_dags/example_local_kubernetes_executor.py
[2025-01-27T08:52:25.845+0000] {processor.py:766} INFO - DAG(s) dict_keys(['example_local_kubernetes_executor']) retrieved from /home/airflow/.local/lib/python3.7/site-packages/airflow/example_dags/example_local_kubernetes_executor.py
[2025-01-27T08:52:25.924+0000] {logging_mixin.py:120} INFO - [2025-01-27T08:52:25.924+0000] {dag.py:2585} INFO - Sync 1 DAGs
[2025-01-27T08:52:25.969+0000] {logging_mixin.py:120} INFO - [2025-01-27T08:52:25.969+0000] {dag.py:3340} INFO - Setting next_dagrun for example_local_kubernetes_executor to None, run_after=None
[2025-01-27T08:52:26.007+0000] {processor.py:176} INFO - Processing /home/airflow/.local/lib/python3.7/site-packages/airflow/example_dags/example_local_kubernetes_executor.py took 0.210 seconds
[2025-01-27T08:52:56.357+0000] {processor.py:154} INFO - Started process (PID=2225) to work on /home/airflow/.local/lib/python3.7/site-packages/airflow/example_dags/example_local_kubernetes_executor.py
[2025-01-27T08:52:56.360+0000] {processor.py:756} INFO - Processing file /home/airflow/.local/lib/python3.7/site-packages/airflow/example_dags/example_local_kubernetes_executor.py for tasks to queue
[2025-01-27T08:52:56.361+0000] {logging_mixin.py:120} INFO - [2025-01-27T08:52:56.361+0000] {dagbag.py:537} INFO - Filling up the DagBag from /home/airflow/.local/lib/python3.7/site-packages/airflow/example_dags/example_local_kubernetes_executor.py
[2025-01-27T08:52:56.400+0000] {processor.py:766} INFO - DAG(s) dict_keys(['example_local_kubernetes_executor']) retrieved from /home/airflow/.local/lib/python3.7/site-packages/airflow/example_dags/example_local_kubernetes_executor.py
[2025-01-27T08:52:56.474+0000] {logging_mixin.py:120} INFO - [2025-01-27T08:52:56.473+0000] {dag.py:2585} INFO - Sync 1 DAGs
[2025-01-27T08:52:56.520+0000] {logging_mixin.py:120} INFO - [2025-01-27T08:52:56.519+0000] {dag.py:3340} INFO - Setting next_dagrun for example_local_kubernetes_executor to None, run_after=None
[2025-01-27T08:52:56.551+0000] {processor.py:176} INFO - Processing /home/airflow/.local/lib/python3.7/site-packages/airflow/example_dags/example_local_kubernetes_executor.py took 0.199 seconds
[2025-01-27T08:53:27.746+0000] {processor.py:154} INFO - Started process (PID=2279) to work on /home/airflow/.local/lib/python3.7/site-packages/airflow/example_dags/example_local_kubernetes_executor.py
[2025-01-27T08:53:27.747+0000] {processor.py:756} INFO - Processing file /home/airflow/.local/lib/python3.7/site-packages/airflow/example_dags/example_local_kubernetes_executor.py for tasks to queue
[2025-01-27T08:53:27.749+0000] {logging_mixin.py:120} INFO - [2025-01-27T08:53:27.748+0000] {dagbag.py:537} INFO - Filling up the DagBag from /home/airflow/.local/lib/python3.7/site-packages/airflow/example_dags/example_local_kubernetes_executor.py
[2025-01-27T08:53:27.789+0000] {processor.py:766} INFO - DAG(s) dict_keys(['example_local_kubernetes_executor']) retrieved from /home/airflow/.local/lib/python3.7/site-packages/airflow/example_dags/example_local_kubernetes_executor.py
[2025-01-27T08:53:27.862+0000] {logging_mixin.py:120} INFO - [2025-01-27T08:53:27.862+0000] {dag.py:2585} INFO - Sync 1 DAGs
[2025-01-27T08:53:27.911+0000] {logging_mixin.py:120} INFO - [2025-01-27T08:53:27.910+0000] {dag.py:3340} INFO - Setting next_dagrun for example_local_kubernetes_executor to None, run_after=None
[2025-01-27T08:53:27.945+0000] {processor.py:176} INFO - Processing /home/airflow/.local/lib/python3.7/site-packages/airflow/example_dags/example_local_kubernetes_executor.py took 0.208 seconds
[2025-01-27T08:53:58.315+0000] {processor.py:154} INFO - Started process (PID=2341) to work on /home/airflow/.local/lib/python3.7/site-packages/airflow/example_dags/example_local_kubernetes_executor.py
[2025-01-27T08:53:58.316+0000] {processor.py:756} INFO - Processing file /home/airflow/.local/lib/python3.7/site-packages/airflow/example_dags/example_local_kubernetes_executor.py for tasks to queue
[2025-01-27T08:53:58.317+0000] {logging_mixin.py:120} INFO - [2025-01-27T08:53:58.317+0000] {dagbag.py:537} INFO - Filling up the DagBag from /home/airflow/.local/lib/python3.7/site-packages/airflow/example_dags/example_local_kubernetes_executor.py
[2025-01-27T08:53:58.356+0000] {processor.py:766} INFO - DAG(s) dict_keys(['example_local_kubernetes_executor']) retrieved from /home/airflow/.local/lib/python3.7/site-packages/airflow/example_dags/example_local_kubernetes_executor.py
[2025-01-27T08:53:58.424+0000] {logging_mixin.py:120} INFO - [2025-01-27T08:53:58.424+0000] {dag.py:2585} INFO - Sync 1 DAGs
[2025-01-27T08:53:58.470+0000] {logging_mixin.py:120} INFO - [2025-01-27T08:53:58.469+0000] {dag.py:3340} INFO - Setting next_dagrun for example_local_kubernetes_executor to None, run_after=None
[2025-01-27T08:53:58.506+0000] {processor.py:176} INFO - Processing /home/airflow/.local/lib/python3.7/site-packages/airflow/example_dags/example_local_kubernetes_executor.py took 0.196 seconds
[2025-01-27T08:54:29.062+0000] {processor.py:154} INFO - Started process (PID=2395) to work on /home/airflow/.local/lib/python3.7/site-packages/airflow/example_dags/example_local_kubernetes_executor.py
[2025-01-27T08:54:29.064+0000] {processor.py:756} INFO - Processing file /home/airflow/.local/lib/python3.7/site-packages/airflow/example_dags/example_local_kubernetes_executor.py for tasks to queue
[2025-01-27T08:54:29.065+0000] {logging_mixin.py:120} INFO - [2025-01-27T08:54:29.065+0000] {dagbag.py:537} INFO - Filling up the DagBag from /home/airflow/.local/lib/python3.7/site-packages/airflow/example_dags/example_local_kubernetes_executor.py
[2025-01-27T08:54:29.105+0000] {processor.py:766} INFO - DAG(s) dict_keys(['example_local_kubernetes_executor']) retrieved from /home/airflow/.local/lib/python3.7/site-packages/airflow/example_dags/example_local_kubernetes_executor.py
[2025-01-27T08:54:29.179+0000] {logging_mixin.py:120} INFO - [2025-01-27T08:54:29.178+0000] {dag.py:2585} INFO - Sync 1 DAGs
[2025-01-27T08:54:29.223+0000] {logging_mixin.py:120} INFO - [2025-01-27T08:54:29.223+0000] {dag.py:3340} INFO - Setting next_dagrun for example_local_kubernetes_executor to None, run_after=None
[2025-01-27T08:54:29.254+0000] {processor.py:176} INFO - Processing /home/airflow/.local/lib/python3.7/site-packages/airflow/example_dags/example_local_kubernetes_executor.py took 0.199 seconds
[2025-01-27T08:54:59.805+0000] {processor.py:154} INFO - Started process (PID=2458) to work on /home/airflow/.local/lib/python3.7/site-packages/airflow/example_dags/example_local_kubernetes_executor.py
[2025-01-27T08:54:59.807+0000] {processor.py:756} INFO - Processing file /home/airflow/.local/lib/python3.7/site-packages/airflow/example_dags/example_local_kubernetes_executor.py for tasks to queue
[2025-01-27T08:54:59.808+0000] {logging_mixin.py:120} INFO - [2025-01-27T08:54:59.808+0000] {dagbag.py:537} INFO - Filling up the DagBag from /home/airflow/.local/lib/python3.7/site-packages/airflow/example_dags/example_local_kubernetes_executor.py
[2025-01-27T08:54:59.850+0000] {processor.py:766} INFO - DAG(s) dict_keys(['example_local_kubernetes_executor']) retrieved from /home/airflow/.local/lib/python3.7/site-packages/airflow/example_dags/example_local_kubernetes_executor.py
[2025-01-27T08:54:59.928+0000] {logging_mixin.py:120} INFO - [2025-01-27T08:54:59.928+0000] {dag.py:2585} INFO - Sync 1 DAGs
[2025-01-27T08:54:59.977+0000] {logging_mixin.py:120} INFO - [2025-01-27T08:54:59.976+0000] {dag.py:3340} INFO - Setting next_dagrun for example_local_kubernetes_executor to None, run_after=None
[2025-01-27T08:55:00.017+0000] {processor.py:176} INFO - Processing /home/airflow/.local/lib/python3.7/site-packages/airflow/example_dags/example_local_kubernetes_executor.py took 0.218 seconds
[2025-01-27T08:55:30.986+0000] {processor.py:154} INFO - Started process (PID=2511) to work on /home/airflow/.local/lib/python3.7/site-packages/airflow/example_dags/example_local_kubernetes_executor.py
[2025-01-27T08:55:30.988+0000] {processor.py:756} INFO - Processing file /home/airflow/.local/lib/python3.7/site-packages/airflow/example_dags/example_local_kubernetes_executor.py for tasks to queue
[2025-01-27T08:55:30.989+0000] {logging_mixin.py:120} INFO - [2025-01-27T08:55:30.989+0000] {dagbag.py:537} INFO - Filling up the DagBag from /home/airflow/.local/lib/python3.7/site-packages/airflow/example_dags/example_local_kubernetes_executor.py
[2025-01-27T08:55:31.030+0000] {processor.py:766} INFO - DAG(s) dict_keys(['example_local_kubernetes_executor']) retrieved from /home/airflow/.local/lib/python3.7/site-packages/airflow/example_dags/example_local_kubernetes_executor.py
[2025-01-27T08:55:31.106+0000] {logging_mixin.py:120} INFO - [2025-01-27T08:55:31.106+0000] {dag.py:2585} INFO - Sync 1 DAGs
[2025-01-27T08:55:31.155+0000] {logging_mixin.py:120} INFO - [2025-01-27T08:55:31.154+0000] {dag.py:3340} INFO - Setting next_dagrun for example_local_kubernetes_executor to None, run_after=None
[2025-01-27T08:55:31.187+0000] {processor.py:176} INFO - Processing /home/airflow/.local/lib/python3.7/site-packages/airflow/example_dags/example_local_kubernetes_executor.py took 0.206 seconds
[2025-01-27T08:56:01.835+0000] {processor.py:154} INFO - Started process (PID=2573) to work on /home/airflow/.local/lib/python3.7/site-packages/airflow/example_dags/example_local_kubernetes_executor.py
[2025-01-27T08:56:01.836+0000] {processor.py:756} INFO - Processing file /home/airflow/.local/lib/python3.7/site-packages/airflow/example_dags/example_local_kubernetes_executor.py for tasks to queue
[2025-01-27T08:56:01.839+0000] {logging_mixin.py:120} INFO - [2025-01-27T08:56:01.838+0000] {dagbag.py:537} INFO - Filling up the DagBag from /home/airflow/.local/lib/python3.7/site-packages/airflow/example_dags/example_local_kubernetes_executor.py
[2025-01-27T08:56:01.882+0000] {processor.py:766} INFO - DAG(s) dict_keys(['example_local_kubernetes_executor']) retrieved from /home/airflow/.local/lib/python3.7/site-packages/airflow/example_dags/example_local_kubernetes_executor.py
[2025-01-27T08:56:01.952+0000] {logging_mixin.py:120} INFO - [2025-01-27T08:56:01.952+0000] {dag.py:2585} INFO - Sync 1 DAGs
[2025-01-27T08:56:01.995+0000] {logging_mixin.py:120} INFO - [2025-01-27T08:56:01.995+0000] {dag.py:3340} INFO - Setting next_dagrun for example_local_kubernetes_executor to None, run_after=None
[2025-01-27T08:56:02.032+0000] {processor.py:176} INFO - Processing /home/airflow/.local/lib/python3.7/site-packages/airflow/example_dags/example_local_kubernetes_executor.py took 0.202 seconds
[2025-01-27T08:56:32.690+0000] {processor.py:154} INFO - Started process (PID=2627) to work on /home/airflow/.local/lib/python3.7/site-packages/airflow/example_dags/example_local_kubernetes_executor.py
[2025-01-27T08:56:32.691+0000] {processor.py:756} INFO - Processing file /home/airflow/.local/lib/python3.7/site-packages/airflow/example_dags/example_local_kubernetes_executor.py for tasks to queue
[2025-01-27T08:56:32.693+0000] {logging_mixin.py:120} INFO - [2025-01-27T08:56:32.692+0000] {dagbag.py:537} INFO - Filling up the DagBag from /home/airflow/.local/lib/python3.7/site-packages/airflow/example_dags/example_local_kubernetes_executor.py
[2025-01-27T08:56:32.733+0000] {processor.py:766} INFO - DAG(s) dict_keys(['example_local_kubernetes_executor']) retrieved from /home/airflow/.local/lib/python3.7/site-packages/airflow/example_dags/example_local_kubernetes_executor.py
[2025-01-27T08:56:32.810+0000] {logging_mixin.py:120} INFO - [2025-01-27T08:56:32.809+0000] {dag.py:2585} INFO - Sync 1 DAGs
[2025-01-27T08:56:32.853+0000] {logging_mixin.py:120} INFO - [2025-01-27T08:56:32.853+0000] {dag.py:3340} INFO - Setting next_dagrun for example_local_kubernetes_executor to None, run_after=None
[2025-01-27T08:56:32.890+0000] {processor.py:176} INFO - Processing /home/airflow/.local/lib/python3.7/site-packages/airflow/example_dags/example_local_kubernetes_executor.py took 0.206 seconds
[2025-01-27T08:57:03.462+0000] {processor.py:154} INFO - Started process (PID=2688) to work on /home/airflow/.local/lib/python3.7/site-packages/airflow/example_dags/example_local_kubernetes_executor.py
[2025-01-27T08:57:03.463+0000] {processor.py:756} INFO - Processing file /home/airflow/.local/lib/python3.7/site-packages/airflow/example_dags/example_local_kubernetes_executor.py for tasks to queue
[2025-01-27T08:57:03.464+0000] {logging_mixin.py:120} INFO - [2025-01-27T08:57:03.464+0000] {dagbag.py:537} INFO - Filling up the DagBag from /home/airflow/.local/lib/python3.7/site-packages/airflow/example_dags/example_local_kubernetes_executor.py
[2025-01-27T08:57:03.509+0000] {processor.py:766} INFO - DAG(s) dict_keys(['example_local_kubernetes_executor']) retrieved from /home/airflow/.local/lib/python3.7/site-packages/airflow/example_dags/example_local_kubernetes_executor.py
[2025-01-27T08:57:03.578+0000] {logging_mixin.py:120} INFO - [2025-01-27T08:57:03.578+0000] {dag.py:2585} INFO - Sync 1 DAGs
[2025-01-27T08:57:03.622+0000] {logging_mixin.py:120} INFO - [2025-01-27T08:57:03.622+0000] {dag.py:3340} INFO - Setting next_dagrun for example_local_kubernetes_executor to None, run_after=None
[2025-01-27T08:57:03.667+0000] {processor.py:176} INFO - Processing /home/airflow/.local/lib/python3.7/site-packages/airflow/example_dags/example_local_kubernetes_executor.py took 0.211 seconds
[2025-01-27T08:57:34.053+0000] {processor.py:154} INFO - Started process (PID=2741) to work on /home/airflow/.local/lib/python3.7/site-packages/airflow/example_dags/example_local_kubernetes_executor.py
[2025-01-27T08:57:34.055+0000] {processor.py:756} INFO - Processing file /home/airflow/.local/lib/python3.7/site-packages/airflow/example_dags/example_local_kubernetes_executor.py for tasks to queue
[2025-01-27T08:57:34.056+0000] {logging_mixin.py:120} INFO - [2025-01-27T08:57:34.056+0000] {dagbag.py:537} INFO - Filling up the DagBag from /home/airflow/.local/lib/python3.7/site-packages/airflow/example_dags/example_local_kubernetes_executor.py
[2025-01-27T08:57:34.102+0000] {processor.py:766} INFO - DAG(s) dict_keys(['example_local_kubernetes_executor']) retrieved from /home/airflow/.local/lib/python3.7/site-packages/airflow/example_dags/example_local_kubernetes_executor.py
[2025-01-27T08:57:34.184+0000] {logging_mixin.py:120} INFO - [2025-01-27T08:57:34.183+0000] {dag.py:2585} INFO - Sync 1 DAGs
[2025-01-27T08:57:34.239+0000] {logging_mixin.py:120} INFO - [2025-01-27T08:57:34.238+0000] {dag.py:3340} INFO - Setting next_dagrun for example_local_kubernetes_executor to None, run_after=None
[2025-01-27T08:57:34.277+0000] {processor.py:176} INFO - Processing /home/airflow/.local/lib/python3.7/site-packages/airflow/example_dags/example_local_kubernetes_executor.py took 0.230 seconds
[2025-01-27T08:58:05.134+0000] {processor.py:154} INFO - Started process (PID=2804) to work on /home/airflow/.local/lib/python3.7/site-packages/airflow/example_dags/example_local_kubernetes_executor.py
[2025-01-27T08:58:05.135+0000] {processor.py:756} INFO - Processing file /home/airflow/.local/lib/python3.7/site-packages/airflow/example_dags/example_local_kubernetes_executor.py for tasks to queue
[2025-01-27T08:58:05.137+0000] {logging_mixin.py:120} INFO - [2025-01-27T08:58:05.136+0000] {dagbag.py:537} INFO - Filling up the DagBag from /home/airflow/.local/lib/python3.7/site-packages/airflow/example_dags/example_local_kubernetes_executor.py
[2025-01-27T08:58:05.176+0000] {processor.py:766} INFO - DAG(s) dict_keys(['example_local_kubernetes_executor']) retrieved from /home/airflow/.local/lib/python3.7/site-packages/airflow/example_dags/example_local_kubernetes_executor.py
[2025-01-27T08:58:05.247+0000] {logging_mixin.py:120} INFO - [2025-01-27T08:58:05.247+0000] {dag.py:2585} INFO - Sync 1 DAGs
[2025-01-27T08:58:05.315+0000] {logging_mixin.py:120} INFO - [2025-01-27T08:58:05.315+0000] {dag.py:3340} INFO - Setting next_dagrun for example_local_kubernetes_executor to None, run_after=None
[2025-01-27T08:58:05.369+0000] {processor.py:176} INFO - Processing /home/airflow/.local/lib/python3.7/site-packages/airflow/example_dags/example_local_kubernetes_executor.py took 0.241 seconds
[2025-01-27T08:58:35.536+0000] {processor.py:154} INFO - Started process (PID=2858) to work on /home/airflow/.local/lib/python3.7/site-packages/airflow/example_dags/example_local_kubernetes_executor.py
[2025-01-27T08:58:35.538+0000] {processor.py:756} INFO - Processing file /home/airflow/.local/lib/python3.7/site-packages/airflow/example_dags/example_local_kubernetes_executor.py for tasks to queue
[2025-01-27T08:58:35.541+0000] {logging_mixin.py:120} INFO - [2025-01-27T08:58:35.541+0000] {dagbag.py:537} INFO - Filling up the DagBag from /home/airflow/.local/lib/python3.7/site-packages/airflow/example_dags/example_local_kubernetes_executor.py
[2025-01-27T08:58:35.584+0000] {processor.py:766} INFO - DAG(s) dict_keys(['example_local_kubernetes_executor']) retrieved from /home/airflow/.local/lib/python3.7/site-packages/airflow/example_dags/example_local_kubernetes_executor.py
[2025-01-27T08:58:35.649+0000] {logging_mixin.py:120} INFO - [2025-01-27T08:58:35.649+0000] {dag.py:2585} INFO - Sync 1 DAGs
[2025-01-27T08:58:35.696+0000] {logging_mixin.py:120} INFO - [2025-01-27T08:58:35.696+0000] {dag.py:3340} INFO - Setting next_dagrun for example_local_kubernetes_executor to None, run_after=None
[2025-01-27T08:58:35.732+0000] {processor.py:176} INFO - Processing /home/airflow/.local/lib/python3.7/site-packages/airflow/example_dags/example_local_kubernetes_executor.py took 0.202 seconds
[2025-01-27T08:59:06.231+0000] {processor.py:154} INFO - Started process (PID=2921) to work on /home/airflow/.local/lib/python3.7/site-packages/airflow/example_dags/example_local_kubernetes_executor.py
[2025-01-27T08:59:06.233+0000] {processor.py:756} INFO - Processing file /home/airflow/.local/lib/python3.7/site-packages/airflow/example_dags/example_local_kubernetes_executor.py for tasks to queue
[2025-01-27T08:59:06.235+0000] {logging_mixin.py:120} INFO - [2025-01-27T08:59:06.234+0000] {dagbag.py:537} INFO - Filling up the DagBag from /home/airflow/.local/lib/python3.7/site-packages/airflow/example_dags/example_local_kubernetes_executor.py
[2025-01-27T08:59:06.286+0000] {processor.py:766} INFO - DAG(s) dict_keys(['example_local_kubernetes_executor']) retrieved from /home/airflow/.local/lib/python3.7/site-packages/airflow/example_dags/example_local_kubernetes_executor.py
[2025-01-27T08:59:06.365+0000] {logging_mixin.py:120} INFO - [2025-01-27T08:59:06.365+0000] {dag.py:2585} INFO - Sync 1 DAGs
[2025-01-27T08:59:06.422+0000] {logging_mixin.py:120} INFO - [2025-01-27T08:59:06.422+0000] {dag.py:3340} INFO - Setting next_dagrun for example_local_kubernetes_executor to None, run_after=None
[2025-01-27T08:59:06.463+0000] {processor.py:176} INFO - Processing /home/airflow/.local/lib/python3.7/site-packages/airflow/example_dags/example_local_kubernetes_executor.py took 0.237 seconds
[2025-01-27T08:59:37.526+0000] {processor.py:154} INFO - Started process (PID=2974) to work on /home/airflow/.local/lib/python3.7/site-packages/airflow/example_dags/example_local_kubernetes_executor.py
[2025-01-27T08:59:37.527+0000] {processor.py:756} INFO - Processing file /home/airflow/.local/lib/python3.7/site-packages/airflow/example_dags/example_local_kubernetes_executor.py for tasks to queue
[2025-01-27T08:59:37.528+0000] {logging_mixin.py:120} INFO - [2025-01-27T08:59:37.528+0000] {dagbag.py:537} INFO - Filling up the DagBag from /home/airflow/.local/lib/python3.7/site-packages/airflow/example_dags/example_local_kubernetes_executor.py
[2025-01-27T08:59:37.568+0000] {processor.py:766} INFO - DAG(s) dict_keys(['example_local_kubernetes_executor']) retrieved from /home/airflow/.local/lib/python3.7/site-packages/airflow/example_dags/example_local_kubernetes_executor.py
[2025-01-27T08:59:37.661+0000] {logging_mixin.py:120} INFO - [2025-01-27T08:59:37.661+0000] {dag.py:2585} INFO - Sync 1 DAGs
[2025-01-27T08:59:37.714+0000] {logging_mixin.py:120} INFO - [2025-01-27T08:59:37.714+0000] {dag.py:3340} INFO - Setting next_dagrun for example_local_kubernetes_executor to None, run_after=None
[2025-01-27T08:59:37.754+0000] {processor.py:176} INFO - Processing /home/airflow/.local/lib/python3.7/site-packages/airflow/example_dags/example_local_kubernetes_executor.py took 0.234 seconds
[2025-01-27T09:00:08.511+0000] {processor.py:154} INFO - Started process (PID=3037) to work on /home/airflow/.local/lib/python3.7/site-packages/airflow/example_dags/example_local_kubernetes_executor.py
[2025-01-27T09:00:08.514+0000] {processor.py:756} INFO - Processing file /home/airflow/.local/lib/python3.7/site-packages/airflow/example_dags/example_local_kubernetes_executor.py for tasks to queue
[2025-01-27T09:00:08.517+0000] {logging_mixin.py:120} INFO - [2025-01-27T09:00:08.517+0000] {dagbag.py:537} INFO - Filling up the DagBag from /home/airflow/.local/lib/python3.7/site-packages/airflow/example_dags/example_local_kubernetes_executor.py
[2025-01-27T09:00:08.568+0000] {processor.py:766} INFO - DAG(s) dict_keys(['example_local_kubernetes_executor']) retrieved from /home/airflow/.local/lib/python3.7/site-packages/airflow/example_dags/example_local_kubernetes_executor.py
[2025-01-27T09:00:08.707+0000] {logging_mixin.py:120} INFO - [2025-01-27T09:00:08.707+0000] {dag.py:2585} INFO - Sync 1 DAGs
[2025-01-27T09:00:08.763+0000] {logging_mixin.py:120} INFO - [2025-01-27T09:00:08.763+0000] {dag.py:3340} INFO - Setting next_dagrun for example_local_kubernetes_executor to None, run_after=None
[2025-01-27T09:00:08.827+0000] {processor.py:176} INFO - Processing /home/airflow/.local/lib/python3.7/site-packages/airflow/example_dags/example_local_kubernetes_executor.py took 0.325 seconds
[2025-01-27T09:00:40.035+0000] {processor.py:154} INFO - Started process (PID=3090) to work on /home/airflow/.local/lib/python3.7/site-packages/airflow/example_dags/example_local_kubernetes_executor.py
[2025-01-27T09:00:40.038+0000] {processor.py:756} INFO - Processing file /home/airflow/.local/lib/python3.7/site-packages/airflow/example_dags/example_local_kubernetes_executor.py for tasks to queue
[2025-01-27T09:00:40.048+0000] {logging_mixin.py:120} INFO - [2025-01-27T09:00:40.047+0000] {dagbag.py:537} INFO - Filling up the DagBag from /home/airflow/.local/lib/python3.7/site-packages/airflow/example_dags/example_local_kubernetes_executor.py
[2025-01-27T09:00:40.098+0000] {processor.py:766} INFO - DAG(s) dict_keys(['example_local_kubernetes_executor']) retrieved from /home/airflow/.local/lib/python3.7/site-packages/airflow/example_dags/example_local_kubernetes_executor.py
[2025-01-27T09:00:40.185+0000] {logging_mixin.py:120} INFO - [2025-01-27T09:00:40.185+0000] {dag.py:2585} INFO - Sync 1 DAGs
[2025-01-27T09:00:40.244+0000] {logging_mixin.py:120} INFO - [2025-01-27T09:00:40.243+0000] {dag.py:3340} INFO - Setting next_dagrun for example_local_kubernetes_executor to None, run_after=None
[2025-01-27T09:00:40.289+0000] {processor.py:176} INFO - Processing /home/airflow/.local/lib/python3.7/site-packages/airflow/example_dags/example_local_kubernetes_executor.py took 0.259 seconds
[2025-01-27T09:01:11.085+0000] {processor.py:154} INFO - Started process (PID=3153) to work on /home/airflow/.local/lib/python3.7/site-packages/airflow/example_dags/example_local_kubernetes_executor.py
[2025-01-27T09:01:11.088+0000] {processor.py:756} INFO - Processing file /home/airflow/.local/lib/python3.7/site-packages/airflow/example_dags/example_local_kubernetes_executor.py for tasks to queue
[2025-01-27T09:01:11.091+0000] {logging_mixin.py:120} INFO - [2025-01-27T09:01:11.090+0000] {dagbag.py:537} INFO - Filling up the DagBag from /home/airflow/.local/lib/python3.7/site-packages/airflow/example_dags/example_local_kubernetes_executor.py
[2025-01-27T09:01:11.154+0000] {processor.py:766} INFO - DAG(s) dict_keys(['example_local_kubernetes_executor']) retrieved from /home/airflow/.local/lib/python3.7/site-packages/airflow/example_dags/example_local_kubernetes_executor.py
[2025-01-27T09:01:11.265+0000] {logging_mixin.py:120} INFO - [2025-01-27T09:01:11.264+0000] {dag.py:2585} INFO - Sync 1 DAGs
[2025-01-27T09:01:11.331+0000] {logging_mixin.py:120} INFO - [2025-01-27T09:01:11.331+0000] {dag.py:3340} INFO - Setting next_dagrun for example_local_kubernetes_executor to None, run_after=None
[2025-01-27T09:01:11.385+0000] {processor.py:176} INFO - Processing /home/airflow/.local/lib/python3.7/site-packages/airflow/example_dags/example_local_kubernetes_executor.py took 0.317 seconds
[2025-01-27T09:01:41.681+0000] {processor.py:154} INFO - Started process (PID=3207) to work on /home/airflow/.local/lib/python3.7/site-packages/airflow/example_dags/example_local_kubernetes_executor.py
[2025-01-27T09:01:41.682+0000] {processor.py:756} INFO - Processing file /home/airflow/.local/lib/python3.7/site-packages/airflow/example_dags/example_local_kubernetes_executor.py for tasks to queue
[2025-01-27T09:01:41.684+0000] {logging_mixin.py:120} INFO - [2025-01-27T09:01:41.684+0000] {dagbag.py:537} INFO - Filling up the DagBag from /home/airflow/.local/lib/python3.7/site-packages/airflow/example_dags/example_local_kubernetes_executor.py
[2025-01-27T09:01:41.734+0000] {processor.py:766} INFO - DAG(s) dict_keys(['example_local_kubernetes_executor']) retrieved from /home/airflow/.local/lib/python3.7/site-packages/airflow/example_dags/example_local_kubernetes_executor.py
[2025-01-27T09:01:41.817+0000] {logging_mixin.py:120} INFO - [2025-01-27T09:01:41.817+0000] {dag.py:2585} INFO - Sync 1 DAGs
[2025-01-27T09:01:41.860+0000] {logging_mixin.py:120} INFO - [2025-01-27T09:01:41.860+0000] {dag.py:3340} INFO - Setting next_dagrun for example_local_kubernetes_executor to None, run_after=None
[2025-01-27T09:01:41.899+0000] {processor.py:176} INFO - Processing /home/airflow/.local/lib/python3.7/site-packages/airflow/example_dags/example_local_kubernetes_executor.py took 0.223 seconds
[2025-01-27T09:02:12.593+0000] {processor.py:154} INFO - Started process (PID=3261) to work on /home/airflow/.local/lib/python3.7/site-packages/airflow/example_dags/example_local_kubernetes_executor.py
[2025-01-27T09:02:12.595+0000] {processor.py:756} INFO - Processing file /home/airflow/.local/lib/python3.7/site-packages/airflow/example_dags/example_local_kubernetes_executor.py for tasks to queue
[2025-01-27T09:02:12.598+0000] {logging_mixin.py:120} INFO - [2025-01-27T09:02:12.598+0000] {dagbag.py:537} INFO - Filling up the DagBag from /home/airflow/.local/lib/python3.7/site-packages/airflow/example_dags/example_local_kubernetes_executor.py
[2025-01-27T09:02:12.655+0000] {processor.py:766} INFO - DAG(s) dict_keys(['example_local_kubernetes_executor']) retrieved from /home/airflow/.local/lib/python3.7/site-packages/airflow/example_dags/example_local_kubernetes_executor.py
[2025-01-27T09:02:12.736+0000] {logging_mixin.py:120} INFO - [2025-01-27T09:02:12.736+0000] {dag.py:2585} INFO - Sync 1 DAGs
[2025-01-27T09:02:12.797+0000] {logging_mixin.py:120} INFO - [2025-01-27T09:02:12.797+0000] {dag.py:3340} INFO - Setting next_dagrun for example_local_kubernetes_executor to None, run_after=None
[2025-01-27T09:02:12.847+0000] {processor.py:176} INFO - Processing /home/airflow/.local/lib/python3.7/site-packages/airflow/example_dags/example_local_kubernetes_executor.py took 0.261 seconds
[2025-01-27T09:02:43.392+0000] {processor.py:154} INFO - Started process (PID=3324) to work on /home/airflow/.local/lib/python3.7/site-packages/airflow/example_dags/example_local_kubernetes_executor.py
[2025-01-27T09:02:43.394+0000] {processor.py:756} INFO - Processing file /home/airflow/.local/lib/python3.7/site-packages/airflow/example_dags/example_local_kubernetes_executor.py for tasks to queue
[2025-01-27T09:02:43.395+0000] {logging_mixin.py:120} INFO - [2025-01-27T09:02:43.395+0000] {dagbag.py:537} INFO - Filling up the DagBag from /home/airflow/.local/lib/python3.7/site-packages/airflow/example_dags/example_local_kubernetes_executor.py
[2025-01-27T09:02:43.439+0000] {processor.py:766} INFO - DAG(s) dict_keys(['example_local_kubernetes_executor']) retrieved from /home/airflow/.local/lib/python3.7/site-packages/airflow/example_dags/example_local_kubernetes_executor.py
[2025-01-27T09:02:43.516+0000] {logging_mixin.py:120} INFO - [2025-01-27T09:02:43.515+0000] {dag.py:2585} INFO - Sync 1 DAGs
[2025-01-27T09:02:43.559+0000] {logging_mixin.py:120} INFO - [2025-01-27T09:02:43.558+0000] {dag.py:3340} INFO - Setting next_dagrun for example_local_kubernetes_executor to None, run_after=None
[2025-01-27T09:02:43.598+0000] {processor.py:176} INFO - Processing /home/airflow/.local/lib/python3.7/site-packages/airflow/example_dags/example_local_kubernetes_executor.py took 0.212 seconds
[2025-01-27T09:03:14.355+0000] {processor.py:154} INFO - Started process (PID=3377) to work on /home/airflow/.local/lib/python3.7/site-packages/airflow/example_dags/example_local_kubernetes_executor.py
[2025-01-27T09:03:14.363+0000] {processor.py:756} INFO - Processing file /home/airflow/.local/lib/python3.7/site-packages/airflow/example_dags/example_local_kubernetes_executor.py for tasks to queue
[2025-01-27T09:03:14.368+0000] {logging_mixin.py:120} INFO - [2025-01-27T09:03:14.367+0000] {dagbag.py:537} INFO - Filling up the DagBag from /home/airflow/.local/lib/python3.7/site-packages/airflow/example_dags/example_local_kubernetes_executor.py
[2025-01-27T09:03:14.446+0000] {processor.py:766} INFO - DAG(s) dict_keys(['example_local_kubernetes_executor']) retrieved from /home/airflow/.local/lib/python3.7/site-packages/airflow/example_dags/example_local_kubernetes_executor.py
[2025-01-27T09:03:14.527+0000] {logging_mixin.py:120} INFO - [2025-01-27T09:03:14.527+0000] {dag.py:2585} INFO - Sync 1 DAGs
[2025-01-27T09:03:14.572+0000] {logging_mixin.py:120} INFO - [2025-01-27T09:03:14.572+0000] {dag.py:3340} INFO - Setting next_dagrun for example_local_kubernetes_executor to None, run_after=None
[2025-01-27T09:03:14.614+0000] {processor.py:176} INFO - Processing /home/airflow/.local/lib/python3.7/site-packages/airflow/example_dags/example_local_kubernetes_executor.py took 0.267 seconds
[2025-01-27T09:03:44.969+0000] {processor.py:154} INFO - Started process (PID=3439) to work on /home/airflow/.local/lib/python3.7/site-packages/airflow/example_dags/example_local_kubernetes_executor.py
[2025-01-27T09:03:44.970+0000] {processor.py:756} INFO - Processing file /home/airflow/.local/lib/python3.7/site-packages/airflow/example_dags/example_local_kubernetes_executor.py for tasks to queue
[2025-01-27T09:03:44.972+0000] {logging_mixin.py:120} INFO - [2025-01-27T09:03:44.972+0000] {dagbag.py:537} INFO - Filling up the DagBag from /home/airflow/.local/lib/python3.7/site-packages/airflow/example_dags/example_local_kubernetes_executor.py
[2025-01-27T09:03:45.021+0000] {processor.py:766} INFO - DAG(s) dict_keys(['example_local_kubernetes_executor']) retrieved from /home/airflow/.local/lib/python3.7/site-packages/airflow/example_dags/example_local_kubernetes_executor.py
[2025-01-27T09:03:45.092+0000] {logging_mixin.py:120} INFO - [2025-01-27T09:03:45.092+0000] {dag.py:2585} INFO - Sync 1 DAGs
[2025-01-27T09:03:45.138+0000] {logging_mixin.py:120} INFO - [2025-01-27T09:03:45.138+0000] {dag.py:3340} INFO - Setting next_dagrun for example_local_kubernetes_executor to None, run_after=None
[2025-01-27T09:03:45.197+0000] {processor.py:176} INFO - Processing /home/airflow/.local/lib/python3.7/site-packages/airflow/example_dags/example_local_kubernetes_executor.py took 0.234 seconds
[2025-01-27T09:04:16.024+0000] {processor.py:154} INFO - Started process (PID=3493) to work on /home/airflow/.local/lib/python3.7/site-packages/airflow/example_dags/example_local_kubernetes_executor.py
[2025-01-27T09:04:16.027+0000] {processor.py:756} INFO - Processing file /home/airflow/.local/lib/python3.7/site-packages/airflow/example_dags/example_local_kubernetes_executor.py for tasks to queue
[2025-01-27T09:04:16.028+0000] {logging_mixin.py:120} INFO - [2025-01-27T09:04:16.028+0000] {dagbag.py:537} INFO - Filling up the DagBag from /home/airflow/.local/lib/python3.7/site-packages/airflow/example_dags/example_local_kubernetes_executor.py
[2025-01-27T09:04:16.077+0000] {processor.py:766} INFO - DAG(s) dict_keys(['example_local_kubernetes_executor']) retrieved from /home/airflow/.local/lib/python3.7/site-packages/airflow/example_dags/example_local_kubernetes_executor.py
[2025-01-27T09:04:16.170+0000] {logging_mixin.py:120} INFO - [2025-01-27T09:04:16.170+0000] {dag.py:2585} INFO - Sync 1 DAGs
[2025-01-27T09:04:16.222+0000] {logging_mixin.py:120} INFO - [2025-01-27T09:04:16.222+0000] {dag.py:3340} INFO - Setting next_dagrun for example_local_kubernetes_executor to None, run_after=None
[2025-01-27T09:04:16.267+0000] {processor.py:176} INFO - Processing /home/airflow/.local/lib/python3.7/site-packages/airflow/example_dags/example_local_kubernetes_executor.py took 0.250 seconds
[2025-01-27T09:04:47.200+0000] {processor.py:154} INFO - Started process (PID=3556) to work on /home/airflow/.local/lib/python3.7/site-packages/airflow/example_dags/example_local_kubernetes_executor.py
[2025-01-27T09:04:47.202+0000] {processor.py:756} INFO - Processing file /home/airflow/.local/lib/python3.7/site-packages/airflow/example_dags/example_local_kubernetes_executor.py for tasks to queue
[2025-01-27T09:04:47.204+0000] {logging_mixin.py:120} INFO - [2025-01-27T09:04:47.203+0000] {dagbag.py:537} INFO - Filling up the DagBag from /home/airflow/.local/lib/python3.7/site-packages/airflow/example_dags/example_local_kubernetes_executor.py
[2025-01-27T09:04:47.260+0000] {processor.py:766} INFO - DAG(s) dict_keys(['example_local_kubernetes_executor']) retrieved from /home/airflow/.local/lib/python3.7/site-packages/airflow/example_dags/example_local_kubernetes_executor.py
[2025-01-27T09:04:47.349+0000] {logging_mixin.py:120} INFO - [2025-01-27T09:04:47.348+0000] {dag.py:2585} INFO - Sync 1 DAGs
[2025-01-27T09:04:47.421+0000] {logging_mixin.py:120} INFO - [2025-01-27T09:04:47.420+0000] {dag.py:3340} INFO - Setting next_dagrun for example_local_kubernetes_executor to None, run_after=None
[2025-01-27T09:04:47.469+0000] {processor.py:176} INFO - Processing /home/airflow/.local/lib/python3.7/site-packages/airflow/example_dags/example_local_kubernetes_executor.py took 0.275 seconds
[2025-01-27T09:05:18.789+0000] {processor.py:154} INFO - Started process (PID=3609) to work on /home/airflow/.local/lib/python3.7/site-packages/airflow/example_dags/example_local_kubernetes_executor.py
[2025-01-27T09:05:18.792+0000] {processor.py:756} INFO - Processing file /home/airflow/.local/lib/python3.7/site-packages/airflow/example_dags/example_local_kubernetes_executor.py for tasks to queue
[2025-01-27T09:05:18.793+0000] {logging_mixin.py:120} INFO - [2025-01-27T09:05:18.793+0000] {dagbag.py:537} INFO - Filling up the DagBag from /home/airflow/.local/lib/python3.7/site-packages/airflow/example_dags/example_local_kubernetes_executor.py
[2025-01-27T09:05:18.842+0000] {processor.py:766} INFO - DAG(s) dict_keys(['example_local_kubernetes_executor']) retrieved from /home/airflow/.local/lib/python3.7/site-packages/airflow/example_dags/example_local_kubernetes_executor.py
[2025-01-27T09:05:18.932+0000] {logging_mixin.py:120} INFO - [2025-01-27T09:05:18.931+0000] {dag.py:2585} INFO - Sync 1 DAGs
[2025-01-27T09:05:18.991+0000] {logging_mixin.py:120} INFO - [2025-01-27T09:05:18.991+0000] {dag.py:3340} INFO - Setting next_dagrun for example_local_kubernetes_executor to None, run_after=None
[2025-01-27T09:05:19.028+0000] {processor.py:176} INFO - Processing /home/airflow/.local/lib/python3.7/site-packages/airflow/example_dags/example_local_kubernetes_executor.py took 0.251 seconds
[2025-01-27T09:05:50.151+0000] {processor.py:154} INFO - Started process (PID=3670) to work on /home/airflow/.local/lib/python3.7/site-packages/airflow/example_dags/example_local_kubernetes_executor.py
[2025-01-27T09:05:50.153+0000] {processor.py:756} INFO - Processing file /home/airflow/.local/lib/python3.7/site-packages/airflow/example_dags/example_local_kubernetes_executor.py for tasks to queue
[2025-01-27T09:05:50.155+0000] {logging_mixin.py:120} INFO - [2025-01-27T09:05:50.154+0000] {dagbag.py:537} INFO - Filling up the DagBag from /home/airflow/.local/lib/python3.7/site-packages/airflow/example_dags/example_local_kubernetes_executor.py
[2025-01-27T09:05:50.201+0000] {processor.py:766} INFO - DAG(s) dict_keys(['example_local_kubernetes_executor']) retrieved from /home/airflow/.local/lib/python3.7/site-packages/airflow/example_dags/example_local_kubernetes_executor.py
[2025-01-27T09:05:50.299+0000] {logging_mixin.py:120} INFO - [2025-01-27T09:05:50.299+0000] {dag.py:2585} INFO - Sync 1 DAGs
[2025-01-27T09:05:50.361+0000] {logging_mixin.py:120} INFO - [2025-01-27T09:05:50.361+0000] {dag.py:3340} INFO - Setting next_dagrun for example_local_kubernetes_executor to None, run_after=None
[2025-01-27T09:05:50.416+0000] {processor.py:176} INFO - Processing /home/airflow/.local/lib/python3.7/site-packages/airflow/example_dags/example_local_kubernetes_executor.py took 0.274 seconds
[2025-01-27T09:06:20.983+0000] {processor.py:154} INFO - Started process (PID=3724) to work on /home/airflow/.local/lib/python3.7/site-packages/airflow/example_dags/example_local_kubernetes_executor.py
[2025-01-27T09:06:20.984+0000] {processor.py:756} INFO - Processing file /home/airflow/.local/lib/python3.7/site-packages/airflow/example_dags/example_local_kubernetes_executor.py for tasks to queue
[2025-01-27T09:06:20.986+0000] {logging_mixin.py:120} INFO - [2025-01-27T09:06:20.985+0000] {dagbag.py:537} INFO - Filling up the DagBag from /home/airflow/.local/lib/python3.7/site-packages/airflow/example_dags/example_local_kubernetes_executor.py
[2025-01-27T09:06:21.227+0000] {processor.py:766} INFO - DAG(s) dict_keys(['example_local_kubernetes_executor']) retrieved from /home/airflow/.local/lib/python3.7/site-packages/airflow/example_dags/example_local_kubernetes_executor.py
[2025-01-27T09:06:21.326+0000] {logging_mixin.py:120} INFO - [2025-01-27T09:06:21.326+0000] {dag.py:2585} INFO - Sync 1 DAGs
[2025-01-27T09:06:21.447+0000] {logging_mixin.py:120} INFO - [2025-01-27T09:06:21.446+0000] {dag.py:3340} INFO - Setting next_dagrun for example_local_kubernetes_executor to None, run_after=None
[2025-01-27T09:06:21.476+0000] {processor.py:176} INFO - Processing /home/airflow/.local/lib/python3.7/site-packages/airflow/example_dags/example_local_kubernetes_executor.py took 0.500 seconds
[2025-01-27T09:06:52.382+0000] {processor.py:154} INFO - Started process (PID=3776) to work on /home/airflow/.local/lib/python3.7/site-packages/airflow/example_dags/example_local_kubernetes_executor.py
[2025-01-27T09:06:52.384+0000] {processor.py:756} INFO - Processing file /home/airflow/.local/lib/python3.7/site-packages/airflow/example_dags/example_local_kubernetes_executor.py for tasks to queue
[2025-01-27T09:06:52.387+0000] {logging_mixin.py:120} INFO - [2025-01-27T09:06:52.386+0000] {dagbag.py:537} INFO - Filling up the DagBag from /home/airflow/.local/lib/python3.7/site-packages/airflow/example_dags/example_local_kubernetes_executor.py
[2025-01-27T09:06:52.437+0000] {processor.py:766} INFO - DAG(s) dict_keys(['example_local_kubernetes_executor']) retrieved from /home/airflow/.local/lib/python3.7/site-packages/airflow/example_dags/example_local_kubernetes_executor.py
[2025-01-27T09:06:52.513+0000] {logging_mixin.py:120} INFO - [2025-01-27T09:06:52.513+0000] {dag.py:2585} INFO - Sync 1 DAGs
[2025-01-27T09:06:52.573+0000] {logging_mixin.py:120} INFO - [2025-01-27T09:06:52.573+0000] {dag.py:3340} INFO - Setting next_dagrun for example_local_kubernetes_executor to None, run_after=None
[2025-01-27T09:06:52.613+0000] {processor.py:176} INFO - Processing /home/airflow/.local/lib/python3.7/site-packages/airflow/example_dags/example_local_kubernetes_executor.py took 0.240 seconds
[2025-01-27T09:07:23.042+0000] {processor.py:154} INFO - Started process (PID=3839) to work on /home/airflow/.local/lib/python3.7/site-packages/airflow/example_dags/example_local_kubernetes_executor.py
[2025-01-27T09:07:23.045+0000] {processor.py:756} INFO - Processing file /home/airflow/.local/lib/python3.7/site-packages/airflow/example_dags/example_local_kubernetes_executor.py for tasks to queue
[2025-01-27T09:07:23.048+0000] {logging_mixin.py:120} INFO - [2025-01-27T09:07:23.048+0000] {dagbag.py:537} INFO - Filling up the DagBag from /home/airflow/.local/lib/python3.7/site-packages/airflow/example_dags/example_local_kubernetes_executor.py
[2025-01-27T09:07:23.097+0000] {processor.py:766} INFO - DAG(s) dict_keys(['example_local_kubernetes_executor']) retrieved from /home/airflow/.local/lib/python3.7/site-packages/airflow/example_dags/example_local_kubernetes_executor.py
[2025-01-27T09:07:23.172+0000] {logging_mixin.py:120} INFO - [2025-01-27T09:07:23.171+0000] {dag.py:2585} INFO - Sync 1 DAGs
[2025-01-27T09:07:23.223+0000] {logging_mixin.py:120} INFO - [2025-01-27T09:07:23.223+0000] {dag.py:3340} INFO - Setting next_dagrun for example_local_kubernetes_executor to None, run_after=None
[2025-01-27T09:07:23.263+0000] {processor.py:176} INFO - Processing /home/airflow/.local/lib/python3.7/site-packages/airflow/example_dags/example_local_kubernetes_executor.py took 0.227 seconds
[2025-01-27T09:07:53.888+0000] {processor.py:154} INFO - Started process (PID=3893) to work on /home/airflow/.local/lib/python3.7/site-packages/airflow/example_dags/example_local_kubernetes_executor.py
[2025-01-27T09:07:53.889+0000] {processor.py:756} INFO - Processing file /home/airflow/.local/lib/python3.7/site-packages/airflow/example_dags/example_local_kubernetes_executor.py for tasks to queue
[2025-01-27T09:07:53.890+0000] {logging_mixin.py:120} INFO - [2025-01-27T09:07:53.890+0000] {dagbag.py:537} INFO - Filling up the DagBag from /home/airflow/.local/lib/python3.7/site-packages/airflow/example_dags/example_local_kubernetes_executor.py
[2025-01-27T09:07:53.928+0000] {processor.py:766} INFO - DAG(s) dict_keys(['example_local_kubernetes_executor']) retrieved from /home/airflow/.local/lib/python3.7/site-packages/airflow/example_dags/example_local_kubernetes_executor.py
[2025-01-27T09:07:54.007+0000] {logging_mixin.py:120} INFO - [2025-01-27T09:07:54.007+0000] {dag.py:2585} INFO - Sync 1 DAGs
[2025-01-27T09:07:54.048+0000] {logging_mixin.py:120} INFO - [2025-01-27T09:07:54.048+0000] {dag.py:3340} INFO - Setting next_dagrun for example_local_kubernetes_executor to None, run_after=None
[2025-01-27T09:07:54.085+0000] {processor.py:176} INFO - Processing /home/airflow/.local/lib/python3.7/site-packages/airflow/example_dags/example_local_kubernetes_executor.py took 0.202 seconds
[2025-01-27T09:08:25.399+0000] {processor.py:154} INFO - Started process (PID=3957) to work on /home/airflow/.local/lib/python3.7/site-packages/airflow/example_dags/example_local_kubernetes_executor.py
[2025-01-27T09:08:25.401+0000] {processor.py:756} INFO - Processing file /home/airflow/.local/lib/python3.7/site-packages/airflow/example_dags/example_local_kubernetes_executor.py for tasks to queue
[2025-01-27T09:08:25.402+0000] {logging_mixin.py:120} INFO - [2025-01-27T09:08:25.402+0000] {dagbag.py:537} INFO - Filling up the DagBag from /home/airflow/.local/lib/python3.7/site-packages/airflow/example_dags/example_local_kubernetes_executor.py
[2025-01-27T09:08:25.452+0000] {processor.py:766} INFO - DAG(s) dict_keys(['example_local_kubernetes_executor']) retrieved from /home/airflow/.local/lib/python3.7/site-packages/airflow/example_dags/example_local_kubernetes_executor.py
[2025-01-27T09:08:25.548+0000] {logging_mixin.py:120} INFO - [2025-01-27T09:08:25.547+0000] {dag.py:2585} INFO - Sync 1 DAGs
[2025-01-27T09:08:25.602+0000] {logging_mixin.py:120} INFO - [2025-01-27T09:08:25.601+0000] {dag.py:3340} INFO - Setting next_dagrun for example_local_kubernetes_executor to None, run_after=None
[2025-01-27T09:08:25.644+0000] {processor.py:176} INFO - Processing /home/airflow/.local/lib/python3.7/site-packages/airflow/example_dags/example_local_kubernetes_executor.py took 0.250 seconds
