[2025-01-27T08:34:02.347+0000] {processor.py:154} INFO - Started process (PID=90) to work on /home/airflow/.local/lib/python3.7/site-packages/airflow/example_dags/tutorial_dag.py
[2025-01-27T08:34:02.349+0000] {processor.py:756} INFO - Processing file /home/airflow/.local/lib/python3.7/site-packages/airflow/example_dags/tutorial_dag.py for tasks to queue
[2025-01-27T08:34:02.353+0000] {logging_mixin.py:120} INFO - [2025-01-27T08:34:02.353+0000] {dagbag.py:537} INFO - Filling up the DagBag from /home/airflow/.local/lib/python3.7/site-packages/airflow/example_dags/tutorial_dag.py
[2025-01-27T08:34:02.392+0000] {processor.py:766} INFO - DAG(s) dict_keys(['tutorial_dag']) retrieved from /home/airflow/.local/lib/python3.7/site-packages/airflow/example_dags/tutorial_dag.py
[2025-01-27T08:34:02.999+0000] {logging_mixin.py:120} INFO - [2025-01-27T08:34:02.998+0000] {manager.py:507} INFO - Created Permission View: can edit on DAG:tutorial_dag
[2025-01-27T08:34:03.028+0000] {logging_mixin.py:120} INFO - [2025-01-27T08:34:03.027+0000] {manager.py:507} INFO - Created Permission View: can read on DAG:tutorial_dag
[2025-01-27T08:34:03.046+0000] {logging_mixin.py:120} INFO - [2025-01-27T08:34:03.046+0000] {manager.py:507} INFO - Created Permission View: can delete on DAG:tutorial_dag
[2025-01-27T08:34:03.049+0000] {logging_mixin.py:120} INFO - [2025-01-27T08:34:03.049+0000] {dag.py:2585} INFO - Sync 1 DAGs
[2025-01-27T08:34:03.087+0000] {logging_mixin.py:120} INFO - [2025-01-27T08:34:03.087+0000] {dag.py:2606} INFO - Creating ORM DAG for tutorial_dag
[2025-01-27T08:34:03.119+0000] {logging_mixin.py:120} INFO - [2025-01-27T08:34:03.118+0000] {dag.py:3340} INFO - Setting next_dagrun for tutorial_dag to None, run_after=None
[2025-01-27T08:34:03.190+0000] {processor.py:176} INFO - Processing /home/airflow/.local/lib/python3.7/site-packages/airflow/example_dags/tutorial_dag.py took 0.856 seconds
[2025-01-27T08:34:33.487+0000] {processor.py:154} INFO - Started process (PID=144) to work on /home/airflow/.local/lib/python3.7/site-packages/airflow/example_dags/tutorial_dag.py
[2025-01-27T08:34:33.489+0000] {processor.py:756} INFO - Processing file /home/airflow/.local/lib/python3.7/site-packages/airflow/example_dags/tutorial_dag.py for tasks to queue
[2025-01-27T08:34:33.491+0000] {logging_mixin.py:120} INFO - [2025-01-27T08:34:33.490+0000] {dagbag.py:537} INFO - Filling up the DagBag from /home/airflow/.local/lib/python3.7/site-packages/airflow/example_dags/tutorial_dag.py
[2025-01-27T08:34:33.518+0000] {processor.py:766} INFO - DAG(s) dict_keys(['tutorial_dag']) retrieved from /home/airflow/.local/lib/python3.7/site-packages/airflow/example_dags/tutorial_dag.py
[2025-01-27T08:34:33.603+0000] {logging_mixin.py:120} INFO - [2025-01-27T08:34:33.603+0000] {dag.py:2585} INFO - Sync 1 DAGs
[2025-01-27T08:34:33.648+0000] {logging_mixin.py:120} INFO - [2025-01-27T08:34:33.648+0000] {dag.py:3340} INFO - Setting next_dagrun for tutorial_dag to None, run_after=None
[2025-01-27T08:34:33.688+0000] {processor.py:176} INFO - Processing /home/airflow/.local/lib/python3.7/site-packages/airflow/example_dags/tutorial_dag.py took 0.206 seconds
[2025-01-27T08:35:04.072+0000] {processor.py:154} INFO - Started process (PID=208) to work on /home/airflow/.local/lib/python3.7/site-packages/airflow/example_dags/tutorial_dag.py
[2025-01-27T08:35:04.075+0000] {processor.py:756} INFO - Processing file /home/airflow/.local/lib/python3.7/site-packages/airflow/example_dags/tutorial_dag.py for tasks to queue
[2025-01-27T08:35:04.079+0000] {logging_mixin.py:120} INFO - [2025-01-27T08:35:04.078+0000] {dagbag.py:537} INFO - Filling up the DagBag from /home/airflow/.local/lib/python3.7/site-packages/airflow/example_dags/tutorial_dag.py
[2025-01-27T08:35:04.108+0000] {processor.py:766} INFO - DAG(s) dict_keys(['tutorial_dag']) retrieved from /home/airflow/.local/lib/python3.7/site-packages/airflow/example_dags/tutorial_dag.py
[2025-01-27T08:35:04.214+0000] {logging_mixin.py:120} INFO - [2025-01-27T08:35:04.214+0000] {dag.py:2585} INFO - Sync 1 DAGs
[2025-01-27T08:35:04.294+0000] {logging_mixin.py:120} INFO - [2025-01-27T08:35:04.294+0000] {dag.py:3340} INFO - Setting next_dagrun for tutorial_dag to None, run_after=None
[2025-01-27T08:35:04.342+0000] {processor.py:176} INFO - Processing /home/airflow/.local/lib/python3.7/site-packages/airflow/example_dags/tutorial_dag.py took 0.276 seconds
[2025-01-27T08:35:35.005+0000] {processor.py:154} INFO - Started process (PID=261) to work on /home/airflow/.local/lib/python3.7/site-packages/airflow/example_dags/tutorial_dag.py
[2025-01-27T08:35:35.007+0000] {processor.py:756} INFO - Processing file /home/airflow/.local/lib/python3.7/site-packages/airflow/example_dags/tutorial_dag.py for tasks to queue
[2025-01-27T08:35:35.008+0000] {logging_mixin.py:120} INFO - [2025-01-27T08:35:35.008+0000] {dagbag.py:537} INFO - Filling up the DagBag from /home/airflow/.local/lib/python3.7/site-packages/airflow/example_dags/tutorial_dag.py
[2025-01-27T08:35:35.033+0000] {processor.py:766} INFO - DAG(s) dict_keys(['tutorial_dag']) retrieved from /home/airflow/.local/lib/python3.7/site-packages/airflow/example_dags/tutorial_dag.py
[2025-01-27T08:35:35.106+0000] {logging_mixin.py:120} INFO - [2025-01-27T08:35:35.106+0000] {dag.py:2585} INFO - Sync 1 DAGs
[2025-01-27T08:35:35.155+0000] {logging_mixin.py:120} INFO - [2025-01-27T08:35:35.154+0000] {dag.py:3340} INFO - Setting next_dagrun for tutorial_dag to None, run_after=None
[2025-01-27T08:35:35.193+0000] {processor.py:176} INFO - Processing /home/airflow/.local/lib/python3.7/site-packages/airflow/example_dags/tutorial_dag.py took 0.194 seconds
[2025-01-27T08:36:05.531+0000] {processor.py:154} INFO - Started process (PID=315) to work on /home/airflow/.local/lib/python3.7/site-packages/airflow/example_dags/tutorial_dag.py
[2025-01-27T08:36:05.533+0000] {processor.py:756} INFO - Processing file /home/airflow/.local/lib/python3.7/site-packages/airflow/example_dags/tutorial_dag.py for tasks to queue
[2025-01-27T08:36:05.534+0000] {logging_mixin.py:120} INFO - [2025-01-27T08:36:05.534+0000] {dagbag.py:537} INFO - Filling up the DagBag from /home/airflow/.local/lib/python3.7/site-packages/airflow/example_dags/tutorial_dag.py
[2025-01-27T08:36:05.568+0000] {processor.py:766} INFO - DAG(s) dict_keys(['tutorial_dag']) retrieved from /home/airflow/.local/lib/python3.7/site-packages/airflow/example_dags/tutorial_dag.py
[2025-01-27T08:36:05.656+0000] {logging_mixin.py:120} INFO - [2025-01-27T08:36:05.656+0000] {dag.py:2585} INFO - Sync 1 DAGs
[2025-01-27T08:36:05.706+0000] {logging_mixin.py:120} INFO - [2025-01-27T08:36:05.706+0000] {dag.py:3340} INFO - Setting next_dagrun for tutorial_dag to None, run_after=None
[2025-01-27T08:36:05.749+0000] {processor.py:176} INFO - Processing /home/airflow/.local/lib/python3.7/site-packages/airflow/example_dags/tutorial_dag.py took 0.224 seconds
[2025-01-27T08:36:36.214+0000] {processor.py:154} INFO - Started process (PID=377) to work on /home/airflow/.local/lib/python3.7/site-packages/airflow/example_dags/tutorial_dag.py
[2025-01-27T08:36:36.216+0000] {processor.py:756} INFO - Processing file /home/airflow/.local/lib/python3.7/site-packages/airflow/example_dags/tutorial_dag.py for tasks to queue
[2025-01-27T08:36:36.217+0000] {logging_mixin.py:120} INFO - [2025-01-27T08:36:36.217+0000] {dagbag.py:537} INFO - Filling up the DagBag from /home/airflow/.local/lib/python3.7/site-packages/airflow/example_dags/tutorial_dag.py
[2025-01-27T08:36:36.244+0000] {processor.py:766} INFO - DAG(s) dict_keys(['tutorial_dag']) retrieved from /home/airflow/.local/lib/python3.7/site-packages/airflow/example_dags/tutorial_dag.py
[2025-01-27T08:36:36.318+0000] {logging_mixin.py:120} INFO - [2025-01-27T08:36:36.318+0000] {dag.py:2585} INFO - Sync 1 DAGs
[2025-01-27T08:36:36.360+0000] {logging_mixin.py:120} INFO - [2025-01-27T08:36:36.359+0000] {dag.py:3340} INFO - Setting next_dagrun for tutorial_dag to None, run_after=None
[2025-01-27T08:36:36.555+0000] {processor.py:176} INFO - Processing /home/airflow/.local/lib/python3.7/site-packages/airflow/example_dags/tutorial_dag.py took 0.347 seconds
[2025-01-27T08:37:07.036+0000] {processor.py:154} INFO - Started process (PID=431) to work on /home/airflow/.local/lib/python3.7/site-packages/airflow/example_dags/tutorial_dag.py
[2025-01-27T08:37:07.039+0000] {processor.py:756} INFO - Processing file /home/airflow/.local/lib/python3.7/site-packages/airflow/example_dags/tutorial_dag.py for tasks to queue
[2025-01-27T08:37:07.041+0000] {logging_mixin.py:120} INFO - [2025-01-27T08:37:07.041+0000] {dagbag.py:537} INFO - Filling up the DagBag from /home/airflow/.local/lib/python3.7/site-packages/airflow/example_dags/tutorial_dag.py
[2025-01-27T08:37:07.065+0000] {processor.py:766} INFO - DAG(s) dict_keys(['tutorial_dag']) retrieved from /home/airflow/.local/lib/python3.7/site-packages/airflow/example_dags/tutorial_dag.py
[2025-01-27T08:37:07.157+0000] {logging_mixin.py:120} INFO - [2025-01-27T08:37:07.157+0000] {dag.py:2585} INFO - Sync 1 DAGs
[2025-01-27T08:37:07.209+0000] {logging_mixin.py:120} INFO - [2025-01-27T08:37:07.208+0000] {dag.py:3340} INFO - Setting next_dagrun for tutorial_dag to None, run_after=None
[2025-01-27T08:37:07.249+0000] {processor.py:176} INFO - Processing /home/airflow/.local/lib/python3.7/site-packages/airflow/example_dags/tutorial_dag.py took 0.219 seconds
[2025-01-27T08:37:37.916+0000] {processor.py:154} INFO - Started process (PID=494) to work on /home/airflow/.local/lib/python3.7/site-packages/airflow/example_dags/tutorial_dag.py
[2025-01-27T08:37:37.918+0000] {processor.py:756} INFO - Processing file /home/airflow/.local/lib/python3.7/site-packages/airflow/example_dags/tutorial_dag.py for tasks to queue
[2025-01-27T08:37:37.919+0000] {logging_mixin.py:120} INFO - [2025-01-27T08:37:37.919+0000] {dagbag.py:537} INFO - Filling up the DagBag from /home/airflow/.local/lib/python3.7/site-packages/airflow/example_dags/tutorial_dag.py
[2025-01-27T08:37:37.947+0000] {processor.py:766} INFO - DAG(s) dict_keys(['tutorial_dag']) retrieved from /home/airflow/.local/lib/python3.7/site-packages/airflow/example_dags/tutorial_dag.py
[2025-01-27T08:37:38.028+0000] {logging_mixin.py:120} INFO - [2025-01-27T08:37:38.028+0000] {dag.py:2585} INFO - Sync 1 DAGs
[2025-01-27T08:37:38.077+0000] {logging_mixin.py:120} INFO - [2025-01-27T08:37:38.077+0000] {dag.py:3340} INFO - Setting next_dagrun for tutorial_dag to None, run_after=None
[2025-01-27T08:37:38.110+0000] {processor.py:176} INFO - Processing /home/airflow/.local/lib/python3.7/site-packages/airflow/example_dags/tutorial_dag.py took 0.200 seconds
[2025-01-27T08:38:08.259+0000] {processor.py:154} INFO - Started process (PID=547) to work on /home/airflow/.local/lib/python3.7/site-packages/airflow/example_dags/tutorial_dag.py
[2025-01-27T08:38:08.260+0000] {processor.py:756} INFO - Processing file /home/airflow/.local/lib/python3.7/site-packages/airflow/example_dags/tutorial_dag.py for tasks to queue
[2025-01-27T08:38:08.261+0000] {logging_mixin.py:120} INFO - [2025-01-27T08:38:08.261+0000] {dagbag.py:537} INFO - Filling up the DagBag from /home/airflow/.local/lib/python3.7/site-packages/airflow/example_dags/tutorial_dag.py
[2025-01-27T08:38:08.287+0000] {processor.py:766} INFO - DAG(s) dict_keys(['tutorial_dag']) retrieved from /home/airflow/.local/lib/python3.7/site-packages/airflow/example_dags/tutorial_dag.py
[2025-01-27T08:38:08.360+0000] {logging_mixin.py:120} INFO - [2025-01-27T08:38:08.360+0000] {dag.py:2585} INFO - Sync 1 DAGs
[2025-01-27T08:38:08.407+0000] {logging_mixin.py:120} INFO - [2025-01-27T08:38:08.406+0000] {dag.py:3340} INFO - Setting next_dagrun for tutorial_dag to None, run_after=None
[2025-01-27T08:38:08.445+0000] {processor.py:176} INFO - Processing /home/airflow/.local/lib/python3.7/site-packages/airflow/example_dags/tutorial_dag.py took 0.191 seconds
[2025-01-27T08:38:38.825+0000] {processor.py:154} INFO - Started process (PID=610) to work on /home/airflow/.local/lib/python3.7/site-packages/airflow/example_dags/tutorial_dag.py
[2025-01-27T08:38:38.827+0000] {processor.py:756} INFO - Processing file /home/airflow/.local/lib/python3.7/site-packages/airflow/example_dags/tutorial_dag.py for tasks to queue
[2025-01-27T08:38:38.828+0000] {logging_mixin.py:120} INFO - [2025-01-27T08:38:38.828+0000] {dagbag.py:537} INFO - Filling up the DagBag from /home/airflow/.local/lib/python3.7/site-packages/airflow/example_dags/tutorial_dag.py
[2025-01-27T08:38:38.856+0000] {processor.py:766} INFO - DAG(s) dict_keys(['tutorial_dag']) retrieved from /home/airflow/.local/lib/python3.7/site-packages/airflow/example_dags/tutorial_dag.py
[2025-01-27T08:38:38.931+0000] {logging_mixin.py:120} INFO - [2025-01-27T08:38:38.931+0000] {dag.py:2585} INFO - Sync 1 DAGs
[2025-01-27T08:38:39.030+0000] {logging_mixin.py:120} INFO - [2025-01-27T08:38:39.030+0000] {dag.py:3340} INFO - Setting next_dagrun for tutorial_dag to None, run_after=None
[2025-01-27T08:38:39.085+0000] {processor.py:176} INFO - Processing /home/airflow/.local/lib/python3.7/site-packages/airflow/example_dags/tutorial_dag.py took 0.265 seconds
[2025-01-27T08:39:09.528+0000] {processor.py:154} INFO - Started process (PID=664) to work on /home/airflow/.local/lib/python3.7/site-packages/airflow/example_dags/tutorial_dag.py
[2025-01-27T08:39:09.531+0000] {processor.py:756} INFO - Processing file /home/airflow/.local/lib/python3.7/site-packages/airflow/example_dags/tutorial_dag.py for tasks to queue
[2025-01-27T08:39:09.533+0000] {logging_mixin.py:120} INFO - [2025-01-27T08:39:09.533+0000] {dagbag.py:537} INFO - Filling up the DagBag from /home/airflow/.local/lib/python3.7/site-packages/airflow/example_dags/tutorial_dag.py
[2025-01-27T08:39:09.557+0000] {processor.py:766} INFO - DAG(s) dict_keys(['tutorial_dag']) retrieved from /home/airflow/.local/lib/python3.7/site-packages/airflow/example_dags/tutorial_dag.py
[2025-01-27T08:39:09.637+0000] {logging_mixin.py:120} INFO - [2025-01-27T08:39:09.637+0000] {dag.py:2585} INFO - Sync 1 DAGs
[2025-01-27T08:39:09.695+0000] {logging_mixin.py:120} INFO - [2025-01-27T08:39:09.695+0000] {dag.py:3340} INFO - Setting next_dagrun for tutorial_dag to None, run_after=None
[2025-01-27T08:39:09.731+0000] {processor.py:176} INFO - Processing /home/airflow/.local/lib/python3.7/site-packages/airflow/example_dags/tutorial_dag.py took 0.208 seconds
[2025-01-27T08:39:40.531+0000] {processor.py:154} INFO - Started process (PID=726) to work on /home/airflow/.local/lib/python3.7/site-packages/airflow/example_dags/tutorial_dag.py
[2025-01-27T08:39:40.533+0000] {processor.py:756} INFO - Processing file /home/airflow/.local/lib/python3.7/site-packages/airflow/example_dags/tutorial_dag.py for tasks to queue
[2025-01-27T08:39:40.534+0000] {logging_mixin.py:120} INFO - [2025-01-27T08:39:40.534+0000] {dagbag.py:537} INFO - Filling up the DagBag from /home/airflow/.local/lib/python3.7/site-packages/airflow/example_dags/tutorial_dag.py
[2025-01-27T08:39:40.560+0000] {processor.py:766} INFO - DAG(s) dict_keys(['tutorial_dag']) retrieved from /home/airflow/.local/lib/python3.7/site-packages/airflow/example_dags/tutorial_dag.py
[2025-01-27T08:39:40.632+0000] {logging_mixin.py:120} INFO - [2025-01-27T08:39:40.632+0000] {dag.py:2585} INFO - Sync 1 DAGs
[2025-01-27T08:39:40.676+0000] {logging_mixin.py:120} INFO - [2025-01-27T08:39:40.676+0000] {dag.py:3340} INFO - Setting next_dagrun for tutorial_dag to None, run_after=None
[2025-01-27T08:39:40.710+0000] {processor.py:176} INFO - Processing /home/airflow/.local/lib/python3.7/site-packages/airflow/example_dags/tutorial_dag.py took 0.185 seconds
[2025-01-27T08:40:11.107+0000] {processor.py:154} INFO - Started process (PID=780) to work on /home/airflow/.local/lib/python3.7/site-packages/airflow/example_dags/tutorial_dag.py
[2025-01-27T08:40:11.109+0000] {processor.py:756} INFO - Processing file /home/airflow/.local/lib/python3.7/site-packages/airflow/example_dags/tutorial_dag.py for tasks to queue
[2025-01-27T08:40:11.110+0000] {logging_mixin.py:120} INFO - [2025-01-27T08:40:11.110+0000] {dagbag.py:537} INFO - Filling up the DagBag from /home/airflow/.local/lib/python3.7/site-packages/airflow/example_dags/tutorial_dag.py
[2025-01-27T08:40:11.138+0000] {processor.py:766} INFO - DAG(s) dict_keys(['tutorial_dag']) retrieved from /home/airflow/.local/lib/python3.7/site-packages/airflow/example_dags/tutorial_dag.py
[2025-01-27T08:40:11.221+0000] {logging_mixin.py:120} INFO - [2025-01-27T08:40:11.220+0000] {dag.py:2585} INFO - Sync 1 DAGs
[2025-01-27T08:40:11.265+0000] {logging_mixin.py:120} INFO - [2025-01-27T08:40:11.265+0000] {dag.py:3340} INFO - Setting next_dagrun for tutorial_dag to None, run_after=None
[2025-01-27T08:40:11.303+0000] {processor.py:176} INFO - Processing /home/airflow/.local/lib/python3.7/site-packages/airflow/example_dags/tutorial_dag.py took 0.207 seconds
[2025-01-27T08:40:41.829+0000] {processor.py:154} INFO - Started process (PID=843) to work on /home/airflow/.local/lib/python3.7/site-packages/airflow/example_dags/tutorial_dag.py
[2025-01-27T08:40:41.830+0000] {processor.py:756} INFO - Processing file /home/airflow/.local/lib/python3.7/site-packages/airflow/example_dags/tutorial_dag.py for tasks to queue
[2025-01-27T08:40:41.831+0000] {logging_mixin.py:120} INFO - [2025-01-27T08:40:41.831+0000] {dagbag.py:537} INFO - Filling up the DagBag from /home/airflow/.local/lib/python3.7/site-packages/airflow/example_dags/tutorial_dag.py
[2025-01-27T08:40:41.860+0000] {processor.py:766} INFO - DAG(s) dict_keys(['tutorial_dag']) retrieved from /home/airflow/.local/lib/python3.7/site-packages/airflow/example_dags/tutorial_dag.py
[2025-01-27T08:40:41.930+0000] {logging_mixin.py:120} INFO - [2025-01-27T08:40:41.930+0000] {dag.py:2585} INFO - Sync 1 DAGs
[2025-01-27T08:40:41.985+0000] {logging_mixin.py:120} INFO - [2025-01-27T08:40:41.985+0000] {dag.py:3340} INFO - Setting next_dagrun for tutorial_dag to None, run_after=None
[2025-01-27T08:40:42.024+0000] {processor.py:176} INFO - Processing /home/airflow/.local/lib/python3.7/site-packages/airflow/example_dags/tutorial_dag.py took 0.200 seconds
[2025-01-27T08:41:12.602+0000] {processor.py:154} INFO - Started process (PID=897) to work on /home/airflow/.local/lib/python3.7/site-packages/airflow/example_dags/tutorial_dag.py
[2025-01-27T08:41:12.606+0000] {processor.py:756} INFO - Processing file /home/airflow/.local/lib/python3.7/site-packages/airflow/example_dags/tutorial_dag.py for tasks to queue
[2025-01-27T08:41:12.609+0000] {logging_mixin.py:120} INFO - [2025-01-27T08:41:12.608+0000] {dagbag.py:537} INFO - Filling up the DagBag from /home/airflow/.local/lib/python3.7/site-packages/airflow/example_dags/tutorial_dag.py
[2025-01-27T08:41:12.634+0000] {processor.py:766} INFO - DAG(s) dict_keys(['tutorial_dag']) retrieved from /home/airflow/.local/lib/python3.7/site-packages/airflow/example_dags/tutorial_dag.py
[2025-01-27T08:41:12.726+0000] {logging_mixin.py:120} INFO - [2025-01-27T08:41:12.726+0000] {dag.py:2585} INFO - Sync 1 DAGs
[2025-01-27T08:41:12.779+0000] {logging_mixin.py:120} INFO - [2025-01-27T08:41:12.778+0000] {dag.py:3340} INFO - Setting next_dagrun for tutorial_dag to None, run_after=None
[2025-01-27T08:41:12.820+0000] {processor.py:176} INFO - Processing /home/airflow/.local/lib/python3.7/site-packages/airflow/example_dags/tutorial_dag.py took 0.223 seconds
[2025-01-27T08:41:43.302+0000] {processor.py:154} INFO - Started process (PID=959) to work on /home/airflow/.local/lib/python3.7/site-packages/airflow/example_dags/tutorial_dag.py
[2025-01-27T08:41:43.304+0000] {processor.py:756} INFO - Processing file /home/airflow/.local/lib/python3.7/site-packages/airflow/example_dags/tutorial_dag.py for tasks to queue
[2025-01-27T08:41:43.308+0000] {logging_mixin.py:120} INFO - [2025-01-27T08:41:43.308+0000] {dagbag.py:537} INFO - Filling up the DagBag from /home/airflow/.local/lib/python3.7/site-packages/airflow/example_dags/tutorial_dag.py
[2025-01-27T08:41:43.330+0000] {processor.py:766} INFO - DAG(s) dict_keys(['tutorial_dag']) retrieved from /home/airflow/.local/lib/python3.7/site-packages/airflow/example_dags/tutorial_dag.py
[2025-01-27T08:41:43.400+0000] {logging_mixin.py:120} INFO - [2025-01-27T08:41:43.400+0000] {dag.py:2585} INFO - Sync 1 DAGs
[2025-01-27T08:41:43.451+0000] {logging_mixin.py:120} INFO - [2025-01-27T08:41:43.451+0000] {dag.py:3340} INFO - Setting next_dagrun for tutorial_dag to None, run_after=None
[2025-01-27T08:41:43.488+0000] {processor.py:176} INFO - Processing /home/airflow/.local/lib/python3.7/site-packages/airflow/example_dags/tutorial_dag.py took 0.191 seconds
[2025-01-27T08:42:13.711+0000] {processor.py:154} INFO - Started process (PID=1012) to work on /home/airflow/.local/lib/python3.7/site-packages/airflow/example_dags/tutorial_dag.py
[2025-01-27T08:42:13.713+0000] {processor.py:756} INFO - Processing file /home/airflow/.local/lib/python3.7/site-packages/airflow/example_dags/tutorial_dag.py for tasks to queue
[2025-01-27T08:42:13.715+0000] {logging_mixin.py:120} INFO - [2025-01-27T08:42:13.714+0000] {dagbag.py:537} INFO - Filling up the DagBag from /home/airflow/.local/lib/python3.7/site-packages/airflow/example_dags/tutorial_dag.py
[2025-01-27T08:42:13.743+0000] {processor.py:766} INFO - DAG(s) dict_keys(['tutorial_dag']) retrieved from /home/airflow/.local/lib/python3.7/site-packages/airflow/example_dags/tutorial_dag.py
[2025-01-27T08:42:13.829+0000] {logging_mixin.py:120} INFO - [2025-01-27T08:42:13.829+0000] {dag.py:2585} INFO - Sync 1 DAGs
[2025-01-27T08:42:13.889+0000] {logging_mixin.py:120} INFO - [2025-01-27T08:42:13.889+0000] {dag.py:3340} INFO - Setting next_dagrun for tutorial_dag to None, run_after=None
[2025-01-27T08:42:13.927+0000] {processor.py:176} INFO - Processing /home/airflow/.local/lib/python3.7/site-packages/airflow/example_dags/tutorial_dag.py took 0.226 seconds
[2025-01-27T08:42:44.532+0000] {processor.py:154} INFO - Started process (PID=1075) to work on /home/airflow/.local/lib/python3.7/site-packages/airflow/example_dags/tutorial_dag.py
[2025-01-27T08:42:44.534+0000] {processor.py:756} INFO - Processing file /home/airflow/.local/lib/python3.7/site-packages/airflow/example_dags/tutorial_dag.py for tasks to queue
[2025-01-27T08:42:44.536+0000] {logging_mixin.py:120} INFO - [2025-01-27T08:42:44.536+0000] {dagbag.py:537} INFO - Filling up the DagBag from /home/airflow/.local/lib/python3.7/site-packages/airflow/example_dags/tutorial_dag.py
[2025-01-27T08:42:44.575+0000] {processor.py:766} INFO - DAG(s) dict_keys(['tutorial_dag']) retrieved from /home/airflow/.local/lib/python3.7/site-packages/airflow/example_dags/tutorial_dag.py
[2025-01-27T08:42:44.697+0000] {logging_mixin.py:120} INFO - [2025-01-27T08:42:44.697+0000] {dag.py:2585} INFO - Sync 1 DAGs
[2025-01-27T08:42:44.764+0000] {logging_mixin.py:120} INFO - [2025-01-27T08:42:44.764+0000] {dag.py:3340} INFO - Setting next_dagrun for tutorial_dag to None, run_after=None
[2025-01-27T08:42:44.817+0000] {processor.py:176} INFO - Processing /home/airflow/.local/lib/python3.7/site-packages/airflow/example_dags/tutorial_dag.py took 0.291 seconds
[2025-01-27T08:43:15.248+0000] {processor.py:154} INFO - Started process (PID=1128) to work on /home/airflow/.local/lib/python3.7/site-packages/airflow/example_dags/tutorial_dag.py
[2025-01-27T08:43:15.249+0000] {processor.py:756} INFO - Processing file /home/airflow/.local/lib/python3.7/site-packages/airflow/example_dags/tutorial_dag.py for tasks to queue
[2025-01-27T08:43:15.250+0000] {logging_mixin.py:120} INFO - [2025-01-27T08:43:15.250+0000] {dagbag.py:537} INFO - Filling up the DagBag from /home/airflow/.local/lib/python3.7/site-packages/airflow/example_dags/tutorial_dag.py
[2025-01-27T08:43:15.287+0000] {processor.py:766} INFO - DAG(s) dict_keys(['tutorial_dag']) retrieved from /home/airflow/.local/lib/python3.7/site-packages/airflow/example_dags/tutorial_dag.py
[2025-01-27T08:43:15.364+0000] {logging_mixin.py:120} INFO - [2025-01-27T08:43:15.364+0000] {dag.py:2585} INFO - Sync 1 DAGs
[2025-01-27T08:43:15.409+0000] {logging_mixin.py:120} INFO - [2025-01-27T08:43:15.408+0000] {dag.py:3340} INFO - Setting next_dagrun for tutorial_dag to None, run_after=None
[2025-01-27T08:43:15.441+0000] {processor.py:176} INFO - Processing /home/airflow/.local/lib/python3.7/site-packages/airflow/example_dags/tutorial_dag.py took 0.199 seconds
[2025-01-27T08:43:45.740+0000] {processor.py:154} INFO - Started process (PID=1181) to work on /home/airflow/.local/lib/python3.7/site-packages/airflow/example_dags/tutorial_dag.py
[2025-01-27T08:43:45.743+0000] {processor.py:756} INFO - Processing file /home/airflow/.local/lib/python3.7/site-packages/airflow/example_dags/tutorial_dag.py for tasks to queue
[2025-01-27T08:43:45.746+0000] {logging_mixin.py:120} INFO - [2025-01-27T08:43:45.746+0000] {dagbag.py:537} INFO - Filling up the DagBag from /home/airflow/.local/lib/python3.7/site-packages/airflow/example_dags/tutorial_dag.py
[2025-01-27T08:43:45.785+0000] {processor.py:766} INFO - DAG(s) dict_keys(['tutorial_dag']) retrieved from /home/airflow/.local/lib/python3.7/site-packages/airflow/example_dags/tutorial_dag.py
[2025-01-27T08:43:45.887+0000] {logging_mixin.py:120} INFO - [2025-01-27T08:43:45.886+0000] {dag.py:2585} INFO - Sync 1 DAGs
[2025-01-27T08:43:45.947+0000] {logging_mixin.py:120} INFO - [2025-01-27T08:43:45.947+0000] {dag.py:3340} INFO - Setting next_dagrun for tutorial_dag to None, run_after=None
[2025-01-27T08:43:45.992+0000] {processor.py:176} INFO - Processing /home/airflow/.local/lib/python3.7/site-packages/airflow/example_dags/tutorial_dag.py took 0.261 seconds
[2025-01-27T08:44:16.309+0000] {processor.py:154} INFO - Started process (PID=1243) to work on /home/airflow/.local/lib/python3.7/site-packages/airflow/example_dags/tutorial_dag.py
[2025-01-27T08:44:16.310+0000] {processor.py:756} INFO - Processing file /home/airflow/.local/lib/python3.7/site-packages/airflow/example_dags/tutorial_dag.py for tasks to queue
[2025-01-27T08:44:16.311+0000] {logging_mixin.py:120} INFO - [2025-01-27T08:44:16.311+0000] {dagbag.py:537} INFO - Filling up the DagBag from /home/airflow/.local/lib/python3.7/site-packages/airflow/example_dags/tutorial_dag.py
[2025-01-27T08:44:16.333+0000] {processor.py:766} INFO - DAG(s) dict_keys(['tutorial_dag']) retrieved from /home/airflow/.local/lib/python3.7/site-packages/airflow/example_dags/tutorial_dag.py
[2025-01-27T08:44:16.413+0000] {logging_mixin.py:120} INFO - [2025-01-27T08:44:16.413+0000] {dag.py:2585} INFO - Sync 1 DAGs
[2025-01-27T08:44:16.460+0000] {logging_mixin.py:120} INFO - [2025-01-27T08:44:16.460+0000] {dag.py:3340} INFO - Setting next_dagrun for tutorial_dag to None, run_after=None
[2025-01-27T08:44:16.495+0000] {processor.py:176} INFO - Processing /home/airflow/.local/lib/python3.7/site-packages/airflow/example_dags/tutorial_dag.py took 0.191 seconds
[2025-01-27T08:44:46.856+0000] {processor.py:154} INFO - Started process (PID=1297) to work on /home/airflow/.local/lib/python3.7/site-packages/airflow/example_dags/tutorial_dag.py
[2025-01-27T08:44:46.858+0000] {processor.py:756} INFO - Processing file /home/airflow/.local/lib/python3.7/site-packages/airflow/example_dags/tutorial_dag.py for tasks to queue
[2025-01-27T08:44:46.859+0000] {logging_mixin.py:120} INFO - [2025-01-27T08:44:46.859+0000] {dagbag.py:537} INFO - Filling up the DagBag from /home/airflow/.local/lib/python3.7/site-packages/airflow/example_dags/tutorial_dag.py
[2025-01-27T08:44:46.889+0000] {processor.py:766} INFO - DAG(s) dict_keys(['tutorial_dag']) retrieved from /home/airflow/.local/lib/python3.7/site-packages/airflow/example_dags/tutorial_dag.py
[2025-01-27T08:44:46.972+0000] {logging_mixin.py:120} INFO - [2025-01-27T08:44:46.971+0000] {dag.py:2585} INFO - Sync 1 DAGs
[2025-01-27T08:44:47.031+0000] {logging_mixin.py:120} INFO - [2025-01-27T08:44:47.031+0000] {dag.py:3340} INFO - Setting next_dagrun for tutorial_dag to None, run_after=None
[2025-01-27T08:44:47.078+0000] {processor.py:176} INFO - Processing /home/airflow/.local/lib/python3.7/site-packages/airflow/example_dags/tutorial_dag.py took 0.228 seconds
[2025-01-27T08:45:17.943+0000] {processor.py:154} INFO - Started process (PID=1361) to work on /home/airflow/.local/lib/python3.7/site-packages/airflow/example_dags/tutorial_dag.py
[2025-01-27T08:45:17.945+0000] {processor.py:756} INFO - Processing file /home/airflow/.local/lib/python3.7/site-packages/airflow/example_dags/tutorial_dag.py for tasks to queue
[2025-01-27T08:45:17.948+0000] {logging_mixin.py:120} INFO - [2025-01-27T08:45:17.948+0000] {dagbag.py:537} INFO - Filling up the DagBag from /home/airflow/.local/lib/python3.7/site-packages/airflow/example_dags/tutorial_dag.py
[2025-01-27T08:45:17.982+0000] {processor.py:766} INFO - DAG(s) dict_keys(['tutorial_dag']) retrieved from /home/airflow/.local/lib/python3.7/site-packages/airflow/example_dags/tutorial_dag.py
[2025-01-27T08:45:18.066+0000] {logging_mixin.py:120} INFO - [2025-01-27T08:45:18.065+0000] {dag.py:2585} INFO - Sync 1 DAGs
[2025-01-27T08:45:18.114+0000] {logging_mixin.py:120} INFO - [2025-01-27T08:45:18.114+0000] {dag.py:3340} INFO - Setting next_dagrun for tutorial_dag to None, run_after=None
[2025-01-27T08:45:18.153+0000] {processor.py:176} INFO - Processing /home/airflow/.local/lib/python3.7/site-packages/airflow/example_dags/tutorial_dag.py took 0.215 seconds
[2025-01-27T08:45:48.878+0000] {processor.py:154} INFO - Started process (PID=1414) to work on /home/airflow/.local/lib/python3.7/site-packages/airflow/example_dags/tutorial_dag.py
[2025-01-27T08:45:48.879+0000] {processor.py:756} INFO - Processing file /home/airflow/.local/lib/python3.7/site-packages/airflow/example_dags/tutorial_dag.py for tasks to queue
[2025-01-27T08:45:48.880+0000] {logging_mixin.py:120} INFO - [2025-01-27T08:45:48.880+0000] {dagbag.py:537} INFO - Filling up the DagBag from /home/airflow/.local/lib/python3.7/site-packages/airflow/example_dags/tutorial_dag.py
[2025-01-27T08:45:48.908+0000] {processor.py:766} INFO - DAG(s) dict_keys(['tutorial_dag']) retrieved from /home/airflow/.local/lib/python3.7/site-packages/airflow/example_dags/tutorial_dag.py
[2025-01-27T08:45:48.987+0000] {logging_mixin.py:120} INFO - [2025-01-27T08:45:48.987+0000] {dag.py:2585} INFO - Sync 1 DAGs
[2025-01-27T08:45:49.040+0000] {logging_mixin.py:120} INFO - [2025-01-27T08:45:49.040+0000] {dag.py:3340} INFO - Setting next_dagrun for tutorial_dag to None, run_after=None
[2025-01-27T08:45:49.083+0000] {processor.py:176} INFO - Processing /home/airflow/.local/lib/python3.7/site-packages/airflow/example_dags/tutorial_dag.py took 0.212 seconds
[2025-01-27T08:46:19.508+0000] {processor.py:154} INFO - Started process (PID=1476) to work on /home/airflow/.local/lib/python3.7/site-packages/airflow/example_dags/tutorial_dag.py
[2025-01-27T08:46:19.509+0000] {processor.py:756} INFO - Processing file /home/airflow/.local/lib/python3.7/site-packages/airflow/example_dags/tutorial_dag.py for tasks to queue
[2025-01-27T08:46:19.511+0000] {logging_mixin.py:120} INFO - [2025-01-27T08:46:19.510+0000] {dagbag.py:537} INFO - Filling up the DagBag from /home/airflow/.local/lib/python3.7/site-packages/airflow/example_dags/tutorial_dag.py
[2025-01-27T08:46:19.532+0000] {processor.py:766} INFO - DAG(s) dict_keys(['tutorial_dag']) retrieved from /home/airflow/.local/lib/python3.7/site-packages/airflow/example_dags/tutorial_dag.py
[2025-01-27T08:46:19.612+0000] {logging_mixin.py:120} INFO - [2025-01-27T08:46:19.612+0000] {dag.py:2585} INFO - Sync 1 DAGs
[2025-01-27T08:46:19.659+0000] {logging_mixin.py:120} INFO - [2025-01-27T08:46:19.659+0000] {dag.py:3340} INFO - Setting next_dagrun for tutorial_dag to None, run_after=None
[2025-01-27T08:46:19.695+0000] {processor.py:176} INFO - Processing /home/airflow/.local/lib/python3.7/site-packages/airflow/example_dags/tutorial_dag.py took 0.196 seconds
[2025-01-27T08:46:49.998+0000] {processor.py:154} INFO - Started process (PID=1530) to work on /home/airflow/.local/lib/python3.7/site-packages/airflow/example_dags/tutorial_dag.py
[2025-01-27T08:46:50.001+0000] {processor.py:756} INFO - Processing file /home/airflow/.local/lib/python3.7/site-packages/airflow/example_dags/tutorial_dag.py for tasks to queue
[2025-01-27T08:46:50.003+0000] {logging_mixin.py:120} INFO - [2025-01-27T08:46:50.003+0000] {dagbag.py:537} INFO - Filling up the DagBag from /home/airflow/.local/lib/python3.7/site-packages/airflow/example_dags/tutorial_dag.py
[2025-01-27T08:46:50.033+0000] {processor.py:766} INFO - DAG(s) dict_keys(['tutorial_dag']) retrieved from /home/airflow/.local/lib/python3.7/site-packages/airflow/example_dags/tutorial_dag.py
[2025-01-27T08:46:50.120+0000] {logging_mixin.py:120} INFO - [2025-01-27T08:46:50.120+0000] {dag.py:2585} INFO - Sync 1 DAGs
[2025-01-27T08:46:50.181+0000] {logging_mixin.py:120} INFO - [2025-01-27T08:46:50.180+0000] {dag.py:3340} INFO - Setting next_dagrun for tutorial_dag to None, run_after=None
[2025-01-27T08:46:50.218+0000] {processor.py:176} INFO - Processing /home/airflow/.local/lib/python3.7/site-packages/airflow/example_dags/tutorial_dag.py took 0.226 seconds
[2025-01-27T08:47:20.957+0000] {processor.py:154} INFO - Started process (PID=1592) to work on /home/airflow/.local/lib/python3.7/site-packages/airflow/example_dags/tutorial_dag.py
[2025-01-27T08:47:20.959+0000] {processor.py:756} INFO - Processing file /home/airflow/.local/lib/python3.7/site-packages/airflow/example_dags/tutorial_dag.py for tasks to queue
[2025-01-27T08:47:20.960+0000] {logging_mixin.py:120} INFO - [2025-01-27T08:47:20.960+0000] {dagbag.py:537} INFO - Filling up the DagBag from /home/airflow/.local/lib/python3.7/site-packages/airflow/example_dags/tutorial_dag.py
[2025-01-27T08:47:20.989+0000] {processor.py:766} INFO - DAG(s) dict_keys(['tutorial_dag']) retrieved from /home/airflow/.local/lib/python3.7/site-packages/airflow/example_dags/tutorial_dag.py
[2025-01-27T08:47:21.072+0000] {logging_mixin.py:120} INFO - [2025-01-27T08:47:21.071+0000] {dag.py:2585} INFO - Sync 1 DAGs
[2025-01-27T08:47:21.117+0000] {logging_mixin.py:120} INFO - [2025-01-27T08:47:21.116+0000] {dag.py:3340} INFO - Setting next_dagrun for tutorial_dag to None, run_after=None
[2025-01-27T08:47:21.149+0000] {processor.py:176} INFO - Processing /home/airflow/.local/lib/python3.7/site-packages/airflow/example_dags/tutorial_dag.py took 0.197 seconds
[2025-01-27T08:47:51.498+0000] {processor.py:154} INFO - Started process (PID=1647) to work on /home/airflow/.local/lib/python3.7/site-packages/airflow/example_dags/tutorial_dag.py
[2025-01-27T08:47:51.500+0000] {processor.py:756} INFO - Processing file /home/airflow/.local/lib/python3.7/site-packages/airflow/example_dags/tutorial_dag.py for tasks to queue
[2025-01-27T08:47:51.501+0000] {logging_mixin.py:120} INFO - [2025-01-27T08:47:51.501+0000] {dagbag.py:537} INFO - Filling up the DagBag from /home/airflow/.local/lib/python3.7/site-packages/airflow/example_dags/tutorial_dag.py
[2025-01-27T08:47:51.531+0000] {processor.py:766} INFO - DAG(s) dict_keys(['tutorial_dag']) retrieved from /home/airflow/.local/lib/python3.7/site-packages/airflow/example_dags/tutorial_dag.py
[2025-01-27T08:47:51.611+0000] {logging_mixin.py:120} INFO - [2025-01-27T08:47:51.610+0000] {dag.py:2585} INFO - Sync 1 DAGs
[2025-01-27T08:47:51.658+0000] {logging_mixin.py:120} INFO - [2025-01-27T08:47:51.658+0000] {dag.py:3340} INFO - Setting next_dagrun for tutorial_dag to None, run_after=None
[2025-01-27T08:47:51.696+0000] {processor.py:176} INFO - Processing /home/airflow/.local/lib/python3.7/site-packages/airflow/example_dags/tutorial_dag.py took 0.205 seconds
[2025-01-27T08:48:22.536+0000] {processor.py:154} INFO - Started process (PID=1710) to work on /home/airflow/.local/lib/python3.7/site-packages/airflow/example_dags/tutorial_dag.py
[2025-01-27T08:48:22.537+0000] {processor.py:756} INFO - Processing file /home/airflow/.local/lib/python3.7/site-packages/airflow/example_dags/tutorial_dag.py for tasks to queue
[2025-01-27T08:48:22.544+0000] {logging_mixin.py:120} INFO - [2025-01-27T08:48:22.544+0000] {dagbag.py:537} INFO - Filling up the DagBag from /home/airflow/.local/lib/python3.7/site-packages/airflow/example_dags/tutorial_dag.py
[2025-01-27T08:48:22.572+0000] {processor.py:766} INFO - DAG(s) dict_keys(['tutorial_dag']) retrieved from /home/airflow/.local/lib/python3.7/site-packages/airflow/example_dags/tutorial_dag.py
[2025-01-27T08:48:22.692+0000] {logging_mixin.py:120} INFO - [2025-01-27T08:48:22.691+0000] {dag.py:2585} INFO - Sync 1 DAGs
[2025-01-27T08:48:22.754+0000] {logging_mixin.py:120} INFO - [2025-01-27T08:48:22.754+0000] {dag.py:3340} INFO - Setting next_dagrun for tutorial_dag to None, run_after=None
[2025-01-27T08:48:22.807+0000] {processor.py:176} INFO - Processing /home/airflow/.local/lib/python3.7/site-packages/airflow/example_dags/tutorial_dag.py took 0.276 seconds
[2025-01-27T08:48:52.993+0000] {processor.py:154} INFO - Started process (PID=1764) to work on /home/airflow/.local/lib/python3.7/site-packages/airflow/example_dags/tutorial_dag.py
[2025-01-27T08:48:52.994+0000] {processor.py:756} INFO - Processing file /home/airflow/.local/lib/python3.7/site-packages/airflow/example_dags/tutorial_dag.py for tasks to queue
[2025-01-27T08:48:52.996+0000] {logging_mixin.py:120} INFO - [2025-01-27T08:48:52.995+0000] {dagbag.py:537} INFO - Filling up the DagBag from /home/airflow/.local/lib/python3.7/site-packages/airflow/example_dags/tutorial_dag.py
[2025-01-27T08:48:53.025+0000] {processor.py:766} INFO - DAG(s) dict_keys(['tutorial_dag']) retrieved from /home/airflow/.local/lib/python3.7/site-packages/airflow/example_dags/tutorial_dag.py
[2025-01-27T08:48:53.101+0000] {logging_mixin.py:120} INFO - [2025-01-27T08:48:53.101+0000] {dag.py:2585} INFO - Sync 1 DAGs
[2025-01-27T08:48:53.151+0000] {logging_mixin.py:120} INFO - [2025-01-27T08:48:53.150+0000] {dag.py:3340} INFO - Setting next_dagrun for tutorial_dag to None, run_after=None
[2025-01-27T08:48:53.185+0000] {processor.py:176} INFO - Processing /home/airflow/.local/lib/python3.7/site-packages/airflow/example_dags/tutorial_dag.py took 0.198 seconds
[2025-01-27T08:49:24.102+0000] {processor.py:154} INFO - Started process (PID=1827) to work on /home/airflow/.local/lib/python3.7/site-packages/airflow/example_dags/tutorial_dag.py
[2025-01-27T08:49:24.106+0000] {processor.py:756} INFO - Processing file /home/airflow/.local/lib/python3.7/site-packages/airflow/example_dags/tutorial_dag.py for tasks to queue
[2025-01-27T08:49:24.110+0000] {logging_mixin.py:120} INFO - [2025-01-27T08:49:24.109+0000] {dagbag.py:537} INFO - Filling up the DagBag from /home/airflow/.local/lib/python3.7/site-packages/airflow/example_dags/tutorial_dag.py
[2025-01-27T08:49:24.134+0000] {processor.py:766} INFO - DAG(s) dict_keys(['tutorial_dag']) retrieved from /home/airflow/.local/lib/python3.7/site-packages/airflow/example_dags/tutorial_dag.py
[2025-01-27T08:49:24.210+0000] {logging_mixin.py:120} INFO - [2025-01-27T08:49:24.210+0000] {dag.py:2585} INFO - Sync 1 DAGs
[2025-01-27T08:49:24.256+0000] {logging_mixin.py:120} INFO - [2025-01-27T08:49:24.256+0000] {dag.py:3340} INFO - Setting next_dagrun for tutorial_dag to None, run_after=None
[2025-01-27T08:49:24.300+0000] {processor.py:176} INFO - Processing /home/airflow/.local/lib/python3.7/site-packages/airflow/example_dags/tutorial_dag.py took 0.204 seconds
[2025-01-27T08:49:54.494+0000] {processor.py:154} INFO - Started process (PID=1881) to work on /home/airflow/.local/lib/python3.7/site-packages/airflow/example_dags/tutorial_dag.py
[2025-01-27T08:49:54.495+0000] {processor.py:756} INFO - Processing file /home/airflow/.local/lib/python3.7/site-packages/airflow/example_dags/tutorial_dag.py for tasks to queue
[2025-01-27T08:49:54.496+0000] {logging_mixin.py:120} INFO - [2025-01-27T08:49:54.496+0000] {dagbag.py:537} INFO - Filling up the DagBag from /home/airflow/.local/lib/python3.7/site-packages/airflow/example_dags/tutorial_dag.py
[2025-01-27T08:49:54.522+0000] {processor.py:766} INFO - DAG(s) dict_keys(['tutorial_dag']) retrieved from /home/airflow/.local/lib/python3.7/site-packages/airflow/example_dags/tutorial_dag.py
[2025-01-27T08:49:54.594+0000] {logging_mixin.py:120} INFO - [2025-01-27T08:49:54.594+0000] {dag.py:2585} INFO - Sync 1 DAGs
[2025-01-27T08:49:54.643+0000] {logging_mixin.py:120} INFO - [2025-01-27T08:49:54.642+0000] {dag.py:3340} INFO - Setting next_dagrun for tutorial_dag to None, run_after=None
[2025-01-27T08:49:54.677+0000] {processor.py:176} INFO - Processing /home/airflow/.local/lib/python3.7/site-packages/airflow/example_dags/tutorial_dag.py took 0.189 seconds
[2025-01-27T08:50:25.128+0000] {processor.py:154} INFO - Started process (PID=1942) to work on /home/airflow/.local/lib/python3.7/site-packages/airflow/example_dags/tutorial_dag.py
[2025-01-27T08:50:25.129+0000] {processor.py:756} INFO - Processing file /home/airflow/.local/lib/python3.7/site-packages/airflow/example_dags/tutorial_dag.py for tasks to queue
[2025-01-27T08:50:25.132+0000] {logging_mixin.py:120} INFO - [2025-01-27T08:50:25.131+0000] {dagbag.py:537} INFO - Filling up the DagBag from /home/airflow/.local/lib/python3.7/site-packages/airflow/example_dags/tutorial_dag.py
[2025-01-27T08:50:25.158+0000] {processor.py:766} INFO - DAG(s) dict_keys(['tutorial_dag']) retrieved from /home/airflow/.local/lib/python3.7/site-packages/airflow/example_dags/tutorial_dag.py
[2025-01-27T08:50:25.257+0000] {logging_mixin.py:120} INFO - [2025-01-27T08:50:25.257+0000] {dag.py:2585} INFO - Sync 1 DAGs
[2025-01-27T08:50:25.313+0000] {logging_mixin.py:120} INFO - [2025-01-27T08:50:25.313+0000] {dag.py:3340} INFO - Setting next_dagrun for tutorial_dag to None, run_after=None
[2025-01-27T08:50:25.354+0000] {processor.py:176} INFO - Processing /home/airflow/.local/lib/python3.7/site-packages/airflow/example_dags/tutorial_dag.py took 0.232 seconds
[2025-01-27T08:50:55.743+0000] {processor.py:154} INFO - Started process (PID=1997) to work on /home/airflow/.local/lib/python3.7/site-packages/airflow/example_dags/tutorial_dag.py
[2025-01-27T08:50:55.744+0000] {processor.py:756} INFO - Processing file /home/airflow/.local/lib/python3.7/site-packages/airflow/example_dags/tutorial_dag.py for tasks to queue
[2025-01-27T08:50:55.746+0000] {logging_mixin.py:120} INFO - [2025-01-27T08:50:55.745+0000] {dagbag.py:537} INFO - Filling up the DagBag from /home/airflow/.local/lib/python3.7/site-packages/airflow/example_dags/tutorial_dag.py
[2025-01-27T08:50:55.769+0000] {processor.py:766} INFO - DAG(s) dict_keys(['tutorial_dag']) retrieved from /home/airflow/.local/lib/python3.7/site-packages/airflow/example_dags/tutorial_dag.py
[2025-01-27T08:50:55.847+0000] {logging_mixin.py:120} INFO - [2025-01-27T08:50:55.847+0000] {dag.py:2585} INFO - Sync 1 DAGs
[2025-01-27T08:50:55.898+0000] {logging_mixin.py:120} INFO - [2025-01-27T08:50:55.898+0000] {dag.py:3340} INFO - Setting next_dagrun for tutorial_dag to None, run_after=None
[2025-01-27T08:50:55.931+0000] {processor.py:176} INFO - Processing /home/airflow/.local/lib/python3.7/site-packages/airflow/example_dags/tutorial_dag.py took 0.197 seconds
[2025-01-27T08:51:26.663+0000] {processor.py:154} INFO - Started process (PID=2058) to work on /home/airflow/.local/lib/python3.7/site-packages/airflow/example_dags/tutorial_dag.py
[2025-01-27T08:51:26.666+0000] {processor.py:756} INFO - Processing file /home/airflow/.local/lib/python3.7/site-packages/airflow/example_dags/tutorial_dag.py for tasks to queue
[2025-01-27T08:51:26.667+0000] {logging_mixin.py:120} INFO - [2025-01-27T08:51:26.667+0000] {dagbag.py:537} INFO - Filling up the DagBag from /home/airflow/.local/lib/python3.7/site-packages/airflow/example_dags/tutorial_dag.py
[2025-01-27T08:51:26.695+0000] {processor.py:766} INFO - DAG(s) dict_keys(['tutorial_dag']) retrieved from /home/airflow/.local/lib/python3.7/site-packages/airflow/example_dags/tutorial_dag.py
[2025-01-27T08:51:26.783+0000] {logging_mixin.py:120} INFO - [2025-01-27T08:51:26.783+0000] {dag.py:2585} INFO - Sync 1 DAGs
[2025-01-27T08:51:26.839+0000] {logging_mixin.py:120} INFO - [2025-01-27T08:51:26.839+0000] {dag.py:3340} INFO - Setting next_dagrun for tutorial_dag to None, run_after=None
[2025-01-27T08:51:26.886+0000] {processor.py:176} INFO - Processing /home/airflow/.local/lib/python3.7/site-packages/airflow/example_dags/tutorial_dag.py took 0.229 seconds
[2025-01-27T08:51:57.195+0000] {processor.py:154} INFO - Started process (PID=2113) to work on /home/airflow/.local/lib/python3.7/site-packages/airflow/example_dags/tutorial_dag.py
[2025-01-27T08:51:57.197+0000] {processor.py:756} INFO - Processing file /home/airflow/.local/lib/python3.7/site-packages/airflow/example_dags/tutorial_dag.py for tasks to queue
[2025-01-27T08:51:57.198+0000] {logging_mixin.py:120} INFO - [2025-01-27T08:51:57.198+0000] {dagbag.py:537} INFO - Filling up the DagBag from /home/airflow/.local/lib/python3.7/site-packages/airflow/example_dags/tutorial_dag.py
[2025-01-27T08:51:57.222+0000] {processor.py:766} INFO - DAG(s) dict_keys(['tutorial_dag']) retrieved from /home/airflow/.local/lib/python3.7/site-packages/airflow/example_dags/tutorial_dag.py
[2025-01-27T08:51:57.297+0000] {logging_mixin.py:120} INFO - [2025-01-27T08:51:57.296+0000] {dag.py:2585} INFO - Sync 1 DAGs
[2025-01-27T08:51:57.349+0000] {logging_mixin.py:120} INFO - [2025-01-27T08:51:57.349+0000] {dag.py:3340} INFO - Setting next_dagrun for tutorial_dag to None, run_after=None
[2025-01-27T08:51:57.387+0000] {processor.py:176} INFO - Processing /home/airflow/.local/lib/python3.7/site-packages/airflow/example_dags/tutorial_dag.py took 0.196 seconds
[2025-01-27T08:52:27.478+0000] {processor.py:154} INFO - Started process (PID=2167) to work on /home/airflow/.local/lib/python3.7/site-packages/airflow/example_dags/tutorial_dag.py
[2025-01-27T08:52:27.479+0000] {processor.py:756} INFO - Processing file /home/airflow/.local/lib/python3.7/site-packages/airflow/example_dags/tutorial_dag.py for tasks to queue
[2025-01-27T08:52:27.480+0000] {logging_mixin.py:120} INFO - [2025-01-27T08:52:27.480+0000] {dagbag.py:537} INFO - Filling up the DagBag from /home/airflow/.local/lib/python3.7/site-packages/airflow/example_dags/tutorial_dag.py
[2025-01-27T08:52:27.505+0000] {processor.py:766} INFO - DAG(s) dict_keys(['tutorial_dag']) retrieved from /home/airflow/.local/lib/python3.7/site-packages/airflow/example_dags/tutorial_dag.py
[2025-01-27T08:52:27.579+0000] {logging_mixin.py:120} INFO - [2025-01-27T08:52:27.579+0000] {dag.py:2585} INFO - Sync 1 DAGs
[2025-01-27T08:52:27.622+0000] {logging_mixin.py:120} INFO - [2025-01-27T08:52:27.622+0000] {dag.py:3340} INFO - Setting next_dagrun for tutorial_dag to None, run_after=None
[2025-01-27T08:52:27.654+0000] {processor.py:176} INFO - Processing /home/airflow/.local/lib/python3.7/site-packages/airflow/example_dags/tutorial_dag.py took 0.180 seconds
[2025-01-27T08:52:57.979+0000] {processor.py:154} INFO - Started process (PID=2230) to work on /home/airflow/.local/lib/python3.7/site-packages/airflow/example_dags/tutorial_dag.py
[2025-01-27T08:52:57.980+0000] {processor.py:756} INFO - Processing file /home/airflow/.local/lib/python3.7/site-packages/airflow/example_dags/tutorial_dag.py for tasks to queue
[2025-01-27T08:52:57.981+0000] {logging_mixin.py:120} INFO - [2025-01-27T08:52:57.981+0000] {dagbag.py:537} INFO - Filling up the DagBag from /home/airflow/.local/lib/python3.7/site-packages/airflow/example_dags/tutorial_dag.py
[2025-01-27T08:52:58.004+0000] {processor.py:766} INFO - DAG(s) dict_keys(['tutorial_dag']) retrieved from /home/airflow/.local/lib/python3.7/site-packages/airflow/example_dags/tutorial_dag.py
[2025-01-27T08:52:58.085+0000] {logging_mixin.py:120} INFO - [2025-01-27T08:52:58.085+0000] {dag.py:2585} INFO - Sync 1 DAGs
[2025-01-27T08:52:58.131+0000] {logging_mixin.py:120} INFO - [2025-01-27T08:52:58.130+0000] {dag.py:3340} INFO - Setting next_dagrun for tutorial_dag to None, run_after=None
[2025-01-27T08:52:58.164+0000] {processor.py:176} INFO - Processing /home/airflow/.local/lib/python3.7/site-packages/airflow/example_dags/tutorial_dag.py took 0.191 seconds
[2025-01-27T08:53:28.341+0000] {processor.py:154} INFO - Started process (PID=2284) to work on /home/airflow/.local/lib/python3.7/site-packages/airflow/example_dags/tutorial_dag.py
[2025-01-27T08:53:28.343+0000] {processor.py:756} INFO - Processing file /home/airflow/.local/lib/python3.7/site-packages/airflow/example_dags/tutorial_dag.py for tasks to queue
[2025-01-27T08:53:28.344+0000] {logging_mixin.py:120} INFO - [2025-01-27T08:53:28.344+0000] {dagbag.py:537} INFO - Filling up the DagBag from /home/airflow/.local/lib/python3.7/site-packages/airflow/example_dags/tutorial_dag.py
[2025-01-27T08:53:28.375+0000] {processor.py:766} INFO - DAG(s) dict_keys(['tutorial_dag']) retrieved from /home/airflow/.local/lib/python3.7/site-packages/airflow/example_dags/tutorial_dag.py
[2025-01-27T08:53:28.450+0000] {logging_mixin.py:120} INFO - [2025-01-27T08:53:28.450+0000] {dag.py:2585} INFO - Sync 1 DAGs
[2025-01-27T08:53:28.500+0000] {logging_mixin.py:120} INFO - [2025-01-27T08:53:28.500+0000] {dag.py:3340} INFO - Setting next_dagrun for tutorial_dag to None, run_after=None
[2025-01-27T08:53:28.533+0000] {processor.py:176} INFO - Processing /home/airflow/.local/lib/python3.7/site-packages/airflow/example_dags/tutorial_dag.py took 0.197 seconds
[2025-01-27T08:53:58.848+0000] {processor.py:154} INFO - Started process (PID=2346) to work on /home/airflow/.local/lib/python3.7/site-packages/airflow/example_dags/tutorial_dag.py
[2025-01-27T08:53:58.849+0000] {processor.py:756} INFO - Processing file /home/airflow/.local/lib/python3.7/site-packages/airflow/example_dags/tutorial_dag.py for tasks to queue
[2025-01-27T08:53:58.850+0000] {logging_mixin.py:120} INFO - [2025-01-27T08:53:58.850+0000] {dagbag.py:537} INFO - Filling up the DagBag from /home/airflow/.local/lib/python3.7/site-packages/airflow/example_dags/tutorial_dag.py
[2025-01-27T08:53:58.876+0000] {processor.py:766} INFO - DAG(s) dict_keys(['tutorial_dag']) retrieved from /home/airflow/.local/lib/python3.7/site-packages/airflow/example_dags/tutorial_dag.py
[2025-01-27T08:53:58.948+0000] {logging_mixin.py:120} INFO - [2025-01-27T08:53:58.948+0000] {dag.py:2585} INFO - Sync 1 DAGs
[2025-01-27T08:53:58.993+0000] {logging_mixin.py:120} INFO - [2025-01-27T08:53:58.993+0000] {dag.py:3340} INFO - Setting next_dagrun for tutorial_dag to None, run_after=None
[2025-01-27T08:53:59.043+0000] {processor.py:176} INFO - Processing /home/airflow/.local/lib/python3.7/site-packages/airflow/example_dags/tutorial_dag.py took 0.200 seconds
[2025-01-27T08:54:29.606+0000] {processor.py:154} INFO - Started process (PID=2400) to work on /home/airflow/.local/lib/python3.7/site-packages/airflow/example_dags/tutorial_dag.py
[2025-01-27T08:54:29.608+0000] {processor.py:756} INFO - Processing file /home/airflow/.local/lib/python3.7/site-packages/airflow/example_dags/tutorial_dag.py for tasks to queue
[2025-01-27T08:54:29.609+0000] {logging_mixin.py:120} INFO - [2025-01-27T08:54:29.609+0000] {dagbag.py:537} INFO - Filling up the DagBag from /home/airflow/.local/lib/python3.7/site-packages/airflow/example_dags/tutorial_dag.py
[2025-01-27T08:54:29.634+0000] {processor.py:766} INFO - DAG(s) dict_keys(['tutorial_dag']) retrieved from /home/airflow/.local/lib/python3.7/site-packages/airflow/example_dags/tutorial_dag.py
[2025-01-27T08:54:29.713+0000] {logging_mixin.py:120} INFO - [2025-01-27T08:54:29.712+0000] {dag.py:2585} INFO - Sync 1 DAGs
[2025-01-27T08:54:29.762+0000] {logging_mixin.py:120} INFO - [2025-01-27T08:54:29.761+0000] {dag.py:3340} INFO - Setting next_dagrun for tutorial_dag to None, run_after=None
[2025-01-27T08:54:29.796+0000] {processor.py:176} INFO - Processing /home/airflow/.local/lib/python3.7/site-packages/airflow/example_dags/tutorial_dag.py took 0.196 seconds
[2025-01-27T08:55:00.412+0000] {processor.py:154} INFO - Started process (PID=2463) to work on /home/airflow/.local/lib/python3.7/site-packages/airflow/example_dags/tutorial_dag.py
[2025-01-27T08:55:00.414+0000] {processor.py:756} INFO - Processing file /home/airflow/.local/lib/python3.7/site-packages/airflow/example_dags/tutorial_dag.py for tasks to queue
[2025-01-27T08:55:00.415+0000] {logging_mixin.py:120} INFO - [2025-01-27T08:55:00.415+0000] {dagbag.py:537} INFO - Filling up the DagBag from /home/airflow/.local/lib/python3.7/site-packages/airflow/example_dags/tutorial_dag.py
[2025-01-27T08:55:00.438+0000] {processor.py:766} INFO - DAG(s) dict_keys(['tutorial_dag']) retrieved from /home/airflow/.local/lib/python3.7/site-packages/airflow/example_dags/tutorial_dag.py
[2025-01-27T08:55:00.518+0000] {logging_mixin.py:120} INFO - [2025-01-27T08:55:00.518+0000] {dag.py:2585} INFO - Sync 1 DAGs
[2025-01-27T08:55:00.563+0000] {logging_mixin.py:120} INFO - [2025-01-27T08:55:00.563+0000] {dag.py:3340} INFO - Setting next_dagrun for tutorial_dag to None, run_after=None
[2025-01-27T08:55:00.594+0000] {processor.py:176} INFO - Processing /home/airflow/.local/lib/python3.7/site-packages/airflow/example_dags/tutorial_dag.py took 0.187 seconds
[2025-01-27T08:55:31.718+0000] {processor.py:154} INFO - Started process (PID=2516) to work on /home/airflow/.local/lib/python3.7/site-packages/airflow/example_dags/tutorial_dag.py
[2025-01-27T08:55:31.720+0000] {processor.py:756} INFO - Processing file /home/airflow/.local/lib/python3.7/site-packages/airflow/example_dags/tutorial_dag.py for tasks to queue
[2025-01-27T08:55:31.721+0000] {logging_mixin.py:120} INFO - [2025-01-27T08:55:31.721+0000] {dagbag.py:537} INFO - Filling up the DagBag from /home/airflow/.local/lib/python3.7/site-packages/airflow/example_dags/tutorial_dag.py
[2025-01-27T08:55:31.750+0000] {processor.py:766} INFO - DAG(s) dict_keys(['tutorial_dag']) retrieved from /home/airflow/.local/lib/python3.7/site-packages/airflow/example_dags/tutorial_dag.py
[2025-01-27T08:55:31.831+0000] {logging_mixin.py:120} INFO - [2025-01-27T08:55:31.831+0000] {dag.py:2585} INFO - Sync 1 DAGs
[2025-01-27T08:55:31.882+0000] {logging_mixin.py:120} INFO - [2025-01-27T08:55:31.882+0000] {dag.py:3340} INFO - Setting next_dagrun for tutorial_dag to None, run_after=None
[2025-01-27T08:55:31.919+0000] {processor.py:176} INFO - Processing /home/airflow/.local/lib/python3.7/site-packages/airflow/example_dags/tutorial_dag.py took 0.207 seconds
[2025-01-27T08:56:02.534+0000] {processor.py:154} INFO - Started process (PID=2578) to work on /home/airflow/.local/lib/python3.7/site-packages/airflow/example_dags/tutorial_dag.py
[2025-01-27T08:56:02.535+0000] {processor.py:756} INFO - Processing file /home/airflow/.local/lib/python3.7/site-packages/airflow/example_dags/tutorial_dag.py for tasks to queue
[2025-01-27T08:56:02.537+0000] {logging_mixin.py:120} INFO - [2025-01-27T08:56:02.536+0000] {dagbag.py:537} INFO - Filling up the DagBag from /home/airflow/.local/lib/python3.7/site-packages/airflow/example_dags/tutorial_dag.py
[2025-01-27T08:56:02.565+0000] {processor.py:766} INFO - DAG(s) dict_keys(['tutorial_dag']) retrieved from /home/airflow/.local/lib/python3.7/site-packages/airflow/example_dags/tutorial_dag.py
[2025-01-27T08:56:02.641+0000] {logging_mixin.py:120} INFO - [2025-01-27T08:56:02.641+0000] {dag.py:2585} INFO - Sync 1 DAGs
[2025-01-27T08:56:02.685+0000] {logging_mixin.py:120} INFO - [2025-01-27T08:56:02.684+0000] {dag.py:3340} INFO - Setting next_dagrun for tutorial_dag to None, run_after=None
[2025-01-27T08:56:02.720+0000] {processor.py:176} INFO - Processing /home/airflow/.local/lib/python3.7/site-packages/airflow/example_dags/tutorial_dag.py took 0.192 seconds
[2025-01-27T08:56:33.451+0000] {processor.py:154} INFO - Started process (PID=2632) to work on /home/airflow/.local/lib/python3.7/site-packages/airflow/example_dags/tutorial_dag.py
[2025-01-27T08:56:33.452+0000] {processor.py:756} INFO - Processing file /home/airflow/.local/lib/python3.7/site-packages/airflow/example_dags/tutorial_dag.py for tasks to queue
[2025-01-27T08:56:33.454+0000] {logging_mixin.py:120} INFO - [2025-01-27T08:56:33.453+0000] {dagbag.py:537} INFO - Filling up the DagBag from /home/airflow/.local/lib/python3.7/site-packages/airflow/example_dags/tutorial_dag.py
[2025-01-27T08:56:33.484+0000] {processor.py:766} INFO - DAG(s) dict_keys(['tutorial_dag']) retrieved from /home/airflow/.local/lib/python3.7/site-packages/airflow/example_dags/tutorial_dag.py
[2025-01-27T08:56:33.563+0000] {logging_mixin.py:120} INFO - [2025-01-27T08:56:33.563+0000] {dag.py:2585} INFO - Sync 1 DAGs
[2025-01-27T08:56:33.615+0000] {logging_mixin.py:120} INFO - [2025-01-27T08:56:33.615+0000] {dag.py:3340} INFO - Setting next_dagrun for tutorial_dag to None, run_after=None
[2025-01-27T08:56:33.654+0000] {processor.py:176} INFO - Processing /home/airflow/.local/lib/python3.7/site-packages/airflow/example_dags/tutorial_dag.py took 0.210 seconds
[2025-01-27T08:57:04.029+0000] {processor.py:154} INFO - Started process (PID=2693) to work on /home/airflow/.local/lib/python3.7/site-packages/airflow/example_dags/tutorial_dag.py
[2025-01-27T08:57:04.030+0000] {processor.py:756} INFO - Processing file /home/airflow/.local/lib/python3.7/site-packages/airflow/example_dags/tutorial_dag.py for tasks to queue
[2025-01-27T08:57:04.031+0000] {logging_mixin.py:120} INFO - [2025-01-27T08:57:04.031+0000] {dagbag.py:537} INFO - Filling up the DagBag from /home/airflow/.local/lib/python3.7/site-packages/airflow/example_dags/tutorial_dag.py
[2025-01-27T08:57:04.055+0000] {processor.py:766} INFO - DAG(s) dict_keys(['tutorial_dag']) retrieved from /home/airflow/.local/lib/python3.7/site-packages/airflow/example_dags/tutorial_dag.py
[2025-01-27T08:57:04.129+0000] {logging_mixin.py:120} INFO - [2025-01-27T08:57:04.128+0000] {dag.py:2585} INFO - Sync 1 DAGs
[2025-01-27T08:57:04.182+0000] {logging_mixin.py:120} INFO - [2025-01-27T08:57:04.182+0000] {dag.py:3340} INFO - Setting next_dagrun for tutorial_dag to None, run_after=None
[2025-01-27T08:57:04.214+0000] {processor.py:176} INFO - Processing /home/airflow/.local/lib/python3.7/site-packages/airflow/example_dags/tutorial_dag.py took 0.191 seconds
[2025-01-27T08:57:34.751+0000] {processor.py:154} INFO - Started process (PID=2746) to work on /home/airflow/.local/lib/python3.7/site-packages/airflow/example_dags/tutorial_dag.py
[2025-01-27T08:57:34.752+0000] {processor.py:756} INFO - Processing file /home/airflow/.local/lib/python3.7/site-packages/airflow/example_dags/tutorial_dag.py for tasks to queue
[2025-01-27T08:57:34.753+0000] {logging_mixin.py:120} INFO - [2025-01-27T08:57:34.753+0000] {dagbag.py:537} INFO - Filling up the DagBag from /home/airflow/.local/lib/python3.7/site-packages/airflow/example_dags/tutorial_dag.py
[2025-01-27T08:57:34.786+0000] {processor.py:766} INFO - DAG(s) dict_keys(['tutorial_dag']) retrieved from /home/airflow/.local/lib/python3.7/site-packages/airflow/example_dags/tutorial_dag.py
[2025-01-27T08:57:34.895+0000] {logging_mixin.py:120} INFO - [2025-01-27T08:57:34.895+0000] {dag.py:2585} INFO - Sync 1 DAGs
[2025-01-27T08:57:34.952+0000] {logging_mixin.py:120} INFO - [2025-01-27T08:57:34.951+0000] {dag.py:3340} INFO - Setting next_dagrun for tutorial_dag to None, run_after=None
[2025-01-27T08:57:34.991+0000] {processor.py:176} INFO - Processing /home/airflow/.local/lib/python3.7/site-packages/airflow/example_dags/tutorial_dag.py took 0.246 seconds
[2025-01-27T08:58:05.923+0000] {processor.py:154} INFO - Started process (PID=2809) to work on /home/airflow/.local/lib/python3.7/site-packages/airflow/example_dags/tutorial_dag.py
[2025-01-27T08:58:05.924+0000] {processor.py:756} INFO - Processing file /home/airflow/.local/lib/python3.7/site-packages/airflow/example_dags/tutorial_dag.py for tasks to queue
[2025-01-27T08:58:05.927+0000] {logging_mixin.py:120} INFO - [2025-01-27T08:58:05.926+0000] {dagbag.py:537} INFO - Filling up the DagBag from /home/airflow/.local/lib/python3.7/site-packages/airflow/example_dags/tutorial_dag.py
[2025-01-27T08:58:05.953+0000] {processor.py:766} INFO - DAG(s) dict_keys(['tutorial_dag']) retrieved from /home/airflow/.local/lib/python3.7/site-packages/airflow/example_dags/tutorial_dag.py
[2025-01-27T08:58:06.030+0000] {logging_mixin.py:120} INFO - [2025-01-27T08:58:06.030+0000] {dag.py:2585} INFO - Sync 1 DAGs
[2025-01-27T08:58:06.076+0000] {logging_mixin.py:120} INFO - [2025-01-27T08:58:06.076+0000] {dag.py:3340} INFO - Setting next_dagrun for tutorial_dag to None, run_after=None
[2025-01-27T08:58:06.110+0000] {processor.py:176} INFO - Processing /home/airflow/.local/lib/python3.7/site-packages/airflow/example_dags/tutorial_dag.py took 0.193 seconds
[2025-01-27T08:58:36.261+0000] {processor.py:154} INFO - Started process (PID=2863) to work on /home/airflow/.local/lib/python3.7/site-packages/airflow/example_dags/tutorial_dag.py
[2025-01-27T08:58:36.263+0000] {processor.py:756} INFO - Processing file /home/airflow/.local/lib/python3.7/site-packages/airflow/example_dags/tutorial_dag.py for tasks to queue
[2025-01-27T08:58:36.264+0000] {logging_mixin.py:120} INFO - [2025-01-27T08:58:36.264+0000] {dagbag.py:537} INFO - Filling up the DagBag from /home/airflow/.local/lib/python3.7/site-packages/airflow/example_dags/tutorial_dag.py
[2025-01-27T08:58:36.288+0000] {processor.py:766} INFO - DAG(s) dict_keys(['tutorial_dag']) retrieved from /home/airflow/.local/lib/python3.7/site-packages/airflow/example_dags/tutorial_dag.py
[2025-01-27T08:58:36.366+0000] {logging_mixin.py:120} INFO - [2025-01-27T08:58:36.366+0000] {dag.py:2585} INFO - Sync 1 DAGs
[2025-01-27T08:58:36.430+0000] {logging_mixin.py:120} INFO - [2025-01-27T08:58:36.430+0000] {dag.py:3340} INFO - Setting next_dagrun for tutorial_dag to None, run_after=None
[2025-01-27T08:58:36.475+0000] {processor.py:176} INFO - Processing /home/airflow/.local/lib/python3.7/site-packages/airflow/example_dags/tutorial_dag.py took 0.219 seconds
[2025-01-27T08:59:06.989+0000] {processor.py:154} INFO - Started process (PID=2926) to work on /home/airflow/.local/lib/python3.7/site-packages/airflow/example_dags/tutorial_dag.py
[2025-01-27T08:59:06.991+0000] {processor.py:756} INFO - Processing file /home/airflow/.local/lib/python3.7/site-packages/airflow/example_dags/tutorial_dag.py for tasks to queue
[2025-01-27T08:59:06.995+0000] {logging_mixin.py:120} INFO - [2025-01-27T08:59:06.994+0000] {dagbag.py:537} INFO - Filling up the DagBag from /home/airflow/.local/lib/python3.7/site-packages/airflow/example_dags/tutorial_dag.py
[2025-01-27T08:59:07.018+0000] {processor.py:766} INFO - DAG(s) dict_keys(['tutorial_dag']) retrieved from /home/airflow/.local/lib/python3.7/site-packages/airflow/example_dags/tutorial_dag.py
[2025-01-27T08:59:07.098+0000] {logging_mixin.py:120} INFO - [2025-01-27T08:59:07.098+0000] {dag.py:2585} INFO - Sync 1 DAGs
[2025-01-27T08:59:07.146+0000] {logging_mixin.py:120} INFO - [2025-01-27T08:59:07.146+0000] {dag.py:3340} INFO - Setting next_dagrun for tutorial_dag to None, run_after=None
[2025-01-27T08:59:07.182+0000] {processor.py:176} INFO - Processing /home/airflow/.local/lib/python3.7/site-packages/airflow/example_dags/tutorial_dag.py took 0.199 seconds
[2025-01-27T08:59:38.153+0000] {processor.py:154} INFO - Started process (PID=2979) to work on /home/airflow/.local/lib/python3.7/site-packages/airflow/example_dags/tutorial_dag.py
[2025-01-27T08:59:38.155+0000] {processor.py:756} INFO - Processing file /home/airflow/.local/lib/python3.7/site-packages/airflow/example_dags/tutorial_dag.py for tasks to queue
[2025-01-27T08:59:38.156+0000] {logging_mixin.py:120} INFO - [2025-01-27T08:59:38.156+0000] {dagbag.py:537} INFO - Filling up the DagBag from /home/airflow/.local/lib/python3.7/site-packages/airflow/example_dags/tutorial_dag.py
[2025-01-27T08:59:38.181+0000] {processor.py:766} INFO - DAG(s) dict_keys(['tutorial_dag']) retrieved from /home/airflow/.local/lib/python3.7/site-packages/airflow/example_dags/tutorial_dag.py
[2025-01-27T08:59:38.267+0000] {logging_mixin.py:120} INFO - [2025-01-27T08:59:38.267+0000] {dag.py:2585} INFO - Sync 1 DAGs
[2025-01-27T08:59:38.319+0000] {logging_mixin.py:120} INFO - [2025-01-27T08:59:38.319+0000] {dag.py:3340} INFO - Setting next_dagrun for tutorial_dag to None, run_after=None
[2025-01-27T08:59:38.357+0000] {processor.py:176} INFO - Processing /home/airflow/.local/lib/python3.7/site-packages/airflow/example_dags/tutorial_dag.py took 0.211 seconds
[2025-01-27T09:00:09.429+0000] {processor.py:154} INFO - Started process (PID=3042) to work on /home/airflow/.local/lib/python3.7/site-packages/airflow/example_dags/tutorial_dag.py
[2025-01-27T09:00:09.430+0000] {processor.py:756} INFO - Processing file /home/airflow/.local/lib/python3.7/site-packages/airflow/example_dags/tutorial_dag.py for tasks to queue
[2025-01-27T09:00:09.431+0000] {logging_mixin.py:120} INFO - [2025-01-27T09:00:09.431+0000] {dagbag.py:537} INFO - Filling up the DagBag from /home/airflow/.local/lib/python3.7/site-packages/airflow/example_dags/tutorial_dag.py
[2025-01-27T09:00:09.463+0000] {processor.py:766} INFO - DAG(s) dict_keys(['tutorial_dag']) retrieved from /home/airflow/.local/lib/python3.7/site-packages/airflow/example_dags/tutorial_dag.py
[2025-01-27T09:00:09.561+0000] {logging_mixin.py:120} INFO - [2025-01-27T09:00:09.561+0000] {dag.py:2585} INFO - Sync 1 DAGs
[2025-01-27T09:00:09.611+0000] {logging_mixin.py:120} INFO - [2025-01-27T09:00:09.610+0000] {dag.py:3340} INFO - Setting next_dagrun for tutorial_dag to None, run_after=None
[2025-01-27T09:00:09.651+0000] {processor.py:176} INFO - Processing /home/airflow/.local/lib/python3.7/site-packages/airflow/example_dags/tutorial_dag.py took 0.228 seconds
[2025-01-27T09:00:40.893+0000] {processor.py:154} INFO - Started process (PID=3095) to work on /home/airflow/.local/lib/python3.7/site-packages/airflow/example_dags/tutorial_dag.py
[2025-01-27T09:00:40.895+0000] {processor.py:756} INFO - Processing file /home/airflow/.local/lib/python3.7/site-packages/airflow/example_dags/tutorial_dag.py for tasks to queue
[2025-01-27T09:00:40.898+0000] {logging_mixin.py:120} INFO - [2025-01-27T09:00:40.898+0000] {dagbag.py:537} INFO - Filling up the DagBag from /home/airflow/.local/lib/python3.7/site-packages/airflow/example_dags/tutorial_dag.py
[2025-01-27T09:00:40.939+0000] {processor.py:766} INFO - DAG(s) dict_keys(['tutorial_dag']) retrieved from /home/airflow/.local/lib/python3.7/site-packages/airflow/example_dags/tutorial_dag.py
[2025-01-27T09:00:41.035+0000] {logging_mixin.py:120} INFO - [2025-01-27T09:00:41.035+0000] {dag.py:2585} INFO - Sync 1 DAGs
[2025-01-27T09:00:41.098+0000] {logging_mixin.py:120} INFO - [2025-01-27T09:00:41.098+0000] {dag.py:3340} INFO - Setting next_dagrun for tutorial_dag to None, run_after=None
[2025-01-27T09:00:41.142+0000] {processor.py:176} INFO - Processing /home/airflow/.local/lib/python3.7/site-packages/airflow/example_dags/tutorial_dag.py took 0.257 seconds
[2025-01-27T09:01:11.932+0000] {processor.py:154} INFO - Started process (PID=3158) to work on /home/airflow/.local/lib/python3.7/site-packages/airflow/example_dags/tutorial_dag.py
[2025-01-27T09:01:11.933+0000] {processor.py:756} INFO - Processing file /home/airflow/.local/lib/python3.7/site-packages/airflow/example_dags/tutorial_dag.py for tasks to queue
[2025-01-27T09:01:11.938+0000] {logging_mixin.py:120} INFO - [2025-01-27T09:01:11.938+0000] {dagbag.py:537} INFO - Filling up the DagBag from /home/airflow/.local/lib/python3.7/site-packages/airflow/example_dags/tutorial_dag.py
[2025-01-27T09:01:11.971+0000] {processor.py:766} INFO - DAG(s) dict_keys(['tutorial_dag']) retrieved from /home/airflow/.local/lib/python3.7/site-packages/airflow/example_dags/tutorial_dag.py
[2025-01-27T09:01:12.099+0000] {logging_mixin.py:120} INFO - [2025-01-27T09:01:12.098+0000] {dag.py:2585} INFO - Sync 1 DAGs
[2025-01-27T09:01:12.165+0000] {logging_mixin.py:120} INFO - [2025-01-27T09:01:12.164+0000] {dag.py:3340} INFO - Setting next_dagrun for tutorial_dag to None, run_after=None
[2025-01-27T09:01:12.222+0000] {processor.py:176} INFO - Processing /home/airflow/.local/lib/python3.7/site-packages/airflow/example_dags/tutorial_dag.py took 0.298 seconds
[2025-01-27T09:01:42.271+0000] {processor.py:154} INFO - Started process (PID=3212) to work on /home/airflow/.local/lib/python3.7/site-packages/airflow/example_dags/tutorial_dag.py
[2025-01-27T09:01:42.273+0000] {processor.py:756} INFO - Processing file /home/airflow/.local/lib/python3.7/site-packages/airflow/example_dags/tutorial_dag.py for tasks to queue
[2025-01-27T09:01:42.277+0000] {logging_mixin.py:120} INFO - [2025-01-27T09:01:42.277+0000] {dagbag.py:537} INFO - Filling up the DagBag from /home/airflow/.local/lib/python3.7/site-packages/airflow/example_dags/tutorial_dag.py
[2025-01-27T09:01:42.299+0000] {processor.py:766} INFO - DAG(s) dict_keys(['tutorial_dag']) retrieved from /home/airflow/.local/lib/python3.7/site-packages/airflow/example_dags/tutorial_dag.py
[2025-01-27T09:01:42.386+0000] {logging_mixin.py:120} INFO - [2025-01-27T09:01:42.385+0000] {dag.py:2585} INFO - Sync 1 DAGs
[2025-01-27T09:01:42.435+0000] {logging_mixin.py:120} INFO - [2025-01-27T09:01:42.434+0000] {dag.py:3340} INFO - Setting next_dagrun for tutorial_dag to None, run_after=None
[2025-01-27T09:01:42.478+0000] {processor.py:176} INFO - Processing /home/airflow/.local/lib/python3.7/site-packages/airflow/example_dags/tutorial_dag.py took 0.214 seconds
[2025-01-27T09:02:13.252+0000] {processor.py:154} INFO - Started process (PID=3275) to work on /home/airflow/.local/lib/python3.7/site-packages/airflow/example_dags/tutorial_dag.py
[2025-01-27T09:02:13.254+0000] {processor.py:756} INFO - Processing file /home/airflow/.local/lib/python3.7/site-packages/airflow/example_dags/tutorial_dag.py for tasks to queue
[2025-01-27T09:02:13.256+0000] {logging_mixin.py:120} INFO - [2025-01-27T09:02:13.256+0000] {dagbag.py:537} INFO - Filling up the DagBag from /home/airflow/.local/lib/python3.7/site-packages/airflow/example_dags/tutorial_dag.py
[2025-01-27T09:02:13.285+0000] {processor.py:766} INFO - DAG(s) dict_keys(['tutorial_dag']) retrieved from /home/airflow/.local/lib/python3.7/site-packages/airflow/example_dags/tutorial_dag.py
[2025-01-27T09:02:13.386+0000] {logging_mixin.py:120} INFO - [2025-01-27T09:02:13.386+0000] {dag.py:2585} INFO - Sync 1 DAGs
[2025-01-27T09:02:13.465+0000] {logging_mixin.py:120} INFO - [2025-01-27T09:02:13.464+0000] {dag.py:3340} INFO - Setting next_dagrun for tutorial_dag to None, run_after=None
[2025-01-27T09:02:13.508+0000] {processor.py:176} INFO - Processing /home/airflow/.local/lib/python3.7/site-packages/airflow/example_dags/tutorial_dag.py took 0.262 seconds
[2025-01-27T09:02:43.958+0000] {processor.py:154} INFO - Started process (PID=3329) to work on /home/airflow/.local/lib/python3.7/site-packages/airflow/example_dags/tutorial_dag.py
[2025-01-27T09:02:43.959+0000] {processor.py:756} INFO - Processing file /home/airflow/.local/lib/python3.7/site-packages/airflow/example_dags/tutorial_dag.py for tasks to queue
[2025-01-27T09:02:43.961+0000] {logging_mixin.py:120} INFO - [2025-01-27T09:02:43.960+0000] {dagbag.py:537} INFO - Filling up the DagBag from /home/airflow/.local/lib/python3.7/site-packages/airflow/example_dags/tutorial_dag.py
[2025-01-27T09:02:43.987+0000] {processor.py:766} INFO - DAG(s) dict_keys(['tutorial_dag']) retrieved from /home/airflow/.local/lib/python3.7/site-packages/airflow/example_dags/tutorial_dag.py
[2025-01-27T09:02:44.062+0000] {logging_mixin.py:120} INFO - [2025-01-27T09:02:44.062+0000] {dag.py:2585} INFO - Sync 1 DAGs
[2025-01-27T09:02:44.112+0000] {logging_mixin.py:120} INFO - [2025-01-27T09:02:44.112+0000] {dag.py:3340} INFO - Setting next_dagrun for tutorial_dag to None, run_after=None
[2025-01-27T09:02:44.163+0000] {processor.py:176} INFO - Processing /home/airflow/.local/lib/python3.7/site-packages/airflow/example_dags/tutorial_dag.py took 0.211 seconds
[2025-01-27T09:03:14.930+0000] {processor.py:154} INFO - Started process (PID=3382) to work on /home/airflow/.local/lib/python3.7/site-packages/airflow/example_dags/tutorial_dag.py
[2025-01-27T09:03:14.932+0000] {processor.py:756} INFO - Processing file /home/airflow/.local/lib/python3.7/site-packages/airflow/example_dags/tutorial_dag.py for tasks to queue
[2025-01-27T09:03:14.933+0000] {logging_mixin.py:120} INFO - [2025-01-27T09:03:14.933+0000] {dagbag.py:537} INFO - Filling up the DagBag from /home/airflow/.local/lib/python3.7/site-packages/airflow/example_dags/tutorial_dag.py
[2025-01-27T09:03:15.036+0000] {processor.py:766} INFO - DAG(s) dict_keys(['tutorial_dag']) retrieved from /home/airflow/.local/lib/python3.7/site-packages/airflow/example_dags/tutorial_dag.py
[2025-01-27T09:03:15.149+0000] {logging_mixin.py:120} INFO - [2025-01-27T09:03:15.149+0000] {dag.py:2585} INFO - Sync 1 DAGs
[2025-01-27T09:03:15.205+0000] {logging_mixin.py:120} INFO - [2025-01-27T09:03:15.205+0000] {dag.py:3340} INFO - Setting next_dagrun for tutorial_dag to None, run_after=None
[2025-01-27T09:03:15.254+0000] {processor.py:176} INFO - Processing /home/airflow/.local/lib/python3.7/site-packages/airflow/example_dags/tutorial_dag.py took 0.329 seconds
[2025-01-27T09:03:45.900+0000] {processor.py:154} INFO - Started process (PID=3444) to work on /home/airflow/.local/lib/python3.7/site-packages/airflow/example_dags/tutorial_dag.py
[2025-01-27T09:03:45.901+0000] {processor.py:756} INFO - Processing file /home/airflow/.local/lib/python3.7/site-packages/airflow/example_dags/tutorial_dag.py for tasks to queue
[2025-01-27T09:03:45.902+0000] {logging_mixin.py:120} INFO - [2025-01-27T09:03:45.902+0000] {dagbag.py:537} INFO - Filling up the DagBag from /home/airflow/.local/lib/python3.7/site-packages/airflow/example_dags/tutorial_dag.py
[2025-01-27T09:03:45.928+0000] {processor.py:766} INFO - DAG(s) dict_keys(['tutorial_dag']) retrieved from /home/airflow/.local/lib/python3.7/site-packages/airflow/example_dags/tutorial_dag.py
[2025-01-27T09:03:46.009+0000] {logging_mixin.py:120} INFO - [2025-01-27T09:03:46.008+0000] {dag.py:2585} INFO - Sync 1 DAGs
[2025-01-27T09:03:46.061+0000] {logging_mixin.py:120} INFO - [2025-01-27T09:03:46.061+0000] {dag.py:3340} INFO - Setting next_dagrun for tutorial_dag to None, run_after=None
[2025-01-27T09:03:46.096+0000] {processor.py:176} INFO - Processing /home/airflow/.local/lib/python3.7/site-packages/airflow/example_dags/tutorial_dag.py took 0.202 seconds
[2025-01-27T09:04:16.620+0000] {processor.py:154} INFO - Started process (PID=3498) to work on /home/airflow/.local/lib/python3.7/site-packages/airflow/example_dags/tutorial_dag.py
[2025-01-27T09:04:16.622+0000] {processor.py:756} INFO - Processing file /home/airflow/.local/lib/python3.7/site-packages/airflow/example_dags/tutorial_dag.py for tasks to queue
[2025-01-27T09:04:16.624+0000] {logging_mixin.py:120} INFO - [2025-01-27T09:04:16.624+0000] {dagbag.py:537} INFO - Filling up the DagBag from /home/airflow/.local/lib/python3.7/site-packages/airflow/example_dags/tutorial_dag.py
[2025-01-27T09:04:16.648+0000] {processor.py:766} INFO - DAG(s) dict_keys(['tutorial_dag']) retrieved from /home/airflow/.local/lib/python3.7/site-packages/airflow/example_dags/tutorial_dag.py
[2025-01-27T09:04:16.742+0000] {logging_mixin.py:120} INFO - [2025-01-27T09:04:16.742+0000] {dag.py:2585} INFO - Sync 1 DAGs
[2025-01-27T09:04:16.799+0000] {logging_mixin.py:120} INFO - [2025-01-27T09:04:16.798+0000] {dag.py:3340} INFO - Setting next_dagrun for tutorial_dag to None, run_after=None
[2025-01-27T09:04:16.834+0000] {processor.py:176} INFO - Processing /home/airflow/.local/lib/python3.7/site-packages/airflow/example_dags/tutorial_dag.py took 0.222 seconds
[2025-01-27T09:04:48.156+0000] {processor.py:154} INFO - Started process (PID=3561) to work on /home/airflow/.local/lib/python3.7/site-packages/airflow/example_dags/tutorial_dag.py
[2025-01-27T09:04:48.157+0000] {processor.py:756} INFO - Processing file /home/airflow/.local/lib/python3.7/site-packages/airflow/example_dags/tutorial_dag.py for tasks to queue
[2025-01-27T09:04:48.159+0000] {logging_mixin.py:120} INFO - [2025-01-27T09:04:48.159+0000] {dagbag.py:537} INFO - Filling up the DagBag from /home/airflow/.local/lib/python3.7/site-packages/airflow/example_dags/tutorial_dag.py
[2025-01-27T09:04:48.185+0000] {processor.py:766} INFO - DAG(s) dict_keys(['tutorial_dag']) retrieved from /home/airflow/.local/lib/python3.7/site-packages/airflow/example_dags/tutorial_dag.py
[2025-01-27T09:04:48.265+0000] {logging_mixin.py:120} INFO - [2025-01-27T09:04:48.265+0000] {dag.py:2585} INFO - Sync 1 DAGs
[2025-01-27T09:04:48.321+0000] {logging_mixin.py:120} INFO - [2025-01-27T09:04:48.321+0000] {dag.py:3340} INFO - Setting next_dagrun for tutorial_dag to None, run_after=None
[2025-01-27T09:04:48.365+0000] {processor.py:176} INFO - Processing /home/airflow/.local/lib/python3.7/site-packages/airflow/example_dags/tutorial_dag.py took 0.215 seconds
[2025-01-27T09:05:19.687+0000] {processor.py:154} INFO - Started process (PID=3614) to work on /home/airflow/.local/lib/python3.7/site-packages/airflow/example_dags/tutorial_dag.py
[2025-01-27T09:05:19.688+0000] {processor.py:756} INFO - Processing file /home/airflow/.local/lib/python3.7/site-packages/airflow/example_dags/tutorial_dag.py for tasks to queue
[2025-01-27T09:05:19.690+0000] {logging_mixin.py:120} INFO - [2025-01-27T09:05:19.689+0000] {dagbag.py:537} INFO - Filling up the DagBag from /home/airflow/.local/lib/python3.7/site-packages/airflow/example_dags/tutorial_dag.py
[2025-01-27T09:05:19.717+0000] {processor.py:766} INFO - DAG(s) dict_keys(['tutorial_dag']) retrieved from /home/airflow/.local/lib/python3.7/site-packages/airflow/example_dags/tutorial_dag.py
[2025-01-27T09:05:19.876+0000] {logging_mixin.py:120} INFO - [2025-01-27T09:05:19.876+0000] {dag.py:2585} INFO - Sync 1 DAGs
[2025-01-27T09:05:19.932+0000] {logging_mixin.py:120} INFO - [2025-01-27T09:05:19.932+0000] {dag.py:3340} INFO - Setting next_dagrun for tutorial_dag to None, run_after=None
[2025-01-27T09:05:19.982+0000] {processor.py:176} INFO - Processing /home/airflow/.local/lib/python3.7/site-packages/airflow/example_dags/tutorial_dag.py took 0.303 seconds
[2025-01-27T09:05:51.089+0000] {processor.py:154} INFO - Started process (PID=3675) to work on /home/airflow/.local/lib/python3.7/site-packages/airflow/example_dags/tutorial_dag.py
[2025-01-27T09:05:51.090+0000] {processor.py:756} INFO - Processing file /home/airflow/.local/lib/python3.7/site-packages/airflow/example_dags/tutorial_dag.py for tasks to queue
[2025-01-27T09:05:51.091+0000] {logging_mixin.py:120} INFO - [2025-01-27T09:05:51.091+0000] {dagbag.py:537} INFO - Filling up the DagBag from /home/airflow/.local/lib/python3.7/site-packages/airflow/example_dags/tutorial_dag.py
[2025-01-27T09:05:51.119+0000] {processor.py:766} INFO - DAG(s) dict_keys(['tutorial_dag']) retrieved from /home/airflow/.local/lib/python3.7/site-packages/airflow/example_dags/tutorial_dag.py
[2025-01-27T09:05:51.204+0000] {logging_mixin.py:120} INFO - [2025-01-27T09:05:51.204+0000] {dag.py:2585} INFO - Sync 1 DAGs
[2025-01-27T09:05:51.270+0000] {logging_mixin.py:120} INFO - [2025-01-27T09:05:51.270+0000] {dag.py:3340} INFO - Setting next_dagrun for tutorial_dag to None, run_after=None
[2025-01-27T09:05:51.329+0000] {processor.py:176} INFO - Processing /home/airflow/.local/lib/python3.7/site-packages/airflow/example_dags/tutorial_dag.py took 0.247 seconds
[2025-01-27T09:06:22.385+0000] {processor.py:154} INFO - Started process (PID=3729) to work on /home/airflow/.local/lib/python3.7/site-packages/airflow/example_dags/tutorial_dag.py
[2025-01-27T09:06:22.387+0000] {processor.py:756} INFO - Processing file /home/airflow/.local/lib/python3.7/site-packages/airflow/example_dags/tutorial_dag.py for tasks to queue
[2025-01-27T09:06:22.390+0000] {logging_mixin.py:120} INFO - [2025-01-27T09:06:22.390+0000] {dagbag.py:537} INFO - Filling up the DagBag from /home/airflow/.local/lib/python3.7/site-packages/airflow/example_dags/tutorial_dag.py
[2025-01-27T09:06:22.414+0000] {processor.py:766} INFO - DAG(s) dict_keys(['tutorial_dag']) retrieved from /home/airflow/.local/lib/python3.7/site-packages/airflow/example_dags/tutorial_dag.py
[2025-01-27T09:06:22.502+0000] {logging_mixin.py:120} INFO - [2025-01-27T09:06:22.501+0000] {dag.py:2585} INFO - Sync 1 DAGs
[2025-01-27T09:06:22.566+0000] {logging_mixin.py:120} INFO - [2025-01-27T09:06:22.566+0000] {dag.py:3340} INFO - Setting next_dagrun for tutorial_dag to None, run_after=None
[2025-01-27T09:06:22.606+0000] {processor.py:176} INFO - Processing /home/airflow/.local/lib/python3.7/site-packages/airflow/example_dags/tutorial_dag.py took 0.232 seconds
[2025-01-27T09:06:53.414+0000] {processor.py:154} INFO - Started process (PID=3791) to work on /home/airflow/.local/lib/python3.7/site-packages/airflow/example_dags/tutorial_dag.py
[2025-01-27T09:06:53.416+0000] {processor.py:756} INFO - Processing file /home/airflow/.local/lib/python3.7/site-packages/airflow/example_dags/tutorial_dag.py for tasks to queue
[2025-01-27T09:06:53.420+0000] {logging_mixin.py:120} INFO - [2025-01-27T09:06:53.420+0000] {dagbag.py:537} INFO - Filling up the DagBag from /home/airflow/.local/lib/python3.7/site-packages/airflow/example_dags/tutorial_dag.py
[2025-01-27T09:06:53.452+0000] {processor.py:766} INFO - DAG(s) dict_keys(['tutorial_dag']) retrieved from /home/airflow/.local/lib/python3.7/site-packages/airflow/example_dags/tutorial_dag.py
[2025-01-27T09:06:53.535+0000] {logging_mixin.py:120} INFO - [2025-01-27T09:06:53.534+0000] {dag.py:2585} INFO - Sync 1 DAGs
[2025-01-27T09:06:53.589+0000] {logging_mixin.py:120} INFO - [2025-01-27T09:06:53.589+0000] {dag.py:3340} INFO - Setting next_dagrun for tutorial_dag to None, run_after=None
[2025-01-27T09:06:53.633+0000] {processor.py:176} INFO - Processing /home/airflow/.local/lib/python3.7/site-packages/airflow/example_dags/tutorial_dag.py took 0.229 seconds
[2025-01-27T09:07:23.865+0000] {processor.py:154} INFO - Started process (PID=3845) to work on /home/airflow/.local/lib/python3.7/site-packages/airflow/example_dags/tutorial_dag.py
[2025-01-27T09:07:23.867+0000] {processor.py:756} INFO - Processing file /home/airflow/.local/lib/python3.7/site-packages/airflow/example_dags/tutorial_dag.py for tasks to queue
[2025-01-27T09:07:23.868+0000] {logging_mixin.py:120} INFO - [2025-01-27T09:07:23.868+0000] {dagbag.py:537} INFO - Filling up the DagBag from /home/airflow/.local/lib/python3.7/site-packages/airflow/example_dags/tutorial_dag.py
[2025-01-27T09:07:23.892+0000] {processor.py:766} INFO - DAG(s) dict_keys(['tutorial_dag']) retrieved from /home/airflow/.local/lib/python3.7/site-packages/airflow/example_dags/tutorial_dag.py
[2025-01-27T09:07:23.972+0000] {logging_mixin.py:120} INFO - [2025-01-27T09:07:23.972+0000] {dag.py:2585} INFO - Sync 1 DAGs
[2025-01-27T09:07:24.021+0000] {logging_mixin.py:120} INFO - [2025-01-27T09:07:24.020+0000] {dag.py:3340} INFO - Setting next_dagrun for tutorial_dag to None, run_after=None
[2025-01-27T09:07:24.060+0000] {processor.py:176} INFO - Processing /home/airflow/.local/lib/python3.7/site-packages/airflow/example_dags/tutorial_dag.py took 0.199 seconds
[2025-01-27T09:07:54.714+0000] {processor.py:154} INFO - Started process (PID=3899) to work on /home/airflow/.local/lib/python3.7/site-packages/airflow/example_dags/tutorial_dag.py
[2025-01-27T09:07:54.715+0000] {processor.py:756} INFO - Processing file /home/airflow/.local/lib/python3.7/site-packages/airflow/example_dags/tutorial_dag.py for tasks to queue
[2025-01-27T09:07:54.717+0000] {logging_mixin.py:120} INFO - [2025-01-27T09:07:54.717+0000] {dagbag.py:537} INFO - Filling up the DagBag from /home/airflow/.local/lib/python3.7/site-packages/airflow/example_dags/tutorial_dag.py
[2025-01-27T09:07:54.739+0000] {processor.py:766} INFO - DAG(s) dict_keys(['tutorial_dag']) retrieved from /home/airflow/.local/lib/python3.7/site-packages/airflow/example_dags/tutorial_dag.py
[2025-01-27T09:07:54.826+0000] {logging_mixin.py:120} INFO - [2025-01-27T09:07:54.826+0000] {dag.py:2585} INFO - Sync 1 DAGs
[2025-01-27T09:07:54.870+0000] {logging_mixin.py:120} INFO - [2025-01-27T09:07:54.870+0000] {dag.py:3340} INFO - Setting next_dagrun for tutorial_dag to None, run_after=None
[2025-01-27T09:07:54.905+0000] {processor.py:176} INFO - Processing /home/airflow/.local/lib/python3.7/site-packages/airflow/example_dags/tutorial_dag.py took 0.196 seconds
[2025-01-27T09:08:26.478+0000] {processor.py:154} INFO - Started process (PID=3962) to work on /home/airflow/.local/lib/python3.7/site-packages/airflow/example_dags/tutorial_dag.py
[2025-01-27T09:08:26.480+0000] {processor.py:756} INFO - Processing file /home/airflow/.local/lib/python3.7/site-packages/airflow/example_dags/tutorial_dag.py for tasks to queue
[2025-01-27T09:08:26.482+0000] {logging_mixin.py:120} INFO - [2025-01-27T09:08:26.482+0000] {dagbag.py:537} INFO - Filling up the DagBag from /home/airflow/.local/lib/python3.7/site-packages/airflow/example_dags/tutorial_dag.py
[2025-01-27T09:08:26.504+0000] {processor.py:766} INFO - DAG(s) dict_keys(['tutorial_dag']) retrieved from /home/airflow/.local/lib/python3.7/site-packages/airflow/example_dags/tutorial_dag.py
[2025-01-27T09:08:26.591+0000] {logging_mixin.py:120} INFO - [2025-01-27T09:08:26.590+0000] {dag.py:2585} INFO - Sync 1 DAGs
[2025-01-27T09:08:26.641+0000] {logging_mixin.py:120} INFO - [2025-01-27T09:08:26.640+0000] {dag.py:3340} INFO - Setting next_dagrun for tutorial_dag to None, run_after=None
[2025-01-27T09:08:26.684+0000] {processor.py:176} INFO - Processing /home/airflow/.local/lib/python3.7/site-packages/airflow/example_dags/tutorial_dag.py took 0.211 seconds
