[2025-01-27T08:34:06.272+0000] {processor.py:154} INFO - Started process (PID=95) to work on /home/airflow/.local/lib/python3.7/site-packages/airflow/example_dags/tutorial_taskflow_api.py
[2025-01-27T08:34:06.281+0000] {processor.py:756} INFO - Processing file /home/airflow/.local/lib/python3.7/site-packages/airflow/example_dags/tutorial_taskflow_api.py for tasks to queue
[2025-01-27T08:34:06.283+0000] {logging_mixin.py:120} INFO - [2025-01-27T08:34:06.283+0000] {dagbag.py:537} INFO - Filling up the DagBag from /home/airflow/.local/lib/python3.7/site-packages/airflow/example_dags/tutorial_taskflow_api.py
[2025-01-27T08:34:06.402+0000] {processor.py:766} INFO - DAG(s) dict_keys(['tutorial_taskflow_api']) retrieved from /home/airflow/.local/lib/python3.7/site-packages/airflow/example_dags/tutorial_taskflow_api.py
[2025-01-27T08:34:06.976+0000] {logging_mixin.py:120} INFO - [2025-01-27T08:34:06.975+0000] {manager.py:507} INFO - Created Permission View: can edit on DAG:tutorial_taskflow_api
[2025-01-27T08:34:07.014+0000] {logging_mixin.py:120} INFO - [2025-01-27T08:34:07.014+0000] {manager.py:507} INFO - Created Permission View: can read on DAG:tutorial_taskflow_api
[2025-01-27T08:34:07.040+0000] {logging_mixin.py:120} INFO - [2025-01-27T08:34:07.040+0000] {manager.py:507} INFO - Created Permission View: can delete on DAG:tutorial_taskflow_api
[2025-01-27T08:34:07.041+0000] {logging_mixin.py:120} INFO - [2025-01-27T08:34:07.041+0000] {dag.py:2585} INFO - Sync 1 DAGs
[2025-01-27T08:34:07.082+0000] {logging_mixin.py:120} INFO - [2025-01-27T08:34:07.082+0000] {dag.py:2606} INFO - Creating ORM DAG for tutorial_taskflow_api
[2025-01-27T08:34:07.140+0000] {logging_mixin.py:120} INFO - [2025-01-27T08:34:07.140+0000] {dag.py:3340} INFO - Setting next_dagrun for tutorial_taskflow_api to None, run_after=None
[2025-01-27T08:34:07.242+0000] {processor.py:176} INFO - Processing /home/airflow/.local/lib/python3.7/site-packages/airflow/example_dags/tutorial_taskflow_api.py took 1.020 seconds
[2025-01-27T08:34:37.335+0000] {processor.py:154} INFO - Started process (PID=149) to work on /home/airflow/.local/lib/python3.7/site-packages/airflow/example_dags/tutorial_taskflow_api.py
[2025-01-27T08:34:37.337+0000] {processor.py:756} INFO - Processing file /home/airflow/.local/lib/python3.7/site-packages/airflow/example_dags/tutorial_taskflow_api.py for tasks to queue
[2025-01-27T08:34:37.341+0000] {logging_mixin.py:120} INFO - [2025-01-27T08:34:37.340+0000] {dagbag.py:537} INFO - Filling up the DagBag from /home/airflow/.local/lib/python3.7/site-packages/airflow/example_dags/tutorial_taskflow_api.py
[2025-01-27T08:34:37.394+0000] {processor.py:766} INFO - DAG(s) dict_keys(['tutorial_taskflow_api']) retrieved from /home/airflow/.local/lib/python3.7/site-packages/airflow/example_dags/tutorial_taskflow_api.py
[2025-01-27T08:34:37.492+0000] {logging_mixin.py:120} INFO - [2025-01-27T08:34:37.491+0000] {dag.py:2585} INFO - Sync 1 DAGs
[2025-01-27T08:34:37.561+0000] {logging_mixin.py:120} INFO - [2025-01-27T08:34:37.560+0000] {dag.py:3340} INFO - Setting next_dagrun for tutorial_taskflow_api to None, run_after=None
[2025-01-27T08:34:37.607+0000] {processor.py:176} INFO - Processing /home/airflow/.local/lib/python3.7/site-packages/airflow/example_dags/tutorial_taskflow_api.py took 0.279 seconds
[2025-01-27T08:35:07.904+0000] {processor.py:154} INFO - Started process (PID=213) to work on /home/airflow/.local/lib/python3.7/site-packages/airflow/example_dags/tutorial_taskflow_api.py
[2025-01-27T08:35:07.905+0000] {processor.py:756} INFO - Processing file /home/airflow/.local/lib/python3.7/site-packages/airflow/example_dags/tutorial_taskflow_api.py for tasks to queue
[2025-01-27T08:35:07.907+0000] {logging_mixin.py:120} INFO - [2025-01-27T08:35:07.906+0000] {dagbag.py:537} INFO - Filling up the DagBag from /home/airflow/.local/lib/python3.7/site-packages/airflow/example_dags/tutorial_taskflow_api.py
[2025-01-27T08:35:07.940+0000] {processor.py:766} INFO - DAG(s) dict_keys(['tutorial_taskflow_api']) retrieved from /home/airflow/.local/lib/python3.7/site-packages/airflow/example_dags/tutorial_taskflow_api.py
[2025-01-27T08:35:08.009+0000] {logging_mixin.py:120} INFO - [2025-01-27T08:35:08.009+0000] {dag.py:2585} INFO - Sync 1 DAGs
[2025-01-27T08:35:08.049+0000] {logging_mixin.py:120} INFO - [2025-01-27T08:35:08.049+0000] {dag.py:3340} INFO - Setting next_dagrun for tutorial_taskflow_api to None, run_after=None
[2025-01-27T08:35:08.080+0000] {processor.py:176} INFO - Processing /home/airflow/.local/lib/python3.7/site-packages/airflow/example_dags/tutorial_taskflow_api.py took 0.181 seconds
[2025-01-27T08:35:38.515+0000] {processor.py:154} INFO - Started process (PID=266) to work on /home/airflow/.local/lib/python3.7/site-packages/airflow/example_dags/tutorial_taskflow_api.py
[2025-01-27T08:35:38.517+0000] {processor.py:756} INFO - Processing file /home/airflow/.local/lib/python3.7/site-packages/airflow/example_dags/tutorial_taskflow_api.py for tasks to queue
[2025-01-27T08:35:38.518+0000] {logging_mixin.py:120} INFO - [2025-01-27T08:35:38.518+0000] {dagbag.py:537} INFO - Filling up the DagBag from /home/airflow/.local/lib/python3.7/site-packages/airflow/example_dags/tutorial_taskflow_api.py
[2025-01-27T08:35:38.559+0000] {processor.py:766} INFO - DAG(s) dict_keys(['tutorial_taskflow_api']) retrieved from /home/airflow/.local/lib/python3.7/site-packages/airflow/example_dags/tutorial_taskflow_api.py
[2025-01-27T08:35:38.639+0000] {logging_mixin.py:120} INFO - [2025-01-27T08:35:38.639+0000] {dag.py:2585} INFO - Sync 1 DAGs
[2025-01-27T08:35:38.682+0000] {logging_mixin.py:120} INFO - [2025-01-27T08:35:38.682+0000] {dag.py:3340} INFO - Setting next_dagrun for tutorial_taskflow_api to None, run_after=None
[2025-01-27T08:35:38.717+0000] {processor.py:176} INFO - Processing /home/airflow/.local/lib/python3.7/site-packages/airflow/example_dags/tutorial_taskflow_api.py took 0.207 seconds
[2025-01-27T08:36:09.308+0000] {processor.py:154} INFO - Started process (PID=328) to work on /home/airflow/.local/lib/python3.7/site-packages/airflow/example_dags/tutorial_taskflow_api.py
[2025-01-27T08:36:09.310+0000] {processor.py:756} INFO - Processing file /home/airflow/.local/lib/python3.7/site-packages/airflow/example_dags/tutorial_taskflow_api.py for tasks to queue
[2025-01-27T08:36:09.312+0000] {logging_mixin.py:120} INFO - [2025-01-27T08:36:09.311+0000] {dagbag.py:537} INFO - Filling up the DagBag from /home/airflow/.local/lib/python3.7/site-packages/airflow/example_dags/tutorial_taskflow_api.py
[2025-01-27T08:36:09.350+0000] {processor.py:766} INFO - DAG(s) dict_keys(['tutorial_taskflow_api']) retrieved from /home/airflow/.local/lib/python3.7/site-packages/airflow/example_dags/tutorial_taskflow_api.py
[2025-01-27T08:36:09.415+0000] {logging_mixin.py:120} INFO - [2025-01-27T08:36:09.415+0000] {dag.py:2585} INFO - Sync 1 DAGs
[2025-01-27T08:36:09.458+0000] {logging_mixin.py:120} INFO - [2025-01-27T08:36:09.458+0000] {dag.py:3340} INFO - Setting next_dagrun for tutorial_taskflow_api to None, run_after=None
[2025-01-27T08:36:09.490+0000] {processor.py:176} INFO - Processing /home/airflow/.local/lib/python3.7/site-packages/airflow/example_dags/tutorial_taskflow_api.py took 0.189 seconds
[2025-01-27T08:36:40.153+0000] {processor.py:154} INFO - Started process (PID=382) to work on /home/airflow/.local/lib/python3.7/site-packages/airflow/example_dags/tutorial_taskflow_api.py
[2025-01-27T08:36:40.154+0000] {processor.py:756} INFO - Processing file /home/airflow/.local/lib/python3.7/site-packages/airflow/example_dags/tutorial_taskflow_api.py for tasks to queue
[2025-01-27T08:36:40.155+0000] {logging_mixin.py:120} INFO - [2025-01-27T08:36:40.155+0000] {dagbag.py:537} INFO - Filling up the DagBag from /home/airflow/.local/lib/python3.7/site-packages/airflow/example_dags/tutorial_taskflow_api.py
[2025-01-27T08:36:40.193+0000] {processor.py:766} INFO - DAG(s) dict_keys(['tutorial_taskflow_api']) retrieved from /home/airflow/.local/lib/python3.7/site-packages/airflow/example_dags/tutorial_taskflow_api.py
[2025-01-27T08:36:40.265+0000] {logging_mixin.py:120} INFO - [2025-01-27T08:36:40.265+0000] {dag.py:2585} INFO - Sync 1 DAGs
[2025-01-27T08:36:40.314+0000] {logging_mixin.py:120} INFO - [2025-01-27T08:36:40.313+0000] {dag.py:3340} INFO - Setting next_dagrun for tutorial_taskflow_api to None, run_after=None
[2025-01-27T08:36:40.349+0000] {processor.py:176} INFO - Processing /home/airflow/.local/lib/python3.7/site-packages/airflow/example_dags/tutorial_taskflow_api.py took 0.202 seconds
[2025-01-27T08:37:10.639+0000] {processor.py:154} INFO - Started process (PID=445) to work on /home/airflow/.local/lib/python3.7/site-packages/airflow/example_dags/tutorial_taskflow_api.py
[2025-01-27T08:37:10.643+0000] {processor.py:756} INFO - Processing file /home/airflow/.local/lib/python3.7/site-packages/airflow/example_dags/tutorial_taskflow_api.py for tasks to queue
[2025-01-27T08:37:10.645+0000] {logging_mixin.py:120} INFO - [2025-01-27T08:37:10.645+0000] {dagbag.py:537} INFO - Filling up the DagBag from /home/airflow/.local/lib/python3.7/site-packages/airflow/example_dags/tutorial_taskflow_api.py
[2025-01-27T08:37:10.682+0000] {processor.py:766} INFO - DAG(s) dict_keys(['tutorial_taskflow_api']) retrieved from /home/airflow/.local/lib/python3.7/site-packages/airflow/example_dags/tutorial_taskflow_api.py
[2025-01-27T08:37:10.767+0000] {logging_mixin.py:120} INFO - [2025-01-27T08:37:10.767+0000] {dag.py:2585} INFO - Sync 1 DAGs
[2025-01-27T08:37:10.824+0000] {logging_mixin.py:120} INFO - [2025-01-27T08:37:10.824+0000] {dag.py:3340} INFO - Setting next_dagrun for tutorial_taskflow_api to None, run_after=None
[2025-01-27T08:37:10.859+0000] {processor.py:176} INFO - Processing /home/airflow/.local/lib/python3.7/site-packages/airflow/example_dags/tutorial_taskflow_api.py took 0.228 seconds
[2025-01-27T08:37:41.477+0000] {processor.py:154} INFO - Started process (PID=499) to work on /home/airflow/.local/lib/python3.7/site-packages/airflow/example_dags/tutorial_taskflow_api.py
[2025-01-27T08:37:41.478+0000] {processor.py:756} INFO - Processing file /home/airflow/.local/lib/python3.7/site-packages/airflow/example_dags/tutorial_taskflow_api.py for tasks to queue
[2025-01-27T08:37:41.480+0000] {logging_mixin.py:120} INFO - [2025-01-27T08:37:41.480+0000] {dagbag.py:537} INFO - Filling up the DagBag from /home/airflow/.local/lib/python3.7/site-packages/airflow/example_dags/tutorial_taskflow_api.py
[2025-01-27T08:37:41.524+0000] {processor.py:766} INFO - DAG(s) dict_keys(['tutorial_taskflow_api']) retrieved from /home/airflow/.local/lib/python3.7/site-packages/airflow/example_dags/tutorial_taskflow_api.py
[2025-01-27T08:37:41.612+0000] {logging_mixin.py:120} INFO - [2025-01-27T08:37:41.611+0000] {dag.py:2585} INFO - Sync 1 DAGs
[2025-01-27T08:37:41.664+0000] {logging_mixin.py:120} INFO - [2025-01-27T08:37:41.664+0000] {dag.py:3340} INFO - Setting next_dagrun for tutorial_taskflow_api to None, run_after=None
[2025-01-27T08:37:41.714+0000] {processor.py:176} INFO - Processing /home/airflow/.local/lib/python3.7/site-packages/airflow/example_dags/tutorial_taskflow_api.py took 0.245 seconds
[2025-01-27T08:38:12.154+0000] {processor.py:154} INFO - Started process (PID=561) to work on /home/airflow/.local/lib/python3.7/site-packages/airflow/example_dags/tutorial_taskflow_api.py
[2025-01-27T08:38:12.156+0000] {processor.py:756} INFO - Processing file /home/airflow/.local/lib/python3.7/site-packages/airflow/example_dags/tutorial_taskflow_api.py for tasks to queue
[2025-01-27T08:38:12.157+0000] {logging_mixin.py:120} INFO - [2025-01-27T08:38:12.157+0000] {dagbag.py:537} INFO - Filling up the DagBag from /home/airflow/.local/lib/python3.7/site-packages/airflow/example_dags/tutorial_taskflow_api.py
[2025-01-27T08:38:12.200+0000] {processor.py:766} INFO - DAG(s) dict_keys(['tutorial_taskflow_api']) retrieved from /home/airflow/.local/lib/python3.7/site-packages/airflow/example_dags/tutorial_taskflow_api.py
[2025-01-27T08:38:12.288+0000] {logging_mixin.py:120} INFO - [2025-01-27T08:38:12.287+0000] {dag.py:2585} INFO - Sync 1 DAGs
[2025-01-27T08:38:12.332+0000] {logging_mixin.py:120} INFO - [2025-01-27T08:38:12.331+0000] {dag.py:3340} INFO - Setting next_dagrun for tutorial_taskflow_api to None, run_after=None
[2025-01-27T08:38:12.368+0000] {processor.py:176} INFO - Processing /home/airflow/.local/lib/python3.7/site-packages/airflow/example_dags/tutorial_taskflow_api.py took 0.220 seconds
[2025-01-27T08:38:42.752+0000] {processor.py:154} INFO - Started process (PID=615) to work on /home/airflow/.local/lib/python3.7/site-packages/airflow/example_dags/tutorial_taskflow_api.py
[2025-01-27T08:38:42.754+0000] {processor.py:756} INFO - Processing file /home/airflow/.local/lib/python3.7/site-packages/airflow/example_dags/tutorial_taskflow_api.py for tasks to queue
[2025-01-27T08:38:42.755+0000] {logging_mixin.py:120} INFO - [2025-01-27T08:38:42.755+0000] {dagbag.py:537} INFO - Filling up the DagBag from /home/airflow/.local/lib/python3.7/site-packages/airflow/example_dags/tutorial_taskflow_api.py
[2025-01-27T08:38:42.797+0000] {processor.py:766} INFO - DAG(s) dict_keys(['tutorial_taskflow_api']) retrieved from /home/airflow/.local/lib/python3.7/site-packages/airflow/example_dags/tutorial_taskflow_api.py
[2025-01-27T08:38:42.887+0000] {logging_mixin.py:120} INFO - [2025-01-27T08:38:42.887+0000] {dag.py:2585} INFO - Sync 1 DAGs
[2025-01-27T08:38:42.936+0000] {logging_mixin.py:120} INFO - [2025-01-27T08:38:42.936+0000] {dag.py:3340} INFO - Setting next_dagrun for tutorial_taskflow_api to None, run_after=None
[2025-01-27T08:38:42.975+0000] {processor.py:176} INFO - Processing /home/airflow/.local/lib/python3.7/site-packages/airflow/example_dags/tutorial_taskflow_api.py took 0.228 seconds
[2025-01-27T08:39:13.140+0000] {processor.py:154} INFO - Started process (PID=675) to work on /home/airflow/.local/lib/python3.7/site-packages/airflow/example_dags/tutorial_taskflow_api.py
[2025-01-27T08:39:13.142+0000] {processor.py:756} INFO - Processing file /home/airflow/.local/lib/python3.7/site-packages/airflow/example_dags/tutorial_taskflow_api.py for tasks to queue
[2025-01-27T08:39:13.144+0000] {logging_mixin.py:120} INFO - [2025-01-27T08:39:13.143+0000] {dagbag.py:537} INFO - Filling up the DagBag from /home/airflow/.local/lib/python3.7/site-packages/airflow/example_dags/tutorial_taskflow_api.py
[2025-01-27T08:39:13.186+0000] {processor.py:766} INFO - DAG(s) dict_keys(['tutorial_taskflow_api']) retrieved from /home/airflow/.local/lib/python3.7/site-packages/airflow/example_dags/tutorial_taskflow_api.py
[2025-01-27T08:39:13.266+0000] {logging_mixin.py:120} INFO - [2025-01-27T08:39:13.265+0000] {dag.py:2585} INFO - Sync 1 DAGs
[2025-01-27T08:39:13.313+0000] {logging_mixin.py:120} INFO - [2025-01-27T08:39:13.313+0000] {dag.py:3340} INFO - Setting next_dagrun for tutorial_taskflow_api to None, run_after=None
[2025-01-27T08:39:13.352+0000] {processor.py:176} INFO - Processing /home/airflow/.local/lib/python3.7/site-packages/airflow/example_dags/tutorial_taskflow_api.py took 0.219 seconds
[2025-01-27T08:39:44.299+0000] {processor.py:154} INFO - Started process (PID=731) to work on /home/airflow/.local/lib/python3.7/site-packages/airflow/example_dags/tutorial_taskflow_api.py
[2025-01-27T08:39:44.301+0000] {processor.py:756} INFO - Processing file /home/airflow/.local/lib/python3.7/site-packages/airflow/example_dags/tutorial_taskflow_api.py for tasks to queue
[2025-01-27T08:39:44.303+0000] {logging_mixin.py:120} INFO - [2025-01-27T08:39:44.302+0000] {dagbag.py:537} INFO - Filling up the DagBag from /home/airflow/.local/lib/python3.7/site-packages/airflow/example_dags/tutorial_taskflow_api.py
[2025-01-27T08:39:44.341+0000] {processor.py:766} INFO - DAG(s) dict_keys(['tutorial_taskflow_api']) retrieved from /home/airflow/.local/lib/python3.7/site-packages/airflow/example_dags/tutorial_taskflow_api.py
[2025-01-27T08:39:44.415+0000] {logging_mixin.py:120} INFO - [2025-01-27T08:39:44.415+0000] {dag.py:2585} INFO - Sync 1 DAGs
[2025-01-27T08:39:44.459+0000] {logging_mixin.py:120} INFO - [2025-01-27T08:39:44.458+0000] {dag.py:3340} INFO - Setting next_dagrun for tutorial_taskflow_api to None, run_after=None
[2025-01-27T08:39:44.494+0000] {processor.py:176} INFO - Processing /home/airflow/.local/lib/python3.7/site-packages/airflow/example_dags/tutorial_taskflow_api.py took 0.200 seconds
[2025-01-27T08:40:14.930+0000] {processor.py:154} INFO - Started process (PID=794) to work on /home/airflow/.local/lib/python3.7/site-packages/airflow/example_dags/tutorial_taskflow_api.py
[2025-01-27T08:40:14.932+0000] {processor.py:756} INFO - Processing file /home/airflow/.local/lib/python3.7/site-packages/airflow/example_dags/tutorial_taskflow_api.py for tasks to queue
[2025-01-27T08:40:14.934+0000] {logging_mixin.py:120} INFO - [2025-01-27T08:40:14.933+0000] {dagbag.py:537} INFO - Filling up the DagBag from /home/airflow/.local/lib/python3.7/site-packages/airflow/example_dags/tutorial_taskflow_api.py
[2025-01-27T08:40:14.984+0000] {processor.py:766} INFO - DAG(s) dict_keys(['tutorial_taskflow_api']) retrieved from /home/airflow/.local/lib/python3.7/site-packages/airflow/example_dags/tutorial_taskflow_api.py
[2025-01-27T08:40:15.058+0000] {logging_mixin.py:120} INFO - [2025-01-27T08:40:15.058+0000] {dag.py:2585} INFO - Sync 1 DAGs
[2025-01-27T08:40:15.103+0000] {logging_mixin.py:120} INFO - [2025-01-27T08:40:15.103+0000] {dag.py:3340} INFO - Setting next_dagrun for tutorial_taskflow_api to None, run_after=None
[2025-01-27T08:40:15.166+0000] {processor.py:176} INFO - Processing /home/airflow/.local/lib/python3.7/site-packages/airflow/example_dags/tutorial_taskflow_api.py took 0.241 seconds
[2025-01-27T08:40:45.619+0000] {processor.py:154} INFO - Started process (PID=848) to work on /home/airflow/.local/lib/python3.7/site-packages/airflow/example_dags/tutorial_taskflow_api.py
[2025-01-27T08:40:45.621+0000] {processor.py:756} INFO - Processing file /home/airflow/.local/lib/python3.7/site-packages/airflow/example_dags/tutorial_taskflow_api.py for tasks to queue
[2025-01-27T08:40:45.622+0000] {logging_mixin.py:120} INFO - [2025-01-27T08:40:45.622+0000] {dagbag.py:537} INFO - Filling up the DagBag from /home/airflow/.local/lib/python3.7/site-packages/airflow/example_dags/tutorial_taskflow_api.py
[2025-01-27T08:40:45.663+0000] {processor.py:766} INFO - DAG(s) dict_keys(['tutorial_taskflow_api']) retrieved from /home/airflow/.local/lib/python3.7/site-packages/airflow/example_dags/tutorial_taskflow_api.py
[2025-01-27T08:40:45.740+0000] {logging_mixin.py:120} INFO - [2025-01-27T08:40:45.740+0000] {dag.py:2585} INFO - Sync 1 DAGs
[2025-01-27T08:40:45.797+0000] {logging_mixin.py:120} INFO - [2025-01-27T08:40:45.797+0000] {dag.py:3340} INFO - Setting next_dagrun for tutorial_taskflow_api to None, run_after=None
[2025-01-27T08:40:45.849+0000] {processor.py:176} INFO - Processing /home/airflow/.local/lib/python3.7/site-packages/airflow/example_dags/tutorial_taskflow_api.py took 0.237 seconds
[2025-01-27T08:41:16.459+0000] {processor.py:154} INFO - Started process (PID=911) to work on /home/airflow/.local/lib/python3.7/site-packages/airflow/example_dags/tutorial_taskflow_api.py
[2025-01-27T08:41:16.461+0000] {processor.py:756} INFO - Processing file /home/airflow/.local/lib/python3.7/site-packages/airflow/example_dags/tutorial_taskflow_api.py for tasks to queue
[2025-01-27T08:41:16.462+0000] {logging_mixin.py:120} INFO - [2025-01-27T08:41:16.462+0000] {dagbag.py:537} INFO - Filling up the DagBag from /home/airflow/.local/lib/python3.7/site-packages/airflow/example_dags/tutorial_taskflow_api.py
[2025-01-27T08:41:16.498+0000] {processor.py:766} INFO - DAG(s) dict_keys(['tutorial_taskflow_api']) retrieved from /home/airflow/.local/lib/python3.7/site-packages/airflow/example_dags/tutorial_taskflow_api.py
[2025-01-27T08:41:16.587+0000] {logging_mixin.py:120} INFO - [2025-01-27T08:41:16.587+0000] {dag.py:2585} INFO - Sync 1 DAGs
[2025-01-27T08:41:16.633+0000] {logging_mixin.py:120} INFO - [2025-01-27T08:41:16.633+0000] {dag.py:3340} INFO - Setting next_dagrun for tutorial_taskflow_api to None, run_after=None
[2025-01-27T08:41:16.669+0000] {processor.py:176} INFO - Processing /home/airflow/.local/lib/python3.7/site-packages/airflow/example_dags/tutorial_taskflow_api.py took 0.214 seconds
[2025-01-27T08:41:47.126+0000] {processor.py:154} INFO - Started process (PID=964) to work on /home/airflow/.local/lib/python3.7/site-packages/airflow/example_dags/tutorial_taskflow_api.py
[2025-01-27T08:41:47.128+0000] {processor.py:756} INFO - Processing file /home/airflow/.local/lib/python3.7/site-packages/airflow/example_dags/tutorial_taskflow_api.py for tasks to queue
[2025-01-27T08:41:47.129+0000] {logging_mixin.py:120} INFO - [2025-01-27T08:41:47.129+0000] {dagbag.py:537} INFO - Filling up the DagBag from /home/airflow/.local/lib/python3.7/site-packages/airflow/example_dags/tutorial_taskflow_api.py
[2025-01-27T08:41:47.167+0000] {processor.py:766} INFO - DAG(s) dict_keys(['tutorial_taskflow_api']) retrieved from /home/airflow/.local/lib/python3.7/site-packages/airflow/example_dags/tutorial_taskflow_api.py
[2025-01-27T08:41:47.252+0000] {logging_mixin.py:120} INFO - [2025-01-27T08:41:47.252+0000] {dag.py:2585} INFO - Sync 1 DAGs
[2025-01-27T08:41:47.300+0000] {logging_mixin.py:120} INFO - [2025-01-27T08:41:47.299+0000] {dag.py:3340} INFO - Setting next_dagrun for tutorial_taskflow_api to None, run_after=None
[2025-01-27T08:41:47.337+0000] {processor.py:176} INFO - Processing /home/airflow/.local/lib/python3.7/site-packages/airflow/example_dags/tutorial_taskflow_api.py took 0.218 seconds
[2025-01-27T08:42:17.646+0000] {processor.py:154} INFO - Started process (PID=1024) to work on /home/airflow/.local/lib/python3.7/site-packages/airflow/example_dags/tutorial_taskflow_api.py
[2025-01-27T08:42:17.648+0000] {processor.py:756} INFO - Processing file /home/airflow/.local/lib/python3.7/site-packages/airflow/example_dags/tutorial_taskflow_api.py for tasks to queue
[2025-01-27T08:42:17.649+0000] {logging_mixin.py:120} INFO - [2025-01-27T08:42:17.649+0000] {dagbag.py:537} INFO - Filling up the DagBag from /home/airflow/.local/lib/python3.7/site-packages/airflow/example_dags/tutorial_taskflow_api.py
[2025-01-27T08:42:17.695+0000] {processor.py:766} INFO - DAG(s) dict_keys(['tutorial_taskflow_api']) retrieved from /home/airflow/.local/lib/python3.7/site-packages/airflow/example_dags/tutorial_taskflow_api.py
[2025-01-27T08:42:17.796+0000] {logging_mixin.py:120} INFO - [2025-01-27T08:42:17.796+0000] {dag.py:2585} INFO - Sync 1 DAGs
[2025-01-27T08:42:17.859+0000] {logging_mixin.py:120} INFO - [2025-01-27T08:42:17.859+0000] {dag.py:3340} INFO - Setting next_dagrun for tutorial_taskflow_api to None, run_after=None
[2025-01-27T08:42:17.915+0000] {processor.py:176} INFO - Processing /home/airflow/.local/lib/python3.7/site-packages/airflow/example_dags/tutorial_taskflow_api.py took 0.276 seconds
[2025-01-27T08:42:48.430+0000] {processor.py:154} INFO - Started process (PID=1080) to work on /home/airflow/.local/lib/python3.7/site-packages/airflow/example_dags/tutorial_taskflow_api.py
[2025-01-27T08:42:48.432+0000] {processor.py:756} INFO - Processing file /home/airflow/.local/lib/python3.7/site-packages/airflow/example_dags/tutorial_taskflow_api.py for tasks to queue
[2025-01-27T08:42:48.433+0000] {logging_mixin.py:120} INFO - [2025-01-27T08:42:48.433+0000] {dagbag.py:537} INFO - Filling up the DagBag from /home/airflow/.local/lib/python3.7/site-packages/airflow/example_dags/tutorial_taskflow_api.py
[2025-01-27T08:42:48.479+0000] {processor.py:766} INFO - DAG(s) dict_keys(['tutorial_taskflow_api']) retrieved from /home/airflow/.local/lib/python3.7/site-packages/airflow/example_dags/tutorial_taskflow_api.py
[2025-01-27T08:42:48.563+0000] {logging_mixin.py:120} INFO - [2025-01-27T08:42:48.562+0000] {dag.py:2585} INFO - Sync 1 DAGs
[2025-01-27T08:42:48.623+0000] {logging_mixin.py:120} INFO - [2025-01-27T08:42:48.623+0000] {dag.py:3340} INFO - Setting next_dagrun for tutorial_taskflow_api to None, run_after=None
[2025-01-27T08:42:48.667+0000] {processor.py:176} INFO - Processing /home/airflow/.local/lib/python3.7/site-packages/airflow/example_dags/tutorial_taskflow_api.py took 0.243 seconds
[2025-01-27T08:43:19.051+0000] {processor.py:154} INFO - Started process (PID=1133) to work on /home/airflow/.local/lib/python3.7/site-packages/airflow/example_dags/tutorial_taskflow_api.py
[2025-01-27T08:43:19.053+0000] {processor.py:756} INFO - Processing file /home/airflow/.local/lib/python3.7/site-packages/airflow/example_dags/tutorial_taskflow_api.py for tasks to queue
[2025-01-27T08:43:19.054+0000] {logging_mixin.py:120} INFO - [2025-01-27T08:43:19.054+0000] {dagbag.py:537} INFO - Filling up the DagBag from /home/airflow/.local/lib/python3.7/site-packages/airflow/example_dags/tutorial_taskflow_api.py
[2025-01-27T08:43:19.092+0000] {processor.py:766} INFO - DAG(s) dict_keys(['tutorial_taskflow_api']) retrieved from /home/airflow/.local/lib/python3.7/site-packages/airflow/example_dags/tutorial_taskflow_api.py
[2025-01-27T08:43:19.188+0000] {logging_mixin.py:120} INFO - [2025-01-27T08:43:19.187+0000] {dag.py:2585} INFO - Sync 1 DAGs
[2025-01-27T08:43:19.246+0000] {logging_mixin.py:120} INFO - [2025-01-27T08:43:19.246+0000] {dag.py:3340} INFO - Setting next_dagrun for tutorial_taskflow_api to None, run_after=None
[2025-01-27T08:43:19.285+0000] {processor.py:176} INFO - Processing /home/airflow/.local/lib/python3.7/site-packages/airflow/example_dags/tutorial_taskflow_api.py took 0.240 seconds
[2025-01-27T08:43:49.533+0000] {processor.py:154} INFO - Started process (PID=1194) to work on /home/airflow/.local/lib/python3.7/site-packages/airflow/example_dags/tutorial_taskflow_api.py
[2025-01-27T08:43:49.534+0000] {processor.py:756} INFO - Processing file /home/airflow/.local/lib/python3.7/site-packages/airflow/example_dags/tutorial_taskflow_api.py for tasks to queue
[2025-01-27T08:43:49.536+0000] {logging_mixin.py:120} INFO - [2025-01-27T08:43:49.535+0000] {dagbag.py:537} INFO - Filling up the DagBag from /home/airflow/.local/lib/python3.7/site-packages/airflow/example_dags/tutorial_taskflow_api.py
[2025-01-27T08:43:49.577+0000] {processor.py:766} INFO - DAG(s) dict_keys(['tutorial_taskflow_api']) retrieved from /home/airflow/.local/lib/python3.7/site-packages/airflow/example_dags/tutorial_taskflow_api.py
[2025-01-27T08:43:49.658+0000] {logging_mixin.py:120} INFO - [2025-01-27T08:43:49.657+0000] {dag.py:2585} INFO - Sync 1 DAGs
[2025-01-27T08:43:49.709+0000] {logging_mixin.py:120} INFO - [2025-01-27T08:43:49.709+0000] {dag.py:3340} INFO - Setting next_dagrun for tutorial_taskflow_api to None, run_after=None
[2025-01-27T08:43:49.742+0000] {processor.py:176} INFO - Processing /home/airflow/.local/lib/python3.7/site-packages/airflow/example_dags/tutorial_taskflow_api.py took 0.214 seconds
[2025-01-27T08:44:20.118+0000] {processor.py:154} INFO - Started process (PID=1248) to work on /home/airflow/.local/lib/python3.7/site-packages/airflow/example_dags/tutorial_taskflow_api.py
[2025-01-27T08:44:20.120+0000] {processor.py:756} INFO - Processing file /home/airflow/.local/lib/python3.7/site-packages/airflow/example_dags/tutorial_taskflow_api.py for tasks to queue
[2025-01-27T08:44:20.122+0000] {logging_mixin.py:120} INFO - [2025-01-27T08:44:20.122+0000] {dagbag.py:537} INFO - Filling up the DagBag from /home/airflow/.local/lib/python3.7/site-packages/airflow/example_dags/tutorial_taskflow_api.py
[2025-01-27T08:44:20.157+0000] {processor.py:766} INFO - DAG(s) dict_keys(['tutorial_taskflow_api']) retrieved from /home/airflow/.local/lib/python3.7/site-packages/airflow/example_dags/tutorial_taskflow_api.py
[2025-01-27T08:44:20.243+0000] {logging_mixin.py:120} INFO - [2025-01-27T08:44:20.243+0000] {dag.py:2585} INFO - Sync 1 DAGs
[2025-01-27T08:44:20.298+0000] {logging_mixin.py:120} INFO - [2025-01-27T08:44:20.298+0000] {dag.py:3340} INFO - Setting next_dagrun for tutorial_taskflow_api to None, run_after=None
[2025-01-27T08:44:20.333+0000] {processor.py:176} INFO - Processing /home/airflow/.local/lib/python3.7/site-packages/airflow/example_dags/tutorial_taskflow_api.py took 0.224 seconds
[2025-01-27T08:44:50.466+0000] {processor.py:154} INFO - Started process (PID=1311) to work on /home/airflow/.local/lib/python3.7/site-packages/airflow/example_dags/tutorial_taskflow_api.py
[2025-01-27T08:44:50.468+0000] {processor.py:756} INFO - Processing file /home/airflow/.local/lib/python3.7/site-packages/airflow/example_dags/tutorial_taskflow_api.py for tasks to queue
[2025-01-27T08:44:50.469+0000] {logging_mixin.py:120} INFO - [2025-01-27T08:44:50.469+0000] {dagbag.py:537} INFO - Filling up the DagBag from /home/airflow/.local/lib/python3.7/site-packages/airflow/example_dags/tutorial_taskflow_api.py
[2025-01-27T08:44:50.514+0000] {processor.py:766} INFO - DAG(s) dict_keys(['tutorial_taskflow_api']) retrieved from /home/airflow/.local/lib/python3.7/site-packages/airflow/example_dags/tutorial_taskflow_api.py
[2025-01-27T08:44:50.603+0000] {logging_mixin.py:120} INFO - [2025-01-27T08:44:50.602+0000] {dag.py:2585} INFO - Sync 1 DAGs
[2025-01-27T08:44:50.646+0000] {logging_mixin.py:120} INFO - [2025-01-27T08:44:50.646+0000] {dag.py:3340} INFO - Setting next_dagrun for tutorial_taskflow_api to None, run_after=None
[2025-01-27T08:44:50.683+0000] {processor.py:176} INFO - Processing /home/airflow/.local/lib/python3.7/site-packages/airflow/example_dags/tutorial_taskflow_api.py took 0.222 seconds
[2025-01-27T08:45:21.497+0000] {processor.py:154} INFO - Started process (PID=1366) to work on /home/airflow/.local/lib/python3.7/site-packages/airflow/example_dags/tutorial_taskflow_api.py
[2025-01-27T08:45:21.499+0000] {processor.py:756} INFO - Processing file /home/airflow/.local/lib/python3.7/site-packages/airflow/example_dags/tutorial_taskflow_api.py for tasks to queue
[2025-01-27T08:45:21.501+0000] {logging_mixin.py:120} INFO - [2025-01-27T08:45:21.501+0000] {dagbag.py:537} INFO - Filling up the DagBag from /home/airflow/.local/lib/python3.7/site-packages/airflow/example_dags/tutorial_taskflow_api.py
[2025-01-27T08:45:21.545+0000] {processor.py:766} INFO - DAG(s) dict_keys(['tutorial_taskflow_api']) retrieved from /home/airflow/.local/lib/python3.7/site-packages/airflow/example_dags/tutorial_taskflow_api.py
[2025-01-27T08:45:21.625+0000] {logging_mixin.py:120} INFO - [2025-01-27T08:45:21.624+0000] {dag.py:2585} INFO - Sync 1 DAGs
[2025-01-27T08:45:21.675+0000] {logging_mixin.py:120} INFO - [2025-01-27T08:45:21.675+0000] {dag.py:3340} INFO - Setting next_dagrun for tutorial_taskflow_api to None, run_after=None
[2025-01-27T08:45:21.715+0000] {processor.py:176} INFO - Processing /home/airflow/.local/lib/python3.7/site-packages/airflow/example_dags/tutorial_taskflow_api.py took 0.225 seconds
[2025-01-27T08:45:52.725+0000] {processor.py:154} INFO - Started process (PID=1428) to work on /home/airflow/.local/lib/python3.7/site-packages/airflow/example_dags/tutorial_taskflow_api.py
[2025-01-27T08:45:52.727+0000] {processor.py:756} INFO - Processing file /home/airflow/.local/lib/python3.7/site-packages/airflow/example_dags/tutorial_taskflow_api.py for tasks to queue
[2025-01-27T08:45:52.729+0000] {logging_mixin.py:120} INFO - [2025-01-27T08:45:52.728+0000] {dagbag.py:537} INFO - Filling up the DagBag from /home/airflow/.local/lib/python3.7/site-packages/airflow/example_dags/tutorial_taskflow_api.py
[2025-01-27T08:45:52.781+0000] {processor.py:766} INFO - DAG(s) dict_keys(['tutorial_taskflow_api']) retrieved from /home/airflow/.local/lib/python3.7/site-packages/airflow/example_dags/tutorial_taskflow_api.py
[2025-01-27T08:45:52.880+0000] {logging_mixin.py:120} INFO - [2025-01-27T08:45:52.879+0000] {dag.py:2585} INFO - Sync 1 DAGs
[2025-01-27T08:45:52.943+0000] {logging_mixin.py:120} INFO - [2025-01-27T08:45:52.943+0000] {dag.py:3340} INFO - Setting next_dagrun for tutorial_taskflow_api to None, run_after=None
[2025-01-27T08:45:52.993+0000] {processor.py:176} INFO - Processing /home/airflow/.local/lib/python3.7/site-packages/airflow/example_dags/tutorial_taskflow_api.py took 0.275 seconds
[2025-01-27T08:46:23.295+0000] {processor.py:154} INFO - Started process (PID=1481) to work on /home/airflow/.local/lib/python3.7/site-packages/airflow/example_dags/tutorial_taskflow_api.py
[2025-01-27T08:46:23.296+0000] {processor.py:756} INFO - Processing file /home/airflow/.local/lib/python3.7/site-packages/airflow/example_dags/tutorial_taskflow_api.py for tasks to queue
[2025-01-27T08:46:23.297+0000] {logging_mixin.py:120} INFO - [2025-01-27T08:46:23.297+0000] {dagbag.py:537} INFO - Filling up the DagBag from /home/airflow/.local/lib/python3.7/site-packages/airflow/example_dags/tutorial_taskflow_api.py
[2025-01-27T08:46:23.335+0000] {processor.py:766} INFO - DAG(s) dict_keys(['tutorial_taskflow_api']) retrieved from /home/airflow/.local/lib/python3.7/site-packages/airflow/example_dags/tutorial_taskflow_api.py
[2025-01-27T08:46:23.418+0000] {logging_mixin.py:120} INFO - [2025-01-27T08:46:23.417+0000] {dag.py:2585} INFO - Sync 1 DAGs
[2025-01-27T08:46:23.464+0000] {logging_mixin.py:120} INFO - [2025-01-27T08:46:23.464+0000] {dag.py:3340} INFO - Setting next_dagrun for tutorial_taskflow_api to None, run_after=None
[2025-01-27T08:46:23.503+0000] {processor.py:176} INFO - Processing /home/airflow/.local/lib/python3.7/site-packages/airflow/example_dags/tutorial_taskflow_api.py took 0.214 seconds
[2025-01-27T08:46:53.889+0000] {processor.py:154} INFO - Started process (PID=1544) to work on /home/airflow/.local/lib/python3.7/site-packages/airflow/example_dags/tutorial_taskflow_api.py
[2025-01-27T08:46:53.891+0000] {processor.py:756} INFO - Processing file /home/airflow/.local/lib/python3.7/site-packages/airflow/example_dags/tutorial_taskflow_api.py for tasks to queue
[2025-01-27T08:46:53.893+0000] {logging_mixin.py:120} INFO - [2025-01-27T08:46:53.892+0000] {dagbag.py:537} INFO - Filling up the DagBag from /home/airflow/.local/lib/python3.7/site-packages/airflow/example_dags/tutorial_taskflow_api.py
[2025-01-27T08:46:53.937+0000] {processor.py:766} INFO - DAG(s) dict_keys(['tutorial_taskflow_api']) retrieved from /home/airflow/.local/lib/python3.7/site-packages/airflow/example_dags/tutorial_taskflow_api.py
[2025-01-27T08:46:54.031+0000] {logging_mixin.py:120} INFO - [2025-01-27T08:46:54.031+0000] {dag.py:2585} INFO - Sync 1 DAGs
[2025-01-27T08:46:54.093+0000] {logging_mixin.py:120} INFO - [2025-01-27T08:46:54.093+0000] {dag.py:3340} INFO - Setting next_dagrun for tutorial_taskflow_api to None, run_after=None
[2025-01-27T08:46:54.141+0000] {processor.py:176} INFO - Processing /home/airflow/.local/lib/python3.7/site-packages/airflow/example_dags/tutorial_taskflow_api.py took 0.254 seconds
[2025-01-27T08:47:24.745+0000] {processor.py:154} INFO - Started process (PID=1597) to work on /home/airflow/.local/lib/python3.7/site-packages/airflow/example_dags/tutorial_taskflow_api.py
[2025-01-27T08:47:24.747+0000] {processor.py:756} INFO - Processing file /home/airflow/.local/lib/python3.7/site-packages/airflow/example_dags/tutorial_taskflow_api.py for tasks to queue
[2025-01-27T08:47:24.748+0000] {logging_mixin.py:120} INFO - [2025-01-27T08:47:24.748+0000] {dagbag.py:537} INFO - Filling up the DagBag from /home/airflow/.local/lib/python3.7/site-packages/airflow/example_dags/tutorial_taskflow_api.py
[2025-01-27T08:47:24.795+0000] {processor.py:766} INFO - DAG(s) dict_keys(['tutorial_taskflow_api']) retrieved from /home/airflow/.local/lib/python3.7/site-packages/airflow/example_dags/tutorial_taskflow_api.py
[2025-01-27T08:47:24.875+0000] {logging_mixin.py:120} INFO - [2025-01-27T08:47:24.875+0000] {dag.py:2585} INFO - Sync 1 DAGs
[2025-01-27T08:47:24.925+0000] {logging_mixin.py:120} INFO - [2025-01-27T08:47:24.925+0000] {dag.py:3340} INFO - Setting next_dagrun for tutorial_taskflow_api to None, run_after=None
[2025-01-27T08:47:24.967+0000] {processor.py:176} INFO - Processing /home/airflow/.local/lib/python3.7/site-packages/airflow/example_dags/tutorial_taskflow_api.py took 0.235 seconds
[2025-01-27T08:47:55.316+0000] {processor.py:154} INFO - Started process (PID=1652) to work on /home/airflow/.local/lib/python3.7/site-packages/airflow/example_dags/tutorial_taskflow_api.py
[2025-01-27T08:47:55.317+0000] {processor.py:756} INFO - Processing file /home/airflow/.local/lib/python3.7/site-packages/airflow/example_dags/tutorial_taskflow_api.py for tasks to queue
[2025-01-27T08:47:55.319+0000] {logging_mixin.py:120} INFO - [2025-01-27T08:47:55.318+0000] {dagbag.py:537} INFO - Filling up the DagBag from /home/airflow/.local/lib/python3.7/site-packages/airflow/example_dags/tutorial_taskflow_api.py
[2025-01-27T08:47:55.355+0000] {processor.py:766} INFO - DAG(s) dict_keys(['tutorial_taskflow_api']) retrieved from /home/airflow/.local/lib/python3.7/site-packages/airflow/example_dags/tutorial_taskflow_api.py
[2025-01-27T08:47:55.438+0000] {logging_mixin.py:120} INFO - [2025-01-27T08:47:55.437+0000] {dag.py:2585} INFO - Sync 1 DAGs
[2025-01-27T08:47:55.510+0000] {logging_mixin.py:120} INFO - [2025-01-27T08:47:55.510+0000] {dag.py:3340} INFO - Setting next_dagrun for tutorial_taskflow_api to None, run_after=None
[2025-01-27T08:47:55.563+0000] {processor.py:176} INFO - Processing /home/airflow/.local/lib/python3.7/site-packages/airflow/example_dags/tutorial_taskflow_api.py took 0.254 seconds
[2025-01-27T08:48:26.142+0000] {processor.py:154} INFO - Started process (PID=1715) to work on /home/airflow/.local/lib/python3.7/site-packages/airflow/example_dags/tutorial_taskflow_api.py
[2025-01-27T08:48:26.144+0000] {processor.py:756} INFO - Processing file /home/airflow/.local/lib/python3.7/site-packages/airflow/example_dags/tutorial_taskflow_api.py for tasks to queue
[2025-01-27T08:48:26.145+0000] {logging_mixin.py:120} INFO - [2025-01-27T08:48:26.145+0000] {dagbag.py:537} INFO - Filling up the DagBag from /home/airflow/.local/lib/python3.7/site-packages/airflow/example_dags/tutorial_taskflow_api.py
[2025-01-27T08:48:26.182+0000] {processor.py:766} INFO - DAG(s) dict_keys(['tutorial_taskflow_api']) retrieved from /home/airflow/.local/lib/python3.7/site-packages/airflow/example_dags/tutorial_taskflow_api.py
[2025-01-27T08:48:26.269+0000] {logging_mixin.py:120} INFO - [2025-01-27T08:48:26.268+0000] {dag.py:2585} INFO - Sync 1 DAGs
[2025-01-27T08:48:26.321+0000] {logging_mixin.py:120} INFO - [2025-01-27T08:48:26.321+0000] {dag.py:3340} INFO - Setting next_dagrun for tutorial_taskflow_api to None, run_after=None
[2025-01-27T08:48:26.357+0000] {processor.py:176} INFO - Processing /home/airflow/.local/lib/python3.7/site-packages/airflow/example_dags/tutorial_taskflow_api.py took 0.223 seconds
[2025-01-27T08:48:56.534+0000] {processor.py:154} INFO - Started process (PID=1769) to work on /home/airflow/.local/lib/python3.7/site-packages/airflow/example_dags/tutorial_taskflow_api.py
[2025-01-27T08:48:56.535+0000] {processor.py:756} INFO - Processing file /home/airflow/.local/lib/python3.7/site-packages/airflow/example_dags/tutorial_taskflow_api.py for tasks to queue
[2025-01-27T08:48:56.536+0000] {logging_mixin.py:120} INFO - [2025-01-27T08:48:56.536+0000] {dagbag.py:537} INFO - Filling up the DagBag from /home/airflow/.local/lib/python3.7/site-packages/airflow/example_dags/tutorial_taskflow_api.py
[2025-01-27T08:48:56.579+0000] {processor.py:766} INFO - DAG(s) dict_keys(['tutorial_taskflow_api']) retrieved from /home/airflow/.local/lib/python3.7/site-packages/airflow/example_dags/tutorial_taskflow_api.py
[2025-01-27T08:48:56.676+0000] {logging_mixin.py:120} INFO - [2025-01-27T08:48:56.675+0000] {dag.py:2585} INFO - Sync 1 DAGs
[2025-01-27T08:48:56.726+0000] {logging_mixin.py:120} INFO - [2025-01-27T08:48:56.725+0000] {dag.py:3340} INFO - Setting next_dagrun for tutorial_taskflow_api to None, run_after=None
[2025-01-27T08:48:56.764+0000] {processor.py:176} INFO - Processing /home/airflow/.local/lib/python3.7/site-packages/airflow/example_dags/tutorial_taskflow_api.py took 0.235 seconds
[2025-01-27T08:49:27.638+0000] {processor.py:154} INFO - Started process (PID=1832) to work on /home/airflow/.local/lib/python3.7/site-packages/airflow/example_dags/tutorial_taskflow_api.py
[2025-01-27T08:49:27.639+0000] {processor.py:756} INFO - Processing file /home/airflow/.local/lib/python3.7/site-packages/airflow/example_dags/tutorial_taskflow_api.py for tasks to queue
[2025-01-27T08:49:27.642+0000] {logging_mixin.py:120} INFO - [2025-01-27T08:49:27.642+0000] {dagbag.py:537} INFO - Filling up the DagBag from /home/airflow/.local/lib/python3.7/site-packages/airflow/example_dags/tutorial_taskflow_api.py
[2025-01-27T08:49:27.680+0000] {processor.py:766} INFO - DAG(s) dict_keys(['tutorial_taskflow_api']) retrieved from /home/airflow/.local/lib/python3.7/site-packages/airflow/example_dags/tutorial_taskflow_api.py
[2025-01-27T08:49:27.749+0000] {logging_mixin.py:120} INFO - [2025-01-27T08:49:27.748+0000] {dag.py:2585} INFO - Sync 1 DAGs
[2025-01-27T08:49:27.795+0000] {logging_mixin.py:120} INFO - [2025-01-27T08:49:27.795+0000] {dag.py:3340} INFO - Setting next_dagrun for tutorial_taskflow_api to None, run_after=None
[2025-01-27T08:49:27.830+0000] {processor.py:176} INFO - Processing /home/airflow/.local/lib/python3.7/site-packages/airflow/example_dags/tutorial_taskflow_api.py took 0.198 seconds
[2025-01-27T08:49:58.032+0000] {processor.py:154} INFO - Started process (PID=1886) to work on /home/airflow/.local/lib/python3.7/site-packages/airflow/example_dags/tutorial_taskflow_api.py
[2025-01-27T08:49:58.034+0000] {processor.py:756} INFO - Processing file /home/airflow/.local/lib/python3.7/site-packages/airflow/example_dags/tutorial_taskflow_api.py for tasks to queue
[2025-01-27T08:49:58.036+0000] {logging_mixin.py:120} INFO - [2025-01-27T08:49:58.035+0000] {dagbag.py:537} INFO - Filling up the DagBag from /home/airflow/.local/lib/python3.7/site-packages/airflow/example_dags/tutorial_taskflow_api.py
[2025-01-27T08:49:58.087+0000] {processor.py:766} INFO - DAG(s) dict_keys(['tutorial_taskflow_api']) retrieved from /home/airflow/.local/lib/python3.7/site-packages/airflow/example_dags/tutorial_taskflow_api.py
[2025-01-27T08:49:58.165+0000] {logging_mixin.py:120} INFO - [2025-01-27T08:49:58.164+0000] {dag.py:2585} INFO - Sync 1 DAGs
[2025-01-27T08:49:58.218+0000] {logging_mixin.py:120} INFO - [2025-01-27T08:49:58.218+0000] {dag.py:3340} INFO - Setting next_dagrun for tutorial_taskflow_api to None, run_after=None
[2025-01-27T08:49:58.256+0000] {processor.py:176} INFO - Processing /home/airflow/.local/lib/python3.7/site-packages/airflow/example_dags/tutorial_taskflow_api.py took 0.230 seconds
[2025-01-27T08:50:28.912+0000] {processor.py:154} INFO - Started process (PID=1949) to work on /home/airflow/.local/lib/python3.7/site-packages/airflow/example_dags/tutorial_taskflow_api.py
[2025-01-27T08:50:28.913+0000] {processor.py:756} INFO - Processing file /home/airflow/.local/lib/python3.7/site-packages/airflow/example_dags/tutorial_taskflow_api.py for tasks to queue
[2025-01-27T08:50:28.914+0000] {logging_mixin.py:120} INFO - [2025-01-27T08:50:28.914+0000] {dagbag.py:537} INFO - Filling up the DagBag from /home/airflow/.local/lib/python3.7/site-packages/airflow/example_dags/tutorial_taskflow_api.py
[2025-01-27T08:50:28.952+0000] {processor.py:766} INFO - DAG(s) dict_keys(['tutorial_taskflow_api']) retrieved from /home/airflow/.local/lib/python3.7/site-packages/airflow/example_dags/tutorial_taskflow_api.py
[2025-01-27T08:50:29.023+0000] {logging_mixin.py:120} INFO - [2025-01-27T08:50:29.023+0000] {dag.py:2585} INFO - Sync 1 DAGs
[2025-01-27T08:50:29.069+0000] {logging_mixin.py:120} INFO - [2025-01-27T08:50:29.069+0000] {dag.py:3340} INFO - Setting next_dagrun for tutorial_taskflow_api to None, run_after=None
[2025-01-27T08:50:29.103+0000] {processor.py:176} INFO - Processing /home/airflow/.local/lib/python3.7/site-packages/airflow/example_dags/tutorial_taskflow_api.py took 0.200 seconds
[2025-01-27T08:50:59.349+0000] {processor.py:154} INFO - Started process (PID=2002) to work on /home/airflow/.local/lib/python3.7/site-packages/airflow/example_dags/tutorial_taskflow_api.py
[2025-01-27T08:50:59.350+0000] {processor.py:756} INFO - Processing file /home/airflow/.local/lib/python3.7/site-packages/airflow/example_dags/tutorial_taskflow_api.py for tasks to queue
[2025-01-27T08:50:59.352+0000] {logging_mixin.py:120} INFO - [2025-01-27T08:50:59.352+0000] {dagbag.py:537} INFO - Filling up the DagBag from /home/airflow/.local/lib/python3.7/site-packages/airflow/example_dags/tutorial_taskflow_api.py
[2025-01-27T08:50:59.393+0000] {processor.py:766} INFO - DAG(s) dict_keys(['tutorial_taskflow_api']) retrieved from /home/airflow/.local/lib/python3.7/site-packages/airflow/example_dags/tutorial_taskflow_api.py
[2025-01-27T08:50:59.478+0000] {logging_mixin.py:120} INFO - [2025-01-27T08:50:59.478+0000] {dag.py:2585} INFO - Sync 1 DAGs
[2025-01-27T08:50:59.524+0000] {logging_mixin.py:120} INFO - [2025-01-27T08:50:59.524+0000] {dag.py:3340} INFO - Setting next_dagrun for tutorial_taskflow_api to None, run_after=None
[2025-01-27T08:50:59.560+0000] {processor.py:176} INFO - Processing /home/airflow/.local/lib/python3.7/site-packages/airflow/example_dags/tutorial_taskflow_api.py took 0.217 seconds
[2025-01-27T08:51:30.437+0000] {processor.py:154} INFO - Started process (PID=2065) to work on /home/airflow/.local/lib/python3.7/site-packages/airflow/example_dags/tutorial_taskflow_api.py
[2025-01-27T08:51:30.440+0000] {processor.py:756} INFO - Processing file /home/airflow/.local/lib/python3.7/site-packages/airflow/example_dags/tutorial_taskflow_api.py for tasks to queue
[2025-01-27T08:51:30.441+0000] {logging_mixin.py:120} INFO - [2025-01-27T08:51:30.441+0000] {dagbag.py:537} INFO - Filling up the DagBag from /home/airflow/.local/lib/python3.7/site-packages/airflow/example_dags/tutorial_taskflow_api.py
[2025-01-27T08:51:30.478+0000] {processor.py:766} INFO - DAG(s) dict_keys(['tutorial_taskflow_api']) retrieved from /home/airflow/.local/lib/python3.7/site-packages/airflow/example_dags/tutorial_taskflow_api.py
[2025-01-27T08:51:30.554+0000] {logging_mixin.py:120} INFO - [2025-01-27T08:51:30.553+0000] {dag.py:2585} INFO - Sync 1 DAGs
[2025-01-27T08:51:30.598+0000] {logging_mixin.py:120} INFO - [2025-01-27T08:51:30.597+0000] {dag.py:3340} INFO - Setting next_dagrun for tutorial_taskflow_api to None, run_after=None
[2025-01-27T08:51:30.634+0000] {processor.py:176} INFO - Processing /home/airflow/.local/lib/python3.7/site-packages/airflow/example_dags/tutorial_taskflow_api.py took 0.203 seconds
[2025-01-27T08:52:00.958+0000] {processor.py:154} INFO - Started process (PID=2118) to work on /home/airflow/.local/lib/python3.7/site-packages/airflow/example_dags/tutorial_taskflow_api.py
[2025-01-27T08:52:00.960+0000] {processor.py:756} INFO - Processing file /home/airflow/.local/lib/python3.7/site-packages/airflow/example_dags/tutorial_taskflow_api.py for tasks to queue
[2025-01-27T08:52:00.961+0000] {logging_mixin.py:120} INFO - [2025-01-27T08:52:00.961+0000] {dagbag.py:537} INFO - Filling up the DagBag from /home/airflow/.local/lib/python3.7/site-packages/airflow/example_dags/tutorial_taskflow_api.py
[2025-01-27T08:52:00.998+0000] {processor.py:766} INFO - DAG(s) dict_keys(['tutorial_taskflow_api']) retrieved from /home/airflow/.local/lib/python3.7/site-packages/airflow/example_dags/tutorial_taskflow_api.py
[2025-01-27T08:52:01.090+0000] {logging_mixin.py:120} INFO - [2025-01-27T08:52:01.090+0000] {dag.py:2585} INFO - Sync 1 DAGs
[2025-01-27T08:52:01.146+0000] {logging_mixin.py:120} INFO - [2025-01-27T08:52:01.145+0000] {dag.py:3340} INFO - Setting next_dagrun for tutorial_taskflow_api to None, run_after=None
[2025-01-27T08:52:01.186+0000] {processor.py:176} INFO - Processing /home/airflow/.local/lib/python3.7/site-packages/airflow/example_dags/tutorial_taskflow_api.py took 0.234 seconds
[2025-01-27T08:52:31.242+0000] {processor.py:154} INFO - Started process (PID=2181) to work on /home/airflow/.local/lib/python3.7/site-packages/airflow/example_dags/tutorial_taskflow_api.py
[2025-01-27T08:52:31.244+0000] {processor.py:756} INFO - Processing file /home/airflow/.local/lib/python3.7/site-packages/airflow/example_dags/tutorial_taskflow_api.py for tasks to queue
[2025-01-27T08:52:31.245+0000] {logging_mixin.py:120} INFO - [2025-01-27T08:52:31.245+0000] {dagbag.py:537} INFO - Filling up the DagBag from /home/airflow/.local/lib/python3.7/site-packages/airflow/example_dags/tutorial_taskflow_api.py
[2025-01-27T08:52:31.278+0000] {processor.py:766} INFO - DAG(s) dict_keys(['tutorial_taskflow_api']) retrieved from /home/airflow/.local/lib/python3.7/site-packages/airflow/example_dags/tutorial_taskflow_api.py
[2025-01-27T08:52:31.347+0000] {logging_mixin.py:120} INFO - [2025-01-27T08:52:31.347+0000] {dag.py:2585} INFO - Sync 1 DAGs
[2025-01-27T08:52:31.391+0000] {logging_mixin.py:120} INFO - [2025-01-27T08:52:31.391+0000] {dag.py:3340} INFO - Setting next_dagrun for tutorial_taskflow_api to None, run_after=None
[2025-01-27T08:52:31.424+0000] {processor.py:176} INFO - Processing /home/airflow/.local/lib/python3.7/site-packages/airflow/example_dags/tutorial_taskflow_api.py took 0.191 seconds
[2025-01-27T08:53:01.762+0000] {processor.py:154} INFO - Started process (PID=2235) to work on /home/airflow/.local/lib/python3.7/site-packages/airflow/example_dags/tutorial_taskflow_api.py
[2025-01-27T08:53:01.764+0000] {processor.py:756} INFO - Processing file /home/airflow/.local/lib/python3.7/site-packages/airflow/example_dags/tutorial_taskflow_api.py for tasks to queue
[2025-01-27T08:53:01.766+0000] {logging_mixin.py:120} INFO - [2025-01-27T08:53:01.766+0000] {dagbag.py:537} INFO - Filling up the DagBag from /home/airflow/.local/lib/python3.7/site-packages/airflow/example_dags/tutorial_taskflow_api.py
[2025-01-27T08:53:01.810+0000] {processor.py:766} INFO - DAG(s) dict_keys(['tutorial_taskflow_api']) retrieved from /home/airflow/.local/lib/python3.7/site-packages/airflow/example_dags/tutorial_taskflow_api.py
[2025-01-27T08:53:01.891+0000] {logging_mixin.py:120} INFO - [2025-01-27T08:53:01.890+0000] {dag.py:2585} INFO - Sync 1 DAGs
[2025-01-27T08:53:01.944+0000] {logging_mixin.py:120} INFO - [2025-01-27T08:53:01.943+0000] {dag.py:3340} INFO - Setting next_dagrun for tutorial_taskflow_api to None, run_after=None
[2025-01-27T08:53:01.981+0000] {processor.py:176} INFO - Processing /home/airflow/.local/lib/python3.7/site-packages/airflow/example_dags/tutorial_taskflow_api.py took 0.226 seconds
[2025-01-27T08:53:32.155+0000] {processor.py:154} INFO - Started process (PID=2298) to work on /home/airflow/.local/lib/python3.7/site-packages/airflow/example_dags/tutorial_taskflow_api.py
[2025-01-27T08:53:32.156+0000] {processor.py:756} INFO - Processing file /home/airflow/.local/lib/python3.7/site-packages/airflow/example_dags/tutorial_taskflow_api.py for tasks to queue
[2025-01-27T08:53:32.157+0000] {logging_mixin.py:120} INFO - [2025-01-27T08:53:32.157+0000] {dagbag.py:537} INFO - Filling up the DagBag from /home/airflow/.local/lib/python3.7/site-packages/airflow/example_dags/tutorial_taskflow_api.py
[2025-01-27T08:53:32.191+0000] {processor.py:766} INFO - DAG(s) dict_keys(['tutorial_taskflow_api']) retrieved from /home/airflow/.local/lib/python3.7/site-packages/airflow/example_dags/tutorial_taskflow_api.py
[2025-01-27T08:53:32.267+0000] {logging_mixin.py:120} INFO - [2025-01-27T08:53:32.267+0000] {dag.py:2585} INFO - Sync 1 DAGs
[2025-01-27T08:53:32.312+0000] {logging_mixin.py:120} INFO - [2025-01-27T08:53:32.312+0000] {dag.py:3340} INFO - Setting next_dagrun for tutorial_taskflow_api to None, run_after=None
[2025-01-27T08:53:32.344+0000] {processor.py:176} INFO - Processing /home/airflow/.local/lib/python3.7/site-packages/airflow/example_dags/tutorial_taskflow_api.py took 0.194 seconds
[2025-01-27T08:54:02.392+0000] {processor.py:154} INFO - Started process (PID=2351) to work on /home/airflow/.local/lib/python3.7/site-packages/airflow/example_dags/tutorial_taskflow_api.py
[2025-01-27T08:54:02.394+0000] {processor.py:756} INFO - Processing file /home/airflow/.local/lib/python3.7/site-packages/airflow/example_dags/tutorial_taskflow_api.py for tasks to queue
[2025-01-27T08:54:02.395+0000] {logging_mixin.py:120} INFO - [2025-01-27T08:54:02.395+0000] {dagbag.py:537} INFO - Filling up the DagBag from /home/airflow/.local/lib/python3.7/site-packages/airflow/example_dags/tutorial_taskflow_api.py
[2025-01-27T08:54:02.441+0000] {processor.py:766} INFO - DAG(s) dict_keys(['tutorial_taskflow_api']) retrieved from /home/airflow/.local/lib/python3.7/site-packages/airflow/example_dags/tutorial_taskflow_api.py
[2025-01-27T08:54:02.523+0000] {logging_mixin.py:120} INFO - [2025-01-27T08:54:02.522+0000] {dag.py:2585} INFO - Sync 1 DAGs
[2025-01-27T08:54:02.571+0000] {logging_mixin.py:120} INFO - [2025-01-27T08:54:02.571+0000] {dag.py:3340} INFO - Setting next_dagrun for tutorial_taskflow_api to None, run_after=None
[2025-01-27T08:54:02.622+0000] {processor.py:176} INFO - Processing /home/airflow/.local/lib/python3.7/site-packages/airflow/example_dags/tutorial_taskflow_api.py took 0.236 seconds
[2025-01-27T08:54:33.389+0000] {processor.py:154} INFO - Started process (PID=2414) to work on /home/airflow/.local/lib/python3.7/site-packages/airflow/example_dags/tutorial_taskflow_api.py
[2025-01-27T08:54:33.390+0000] {processor.py:756} INFO - Processing file /home/airflow/.local/lib/python3.7/site-packages/airflow/example_dags/tutorial_taskflow_api.py for tasks to queue
[2025-01-27T08:54:33.392+0000] {logging_mixin.py:120} INFO - [2025-01-27T08:54:33.392+0000] {dagbag.py:537} INFO - Filling up the DagBag from /home/airflow/.local/lib/python3.7/site-packages/airflow/example_dags/tutorial_taskflow_api.py
[2025-01-27T08:54:33.432+0000] {processor.py:766} INFO - DAG(s) dict_keys(['tutorial_taskflow_api']) retrieved from /home/airflow/.local/lib/python3.7/site-packages/airflow/example_dags/tutorial_taskflow_api.py
[2025-01-27T08:54:33.540+0000] {logging_mixin.py:120} INFO - [2025-01-27T08:54:33.540+0000] {dag.py:2585} INFO - Sync 1 DAGs
[2025-01-27T08:54:33.591+0000] {logging_mixin.py:120} INFO - [2025-01-27T08:54:33.591+0000] {dag.py:3340} INFO - Setting next_dagrun for tutorial_taskflow_api to None, run_after=None
[2025-01-27T08:54:33.632+0000] {processor.py:176} INFO - Processing /home/airflow/.local/lib/python3.7/site-packages/airflow/example_dags/tutorial_taskflow_api.py took 0.249 seconds
[2025-01-27T08:55:04.226+0000] {processor.py:154} INFO - Started process (PID=2470) to work on /home/airflow/.local/lib/python3.7/site-packages/airflow/example_dags/tutorial_taskflow_api.py
[2025-01-27T08:55:04.227+0000] {processor.py:756} INFO - Processing file /home/airflow/.local/lib/python3.7/site-packages/airflow/example_dags/tutorial_taskflow_api.py for tasks to queue
[2025-01-27T08:55:04.229+0000] {logging_mixin.py:120} INFO - [2025-01-27T08:55:04.228+0000] {dagbag.py:537} INFO - Filling up the DagBag from /home/airflow/.local/lib/python3.7/site-packages/airflow/example_dags/tutorial_taskflow_api.py
[2025-01-27T08:55:04.265+0000] {processor.py:766} INFO - DAG(s) dict_keys(['tutorial_taskflow_api']) retrieved from /home/airflow/.local/lib/python3.7/site-packages/airflow/example_dags/tutorial_taskflow_api.py
[2025-01-27T08:55:04.352+0000] {logging_mixin.py:120} INFO - [2025-01-27T08:55:04.352+0000] {dag.py:2585} INFO - Sync 1 DAGs
[2025-01-27T08:55:04.401+0000] {logging_mixin.py:120} INFO - [2025-01-27T08:55:04.401+0000] {dag.py:3340} INFO - Setting next_dagrun for tutorial_taskflow_api to None, run_after=None
[2025-01-27T08:55:04.435+0000] {processor.py:176} INFO - Processing /home/airflow/.local/lib/python3.7/site-packages/airflow/example_dags/tutorial_taskflow_api.py took 0.215 seconds
[2025-01-27T08:55:34.580+0000] {processor.py:154} INFO - Started process (PID=2531) to work on /home/airflow/.local/lib/python3.7/site-packages/airflow/example_dags/tutorial_taskflow_api.py
[2025-01-27T08:55:34.582+0000] {processor.py:756} INFO - Processing file /home/airflow/.local/lib/python3.7/site-packages/airflow/example_dags/tutorial_taskflow_api.py for tasks to queue
[2025-01-27T08:55:34.583+0000] {logging_mixin.py:120} INFO - [2025-01-27T08:55:34.583+0000] {dagbag.py:537} INFO - Filling up the DagBag from /home/airflow/.local/lib/python3.7/site-packages/airflow/example_dags/tutorial_taskflow_api.py
[2025-01-27T08:55:34.624+0000] {processor.py:766} INFO - DAG(s) dict_keys(['tutorial_taskflow_api']) retrieved from /home/airflow/.local/lib/python3.7/site-packages/airflow/example_dags/tutorial_taskflow_api.py
[2025-01-27T08:55:34.719+0000] {logging_mixin.py:120} INFO - [2025-01-27T08:55:34.719+0000] {dag.py:2585} INFO - Sync 1 DAGs
[2025-01-27T08:55:34.793+0000] {logging_mixin.py:120} INFO - [2025-01-27T08:55:34.793+0000] {dag.py:3340} INFO - Setting next_dagrun for tutorial_taskflow_api to None, run_after=None
[2025-01-27T08:55:34.838+0000] {processor.py:176} INFO - Processing /home/airflow/.local/lib/python3.7/site-packages/airflow/example_dags/tutorial_taskflow_api.py took 0.267 seconds
[2025-01-27T08:56:05.502+0000] {processor.py:154} INFO - Started process (PID=2585) to work on /home/airflow/.local/lib/python3.7/site-packages/airflow/example_dags/tutorial_taskflow_api.py
[2025-01-27T08:56:05.505+0000] {processor.py:756} INFO - Processing file /home/airflow/.local/lib/python3.7/site-packages/airflow/example_dags/tutorial_taskflow_api.py for tasks to queue
[2025-01-27T08:56:05.508+0000] {logging_mixin.py:120} INFO - [2025-01-27T08:56:05.508+0000] {dagbag.py:537} INFO - Filling up the DagBag from /home/airflow/.local/lib/python3.7/site-packages/airflow/example_dags/tutorial_taskflow_api.py
[2025-01-27T08:56:05.550+0000] {processor.py:766} INFO - DAG(s) dict_keys(['tutorial_taskflow_api']) retrieved from /home/airflow/.local/lib/python3.7/site-packages/airflow/example_dags/tutorial_taskflow_api.py
[2025-01-27T08:56:05.630+0000] {logging_mixin.py:120} INFO - [2025-01-27T08:56:05.630+0000] {dag.py:2585} INFO - Sync 1 DAGs
[2025-01-27T08:56:05.677+0000] {logging_mixin.py:120} INFO - [2025-01-27T08:56:05.677+0000] {dag.py:3340} INFO - Setting next_dagrun for tutorial_taskflow_api to None, run_after=None
[2025-01-27T08:56:05.713+0000] {processor.py:176} INFO - Processing /home/airflow/.local/lib/python3.7/site-packages/airflow/example_dags/tutorial_taskflow_api.py took 0.217 seconds
[2025-01-27T08:56:36.378+0000] {processor.py:154} INFO - Started process (PID=2646) to work on /home/airflow/.local/lib/python3.7/site-packages/airflow/example_dags/tutorial_taskflow_api.py
[2025-01-27T08:56:36.380+0000] {processor.py:756} INFO - Processing file /home/airflow/.local/lib/python3.7/site-packages/airflow/example_dags/tutorial_taskflow_api.py for tasks to queue
[2025-01-27T08:56:36.382+0000] {logging_mixin.py:120} INFO - [2025-01-27T08:56:36.382+0000] {dagbag.py:537} INFO - Filling up the DagBag from /home/airflow/.local/lib/python3.7/site-packages/airflow/example_dags/tutorial_taskflow_api.py
[2025-01-27T08:56:36.424+0000] {processor.py:766} INFO - DAG(s) dict_keys(['tutorial_taskflow_api']) retrieved from /home/airflow/.local/lib/python3.7/site-packages/airflow/example_dags/tutorial_taskflow_api.py
[2025-01-27T08:56:36.508+0000] {logging_mixin.py:120} INFO - [2025-01-27T08:56:36.508+0000] {dag.py:2585} INFO - Sync 1 DAGs
[2025-01-27T08:56:36.562+0000] {logging_mixin.py:120} INFO - [2025-01-27T08:56:36.562+0000] {dag.py:3340} INFO - Setting next_dagrun for tutorial_taskflow_api to None, run_after=None
[2025-01-27T08:56:36.599+0000] {processor.py:176} INFO - Processing /home/airflow/.local/lib/python3.7/site-packages/airflow/example_dags/tutorial_taskflow_api.py took 0.229 seconds
[2025-01-27T08:57:06.910+0000] {processor.py:154} INFO - Started process (PID=2700) to work on /home/airflow/.local/lib/python3.7/site-packages/airflow/example_dags/tutorial_taskflow_api.py
[2025-01-27T08:57:06.913+0000] {processor.py:756} INFO - Processing file /home/airflow/.local/lib/python3.7/site-packages/airflow/example_dags/tutorial_taskflow_api.py for tasks to queue
[2025-01-27T08:57:06.914+0000] {logging_mixin.py:120} INFO - [2025-01-27T08:57:06.914+0000] {dagbag.py:537} INFO - Filling up the DagBag from /home/airflow/.local/lib/python3.7/site-packages/airflow/example_dags/tutorial_taskflow_api.py
[2025-01-27T08:57:06.954+0000] {processor.py:766} INFO - DAG(s) dict_keys(['tutorial_taskflow_api']) retrieved from /home/airflow/.local/lib/python3.7/site-packages/airflow/example_dags/tutorial_taskflow_api.py
[2025-01-27T08:57:07.032+0000] {logging_mixin.py:120} INFO - [2025-01-27T08:57:07.031+0000] {dag.py:2585} INFO - Sync 1 DAGs
[2025-01-27T08:57:07.078+0000] {logging_mixin.py:120} INFO - [2025-01-27T08:57:07.077+0000] {dag.py:3340} INFO - Setting next_dagrun for tutorial_taskflow_api to None, run_after=None
[2025-01-27T08:57:07.110+0000] {processor.py:176} INFO - Processing /home/airflow/.local/lib/python3.7/site-packages/airflow/example_dags/tutorial_taskflow_api.py took 0.208 seconds
[2025-01-27T08:57:37.560+0000] {processor.py:154} INFO - Started process (PID=2753) to work on /home/airflow/.local/lib/python3.7/site-packages/airflow/example_dags/tutorial_taskflow_api.py
[2025-01-27T08:57:37.562+0000] {processor.py:756} INFO - Processing file /home/airflow/.local/lib/python3.7/site-packages/airflow/example_dags/tutorial_taskflow_api.py for tasks to queue
[2025-01-27T08:57:37.563+0000] {logging_mixin.py:120} INFO - [2025-01-27T08:57:37.563+0000] {dagbag.py:537} INFO - Filling up the DagBag from /home/airflow/.local/lib/python3.7/site-packages/airflow/example_dags/tutorial_taskflow_api.py
[2025-01-27T08:57:37.599+0000] {processor.py:766} INFO - DAG(s) dict_keys(['tutorial_taskflow_api']) retrieved from /home/airflow/.local/lib/python3.7/site-packages/airflow/example_dags/tutorial_taskflow_api.py
[2025-01-27T08:57:37.668+0000] {logging_mixin.py:120} INFO - [2025-01-27T08:57:37.668+0000] {dag.py:2585} INFO - Sync 1 DAGs
[2025-01-27T08:57:37.720+0000] {logging_mixin.py:120} INFO - [2025-01-27T08:57:37.720+0000] {dag.py:3340} INFO - Setting next_dagrun for tutorial_taskflow_api to None, run_after=None
[2025-01-27T08:57:37.766+0000] {processor.py:176} INFO - Processing /home/airflow/.local/lib/python3.7/site-packages/airflow/example_dags/tutorial_taskflow_api.py took 0.211 seconds
[2025-01-27T08:58:08.727+0000] {processor.py:154} INFO - Started process (PID=2814) to work on /home/airflow/.local/lib/python3.7/site-packages/airflow/example_dags/tutorial_taskflow_api.py
[2025-01-27T08:58:08.729+0000] {processor.py:756} INFO - Processing file /home/airflow/.local/lib/python3.7/site-packages/airflow/example_dags/tutorial_taskflow_api.py for tasks to queue
[2025-01-27T08:58:08.731+0000] {logging_mixin.py:120} INFO - [2025-01-27T08:58:08.730+0000] {dagbag.py:537} INFO - Filling up the DagBag from /home/airflow/.local/lib/python3.7/site-packages/airflow/example_dags/tutorial_taskflow_api.py
[2025-01-27T08:58:08.771+0000] {processor.py:766} INFO - DAG(s) dict_keys(['tutorial_taskflow_api']) retrieved from /home/airflow/.local/lib/python3.7/site-packages/airflow/example_dags/tutorial_taskflow_api.py
[2025-01-27T08:58:08.874+0000] {logging_mixin.py:120} INFO - [2025-01-27T08:58:08.874+0000] {dag.py:2585} INFO - Sync 1 DAGs
[2025-01-27T08:58:08.933+0000] {logging_mixin.py:120} INFO - [2025-01-27T08:58:08.933+0000] {dag.py:3340} INFO - Setting next_dagrun for tutorial_taskflow_api to None, run_after=None
[2025-01-27T08:58:08.971+0000] {processor.py:176} INFO - Processing /home/airflow/.local/lib/python3.7/site-packages/airflow/example_dags/tutorial_taskflow_api.py took 0.252 seconds
[2025-01-27T08:58:39.063+0000] {processor.py:154} INFO - Started process (PID=2868) to work on /home/airflow/.local/lib/python3.7/site-packages/airflow/example_dags/tutorial_taskflow_api.py
[2025-01-27T08:58:39.065+0000] {processor.py:756} INFO - Processing file /home/airflow/.local/lib/python3.7/site-packages/airflow/example_dags/tutorial_taskflow_api.py for tasks to queue
[2025-01-27T08:58:39.066+0000] {logging_mixin.py:120} INFO - [2025-01-27T08:58:39.066+0000] {dagbag.py:537} INFO - Filling up the DagBag from /home/airflow/.local/lib/python3.7/site-packages/airflow/example_dags/tutorial_taskflow_api.py
[2025-01-27T08:58:39.105+0000] {processor.py:766} INFO - DAG(s) dict_keys(['tutorial_taskflow_api']) retrieved from /home/airflow/.local/lib/python3.7/site-packages/airflow/example_dags/tutorial_taskflow_api.py
[2025-01-27T08:58:39.177+0000] {logging_mixin.py:120} INFO - [2025-01-27T08:58:39.177+0000] {dag.py:2585} INFO - Sync 1 DAGs
[2025-01-27T08:58:39.227+0000] {logging_mixin.py:120} INFO - [2025-01-27T08:58:39.227+0000] {dag.py:3340} INFO - Setting next_dagrun for tutorial_taskflow_api to None, run_after=None
[2025-01-27T08:58:39.268+0000] {processor.py:176} INFO - Processing /home/airflow/.local/lib/python3.7/site-packages/airflow/example_dags/tutorial_taskflow_api.py took 0.211 seconds
[2025-01-27T08:59:09.799+0000] {processor.py:154} INFO - Started process (PID=2931) to work on /home/airflow/.local/lib/python3.7/site-packages/airflow/example_dags/tutorial_taskflow_api.py
[2025-01-27T08:59:09.800+0000] {processor.py:756} INFO - Processing file /home/airflow/.local/lib/python3.7/site-packages/airflow/example_dags/tutorial_taskflow_api.py for tasks to queue
[2025-01-27T08:59:09.801+0000] {logging_mixin.py:120} INFO - [2025-01-27T08:59:09.801+0000] {dagbag.py:537} INFO - Filling up the DagBag from /home/airflow/.local/lib/python3.7/site-packages/airflow/example_dags/tutorial_taskflow_api.py
[2025-01-27T08:59:09.845+0000] {processor.py:766} INFO - DAG(s) dict_keys(['tutorial_taskflow_api']) retrieved from /home/airflow/.local/lib/python3.7/site-packages/airflow/example_dags/tutorial_taskflow_api.py
[2025-01-27T08:59:09.930+0000] {logging_mixin.py:120} INFO - [2025-01-27T08:59:09.930+0000] {dag.py:2585} INFO - Sync 1 DAGs
[2025-01-27T08:59:09.985+0000] {logging_mixin.py:120} INFO - [2025-01-27T08:59:09.985+0000] {dag.py:3340} INFO - Setting next_dagrun for tutorial_taskflow_api to None, run_after=None
[2025-01-27T08:59:10.022+0000] {processor.py:176} INFO - Processing /home/airflow/.local/lib/python3.7/site-packages/airflow/example_dags/tutorial_taskflow_api.py took 0.229 seconds
[2025-01-27T08:59:40.168+0000] {processor.py:154} INFO - Started process (PID=2984) to work on /home/airflow/.local/lib/python3.7/site-packages/airflow/example_dags/tutorial_taskflow_api.py
[2025-01-27T08:59:40.170+0000] {processor.py:756} INFO - Processing file /home/airflow/.local/lib/python3.7/site-packages/airflow/example_dags/tutorial_taskflow_api.py for tasks to queue
[2025-01-27T08:59:40.173+0000] {logging_mixin.py:120} INFO - [2025-01-27T08:59:40.173+0000] {dagbag.py:537} INFO - Filling up the DagBag from /home/airflow/.local/lib/python3.7/site-packages/airflow/example_dags/tutorial_taskflow_api.py
[2025-01-27T08:59:40.227+0000] {processor.py:766} INFO - DAG(s) dict_keys(['tutorial_taskflow_api']) retrieved from /home/airflow/.local/lib/python3.7/site-packages/airflow/example_dags/tutorial_taskflow_api.py
[2025-01-27T08:59:40.342+0000] {logging_mixin.py:120} INFO - [2025-01-27T08:59:40.341+0000] {dag.py:2585} INFO - Sync 1 DAGs
[2025-01-27T08:59:40.413+0000] {logging_mixin.py:120} INFO - [2025-01-27T08:59:40.412+0000] {dag.py:3340} INFO - Setting next_dagrun for tutorial_taskflow_api to None, run_after=None
[2025-01-27T08:59:40.461+0000] {processor.py:176} INFO - Processing /home/airflow/.local/lib/python3.7/site-packages/airflow/example_dags/tutorial_taskflow_api.py took 0.302 seconds
[2025-01-27T09:00:11.243+0000] {processor.py:154} INFO - Started process (PID=3047) to work on /home/airflow/.local/lib/python3.7/site-packages/airflow/example_dags/tutorial_taskflow_api.py
[2025-01-27T09:00:11.246+0000] {processor.py:756} INFO - Processing file /home/airflow/.local/lib/python3.7/site-packages/airflow/example_dags/tutorial_taskflow_api.py for tasks to queue
[2025-01-27T09:00:11.248+0000] {logging_mixin.py:120} INFO - [2025-01-27T09:00:11.247+0000] {dagbag.py:537} INFO - Filling up the DagBag from /home/airflow/.local/lib/python3.7/site-packages/airflow/example_dags/tutorial_taskflow_api.py
[2025-01-27T09:00:11.287+0000] {processor.py:766} INFO - DAG(s) dict_keys(['tutorial_taskflow_api']) retrieved from /home/airflow/.local/lib/python3.7/site-packages/airflow/example_dags/tutorial_taskflow_api.py
[2025-01-27T09:00:11.367+0000] {logging_mixin.py:120} INFO - [2025-01-27T09:00:11.367+0000] {dag.py:2585} INFO - Sync 1 DAGs
[2025-01-27T09:00:11.416+0000] {logging_mixin.py:120} INFO - [2025-01-27T09:00:11.416+0000] {dag.py:3340} INFO - Setting next_dagrun for tutorial_taskflow_api to None, run_after=None
[2025-01-27T09:00:11.454+0000] {processor.py:176} INFO - Processing /home/airflow/.local/lib/python3.7/site-packages/airflow/example_dags/tutorial_taskflow_api.py took 0.216 seconds
[2025-01-27T09:00:41.737+0000] {processor.py:154} INFO - Started process (PID=3101) to work on /home/airflow/.local/lib/python3.7/site-packages/airflow/example_dags/tutorial_taskflow_api.py
[2025-01-27T09:00:41.738+0000] {processor.py:756} INFO - Processing file /home/airflow/.local/lib/python3.7/site-packages/airflow/example_dags/tutorial_taskflow_api.py for tasks to queue
[2025-01-27T09:00:41.739+0000] {logging_mixin.py:120} INFO - [2025-01-27T09:00:41.739+0000] {dagbag.py:537} INFO - Filling up the DagBag from /home/airflow/.local/lib/python3.7/site-packages/airflow/example_dags/tutorial_taskflow_api.py
[2025-01-27T09:00:41.787+0000] {processor.py:766} INFO - DAG(s) dict_keys(['tutorial_taskflow_api']) retrieved from /home/airflow/.local/lib/python3.7/site-packages/airflow/example_dags/tutorial_taskflow_api.py
[2025-01-27T09:00:41.869+0000] {logging_mixin.py:120} INFO - [2025-01-27T09:00:41.869+0000] {dag.py:2585} INFO - Sync 1 DAGs
[2025-01-27T09:00:41.925+0000] {logging_mixin.py:120} INFO - [2025-01-27T09:00:41.925+0000] {dag.py:3340} INFO - Setting next_dagrun for tutorial_taskflow_api to None, run_after=None
[2025-01-27T09:00:41.955+0000] {processor.py:176} INFO - Processing /home/airflow/.local/lib/python3.7/site-packages/airflow/example_dags/tutorial_taskflow_api.py took 0.223 seconds
[2025-01-27T09:01:12.888+0000] {processor.py:154} INFO - Started process (PID=3163) to work on /home/airflow/.local/lib/python3.7/site-packages/airflow/example_dags/tutorial_taskflow_api.py
[2025-01-27T09:01:12.890+0000] {processor.py:756} INFO - Processing file /home/airflow/.local/lib/python3.7/site-packages/airflow/example_dags/tutorial_taskflow_api.py for tasks to queue
[2025-01-27T09:01:12.891+0000] {logging_mixin.py:120} INFO - [2025-01-27T09:01:12.891+0000] {dagbag.py:537} INFO - Filling up the DagBag from /home/airflow/.local/lib/python3.7/site-packages/airflow/example_dags/tutorial_taskflow_api.py
[2025-01-27T09:01:12.944+0000] {processor.py:766} INFO - DAG(s) dict_keys(['tutorial_taskflow_api']) retrieved from /home/airflow/.local/lib/python3.7/site-packages/airflow/example_dags/tutorial_taskflow_api.py
[2025-01-27T09:01:13.035+0000] {logging_mixin.py:120} INFO - [2025-01-27T09:01:13.035+0000] {dag.py:2585} INFO - Sync 1 DAGs
[2025-01-27T09:01:13.096+0000] {logging_mixin.py:120} INFO - [2025-01-27T09:01:13.095+0000] {dag.py:3340} INFO - Setting next_dagrun for tutorial_taskflow_api to None, run_after=None
[2025-01-27T09:01:13.141+0000] {processor.py:176} INFO - Processing /home/airflow/.local/lib/python3.7/site-packages/airflow/example_dags/tutorial_taskflow_api.py took 0.259 seconds
[2025-01-27T09:01:43.225+0000] {processor.py:154} INFO - Started process (PID=3217) to work on /home/airflow/.local/lib/python3.7/site-packages/airflow/example_dags/tutorial_taskflow_api.py
[2025-01-27T09:01:43.228+0000] {processor.py:756} INFO - Processing file /home/airflow/.local/lib/python3.7/site-packages/airflow/example_dags/tutorial_taskflow_api.py for tasks to queue
[2025-01-27T09:01:43.230+0000] {logging_mixin.py:120} INFO - [2025-01-27T09:01:43.229+0000] {dagbag.py:537} INFO - Filling up the DagBag from /home/airflow/.local/lib/python3.7/site-packages/airflow/example_dags/tutorial_taskflow_api.py
[2025-01-27T09:01:43.274+0000] {processor.py:766} INFO - DAG(s) dict_keys(['tutorial_taskflow_api']) retrieved from /home/airflow/.local/lib/python3.7/site-packages/airflow/example_dags/tutorial_taskflow_api.py
[2025-01-27T09:01:43.357+0000] {logging_mixin.py:120} INFO - [2025-01-27T09:01:43.357+0000] {dag.py:2585} INFO - Sync 1 DAGs
[2025-01-27T09:01:43.401+0000] {logging_mixin.py:120} INFO - [2025-01-27T09:01:43.401+0000] {dag.py:3340} INFO - Setting next_dagrun for tutorial_taskflow_api to None, run_after=None
[2025-01-27T09:01:43.456+0000] {processor.py:176} INFO - Processing /home/airflow/.local/lib/python3.7/site-packages/airflow/example_dags/tutorial_taskflow_api.py took 0.236 seconds
[2025-01-27T09:02:14.158+0000] {processor.py:154} INFO - Started process (PID=3280) to work on /home/airflow/.local/lib/python3.7/site-packages/airflow/example_dags/tutorial_taskflow_api.py
[2025-01-27T09:02:14.160+0000] {processor.py:756} INFO - Processing file /home/airflow/.local/lib/python3.7/site-packages/airflow/example_dags/tutorial_taskflow_api.py for tasks to queue
[2025-01-27T09:02:14.162+0000] {logging_mixin.py:120} INFO - [2025-01-27T09:02:14.162+0000] {dagbag.py:537} INFO - Filling up the DagBag from /home/airflow/.local/lib/python3.7/site-packages/airflow/example_dags/tutorial_taskflow_api.py
[2025-01-27T09:02:14.209+0000] {processor.py:766} INFO - DAG(s) dict_keys(['tutorial_taskflow_api']) retrieved from /home/airflow/.local/lib/python3.7/site-packages/airflow/example_dags/tutorial_taskflow_api.py
[2025-01-27T09:02:14.303+0000] {logging_mixin.py:120} INFO - [2025-01-27T09:02:14.303+0000] {dag.py:2585} INFO - Sync 1 DAGs
[2025-01-27T09:02:14.372+0000] {logging_mixin.py:120} INFO - [2025-01-27T09:02:14.372+0000] {dag.py:3340} INFO - Setting next_dagrun for tutorial_taskflow_api to None, run_after=None
[2025-01-27T09:02:14.420+0000] {processor.py:176} INFO - Processing /home/airflow/.local/lib/python3.7/site-packages/airflow/example_dags/tutorial_taskflow_api.py took 0.269 seconds
[2025-01-27T09:02:44.685+0000] {processor.py:154} INFO - Started process (PID=3334) to work on /home/airflow/.local/lib/python3.7/site-packages/airflow/example_dags/tutorial_taskflow_api.py
[2025-01-27T09:02:44.686+0000] {processor.py:756} INFO - Processing file /home/airflow/.local/lib/python3.7/site-packages/airflow/example_dags/tutorial_taskflow_api.py for tasks to queue
[2025-01-27T09:02:44.687+0000] {logging_mixin.py:120} INFO - [2025-01-27T09:02:44.687+0000] {dagbag.py:537} INFO - Filling up the DagBag from /home/airflow/.local/lib/python3.7/site-packages/airflow/example_dags/tutorial_taskflow_api.py
[2025-01-27T09:02:44.723+0000] {processor.py:766} INFO - DAG(s) dict_keys(['tutorial_taskflow_api']) retrieved from /home/airflow/.local/lib/python3.7/site-packages/airflow/example_dags/tutorial_taskflow_api.py
[2025-01-27T09:02:44.803+0000] {logging_mixin.py:120} INFO - [2025-01-27T09:02:44.803+0000] {dag.py:2585} INFO - Sync 1 DAGs
[2025-01-27T09:02:44.854+0000] {logging_mixin.py:120} INFO - [2025-01-27T09:02:44.854+0000] {dag.py:3340} INFO - Setting next_dagrun for tutorial_taskflow_api to None, run_after=None
[2025-01-27T09:02:44.890+0000] {processor.py:176} INFO - Processing /home/airflow/.local/lib/python3.7/site-packages/airflow/example_dags/tutorial_taskflow_api.py took 0.211 seconds
[2025-01-27T09:03:16.555+0000] {processor.py:154} INFO - Started process (PID=3393) to work on /home/airflow/.local/lib/python3.7/site-packages/airflow/example_dags/tutorial_taskflow_api.py
[2025-01-27T09:03:16.557+0000] {processor.py:756} INFO - Processing file /home/airflow/.local/lib/python3.7/site-packages/airflow/example_dags/tutorial_taskflow_api.py for tasks to queue
[2025-01-27T09:03:16.559+0000] {logging_mixin.py:120} INFO - [2025-01-27T09:03:16.559+0000] {dagbag.py:537} INFO - Filling up the DagBag from /home/airflow/.local/lib/python3.7/site-packages/airflow/example_dags/tutorial_taskflow_api.py
[2025-01-27T09:03:16.613+0000] {processor.py:766} INFO - DAG(s) dict_keys(['tutorial_taskflow_api']) retrieved from /home/airflow/.local/lib/python3.7/site-packages/airflow/example_dags/tutorial_taskflow_api.py
[2025-01-27T09:03:16.709+0000] {logging_mixin.py:120} INFO - [2025-01-27T09:03:16.709+0000] {dag.py:2585} INFO - Sync 1 DAGs
[2025-01-27T09:03:16.782+0000] {logging_mixin.py:120} INFO - [2025-01-27T09:03:16.782+0000] {dag.py:3340} INFO - Setting next_dagrun for tutorial_taskflow_api to None, run_after=None
[2025-01-27T09:03:16.930+0000] {processor.py:176} INFO - Processing /home/airflow/.local/lib/python3.7/site-packages/airflow/example_dags/tutorial_taskflow_api.py took 0.374 seconds
[2025-01-27T09:03:47.507+0000] {processor.py:154} INFO - Started process (PID=3449) to work on /home/airflow/.local/lib/python3.7/site-packages/airflow/example_dags/tutorial_taskflow_api.py
[2025-01-27T09:03:47.509+0000] {processor.py:756} INFO - Processing file /home/airflow/.local/lib/python3.7/site-packages/airflow/example_dags/tutorial_taskflow_api.py for tasks to queue
[2025-01-27T09:03:47.511+0000] {logging_mixin.py:120} INFO - [2025-01-27T09:03:47.511+0000] {dagbag.py:537} INFO - Filling up the DagBag from /home/airflow/.local/lib/python3.7/site-packages/airflow/example_dags/tutorial_taskflow_api.py
[2025-01-27T09:03:47.557+0000] {processor.py:766} INFO - DAG(s) dict_keys(['tutorial_taskflow_api']) retrieved from /home/airflow/.local/lib/python3.7/site-packages/airflow/example_dags/tutorial_taskflow_api.py
[2025-01-27T09:03:47.634+0000] {logging_mixin.py:120} INFO - [2025-01-27T09:03:47.634+0000] {dag.py:2585} INFO - Sync 1 DAGs
[2025-01-27T09:03:47.687+0000] {logging_mixin.py:120} INFO - [2025-01-27T09:03:47.687+0000] {dag.py:3340} INFO - Setting next_dagrun for tutorial_taskflow_api to None, run_after=None
[2025-01-27T09:03:47.722+0000] {processor.py:176} INFO - Processing /home/airflow/.local/lib/python3.7/site-packages/airflow/example_dags/tutorial_taskflow_api.py took 0.221 seconds
[2025-01-27T09:04:18.436+0000] {processor.py:154} INFO - Started process (PID=3503) to work on /home/airflow/.local/lib/python3.7/site-packages/airflow/example_dags/tutorial_taskflow_api.py
[2025-01-27T09:04:18.438+0000] {processor.py:756} INFO - Processing file /home/airflow/.local/lib/python3.7/site-packages/airflow/example_dags/tutorial_taskflow_api.py for tasks to queue
[2025-01-27T09:04:18.439+0000] {logging_mixin.py:120} INFO - [2025-01-27T09:04:18.439+0000] {dagbag.py:537} INFO - Filling up the DagBag from /home/airflow/.local/lib/python3.7/site-packages/airflow/example_dags/tutorial_taskflow_api.py
[2025-01-27T09:04:18.473+0000] {processor.py:766} INFO - DAG(s) dict_keys(['tutorial_taskflow_api']) retrieved from /home/airflow/.local/lib/python3.7/site-packages/airflow/example_dags/tutorial_taskflow_api.py
[2025-01-27T09:04:18.543+0000] {logging_mixin.py:120} INFO - [2025-01-27T09:04:18.542+0000] {dag.py:2585} INFO - Sync 1 DAGs
[2025-01-27T09:04:18.590+0000] {logging_mixin.py:120} INFO - [2025-01-27T09:04:18.590+0000] {dag.py:3340} INFO - Setting next_dagrun for tutorial_taskflow_api to None, run_after=None
[2025-01-27T09:04:18.624+0000] {processor.py:176} INFO - Processing /home/airflow/.local/lib/python3.7/site-packages/airflow/example_dags/tutorial_taskflow_api.py took 0.194 seconds
[2025-01-27T09:04:48.905+0000] {processor.py:154} INFO - Started process (PID=3566) to work on /home/airflow/.local/lib/python3.7/site-packages/airflow/example_dags/tutorial_taskflow_api.py
[2025-01-27T09:04:48.909+0000] {processor.py:756} INFO - Processing file /home/airflow/.local/lib/python3.7/site-packages/airflow/example_dags/tutorial_taskflow_api.py for tasks to queue
[2025-01-27T09:04:48.914+0000] {logging_mixin.py:120} INFO - [2025-01-27T09:04:48.914+0000] {dagbag.py:537} INFO - Filling up the DagBag from /home/airflow/.local/lib/python3.7/site-packages/airflow/example_dags/tutorial_taskflow_api.py
[2025-01-27T09:04:48.961+0000] {processor.py:766} INFO - DAG(s) dict_keys(['tutorial_taskflow_api']) retrieved from /home/airflow/.local/lib/python3.7/site-packages/airflow/example_dags/tutorial_taskflow_api.py
[2025-01-27T09:04:49.036+0000] {logging_mixin.py:120} INFO - [2025-01-27T09:04:49.036+0000] {dag.py:2585} INFO - Sync 1 DAGs
[2025-01-27T09:04:49.086+0000] {logging_mixin.py:120} INFO - [2025-01-27T09:04:49.086+0000] {dag.py:3340} INFO - Setting next_dagrun for tutorial_taskflow_api to None, run_after=None
[2025-01-27T09:04:49.128+0000] {processor.py:176} INFO - Processing /home/airflow/.local/lib/python3.7/site-packages/airflow/example_dags/tutorial_taskflow_api.py took 0.229 seconds
[2025-01-27T09:05:20.500+0000] {processor.py:154} INFO - Started process (PID=3619) to work on /home/airflow/.local/lib/python3.7/site-packages/airflow/example_dags/tutorial_taskflow_api.py
[2025-01-27T09:05:20.503+0000] {processor.py:756} INFO - Processing file /home/airflow/.local/lib/python3.7/site-packages/airflow/example_dags/tutorial_taskflow_api.py for tasks to queue
[2025-01-27T09:05:20.504+0000] {logging_mixin.py:120} INFO - [2025-01-27T09:05:20.504+0000] {dagbag.py:537} INFO - Filling up the DagBag from /home/airflow/.local/lib/python3.7/site-packages/airflow/example_dags/tutorial_taskflow_api.py
[2025-01-27T09:05:20.545+0000] {processor.py:766} INFO - DAG(s) dict_keys(['tutorial_taskflow_api']) retrieved from /home/airflow/.local/lib/python3.7/site-packages/airflow/example_dags/tutorial_taskflow_api.py
[2025-01-27T09:05:20.663+0000] {logging_mixin.py:120} INFO - [2025-01-27T09:05:20.663+0000] {dag.py:2585} INFO - Sync 1 DAGs
[2025-01-27T09:05:20.716+0000] {logging_mixin.py:120} INFO - [2025-01-27T09:05:20.716+0000] {dag.py:3340} INFO - Setting next_dagrun for tutorial_taskflow_api to None, run_after=None
[2025-01-27T09:05:20.756+0000] {processor.py:176} INFO - Processing /home/airflow/.local/lib/python3.7/site-packages/airflow/example_dags/tutorial_taskflow_api.py took 0.261 seconds
[2025-01-27T09:05:51.846+0000] {processor.py:154} INFO - Started process (PID=3680) to work on /home/airflow/.local/lib/python3.7/site-packages/airflow/example_dags/tutorial_taskflow_api.py
[2025-01-27T09:05:51.849+0000] {processor.py:756} INFO - Processing file /home/airflow/.local/lib/python3.7/site-packages/airflow/example_dags/tutorial_taskflow_api.py for tasks to queue
[2025-01-27T09:05:51.850+0000] {logging_mixin.py:120} INFO - [2025-01-27T09:05:51.850+0000] {dagbag.py:537} INFO - Filling up the DagBag from /home/airflow/.local/lib/python3.7/site-packages/airflow/example_dags/tutorial_taskflow_api.py
[2025-01-27T09:05:51.893+0000] {processor.py:766} INFO - DAG(s) dict_keys(['tutorial_taskflow_api']) retrieved from /home/airflow/.local/lib/python3.7/site-packages/airflow/example_dags/tutorial_taskflow_api.py
[2025-01-27T09:05:51.977+0000] {logging_mixin.py:120} INFO - [2025-01-27T09:05:51.977+0000] {dag.py:2585} INFO - Sync 1 DAGs
[2025-01-27T09:05:52.036+0000] {logging_mixin.py:120} INFO - [2025-01-27T09:05:52.036+0000] {dag.py:3340} INFO - Setting next_dagrun for tutorial_taskflow_api to None, run_after=None
[2025-01-27T09:05:52.079+0000] {processor.py:176} INFO - Processing /home/airflow/.local/lib/python3.7/site-packages/airflow/example_dags/tutorial_taskflow_api.py took 0.243 seconds
[2025-01-27T09:06:23.257+0000] {processor.py:154} INFO - Started process (PID=3734) to work on /home/airflow/.local/lib/python3.7/site-packages/airflow/example_dags/tutorial_taskflow_api.py
[2025-01-27T09:06:23.259+0000] {processor.py:756} INFO - Processing file /home/airflow/.local/lib/python3.7/site-packages/airflow/example_dags/tutorial_taskflow_api.py for tasks to queue
[2025-01-27T09:06:23.261+0000] {logging_mixin.py:120} INFO - [2025-01-27T09:06:23.260+0000] {dagbag.py:537} INFO - Filling up the DagBag from /home/airflow/.local/lib/python3.7/site-packages/airflow/example_dags/tutorial_taskflow_api.py
[2025-01-27T09:06:23.334+0000] {processor.py:766} INFO - DAG(s) dict_keys(['tutorial_taskflow_api']) retrieved from /home/airflow/.local/lib/python3.7/site-packages/airflow/example_dags/tutorial_taskflow_api.py
[2025-01-27T09:06:23.452+0000] {logging_mixin.py:120} INFO - [2025-01-27T09:06:23.451+0000] {dag.py:2585} INFO - Sync 1 DAGs
[2025-01-27T09:06:23.503+0000] {logging_mixin.py:120} INFO - [2025-01-27T09:06:23.503+0000] {dag.py:3340} INFO - Setting next_dagrun for tutorial_taskflow_api to None, run_after=None
[2025-01-27T09:06:23.546+0000] {processor.py:176} INFO - Processing /home/airflow/.local/lib/python3.7/site-packages/airflow/example_dags/tutorial_taskflow_api.py took 0.297 seconds
[2025-01-27T09:06:54.187+0000] {processor.py:154} INFO - Started process (PID=3796) to work on /home/airflow/.local/lib/python3.7/site-packages/airflow/example_dags/tutorial_taskflow_api.py
[2025-01-27T09:06:54.189+0000] {processor.py:756} INFO - Processing file /home/airflow/.local/lib/python3.7/site-packages/airflow/example_dags/tutorial_taskflow_api.py for tasks to queue
[2025-01-27T09:06:54.192+0000] {logging_mixin.py:120} INFO - [2025-01-27T09:06:54.192+0000] {dagbag.py:537} INFO - Filling up the DagBag from /home/airflow/.local/lib/python3.7/site-packages/airflow/example_dags/tutorial_taskflow_api.py
[2025-01-27T09:06:54.249+0000] {processor.py:766} INFO - DAG(s) dict_keys(['tutorial_taskflow_api']) retrieved from /home/airflow/.local/lib/python3.7/site-packages/airflow/example_dags/tutorial_taskflow_api.py
[2025-01-27T09:06:54.347+0000] {logging_mixin.py:120} INFO - [2025-01-27T09:06:54.347+0000] {dag.py:2585} INFO - Sync 1 DAGs
[2025-01-27T09:06:54.426+0000] {logging_mixin.py:120} INFO - [2025-01-27T09:06:54.426+0000] {dag.py:3340} INFO - Setting next_dagrun for tutorial_taskflow_api to None, run_after=None
[2025-01-27T09:06:54.481+0000] {processor.py:176} INFO - Processing /home/airflow/.local/lib/python3.7/site-packages/airflow/example_dags/tutorial_taskflow_api.py took 0.301 seconds
[2025-01-27T09:07:24.834+0000] {processor.py:154} INFO - Started process (PID=3850) to work on /home/airflow/.local/lib/python3.7/site-packages/airflow/example_dags/tutorial_taskflow_api.py
[2025-01-27T09:07:24.836+0000] {processor.py:756} INFO - Processing file /home/airflow/.local/lib/python3.7/site-packages/airflow/example_dags/tutorial_taskflow_api.py for tasks to queue
[2025-01-27T09:07:24.839+0000] {logging_mixin.py:120} INFO - [2025-01-27T09:07:24.839+0000] {dagbag.py:537} INFO - Filling up the DagBag from /home/airflow/.local/lib/python3.7/site-packages/airflow/example_dags/tutorial_taskflow_api.py
[2025-01-27T09:07:24.877+0000] {processor.py:766} INFO - DAG(s) dict_keys(['tutorial_taskflow_api']) retrieved from /home/airflow/.local/lib/python3.7/site-packages/airflow/example_dags/tutorial_taskflow_api.py
[2025-01-27T09:07:24.950+0000] {logging_mixin.py:120} INFO - [2025-01-27T09:07:24.950+0000] {dag.py:2585} INFO - Sync 1 DAGs
[2025-01-27T09:07:24.997+0000] {logging_mixin.py:120} INFO - [2025-01-27T09:07:24.996+0000] {dag.py:3340} INFO - Setting next_dagrun for tutorial_taskflow_api to None, run_after=None
[2025-01-27T09:07:25.027+0000] {processor.py:176} INFO - Processing /home/airflow/.local/lib/python3.7/site-packages/airflow/example_dags/tutorial_taskflow_api.py took 0.200 seconds
[2025-01-27T09:07:55.497+0000] {processor.py:154} INFO - Started process (PID=3911) to work on /home/airflow/.local/lib/python3.7/site-packages/airflow/example_dags/tutorial_taskflow_api.py
[2025-01-27T09:07:55.499+0000] {processor.py:756} INFO - Processing file /home/airflow/.local/lib/python3.7/site-packages/airflow/example_dags/tutorial_taskflow_api.py for tasks to queue
[2025-01-27T09:07:55.501+0000] {logging_mixin.py:120} INFO - [2025-01-27T09:07:55.501+0000] {dagbag.py:537} INFO - Filling up the DagBag from /home/airflow/.local/lib/python3.7/site-packages/airflow/example_dags/tutorial_taskflow_api.py
[2025-01-27T09:07:55.546+0000] {processor.py:766} INFO - DAG(s) dict_keys(['tutorial_taskflow_api']) retrieved from /home/airflow/.local/lib/python3.7/site-packages/airflow/example_dags/tutorial_taskflow_api.py
[2025-01-27T09:07:55.652+0000] {logging_mixin.py:120} INFO - [2025-01-27T09:07:55.651+0000] {dag.py:2585} INFO - Sync 1 DAGs
[2025-01-27T09:07:55.704+0000] {logging_mixin.py:120} INFO - [2025-01-27T09:07:55.704+0000] {dag.py:3340} INFO - Setting next_dagrun for tutorial_taskflow_api to None, run_after=None
[2025-01-27T09:07:55.751+0000] {processor.py:176} INFO - Processing /home/airflow/.local/lib/python3.7/site-packages/airflow/example_dags/tutorial_taskflow_api.py took 0.262 seconds
[2025-01-27T09:08:27.297+0000] {processor.py:154} INFO - Started process (PID=3967) to work on /home/airflow/.local/lib/python3.7/site-packages/airflow/example_dags/tutorial_taskflow_api.py
[2025-01-27T09:08:27.298+0000] {processor.py:756} INFO - Processing file /home/airflow/.local/lib/python3.7/site-packages/airflow/example_dags/tutorial_taskflow_api.py for tasks to queue
[2025-01-27T09:08:27.299+0000] {logging_mixin.py:120} INFO - [2025-01-27T09:08:27.299+0000] {dagbag.py:537} INFO - Filling up the DagBag from /home/airflow/.local/lib/python3.7/site-packages/airflow/example_dags/tutorial_taskflow_api.py
[2025-01-27T09:08:27.350+0000] {processor.py:766} INFO - DAG(s) dict_keys(['tutorial_taskflow_api']) retrieved from /home/airflow/.local/lib/python3.7/site-packages/airflow/example_dags/tutorial_taskflow_api.py
[2025-01-27T09:08:27.428+0000] {logging_mixin.py:120} INFO - [2025-01-27T09:08:27.428+0000] {dag.py:2585} INFO - Sync 1 DAGs
[2025-01-27T09:08:27.487+0000] {logging_mixin.py:120} INFO - [2025-01-27T09:08:27.486+0000] {dag.py:3340} INFO - Setting next_dagrun for tutorial_taskflow_api to None, run_after=None
[2025-01-27T09:08:27.533+0000] {processor.py:176} INFO - Processing /home/airflow/.local/lib/python3.7/site-packages/airflow/example_dags/tutorial_taskflow_api.py took 0.243 seconds
