[2025-01-27T08:34:02.578+0000] {processor.py:154} INFO - Started process (PID=91) to work on /home/airflow/.local/lib/python3.7/site-packages/airflow/example_dags/tutorial.py
[2025-01-27T08:34:02.581+0000] {processor.py:756} INFO - Processing file /home/airflow/.local/lib/python3.7/site-packages/airflow/example_dags/tutorial.py for tasks to queue
[2025-01-27T08:34:02.585+0000] {logging_mixin.py:120} INFO - [2025-01-27T08:34:02.585+0000] {dagbag.py:537} INFO - Filling up the DagBag from /home/airflow/.local/lib/python3.7/site-packages/airflow/example_dags/tutorial.py
[2025-01-27T08:34:02.637+0000] {processor.py:766} INFO - DAG(s) dict_keys(['tutorial']) retrieved from /home/airflow/.local/lib/python3.7/site-packages/airflow/example_dags/tutorial.py
[2025-01-27T08:34:03.080+0000] {logging_mixin.py:120} INFO - [2025-01-27T08:34:03.080+0000] {manager.py:507} INFO - Created Permission View: can edit on DAG:tutorial
[2025-01-27T08:34:03.103+0000] {logging_mixin.py:120} INFO - [2025-01-27T08:34:03.103+0000] {manager.py:507} INFO - Created Permission View: can read on DAG:tutorial
[2025-01-27T08:34:03.125+0000] {logging_mixin.py:120} INFO - [2025-01-27T08:34:03.125+0000] {manager.py:507} INFO - Created Permission View: can delete on DAG:tutorial
[2025-01-27T08:34:03.127+0000] {logging_mixin.py:120} INFO - [2025-01-27T08:34:03.127+0000] {dag.py:2585} INFO - Sync 1 DAGs
[2025-01-27T08:34:03.179+0000] {logging_mixin.py:120} INFO - [2025-01-27T08:34:03.179+0000] {dag.py:2606} INFO - Creating ORM DAG for tutorial
[2025-01-27T08:34:03.215+0000] {logging_mixin.py:120} INFO - [2025-01-27T08:34:03.214+0000] {dag.py:3340} INFO - Setting next_dagrun for tutorial to 2025-01-26T08:34:03.214521+00:00, run_after=2025-01-27T08:34:03.214521+00:00
[2025-01-27T08:34:03.263+0000] {processor.py:176} INFO - Processing /home/airflow/.local/lib/python3.7/site-packages/airflow/example_dags/tutorial.py took 0.693 seconds
[2025-01-27T08:34:33.510+0000] {processor.py:154} INFO - Started process (PID=145) to work on /home/airflow/.local/lib/python3.7/site-packages/airflow/example_dags/tutorial.py
[2025-01-27T08:34:33.512+0000] {processor.py:756} INFO - Processing file /home/airflow/.local/lib/python3.7/site-packages/airflow/example_dags/tutorial.py for tasks to queue
[2025-01-27T08:34:33.516+0000] {logging_mixin.py:120} INFO - [2025-01-27T08:34:33.515+0000] {dagbag.py:537} INFO - Filling up the DagBag from /home/airflow/.local/lib/python3.7/site-packages/airflow/example_dags/tutorial.py
[2025-01-27T08:34:33.547+0000] {processor.py:766} INFO - DAG(s) dict_keys(['tutorial']) retrieved from /home/airflow/.local/lib/python3.7/site-packages/airflow/example_dags/tutorial.py
[2025-01-27T08:34:33.626+0000] {logging_mixin.py:120} INFO - [2025-01-27T08:34:33.626+0000] {dag.py:2585} INFO - Sync 1 DAGs
[2025-01-27T08:34:33.676+0000] {logging_mixin.py:120} INFO - [2025-01-27T08:34:33.676+0000] {dag.py:3340} INFO - Setting next_dagrun for tutorial to 2025-01-26T08:34:33.675401+00:00, run_after=2025-01-27T08:34:33.675401+00:00
[2025-01-27T08:34:33.719+0000] {processor.py:176} INFO - Processing /home/airflow/.local/lib/python3.7/site-packages/airflow/example_dags/tutorial.py took 0.214 seconds
[2025-01-27T08:35:04.108+0000] {processor.py:154} INFO - Started process (PID=209) to work on /home/airflow/.local/lib/python3.7/site-packages/airflow/example_dags/tutorial.py
[2025-01-27T08:35:04.111+0000] {processor.py:756} INFO - Processing file /home/airflow/.local/lib/python3.7/site-packages/airflow/example_dags/tutorial.py for tasks to queue
[2025-01-27T08:35:04.113+0000] {logging_mixin.py:120} INFO - [2025-01-27T08:35:04.113+0000] {dagbag.py:537} INFO - Filling up the DagBag from /home/airflow/.local/lib/python3.7/site-packages/airflow/example_dags/tutorial.py
[2025-01-27T08:35:04.152+0000] {processor.py:766} INFO - DAG(s) dict_keys(['tutorial']) retrieved from /home/airflow/.local/lib/python3.7/site-packages/airflow/example_dags/tutorial.py
[2025-01-27T08:35:04.276+0000] {logging_mixin.py:120} INFO - [2025-01-27T08:35:04.276+0000] {dag.py:2585} INFO - Sync 1 DAGs
[2025-01-27T08:35:04.338+0000] {logging_mixin.py:120} INFO - [2025-01-27T08:35:04.338+0000] {dag.py:3340} INFO - Setting next_dagrun for tutorial to 2025-01-26T08:35:04.338146+00:00, run_after=2025-01-27T08:35:04.338146+00:00
[2025-01-27T08:35:04.381+0000] {processor.py:176} INFO - Processing /home/airflow/.local/lib/python3.7/site-packages/airflow/example_dags/tutorial.py took 0.280 seconds
[2025-01-27T08:35:35.229+0000] {processor.py:154} INFO - Started process (PID=262) to work on /home/airflow/.local/lib/python3.7/site-packages/airflow/example_dags/tutorial.py
[2025-01-27T08:35:35.231+0000] {processor.py:756} INFO - Processing file /home/airflow/.local/lib/python3.7/site-packages/airflow/example_dags/tutorial.py for tasks to queue
[2025-01-27T08:35:35.232+0000] {logging_mixin.py:120} INFO - [2025-01-27T08:35:35.232+0000] {dagbag.py:537} INFO - Filling up the DagBag from /home/airflow/.local/lib/python3.7/site-packages/airflow/example_dags/tutorial.py
[2025-01-27T08:35:35.261+0000] {processor.py:766} INFO - DAG(s) dict_keys(['tutorial']) retrieved from /home/airflow/.local/lib/python3.7/site-packages/airflow/example_dags/tutorial.py
[2025-01-27T08:35:35.329+0000] {logging_mixin.py:120} INFO - [2025-01-27T08:35:35.329+0000] {dag.py:2585} INFO - Sync 1 DAGs
[2025-01-27T08:35:35.372+0000] {logging_mixin.py:120} INFO - [2025-01-27T08:35:35.372+0000] {dag.py:3340} INFO - Setting next_dagrun for tutorial to 2025-01-26T08:35:35.371994+00:00, run_after=2025-01-27T08:35:35.371994+00:00
[2025-01-27T08:35:35.405+0000] {processor.py:176} INFO - Processing /home/airflow/.local/lib/python3.7/site-packages/airflow/example_dags/tutorial.py took 0.181 seconds
[2025-01-27T08:36:05.563+0000] {processor.py:154} INFO - Started process (PID=316) to work on /home/airflow/.local/lib/python3.7/site-packages/airflow/example_dags/tutorial.py
[2025-01-27T08:36:05.565+0000] {processor.py:756} INFO - Processing file /home/airflow/.local/lib/python3.7/site-packages/airflow/example_dags/tutorial.py for tasks to queue
[2025-01-27T08:36:05.566+0000] {logging_mixin.py:120} INFO - [2025-01-27T08:36:05.566+0000] {dagbag.py:537} INFO - Filling up the DagBag from /home/airflow/.local/lib/python3.7/site-packages/airflow/example_dags/tutorial.py
[2025-01-27T08:36:05.598+0000] {processor.py:766} INFO - DAG(s) dict_keys(['tutorial']) retrieved from /home/airflow/.local/lib/python3.7/site-packages/airflow/example_dags/tutorial.py
[2025-01-27T08:36:05.684+0000] {logging_mixin.py:120} INFO - [2025-01-27T08:36:05.684+0000] {dag.py:2585} INFO - Sync 1 DAGs
[2025-01-27T08:36:05.735+0000] {logging_mixin.py:120} INFO - [2025-01-27T08:36:05.734+0000] {dag.py:3340} INFO - Setting next_dagrun for tutorial to 2025-01-26T08:36:05.734417+00:00, run_after=2025-01-27T08:36:05.734417+00:00
[2025-01-27T08:36:05.786+0000] {processor.py:176} INFO - Processing /home/airflow/.local/lib/python3.7/site-packages/airflow/example_dags/tutorial.py took 0.229 seconds
[2025-01-27T08:36:36.234+0000] {processor.py:154} INFO - Started process (PID=378) to work on /home/airflow/.local/lib/python3.7/site-packages/airflow/example_dags/tutorial.py
[2025-01-27T08:36:36.236+0000] {processor.py:756} INFO - Processing file /home/airflow/.local/lib/python3.7/site-packages/airflow/example_dags/tutorial.py for tasks to queue
[2025-01-27T08:36:36.241+0000] {logging_mixin.py:120} INFO - [2025-01-27T08:36:36.241+0000] {dagbag.py:537} INFO - Filling up the DagBag from /home/airflow/.local/lib/python3.7/site-packages/airflow/example_dags/tutorial.py
[2025-01-27T08:36:36.265+0000] {processor.py:766} INFO - DAG(s) dict_keys(['tutorial']) retrieved from /home/airflow/.local/lib/python3.7/site-packages/airflow/example_dags/tutorial.py
[2025-01-27T08:36:36.340+0000] {logging_mixin.py:120} INFO - [2025-01-27T08:36:36.340+0000] {dag.py:2585} INFO - Sync 1 DAGs
[2025-01-27T08:36:36.485+0000] {logging_mixin.py:120} INFO - [2025-01-27T08:36:36.483+0000] {dag.py:3340} INFO - Setting next_dagrun for tutorial to 2025-01-26T08:36:36.477604+00:00, run_after=2025-01-27T08:36:36.477604+00:00
[2025-01-27T08:36:36.617+0000] {processor.py:176} INFO - Processing /home/airflow/.local/lib/python3.7/site-packages/airflow/example_dags/tutorial.py took 0.387 seconds
[2025-01-27T08:37:07.056+0000] {processor.py:154} INFO - Started process (PID=432) to work on /home/airflow/.local/lib/python3.7/site-packages/airflow/example_dags/tutorial.py
[2025-01-27T08:37:07.057+0000] {processor.py:756} INFO - Processing file /home/airflow/.local/lib/python3.7/site-packages/airflow/example_dags/tutorial.py for tasks to queue
[2025-01-27T08:37:07.059+0000] {logging_mixin.py:120} INFO - [2025-01-27T08:37:07.058+0000] {dagbag.py:537} INFO - Filling up the DagBag from /home/airflow/.local/lib/python3.7/site-packages/airflow/example_dags/tutorial.py
[2025-01-27T08:37:07.087+0000] {processor.py:766} INFO - DAG(s) dict_keys(['tutorial']) retrieved from /home/airflow/.local/lib/python3.7/site-packages/airflow/example_dags/tutorial.py
[2025-01-27T08:37:07.177+0000] {logging_mixin.py:120} INFO - [2025-01-27T08:37:07.177+0000] {dag.py:2585} INFO - Sync 1 DAGs
[2025-01-27T08:37:07.231+0000] {logging_mixin.py:120} INFO - [2025-01-27T08:37:07.231+0000] {dag.py:3340} INFO - Setting next_dagrun for tutorial to 2025-01-26T08:37:07.231000+00:00, run_after=2025-01-27T08:37:07.231000+00:00
[2025-01-27T08:37:07.273+0000] {processor.py:176} INFO - Processing /home/airflow/.local/lib/python3.7/site-packages/airflow/example_dags/tutorial.py took 0.223 seconds
[2025-01-27T08:37:37.937+0000] {processor.py:154} INFO - Started process (PID=495) to work on /home/airflow/.local/lib/python3.7/site-packages/airflow/example_dags/tutorial.py
[2025-01-27T08:37:37.939+0000] {processor.py:756} INFO - Processing file /home/airflow/.local/lib/python3.7/site-packages/airflow/example_dags/tutorial.py for tasks to queue
[2025-01-27T08:37:37.941+0000] {logging_mixin.py:120} INFO - [2025-01-27T08:37:37.941+0000] {dagbag.py:537} INFO - Filling up the DagBag from /home/airflow/.local/lib/python3.7/site-packages/airflow/example_dags/tutorial.py
[2025-01-27T08:37:37.966+0000] {processor.py:766} INFO - DAG(s) dict_keys(['tutorial']) retrieved from /home/airflow/.local/lib/python3.7/site-packages/airflow/example_dags/tutorial.py
[2025-01-27T08:37:38.045+0000] {logging_mixin.py:120} INFO - [2025-01-27T08:37:38.045+0000] {dag.py:2585} INFO - Sync 1 DAGs
[2025-01-27T08:37:38.095+0000] {logging_mixin.py:120} INFO - [2025-01-27T08:37:38.095+0000] {dag.py:3340} INFO - Setting next_dagrun for tutorial to 2025-01-26T08:37:38.095032+00:00, run_after=2025-01-27T08:37:38.095032+00:00
[2025-01-27T08:37:38.132+0000] {processor.py:176} INFO - Processing /home/airflow/.local/lib/python3.7/site-packages/airflow/example_dags/tutorial.py took 0.201 seconds
[2025-01-27T08:38:08.281+0000] {processor.py:154} INFO - Started process (PID=548) to work on /home/airflow/.local/lib/python3.7/site-packages/airflow/example_dags/tutorial.py
[2025-01-27T08:38:08.282+0000] {processor.py:756} INFO - Processing file /home/airflow/.local/lib/python3.7/site-packages/airflow/example_dags/tutorial.py for tasks to queue
[2025-01-27T08:38:08.283+0000] {logging_mixin.py:120} INFO - [2025-01-27T08:38:08.283+0000] {dagbag.py:537} INFO - Filling up the DagBag from /home/airflow/.local/lib/python3.7/site-packages/airflow/example_dags/tutorial.py
[2025-01-27T08:38:08.308+0000] {processor.py:766} INFO - DAG(s) dict_keys(['tutorial']) retrieved from /home/airflow/.local/lib/python3.7/site-packages/airflow/example_dags/tutorial.py
[2025-01-27T08:38:08.386+0000] {logging_mixin.py:120} INFO - [2025-01-27T08:38:08.386+0000] {dag.py:2585} INFO - Sync 1 DAGs
[2025-01-27T08:38:08.428+0000] {logging_mixin.py:120} INFO - [2025-01-27T08:38:08.428+0000] {dag.py:3340} INFO - Setting next_dagrun for tutorial to 2025-01-26T08:38:08.427601+00:00, run_after=2025-01-27T08:38:08.427601+00:00
[2025-01-27T08:38:08.464+0000] {processor.py:176} INFO - Processing /home/airflow/.local/lib/python3.7/site-packages/airflow/example_dags/tutorial.py took 0.189 seconds
[2025-01-27T08:38:38.847+0000] {processor.py:154} INFO - Started process (PID=611) to work on /home/airflow/.local/lib/python3.7/site-packages/airflow/example_dags/tutorial.py
[2025-01-27T08:38:38.851+0000] {processor.py:756} INFO - Processing file /home/airflow/.local/lib/python3.7/site-packages/airflow/example_dags/tutorial.py for tasks to queue
[2025-01-27T08:38:38.852+0000] {logging_mixin.py:120} INFO - [2025-01-27T08:38:38.852+0000] {dagbag.py:537} INFO - Filling up the DagBag from /home/airflow/.local/lib/python3.7/site-packages/airflow/example_dags/tutorial.py
[2025-01-27T08:38:38.877+0000] {processor.py:766} INFO - DAG(s) dict_keys(['tutorial']) retrieved from /home/airflow/.local/lib/python3.7/site-packages/airflow/example_dags/tutorial.py
[2025-01-27T08:38:38.951+0000] {logging_mixin.py:120} INFO - [2025-01-27T08:38:38.950+0000] {dag.py:2585} INFO - Sync 1 DAGs
[2025-01-27T08:38:39.067+0000] {logging_mixin.py:120} INFO - [2025-01-27T08:38:39.066+0000] {dag.py:3340} INFO - Setting next_dagrun for tutorial to 2025-01-26T08:38:39.066400+00:00, run_after=2025-01-27T08:38:39.066400+00:00
[2025-01-27T08:38:39.106+0000] {processor.py:176} INFO - Processing /home/airflow/.local/lib/python3.7/site-packages/airflow/example_dags/tutorial.py took 0.264 seconds
[2025-01-27T08:39:09.547+0000] {processor.py:154} INFO - Started process (PID=665) to work on /home/airflow/.local/lib/python3.7/site-packages/airflow/example_dags/tutorial.py
[2025-01-27T08:39:09.548+0000] {processor.py:756} INFO - Processing file /home/airflow/.local/lib/python3.7/site-packages/airflow/example_dags/tutorial.py for tasks to queue
[2025-01-27T08:39:09.550+0000] {logging_mixin.py:120} INFO - [2025-01-27T08:39:09.550+0000] {dagbag.py:537} INFO - Filling up the DagBag from /home/airflow/.local/lib/python3.7/site-packages/airflow/example_dags/tutorial.py
[2025-01-27T08:39:09.577+0000] {processor.py:766} INFO - DAG(s) dict_keys(['tutorial']) retrieved from /home/airflow/.local/lib/python3.7/site-packages/airflow/example_dags/tutorial.py
[2025-01-27T08:39:09.651+0000] {logging_mixin.py:120} INFO - [2025-01-27T08:39:09.651+0000] {dag.py:2585} INFO - Sync 1 DAGs
[2025-01-27T08:39:09.708+0000] {logging_mixin.py:120} INFO - [2025-01-27T08:39:09.708+0000] {dag.py:3340} INFO - Setting next_dagrun for tutorial to 2025-01-26T08:39:09.707664+00:00, run_after=2025-01-27T08:39:09.707664+00:00
[2025-01-27T08:39:09.746+0000] {processor.py:176} INFO - Processing /home/airflow/.local/lib/python3.7/site-packages/airflow/example_dags/tutorial.py took 0.204 seconds
[2025-01-27T08:39:40.742+0000] {processor.py:154} INFO - Started process (PID=727) to work on /home/airflow/.local/lib/python3.7/site-packages/airflow/example_dags/tutorial.py
[2025-01-27T08:39:40.744+0000] {processor.py:756} INFO - Processing file /home/airflow/.local/lib/python3.7/site-packages/airflow/example_dags/tutorial.py for tasks to queue
[2025-01-27T08:39:40.745+0000] {logging_mixin.py:120} INFO - [2025-01-27T08:39:40.745+0000] {dagbag.py:537} INFO - Filling up the DagBag from /home/airflow/.local/lib/python3.7/site-packages/airflow/example_dags/tutorial.py
[2025-01-27T08:39:40.768+0000] {processor.py:766} INFO - DAG(s) dict_keys(['tutorial']) retrieved from /home/airflow/.local/lib/python3.7/site-packages/airflow/example_dags/tutorial.py
[2025-01-27T08:39:40.842+0000] {logging_mixin.py:120} INFO - [2025-01-27T08:39:40.842+0000] {dag.py:2585} INFO - Sync 1 DAGs
[2025-01-27T08:39:40.885+0000] {logging_mixin.py:120} INFO - [2025-01-27T08:39:40.885+0000] {dag.py:3340} INFO - Setting next_dagrun for tutorial to 2025-01-26T08:39:40.884990+00:00, run_after=2025-01-27T08:39:40.884990+00:00
[2025-01-27T08:39:40.918+0000] {processor.py:176} INFO - Processing /home/airflow/.local/lib/python3.7/site-packages/airflow/example_dags/tutorial.py took 0.182 seconds
[2025-01-27T08:40:11.131+0000] {processor.py:154} INFO - Started process (PID=781) to work on /home/airflow/.local/lib/python3.7/site-packages/airflow/example_dags/tutorial.py
[2025-01-27T08:40:11.133+0000] {processor.py:756} INFO - Processing file /home/airflow/.local/lib/python3.7/site-packages/airflow/example_dags/tutorial.py for tasks to queue
[2025-01-27T08:40:11.134+0000] {logging_mixin.py:120} INFO - [2025-01-27T08:40:11.134+0000] {dagbag.py:537} INFO - Filling up the DagBag from /home/airflow/.local/lib/python3.7/site-packages/airflow/example_dags/tutorial.py
[2025-01-27T08:40:11.167+0000] {processor.py:766} INFO - DAG(s) dict_keys(['tutorial']) retrieved from /home/airflow/.local/lib/python3.7/site-packages/airflow/example_dags/tutorial.py
[2025-01-27T08:40:11.244+0000] {logging_mixin.py:120} INFO - [2025-01-27T08:40:11.244+0000] {dag.py:2585} INFO - Sync 1 DAGs
[2025-01-27T08:40:11.291+0000] {logging_mixin.py:120} INFO - [2025-01-27T08:40:11.290+0000] {dag.py:3340} INFO - Setting next_dagrun for tutorial to 2025-01-26T08:40:11.290558+00:00, run_after=2025-01-27T08:40:11.290558+00:00
[2025-01-27T08:40:11.325+0000] {processor.py:176} INFO - Processing /home/airflow/.local/lib/python3.7/site-packages/airflow/example_dags/tutorial.py took 0.200 seconds
[2025-01-27T08:40:41.857+0000] {processor.py:154} INFO - Started process (PID=844) to work on /home/airflow/.local/lib/python3.7/site-packages/airflow/example_dags/tutorial.py
[2025-01-27T08:40:41.858+0000] {processor.py:756} INFO - Processing file /home/airflow/.local/lib/python3.7/site-packages/airflow/example_dags/tutorial.py for tasks to queue
[2025-01-27T08:40:41.859+0000] {logging_mixin.py:120} INFO - [2025-01-27T08:40:41.859+0000] {dagbag.py:537} INFO - Filling up the DagBag from /home/airflow/.local/lib/python3.7/site-packages/airflow/example_dags/tutorial.py
[2025-01-27T08:40:41.887+0000] {processor.py:766} INFO - DAG(s) dict_keys(['tutorial']) retrieved from /home/airflow/.local/lib/python3.7/site-packages/airflow/example_dags/tutorial.py
[2025-01-27T08:40:41.962+0000] {logging_mixin.py:120} INFO - [2025-01-27T08:40:41.962+0000] {dag.py:2585} INFO - Sync 1 DAGs
[2025-01-27T08:40:42.008+0000] {logging_mixin.py:120} INFO - [2025-01-27T08:40:42.008+0000] {dag.py:3340} INFO - Setting next_dagrun for tutorial to 2025-01-26T08:40:42.007948+00:00, run_after=2025-01-27T08:40:42.007948+00:00
[2025-01-27T08:40:42.048+0000] {processor.py:176} INFO - Processing /home/airflow/.local/lib/python3.7/site-packages/airflow/example_dags/tutorial.py took 0.197 seconds
[2025-01-27T08:41:12.619+0000] {processor.py:154} INFO - Started process (PID=898) to work on /home/airflow/.local/lib/python3.7/site-packages/airflow/example_dags/tutorial.py
[2025-01-27T08:41:12.621+0000] {processor.py:756} INFO - Processing file /home/airflow/.local/lib/python3.7/site-packages/airflow/example_dags/tutorial.py for tasks to queue
[2025-01-27T08:41:12.622+0000] {logging_mixin.py:120} INFO - [2025-01-27T08:41:12.622+0000] {dagbag.py:537} INFO - Filling up the DagBag from /home/airflow/.local/lib/python3.7/site-packages/airflow/example_dags/tutorial.py
[2025-01-27T08:41:12.657+0000] {processor.py:766} INFO - DAG(s) dict_keys(['tutorial']) retrieved from /home/airflow/.local/lib/python3.7/site-packages/airflow/example_dags/tutorial.py
[2025-01-27T08:41:12.748+0000] {logging_mixin.py:120} INFO - [2025-01-27T08:41:12.747+0000] {dag.py:2585} INFO - Sync 1 DAGs
[2025-01-27T08:41:12.809+0000] {logging_mixin.py:120} INFO - [2025-01-27T08:41:12.809+0000] {dag.py:3340} INFO - Setting next_dagrun for tutorial to 2025-01-26T08:41:12.808780+00:00, run_after=2025-01-27T08:41:12.808780+00:00
[2025-01-27T08:41:12.854+0000] {processor.py:176} INFO - Processing /home/airflow/.local/lib/python3.7/site-packages/airflow/example_dags/tutorial.py took 0.240 seconds
[2025-01-27T08:41:43.327+0000] {processor.py:154} INFO - Started process (PID=960) to work on /home/airflow/.local/lib/python3.7/site-packages/airflow/example_dags/tutorial.py
[2025-01-27T08:41:43.328+0000] {processor.py:756} INFO - Processing file /home/airflow/.local/lib/python3.7/site-packages/airflow/example_dags/tutorial.py for tasks to queue
[2025-01-27T08:41:43.329+0000] {logging_mixin.py:120} INFO - [2025-01-27T08:41:43.329+0000] {dagbag.py:537} INFO - Filling up the DagBag from /home/airflow/.local/lib/python3.7/site-packages/airflow/example_dags/tutorial.py
[2025-01-27T08:41:43.355+0000] {processor.py:766} INFO - DAG(s) dict_keys(['tutorial']) retrieved from /home/airflow/.local/lib/python3.7/site-packages/airflow/example_dags/tutorial.py
[2025-01-27T08:41:43.430+0000] {logging_mixin.py:120} INFO - [2025-01-27T08:41:43.429+0000] {dag.py:2585} INFO - Sync 1 DAGs
[2025-01-27T08:41:43.480+0000] {logging_mixin.py:120} INFO - [2025-01-27T08:41:43.479+0000] {dag.py:3340} INFO - Setting next_dagrun for tutorial to 2025-01-26T08:41:43.479430+00:00, run_after=2025-01-27T08:41:43.479430+00:00
[2025-01-27T08:41:43.514+0000] {processor.py:176} INFO - Processing /home/airflow/.local/lib/python3.7/site-packages/airflow/example_dags/tutorial.py took 0.193 seconds
[2025-01-27T08:42:13.734+0000] {processor.py:154} INFO - Started process (PID=1013) to work on /home/airflow/.local/lib/python3.7/site-packages/airflow/example_dags/tutorial.py
[2025-01-27T08:42:13.737+0000] {processor.py:756} INFO - Processing file /home/airflow/.local/lib/python3.7/site-packages/airflow/example_dags/tutorial.py for tasks to queue
[2025-01-27T08:42:13.739+0000] {logging_mixin.py:120} INFO - [2025-01-27T08:42:13.739+0000] {dagbag.py:537} INFO - Filling up the DagBag from /home/airflow/.local/lib/python3.7/site-packages/airflow/example_dags/tutorial.py
[2025-01-27T08:42:13.770+0000] {processor.py:766} INFO - DAG(s) dict_keys(['tutorial']) retrieved from /home/airflow/.local/lib/python3.7/site-packages/airflow/example_dags/tutorial.py
[2025-01-27T08:42:13.869+0000] {logging_mixin.py:120} INFO - [2025-01-27T08:42:13.868+0000] {dag.py:2585} INFO - Sync 1 DAGs
[2025-01-27T08:42:13.923+0000] {logging_mixin.py:120} INFO - [2025-01-27T08:42:13.922+0000] {dag.py:3340} INFO - Setting next_dagrun for tutorial to 2025-01-26T08:42:13.922514+00:00, run_after=2025-01-27T08:42:13.922514+00:00
[2025-01-27T08:42:13.965+0000] {processor.py:176} INFO - Processing /home/airflow/.local/lib/python3.7/site-packages/airflow/example_dags/tutorial.py took 0.239 seconds
[2025-01-27T08:42:44.561+0000] {processor.py:154} INFO - Started process (PID=1076) to work on /home/airflow/.local/lib/python3.7/site-packages/airflow/example_dags/tutorial.py
[2025-01-27T08:42:44.563+0000] {processor.py:756} INFO - Processing file /home/airflow/.local/lib/python3.7/site-packages/airflow/example_dags/tutorial.py for tasks to queue
[2025-01-27T08:42:44.564+0000] {logging_mixin.py:120} INFO - [2025-01-27T08:42:44.564+0000] {dagbag.py:537} INFO - Filling up the DagBag from /home/airflow/.local/lib/python3.7/site-packages/airflow/example_dags/tutorial.py
[2025-01-27T08:42:44.617+0000] {processor.py:766} INFO - DAG(s) dict_keys(['tutorial']) retrieved from /home/airflow/.local/lib/python3.7/site-packages/airflow/example_dags/tutorial.py
[2025-01-27T08:42:44.725+0000] {logging_mixin.py:120} INFO - [2025-01-27T08:42:44.724+0000] {dag.py:2585} INFO - Sync 1 DAGs
[2025-01-27T08:42:44.794+0000] {logging_mixin.py:120} INFO - [2025-01-27T08:42:44.794+0000] {dag.py:3340} INFO - Setting next_dagrun for tutorial to 2025-01-26T08:42:44.794215+00:00, run_after=2025-01-27T08:42:44.794215+00:00
[2025-01-27T08:42:44.840+0000] {processor.py:176} INFO - Processing /home/airflow/.local/lib/python3.7/site-packages/airflow/example_dags/tutorial.py took 0.285 seconds
[2025-01-27T08:43:15.287+0000] {processor.py:154} INFO - Started process (PID=1129) to work on /home/airflow/.local/lib/python3.7/site-packages/airflow/example_dags/tutorial.py
[2025-01-27T08:43:15.291+0000] {processor.py:756} INFO - Processing file /home/airflow/.local/lib/python3.7/site-packages/airflow/example_dags/tutorial.py for tasks to queue
[2025-01-27T08:43:15.292+0000] {logging_mixin.py:120} INFO - [2025-01-27T08:43:15.292+0000] {dagbag.py:537} INFO - Filling up the DagBag from /home/airflow/.local/lib/python3.7/site-packages/airflow/example_dags/tutorial.py
[2025-01-27T08:43:15.320+0000] {processor.py:766} INFO - DAG(s) dict_keys(['tutorial']) retrieved from /home/airflow/.local/lib/python3.7/site-packages/airflow/example_dags/tutorial.py
[2025-01-27T08:43:15.388+0000] {logging_mixin.py:120} INFO - [2025-01-27T08:43:15.388+0000] {dag.py:2585} INFO - Sync 1 DAGs
[2025-01-27T08:43:15.433+0000] {logging_mixin.py:120} INFO - [2025-01-27T08:43:15.433+0000] {dag.py:3340} INFO - Setting next_dagrun for tutorial to 2025-01-26T08:43:15.432881+00:00, run_after=2025-01-27T08:43:15.432881+00:00
[2025-01-27T08:43:15.469+0000] {processor.py:176} INFO - Processing /home/airflow/.local/lib/python3.7/site-packages/airflow/example_dags/tutorial.py took 0.187 seconds
[2025-01-27T08:43:46.029+0000] {processor.py:154} INFO - Started process (PID=1188) to work on /home/airflow/.local/lib/python3.7/site-packages/airflow/example_dags/tutorial.py
[2025-01-27T08:43:46.031+0000] {processor.py:756} INFO - Processing file /home/airflow/.local/lib/python3.7/site-packages/airflow/example_dags/tutorial.py for tasks to queue
[2025-01-27T08:43:46.032+0000] {logging_mixin.py:120} INFO - [2025-01-27T08:43:46.032+0000] {dagbag.py:537} INFO - Filling up the DagBag from /home/airflow/.local/lib/python3.7/site-packages/airflow/example_dags/tutorial.py
[2025-01-27T08:43:46.067+0000] {processor.py:766} INFO - DAG(s) dict_keys(['tutorial']) retrieved from /home/airflow/.local/lib/python3.7/site-packages/airflow/example_dags/tutorial.py
[2025-01-27T08:43:46.149+0000] {logging_mixin.py:120} INFO - [2025-01-27T08:43:46.149+0000] {dag.py:2585} INFO - Sync 1 DAGs
[2025-01-27T08:43:46.204+0000] {logging_mixin.py:120} INFO - [2025-01-27T08:43:46.204+0000] {dag.py:3340} INFO - Setting next_dagrun for tutorial to 2025-01-26T08:43:46.203346+00:00, run_after=2025-01-27T08:43:46.203346+00:00
[2025-01-27T08:43:46.247+0000] {processor.py:176} INFO - Processing /home/airflow/.local/lib/python3.7/site-packages/airflow/example_dags/tutorial.py took 0.224 seconds
[2025-01-27T08:44:16.328+0000] {processor.py:154} INFO - Started process (PID=1244) to work on /home/airflow/.local/lib/python3.7/site-packages/airflow/example_dags/tutorial.py
[2025-01-27T08:44:16.330+0000] {processor.py:756} INFO - Processing file /home/airflow/.local/lib/python3.7/site-packages/airflow/example_dags/tutorial.py for tasks to queue
[2025-01-27T08:44:16.331+0000] {logging_mixin.py:120} INFO - [2025-01-27T08:44:16.331+0000] {dagbag.py:537} INFO - Filling up the DagBag from /home/airflow/.local/lib/python3.7/site-packages/airflow/example_dags/tutorial.py
[2025-01-27T08:44:16.358+0000] {processor.py:766} INFO - DAG(s) dict_keys(['tutorial']) retrieved from /home/airflow/.local/lib/python3.7/site-packages/airflow/example_dags/tutorial.py
[2025-01-27T08:44:16.440+0000] {logging_mixin.py:120} INFO - [2025-01-27T08:44:16.440+0000] {dag.py:2585} INFO - Sync 1 DAGs
[2025-01-27T08:44:16.487+0000] {logging_mixin.py:120} INFO - [2025-01-27T08:44:16.487+0000] {dag.py:3340} INFO - Setting next_dagrun for tutorial to 2025-01-26T08:44:16.487124+00:00, run_after=2025-01-27T08:44:16.487124+00:00
[2025-01-27T08:44:16.528+0000] {processor.py:176} INFO - Processing /home/airflow/.local/lib/python3.7/site-packages/airflow/example_dags/tutorial.py took 0.205 seconds
[2025-01-27T08:44:46.891+0000] {processor.py:154} INFO - Started process (PID=1298) to work on /home/airflow/.local/lib/python3.7/site-packages/airflow/example_dags/tutorial.py
[2025-01-27T08:44:46.894+0000] {processor.py:756} INFO - Processing file /home/airflow/.local/lib/python3.7/site-packages/airflow/example_dags/tutorial.py for tasks to queue
[2025-01-27T08:44:46.895+0000] {logging_mixin.py:120} INFO - [2025-01-27T08:44:46.895+0000] {dagbag.py:537} INFO - Filling up the DagBag from /home/airflow/.local/lib/python3.7/site-packages/airflow/example_dags/tutorial.py
[2025-01-27T08:44:46.926+0000] {processor.py:766} INFO - DAG(s) dict_keys(['tutorial']) retrieved from /home/airflow/.local/lib/python3.7/site-packages/airflow/example_dags/tutorial.py
[2025-01-27T08:44:47.019+0000] {logging_mixin.py:120} INFO - [2025-01-27T08:44:47.019+0000] {dag.py:2585} INFO - Sync 1 DAGs
[2025-01-27T08:44:47.078+0000] {logging_mixin.py:120} INFO - [2025-01-27T08:44:47.078+0000] {dag.py:3340} INFO - Setting next_dagrun for tutorial to 2025-01-26T08:44:47.078141+00:00, run_after=2025-01-27T08:44:47.078141+00:00
[2025-01-27T08:44:47.120+0000] {processor.py:176} INFO - Processing /home/airflow/.local/lib/python3.7/site-packages/airflow/example_dags/tutorial.py took 0.235 seconds
[2025-01-27T08:45:17.967+0000] {processor.py:154} INFO - Started process (PID=1362) to work on /home/airflow/.local/lib/python3.7/site-packages/airflow/example_dags/tutorial.py
[2025-01-27T08:45:17.969+0000] {processor.py:756} INFO - Processing file /home/airflow/.local/lib/python3.7/site-packages/airflow/example_dags/tutorial.py for tasks to queue
[2025-01-27T08:45:17.971+0000] {logging_mixin.py:120} INFO - [2025-01-27T08:45:17.970+0000] {dagbag.py:537} INFO - Filling up the DagBag from /home/airflow/.local/lib/python3.7/site-packages/airflow/example_dags/tutorial.py
[2025-01-27T08:45:17.999+0000] {processor.py:766} INFO - DAG(s) dict_keys(['tutorial']) retrieved from /home/airflow/.local/lib/python3.7/site-packages/airflow/example_dags/tutorial.py
[2025-01-27T08:45:18.085+0000] {logging_mixin.py:120} INFO - [2025-01-27T08:45:18.084+0000] {dag.py:2585} INFO - Sync 1 DAGs
[2025-01-27T08:45:18.130+0000] {logging_mixin.py:120} INFO - [2025-01-27T08:45:18.130+0000] {dag.py:3340} INFO - Setting next_dagrun for tutorial to 2025-01-26T08:45:18.130371+00:00, run_after=2025-01-27T08:45:18.130371+00:00
[2025-01-27T08:45:18.169+0000] {processor.py:176} INFO - Processing /home/airflow/.local/lib/python3.7/site-packages/airflow/example_dags/tutorial.py took 0.210 seconds
[2025-01-27T08:45:48.901+0000] {processor.py:154} INFO - Started process (PID=1415) to work on /home/airflow/.local/lib/python3.7/site-packages/airflow/example_dags/tutorial.py
[2025-01-27T08:45:48.902+0000] {processor.py:756} INFO - Processing file /home/airflow/.local/lib/python3.7/site-packages/airflow/example_dags/tutorial.py for tasks to queue
[2025-01-27T08:45:48.904+0000] {logging_mixin.py:120} INFO - [2025-01-27T08:45:48.904+0000] {dagbag.py:537} INFO - Filling up the DagBag from /home/airflow/.local/lib/python3.7/site-packages/airflow/example_dags/tutorial.py
[2025-01-27T08:45:48.932+0000] {processor.py:766} INFO - DAG(s) dict_keys(['tutorial']) retrieved from /home/airflow/.local/lib/python3.7/site-packages/airflow/example_dags/tutorial.py
[2025-01-27T08:45:49.015+0000] {logging_mixin.py:120} INFO - [2025-01-27T08:45:49.015+0000] {dag.py:2585} INFO - Sync 1 DAGs
[2025-01-27T08:45:49.066+0000] {logging_mixin.py:120} INFO - [2025-01-27T08:45:49.066+0000] {dag.py:3340} INFO - Setting next_dagrun for tutorial to 2025-01-26T08:45:49.066106+00:00, run_after=2025-01-27T08:45:49.066106+00:00
[2025-01-27T08:45:49.111+0000] {processor.py:176} INFO - Processing /home/airflow/.local/lib/python3.7/site-packages/airflow/example_dags/tutorial.py took 0.216 seconds
[2025-01-27T08:46:19.728+0000] {processor.py:154} INFO - Started process (PID=1477) to work on /home/airflow/.local/lib/python3.7/site-packages/airflow/example_dags/tutorial.py
[2025-01-27T08:46:19.730+0000] {processor.py:756} INFO - Processing file /home/airflow/.local/lib/python3.7/site-packages/airflow/example_dags/tutorial.py for tasks to queue
[2025-01-27T08:46:19.732+0000] {logging_mixin.py:120} INFO - [2025-01-27T08:46:19.732+0000] {dagbag.py:537} INFO - Filling up the DagBag from /home/airflow/.local/lib/python3.7/site-packages/airflow/example_dags/tutorial.py
[2025-01-27T08:46:19.755+0000] {processor.py:766} INFO - DAG(s) dict_keys(['tutorial']) retrieved from /home/airflow/.local/lib/python3.7/site-packages/airflow/example_dags/tutorial.py
[2025-01-27T08:46:19.834+0000] {logging_mixin.py:120} INFO - [2025-01-27T08:46:19.834+0000] {dag.py:2585} INFO - Sync 1 DAGs
[2025-01-27T08:46:19.883+0000] {logging_mixin.py:120} INFO - [2025-01-27T08:46:19.882+0000] {dag.py:3340} INFO - Setting next_dagrun for tutorial to 2025-01-26T08:46:19.882361+00:00, run_after=2025-01-27T08:46:19.882361+00:00
[2025-01-27T08:46:19.916+0000] {processor.py:176} INFO - Processing /home/airflow/.local/lib/python3.7/site-packages/airflow/example_dags/tutorial.py took 0.194 seconds
[2025-01-27T08:46:50.260+0000] {processor.py:154} INFO - Started process (PID=1531) to work on /home/airflow/.local/lib/python3.7/site-packages/airflow/example_dags/tutorial.py
[2025-01-27T08:46:50.262+0000] {processor.py:756} INFO - Processing file /home/airflow/.local/lib/python3.7/site-packages/airflow/example_dags/tutorial.py for tasks to queue
[2025-01-27T08:46:50.263+0000] {logging_mixin.py:120} INFO - [2025-01-27T08:46:50.263+0000] {dagbag.py:537} INFO - Filling up the DagBag from /home/airflow/.local/lib/python3.7/site-packages/airflow/example_dags/tutorial.py
[2025-01-27T08:46:50.290+0000] {processor.py:766} INFO - DAG(s) dict_keys(['tutorial']) retrieved from /home/airflow/.local/lib/python3.7/site-packages/airflow/example_dags/tutorial.py
[2025-01-27T08:46:50.361+0000] {logging_mixin.py:120} INFO - [2025-01-27T08:46:50.361+0000] {dag.py:2585} INFO - Sync 1 DAGs
[2025-01-27T08:46:50.410+0000] {logging_mixin.py:120} INFO - [2025-01-27T08:46:50.410+0000] {dag.py:3340} INFO - Setting next_dagrun for tutorial to 2025-01-26T08:46:50.409067+00:00, run_after=2025-01-27T08:46:50.409067+00:00
[2025-01-27T08:46:50.445+0000] {processor.py:176} INFO - Processing /home/airflow/.local/lib/python3.7/site-packages/airflow/example_dags/tutorial.py took 0.190 seconds
[2025-01-27T08:47:20.984+0000] {processor.py:154} INFO - Started process (PID=1593) to work on /home/airflow/.local/lib/python3.7/site-packages/airflow/example_dags/tutorial.py
[2025-01-27T08:47:20.985+0000] {processor.py:756} INFO - Processing file /home/airflow/.local/lib/python3.7/site-packages/airflow/example_dags/tutorial.py for tasks to queue
[2025-01-27T08:47:20.987+0000] {logging_mixin.py:120} INFO - [2025-01-27T08:47:20.986+0000] {dagbag.py:537} INFO - Filling up the DagBag from /home/airflow/.local/lib/python3.7/site-packages/airflow/example_dags/tutorial.py
[2025-01-27T08:47:21.015+0000] {processor.py:766} INFO - DAG(s) dict_keys(['tutorial']) retrieved from /home/airflow/.local/lib/python3.7/site-packages/airflow/example_dags/tutorial.py
[2025-01-27T08:47:21.093+0000] {logging_mixin.py:120} INFO - [2025-01-27T08:47:21.093+0000] {dag.py:2585} INFO - Sync 1 DAGs
[2025-01-27T08:47:21.137+0000] {logging_mixin.py:120} INFO - [2025-01-27T08:47:21.137+0000] {dag.py:3340} INFO - Setting next_dagrun for tutorial to 2025-01-26T08:47:21.136724+00:00, run_after=2025-01-27T08:47:21.136724+00:00
[2025-01-27T08:47:21.176+0000] {processor.py:176} INFO - Processing /home/airflow/.local/lib/python3.7/site-packages/airflow/example_dags/tutorial.py took 0.199 seconds
[2025-01-27T08:47:51.525+0000] {processor.py:154} INFO - Started process (PID=1648) to work on /home/airflow/.local/lib/python3.7/site-packages/airflow/example_dags/tutorial.py
[2025-01-27T08:47:51.527+0000] {processor.py:756} INFO - Processing file /home/airflow/.local/lib/python3.7/site-packages/airflow/example_dags/tutorial.py for tasks to queue
[2025-01-27T08:47:51.528+0000] {logging_mixin.py:120} INFO - [2025-01-27T08:47:51.528+0000] {dagbag.py:537} INFO - Filling up the DagBag from /home/airflow/.local/lib/python3.7/site-packages/airflow/example_dags/tutorial.py
[2025-01-27T08:47:51.556+0000] {processor.py:766} INFO - DAG(s) dict_keys(['tutorial']) retrieved from /home/airflow/.local/lib/python3.7/site-packages/airflow/example_dags/tutorial.py
[2025-01-27T08:47:51.642+0000] {logging_mixin.py:120} INFO - [2025-01-27T08:47:51.642+0000] {dag.py:2585} INFO - Sync 1 DAGs
[2025-01-27T08:47:51.694+0000] {logging_mixin.py:120} INFO - [2025-01-27T08:47:51.694+0000] {dag.py:3340} INFO - Setting next_dagrun for tutorial to 2025-01-26T08:47:51.693854+00:00, run_after=2025-01-27T08:47:51.693854+00:00
[2025-01-27T08:47:51.734+0000] {processor.py:176} INFO - Processing /home/airflow/.local/lib/python3.7/site-packages/airflow/example_dags/tutorial.py took 0.214 seconds
[2025-01-27T08:48:22.560+0000] {processor.py:154} INFO - Started process (PID=1711) to work on /home/airflow/.local/lib/python3.7/site-packages/airflow/example_dags/tutorial.py
[2025-01-27T08:48:22.562+0000] {processor.py:756} INFO - Processing file /home/airflow/.local/lib/python3.7/site-packages/airflow/example_dags/tutorial.py for tasks to queue
[2025-01-27T08:48:22.565+0000] {logging_mixin.py:120} INFO - [2025-01-27T08:48:22.564+0000] {dagbag.py:537} INFO - Filling up the DagBag from /home/airflow/.local/lib/python3.7/site-packages/airflow/example_dags/tutorial.py
[2025-01-27T08:48:22.600+0000] {processor.py:766} INFO - DAG(s) dict_keys(['tutorial']) retrieved from /home/airflow/.local/lib/python3.7/site-packages/airflow/example_dags/tutorial.py
[2025-01-27T08:48:22.707+0000] {logging_mixin.py:120} INFO - [2025-01-27T08:48:22.706+0000] {dag.py:2585} INFO - Sync 1 DAGs
[2025-01-27T08:48:22.766+0000] {logging_mixin.py:120} INFO - [2025-01-27T08:48:22.765+0000] {dag.py:3340} INFO - Setting next_dagrun for tutorial to 2025-01-26T08:48:22.765412+00:00, run_after=2025-01-27T08:48:22.765412+00:00
[2025-01-27T08:48:22.817+0000] {processor.py:176} INFO - Processing /home/airflow/.local/lib/python3.7/site-packages/airflow/example_dags/tutorial.py took 0.264 seconds
[2025-01-27T08:48:53.039+0000] {processor.py:154} INFO - Started process (PID=1765) to work on /home/airflow/.local/lib/python3.7/site-packages/airflow/example_dags/tutorial.py
[2025-01-27T08:48:53.041+0000] {processor.py:756} INFO - Processing file /home/airflow/.local/lib/python3.7/site-packages/airflow/example_dags/tutorial.py for tasks to queue
[2025-01-27T08:48:53.042+0000] {logging_mixin.py:120} INFO - [2025-01-27T08:48:53.041+0000] {dagbag.py:537} INFO - Filling up the DagBag from /home/airflow/.local/lib/python3.7/site-packages/airflow/example_dags/tutorial.py
[2025-01-27T08:48:53.067+0000] {processor.py:766} INFO - DAG(s) dict_keys(['tutorial']) retrieved from /home/airflow/.local/lib/python3.7/site-packages/airflow/example_dags/tutorial.py
[2025-01-27T08:48:53.141+0000] {logging_mixin.py:120} INFO - [2025-01-27T08:48:53.141+0000] {dag.py:2585} INFO - Sync 1 DAGs
[2025-01-27T08:48:53.187+0000] {logging_mixin.py:120} INFO - [2025-01-27T08:48:53.186+0000] {dag.py:3340} INFO - Setting next_dagrun for tutorial to 2025-01-26T08:48:53.186332+00:00, run_after=2025-01-27T08:48:53.186332+00:00
[2025-01-27T08:48:53.221+0000] {processor.py:176} INFO - Processing /home/airflow/.local/lib/python3.7/site-packages/airflow/example_dags/tutorial.py took 0.188 seconds
[2025-01-27T08:49:24.129+0000] {processor.py:154} INFO - Started process (PID=1828) to work on /home/airflow/.local/lib/python3.7/site-packages/airflow/example_dags/tutorial.py
[2025-01-27T08:49:24.130+0000] {processor.py:756} INFO - Processing file /home/airflow/.local/lib/python3.7/site-packages/airflow/example_dags/tutorial.py for tasks to queue
[2025-01-27T08:49:24.131+0000] {logging_mixin.py:120} INFO - [2025-01-27T08:49:24.131+0000] {dagbag.py:537} INFO - Filling up the DagBag from /home/airflow/.local/lib/python3.7/site-packages/airflow/example_dags/tutorial.py
[2025-01-27T08:49:24.160+0000] {processor.py:766} INFO - DAG(s) dict_keys(['tutorial']) retrieved from /home/airflow/.local/lib/python3.7/site-packages/airflow/example_dags/tutorial.py
[2025-01-27T08:49:24.244+0000] {logging_mixin.py:120} INFO - [2025-01-27T08:49:24.243+0000] {dag.py:2585} INFO - Sync 1 DAGs
[2025-01-27T08:49:24.302+0000] {logging_mixin.py:120} INFO - [2025-01-27T08:49:24.302+0000] {dag.py:3340} INFO - Setting next_dagrun for tutorial to 2025-01-26T08:49:24.301931+00:00, run_after=2025-01-27T08:49:24.301931+00:00
[2025-01-27T08:49:24.353+0000] {processor.py:176} INFO - Processing /home/airflow/.local/lib/python3.7/site-packages/airflow/example_dags/tutorial.py took 0.229 seconds
[2025-01-27T08:49:54.710+0000] {processor.py:154} INFO - Started process (PID=1882) to work on /home/airflow/.local/lib/python3.7/site-packages/airflow/example_dags/tutorial.py
[2025-01-27T08:49:54.713+0000] {processor.py:756} INFO - Processing file /home/airflow/.local/lib/python3.7/site-packages/airflow/example_dags/tutorial.py for tasks to queue
[2025-01-27T08:49:54.715+0000] {logging_mixin.py:120} INFO - [2025-01-27T08:49:54.715+0000] {dagbag.py:537} INFO - Filling up the DagBag from /home/airflow/.local/lib/python3.7/site-packages/airflow/example_dags/tutorial.py
[2025-01-27T08:49:54.743+0000] {processor.py:766} INFO - DAG(s) dict_keys(['tutorial']) retrieved from /home/airflow/.local/lib/python3.7/site-packages/airflow/example_dags/tutorial.py
[2025-01-27T08:49:54.816+0000] {logging_mixin.py:120} INFO - [2025-01-27T08:49:54.816+0000] {dag.py:2585} INFO - Sync 1 DAGs
[2025-01-27T08:49:54.864+0000] {logging_mixin.py:120} INFO - [2025-01-27T08:49:54.864+0000] {dag.py:3340} INFO - Setting next_dagrun for tutorial to 2025-01-26T08:49:54.863669+00:00, run_after=2025-01-27T08:49:54.863669+00:00
[2025-01-27T08:49:54.900+0000] {processor.py:176} INFO - Processing /home/airflow/.local/lib/python3.7/site-packages/airflow/example_dags/tutorial.py took 0.195 seconds
[2025-01-27T08:50:25.151+0000] {processor.py:154} INFO - Started process (PID=1943) to work on /home/airflow/.local/lib/python3.7/site-packages/airflow/example_dags/tutorial.py
[2025-01-27T08:50:25.153+0000] {processor.py:756} INFO - Processing file /home/airflow/.local/lib/python3.7/site-packages/airflow/example_dags/tutorial.py for tasks to queue
[2025-01-27T08:50:25.154+0000] {logging_mixin.py:120} INFO - [2025-01-27T08:50:25.154+0000] {dagbag.py:537} INFO - Filling up the DagBag from /home/airflow/.local/lib/python3.7/site-packages/airflow/example_dags/tutorial.py
[2025-01-27T08:50:25.192+0000] {processor.py:766} INFO - DAG(s) dict_keys(['tutorial']) retrieved from /home/airflow/.local/lib/python3.7/site-packages/airflow/example_dags/tutorial.py
[2025-01-27T08:50:25.283+0000] {logging_mixin.py:120} INFO - [2025-01-27T08:50:25.282+0000] {dag.py:2585} INFO - Sync 1 DAGs
[2025-01-27T08:50:25.337+0000] {logging_mixin.py:120} INFO - [2025-01-27T08:50:25.336+0000] {dag.py:3340} INFO - Setting next_dagrun for tutorial to 2025-01-26T08:50:25.336399+00:00, run_after=2025-01-27T08:50:25.336399+00:00
[2025-01-27T08:50:25.387+0000] {processor.py:176} INFO - Processing /home/airflow/.local/lib/python3.7/site-packages/airflow/example_dags/tutorial.py took 0.242 seconds
[2025-01-27T08:50:55.769+0000] {processor.py:154} INFO - Started process (PID=1998) to work on /home/airflow/.local/lib/python3.7/site-packages/airflow/example_dags/tutorial.py
[2025-01-27T08:50:55.772+0000] {processor.py:756} INFO - Processing file /home/airflow/.local/lib/python3.7/site-packages/airflow/example_dags/tutorial.py for tasks to queue
[2025-01-27T08:50:55.775+0000] {logging_mixin.py:120} INFO - [2025-01-27T08:50:55.774+0000] {dagbag.py:537} INFO - Filling up the DagBag from /home/airflow/.local/lib/python3.7/site-packages/airflow/example_dags/tutorial.py
[2025-01-27T08:50:55.800+0000] {processor.py:766} INFO - DAG(s) dict_keys(['tutorial']) retrieved from /home/airflow/.local/lib/python3.7/site-packages/airflow/example_dags/tutorial.py
[2025-01-27T08:50:55.878+0000] {logging_mixin.py:120} INFO - [2025-01-27T08:50:55.878+0000] {dag.py:2585} INFO - Sync 1 DAGs
[2025-01-27T08:50:55.926+0000] {logging_mixin.py:120} INFO - [2025-01-27T08:50:55.926+0000] {dag.py:3340} INFO - Setting next_dagrun for tutorial to 2025-01-26T08:50:55.925959+00:00, run_after=2025-01-27T08:50:55.925959+00:00
[2025-01-27T08:50:55.963+0000] {processor.py:176} INFO - Processing /home/airflow/.local/lib/python3.7/site-packages/airflow/example_dags/tutorial.py took 0.199 seconds
[2025-01-27T08:51:26.688+0000] {processor.py:154} INFO - Started process (PID=2059) to work on /home/airflow/.local/lib/python3.7/site-packages/airflow/example_dags/tutorial.py
[2025-01-27T08:51:26.690+0000] {processor.py:756} INFO - Processing file /home/airflow/.local/lib/python3.7/site-packages/airflow/example_dags/tutorial.py for tasks to queue
[2025-01-27T08:51:26.691+0000] {logging_mixin.py:120} INFO - [2025-01-27T08:51:26.691+0000] {dagbag.py:537} INFO - Filling up the DagBag from /home/airflow/.local/lib/python3.7/site-packages/airflow/example_dags/tutorial.py
[2025-01-27T08:51:26.719+0000] {processor.py:766} INFO - DAG(s) dict_keys(['tutorial']) retrieved from /home/airflow/.local/lib/python3.7/site-packages/airflow/example_dags/tutorial.py
[2025-01-27T08:51:26.802+0000] {logging_mixin.py:120} INFO - [2025-01-27T08:51:26.802+0000] {dag.py:2585} INFO - Sync 1 DAGs
[2025-01-27T08:51:26.866+0000] {logging_mixin.py:120} INFO - [2025-01-27T08:51:26.866+0000] {dag.py:3340} INFO - Setting next_dagrun for tutorial to 2025-01-26T08:51:26.865950+00:00, run_after=2025-01-27T08:51:26.865950+00:00
[2025-01-27T08:51:26.909+0000] {processor.py:176} INFO - Processing /home/airflow/.local/lib/python3.7/site-packages/airflow/example_dags/tutorial.py took 0.228 seconds
[2025-01-27T08:51:57.216+0000] {processor.py:154} INFO - Started process (PID=2114) to work on /home/airflow/.local/lib/python3.7/site-packages/airflow/example_dags/tutorial.py
[2025-01-27T08:51:57.217+0000] {processor.py:756} INFO - Processing file /home/airflow/.local/lib/python3.7/site-packages/airflow/example_dags/tutorial.py for tasks to queue
[2025-01-27T08:51:57.219+0000] {logging_mixin.py:120} INFO - [2025-01-27T08:51:57.218+0000] {dagbag.py:537} INFO - Filling up the DagBag from /home/airflow/.local/lib/python3.7/site-packages/airflow/example_dags/tutorial.py
[2025-01-27T08:51:57.243+0000] {processor.py:766} INFO - DAG(s) dict_keys(['tutorial']) retrieved from /home/airflow/.local/lib/python3.7/site-packages/airflow/example_dags/tutorial.py
[2025-01-27T08:51:57.320+0000] {logging_mixin.py:120} INFO - [2025-01-27T08:51:57.319+0000] {dag.py:2585} INFO - Sync 1 DAGs
[2025-01-27T08:51:57.372+0000] {logging_mixin.py:120} INFO - [2025-01-27T08:51:57.371+0000] {dag.py:3340} INFO - Setting next_dagrun for tutorial to 2025-01-26T08:51:57.368399+00:00, run_after=2025-01-27T08:51:57.368399+00:00
[2025-01-27T08:51:57.408+0000] {processor.py:176} INFO - Processing /home/airflow/.local/lib/python3.7/site-packages/airflow/example_dags/tutorial.py took 0.197 seconds
[2025-01-27T08:52:27.496+0000] {processor.py:154} INFO - Started process (PID=2168) to work on /home/airflow/.local/lib/python3.7/site-packages/airflow/example_dags/tutorial.py
[2025-01-27T08:52:27.497+0000] {processor.py:756} INFO - Processing file /home/airflow/.local/lib/python3.7/site-packages/airflow/example_dags/tutorial.py for tasks to queue
[2025-01-27T08:52:27.498+0000] {logging_mixin.py:120} INFO - [2025-01-27T08:52:27.498+0000] {dagbag.py:537} INFO - Filling up the DagBag from /home/airflow/.local/lib/python3.7/site-packages/airflow/example_dags/tutorial.py
[2025-01-27T08:52:27.524+0000] {processor.py:766} INFO - DAG(s) dict_keys(['tutorial']) retrieved from /home/airflow/.local/lib/python3.7/site-packages/airflow/example_dags/tutorial.py
[2025-01-27T08:52:27.602+0000] {logging_mixin.py:120} INFO - [2025-01-27T08:52:27.601+0000] {dag.py:2585} INFO - Sync 1 DAGs
[2025-01-27T08:52:27.649+0000] {logging_mixin.py:120} INFO - [2025-01-27T08:52:27.648+0000] {dag.py:3340} INFO - Setting next_dagrun for tutorial to 2025-01-26T08:52:27.648562+00:00, run_after=2025-01-27T08:52:27.648562+00:00
[2025-01-27T08:52:27.683+0000] {processor.py:176} INFO - Processing /home/airflow/.local/lib/python3.7/site-packages/airflow/example_dags/tutorial.py took 0.192 seconds
[2025-01-27T08:52:57.998+0000] {processor.py:154} INFO - Started process (PID=2231) to work on /home/airflow/.local/lib/python3.7/site-packages/airflow/example_dags/tutorial.py
[2025-01-27T08:52:57.999+0000] {processor.py:756} INFO - Processing file /home/airflow/.local/lib/python3.7/site-packages/airflow/example_dags/tutorial.py for tasks to queue
[2025-01-27T08:52:58.000+0000] {logging_mixin.py:120} INFO - [2025-01-27T08:52:58.000+0000] {dagbag.py:537} INFO - Filling up the DagBag from /home/airflow/.local/lib/python3.7/site-packages/airflow/example_dags/tutorial.py
[2025-01-27T08:52:58.028+0000] {processor.py:766} INFO - DAG(s) dict_keys(['tutorial']) retrieved from /home/airflow/.local/lib/python3.7/site-packages/airflow/example_dags/tutorial.py
[2025-01-27T08:52:58.107+0000] {logging_mixin.py:120} INFO - [2025-01-27T08:52:58.106+0000] {dag.py:2585} INFO - Sync 1 DAGs
[2025-01-27T08:52:58.151+0000] {logging_mixin.py:120} INFO - [2025-01-27T08:52:58.151+0000] {dag.py:3340} INFO - Setting next_dagrun for tutorial to 2025-01-26T08:52:58.151103+00:00, run_after=2025-01-27T08:52:58.151103+00:00
[2025-01-27T08:52:58.189+0000] {processor.py:176} INFO - Processing /home/airflow/.local/lib/python3.7/site-packages/airflow/example_dags/tutorial.py took 0.198 seconds
[2025-01-27T08:53:28.462+0000] {processor.py:154} INFO - Started process (PID=2285) to work on /home/airflow/.local/lib/python3.7/site-packages/airflow/example_dags/tutorial.py
[2025-01-27T08:53:28.464+0000] {processor.py:756} INFO - Processing file /home/airflow/.local/lib/python3.7/site-packages/airflow/example_dags/tutorial.py for tasks to queue
[2025-01-27T08:53:28.465+0000] {logging_mixin.py:120} INFO - [2025-01-27T08:53:28.465+0000] {dagbag.py:537} INFO - Filling up the DagBag from /home/airflow/.local/lib/python3.7/site-packages/airflow/example_dags/tutorial.py
[2025-01-27T08:53:28.493+0000] {processor.py:766} INFO - DAG(s) dict_keys(['tutorial']) retrieved from /home/airflow/.local/lib/python3.7/site-packages/airflow/example_dags/tutorial.py
[2025-01-27T08:53:28.565+0000] {logging_mixin.py:120} INFO - [2025-01-27T08:53:28.565+0000] {dag.py:2585} INFO - Sync 1 DAGs
[2025-01-27T08:53:28.610+0000] {logging_mixin.py:120} INFO - [2025-01-27T08:53:28.610+0000] {dag.py:3340} INFO - Setting next_dagrun for tutorial to 2025-01-26T08:53:28.609991+00:00, run_after=2025-01-27T08:53:28.609991+00:00
[2025-01-27T08:53:28.646+0000] {processor.py:176} INFO - Processing /home/airflow/.local/lib/python3.7/site-packages/airflow/example_dags/tutorial.py took 0.189 seconds
[2025-01-27T08:53:59.081+0000] {processor.py:154} INFO - Started process (PID=2347) to work on /home/airflow/.local/lib/python3.7/site-packages/airflow/example_dags/tutorial.py
[2025-01-27T08:53:59.083+0000] {processor.py:756} INFO - Processing file /home/airflow/.local/lib/python3.7/site-packages/airflow/example_dags/tutorial.py for tasks to queue
[2025-01-27T08:53:59.085+0000] {logging_mixin.py:120} INFO - [2025-01-27T08:53:59.084+0000] {dagbag.py:537} INFO - Filling up the DagBag from /home/airflow/.local/lib/python3.7/site-packages/airflow/example_dags/tutorial.py
[2025-01-27T08:53:59.133+0000] {processor.py:766} INFO - DAG(s) dict_keys(['tutorial']) retrieved from /home/airflow/.local/lib/python3.7/site-packages/airflow/example_dags/tutorial.py
[2025-01-27T08:53:59.227+0000] {logging_mixin.py:120} INFO - [2025-01-27T08:53:59.227+0000] {dag.py:2585} INFO - Sync 1 DAGs
[2025-01-27T08:53:59.275+0000] {logging_mixin.py:120} INFO - [2025-01-27T08:53:59.275+0000] {dag.py:3340} INFO - Setting next_dagrun for tutorial to 2025-01-26T08:53:59.274987+00:00, run_after=2025-01-27T08:53:59.274987+00:00
[2025-01-27T08:53:59.308+0000] {processor.py:176} INFO - Processing /home/airflow/.local/lib/python3.7/site-packages/airflow/example_dags/tutorial.py took 0.237 seconds
[2025-01-27T08:54:29.767+0000] {processor.py:154} INFO - Started process (PID=2401) to work on /home/airflow/.local/lib/python3.7/site-packages/airflow/example_dags/tutorial.py
[2025-01-27T08:54:29.769+0000] {processor.py:756} INFO - Processing file /home/airflow/.local/lib/python3.7/site-packages/airflow/example_dags/tutorial.py for tasks to queue
[2025-01-27T08:54:29.770+0000] {logging_mixin.py:120} INFO - [2025-01-27T08:54:29.770+0000] {dagbag.py:537} INFO - Filling up the DagBag from /home/airflow/.local/lib/python3.7/site-packages/airflow/example_dags/tutorial.py
[2025-01-27T08:54:29.797+0000] {processor.py:766} INFO - DAG(s) dict_keys(['tutorial']) retrieved from /home/airflow/.local/lib/python3.7/site-packages/airflow/example_dags/tutorial.py
[2025-01-27T08:54:29.866+0000] {logging_mixin.py:120} INFO - [2025-01-27T08:54:29.866+0000] {dag.py:2585} INFO - Sync 1 DAGs
[2025-01-27T08:54:29.910+0000] {logging_mixin.py:120} INFO - [2025-01-27T08:54:29.910+0000] {dag.py:3340} INFO - Setting next_dagrun for tutorial to 2025-01-26T08:54:29.910001+00:00, run_after=2025-01-27T08:54:29.910001+00:00
[2025-01-27T08:54:29.944+0000] {processor.py:176} INFO - Processing /home/airflow/.local/lib/python3.7/site-packages/airflow/example_dags/tutorial.py took 0.183 seconds
[2025-01-27T08:55:00.541+0000] {processor.py:154} INFO - Started process (PID=2464) to work on /home/airflow/.local/lib/python3.7/site-packages/airflow/example_dags/tutorial.py
[2025-01-27T08:55:00.543+0000] {processor.py:756} INFO - Processing file /home/airflow/.local/lib/python3.7/site-packages/airflow/example_dags/tutorial.py for tasks to queue
[2025-01-27T08:55:00.546+0000] {logging_mixin.py:120} INFO - [2025-01-27T08:55:00.545+0000] {dagbag.py:537} INFO - Filling up the DagBag from /home/airflow/.local/lib/python3.7/site-packages/airflow/example_dags/tutorial.py
[2025-01-27T08:55:00.570+0000] {processor.py:766} INFO - DAG(s) dict_keys(['tutorial']) retrieved from /home/airflow/.local/lib/python3.7/site-packages/airflow/example_dags/tutorial.py
[2025-01-27T08:55:00.642+0000] {logging_mixin.py:120} INFO - [2025-01-27T08:55:00.641+0000] {dag.py:2585} INFO - Sync 1 DAGs
[2025-01-27T08:55:00.694+0000] {logging_mixin.py:120} INFO - [2025-01-27T08:55:00.694+0000] {dag.py:3340} INFO - Setting next_dagrun for tutorial to 2025-01-26T08:55:00.693594+00:00, run_after=2025-01-27T08:55:00.693594+00:00
[2025-01-27T08:55:00.727+0000] {processor.py:176} INFO - Processing /home/airflow/.local/lib/python3.7/site-packages/airflow/example_dags/tutorial.py took 0.192 seconds
[2025-01-27T08:55:31.779+0000] {processor.py:154} INFO - Started process (PID=2517) to work on /home/airflow/.local/lib/python3.7/site-packages/airflow/example_dags/tutorial.py
[2025-01-27T08:55:31.781+0000] {processor.py:756} INFO - Processing file /home/airflow/.local/lib/python3.7/site-packages/airflow/example_dags/tutorial.py for tasks to queue
[2025-01-27T08:55:31.784+0000] {logging_mixin.py:120} INFO - [2025-01-27T08:55:31.784+0000] {dagbag.py:537} INFO - Filling up the DagBag from /home/airflow/.local/lib/python3.7/site-packages/airflow/example_dags/tutorial.py
[2025-01-27T08:55:31.810+0000] {processor.py:766} INFO - DAG(s) dict_keys(['tutorial']) retrieved from /home/airflow/.local/lib/python3.7/site-packages/airflow/example_dags/tutorial.py
[2025-01-27T08:55:31.887+0000] {logging_mixin.py:120} INFO - [2025-01-27T08:55:31.886+0000] {dag.py:2585} INFO - Sync 1 DAGs
[2025-01-27T08:55:31.933+0000] {logging_mixin.py:120} INFO - [2025-01-27T08:55:31.933+0000] {dag.py:3340} INFO - Setting next_dagrun for tutorial to 2025-01-26T08:55:31.933049+00:00, run_after=2025-01-27T08:55:31.933049+00:00
[2025-01-27T08:55:31.963+0000] {processor.py:176} INFO - Processing /home/airflow/.local/lib/python3.7/site-packages/airflow/example_dags/tutorial.py took 0.190 seconds
[2025-01-27T08:56:02.573+0000] {processor.py:154} INFO - Started process (PID=2579) to work on /home/airflow/.local/lib/python3.7/site-packages/airflow/example_dags/tutorial.py
[2025-01-27T08:56:02.576+0000] {processor.py:756} INFO - Processing file /home/airflow/.local/lib/python3.7/site-packages/airflow/example_dags/tutorial.py for tasks to queue
[2025-01-27T08:56:02.578+0000] {logging_mixin.py:120} INFO - [2025-01-27T08:56:02.578+0000] {dagbag.py:537} INFO - Filling up the DagBag from /home/airflow/.local/lib/python3.7/site-packages/airflow/example_dags/tutorial.py
[2025-01-27T08:56:02.601+0000] {processor.py:766} INFO - DAG(s) dict_keys(['tutorial']) retrieved from /home/airflow/.local/lib/python3.7/site-packages/airflow/example_dags/tutorial.py
[2025-01-27T08:56:02.672+0000] {logging_mixin.py:120} INFO - [2025-01-27T08:56:02.671+0000] {dag.py:2585} INFO - Sync 1 DAGs
[2025-01-27T08:56:02.719+0000] {logging_mixin.py:120} INFO - [2025-01-27T08:56:02.719+0000] {dag.py:3340} INFO - Setting next_dagrun for tutorial to 2025-01-26T08:56:02.718647+00:00, run_after=2025-01-27T08:56:02.718647+00:00
[2025-01-27T08:56:02.759+0000] {processor.py:176} INFO - Processing /home/airflow/.local/lib/python3.7/site-packages/airflow/example_dags/tutorial.py took 0.194 seconds
[2025-01-27T08:56:33.498+0000] {processor.py:154} INFO - Started process (PID=2633) to work on /home/airflow/.local/lib/python3.7/site-packages/airflow/example_dags/tutorial.py
[2025-01-27T08:56:33.499+0000] {processor.py:756} INFO - Processing file /home/airflow/.local/lib/python3.7/site-packages/airflow/example_dags/tutorial.py for tasks to queue
[2025-01-27T08:56:33.501+0000] {logging_mixin.py:120} INFO - [2025-01-27T08:56:33.500+0000] {dagbag.py:537} INFO - Filling up the DagBag from /home/airflow/.local/lib/python3.7/site-packages/airflow/example_dags/tutorial.py
[2025-01-27T08:56:33.530+0000] {processor.py:766} INFO - DAG(s) dict_keys(['tutorial']) retrieved from /home/airflow/.local/lib/python3.7/site-packages/airflow/example_dags/tutorial.py
[2025-01-27T08:56:33.612+0000] {logging_mixin.py:120} INFO - [2025-01-27T08:56:33.612+0000] {dag.py:2585} INFO - Sync 1 DAGs
[2025-01-27T08:56:33.665+0000] {logging_mixin.py:120} INFO - [2025-01-27T08:56:33.665+0000] {dag.py:3340} INFO - Setting next_dagrun for tutorial to 2025-01-26T08:56:33.664789+00:00, run_after=2025-01-27T08:56:33.664789+00:00
[2025-01-27T08:56:33.701+0000] {processor.py:176} INFO - Processing /home/airflow/.local/lib/python3.7/site-packages/airflow/example_dags/tutorial.py took 0.209 seconds
[2025-01-27T08:57:04.193+0000] {processor.py:154} INFO - Started process (PID=2694) to work on /home/airflow/.local/lib/python3.7/site-packages/airflow/example_dags/tutorial.py
[2025-01-27T08:57:04.194+0000] {processor.py:756} INFO - Processing file /home/airflow/.local/lib/python3.7/site-packages/airflow/example_dags/tutorial.py for tasks to queue
[2025-01-27T08:57:04.195+0000] {logging_mixin.py:120} INFO - [2025-01-27T08:57:04.195+0000] {dagbag.py:537} INFO - Filling up the DagBag from /home/airflow/.local/lib/python3.7/site-packages/airflow/example_dags/tutorial.py
[2025-01-27T08:57:04.222+0000] {processor.py:766} INFO - DAG(s) dict_keys(['tutorial']) retrieved from /home/airflow/.local/lib/python3.7/site-packages/airflow/example_dags/tutorial.py
[2025-01-27T08:57:04.298+0000] {logging_mixin.py:120} INFO - [2025-01-27T08:57:04.298+0000] {dag.py:2585} INFO - Sync 1 DAGs
[2025-01-27T08:57:04.345+0000] {logging_mixin.py:120} INFO - [2025-01-27T08:57:04.344+0000] {dag.py:3340} INFO - Setting next_dagrun for tutorial to 2025-01-26T08:57:04.344546+00:00, run_after=2025-01-27T08:57:04.344546+00:00
[2025-01-27T08:57:04.376+0000] {processor.py:176} INFO - Processing /home/airflow/.local/lib/python3.7/site-packages/airflow/example_dags/tutorial.py took 0.188 seconds
[2025-01-27T08:57:34.899+0000] {processor.py:154} INFO - Started process (PID=2747) to work on /home/airflow/.local/lib/python3.7/site-packages/airflow/example_dags/tutorial.py
[2025-01-27T08:57:34.901+0000] {processor.py:756} INFO - Processing file /home/airflow/.local/lib/python3.7/site-packages/airflow/example_dags/tutorial.py for tasks to queue
[2025-01-27T08:57:34.906+0000] {logging_mixin.py:120} INFO - [2025-01-27T08:57:34.905+0000] {dagbag.py:537} INFO - Filling up the DagBag from /home/airflow/.local/lib/python3.7/site-packages/airflow/example_dags/tutorial.py
[2025-01-27T08:57:34.939+0000] {processor.py:766} INFO - DAG(s) dict_keys(['tutorial']) retrieved from /home/airflow/.local/lib/python3.7/site-packages/airflow/example_dags/tutorial.py
[2025-01-27T08:57:35.032+0000] {logging_mixin.py:120} INFO - [2025-01-27T08:57:35.031+0000] {dag.py:2585} INFO - Sync 1 DAGs
[2025-01-27T08:57:35.088+0000] {logging_mixin.py:120} INFO - [2025-01-27T08:57:35.088+0000] {dag.py:3340} INFO - Setting next_dagrun for tutorial to 2025-01-26T08:57:35.088072+00:00, run_after=2025-01-27T08:57:35.088072+00:00
[2025-01-27T08:57:35.129+0000] {processor.py:176} INFO - Processing /home/airflow/.local/lib/python3.7/site-packages/airflow/example_dags/tutorial.py took 0.236 seconds
[2025-01-27T08:58:05.971+0000] {processor.py:154} INFO - Started process (PID=2810) to work on /home/airflow/.local/lib/python3.7/site-packages/airflow/example_dags/tutorial.py
[2025-01-27T08:58:05.975+0000] {processor.py:756} INFO - Processing file /home/airflow/.local/lib/python3.7/site-packages/airflow/example_dags/tutorial.py for tasks to queue
[2025-01-27T08:58:05.978+0000] {logging_mixin.py:120} INFO - [2025-01-27T08:58:05.977+0000] {dagbag.py:537} INFO - Filling up the DagBag from /home/airflow/.local/lib/python3.7/site-packages/airflow/example_dags/tutorial.py
[2025-01-27T08:58:06.003+0000] {processor.py:766} INFO - DAG(s) dict_keys(['tutorial']) retrieved from /home/airflow/.local/lib/python3.7/site-packages/airflow/example_dags/tutorial.py
[2025-01-27T08:58:06.080+0000] {logging_mixin.py:120} INFO - [2025-01-27T08:58:06.080+0000] {dag.py:2585} INFO - Sync 1 DAGs
[2025-01-27T08:58:06.128+0000] {logging_mixin.py:120} INFO - [2025-01-27T08:58:06.127+0000] {dag.py:3340} INFO - Setting next_dagrun for tutorial to 2025-01-26T08:58:06.127621+00:00, run_after=2025-01-27T08:58:06.127621+00:00
[2025-01-27T08:58:06.172+0000] {processor.py:176} INFO - Processing /home/airflow/.local/lib/python3.7/site-packages/airflow/example_dags/tutorial.py took 0.207 seconds
[2025-01-27T08:58:36.358+0000] {processor.py:154} INFO - Started process (PID=2864) to work on /home/airflow/.local/lib/python3.7/site-packages/airflow/example_dags/tutorial.py
[2025-01-27T08:58:36.359+0000] {processor.py:756} INFO - Processing file /home/airflow/.local/lib/python3.7/site-packages/airflow/example_dags/tutorial.py for tasks to queue
[2025-01-27T08:58:36.360+0000] {logging_mixin.py:120} INFO - [2025-01-27T08:58:36.360+0000] {dagbag.py:537} INFO - Filling up the DagBag from /home/airflow/.local/lib/python3.7/site-packages/airflow/example_dags/tutorial.py
[2025-01-27T08:58:36.397+0000] {processor.py:766} INFO - DAG(s) dict_keys(['tutorial']) retrieved from /home/airflow/.local/lib/python3.7/site-packages/airflow/example_dags/tutorial.py
[2025-01-27T08:58:36.488+0000] {logging_mixin.py:120} INFO - [2025-01-27T08:58:36.487+0000] {dag.py:2585} INFO - Sync 1 DAGs
[2025-01-27T08:58:36.550+0000] {logging_mixin.py:120} INFO - [2025-01-27T08:58:36.549+0000] {dag.py:3340} INFO - Setting next_dagrun for tutorial to 2025-01-26T08:58:36.549086+00:00, run_after=2025-01-27T08:58:36.549086+00:00
[2025-01-27T08:58:36.598+0000] {processor.py:176} INFO - Processing /home/airflow/.local/lib/python3.7/site-packages/airflow/example_dags/tutorial.py took 0.251 seconds
[2025-01-27T08:59:07.072+0000] {processor.py:154} INFO - Started process (PID=2927) to work on /home/airflow/.local/lib/python3.7/site-packages/airflow/example_dags/tutorial.py
[2025-01-27T08:59:07.074+0000] {processor.py:756} INFO - Processing file /home/airflow/.local/lib/python3.7/site-packages/airflow/example_dags/tutorial.py for tasks to queue
[2025-01-27T08:59:07.078+0000] {logging_mixin.py:120} INFO - [2025-01-27T08:59:07.076+0000] {dagbag.py:537} INFO - Filling up the DagBag from /home/airflow/.local/lib/python3.7/site-packages/airflow/example_dags/tutorial.py
[2025-01-27T08:59:07.103+0000] {processor.py:766} INFO - DAG(s) dict_keys(['tutorial']) retrieved from /home/airflow/.local/lib/python3.7/site-packages/airflow/example_dags/tutorial.py
[2025-01-27T08:59:07.179+0000] {logging_mixin.py:120} INFO - [2025-01-27T08:59:07.179+0000] {dag.py:2585} INFO - Sync 1 DAGs
[2025-01-27T08:59:07.226+0000] {logging_mixin.py:120} INFO - [2025-01-27T08:59:07.226+0000] {dag.py:3340} INFO - Setting next_dagrun for tutorial to 2025-01-26T08:59:07.225590+00:00, run_after=2025-01-27T08:59:07.225590+00:00
[2025-01-27T08:59:07.262+0000] {processor.py:176} INFO - Processing /home/airflow/.local/lib/python3.7/site-packages/airflow/example_dags/tutorial.py took 0.196 seconds
[2025-01-27T08:59:38.386+0000] {processor.py:154} INFO - Started process (PID=2980) to work on /home/airflow/.local/lib/python3.7/site-packages/airflow/example_dags/tutorial.py
[2025-01-27T08:59:38.388+0000] {processor.py:756} INFO - Processing file /home/airflow/.local/lib/python3.7/site-packages/airflow/example_dags/tutorial.py for tasks to queue
[2025-01-27T08:59:38.389+0000] {logging_mixin.py:120} INFO - [2025-01-27T08:59:38.389+0000] {dagbag.py:537} INFO - Filling up the DagBag from /home/airflow/.local/lib/python3.7/site-packages/airflow/example_dags/tutorial.py
[2025-01-27T08:59:38.418+0000] {processor.py:766} INFO - DAG(s) dict_keys(['tutorial']) retrieved from /home/airflow/.local/lib/python3.7/site-packages/airflow/example_dags/tutorial.py
[2025-01-27T08:59:38.504+0000] {logging_mixin.py:120} INFO - [2025-01-27T08:59:38.504+0000] {dag.py:2585} INFO - Sync 1 DAGs
[2025-01-27T08:59:38.556+0000] {logging_mixin.py:120} INFO - [2025-01-27T08:59:38.556+0000] {dag.py:3340} INFO - Setting next_dagrun for tutorial to 2025-01-26T08:59:38.555563+00:00, run_after=2025-01-27T08:59:38.555563+00:00
[2025-01-27T08:59:38.598+0000] {processor.py:176} INFO - Processing /home/airflow/.local/lib/python3.7/site-packages/airflow/example_dags/tutorial.py took 0.218 seconds
[2025-01-27T09:00:09.459+0000] {processor.py:154} INFO - Started process (PID=3043) to work on /home/airflow/.local/lib/python3.7/site-packages/airflow/example_dags/tutorial.py
[2025-01-27T09:00:09.461+0000] {processor.py:756} INFO - Processing file /home/airflow/.local/lib/python3.7/site-packages/airflow/example_dags/tutorial.py for tasks to queue
[2025-01-27T09:00:09.462+0000] {logging_mixin.py:120} INFO - [2025-01-27T09:00:09.462+0000] {dagbag.py:537} INFO - Filling up the DagBag from /home/airflow/.local/lib/python3.7/site-packages/airflow/example_dags/tutorial.py
[2025-01-27T09:00:09.496+0000] {processor.py:766} INFO - DAG(s) dict_keys(['tutorial']) retrieved from /home/airflow/.local/lib/python3.7/site-packages/airflow/example_dags/tutorial.py
[2025-01-27T09:00:09.586+0000] {logging_mixin.py:120} INFO - [2025-01-27T09:00:09.585+0000] {dag.py:2585} INFO - Sync 1 DAGs
[2025-01-27T09:00:09.630+0000] {logging_mixin.py:120} INFO - [2025-01-27T09:00:09.630+0000] {dag.py:3340} INFO - Setting next_dagrun for tutorial to 2025-01-26T09:00:09.629789+00:00, run_after=2025-01-27T09:00:09.629789+00:00
[2025-01-27T09:00:09.669+0000] {processor.py:176} INFO - Processing /home/airflow/.local/lib/python3.7/site-packages/airflow/example_dags/tutorial.py took 0.215 seconds
[2025-01-27T09:00:40.925+0000] {processor.py:154} INFO - Started process (PID=3096) to work on /home/airflow/.local/lib/python3.7/site-packages/airflow/example_dags/tutorial.py
[2025-01-27T09:00:40.929+0000] {processor.py:756} INFO - Processing file /home/airflow/.local/lib/python3.7/site-packages/airflow/example_dags/tutorial.py for tasks to queue
[2025-01-27T09:00:40.931+0000] {logging_mixin.py:120} INFO - [2025-01-27T09:00:40.931+0000] {dagbag.py:537} INFO - Filling up the DagBag from /home/airflow/.local/lib/python3.7/site-packages/airflow/example_dags/tutorial.py
[2025-01-27T09:00:40.960+0000] {processor.py:766} INFO - DAG(s) dict_keys(['tutorial']) retrieved from /home/airflow/.local/lib/python3.7/site-packages/airflow/example_dags/tutorial.py
[2025-01-27T09:00:41.065+0000] {logging_mixin.py:120} INFO - [2025-01-27T09:00:41.065+0000] {dag.py:2585} INFO - Sync 1 DAGs
[2025-01-27T09:00:41.121+0000] {logging_mixin.py:120} INFO - [2025-01-27T09:00:41.121+0000] {dag.py:3340} INFO - Setting next_dagrun for tutorial to 2025-01-26T09:00:41.120966+00:00, run_after=2025-01-27T09:00:41.120966+00:00
[2025-01-27T09:00:41.159+0000] {processor.py:176} INFO - Processing /home/airflow/.local/lib/python3.7/site-packages/airflow/example_dags/tutorial.py took 0.241 seconds
[2025-01-27T09:01:12.206+0000] {processor.py:154} INFO - Started process (PID=3159) to work on /home/airflow/.local/lib/python3.7/site-packages/airflow/example_dags/tutorial.py
[2025-01-27T09:01:12.216+0000] {processor.py:756} INFO - Processing file /home/airflow/.local/lib/python3.7/site-packages/airflow/example_dags/tutorial.py for tasks to queue
[2025-01-27T09:01:12.219+0000] {logging_mixin.py:120} INFO - [2025-01-27T09:01:12.218+0000] {dagbag.py:537} INFO - Filling up the DagBag from /home/airflow/.local/lib/python3.7/site-packages/airflow/example_dags/tutorial.py
[2025-01-27T09:01:12.257+0000] {processor.py:766} INFO - DAG(s) dict_keys(['tutorial']) retrieved from /home/airflow/.local/lib/python3.7/site-packages/airflow/example_dags/tutorial.py
[2025-01-27T09:01:12.352+0000] {logging_mixin.py:120} INFO - [2025-01-27T09:01:12.351+0000] {dag.py:2585} INFO - Sync 1 DAGs
[2025-01-27T09:01:12.428+0000] {logging_mixin.py:120} INFO - [2025-01-27T09:01:12.427+0000] {dag.py:3340} INFO - Setting next_dagrun for tutorial to 2025-01-26T09:01:12.427444+00:00, run_after=2025-01-27T09:01:12.427444+00:00
[2025-01-27T09:01:12.473+0000] {processor.py:176} INFO - Processing /home/airflow/.local/lib/python3.7/site-packages/airflow/example_dags/tutorial.py took 0.275 seconds
[2025-01-27T09:01:42.513+0000] {processor.py:154} INFO - Started process (PID=3213) to work on /home/airflow/.local/lib/python3.7/site-packages/airflow/example_dags/tutorial.py
[2025-01-27T09:01:42.514+0000] {processor.py:756} INFO - Processing file /home/airflow/.local/lib/python3.7/site-packages/airflow/example_dags/tutorial.py for tasks to queue
[2025-01-27T09:01:42.515+0000] {logging_mixin.py:120} INFO - [2025-01-27T09:01:42.515+0000] {dagbag.py:537} INFO - Filling up the DagBag from /home/airflow/.local/lib/python3.7/site-packages/airflow/example_dags/tutorial.py
[2025-01-27T09:01:42.545+0000] {processor.py:766} INFO - DAG(s) dict_keys(['tutorial']) retrieved from /home/airflow/.local/lib/python3.7/site-packages/airflow/example_dags/tutorial.py
[2025-01-27T09:01:42.628+0000] {logging_mixin.py:120} INFO - [2025-01-27T09:01:42.628+0000] {dag.py:2585} INFO - Sync 1 DAGs
[2025-01-27T09:01:42.676+0000] {logging_mixin.py:120} INFO - [2025-01-27T09:01:42.675+0000] {dag.py:3340} INFO - Setting next_dagrun for tutorial to 2025-01-26T09:01:42.675323+00:00, run_after=2025-01-27T09:01:42.675323+00:00
[2025-01-27T09:01:42.710+0000] {processor.py:176} INFO - Processing /home/airflow/.local/lib/python3.7/site-packages/airflow/example_dags/tutorial.py took 0.204 seconds
[2025-01-27T09:02:13.507+0000] {processor.py:154} INFO - Started process (PID=3276) to work on /home/airflow/.local/lib/python3.7/site-packages/airflow/example_dags/tutorial.py
[2025-01-27T09:02:13.510+0000] {processor.py:756} INFO - Processing file /home/airflow/.local/lib/python3.7/site-packages/airflow/example_dags/tutorial.py for tasks to queue
[2025-01-27T09:02:13.513+0000] {logging_mixin.py:120} INFO - [2025-01-27T09:02:13.512+0000] {dagbag.py:537} INFO - Filling up the DagBag from /home/airflow/.local/lib/python3.7/site-packages/airflow/example_dags/tutorial.py
[2025-01-27T09:02:13.541+0000] {processor.py:766} INFO - DAG(s) dict_keys(['tutorial']) retrieved from /home/airflow/.local/lib/python3.7/site-packages/airflow/example_dags/tutorial.py
[2025-01-27T09:02:13.627+0000] {logging_mixin.py:120} INFO - [2025-01-27T09:02:13.626+0000] {dag.py:2585} INFO - Sync 1 DAGs
[2025-01-27T09:02:13.683+0000] {logging_mixin.py:120} INFO - [2025-01-27T09:02:13.682+0000] {dag.py:3340} INFO - Setting next_dagrun for tutorial to 2025-01-26T09:02:13.682355+00:00, run_after=2025-01-27T09:02:13.682355+00:00
[2025-01-27T09:02:13.724+0000] {processor.py:176} INFO - Processing /home/airflow/.local/lib/python3.7/site-packages/airflow/example_dags/tutorial.py took 0.223 seconds
[2025-01-27T09:02:44.188+0000] {processor.py:154} INFO - Started process (PID=3330) to work on /home/airflow/.local/lib/python3.7/site-packages/airflow/example_dags/tutorial.py
[2025-01-27T09:02:44.189+0000] {processor.py:756} INFO - Processing file /home/airflow/.local/lib/python3.7/site-packages/airflow/example_dags/tutorial.py for tasks to queue
[2025-01-27T09:02:44.194+0000] {logging_mixin.py:120} INFO - [2025-01-27T09:02:44.193+0000] {dagbag.py:537} INFO - Filling up the DagBag from /home/airflow/.local/lib/python3.7/site-packages/airflow/example_dags/tutorial.py
[2025-01-27T09:02:44.221+0000] {processor.py:766} INFO - DAG(s) dict_keys(['tutorial']) retrieved from /home/airflow/.local/lib/python3.7/site-packages/airflow/example_dags/tutorial.py
[2025-01-27T09:02:44.301+0000] {logging_mixin.py:120} INFO - [2025-01-27T09:02:44.301+0000] {dag.py:2585} INFO - Sync 1 DAGs
[2025-01-27T09:02:44.355+0000] {logging_mixin.py:120} INFO - [2025-01-27T09:02:44.355+0000] {dag.py:3340} INFO - Setting next_dagrun for tutorial to 2025-01-26T09:02:44.355084+00:00, run_after=2025-01-27T09:02:44.355084+00:00
[2025-01-27T09:02:44.391+0000] {processor.py:176} INFO - Processing /home/airflow/.local/lib/python3.7/site-packages/airflow/example_dags/tutorial.py took 0.209 seconds
[2025-01-27T09:03:15.289+0000] {processor.py:154} INFO - Started process (PID=3383) to work on /home/airflow/.local/lib/python3.7/site-packages/airflow/example_dags/tutorial.py
[2025-01-27T09:03:15.291+0000] {processor.py:756} INFO - Processing file /home/airflow/.local/lib/python3.7/site-packages/airflow/example_dags/tutorial.py for tasks to queue
[2025-01-27T09:03:15.293+0000] {logging_mixin.py:120} INFO - [2025-01-27T09:03:15.292+0000] {dagbag.py:537} INFO - Filling up the DagBag from /home/airflow/.local/lib/python3.7/site-packages/airflow/example_dags/tutorial.py
[2025-01-27T09:03:15.319+0000] {processor.py:766} INFO - DAG(s) dict_keys(['tutorial']) retrieved from /home/airflow/.local/lib/python3.7/site-packages/airflow/example_dags/tutorial.py
[2025-01-27T09:03:15.390+0000] {logging_mixin.py:120} INFO - [2025-01-27T09:03:15.389+0000] {dag.py:2585} INFO - Sync 1 DAGs
[2025-01-27T09:03:15.517+0000] {logging_mixin.py:120} INFO - [2025-01-27T09:03:15.517+0000] {dag.py:3340} INFO - Setting next_dagrun for tutorial to 2025-01-26T09:03:15.517034+00:00, run_after=2025-01-27T09:03:15.517034+00:00
[2025-01-27T09:03:15.736+0000] {processor.py:176} INFO - Processing /home/airflow/.local/lib/python3.7/site-packages/airflow/example_dags/tutorial.py took 0.453 seconds
[2025-01-27T09:03:45.985+0000] {processor.py:154} INFO - Started process (PID=3445) to work on /home/airflow/.local/lib/python3.7/site-packages/airflow/example_dags/tutorial.py
[2025-01-27T09:03:45.987+0000] {processor.py:756} INFO - Processing file /home/airflow/.local/lib/python3.7/site-packages/airflow/example_dags/tutorial.py for tasks to queue
[2025-01-27T09:03:45.989+0000] {logging_mixin.py:120} INFO - [2025-01-27T09:03:45.988+0000] {dagbag.py:537} INFO - Filling up the DagBag from /home/airflow/.local/lib/python3.7/site-packages/airflow/example_dags/tutorial.py
[2025-01-27T09:03:46.015+0000] {processor.py:766} INFO - DAG(s) dict_keys(['tutorial']) retrieved from /home/airflow/.local/lib/python3.7/site-packages/airflow/example_dags/tutorial.py
[2025-01-27T09:03:46.095+0000] {logging_mixin.py:120} INFO - [2025-01-27T09:03:46.094+0000] {dag.py:2585} INFO - Sync 1 DAGs
[2025-01-27T09:03:46.157+0000] {logging_mixin.py:120} INFO - [2025-01-27T09:03:46.156+0000] {dag.py:3340} INFO - Setting next_dagrun for tutorial to 2025-01-26T09:03:46.156398+00:00, run_after=2025-01-27T09:03:46.156398+00:00
[2025-01-27T09:03:46.202+0000] {processor.py:176} INFO - Processing /home/airflow/.local/lib/python3.7/site-packages/airflow/example_dags/tutorial.py took 0.224 seconds
[2025-01-27T09:04:16.871+0000] {processor.py:154} INFO - Started process (PID=3499) to work on /home/airflow/.local/lib/python3.7/site-packages/airflow/example_dags/tutorial.py
[2025-01-27T09:04:16.874+0000] {processor.py:756} INFO - Processing file /home/airflow/.local/lib/python3.7/site-packages/airflow/example_dags/tutorial.py for tasks to queue
[2025-01-27T09:04:16.876+0000] {logging_mixin.py:120} INFO - [2025-01-27T09:04:16.875+0000] {dagbag.py:537} INFO - Filling up the DagBag from /home/airflow/.local/lib/python3.7/site-packages/airflow/example_dags/tutorial.py
[2025-01-27T09:04:16.919+0000] {processor.py:766} INFO - DAG(s) dict_keys(['tutorial']) retrieved from /home/airflow/.local/lib/python3.7/site-packages/airflow/example_dags/tutorial.py
[2025-01-27T09:04:17.017+0000] {logging_mixin.py:120} INFO - [2025-01-27T09:04:17.017+0000] {dag.py:2585} INFO - Sync 1 DAGs
[2025-01-27T09:04:17.073+0000] {logging_mixin.py:120} INFO - [2025-01-27T09:04:17.073+0000] {dag.py:3340} INFO - Setting next_dagrun for tutorial to 2025-01-26T09:04:17.072942+00:00, run_after=2025-01-27T09:04:17.072942+00:00
[2025-01-27T09:04:17.113+0000] {processor.py:176} INFO - Processing /home/airflow/.local/lib/python3.7/site-packages/airflow/example_dags/tutorial.py took 0.248 seconds
[2025-01-27T09:04:48.367+0000] {processor.py:154} INFO - Started process (PID=3562) to work on /home/airflow/.local/lib/python3.7/site-packages/airflow/example_dags/tutorial.py
[2025-01-27T09:04:48.369+0000] {processor.py:756} INFO - Processing file /home/airflow/.local/lib/python3.7/site-packages/airflow/example_dags/tutorial.py for tasks to queue
[2025-01-27T09:04:48.371+0000] {logging_mixin.py:120} INFO - [2025-01-27T09:04:48.371+0000] {dagbag.py:537} INFO - Filling up the DagBag from /home/airflow/.local/lib/python3.7/site-packages/airflow/example_dags/tutorial.py
[2025-01-27T09:04:48.403+0000] {processor.py:766} INFO - DAG(s) dict_keys(['tutorial']) retrieved from /home/airflow/.local/lib/python3.7/site-packages/airflow/example_dags/tutorial.py
[2025-01-27T09:04:48.483+0000] {logging_mixin.py:120} INFO - [2025-01-27T09:04:48.483+0000] {dag.py:2585} INFO - Sync 1 DAGs
[2025-01-27T09:04:48.540+0000] {logging_mixin.py:120} INFO - [2025-01-27T09:04:48.539+0000] {dag.py:3340} INFO - Setting next_dagrun for tutorial to 2025-01-26T09:04:48.539208+00:00, run_after=2025-01-27T09:04:48.539208+00:00
[2025-01-27T09:04:48.587+0000] {processor.py:176} INFO - Processing /home/airflow/.local/lib/python3.7/site-packages/airflow/example_dags/tutorial.py took 0.225 seconds
[2025-01-27T09:05:19.994+0000] {processor.py:154} INFO - Started process (PID=3615) to work on /home/airflow/.local/lib/python3.7/site-packages/airflow/example_dags/tutorial.py
[2025-01-27T09:05:19.996+0000] {processor.py:756} INFO - Processing file /home/airflow/.local/lib/python3.7/site-packages/airflow/example_dags/tutorial.py for tasks to queue
[2025-01-27T09:05:19.997+0000] {logging_mixin.py:120} INFO - [2025-01-27T09:05:19.997+0000] {dagbag.py:537} INFO - Filling up the DagBag from /home/airflow/.local/lib/python3.7/site-packages/airflow/example_dags/tutorial.py
[2025-01-27T09:05:20.027+0000] {processor.py:766} INFO - DAG(s) dict_keys(['tutorial']) retrieved from /home/airflow/.local/lib/python3.7/site-packages/airflow/example_dags/tutorial.py
[2025-01-27T09:05:20.098+0000] {logging_mixin.py:120} INFO - [2025-01-27T09:05:20.098+0000] {dag.py:2585} INFO - Sync 1 DAGs
[2025-01-27T09:05:20.155+0000] {logging_mixin.py:120} INFO - [2025-01-27T09:05:20.155+0000] {dag.py:3340} INFO - Setting next_dagrun for tutorial to 2025-01-26T09:05:20.154835+00:00, run_after=2025-01-27T09:05:20.154835+00:00
[2025-01-27T09:05:20.190+0000] {processor.py:176} INFO - Processing /home/airflow/.local/lib/python3.7/site-packages/airflow/example_dags/tutorial.py took 0.201 seconds
[2025-01-27T09:05:51.303+0000] {processor.py:154} INFO - Started process (PID=3676) to work on /home/airflow/.local/lib/python3.7/site-packages/airflow/example_dags/tutorial.py
[2025-01-27T09:05:51.310+0000] {processor.py:756} INFO - Processing file /home/airflow/.local/lib/python3.7/site-packages/airflow/example_dags/tutorial.py for tasks to queue
[2025-01-27T09:05:51.316+0000] {logging_mixin.py:120} INFO - [2025-01-27T09:05:51.315+0000] {dagbag.py:537} INFO - Filling up the DagBag from /home/airflow/.local/lib/python3.7/site-packages/airflow/example_dags/tutorial.py
[2025-01-27T09:05:51.352+0000] {processor.py:766} INFO - DAG(s) dict_keys(['tutorial']) retrieved from /home/airflow/.local/lib/python3.7/site-packages/airflow/example_dags/tutorial.py
[2025-01-27T09:05:51.435+0000] {logging_mixin.py:120} INFO - [2025-01-27T09:05:51.435+0000] {dag.py:2585} INFO - Sync 1 DAGs
[2025-01-27T09:05:51.494+0000] {logging_mixin.py:120} INFO - [2025-01-27T09:05:51.494+0000] {dag.py:3340} INFO - Setting next_dagrun for tutorial to 2025-01-26T09:05:51.493581+00:00, run_after=2025-01-27T09:05:51.493581+00:00
[2025-01-27T09:05:51.529+0000] {processor.py:176} INFO - Processing /home/airflow/.local/lib/python3.7/site-packages/airflow/example_dags/tutorial.py took 0.232 seconds
[2025-01-27T09:06:22.560+0000] {processor.py:154} INFO - Started process (PID=3730) to work on /home/airflow/.local/lib/python3.7/site-packages/airflow/example_dags/tutorial.py
[2025-01-27T09:06:22.561+0000] {processor.py:756} INFO - Processing file /home/airflow/.local/lib/python3.7/site-packages/airflow/example_dags/tutorial.py for tasks to queue
[2025-01-27T09:06:22.562+0000] {logging_mixin.py:120} INFO - [2025-01-27T09:06:22.562+0000] {dagbag.py:537} INFO - Filling up the DagBag from /home/airflow/.local/lib/python3.7/site-packages/airflow/example_dags/tutorial.py
[2025-01-27T09:06:22.593+0000] {processor.py:766} INFO - DAG(s) dict_keys(['tutorial']) retrieved from /home/airflow/.local/lib/python3.7/site-packages/airflow/example_dags/tutorial.py
[2025-01-27T09:06:22.685+0000] {logging_mixin.py:120} INFO - [2025-01-27T09:06:22.684+0000] {dag.py:2585} INFO - Sync 1 DAGs
[2025-01-27T09:06:22.734+0000] {logging_mixin.py:120} INFO - [2025-01-27T09:06:22.733+0000] {dag.py:3340} INFO - Setting next_dagrun for tutorial to 2025-01-26T09:06:22.733541+00:00, run_after=2025-01-27T09:06:22.733541+00:00
[2025-01-27T09:06:22.773+0000] {processor.py:176} INFO - Processing /home/airflow/.local/lib/python3.7/site-packages/airflow/example_dags/tutorial.py took 0.220 seconds
[2025-01-27T09:06:53.574+0000] {processor.py:154} INFO - Started process (PID=3792) to work on /home/airflow/.local/lib/python3.7/site-packages/airflow/example_dags/tutorial.py
[2025-01-27T09:06:53.576+0000] {processor.py:756} INFO - Processing file /home/airflow/.local/lib/python3.7/site-packages/airflow/example_dags/tutorial.py for tasks to queue
[2025-01-27T09:06:53.577+0000] {logging_mixin.py:120} INFO - [2025-01-27T09:06:53.577+0000] {dagbag.py:537} INFO - Filling up the DagBag from /home/airflow/.local/lib/python3.7/site-packages/airflow/example_dags/tutorial.py
[2025-01-27T09:06:53.608+0000] {processor.py:766} INFO - DAG(s) dict_keys(['tutorial']) retrieved from /home/airflow/.local/lib/python3.7/site-packages/airflow/example_dags/tutorial.py
[2025-01-27T09:06:53.700+0000] {logging_mixin.py:120} INFO - [2025-01-27T09:06:53.699+0000] {dag.py:2585} INFO - Sync 1 DAGs
[2025-01-27T09:06:53.775+0000] {logging_mixin.py:120} INFO - [2025-01-27T09:06:53.774+0000] {dag.py:3340} INFO - Setting next_dagrun for tutorial to 2025-01-26T09:06:53.774085+00:00, run_after=2025-01-27T09:06:53.774085+00:00
[2025-01-27T09:06:53.822+0000] {processor.py:176} INFO - Processing /home/airflow/.local/lib/python3.7/site-packages/airflow/example_dags/tutorial.py took 0.255 seconds
[2025-01-27T09:07:24.095+0000] {processor.py:154} INFO - Started process (PID=3846) to work on /home/airflow/.local/lib/python3.7/site-packages/airflow/example_dags/tutorial.py
[2025-01-27T09:07:24.097+0000] {processor.py:756} INFO - Processing file /home/airflow/.local/lib/python3.7/site-packages/airflow/example_dags/tutorial.py for tasks to queue
[2025-01-27T09:07:24.098+0000] {logging_mixin.py:120} INFO - [2025-01-27T09:07:24.098+0000] {dagbag.py:537} INFO - Filling up the DagBag from /home/airflow/.local/lib/python3.7/site-packages/airflow/example_dags/tutorial.py
[2025-01-27T09:07:24.125+0000] {processor.py:766} INFO - DAG(s) dict_keys(['tutorial']) retrieved from /home/airflow/.local/lib/python3.7/site-packages/airflow/example_dags/tutorial.py
[2025-01-27T09:07:24.194+0000] {logging_mixin.py:120} INFO - [2025-01-27T09:07:24.194+0000] {dag.py:2585} INFO - Sync 1 DAGs
[2025-01-27T09:07:24.241+0000] {logging_mixin.py:120} INFO - [2025-01-27T09:07:24.240+0000] {dag.py:3340} INFO - Setting next_dagrun for tutorial to 2025-01-26T09:07:24.240525+00:00, run_after=2025-01-27T09:07:24.240525+00:00
[2025-01-27T09:07:24.273+0000] {processor.py:176} INFO - Processing /home/airflow/.local/lib/python3.7/site-packages/airflow/example_dags/tutorial.py took 0.184 seconds
[2025-01-27T09:07:54.858+0000] {processor.py:154} INFO - Started process (PID=3900) to work on /home/airflow/.local/lib/python3.7/site-packages/airflow/example_dags/tutorial.py
[2025-01-27T09:07:54.860+0000] {processor.py:756} INFO - Processing file /home/airflow/.local/lib/python3.7/site-packages/airflow/example_dags/tutorial.py for tasks to queue
[2025-01-27T09:07:54.861+0000] {logging_mixin.py:120} INFO - [2025-01-27T09:07:54.861+0000] {dagbag.py:537} INFO - Filling up the DagBag from /home/airflow/.local/lib/python3.7/site-packages/airflow/example_dags/tutorial.py
[2025-01-27T09:07:54.887+0000] {processor.py:766} INFO - DAG(s) dict_keys(['tutorial']) retrieved from /home/airflow/.local/lib/python3.7/site-packages/airflow/example_dags/tutorial.py
[2025-01-27T09:07:54.963+0000] {logging_mixin.py:120} INFO - [2025-01-27T09:07:54.963+0000] {dag.py:2585} INFO - Sync 1 DAGs
[2025-01-27T09:07:55.013+0000] {logging_mixin.py:120} INFO - [2025-01-27T09:07:55.012+0000] {dag.py:3340} INFO - Setting next_dagrun for tutorial to 2025-01-26T09:07:55.012201+00:00, run_after=2025-01-27T09:07:55.012201+00:00
[2025-01-27T09:07:55.051+0000] {processor.py:176} INFO - Processing /home/airflow/.local/lib/python3.7/site-packages/airflow/example_dags/tutorial.py took 0.198 seconds
[2025-01-27T09:08:26.717+0000] {processor.py:154} INFO - Started process (PID=3963) to work on /home/airflow/.local/lib/python3.7/site-packages/airflow/example_dags/tutorial.py
[2025-01-27T09:08:26.718+0000] {processor.py:756} INFO - Processing file /home/airflow/.local/lib/python3.7/site-packages/airflow/example_dags/tutorial.py for tasks to queue
[2025-01-27T09:08:26.720+0000] {logging_mixin.py:120} INFO - [2025-01-27T09:08:26.720+0000] {dagbag.py:537} INFO - Filling up the DagBag from /home/airflow/.local/lib/python3.7/site-packages/airflow/example_dags/tutorial.py
[2025-01-27T09:08:26.759+0000] {processor.py:766} INFO - DAG(s) dict_keys(['tutorial']) retrieved from /home/airflow/.local/lib/python3.7/site-packages/airflow/example_dags/tutorial.py
[2025-01-27T09:08:26.858+0000] {logging_mixin.py:120} INFO - [2025-01-27T09:08:26.858+0000] {dag.py:2585} INFO - Sync 1 DAGs
[2025-01-27T09:08:26.912+0000] {logging_mixin.py:120} INFO - [2025-01-27T09:08:26.912+0000] {dag.py:3340} INFO - Setting next_dagrun for tutorial to 2025-01-26T09:08:26.911679+00:00, run_after=2025-01-27T09:08:26.911679+00:00
[2025-01-27T09:08:26.951+0000] {processor.py:176} INFO - Processing /home/airflow/.local/lib/python3.7/site-packages/airflow/example_dags/tutorial.py took 0.241 seconds
