[2025-02-11T07:25:25.689+0000] {taskinstance.py:1165} INFO - Dependencies all met for <TaskInstance: group_dag.downloads manual__2025-02-11T07:25:19.762871+00:00 [queued]>
[2025-02-11T07:25:25.726+0000] {taskinstance.py:1165} INFO - Dependencies all met for <TaskInstance: group_dag.downloads manual__2025-02-11T07:25:19.762871+00:00 [queued]>
[2025-02-11T07:25:25.727+0000] {taskinstance.py:1362} INFO - 
--------------------------------------------------------------------------------
[2025-02-11T07:25:25.728+0000] {taskinstance.py:1363} INFO - Starting attempt 1 of 1
[2025-02-11T07:25:25.729+0000] {taskinstance.py:1364} INFO - 
--------------------------------------------------------------------------------
[2025-02-11T07:25:25.789+0000] {taskinstance.py:1383} INFO - Executing <Task(SubDagOperator): downloads> on 2025-02-11 07:25:19.762871+00:00
[2025-02-11T07:25:25.817+0000] {standard_task_runner.py:55} INFO - Started process 960 to run task
[2025-02-11T07:25:25.839+0000] {standard_task_runner.py:82} INFO - Running: ['***', 'tasks', 'run', 'group_dag', 'downloads', 'manual__2025-02-11T07:25:19.762871+00:00', '--job-id', '69', '--raw', '--subdir', 'DAGS_FOLDER/group_dag.py', '--cfg-path', '/tmp/tmpkhnpfs3w']
[2025-02-11T07:25:25.853+0000] {standard_task_runner.py:83} INFO - Job 69: Subtask downloads
[2025-02-11T07:25:26.476+0000] {task_command.py:376} INFO - Running <TaskInstance: group_dag.downloads manual__2025-02-11T07:25:19.762871+00:00 [running]> on host 504bf2b4f87f
[2025-02-11T07:25:26.961+0000] {taskinstance.py:1592} INFO - Exporting the following env vars:
AIRFLOW_CTX_DAG_OWNER=***
AIRFLOW_CTX_DAG_ID=group_dag
AIRFLOW_CTX_TASK_ID=downloads
AIRFLOW_CTX_EXECUTION_DATE=2025-02-11T07:25:19.762871+00:00
AIRFLOW_CTX_TRY_NUMBER=1
AIRFLOW_CTX_DAG_RUN_ID=manual__2025-02-11T07:25:19.762871+00:00
[2025-02-11T07:25:26.972+0000] {warnings.py:110} WARNING - /home/***/.local/lib/python3.7/site-packages/***/utils/context.py:204: AirflowContextDeprecationWarning: Accessing 'execution_date' from the template is deprecated and will be removed in a future version. Please use 'data_interval_start' or 'logical_date' instead.
  warnings.warn(_create_deprecation_warning(key, self._deprecation_replacements[key]))

[2025-02-11T07:25:27.221+0000] {subdag.py:171} INFO - Created DagRun: scheduled__2025-02-11T07:25:19.762871+00:00
[2025-02-11T07:26:27.330+0000] {base.py:213} INFO - Success criteria met. Exiting.
[2025-02-11T07:26:27.376+0000] {subdag.py:186} INFO - Execution finished. State is success
[2025-02-11T07:26:27.412+0000] {taskinstance.py:1406} INFO - Marking task as SUCCESS. dag_id=group_dag, task_id=downloads, execution_date=20250211T072519, start_date=20250211T072525, end_date=20250211T072627
[2025-02-11T07:26:27.577+0000] {local_task_job.py:164} INFO - Task exited with return code 0
[2025-02-11T07:26:27.728+0000] {local_task_job.py:273} INFO - 1 downstream tasks scheduled from follow-on schedule check
