[2025-02-13T07:18:31.736+0000] {processor.py:154} INFO - Started process (PID=69) to work on /opt/airflow/dags/groups/group_downloads.py
[2025-02-13T07:18:31.739+0000] {processor.py:756} INFO - Processing file /opt/airflow/dags/groups/group_downloads.py for tasks to queue
[2025-02-13T07:18:31.745+0000] {logging_mixin.py:120} INFO - [2025-02-13T07:18:31.742+0000] {dagbag.py:537} INFO - Filling up the DagBag from /opt/airflow/dags/groups/group_downloads.py
[2025-02-13T07:18:31.768+0000] {processor.py:768} WARNING - No viable dags retrieved from /opt/airflow/dags/groups/group_downloads.py
[2025-02-13T07:18:31.833+0000] {processor.py:176} INFO - Processing /opt/airflow/dags/groups/group_downloads.py took 0.106 seconds
[2025-02-13T07:19:02.620+0000] {processor.py:154} INFO - Started process (PID=96) to work on /opt/airflow/dags/groups/group_downloads.py
[2025-02-13T07:19:02.622+0000] {processor.py:756} INFO - Processing file /opt/airflow/dags/groups/group_downloads.py for tasks to queue
[2025-02-13T07:19:02.623+0000] {logging_mixin.py:120} INFO - [2025-02-13T07:19:02.623+0000] {dagbag.py:537} INFO - Filling up the DagBag from /opt/airflow/dags/groups/group_downloads.py
[2025-02-13T07:19:02.637+0000] {processor.py:768} WARNING - No viable dags retrieved from /opt/airflow/dags/groups/group_downloads.py
[2025-02-13T07:19:02.667+0000] {processor.py:176} INFO - Processing /opt/airflow/dags/groups/group_downloads.py took 0.052 seconds
[2025-02-13T07:19:32.996+0000] {processor.py:154} INFO - Started process (PID=123) to work on /opt/airflow/dags/groups/group_downloads.py
[2025-02-13T07:19:32.998+0000] {processor.py:756} INFO - Processing file /opt/airflow/dags/groups/group_downloads.py for tasks to queue
[2025-02-13T07:19:33.002+0000] {logging_mixin.py:120} INFO - [2025-02-13T07:19:33.002+0000] {dagbag.py:537} INFO - Filling up the DagBag from /opt/airflow/dags/groups/group_downloads.py
[2025-02-13T07:19:33.019+0000] {processor.py:768} WARNING - No viable dags retrieved from /opt/airflow/dags/groups/group_downloads.py
[2025-02-13T07:19:33.049+0000] {processor.py:176} INFO - Processing /opt/airflow/dags/groups/group_downloads.py took 0.059 seconds
[2025-02-13T07:20:03.907+0000] {processor.py:154} INFO - Started process (PID=159) to work on /opt/airflow/dags/groups/group_downloads.py
[2025-02-13T07:20:03.913+0000] {processor.py:756} INFO - Processing file /opt/airflow/dags/groups/group_downloads.py for tasks to queue
[2025-02-13T07:20:03.916+0000] {logging_mixin.py:120} INFO - [2025-02-13T07:20:03.915+0000] {dagbag.py:537} INFO - Filling up the DagBag from /opt/airflow/dags/groups/group_downloads.py
[2025-02-13T07:20:03.946+0000] {processor.py:768} WARNING - No viable dags retrieved from /opt/airflow/dags/groups/group_downloads.py
[2025-02-13T07:20:04.042+0000] {processor.py:176} INFO - Processing /opt/airflow/dags/groups/group_downloads.py took 0.156 seconds
[2025-02-13T07:20:34.931+0000] {processor.py:154} INFO - Started process (PID=186) to work on /opt/airflow/dags/groups/group_downloads.py
[2025-02-13T07:20:34.934+0000] {processor.py:756} INFO - Processing file /opt/airflow/dags/groups/group_downloads.py for tasks to queue
[2025-02-13T07:20:34.937+0000] {logging_mixin.py:120} INFO - [2025-02-13T07:20:34.936+0000] {dagbag.py:537} INFO - Filling up the DagBag from /opt/airflow/dags/groups/group_downloads.py
[2025-02-13T07:20:34.949+0000] {processor.py:768} WARNING - No viable dags retrieved from /opt/airflow/dags/groups/group_downloads.py
[2025-02-13T07:20:34.978+0000] {processor.py:176} INFO - Processing /opt/airflow/dags/groups/group_downloads.py took 0.054 seconds
[2025-02-13T07:21:05.610+0000] {processor.py:154} INFO - Started process (PID=213) to work on /opt/airflow/dags/groups/group_downloads.py
[2025-02-13T07:21:05.614+0000] {processor.py:756} INFO - Processing file /opt/airflow/dags/groups/group_downloads.py for tasks to queue
[2025-02-13T07:21:05.619+0000] {logging_mixin.py:120} INFO - [2025-02-13T07:21:05.619+0000] {dagbag.py:537} INFO - Filling up the DagBag from /opt/airflow/dags/groups/group_downloads.py
[2025-02-13T07:21:05.640+0000] {processor.py:768} WARNING - No viable dags retrieved from /opt/airflow/dags/groups/group_downloads.py
[2025-02-13T07:21:05.704+0000] {processor.py:176} INFO - Processing /opt/airflow/dags/groups/group_downloads.py took 0.105 seconds
[2025-02-13T07:21:36.629+0000] {processor.py:154} INFO - Started process (PID=249) to work on /opt/airflow/dags/groups/group_downloads.py
[2025-02-13T07:21:36.631+0000] {processor.py:756} INFO - Processing file /opt/airflow/dags/groups/group_downloads.py for tasks to queue
[2025-02-13T07:21:36.632+0000] {logging_mixin.py:120} INFO - [2025-02-13T07:21:36.632+0000] {dagbag.py:537} INFO - Filling up the DagBag from /opt/airflow/dags/groups/group_downloads.py
[2025-02-13T07:21:36.644+0000] {processor.py:768} WARNING - No viable dags retrieved from /opt/airflow/dags/groups/group_downloads.py
[2025-02-13T07:21:36.670+0000] {processor.py:176} INFO - Processing /opt/airflow/dags/groups/group_downloads.py took 0.048 seconds
[2025-02-13T07:22:07.771+0000] {processor.py:154} INFO - Started process (PID=275) to work on /opt/airflow/dags/groups/group_downloads.py
[2025-02-13T07:22:07.772+0000] {processor.py:756} INFO - Processing file /opt/airflow/dags/groups/group_downloads.py for tasks to queue
[2025-02-13T07:22:07.774+0000] {logging_mixin.py:120} INFO - [2025-02-13T07:22:07.773+0000] {dagbag.py:537} INFO - Filling up the DagBag from /opt/airflow/dags/groups/group_downloads.py
[2025-02-13T07:22:07.789+0000] {processor.py:768} WARNING - No viable dags retrieved from /opt/airflow/dags/groups/group_downloads.py
[2025-02-13T07:22:07.821+0000] {processor.py:176} INFO - Processing /opt/airflow/dags/groups/group_downloads.py took 0.056 seconds
[2025-02-13T07:22:38.802+0000] {processor.py:154} INFO - Started process (PID=310) to work on /opt/airflow/dags/groups/group_downloads.py
[2025-02-13T07:22:38.803+0000] {processor.py:756} INFO - Processing file /opt/airflow/dags/groups/group_downloads.py for tasks to queue
[2025-02-13T07:22:38.804+0000] {logging_mixin.py:120} INFO - [2025-02-13T07:22:38.804+0000] {dagbag.py:537} INFO - Filling up the DagBag from /opt/airflow/dags/groups/group_downloads.py
[2025-02-13T07:22:38.814+0000] {processor.py:768} WARNING - No viable dags retrieved from /opt/airflow/dags/groups/group_downloads.py
[2025-02-13T07:22:38.838+0000] {processor.py:176} INFO - Processing /opt/airflow/dags/groups/group_downloads.py took 0.042 seconds
[2025-02-13T07:23:09.541+0000] {processor.py:154} INFO - Started process (PID=337) to work on /opt/airflow/dags/groups/group_downloads.py
[2025-02-13T07:23:09.543+0000] {processor.py:756} INFO - Processing file /opt/airflow/dags/groups/group_downloads.py for tasks to queue
[2025-02-13T07:23:09.544+0000] {logging_mixin.py:120} INFO - [2025-02-13T07:23:09.544+0000] {dagbag.py:537} INFO - Filling up the DagBag from /opt/airflow/dags/groups/group_downloads.py
[2025-02-13T07:23:09.554+0000] {processor.py:768} WARNING - No viable dags retrieved from /opt/airflow/dags/groups/group_downloads.py
[2025-02-13T07:23:09.576+0000] {processor.py:176} INFO - Processing /opt/airflow/dags/groups/group_downloads.py took 0.041 seconds
[2025-02-13T07:23:40.998+0000] {processor.py:154} INFO - Started process (PID=373) to work on /opt/airflow/dags/groups/group_downloads.py
[2025-02-13T07:23:41.000+0000] {processor.py:756} INFO - Processing file /opt/airflow/dags/groups/group_downloads.py for tasks to queue
[2025-02-13T07:23:41.002+0000] {logging_mixin.py:120} INFO - [2025-02-13T07:23:41.002+0000] {dagbag.py:537} INFO - Filling up the DagBag from /opt/airflow/dags/groups/group_downloads.py
[2025-02-13T07:23:41.024+0000] {processor.py:768} WARNING - No viable dags retrieved from /opt/airflow/dags/groups/group_downloads.py
[2025-02-13T07:23:41.070+0000] {processor.py:176} INFO - Processing /opt/airflow/dags/groups/group_downloads.py took 0.082 seconds
[2025-02-13T07:24:11.602+0000] {processor.py:154} INFO - Started process (PID=399) to work on /opt/airflow/dags/groups/group_downloads.py
[2025-02-13T07:24:11.605+0000] {processor.py:756} INFO - Processing file /opt/airflow/dags/groups/group_downloads.py for tasks to queue
[2025-02-13T07:24:11.606+0000] {logging_mixin.py:120} INFO - [2025-02-13T07:24:11.606+0000] {dagbag.py:537} INFO - Filling up the DagBag from /opt/airflow/dags/groups/group_downloads.py
[2025-02-13T07:24:11.618+0000] {processor.py:768} WARNING - No viable dags retrieved from /opt/airflow/dags/groups/group_downloads.py
[2025-02-13T07:24:11.642+0000] {processor.py:176} INFO - Processing /opt/airflow/dags/groups/group_downloads.py took 0.046 seconds
[2025-02-13T07:25:39.908+0000] {processor.py:154} INFO - Started process (PID=49) to work on /opt/airflow/dags/groups/group_downloads.py
[2025-02-13T07:25:39.910+0000] {processor.py:756} INFO - Processing file /opt/airflow/dags/groups/group_downloads.py for tasks to queue
[2025-02-13T07:25:39.911+0000] {logging_mixin.py:120} INFO - [2025-02-13T07:25:39.911+0000] {dagbag.py:537} INFO - Filling up the DagBag from /opt/airflow/dags/groups/group_downloads.py
[2025-02-13T07:25:39.925+0000] {processor.py:768} WARNING - No viable dags retrieved from /opt/airflow/dags/groups/group_downloads.py
[2025-02-13T07:25:39.954+0000] {processor.py:176} INFO - Processing /opt/airflow/dags/groups/group_downloads.py took 0.051 seconds
[2025-02-13T07:26:10.511+0000] {processor.py:154} INFO - Started process (PID=85) to work on /opt/airflow/dags/groups/group_downloads.py
[2025-02-13T07:26:10.513+0000] {processor.py:756} INFO - Processing file /opt/airflow/dags/groups/group_downloads.py for tasks to queue
[2025-02-13T07:26:10.514+0000] {logging_mixin.py:120} INFO - [2025-02-13T07:26:10.514+0000] {dagbag.py:537} INFO - Filling up the DagBag from /opt/airflow/dags/groups/group_downloads.py
[2025-02-13T07:26:10.524+0000] {processor.py:768} WARNING - No viable dags retrieved from /opt/airflow/dags/groups/group_downloads.py
[2025-02-13T07:26:10.547+0000] {processor.py:176} INFO - Processing /opt/airflow/dags/groups/group_downloads.py took 0.041 seconds
[2025-02-13T07:26:41.354+0000] {processor.py:154} INFO - Started process (PID=111) to work on /opt/airflow/dags/groups/group_downloads.py
[2025-02-13T07:26:41.356+0000] {processor.py:756} INFO - Processing file /opt/airflow/dags/groups/group_downloads.py for tasks to queue
[2025-02-13T07:26:41.357+0000] {logging_mixin.py:120} INFO - [2025-02-13T07:26:41.357+0000] {dagbag.py:537} INFO - Filling up the DagBag from /opt/airflow/dags/groups/group_downloads.py
[2025-02-13T07:26:41.370+0000] {processor.py:768} WARNING - No viable dags retrieved from /opt/airflow/dags/groups/group_downloads.py
[2025-02-13T07:26:41.399+0000] {processor.py:176} INFO - Processing /opt/airflow/dags/groups/group_downloads.py took 0.051 seconds
[2025-02-13T07:27:12.226+0000] {processor.py:154} INFO - Started process (PID=147) to work on /opt/airflow/dags/groups/group_downloads.py
[2025-02-13T07:27:12.228+0000] {processor.py:756} INFO - Processing file /opt/airflow/dags/groups/group_downloads.py for tasks to queue
[2025-02-13T07:27:12.229+0000] {logging_mixin.py:120} INFO - [2025-02-13T07:27:12.229+0000] {dagbag.py:537} INFO - Filling up the DagBag from /opt/airflow/dags/groups/group_downloads.py
[2025-02-13T07:27:12.240+0000] {processor.py:768} WARNING - No viable dags retrieved from /opt/airflow/dags/groups/group_downloads.py
[2025-02-13T07:27:12.269+0000] {processor.py:176} INFO - Processing /opt/airflow/dags/groups/group_downloads.py took 0.048 seconds
[2025-02-13T07:27:43.073+0000] {processor.py:154} INFO - Started process (PID=183) to work on /opt/airflow/dags/groups/group_downloads.py
[2025-02-13T07:27:43.075+0000] {processor.py:756} INFO - Processing file /opt/airflow/dags/groups/group_downloads.py for tasks to queue
[2025-02-13T07:27:43.079+0000] {logging_mixin.py:120} INFO - [2025-02-13T07:27:43.079+0000] {dagbag.py:537} INFO - Filling up the DagBag from /opt/airflow/dags/groups/group_downloads.py
[2025-02-13T07:27:43.097+0000] {processor.py:768} WARNING - No viable dags retrieved from /opt/airflow/dags/groups/group_downloads.py
[2025-02-13T07:27:43.129+0000] {processor.py:176} INFO - Processing /opt/airflow/dags/groups/group_downloads.py took 0.061 seconds
[2025-02-13T07:28:13.964+0000] {processor.py:154} INFO - Started process (PID=211) to work on /opt/airflow/dags/groups/group_downloads.py
[2025-02-13T07:28:13.965+0000] {processor.py:756} INFO - Processing file /opt/airflow/dags/groups/group_downloads.py for tasks to queue
[2025-02-13T07:28:13.966+0000] {logging_mixin.py:120} INFO - [2025-02-13T07:28:13.966+0000] {dagbag.py:537} INFO - Filling up the DagBag from /opt/airflow/dags/groups/group_downloads.py
[2025-02-13T07:28:13.981+0000] {processor.py:768} WARNING - No viable dags retrieved from /opt/airflow/dags/groups/group_downloads.py
[2025-02-13T07:28:14.006+0000] {processor.py:176} INFO - Processing /opt/airflow/dags/groups/group_downloads.py took 0.048 seconds
[2025-02-13T07:28:44.917+0000] {processor.py:154} INFO - Started process (PID=246) to work on /opt/airflow/dags/groups/group_downloads.py
[2025-02-13T07:28:44.921+0000] {processor.py:756} INFO - Processing file /opt/airflow/dags/groups/group_downloads.py for tasks to queue
[2025-02-13T07:28:44.923+0000] {logging_mixin.py:120} INFO - [2025-02-13T07:28:44.923+0000] {dagbag.py:537} INFO - Filling up the DagBag from /opt/airflow/dags/groups/group_downloads.py
[2025-02-13T07:28:44.946+0000] {processor.py:768} WARNING - No viable dags retrieved from /opt/airflow/dags/groups/group_downloads.py
[2025-02-13T07:28:44.998+0000] {processor.py:176} INFO - Processing /opt/airflow/dags/groups/group_downloads.py took 0.089 seconds
[2025-02-13T07:29:15.719+0000] {processor.py:154} INFO - Started process (PID=273) to work on /opt/airflow/dags/groups/group_downloads.py
[2025-02-13T07:29:15.723+0000] {processor.py:756} INFO - Processing file /opt/airflow/dags/groups/group_downloads.py for tasks to queue
[2025-02-13T07:29:15.724+0000] {logging_mixin.py:120} INFO - [2025-02-13T07:29:15.724+0000] {dagbag.py:537} INFO - Filling up the DagBag from /opt/airflow/dags/groups/group_downloads.py
[2025-02-13T07:29:15.740+0000] {processor.py:768} WARNING - No viable dags retrieved from /opt/airflow/dags/groups/group_downloads.py
[2025-02-13T07:29:15.769+0000] {processor.py:176} INFO - Processing /opt/airflow/dags/groups/group_downloads.py took 0.056 seconds
[2025-02-13T07:29:46.801+0000] {processor.py:154} INFO - Started process (PID=299) to work on /opt/airflow/dags/groups/group_downloads.py
[2025-02-13T07:29:46.802+0000] {processor.py:756} INFO - Processing file /opt/airflow/dags/groups/group_downloads.py for tasks to queue
[2025-02-13T07:29:46.804+0000] {logging_mixin.py:120} INFO - [2025-02-13T07:29:46.804+0000] {dagbag.py:537} INFO - Filling up the DagBag from /opt/airflow/dags/groups/group_downloads.py
[2025-02-13T07:29:46.815+0000] {processor.py:768} WARNING - No viable dags retrieved from /opt/airflow/dags/groups/group_downloads.py
[2025-02-13T07:29:46.845+0000] {processor.py:176} INFO - Processing /opt/airflow/dags/groups/group_downloads.py took 0.049 seconds
[2025-02-13T07:30:17.345+0000] {processor.py:154} INFO - Started process (PID=334) to work on /opt/airflow/dags/groups/group_downloads.py
[2025-02-13T07:30:17.347+0000] {processor.py:756} INFO - Processing file /opt/airflow/dags/groups/group_downloads.py for tasks to queue
[2025-02-13T07:30:17.348+0000] {logging_mixin.py:120} INFO - [2025-02-13T07:30:17.348+0000] {dagbag.py:537} INFO - Filling up the DagBag from /opt/airflow/dags/groups/group_downloads.py
[2025-02-13T07:30:17.358+0000] {processor.py:768} WARNING - No viable dags retrieved from /opt/airflow/dags/groups/group_downloads.py
[2025-02-13T07:30:17.383+0000] {processor.py:176} INFO - Processing /opt/airflow/dags/groups/group_downloads.py took 0.043 seconds
[2025-02-13T07:30:47.931+0000] {processor.py:154} INFO - Started process (PID=361) to work on /opt/airflow/dags/groups/group_downloads.py
[2025-02-13T07:30:47.932+0000] {processor.py:756} INFO - Processing file /opt/airflow/dags/groups/group_downloads.py for tasks to queue
[2025-02-13T07:30:47.937+0000] {logging_mixin.py:120} INFO - [2025-02-13T07:30:47.937+0000] {dagbag.py:537} INFO - Filling up the DagBag from /opt/airflow/dags/groups/group_downloads.py
[2025-02-13T07:30:47.952+0000] {processor.py:768} WARNING - No viable dags retrieved from /opt/airflow/dags/groups/group_downloads.py
[2025-02-13T07:30:47.981+0000] {processor.py:176} INFO - Processing /opt/airflow/dags/groups/group_downloads.py took 0.056 seconds
[2025-02-13T07:31:18.237+0000] {processor.py:154} INFO - Started process (PID=396) to work on /opt/airflow/dags/groups/group_downloads.py
[2025-02-13T07:31:18.239+0000] {processor.py:756} INFO - Processing file /opt/airflow/dags/groups/group_downloads.py for tasks to queue
[2025-02-13T07:31:18.240+0000] {logging_mixin.py:120} INFO - [2025-02-13T07:31:18.240+0000] {dagbag.py:537} INFO - Filling up the DagBag from /opt/airflow/dags/groups/group_downloads.py
[2025-02-13T07:31:18.250+0000] {processor.py:768} WARNING - No viable dags retrieved from /opt/airflow/dags/groups/group_downloads.py
[2025-02-13T07:31:18.276+0000] {processor.py:176} INFO - Processing /opt/airflow/dags/groups/group_downloads.py took 0.044 seconds
[2025-02-13T07:31:49.315+0000] {processor.py:154} INFO - Started process (PID=422) to work on /opt/airflow/dags/groups/group_downloads.py
[2025-02-13T07:31:49.316+0000] {processor.py:756} INFO - Processing file /opt/airflow/dags/groups/group_downloads.py for tasks to queue
[2025-02-13T07:31:49.318+0000] {logging_mixin.py:120} INFO - [2025-02-13T07:31:49.317+0000] {dagbag.py:537} INFO - Filling up the DagBag from /opt/airflow/dags/groups/group_downloads.py
[2025-02-13T07:31:49.328+0000] {processor.py:768} WARNING - No viable dags retrieved from /opt/airflow/dags/groups/group_downloads.py
[2025-02-13T07:31:49.351+0000] {processor.py:176} INFO - Processing /opt/airflow/dags/groups/group_downloads.py took 0.042 seconds
[2025-02-13T07:32:20.278+0000] {processor.py:154} INFO - Started process (PID=458) to work on /opt/airflow/dags/groups/group_downloads.py
[2025-02-13T07:32:20.280+0000] {processor.py:756} INFO - Processing file /opt/airflow/dags/groups/group_downloads.py for tasks to queue
[2025-02-13T07:32:20.281+0000] {logging_mixin.py:120} INFO - [2025-02-13T07:32:20.281+0000] {dagbag.py:537} INFO - Filling up the DagBag from /opt/airflow/dags/groups/group_downloads.py
[2025-02-13T07:32:20.295+0000] {processor.py:768} WARNING - No viable dags retrieved from /opt/airflow/dags/groups/group_downloads.py
[2025-02-13T07:32:20.319+0000] {processor.py:176} INFO - Processing /opt/airflow/dags/groups/group_downloads.py took 0.048 seconds
[2025-02-13T07:32:51.451+0000] {processor.py:154} INFO - Started process (PID=485) to work on /opt/airflow/dags/groups/group_downloads.py
[2025-02-13T07:32:51.452+0000] {processor.py:756} INFO - Processing file /opt/airflow/dags/groups/group_downloads.py for tasks to queue
[2025-02-13T07:32:51.454+0000] {logging_mixin.py:120} INFO - [2025-02-13T07:32:51.453+0000] {dagbag.py:537} INFO - Filling up the DagBag from /opt/airflow/dags/groups/group_downloads.py
[2025-02-13T07:32:51.464+0000] {processor.py:768} WARNING - No viable dags retrieved from /opt/airflow/dags/groups/group_downloads.py
[2025-02-13T07:32:51.487+0000] {processor.py:176} INFO - Processing /opt/airflow/dags/groups/group_downloads.py took 0.041 seconds
[2025-02-13T07:33:22.241+0000] {processor.py:154} INFO - Started process (PID=520) to work on /opt/airflow/dags/groups/group_downloads.py
[2025-02-13T07:33:22.243+0000] {processor.py:756} INFO - Processing file /opt/airflow/dags/groups/group_downloads.py for tasks to queue
[2025-02-13T07:33:22.245+0000] {logging_mixin.py:120} INFO - [2025-02-13T07:33:22.245+0000] {dagbag.py:537} INFO - Filling up the DagBag from /opt/airflow/dags/groups/group_downloads.py
[2025-02-13T07:33:22.255+0000] {processor.py:768} WARNING - No viable dags retrieved from /opt/airflow/dags/groups/group_downloads.py
[2025-02-13T07:33:22.279+0000] {processor.py:176} INFO - Processing /opt/airflow/dags/groups/group_downloads.py took 0.043 seconds
[2025-02-13T07:33:52.533+0000] {processor.py:154} INFO - Started process (PID=561) to work on /opt/airflow/dags/groups/group_downloads.py
[2025-02-13T07:33:52.535+0000] {processor.py:756} INFO - Processing file /opt/airflow/dags/groups/group_downloads.py for tasks to queue
[2025-02-13T07:33:52.537+0000] {logging_mixin.py:120} INFO - [2025-02-13T07:33:52.537+0000] {dagbag.py:537} INFO - Filling up the DagBag from /opt/airflow/dags/groups/group_downloads.py
[2025-02-13T07:33:52.548+0000] {processor.py:768} WARNING - No viable dags retrieved from /opt/airflow/dags/groups/group_downloads.py
[2025-02-13T07:33:52.578+0000] {processor.py:176} INFO - Processing /opt/airflow/dags/groups/group_downloads.py took 0.050 seconds
[2025-02-13T07:34:23.786+0000] {processor.py:154} INFO - Started process (PID=590) to work on /opt/airflow/dags/groups/group_downloads.py
[2025-02-13T07:34:23.789+0000] {processor.py:756} INFO - Processing file /opt/airflow/dags/groups/group_downloads.py for tasks to queue
[2025-02-13T07:34:23.790+0000] {logging_mixin.py:120} INFO - [2025-02-13T07:34:23.790+0000] {dagbag.py:537} INFO - Filling up the DagBag from /opt/airflow/dags/groups/group_downloads.py
[2025-02-13T07:34:23.804+0000] {processor.py:768} WARNING - No viable dags retrieved from /opt/airflow/dags/groups/group_downloads.py
[2025-02-13T07:34:23.827+0000] {processor.py:176} INFO - Processing /opt/airflow/dags/groups/group_downloads.py took 0.046 seconds
[2025-02-13T07:34:54.187+0000] {processor.py:154} INFO - Started process (PID=616) to work on /opt/airflow/dags/groups/group_downloads.py
[2025-02-13T07:34:54.189+0000] {processor.py:756} INFO - Processing file /opt/airflow/dags/groups/group_downloads.py for tasks to queue
[2025-02-13T07:34:54.190+0000] {logging_mixin.py:120} INFO - [2025-02-13T07:34:54.190+0000] {dagbag.py:537} INFO - Filling up the DagBag from /opt/airflow/dags/groups/group_downloads.py
[2025-02-13T07:34:54.201+0000] {processor.py:768} WARNING - No viable dags retrieved from /opt/airflow/dags/groups/group_downloads.py
[2025-02-13T07:34:54.224+0000] {processor.py:176} INFO - Processing /opt/airflow/dags/groups/group_downloads.py took 0.042 seconds
[2025-02-13T07:35:24.701+0000] {processor.py:154} INFO - Started process (PID=656) to work on /opt/airflow/dags/groups/group_downloads.py
[2025-02-13T07:35:24.703+0000] {processor.py:756} INFO - Processing file /opt/airflow/dags/groups/group_downloads.py for tasks to queue
[2025-02-13T07:35:24.704+0000] {logging_mixin.py:120} INFO - [2025-02-13T07:35:24.704+0000] {dagbag.py:537} INFO - Filling up the DagBag from /opt/airflow/dags/groups/group_downloads.py
[2025-02-13T07:35:24.716+0000] {processor.py:768} WARNING - No viable dags retrieved from /opt/airflow/dags/groups/group_downloads.py
[2025-02-13T07:35:24.740+0000] {processor.py:176} INFO - Processing /opt/airflow/dags/groups/group_downloads.py took 0.044 seconds
[2025-02-13T07:35:55.055+0000] {processor.py:154} INFO - Started process (PID=683) to work on /opt/airflow/dags/groups/group_downloads.py
[2025-02-13T07:35:55.057+0000] {processor.py:756} INFO - Processing file /opt/airflow/dags/groups/group_downloads.py for tasks to queue
[2025-02-13T07:35:55.058+0000] {logging_mixin.py:120} INFO - [2025-02-13T07:35:55.058+0000] {dagbag.py:537} INFO - Filling up the DagBag from /opt/airflow/dags/groups/group_downloads.py
[2025-02-13T07:35:55.068+0000] {processor.py:768} WARNING - No viable dags retrieved from /opt/airflow/dags/groups/group_downloads.py
[2025-02-13T07:35:55.094+0000] {processor.py:176} INFO - Processing /opt/airflow/dags/groups/group_downloads.py took 0.045 seconds
[2025-02-13T07:36:26.027+0000] {processor.py:154} INFO - Started process (PID=719) to work on /opt/airflow/dags/groups/group_downloads.py
[2025-02-13T07:36:26.029+0000] {processor.py:756} INFO - Processing file /opt/airflow/dags/groups/group_downloads.py for tasks to queue
[2025-02-13T07:36:26.031+0000] {logging_mixin.py:120} INFO - [2025-02-13T07:36:26.031+0000] {dagbag.py:537} INFO - Filling up the DagBag from /opt/airflow/dags/groups/group_downloads.py
[2025-02-13T07:36:26.050+0000] {processor.py:768} WARNING - No viable dags retrieved from /opt/airflow/dags/groups/group_downloads.py
[2025-02-13T07:36:26.102+0000] {processor.py:176} INFO - Processing /opt/airflow/dags/groups/group_downloads.py took 0.082 seconds
[2025-02-13T07:36:56.481+0000] {processor.py:154} INFO - Started process (PID=746) to work on /opt/airflow/dags/groups/group_downloads.py
[2025-02-13T07:36:56.482+0000] {processor.py:756} INFO - Processing file /opt/airflow/dags/groups/group_downloads.py for tasks to queue
[2025-02-13T07:36:56.483+0000] {logging_mixin.py:120} INFO - [2025-02-13T07:36:56.483+0000] {dagbag.py:537} INFO - Filling up the DagBag from /opt/airflow/dags/groups/group_downloads.py
[2025-02-13T07:36:56.493+0000] {processor.py:768} WARNING - No viable dags retrieved from /opt/airflow/dags/groups/group_downloads.py
[2025-02-13T07:36:56.518+0000] {processor.py:176} INFO - Processing /opt/airflow/dags/groups/group_downloads.py took 0.042 seconds
[2025-02-13T07:37:27.455+0000] {processor.py:154} INFO - Started process (PID=781) to work on /opt/airflow/dags/groups/group_downloads.py
[2025-02-13T07:37:27.456+0000] {processor.py:756} INFO - Processing file /opt/airflow/dags/groups/group_downloads.py for tasks to queue
[2025-02-13T07:37:27.458+0000] {logging_mixin.py:120} INFO - [2025-02-13T07:37:27.457+0000] {dagbag.py:537} INFO - Filling up the DagBag from /opt/airflow/dags/groups/group_downloads.py
[2025-02-13T07:37:27.467+0000] {processor.py:768} WARNING - No viable dags retrieved from /opt/airflow/dags/groups/group_downloads.py
[2025-02-13T07:37:27.491+0000] {processor.py:176} INFO - Processing /opt/airflow/dags/groups/group_downloads.py took 0.042 seconds
[2025-02-13T07:37:58.351+0000] {processor.py:154} INFO - Started process (PID=806) to work on /opt/airflow/dags/groups/group_downloads.py
[2025-02-13T07:37:58.352+0000] {processor.py:756} INFO - Processing file /opt/airflow/dags/groups/group_downloads.py for tasks to queue
[2025-02-13T07:37:58.353+0000] {logging_mixin.py:120} INFO - [2025-02-13T07:37:58.353+0000] {dagbag.py:537} INFO - Filling up the DagBag from /opt/airflow/dags/groups/group_downloads.py
[2025-02-13T07:37:58.363+0000] {processor.py:768} WARNING - No viable dags retrieved from /opt/airflow/dags/groups/group_downloads.py
[2025-02-13T07:37:58.388+0000] {processor.py:176} INFO - Processing /opt/airflow/dags/groups/group_downloads.py took 0.042 seconds
[2025-02-13T07:38:29.466+0000] {processor.py:154} INFO - Started process (PID=848) to work on /opt/airflow/dags/groups/group_downloads.py
[2025-02-13T07:38:29.467+0000] {processor.py:756} INFO - Processing file /opt/airflow/dags/groups/group_downloads.py for tasks to queue
[2025-02-13T07:38:29.468+0000] {logging_mixin.py:120} INFO - [2025-02-13T07:38:29.468+0000] {dagbag.py:537} INFO - Filling up the DagBag from /opt/airflow/dags/groups/group_downloads.py
[2025-02-13T07:38:29.478+0000] {processor.py:768} WARNING - No viable dags retrieved from /opt/airflow/dags/groups/group_downloads.py
[2025-02-13T07:38:29.501+0000] {processor.py:176} INFO - Processing /opt/airflow/dags/groups/group_downloads.py took 0.041 seconds
[2025-02-13T07:39:00.622+0000] {processor.py:154} INFO - Started process (PID=876) to work on /opt/airflow/dags/groups/group_downloads.py
[2025-02-13T07:39:00.624+0000] {processor.py:756} INFO - Processing file /opt/airflow/dags/groups/group_downloads.py for tasks to queue
[2025-02-13T07:39:00.625+0000] {logging_mixin.py:120} INFO - [2025-02-13T07:39:00.625+0000] {dagbag.py:537} INFO - Filling up the DagBag from /opt/airflow/dags/groups/group_downloads.py
[2025-02-13T07:39:00.635+0000] {processor.py:768} WARNING - No viable dags retrieved from /opt/airflow/dags/groups/group_downloads.py
[2025-02-13T07:39:00.659+0000] {processor.py:176} INFO - Processing /opt/airflow/dags/groups/group_downloads.py took 0.042 seconds
[2025-02-13T07:39:30.977+0000] {processor.py:154} INFO - Started process (PID=910) to work on /opt/airflow/dags/groups/group_downloads.py
[2025-02-13T07:39:30.978+0000] {processor.py:756} INFO - Processing file /opt/airflow/dags/groups/group_downloads.py for tasks to queue
[2025-02-13T07:39:30.979+0000] {logging_mixin.py:120} INFO - [2025-02-13T07:39:30.979+0000] {dagbag.py:537} INFO - Filling up the DagBag from /opt/airflow/dags/groups/group_downloads.py
[2025-02-13T07:39:30.990+0000] {processor.py:768} WARNING - No viable dags retrieved from /opt/airflow/dags/groups/group_downloads.py
[2025-02-13T07:39:31.014+0000] {processor.py:176} INFO - Processing /opt/airflow/dags/groups/group_downloads.py took 0.043 seconds
[2025-02-13T07:40:02.131+0000] {processor.py:154} INFO - Started process (PID=936) to work on /opt/airflow/dags/groups/group_downloads.py
[2025-02-13T07:40:02.133+0000] {processor.py:756} INFO - Processing file /opt/airflow/dags/groups/group_downloads.py for tasks to queue
[2025-02-13T07:40:02.135+0000] {logging_mixin.py:120} INFO - [2025-02-13T07:40:02.134+0000] {dagbag.py:537} INFO - Filling up the DagBag from /opt/airflow/dags/groups/group_downloads.py
[2025-02-13T07:40:02.148+0000] {processor.py:768} WARNING - No viable dags retrieved from /opt/airflow/dags/groups/group_downloads.py
[2025-02-13T07:40:02.179+0000] {processor.py:176} INFO - Processing /opt/airflow/dags/groups/group_downloads.py took 0.056 seconds
[2025-02-13T07:40:32.536+0000] {processor.py:154} INFO - Started process (PID=965) to work on /opt/airflow/dags/groups/group_downloads.py
[2025-02-13T07:40:32.537+0000] {processor.py:756} INFO - Processing file /opt/airflow/dags/groups/group_downloads.py for tasks to queue
[2025-02-13T07:40:32.539+0000] {logging_mixin.py:120} INFO - [2025-02-13T07:40:32.539+0000] {dagbag.py:537} INFO - Filling up the DagBag from /opt/airflow/dags/groups/group_downloads.py
[2025-02-13T07:40:32.549+0000] {processor.py:768} WARNING - No viable dags retrieved from /opt/airflow/dags/groups/group_downloads.py
[2025-02-13T07:40:32.574+0000] {processor.py:176} INFO - Processing /opt/airflow/dags/groups/group_downloads.py took 0.043 seconds
[2025-02-13T07:41:03.149+0000] {processor.py:154} INFO - Started process (PID=1001) to work on /opt/airflow/dags/groups/group_downloads.py
[2025-02-13T07:41:03.151+0000] {processor.py:756} INFO - Processing file /opt/airflow/dags/groups/group_downloads.py for tasks to queue
[2025-02-13T07:41:03.152+0000] {logging_mixin.py:120} INFO - [2025-02-13T07:41:03.152+0000] {dagbag.py:537} INFO - Filling up the DagBag from /opt/airflow/dags/groups/group_downloads.py
[2025-02-13T07:41:03.163+0000] {processor.py:768} WARNING - No viable dags retrieved from /opt/airflow/dags/groups/group_downloads.py
[2025-02-13T07:41:03.189+0000] {processor.py:176} INFO - Processing /opt/airflow/dags/groups/group_downloads.py took 0.047 seconds
[2025-02-13T07:41:34.033+0000] {processor.py:154} INFO - Started process (PID=1028) to work on /opt/airflow/dags/groups/group_downloads.py
[2025-02-13T07:41:34.035+0000] {processor.py:756} INFO - Processing file /opt/airflow/dags/groups/group_downloads.py for tasks to queue
[2025-02-13T07:41:34.036+0000] {logging_mixin.py:120} INFO - [2025-02-13T07:41:34.036+0000] {dagbag.py:537} INFO - Filling up the DagBag from /opt/airflow/dags/groups/group_downloads.py
[2025-02-13T07:41:34.049+0000] {processor.py:768} WARNING - No viable dags retrieved from /opt/airflow/dags/groups/group_downloads.py
[2025-02-13T07:41:34.073+0000] {processor.py:176} INFO - Processing /opt/airflow/dags/groups/group_downloads.py took 0.045 seconds
[2025-02-13T07:42:05.083+0000] {processor.py:154} INFO - Started process (PID=1062) to work on /opt/airflow/dags/groups/group_downloads.py
[2025-02-13T07:42:05.085+0000] {processor.py:756} INFO - Processing file /opt/airflow/dags/groups/group_downloads.py for tasks to queue
[2025-02-13T07:42:05.088+0000] {logging_mixin.py:120} INFO - [2025-02-13T07:42:05.087+0000] {dagbag.py:537} INFO - Filling up the DagBag from /opt/airflow/dags/groups/group_downloads.py
[2025-02-13T07:42:05.110+0000] {processor.py:768} WARNING - No viable dags retrieved from /opt/airflow/dags/groups/group_downloads.py
[2025-02-13T07:42:05.258+0000] {processor.py:176} INFO - Processing /opt/airflow/dags/groups/group_downloads.py took 0.183 seconds
[2025-02-13T07:42:36.071+0000] {processor.py:154} INFO - Started process (PID=1088) to work on /opt/airflow/dags/groups/group_downloads.py
[2025-02-13T07:42:36.073+0000] {processor.py:756} INFO - Processing file /opt/airflow/dags/groups/group_downloads.py for tasks to queue
[2025-02-13T07:42:36.078+0000] {logging_mixin.py:120} INFO - [2025-02-13T07:42:36.078+0000] {dagbag.py:537} INFO - Filling up the DagBag from /opt/airflow/dags/groups/group_downloads.py
[2025-02-13T07:42:36.096+0000] {processor.py:768} WARNING - No viable dags retrieved from /opt/airflow/dags/groups/group_downloads.py
[2025-02-13T07:42:36.142+0000] {processor.py:176} INFO - Processing /opt/airflow/dags/groups/group_downloads.py took 0.081 seconds
[2025-02-13T07:43:06.814+0000] {processor.py:154} INFO - Started process (PID=1114) to work on /opt/airflow/dags/groups/group_downloads.py
[2025-02-13T07:43:06.816+0000] {processor.py:756} INFO - Processing file /opt/airflow/dags/groups/group_downloads.py for tasks to queue
[2025-02-13T07:43:06.821+0000] {logging_mixin.py:120} INFO - [2025-02-13T07:43:06.820+0000] {dagbag.py:537} INFO - Filling up the DagBag from /opt/airflow/dags/groups/group_downloads.py
[2025-02-13T07:43:06.837+0000] {processor.py:768} WARNING - No viable dags retrieved from /opt/airflow/dags/groups/group_downloads.py
[2025-02-13T07:43:06.873+0000] {processor.py:176} INFO - Processing /opt/airflow/dags/groups/group_downloads.py took 0.067 seconds
[2025-02-13T07:43:37.199+0000] {processor.py:154} INFO - Started process (PID=1140) to work on /opt/airflow/dags/groups/group_downloads.py
[2025-02-13T07:43:37.201+0000] {processor.py:756} INFO - Processing file /opt/airflow/dags/groups/group_downloads.py for tasks to queue
[2025-02-13T07:43:37.203+0000] {logging_mixin.py:120} INFO - [2025-02-13T07:43:37.203+0000] {dagbag.py:537} INFO - Filling up the DagBag from /opt/airflow/dags/groups/group_downloads.py
[2025-02-13T07:43:37.217+0000] {processor.py:768} WARNING - No viable dags retrieved from /opt/airflow/dags/groups/group_downloads.py
[2025-02-13T07:43:37.243+0000] {processor.py:176} INFO - Processing /opt/airflow/dags/groups/group_downloads.py took 0.048 seconds
[2025-02-13T07:44:07.653+0000] {processor.py:154} INFO - Started process (PID=1176) to work on /opt/airflow/dags/groups/group_downloads.py
[2025-02-13T07:44:07.657+0000] {processor.py:756} INFO - Processing file /opt/airflow/dags/groups/group_downloads.py for tasks to queue
[2025-02-13T07:44:07.659+0000] {logging_mixin.py:120} INFO - [2025-02-13T07:44:07.659+0000] {dagbag.py:537} INFO - Filling up the DagBag from /opt/airflow/dags/groups/group_downloads.py
[2025-02-13T07:44:07.671+0000] {processor.py:768} WARNING - No viable dags retrieved from /opt/airflow/dags/groups/group_downloads.py
[2025-02-13T07:44:07.699+0000] {processor.py:176} INFO - Processing /opt/airflow/dags/groups/group_downloads.py took 0.054 seconds
[2025-02-13T07:44:37.741+0000] {processor.py:154} INFO - Started process (PID=1201) to work on /opt/airflow/dags/groups/group_downloads.py
[2025-02-13T07:44:37.743+0000] {processor.py:756} INFO - Processing file /opt/airflow/dags/groups/group_downloads.py for tasks to queue
[2025-02-13T07:44:37.744+0000] {logging_mixin.py:120} INFO - [2025-02-13T07:44:37.744+0000] {dagbag.py:537} INFO - Filling up the DagBag from /opt/airflow/dags/groups/group_downloads.py
[2025-02-13T07:44:37.755+0000] {processor.py:768} WARNING - No viable dags retrieved from /opt/airflow/dags/groups/group_downloads.py
[2025-02-13T07:44:37.781+0000] {processor.py:176} INFO - Processing /opt/airflow/dags/groups/group_downloads.py took 0.046 seconds
[2025-02-13T07:45:08.044+0000] {processor.py:154} INFO - Started process (PID=1228) to work on /opt/airflow/dags/groups/group_downloads.py
[2025-02-13T07:45:08.049+0000] {processor.py:756} INFO - Processing file /opt/airflow/dags/groups/group_downloads.py for tasks to queue
[2025-02-13T07:45:08.056+0000] {logging_mixin.py:120} INFO - [2025-02-13T07:45:08.056+0000] {dagbag.py:537} INFO - Filling up the DagBag from /opt/airflow/dags/groups/group_downloads.py
[2025-02-13T07:45:08.077+0000] {processor.py:768} WARNING - No viable dags retrieved from /opt/airflow/dags/groups/group_downloads.py
[2025-02-13T07:45:08.114+0000] {processor.py:176} INFO - Processing /opt/airflow/dags/groups/group_downloads.py took 0.082 seconds
[2025-02-13T07:45:38.622+0000] {processor.py:154} INFO - Started process (PID=1263) to work on /opt/airflow/dags/groups/group_downloads.py
[2025-02-13T07:45:38.624+0000] {processor.py:756} INFO - Processing file /opt/airflow/dags/groups/group_downloads.py for tasks to queue
[2025-02-13T07:45:38.626+0000] {logging_mixin.py:120} INFO - [2025-02-13T07:45:38.626+0000] {dagbag.py:537} INFO - Filling up the DagBag from /opt/airflow/dags/groups/group_downloads.py
[2025-02-13T07:45:38.642+0000] {processor.py:768} WARNING - No viable dags retrieved from /opt/airflow/dags/groups/group_downloads.py
[2025-02-13T07:45:38.670+0000] {processor.py:176} INFO - Processing /opt/airflow/dags/groups/group_downloads.py took 0.057 seconds
[2025-02-13T07:46:08.827+0000] {processor.py:154} INFO - Started process (PID=1290) to work on /opt/airflow/dags/groups/group_downloads.py
[2025-02-13T07:46:08.832+0000] {processor.py:756} INFO - Processing file /opt/airflow/dags/groups/group_downloads.py for tasks to queue
[2025-02-13T07:46:08.837+0000] {logging_mixin.py:120} INFO - [2025-02-13T07:46:08.836+0000] {dagbag.py:537} INFO - Filling up the DagBag from /opt/airflow/dags/groups/group_downloads.py
[2025-02-13T07:46:08.867+0000] {processor.py:768} WARNING - No viable dags retrieved from /opt/airflow/dags/groups/group_downloads.py
[2025-02-13T07:46:08.907+0000] {processor.py:176} INFO - Processing /opt/airflow/dags/groups/group_downloads.py took 0.099 seconds
[2025-02-13T07:46:38.950+0000] {processor.py:154} INFO - Started process (PID=1324) to work on /opt/airflow/dags/groups/group_downloads.py
[2025-02-13T07:46:38.952+0000] {processor.py:756} INFO - Processing file /opt/airflow/dags/groups/group_downloads.py for tasks to queue
[2025-02-13T07:46:38.953+0000] {logging_mixin.py:120} INFO - [2025-02-13T07:46:38.953+0000] {dagbag.py:537} INFO - Filling up the DagBag from /opt/airflow/dags/groups/group_downloads.py
[2025-02-13T07:46:38.965+0000] {processor.py:768} WARNING - No viable dags retrieved from /opt/airflow/dags/groups/group_downloads.py
[2025-02-13T07:46:38.995+0000] {processor.py:176} INFO - Processing /opt/airflow/dags/groups/group_downloads.py took 0.054 seconds
[2025-02-13T07:47:09.053+0000] {processor.py:154} INFO - Started process (PID=1350) to work on /opt/airflow/dags/groups/group_downloads.py
[2025-02-13T07:47:09.056+0000] {processor.py:756} INFO - Processing file /opt/airflow/dags/groups/group_downloads.py for tasks to queue
[2025-02-13T07:47:09.059+0000] {logging_mixin.py:120} INFO - [2025-02-13T07:47:09.058+0000] {dagbag.py:537} INFO - Filling up the DagBag from /opt/airflow/dags/groups/group_downloads.py
[2025-02-13T07:47:09.075+0000] {processor.py:768} WARNING - No viable dags retrieved from /opt/airflow/dags/groups/group_downloads.py
[2025-02-13T07:47:09.113+0000] {processor.py:176} INFO - Processing /opt/airflow/dags/groups/group_downloads.py took 0.066 seconds
[2025-02-13T07:47:39.602+0000] {processor.py:154} INFO - Started process (PID=1384) to work on /opt/airflow/dags/groups/group_downloads.py
[2025-02-13T07:47:39.604+0000] {processor.py:756} INFO - Processing file /opt/airflow/dags/groups/group_downloads.py for tasks to queue
[2025-02-13T07:47:39.606+0000] {logging_mixin.py:120} INFO - [2025-02-13T07:47:39.606+0000] {dagbag.py:537} INFO - Filling up the DagBag from /opt/airflow/dags/groups/group_downloads.py
[2025-02-13T07:47:39.625+0000] {processor.py:768} WARNING - No viable dags retrieved from /opt/airflow/dags/groups/group_downloads.py
[2025-02-13T07:47:39.660+0000] {processor.py:176} INFO - Processing /opt/airflow/dags/groups/group_downloads.py took 0.066 seconds
[2025-02-13T07:48:09.858+0000] {processor.py:154} INFO - Started process (PID=1411) to work on /opt/airflow/dags/groups/group_downloads.py
[2025-02-13T07:48:09.859+0000] {processor.py:756} INFO - Processing file /opt/airflow/dags/groups/group_downloads.py for tasks to queue
[2025-02-13T07:48:09.860+0000] {logging_mixin.py:120} INFO - [2025-02-13T07:48:09.860+0000] {dagbag.py:537} INFO - Filling up the DagBag from /opt/airflow/dags/groups/group_downloads.py
[2025-02-13T07:48:09.875+0000] {processor.py:768} WARNING - No viable dags retrieved from /opt/airflow/dags/groups/group_downloads.py
[2025-02-13T07:48:09.900+0000] {processor.py:176} INFO - Processing /opt/airflow/dags/groups/group_downloads.py took 0.046 seconds
[2025-02-13T07:48:39.993+0000] {processor.py:154} INFO - Started process (PID=1438) to work on /opt/airflow/dags/groups/group_downloads.py
[2025-02-13T07:48:39.994+0000] {processor.py:756} INFO - Processing file /opt/airflow/dags/groups/group_downloads.py for tasks to queue
[2025-02-13T07:48:39.997+0000] {logging_mixin.py:120} INFO - [2025-02-13T07:48:39.997+0000] {dagbag.py:537} INFO - Filling up the DagBag from /opt/airflow/dags/groups/group_downloads.py
[2025-02-13T07:48:40.009+0000] {processor.py:768} WARNING - No viable dags retrieved from /opt/airflow/dags/groups/group_downloads.py
[2025-02-13T07:48:40.037+0000] {processor.py:176} INFO - Processing /opt/airflow/dags/groups/group_downloads.py took 0.049 seconds
[2025-02-13T07:49:10.987+0000] {processor.py:154} INFO - Started process (PID=1474) to work on /opt/airflow/dags/groups/group_downloads.py
[2025-02-13T07:49:10.988+0000] {processor.py:756} INFO - Processing file /opt/airflow/dags/groups/group_downloads.py for tasks to queue
[2025-02-13T07:49:10.991+0000] {logging_mixin.py:120} INFO - [2025-02-13T07:49:10.990+0000] {dagbag.py:537} INFO - Filling up the DagBag from /opt/airflow/dags/groups/group_downloads.py
[2025-02-13T07:49:11.004+0000] {processor.py:768} WARNING - No viable dags retrieved from /opt/airflow/dags/groups/group_downloads.py
[2025-02-13T07:49:11.027+0000] {processor.py:176} INFO - Processing /opt/airflow/dags/groups/group_downloads.py took 0.046 seconds
[2025-02-13T07:49:41.820+0000] {processor.py:154} INFO - Started process (PID=1501) to work on /opt/airflow/dags/groups/group_downloads.py
[2025-02-13T07:49:41.827+0000] {processor.py:756} INFO - Processing file /opt/airflow/dags/groups/group_downloads.py for tasks to queue
[2025-02-13T07:49:41.840+0000] {logging_mixin.py:120} INFO - [2025-02-13T07:49:41.839+0000] {dagbag.py:537} INFO - Filling up the DagBag from /opt/airflow/dags/groups/group_downloads.py
[2025-02-13T07:49:41.872+0000] {processor.py:768} WARNING - No viable dags retrieved from /opt/airflow/dags/groups/group_downloads.py
[2025-02-13T07:49:41.931+0000] {processor.py:176} INFO - Processing /opt/airflow/dags/groups/group_downloads.py took 0.127 seconds
[2025-02-13T07:50:12.063+0000] {processor.py:154} INFO - Started process (PID=1537) to work on /opt/airflow/dags/groups/group_downloads.py
[2025-02-13T07:50:12.066+0000] {processor.py:756} INFO - Processing file /opt/airflow/dags/groups/group_downloads.py for tasks to queue
[2025-02-13T07:50:12.068+0000] {logging_mixin.py:120} INFO - [2025-02-13T07:50:12.068+0000] {dagbag.py:537} INFO - Filling up the DagBag from /opt/airflow/dags/groups/group_downloads.py
[2025-02-13T07:50:12.088+0000] {processor.py:768} WARNING - No viable dags retrieved from /opt/airflow/dags/groups/group_downloads.py
[2025-02-13T07:50:12.117+0000] {processor.py:176} INFO - Processing /opt/airflow/dags/groups/group_downloads.py took 0.062 seconds
[2025-02-13T07:50:42.697+0000] {processor.py:154} INFO - Started process (PID=1564) to work on /opt/airflow/dags/groups/group_downloads.py
[2025-02-13T07:50:42.698+0000] {processor.py:756} INFO - Processing file /opt/airflow/dags/groups/group_downloads.py for tasks to queue
[2025-02-13T07:50:42.700+0000] {logging_mixin.py:120} INFO - [2025-02-13T07:50:42.699+0000] {dagbag.py:537} INFO - Filling up the DagBag from /opt/airflow/dags/groups/group_downloads.py
[2025-02-13T07:50:42.709+0000] {processor.py:768} WARNING - No viable dags retrieved from /opt/airflow/dags/groups/group_downloads.py
[2025-02-13T07:50:42.737+0000] {processor.py:176} INFO - Processing /opt/airflow/dags/groups/group_downloads.py took 0.045 seconds
[2025-02-13T07:51:12.841+0000] {processor.py:154} INFO - Started process (PID=1599) to work on /opt/airflow/dags/groups/group_downloads.py
[2025-02-13T07:51:12.843+0000] {processor.py:756} INFO - Processing file /opt/airflow/dags/groups/group_downloads.py for tasks to queue
[2025-02-13T07:51:12.845+0000] {logging_mixin.py:120} INFO - [2025-02-13T07:51:12.844+0000] {dagbag.py:537} INFO - Filling up the DagBag from /opt/airflow/dags/groups/group_downloads.py
[2025-02-13T07:51:12.860+0000] {processor.py:768} WARNING - No viable dags retrieved from /opt/airflow/dags/groups/group_downloads.py
[2025-02-13T07:51:12.906+0000] {processor.py:176} INFO - Processing /opt/airflow/dags/groups/group_downloads.py took 0.070 seconds
[2025-02-13T07:51:43.071+0000] {processor.py:154} INFO - Started process (PID=1625) to work on /opt/airflow/dags/groups/group_downloads.py
[2025-02-13T07:51:43.074+0000] {processor.py:756} INFO - Processing file /opt/airflow/dags/groups/group_downloads.py for tasks to queue
[2025-02-13T07:51:43.076+0000] {logging_mixin.py:120} INFO - [2025-02-13T07:51:43.076+0000] {dagbag.py:537} INFO - Filling up the DagBag from /opt/airflow/dags/groups/group_downloads.py
[2025-02-13T07:51:43.087+0000] {processor.py:768} WARNING - No viable dags retrieved from /opt/airflow/dags/groups/group_downloads.py
[2025-02-13T07:51:43.115+0000] {processor.py:176} INFO - Processing /opt/airflow/dags/groups/group_downloads.py took 0.049 seconds
[2025-02-13T07:52:13.312+0000] {processor.py:154} INFO - Started process (PID=1659) to work on /opt/airflow/dags/groups/group_downloads.py
[2025-02-13T07:52:13.314+0000] {processor.py:756} INFO - Processing file /opt/airflow/dags/groups/group_downloads.py for tasks to queue
[2025-02-13T07:52:13.316+0000] {logging_mixin.py:120} INFO - [2025-02-13T07:52:13.315+0000] {dagbag.py:537} INFO - Filling up the DagBag from /opt/airflow/dags/groups/group_downloads.py
[2025-02-13T07:52:13.332+0000] {processor.py:768} WARNING - No viable dags retrieved from /opt/airflow/dags/groups/group_downloads.py
[2025-02-13T07:52:13.376+0000] {processor.py:176} INFO - Processing /opt/airflow/dags/groups/group_downloads.py took 0.073 seconds
[2025-02-13T07:52:44.353+0000] {processor.py:154} INFO - Started process (PID=1686) to work on /opt/airflow/dags/groups/group_downloads.py
[2025-02-13T07:52:44.354+0000] {processor.py:756} INFO - Processing file /opt/airflow/dags/groups/group_downloads.py for tasks to queue
[2025-02-13T07:52:44.356+0000] {logging_mixin.py:120} INFO - [2025-02-13T07:52:44.356+0000] {dagbag.py:537} INFO - Filling up the DagBag from /opt/airflow/dags/groups/group_downloads.py
[2025-02-13T07:52:44.369+0000] {processor.py:768} WARNING - No viable dags retrieved from /opt/airflow/dags/groups/group_downloads.py
[2025-02-13T07:52:44.403+0000] {processor.py:176} INFO - Processing /opt/airflow/dags/groups/group_downloads.py took 0.058 seconds
[2025-02-13T07:53:14.646+0000] {processor.py:154} INFO - Started process (PID=1711) to work on /opt/airflow/dags/groups/group_downloads.py
[2025-02-13T07:53:14.649+0000] {processor.py:756} INFO - Processing file /opt/airflow/dags/groups/group_downloads.py for tasks to queue
[2025-02-13T07:53:14.651+0000] {logging_mixin.py:120} INFO - [2025-02-13T07:53:14.650+0000] {dagbag.py:537} INFO - Filling up the DagBag from /opt/airflow/dags/groups/group_downloads.py
[2025-02-13T07:53:14.671+0000] {processor.py:768} WARNING - No viable dags retrieved from /opt/airflow/dags/groups/group_downloads.py
[2025-02-13T07:53:14.699+0000] {processor.py:176} INFO - Processing /opt/airflow/dags/groups/group_downloads.py took 0.060 seconds
[2025-02-13T07:53:44.741+0000] {processor.py:154} INFO - Started process (PID=1747) to work on /opt/airflow/dags/groups/group_downloads.py
[2025-02-13T07:53:44.743+0000] {processor.py:756} INFO - Processing file /opt/airflow/dags/groups/group_downloads.py for tasks to queue
[2025-02-13T07:53:44.744+0000] {logging_mixin.py:120} INFO - [2025-02-13T07:53:44.744+0000] {dagbag.py:537} INFO - Filling up the DagBag from /opt/airflow/dags/groups/group_downloads.py
[2025-02-13T07:53:44.754+0000] {processor.py:768} WARNING - No viable dags retrieved from /opt/airflow/dags/groups/group_downloads.py
[2025-02-13T07:53:44.778+0000] {processor.py:176} INFO - Processing /opt/airflow/dags/groups/group_downloads.py took 0.043 seconds
[2025-02-13T07:54:14.867+0000] {processor.py:154} INFO - Started process (PID=1774) to work on /opt/airflow/dags/groups/group_downloads.py
[2025-02-13T07:54:14.868+0000] {processor.py:756} INFO - Processing file /opt/airflow/dags/groups/group_downloads.py for tasks to queue
[2025-02-13T07:54:14.870+0000] {logging_mixin.py:120} INFO - [2025-02-13T07:54:14.869+0000] {dagbag.py:537} INFO - Filling up the DagBag from /opt/airflow/dags/groups/group_downloads.py
[2025-02-13T07:54:14.880+0000] {processor.py:768} WARNING - No viable dags retrieved from /opt/airflow/dags/groups/group_downloads.py
[2025-02-13T07:54:14.906+0000] {processor.py:176} INFO - Processing /opt/airflow/dags/groups/group_downloads.py took 0.047 seconds
[2025-02-13T07:54:45.575+0000] {processor.py:154} INFO - Started process (PID=1809) to work on /opt/airflow/dags/groups/group_downloads.py
[2025-02-13T07:54:45.577+0000] {processor.py:756} INFO - Processing file /opt/airflow/dags/groups/group_downloads.py for tasks to queue
[2025-02-13T07:54:45.578+0000] {logging_mixin.py:120} INFO - [2025-02-13T07:54:45.578+0000] {dagbag.py:537} INFO - Filling up the DagBag from /opt/airflow/dags/groups/group_downloads.py
[2025-02-13T07:54:45.589+0000] {processor.py:768} WARNING - No viable dags retrieved from /opt/airflow/dags/groups/group_downloads.py
[2025-02-13T07:54:45.622+0000] {processor.py:176} INFO - Processing /opt/airflow/dags/groups/group_downloads.py took 0.053 seconds
[2025-02-13T07:55:16.400+0000] {processor.py:154} INFO - Started process (PID=1837) to work on /opt/airflow/dags/groups/group_downloads.py
[2025-02-13T07:55:16.402+0000] {processor.py:756} INFO - Processing file /opt/airflow/dags/groups/group_downloads.py for tasks to queue
[2025-02-13T07:55:16.404+0000] {logging_mixin.py:120} INFO - [2025-02-13T07:55:16.404+0000] {dagbag.py:537} INFO - Filling up the DagBag from /opt/airflow/dags/groups/group_downloads.py
[2025-02-13T07:55:16.416+0000] {processor.py:768} WARNING - No viable dags retrieved from /opt/airflow/dags/groups/group_downloads.py
[2025-02-13T07:55:16.448+0000] {processor.py:176} INFO - Processing /opt/airflow/dags/groups/group_downloads.py took 0.057 seconds
[2025-02-13T07:55:46.608+0000] {processor.py:154} INFO - Started process (PID=1872) to work on /opt/airflow/dags/groups/group_downloads.py
[2025-02-13T07:55:46.610+0000] {processor.py:756} INFO - Processing file /opt/airflow/dags/groups/group_downloads.py for tasks to queue
[2025-02-13T07:55:46.612+0000] {logging_mixin.py:120} INFO - [2025-02-13T07:55:46.612+0000] {dagbag.py:537} INFO - Filling up the DagBag from /opt/airflow/dags/groups/group_downloads.py
[2025-02-13T07:55:46.623+0000] {processor.py:768} WARNING - No viable dags retrieved from /opt/airflow/dags/groups/group_downloads.py
[2025-02-13T07:55:46.648+0000] {processor.py:176} INFO - Processing /opt/airflow/dags/groups/group_downloads.py took 0.045 seconds
[2025-02-13T07:56:16.980+0000] {processor.py:154} INFO - Started process (PID=1899) to work on /opt/airflow/dags/groups/group_downloads.py
[2025-02-13T07:56:16.981+0000] {processor.py:756} INFO - Processing file /opt/airflow/dags/groups/group_downloads.py for tasks to queue
[2025-02-13T07:56:16.983+0000] {logging_mixin.py:120} INFO - [2025-02-13T07:56:16.983+0000] {dagbag.py:537} INFO - Filling up the DagBag from /opt/airflow/dags/groups/group_downloads.py
[2025-02-13T07:56:16.994+0000] {processor.py:768} WARNING - No viable dags retrieved from /opt/airflow/dags/groups/group_downloads.py
[2025-02-13T07:56:17.021+0000] {processor.py:176} INFO - Processing /opt/airflow/dags/groups/group_downloads.py took 0.046 seconds
[2025-02-13T07:56:47.124+0000] {processor.py:154} INFO - Started process (PID=1933) to work on /opt/airflow/dags/groups/group_downloads.py
[2025-02-13T07:56:47.127+0000] {processor.py:756} INFO - Processing file /opt/airflow/dags/groups/group_downloads.py for tasks to queue
[2025-02-13T07:56:47.128+0000] {logging_mixin.py:120} INFO - [2025-02-13T07:56:47.128+0000] {dagbag.py:537} INFO - Filling up the DagBag from /opt/airflow/dags/groups/group_downloads.py
[2025-02-13T07:56:47.166+0000] {processor.py:768} WARNING - No viable dags retrieved from /opt/airflow/dags/groups/group_downloads.py
[2025-02-13T07:56:47.207+0000] {processor.py:176} INFO - Processing /opt/airflow/dags/groups/group_downloads.py took 0.092 seconds
[2025-02-13T07:57:17.796+0000] {processor.py:154} INFO - Started process (PID=1962) to work on /opt/airflow/dags/groups/group_downloads.py
[2025-02-13T07:57:17.797+0000] {processor.py:756} INFO - Processing file /opt/airflow/dags/groups/group_downloads.py for tasks to queue
[2025-02-13T07:57:17.798+0000] {logging_mixin.py:120} INFO - [2025-02-13T07:57:17.798+0000] {dagbag.py:537} INFO - Filling up the DagBag from /opt/airflow/dags/groups/group_downloads.py
[2025-02-13T07:57:17.810+0000] {processor.py:768} WARNING - No viable dags retrieved from /opt/airflow/dags/groups/group_downloads.py
[2025-02-13T07:57:17.841+0000] {processor.py:176} INFO - Processing /opt/airflow/dags/groups/group_downloads.py took 0.051 seconds
[2025-02-13T07:57:48.085+0000] {processor.py:154} INFO - Started process (PID=1989) to work on /opt/airflow/dags/groups/group_downloads.py
[2025-02-13T07:57:48.086+0000] {processor.py:756} INFO - Processing file /opt/airflow/dags/groups/group_downloads.py for tasks to queue
[2025-02-13T07:57:48.087+0000] {logging_mixin.py:120} INFO - [2025-02-13T07:57:48.087+0000] {dagbag.py:537} INFO - Filling up the DagBag from /opt/airflow/dags/groups/group_downloads.py
[2025-02-13T07:57:48.100+0000] {processor.py:768} WARNING - No viable dags retrieved from /opt/airflow/dags/groups/group_downloads.py
[2025-02-13T07:57:48.127+0000] {processor.py:176} INFO - Processing /opt/airflow/dags/groups/group_downloads.py took 0.051 seconds
[2025-02-13T07:58:18.683+0000] {processor.py:154} INFO - Started process (PID=2015) to work on /opt/airflow/dags/groups/group_downloads.py
[2025-02-13T07:58:18.684+0000] {processor.py:756} INFO - Processing file /opt/airflow/dags/groups/group_downloads.py for tasks to queue
[2025-02-13T07:58:18.686+0000] {logging_mixin.py:120} INFO - [2025-02-13T07:58:18.685+0000] {dagbag.py:537} INFO - Filling up the DagBag from /opt/airflow/dags/groups/group_downloads.py
[2025-02-13T07:58:18.700+0000] {processor.py:768} WARNING - No viable dags retrieved from /opt/airflow/dags/groups/group_downloads.py
[2025-02-13T07:58:18.731+0000] {processor.py:176} INFO - Processing /opt/airflow/dags/groups/group_downloads.py took 0.055 seconds
[2025-02-13T07:58:49.005+0000] {processor.py:154} INFO - Started process (PID=2041) to work on /opt/airflow/dags/groups/group_downloads.py
[2025-02-13T07:58:49.008+0000] {processor.py:756} INFO - Processing file /opt/airflow/dags/groups/group_downloads.py for tasks to queue
[2025-02-13T07:58:49.009+0000] {logging_mixin.py:120} INFO - [2025-02-13T07:58:49.009+0000] {dagbag.py:537} INFO - Filling up the DagBag from /opt/airflow/dags/groups/group_downloads.py
[2025-02-13T07:58:49.020+0000] {processor.py:768} WARNING - No viable dags retrieved from /opt/airflow/dags/groups/group_downloads.py
[2025-02-13T07:58:49.045+0000] {processor.py:176} INFO - Processing /opt/airflow/dags/groups/group_downloads.py took 0.045 seconds
[2025-02-13T07:59:19.553+0000] {processor.py:154} INFO - Started process (PID=2077) to work on /opt/airflow/dags/groups/group_downloads.py
[2025-02-13T07:59:19.556+0000] {processor.py:756} INFO - Processing file /opt/airflow/dags/groups/group_downloads.py for tasks to queue
[2025-02-13T07:59:19.558+0000] {logging_mixin.py:120} INFO - [2025-02-13T07:59:19.558+0000] {dagbag.py:537} INFO - Filling up the DagBag from /opt/airflow/dags/groups/group_downloads.py
[2025-02-13T07:59:19.574+0000] {processor.py:768} WARNING - No viable dags retrieved from /opt/airflow/dags/groups/group_downloads.py
[2025-02-13T07:59:19.659+0000] {processor.py:176} INFO - Processing /opt/airflow/dags/groups/group_downloads.py took 0.114 seconds
[2025-02-13T07:59:49.780+0000] {processor.py:154} INFO - Started process (PID=2104) to work on /opt/airflow/dags/groups/group_downloads.py
[2025-02-13T07:59:49.782+0000] {processor.py:756} INFO - Processing file /opt/airflow/dags/groups/group_downloads.py for tasks to queue
[2025-02-13T07:59:49.784+0000] {logging_mixin.py:120} INFO - [2025-02-13T07:59:49.783+0000] {dagbag.py:537} INFO - Filling up the DagBag from /opt/airflow/dags/groups/group_downloads.py
[2025-02-13T07:59:49.795+0000] {processor.py:768} WARNING - No viable dags retrieved from /opt/airflow/dags/groups/group_downloads.py
[2025-02-13T07:59:49.858+0000] {processor.py:176} INFO - Processing /opt/airflow/dags/groups/group_downloads.py took 0.084 seconds
[2025-02-13T08:00:20.785+0000] {processor.py:154} INFO - Started process (PID=2140) to work on /opt/airflow/dags/groups/group_downloads.py
[2025-02-13T08:00:20.787+0000] {processor.py:756} INFO - Processing file /opt/airflow/dags/groups/group_downloads.py for tasks to queue
[2025-02-13T08:00:20.789+0000] {logging_mixin.py:120} INFO - [2025-02-13T08:00:20.788+0000] {dagbag.py:537} INFO - Filling up the DagBag from /opt/airflow/dags/groups/group_downloads.py
[2025-02-13T08:00:20.804+0000] {processor.py:768} WARNING - No viable dags retrieved from /opt/airflow/dags/groups/group_downloads.py
[2025-02-13T08:00:20.839+0000] {processor.py:176} INFO - Processing /opt/airflow/dags/groups/group_downloads.py took 0.060 seconds
[2025-02-13T08:00:51.294+0000] {processor.py:154} INFO - Started process (PID=2166) to work on /opt/airflow/dags/groups/group_downloads.py
[2025-02-13T08:00:51.296+0000] {processor.py:756} INFO - Processing file /opt/airflow/dags/groups/group_downloads.py for tasks to queue
[2025-02-13T08:00:51.298+0000] {logging_mixin.py:120} INFO - [2025-02-13T08:00:51.297+0000] {dagbag.py:537} INFO - Filling up the DagBag from /opt/airflow/dags/groups/group_downloads.py
[2025-02-13T08:00:51.312+0000] {processor.py:768} WARNING - No viable dags retrieved from /opt/airflow/dags/groups/group_downloads.py
[2025-02-13T08:00:51.346+0000] {processor.py:176} INFO - Processing /opt/airflow/dags/groups/group_downloads.py took 0.059 seconds
[2025-02-13T08:01:22.022+0000] {processor.py:154} INFO - Started process (PID=2193) to work on /opt/airflow/dags/groups/group_downloads.py
[2025-02-13T08:01:22.025+0000] {processor.py:756} INFO - Processing file /opt/airflow/dags/groups/group_downloads.py for tasks to queue
[2025-02-13T08:01:22.029+0000] {logging_mixin.py:120} INFO - [2025-02-13T08:01:22.029+0000] {dagbag.py:537} INFO - Filling up the DagBag from /opt/airflow/dags/groups/group_downloads.py
[2025-02-13T08:01:22.065+0000] {processor.py:768} WARNING - No viable dags retrieved from /opt/airflow/dags/groups/group_downloads.py
[2025-02-13T08:01:22.161+0000] {processor.py:176} INFO - Processing /opt/airflow/dags/groups/group_downloads.py took 0.146 seconds
[2025-02-13T08:01:52.688+0000] {processor.py:154} INFO - Started process (PID=2220) to work on /opt/airflow/dags/groups/group_downloads.py
[2025-02-13T08:01:52.691+0000] {processor.py:756} INFO - Processing file /opt/airflow/dags/groups/group_downloads.py for tasks to queue
[2025-02-13T08:01:52.693+0000] {logging_mixin.py:120} INFO - [2025-02-13T08:01:52.693+0000] {dagbag.py:537} INFO - Filling up the DagBag from /opt/airflow/dags/groups/group_downloads.py
[2025-02-13T08:01:52.718+0000] {processor.py:768} WARNING - No viable dags retrieved from /opt/airflow/dags/groups/group_downloads.py
[2025-02-13T08:01:52.760+0000] {processor.py:176} INFO - Processing /opt/airflow/dags/groups/group_downloads.py took 0.080 seconds
[2025-02-13T08:02:23.154+0000] {processor.py:154} INFO - Started process (PID=2246) to work on /opt/airflow/dags/groups/group_downloads.py
[2025-02-13T08:02:23.155+0000] {processor.py:756} INFO - Processing file /opt/airflow/dags/groups/group_downloads.py for tasks to queue
[2025-02-13T08:02:23.156+0000] {logging_mixin.py:120} INFO - [2025-02-13T08:02:23.156+0000] {dagbag.py:537} INFO - Filling up the DagBag from /opt/airflow/dags/groups/group_downloads.py
[2025-02-13T08:02:23.167+0000] {processor.py:768} WARNING - No viable dags retrieved from /opt/airflow/dags/groups/group_downloads.py
[2025-02-13T08:02:23.194+0000] {processor.py:176} INFO - Processing /opt/airflow/dags/groups/group_downloads.py took 0.047 seconds
[2025-02-13T08:02:53.930+0000] {processor.py:154} INFO - Started process (PID=2290) to work on /opt/airflow/dags/groups/group_downloads.py
[2025-02-13T08:02:53.932+0000] {processor.py:756} INFO - Processing file /opt/airflow/dags/groups/group_downloads.py for tasks to queue
[2025-02-13T08:02:53.934+0000] {logging_mixin.py:120} INFO - [2025-02-13T08:02:53.933+0000] {dagbag.py:537} INFO - Filling up the DagBag from /opt/airflow/dags/groups/group_downloads.py
[2025-02-13T08:02:53.952+0000] {processor.py:768} WARNING - No viable dags retrieved from /opt/airflow/dags/groups/group_downloads.py
[2025-02-13T08:02:53.976+0000] {processor.py:176} INFO - Processing /opt/airflow/dags/groups/group_downloads.py took 0.052 seconds
[2025-02-13T08:03:24.890+0000] {processor.py:154} INFO - Started process (PID=2315) to work on /opt/airflow/dags/groups/group_downloads.py
[2025-02-13T08:03:24.891+0000] {processor.py:756} INFO - Processing file /opt/airflow/dags/groups/group_downloads.py for tasks to queue
[2025-02-13T08:03:24.893+0000] {logging_mixin.py:120} INFO - [2025-02-13T08:03:24.893+0000] {dagbag.py:537} INFO - Filling up the DagBag from /opt/airflow/dags/groups/group_downloads.py
[2025-02-13T08:03:24.908+0000] {processor.py:768} WARNING - No viable dags retrieved from /opt/airflow/dags/groups/group_downloads.py
[2025-02-13T08:03:24.933+0000] {processor.py:176} INFO - Processing /opt/airflow/dags/groups/group_downloads.py took 0.048 seconds
[2025-02-13T08:05:01.105+0000] {processor.py:154} INFO - Started process (PID=76) to work on /opt/airflow/dags/groups/group_downloads.py
[2025-02-13T08:05:01.107+0000] {processor.py:756} INFO - Processing file /opt/airflow/dags/groups/group_downloads.py for tasks to queue
[2025-02-13T08:05:01.108+0000] {logging_mixin.py:120} INFO - [2025-02-13T08:05:01.108+0000] {dagbag.py:537} INFO - Filling up the DagBag from /opt/airflow/dags/groups/group_downloads.py
[2025-02-13T08:05:01.132+0000] {processor.py:768} WARNING - No viable dags retrieved from /opt/airflow/dags/groups/group_downloads.py
[2025-02-13T08:05:01.190+0000] {processor.py:176} INFO - Processing /opt/airflow/dags/groups/group_downloads.py took 0.093 seconds
[2025-02-13T08:05:31.767+0000] {processor.py:154} INFO - Started process (PID=103) to work on /opt/airflow/dags/groups/group_downloads.py
[2025-02-13T08:05:31.768+0000] {processor.py:756} INFO - Processing file /opt/airflow/dags/groups/group_downloads.py for tasks to queue
[2025-02-13T08:05:31.769+0000] {logging_mixin.py:120} INFO - [2025-02-13T08:05:31.769+0000] {dagbag.py:537} INFO - Filling up the DagBag from /opt/airflow/dags/groups/group_downloads.py
[2025-02-13T08:05:31.779+0000] {processor.py:768} WARNING - No viable dags retrieved from /opt/airflow/dags/groups/group_downloads.py
[2025-02-13T08:05:31.804+0000] {processor.py:176} INFO - Processing /opt/airflow/dags/groups/group_downloads.py took 0.043 seconds
[2025-02-13T08:06:02.586+0000] {processor.py:154} INFO - Started process (PID=138) to work on /opt/airflow/dags/groups/group_downloads.py
[2025-02-13T08:06:02.588+0000] {processor.py:756} INFO - Processing file /opt/airflow/dags/groups/group_downloads.py for tasks to queue
[2025-02-13T08:06:02.590+0000] {logging_mixin.py:120} INFO - [2025-02-13T08:06:02.590+0000] {dagbag.py:537} INFO - Filling up the DagBag from /opt/airflow/dags/groups/group_downloads.py
[2025-02-13T08:06:02.602+0000] {processor.py:768} WARNING - No viable dags retrieved from /opt/airflow/dags/groups/group_downloads.py
[2025-02-13T08:06:02.630+0000] {processor.py:176} INFO - Processing /opt/airflow/dags/groups/group_downloads.py took 0.052 seconds
[2025-02-13T08:06:32.846+0000] {processor.py:154} INFO - Started process (PID=167) to work on /opt/airflow/dags/groups/group_downloads.py
[2025-02-13T08:06:32.847+0000] {processor.py:756} INFO - Processing file /opt/airflow/dags/groups/group_downloads.py for tasks to queue
[2025-02-13T08:06:32.849+0000] {logging_mixin.py:120} INFO - [2025-02-13T08:06:32.848+0000] {dagbag.py:537} INFO - Filling up the DagBag from /opt/airflow/dags/groups/group_downloads.py
[2025-02-13T08:06:32.859+0000] {processor.py:768} WARNING - No viable dags retrieved from /opt/airflow/dags/groups/group_downloads.py
[2025-02-13T08:06:32.883+0000] {processor.py:176} INFO - Processing /opt/airflow/dags/groups/group_downloads.py took 0.043 seconds
[2025-02-13T08:07:04.087+0000] {processor.py:154} INFO - Started process (PID=194) to work on /opt/airflow/dags/groups/group_downloads.py
[2025-02-13T08:07:04.089+0000] {processor.py:756} INFO - Processing file /opt/airflow/dags/groups/group_downloads.py for tasks to queue
[2025-02-13T08:07:04.090+0000] {logging_mixin.py:120} INFO - [2025-02-13T08:07:04.090+0000] {dagbag.py:537} INFO - Filling up the DagBag from /opt/airflow/dags/groups/group_downloads.py
[2025-02-13T08:07:04.102+0000] {processor.py:768} WARNING - No viable dags retrieved from /opt/airflow/dags/groups/group_downloads.py
[2025-02-13T08:07:04.129+0000] {processor.py:176} INFO - Processing /opt/airflow/dags/groups/group_downloads.py took 0.050 seconds
[2025-02-13T08:07:34.738+0000] {processor.py:154} INFO - Started process (PID=229) to work on /opt/airflow/dags/groups/group_downloads.py
[2025-02-13T08:07:34.741+0000] {processor.py:756} INFO - Processing file /opt/airflow/dags/groups/group_downloads.py for tasks to queue
[2025-02-13T08:07:34.744+0000] {logging_mixin.py:120} INFO - [2025-02-13T08:07:34.743+0000] {dagbag.py:537} INFO - Filling up the DagBag from /opt/airflow/dags/groups/group_downloads.py
[2025-02-13T08:07:34.762+0000] {processor.py:768} WARNING - No viable dags retrieved from /opt/airflow/dags/groups/group_downloads.py
[2025-02-13T08:07:34.793+0000] {processor.py:176} INFO - Processing /opt/airflow/dags/groups/group_downloads.py took 0.063 seconds
[2025-02-13T08:08:05.083+0000] {processor.py:154} INFO - Started process (PID=257) to work on /opt/airflow/dags/groups/group_downloads.py
[2025-02-13T08:08:05.084+0000] {processor.py:756} INFO - Processing file /opt/airflow/dags/groups/group_downloads.py for tasks to queue
[2025-02-13T08:08:05.086+0000] {logging_mixin.py:120} INFO - [2025-02-13T08:08:05.085+0000] {dagbag.py:537} INFO - Filling up the DagBag from /opt/airflow/dags/groups/group_downloads.py
[2025-02-13T08:08:05.096+0000] {processor.py:768} WARNING - No viable dags retrieved from /opt/airflow/dags/groups/group_downloads.py
[2025-02-13T08:08:05.120+0000] {processor.py:176} INFO - Processing /opt/airflow/dags/groups/group_downloads.py took 0.042 seconds
[2025-02-13T08:08:35.392+0000] {processor.py:154} INFO - Started process (PID=284) to work on /opt/airflow/dags/groups/group_downloads.py
[2025-02-13T08:08:35.394+0000] {processor.py:756} INFO - Processing file /opt/airflow/dags/groups/group_downloads.py for tasks to queue
[2025-02-13T08:08:35.395+0000] {logging_mixin.py:120} INFO - [2025-02-13T08:08:35.395+0000] {dagbag.py:537} INFO - Filling up the DagBag from /opt/airflow/dags/groups/group_downloads.py
[2025-02-13T08:08:35.405+0000] {processor.py:768} WARNING - No viable dags retrieved from /opt/airflow/dags/groups/group_downloads.py
[2025-02-13T08:08:35.430+0000] {processor.py:176} INFO - Processing /opt/airflow/dags/groups/group_downloads.py took 0.044 seconds
[2025-02-13T08:09:06.520+0000] {processor.py:154} INFO - Started process (PID=320) to work on /opt/airflow/dags/groups/group_downloads.py
[2025-02-13T08:09:06.521+0000] {processor.py:756} INFO - Processing file /opt/airflow/dags/groups/group_downloads.py for tasks to queue
[2025-02-13T08:09:06.522+0000] {logging_mixin.py:120} INFO - [2025-02-13T08:09:06.522+0000] {dagbag.py:537} INFO - Filling up the DagBag from /opt/airflow/dags/groups/group_downloads.py
[2025-02-13T08:09:06.533+0000] {processor.py:768} WARNING - No viable dags retrieved from /opt/airflow/dags/groups/group_downloads.py
[2025-02-13T08:09:06.557+0000] {processor.py:176} INFO - Processing /opt/airflow/dags/groups/group_downloads.py took 0.043 seconds
[2025-02-13T08:09:37.590+0000] {processor.py:154} INFO - Started process (PID=347) to work on /opt/airflow/dags/groups/group_downloads.py
[2025-02-13T08:09:37.592+0000] {processor.py:756} INFO - Processing file /opt/airflow/dags/groups/group_downloads.py for tasks to queue
[2025-02-13T08:09:37.593+0000] {logging_mixin.py:120} INFO - [2025-02-13T08:09:37.593+0000] {dagbag.py:537} INFO - Filling up the DagBag from /opt/airflow/dags/groups/group_downloads.py
[2025-02-13T08:09:37.605+0000] {processor.py:768} WARNING - No viable dags retrieved from /opt/airflow/dags/groups/group_downloads.py
[2025-02-13T08:09:37.632+0000] {processor.py:176} INFO - Processing /opt/airflow/dags/groups/group_downloads.py took 0.048 seconds
[2025-02-13T08:10:08.084+0000] {processor.py:154} INFO - Started process (PID=384) to work on /opt/airflow/dags/groups/group_downloads.py
[2025-02-13T08:10:08.086+0000] {processor.py:756} INFO - Processing file /opt/airflow/dags/groups/group_downloads.py for tasks to queue
[2025-02-13T08:10:08.088+0000] {logging_mixin.py:120} INFO - [2025-02-13T08:10:08.087+0000] {dagbag.py:537} INFO - Filling up the DagBag from /opt/airflow/dags/groups/group_downloads.py
[2025-02-13T08:10:08.106+0000] {processor.py:768} WARNING - No viable dags retrieved from /opt/airflow/dags/groups/group_downloads.py
[2025-02-13T08:10:08.206+0000] {processor.py:176} INFO - Processing /opt/airflow/dags/groups/group_downloads.py took 0.128 seconds
