[2025-02-12T07:18:24.572+0000] {taskinstance.py:1165} INFO - Dependencies all met for <TaskInstance: group_dag.downloads.download_a scheduled__2025-02-11T00:00:00+00:00 [queued]>
[2025-02-12T07:18:24.599+0000] {taskinstance.py:1165} INFO - Dependencies all met for <TaskInstance: group_dag.downloads.download_a scheduled__2025-02-11T00:00:00+00:00 [queued]>
[2025-02-12T07:18:24.600+0000] {taskinstance.py:1362} INFO - 
--------------------------------------------------------------------------------
[2025-02-12T07:18:24.600+0000] {taskinstance.py:1363} INFO - Starting attempt 1 of 1
[2025-02-12T07:18:24.601+0000] {taskinstance.py:1364} INFO - 
--------------------------------------------------------------------------------
[2025-02-12T07:18:24.645+0000] {taskinstance.py:1383} INFO - Executing <Task(BashOperator): download_a> on 2025-02-11 00:00:00+00:00
[2025-02-12T07:18:24.656+0000] {standard_task_runner.py:55} INFO - Started process 410 to run task
[2025-02-12T07:18:24.665+0000] {standard_task_runner.py:82} INFO - Running: ['***', 'tasks', 'run', 'group_dag.downloads', 'download_a', 'scheduled__2025-02-11T00:00:00+00:00', '--job-id', '84', '--raw', '--subdir', 'DAGS_FOLDER/group_dag.py', '--cfg-path', '/tmp/tmp_bresmtr']
[2025-02-12T07:18:24.666+0000] {standard_task_runner.py:83} INFO - Job 84: Subtask download_a
[2025-02-12T07:18:24.932+0000] {task_command.py:376} INFO - Running <TaskInstance: group_dag.downloads.download_a scheduled__2025-02-11T00:00:00+00:00 [running]> on host 3817b1be0181
[2025-02-12T07:18:25.380+0000] {taskinstance.py:1592} INFO - Exporting the following env vars:
AIRFLOW_CTX_DAG_OWNER=***
AIRFLOW_CTX_DAG_ID=group_dag.downloads
AIRFLOW_CTX_TASK_ID=download_a
AIRFLOW_CTX_EXECUTION_DATE=2025-02-11T00:00:00+00:00
AIRFLOW_CTX_TRY_NUMBER=1
AIRFLOW_CTX_DAG_RUN_ID=scheduled__2025-02-11T00:00:00+00:00
[2025-02-12T07:18:25.389+0000] {subprocess.py:63} INFO - Tmp dir root location: 
 /tmp
[2025-02-12T07:18:25.393+0000] {subprocess.py:75} INFO - Running command: ['/bin/bash', '-c', 'sleep 10']
[2025-02-12T07:18:25.480+0000] {subprocess.py:86} INFO - Output:
[2025-02-12T07:18:35.515+0000] {subprocess.py:97} INFO - Command exited with return code 0
[2025-02-12T07:18:35.967+0000] {taskinstance.py:1406} INFO - Marking task as SUCCESS. dag_id=group_dag.downloads, task_id=download_a, execution_date=20250211T000000, start_date=20250212T071824, end_date=20250212T071835
[2025-02-12T07:18:36.094+0000] {local_task_job.py:164} INFO - Task exited with return code 0
[2025-02-12T07:18:36.240+0000] {local_task_job.py:273} INFO - 0 downstream tasks scheduled from follow-on schedule check
