[2025-02-12T08:11:22.090+0000] {taskinstance.py:1165} INFO - Dependencies all met for <TaskInstance: group_dag.check_files manual__2025-02-12T08:11:05.253889+00:00 [queued]>
[2025-02-12T08:11:22.123+0000] {taskinstance.py:1165} INFO - Dependencies all met for <TaskInstance: group_dag.check_files manual__2025-02-12T08:11:05.253889+00:00 [queued]>
[2025-02-12T08:11:22.123+0000] {taskinstance.py:1362} INFO - 
--------------------------------------------------------------------------------
[2025-02-12T08:11:22.124+0000] {taskinstance.py:1363} INFO - Starting attempt 1 of 1
[2025-02-12T08:11:22.125+0000] {taskinstance.py:1364} INFO - 
--------------------------------------------------------------------------------
[2025-02-12T08:11:22.161+0000] {taskinstance.py:1383} INFO - Executing <Task(BashOperator): check_files> on 2025-02-12 08:11:05.253889+00:00
[2025-02-12T08:11:22.167+0000] {standard_task_runner.py:55} INFO - Started process 1374 to run task
[2025-02-12T08:11:22.175+0000] {standard_task_runner.py:82} INFO - Running: ['***', 'tasks', 'run', 'group_dag', 'check_files', 'manual__2025-02-12T08:11:05.253889+00:00', '--job-id', '100', '--raw', '--subdir', 'DAGS_FOLDER/group_dag.py', '--cfg-path', '/tmp/tmpb2gijmez']
[2025-02-12T08:11:22.176+0000] {standard_task_runner.py:83} INFO - Job 100: Subtask check_files
[2025-02-12T08:11:22.336+0000] {task_command.py:376} INFO - Running <TaskInstance: group_dag.check_files manual__2025-02-12T08:11:05.253889+00:00 [running]> on host 51d3b1eb2c88
[2025-02-12T08:11:22.532+0000] {taskinstance.py:1592} INFO - Exporting the following env vars:
AIRFLOW_CTX_DAG_OWNER=***
AIRFLOW_CTX_DAG_ID=group_dag
AIRFLOW_CTX_TASK_ID=check_files
AIRFLOW_CTX_EXECUTION_DATE=2025-02-12T08:11:05.253889+00:00
AIRFLOW_CTX_TRY_NUMBER=1
AIRFLOW_CTX_DAG_RUN_ID=manual__2025-02-12T08:11:05.253889+00:00
[2025-02-12T08:11:22.537+0000] {subprocess.py:63} INFO - Tmp dir root location: 
 /tmp
[2025-02-12T08:11:22.539+0000] {subprocess.py:75} INFO - Running command: ['/bin/bash', '-c', 'sleep 10']
[2025-02-12T08:11:22.557+0000] {subprocess.py:86} INFO - Output:
[2025-02-12T08:11:32.564+0000] {subprocess.py:97} INFO - Command exited with return code 0
[2025-02-12T08:11:32.617+0000] {taskinstance.py:1406} INFO - Marking task as SUCCESS. dag_id=group_dag, task_id=check_files, execution_date=20250212T081105, start_date=20250212T081122, end_date=20250212T081132
[2025-02-12T08:11:32.658+0000] {local_task_job.py:164} INFO - Task exited with return code 0
[2025-02-12T08:11:32.701+0000] {local_task_job.py:273} INFO - 3 downstream tasks scheduled from follow-on schedule check
