[2025-02-11T05:16:28.115+0000] {taskinstance.py:1165} INFO - Dependencies all met for <TaskInstance: user_processing.process_user scheduled__2025-02-09T00:00:00+00:00 [queued]>
[2025-02-11T05:16:28.145+0000] {taskinstance.py:1165} INFO - Dependencies all met for <TaskInstance: user_processing.process_user scheduled__2025-02-09T00:00:00+00:00 [queued]>
[2025-02-11T05:16:28.147+0000] {taskinstance.py:1362} INFO - 
--------------------------------------------------------------------------------
[2025-02-11T05:16:28.149+0000] {taskinstance.py:1363} INFO - Starting attempt 1 of 1
[2025-02-11T05:16:28.150+0000] {taskinstance.py:1364} INFO - 
--------------------------------------------------------------------------------
[2025-02-11T05:16:28.192+0000] {taskinstance.py:1383} INFO - Executing <Task(PythonOperator): process_user> on 2025-02-09 00:00:00+00:00
[2025-02-11T05:16:28.201+0000] {standard_task_runner.py:55} INFO - Started process 94 to run task
[2025-02-11T05:16:28.209+0000] {standard_task_runner.py:82} INFO - Running: ['***', 'tasks', 'run', 'user_processing', 'process_user', 'scheduled__2025-02-09T00:00:00+00:00', '--job-id', '48', '--raw', '--subdir', 'DAGS_FOLDER/user_processing.py', '--cfg-path', '/tmp/tmpqgd1zqg9']
[2025-02-11T05:16:28.214+0000] {standard_task_runner.py:83} INFO - Job 48: Subtask process_user
[2025-02-11T05:16:28.528+0000] {task_command.py:376} INFO - Running <TaskInstance: user_processing.process_user scheduled__2025-02-09T00:00:00+00:00 [running]> on host 697030c1eb04
[2025-02-11T05:16:28.707+0000] {taskinstance.py:1592} INFO - Exporting the following env vars:
AIRFLOW_CTX_DAG_OWNER=***
AIRFLOW_CTX_DAG_ID=user_processing
AIRFLOW_CTX_TASK_ID=process_user
AIRFLOW_CTX_EXECUTION_DATE=2025-02-09T00:00:00+00:00
AIRFLOW_CTX_TRY_NUMBER=1
AIRFLOW_CTX_DAG_RUN_ID=scheduled__2025-02-09T00:00:00+00:00
[2025-02-11T05:16:28.755+0000] {python.py:177} INFO - Done. Returned value was: None
[2025-02-11T05:16:28.782+0000] {taskinstance.py:1406} INFO - Marking task as SUCCESS. dag_id=user_processing, task_id=process_user, execution_date=20250209T000000, start_date=20250211T051628, end_date=20250211T051628
[2025-02-11T05:16:28.853+0000] {local_task_job.py:164} INFO - Task exited with return code 0
[2025-02-11T05:16:28.941+0000] {local_task_job.py:273} INFO - 1 downstream tasks scheduled from follow-on schedule check
