[2025-02-12T08:30:32.124+0000] {taskinstance.py:1165} INFO - Dependencies all met for <TaskInstance: group_dag.transforms.transform_b manual__2025-02-12T08:11:05.253889+00:00 [queued]>
[2025-02-12T08:30:32.260+0000] {taskinstance.py:1165} INFO - Dependencies all met for <TaskInstance: group_dag.transforms.transform_b manual__2025-02-12T08:11:05.253889+00:00 [queued]>
[2025-02-12T08:30:32.274+0000] {taskinstance.py:1362} INFO - 
--------------------------------------------------------------------------------
[2025-02-12T08:30:32.277+0000] {taskinstance.py:1363} INFO - Starting attempt 1 of 1
[2025-02-12T08:30:32.281+0000] {taskinstance.py:1364} INFO - 
--------------------------------------------------------------------------------
[2025-02-12T08:30:32.592+0000] {taskinstance.py:1383} INFO - Executing <Task(BashOperator): transforms.transform_b> on 2025-02-12 08:11:05.253889+00:00
[2025-02-12T08:30:32.750+0000] {standard_task_runner.py:55} INFO - Started process 231 to run task
[2025-02-12T08:30:32.977+0000] {standard_task_runner.py:82} INFO - Running: ['***', 'tasks', 'run', 'group_dag', 'transforms.transform_b', 'manual__2025-02-12T08:11:05.253889+00:00', '--job-id', '111', '--raw', '--subdir', 'DAGS_FOLDER/group_dag.py', '--cfg-path', '/tmp/tmphz1ai67w']
[2025-02-12T08:30:32.980+0000] {standard_task_runner.py:83} INFO - Job 111: Subtask transforms.transform_b
[2025-02-12T08:30:33.564+0000] {task_command.py:376} INFO - Running <TaskInstance: group_dag.transforms.transform_b manual__2025-02-12T08:11:05.253889+00:00 [running]> on host bb70ba7cbe58
[2025-02-12T08:30:34.176+0000] {taskinstance.py:1592} INFO - Exporting the following env vars:
AIRFLOW_CTX_DAG_OWNER=***
AIRFLOW_CTX_DAG_ID=group_dag
AIRFLOW_CTX_TASK_ID=transforms.transform_b
AIRFLOW_CTX_EXECUTION_DATE=2025-02-12T08:11:05.253889+00:00
AIRFLOW_CTX_TRY_NUMBER=1
AIRFLOW_CTX_DAG_RUN_ID=manual__2025-02-12T08:11:05.253889+00:00
[2025-02-12T08:30:34.193+0000] {subprocess.py:63} INFO - Tmp dir root location: 
 /tmp
[2025-02-12T08:30:34.218+0000] {subprocess.py:75} INFO - Running command: ['/bin/bash', '-c', 'sleep 10']
[2025-02-12T08:30:34.295+0000] {subprocess.py:86} INFO - Output:
[2025-02-12T08:30:44.304+0000] {subprocess.py:97} INFO - Command exited with return code 0
[2025-02-12T08:30:44.417+0000] {taskinstance.py:1406} INFO - Marking task as SUCCESS. dag_id=group_dag, task_id=transforms.transform_b, execution_date=20250212T081105, start_date=20250212T083032, end_date=20250212T083044
[2025-02-12T08:30:44.648+0000] {local_task_job.py:164} INFO - Task exited with return code 0
[2025-02-12T08:30:44.825+0000] {local_task_job.py:273} INFO - 0 downstream tasks scheduled from follow-on schedule check
