[2025-02-12T08:11:08.932+0000] {taskinstance.py:1165} INFO - Dependencies all met for <TaskInstance: group_dag.downloads.download_c manual__2025-02-12T08:11:05.253889+00:00 [queued]>
[2025-02-12T08:11:08.964+0000] {taskinstance.py:1165} INFO - Dependencies all met for <TaskInstance: group_dag.downloads.download_c manual__2025-02-12T08:11:05.253889+00:00 [queued]>
[2025-02-12T08:11:08.965+0000] {taskinstance.py:1362} INFO - 
--------------------------------------------------------------------------------
[2025-02-12T08:11:08.965+0000] {taskinstance.py:1363} INFO - Starting attempt 1 of 1
[2025-02-12T08:11:08.966+0000] {taskinstance.py:1364} INFO - 
--------------------------------------------------------------------------------
[2025-02-12T08:11:09.043+0000] {taskinstance.py:1383} INFO - Executing <Task(BashOperator): downloads.download_c> on 2025-02-12 08:11:05.253889+00:00
[2025-02-12T08:11:09.058+0000] {standard_task_runner.py:55} INFO - Started process 1359 to run task
[2025-02-12T08:11:09.067+0000] {standard_task_runner.py:82} INFO - Running: ['***', 'tasks', 'run', 'group_dag', 'downloads.download_c', 'manual__2025-02-12T08:11:05.253889+00:00', '--job-id', '99', '--raw', '--subdir', 'DAGS_FOLDER/group_dag.py', '--cfg-path', '/tmp/tmphsyjsdej']
[2025-02-12T08:11:09.070+0000] {standard_task_runner.py:83} INFO - Job 99: Subtask downloads.download_c
[2025-02-12T08:11:09.256+0000] {task_command.py:376} INFO - Running <TaskInstance: group_dag.downloads.download_c manual__2025-02-12T08:11:05.253889+00:00 [running]> on host 51d3b1eb2c88
[2025-02-12T08:11:09.431+0000] {taskinstance.py:1592} INFO - Exporting the following env vars:
AIRFLOW_CTX_DAG_OWNER=***
AIRFLOW_CTX_DAG_ID=group_dag
AIRFLOW_CTX_TASK_ID=downloads.download_c
AIRFLOW_CTX_EXECUTION_DATE=2025-02-12T08:11:05.253889+00:00
AIRFLOW_CTX_TRY_NUMBER=1
AIRFLOW_CTX_DAG_RUN_ID=manual__2025-02-12T08:11:05.253889+00:00
[2025-02-12T08:11:09.435+0000] {subprocess.py:63} INFO - Tmp dir root location: 
 /tmp
[2025-02-12T08:11:09.437+0000] {subprocess.py:75} INFO - Running command: ['/bin/bash', '-c', 'sleep 10']
[2025-02-12T08:11:09.457+0000] {subprocess.py:86} INFO - Output:
[2025-02-12T08:11:19.465+0000] {subprocess.py:97} INFO - Command exited with return code 0
[2025-02-12T08:11:19.548+0000] {taskinstance.py:1406} INFO - Marking task as SUCCESS. dag_id=group_dag, task_id=downloads.download_c, execution_date=20250212T081105, start_date=20250212T081108, end_date=20250212T081119
[2025-02-12T08:11:19.639+0000] {local_task_job.py:164} INFO - Task exited with return code 0
[2025-02-12T08:11:19.877+0000] {local_task_job.py:273} INFO - 0 downstream tasks scheduled from follow-on schedule check
