[2025-02-12T08:11:08.929+0000] {taskinstance.py:1165} INFO - Dependencies all met for <TaskInstance: group_dag.downloads.download_b manual__2025-02-12T08:11:05.253889+00:00 [queued]>
[2025-02-12T08:11:08.961+0000] {taskinstance.py:1165} INFO - Dependencies all met for <TaskInstance: group_dag.downloads.download_b manual__2025-02-12T08:11:05.253889+00:00 [queued]>
[2025-02-12T08:11:08.965+0000] {taskinstance.py:1362} INFO - 
--------------------------------------------------------------------------------
[2025-02-12T08:11:08.966+0000] {taskinstance.py:1363} INFO - Starting attempt 1 of 1
[2025-02-12T08:11:08.967+0000] {taskinstance.py:1364} INFO - 
--------------------------------------------------------------------------------
[2025-02-12T08:11:09.059+0000] {taskinstance.py:1383} INFO - Executing <Task(BashOperator): downloads.download_b> on 2025-02-12 08:11:05.253889+00:00
[2025-02-12T08:11:09.071+0000] {standard_task_runner.py:55} INFO - Started process 1360 to run task
[2025-02-12T08:11:09.085+0000] {standard_task_runner.py:82} INFO - Running: ['***', 'tasks', 'run', 'group_dag', 'downloads.download_b', 'manual__2025-02-12T08:11:05.253889+00:00', '--job-id', '97', '--raw', '--subdir', 'DAGS_FOLDER/group_dag.py', '--cfg-path', '/tmp/tmp7egtogf8']
[2025-02-12T08:11:09.086+0000] {standard_task_runner.py:83} INFO - Job 97: Subtask downloads.download_b
[2025-02-12T08:11:09.253+0000] {task_command.py:376} INFO - Running <TaskInstance: group_dag.downloads.download_b manual__2025-02-12T08:11:05.253889+00:00 [running]> on host 51d3b1eb2c88
[2025-02-12T08:11:09.432+0000] {taskinstance.py:1592} INFO - Exporting the following env vars:
AIRFLOW_CTX_DAG_OWNER=***
AIRFLOW_CTX_DAG_ID=group_dag
AIRFLOW_CTX_TASK_ID=downloads.download_b
AIRFLOW_CTX_EXECUTION_DATE=2025-02-12T08:11:05.253889+00:00
AIRFLOW_CTX_TRY_NUMBER=1
AIRFLOW_CTX_DAG_RUN_ID=manual__2025-02-12T08:11:05.253889+00:00
[2025-02-12T08:11:09.437+0000] {subprocess.py:63} INFO - Tmp dir root location: 
 /tmp
[2025-02-12T08:11:09.438+0000] {subprocess.py:75} INFO - Running command: ['/bin/bash', '-c', 'sleep 10']
[2025-02-12T08:11:09.457+0000] {subprocess.py:86} INFO - Output:
[2025-02-12T08:11:19.464+0000] {subprocess.py:97} INFO - Command exited with return code 0
[2025-02-12T08:11:19.551+0000] {taskinstance.py:1406} INFO - Marking task as SUCCESS. dag_id=group_dag, task_id=downloads.download_b, execution_date=20250212T081105, start_date=20250212T081108, end_date=20250212T081119
[2025-02-12T08:11:19.635+0000] {local_task_job.py:164} INFO - Task exited with return code 0
[2025-02-12T08:11:19.806+0000] {local_task_job.py:273} INFO - 0 downstream tasks scheduled from follow-on schedule check
