[2025-02-09T08:42:47.834+0000] {processor.py:154} INFO - Started process (PID=19598) to work on /opt/airflow/dags/parallel_dag.py
[2025-02-09T08:42:47.836+0000] {processor.py:756} INFO - Processing file /opt/airflow/dags/parallel_dag.py for tasks to queue
[2025-02-09T08:42:47.837+0000] {logging_mixin.py:120} INFO - [2025-02-09T08:42:47.837+0000] {dagbag.py:537} INFO - Filling up the DagBag from /opt/airflow/dags/parallel_dag.py
[2025-02-09T08:42:47.890+0000] {processor.py:766} INFO - DAG(s) dict_keys(['parallel_dag']) retrieved from /opt/airflow/dags/parallel_dag.py
[2025-02-09T08:42:48.211+0000] {logging_mixin.py:120} INFO - [2025-02-09T08:42:48.210+0000] {manager.py:507} INFO - Created Permission View: can read on DAG:parallel_dag
[2025-02-09T08:42:48.232+0000] {logging_mixin.py:120} INFO - [2025-02-09T08:42:48.231+0000] {manager.py:507} INFO - Created Permission View: can edit on DAG:parallel_dag
[2025-02-09T08:42:48.248+0000] {logging_mixin.py:120} INFO - [2025-02-09T08:42:48.247+0000] {manager.py:507} INFO - Created Permission View: can delete on DAG:parallel_dag
[2025-02-09T08:42:48.248+0000] {logging_mixin.py:120} INFO - [2025-02-09T08:42:48.248+0000] {dag.py:2585} INFO - Sync 1 DAGs
[2025-02-09T08:42:48.276+0000] {logging_mixin.py:120} INFO - [2025-02-09T08:42:48.276+0000] {dag.py:2606} INFO - Creating ORM DAG for parallel_dag
[2025-02-09T08:42:48.303+0000] {logging_mixin.py:120} INFO - [2025-02-09T08:42:48.303+0000] {dag.py:3340} INFO - Setting next_dagrun for parallel_dag to 2025-02-08T00:00:00+00:00, run_after=2025-02-09T00:00:00+00:00
[2025-02-09T08:42:48.335+0000] {processor.py:176} INFO - Processing /opt/airflow/dags/parallel_dag.py took 0.507 seconds
[2025-02-09T08:43:18.533+0000] {processor.py:154} INFO - Started process (PID=19656) to work on /opt/airflow/dags/parallel_dag.py
[2025-02-09T08:43:18.535+0000] {processor.py:756} INFO - Processing file /opt/airflow/dags/parallel_dag.py for tasks to queue
[2025-02-09T08:43:18.536+0000] {logging_mixin.py:120} INFO - [2025-02-09T08:43:18.536+0000] {dagbag.py:537} INFO - Filling up the DagBag from /opt/airflow/dags/parallel_dag.py
[2025-02-09T08:43:18.567+0000] {processor.py:766} INFO - DAG(s) dict_keys(['parallel_dag']) retrieved from /opt/airflow/dags/parallel_dag.py
[2025-02-09T08:43:18.636+0000] {logging_mixin.py:120} INFO - [2025-02-09T08:43:18.636+0000] {dag.py:2585} INFO - Sync 1 DAGs
[2025-02-09T08:43:18.682+0000] {logging_mixin.py:120} INFO - [2025-02-09T08:43:18.681+0000] {dag.py:3340} INFO - Setting next_dagrun for parallel_dag to 2025-02-08T00:00:00+00:00, run_after=2025-02-09T00:00:00+00:00
[2025-02-09T08:43:18.714+0000] {processor.py:176} INFO - Processing /opt/airflow/dags/parallel_dag.py took 0.188 seconds
[2025-02-09T08:43:49.032+0000] {processor.py:154} INFO - Started process (PID=19716) to work on /opt/airflow/dags/parallel_dag.py
[2025-02-09T08:43:49.034+0000] {processor.py:756} INFO - Processing file /opt/airflow/dags/parallel_dag.py for tasks to queue
[2025-02-09T08:43:49.035+0000] {logging_mixin.py:120} INFO - [2025-02-09T08:43:49.035+0000] {dagbag.py:537} INFO - Filling up the DagBag from /opt/airflow/dags/parallel_dag.py
[2025-02-09T08:43:49.067+0000] {processor.py:766} INFO - DAG(s) dict_keys(['parallel_dag']) retrieved from /opt/airflow/dags/parallel_dag.py
[2025-02-09T08:43:49.144+0000] {logging_mixin.py:120} INFO - [2025-02-09T08:43:49.144+0000] {dag.py:2585} INFO - Sync 1 DAGs
[2025-02-09T08:43:49.194+0000] {logging_mixin.py:120} INFO - [2025-02-09T08:43:49.194+0000] {dag.py:3340} INFO - Setting next_dagrun for parallel_dag to 2025-02-08T00:00:00+00:00, run_after=2025-02-09T00:00:00+00:00
[2025-02-09T08:43:49.226+0000] {processor.py:176} INFO - Processing /opt/airflow/dags/parallel_dag.py took 0.199 seconds
[2025-02-09T08:44:19.312+0000] {processor.py:154} INFO - Started process (PID=19784) to work on /opt/airflow/dags/parallel_dag.py
[2025-02-09T08:44:19.314+0000] {processor.py:756} INFO - Processing file /opt/airflow/dags/parallel_dag.py for tasks to queue
[2025-02-09T08:44:19.316+0000] {logging_mixin.py:120} INFO - [2025-02-09T08:44:19.316+0000] {dagbag.py:537} INFO - Filling up the DagBag from /opt/airflow/dags/parallel_dag.py
[2025-02-09T08:44:19.350+0000] {processor.py:766} INFO - DAG(s) dict_keys(['parallel_dag']) retrieved from /opt/airflow/dags/parallel_dag.py
[2025-02-09T08:44:19.427+0000] {logging_mixin.py:120} INFO - [2025-02-09T08:44:19.427+0000] {dag.py:2585} INFO - Sync 1 DAGs
[2025-02-09T08:44:19.477+0000] {logging_mixin.py:120} INFO - [2025-02-09T08:44:19.477+0000] {dag.py:3340} INFO - Setting next_dagrun for parallel_dag to 2025-02-08T00:00:00+00:00, run_after=2025-02-09T00:00:00+00:00
[2025-02-09T08:44:19.520+0000] {processor.py:176} INFO - Processing /opt/airflow/dags/parallel_dag.py took 0.214 seconds
[2025-02-09T08:44:49.602+0000] {processor.py:154} INFO - Started process (PID=19843) to work on /opt/airflow/dags/parallel_dag.py
[2025-02-09T08:44:49.604+0000] {processor.py:756} INFO - Processing file /opt/airflow/dags/parallel_dag.py for tasks to queue
[2025-02-09T08:44:49.605+0000] {logging_mixin.py:120} INFO - [2025-02-09T08:44:49.605+0000] {dagbag.py:537} INFO - Filling up the DagBag from /opt/airflow/dags/parallel_dag.py
[2025-02-09T08:44:49.637+0000] {processor.py:766} INFO - DAG(s) dict_keys(['parallel_dag']) retrieved from /opt/airflow/dags/parallel_dag.py
[2025-02-09T08:44:49.706+0000] {logging_mixin.py:120} INFO - [2025-02-09T08:44:49.706+0000] {dag.py:2585} INFO - Sync 1 DAGs
[2025-02-09T08:44:49.753+0000] {logging_mixin.py:120} INFO - [2025-02-09T08:44:49.753+0000] {dag.py:3340} INFO - Setting next_dagrun for parallel_dag to 2025-02-08T00:00:00+00:00, run_after=2025-02-09T00:00:00+00:00
[2025-02-09T08:44:49.790+0000] {processor.py:176} INFO - Processing /opt/airflow/dags/parallel_dag.py took 0.194 seconds
[2025-02-09T08:45:20.003+0000] {processor.py:154} INFO - Started process (PID=19902) to work on /opt/airflow/dags/parallel_dag.py
[2025-02-09T08:45:20.006+0000] {processor.py:756} INFO - Processing file /opt/airflow/dags/parallel_dag.py for tasks to queue
[2025-02-09T08:45:20.010+0000] {logging_mixin.py:120} INFO - [2025-02-09T08:45:20.009+0000] {dagbag.py:537} INFO - Filling up the DagBag from /opt/airflow/dags/parallel_dag.py
[2025-02-09T08:45:20.130+0000] {processor.py:766} INFO - DAG(s) dict_keys(['parallel_dag']) retrieved from /opt/airflow/dags/parallel_dag.py
[2025-02-09T08:45:20.212+0000] {logging_mixin.py:120} INFO - [2025-02-09T08:45:20.212+0000] {dag.py:2585} INFO - Sync 1 DAGs
[2025-02-09T08:45:20.260+0000] {logging_mixin.py:120} INFO - [2025-02-09T08:45:20.259+0000] {dag.py:3340} INFO - Setting next_dagrun for parallel_dag to 2025-02-08T00:00:00+00:00, run_after=2025-02-09T00:00:00+00:00
[2025-02-09T08:45:20.293+0000] {processor.py:176} INFO - Processing /opt/airflow/dags/parallel_dag.py took 0.300 seconds
[2025-02-09T08:45:50.653+0000] {processor.py:154} INFO - Started process (PID=19970) to work on /opt/airflow/dags/parallel_dag.py
[2025-02-09T08:45:50.655+0000] {processor.py:756} INFO - Processing file /opt/airflow/dags/parallel_dag.py for tasks to queue
[2025-02-09T08:45:50.656+0000] {logging_mixin.py:120} INFO - [2025-02-09T08:45:50.656+0000] {dagbag.py:537} INFO - Filling up the DagBag from /opt/airflow/dags/parallel_dag.py
[2025-02-09T08:45:50.690+0000] {processor.py:766} INFO - DAG(s) dict_keys(['parallel_dag']) retrieved from /opt/airflow/dags/parallel_dag.py
[2025-02-09T08:45:50.758+0000] {logging_mixin.py:120} INFO - [2025-02-09T08:45:50.758+0000] {dag.py:2585} INFO - Sync 1 DAGs
[2025-02-09T08:45:50.808+0000] {logging_mixin.py:120} INFO - [2025-02-09T08:45:50.807+0000] {dag.py:3340} INFO - Setting next_dagrun for parallel_dag to 2025-02-08T00:00:00+00:00, run_after=2025-02-09T00:00:00+00:00
[2025-02-09T08:45:50.841+0000] {processor.py:176} INFO - Processing /opt/airflow/dags/parallel_dag.py took 0.194 seconds
[2025-02-09T08:46:20.999+0000] {processor.py:154} INFO - Started process (PID=20029) to work on /opt/airflow/dags/parallel_dag.py
[2025-02-09T08:46:21.001+0000] {processor.py:756} INFO - Processing file /opt/airflow/dags/parallel_dag.py for tasks to queue
[2025-02-09T08:46:21.002+0000] {logging_mixin.py:120} INFO - [2025-02-09T08:46:21.002+0000] {dagbag.py:537} INFO - Filling up the DagBag from /opt/airflow/dags/parallel_dag.py
[2025-02-09T08:46:21.043+0000] {processor.py:766} INFO - DAG(s) dict_keys(['parallel_dag']) retrieved from /opt/airflow/dags/parallel_dag.py
[2025-02-09T08:46:21.118+0000] {logging_mixin.py:120} INFO - [2025-02-09T08:46:21.118+0000] {dag.py:2585} INFO - Sync 1 DAGs
[2025-02-09T08:46:21.162+0000] {logging_mixin.py:120} INFO - [2025-02-09T08:46:21.162+0000] {dag.py:3340} INFO - Setting next_dagrun for parallel_dag to 2025-02-08T00:00:00+00:00, run_after=2025-02-09T00:00:00+00:00
[2025-02-09T08:46:21.198+0000] {processor.py:176} INFO - Processing /opt/airflow/dags/parallel_dag.py took 0.204 seconds
[2025-02-09T09:01:32.858+0000] {processor.py:154} INFO - Started process (PID=54) to work on /opt/airflow/dags/parallel_dag.py
[2025-02-09T09:01:32.861+0000] {processor.py:756} INFO - Processing file /opt/airflow/dags/parallel_dag.py for tasks to queue
[2025-02-09T09:01:32.866+0000] {logging_mixin.py:120} INFO - [2025-02-09T09:01:32.865+0000] {dagbag.py:537} INFO - Filling up the DagBag from /opt/airflow/dags/parallel_dag.py
[2025-02-09T09:01:33.063+0000] {processor.py:766} INFO - DAG(s) dict_keys(['parallel_dag']) retrieved from /opt/airflow/dags/parallel_dag.py
[2025-02-09T09:01:33.392+0000] {logging_mixin.py:120} INFO - [2025-02-09T09:01:33.391+0000] {dag.py:2585} INFO - Sync 1 DAGs
[2025-02-09T09:01:33.502+0000] {logging_mixin.py:120} INFO - [2025-02-09T09:01:33.500+0000] {dag.py:3340} INFO - Setting next_dagrun for parallel_dag to 2025-02-08T00:00:00+00:00, run_after=2025-02-09T00:00:00+00:00
[2025-02-09T09:01:33.588+0000] {processor.py:176} INFO - Processing /opt/airflow/dags/parallel_dag.py took 0.740 seconds
[2025-02-09T09:02:03.656+0000] {processor.py:154} INFO - Started process (PID=113) to work on /opt/airflow/dags/parallel_dag.py
[2025-02-09T09:02:03.658+0000] {processor.py:756} INFO - Processing file /opt/airflow/dags/parallel_dag.py for tasks to queue
[2025-02-09T09:02:03.659+0000] {logging_mixin.py:120} INFO - [2025-02-09T09:02:03.659+0000] {dagbag.py:537} INFO - Filling up the DagBag from /opt/airflow/dags/parallel_dag.py
[2025-02-09T09:02:03.700+0000] {processor.py:766} INFO - DAG(s) dict_keys(['parallel_dag']) retrieved from /opt/airflow/dags/parallel_dag.py
[2025-02-09T09:02:03.798+0000] {logging_mixin.py:120} INFO - [2025-02-09T09:02:03.798+0000] {dag.py:2585} INFO - Sync 1 DAGs
[2025-02-09T09:02:03.848+0000] {logging_mixin.py:120} INFO - [2025-02-09T09:02:03.848+0000] {dag.py:3340} INFO - Setting next_dagrun for parallel_dag to 2025-02-08T00:00:00+00:00, run_after=2025-02-09T00:00:00+00:00
[2025-02-09T09:02:03.887+0000] {processor.py:176} INFO - Processing /opt/airflow/dags/parallel_dag.py took 0.238 seconds
[2025-02-09T09:02:34.217+0000] {processor.py:154} INFO - Started process (PID=172) to work on /opt/airflow/dags/parallel_dag.py
[2025-02-09T09:02:34.219+0000] {processor.py:756} INFO - Processing file /opt/airflow/dags/parallel_dag.py for tasks to queue
[2025-02-09T09:02:34.222+0000] {logging_mixin.py:120} INFO - [2025-02-09T09:02:34.221+0000] {dagbag.py:537} INFO - Filling up the DagBag from /opt/airflow/dags/parallel_dag.py
[2025-02-09T09:02:34.317+0000] {processor.py:766} INFO - DAG(s) dict_keys(['parallel_dag']) retrieved from /opt/airflow/dags/parallel_dag.py
[2025-02-09T09:02:34.463+0000] {logging_mixin.py:120} INFO - [2025-02-09T09:02:34.463+0000] {dag.py:2585} INFO - Sync 1 DAGs
[2025-02-09T09:02:34.981+0000] {logging_mixin.py:120} INFO - [2025-02-09T09:02:34.975+0000] {dag.py:3340} INFO - Setting next_dagrun for parallel_dag to 2025-02-08T00:00:00+00:00, run_after=2025-02-09T00:00:00+00:00
[2025-02-09T09:02:35.073+0000] {processor.py:176} INFO - Processing /opt/airflow/dags/parallel_dag.py took 0.869 seconds
[2025-02-09T09:03:05.846+0000] {processor.py:154} INFO - Started process (PID=231) to work on /opt/airflow/dags/parallel_dag.py
[2025-02-09T09:03:05.848+0000] {processor.py:756} INFO - Processing file /opt/airflow/dags/parallel_dag.py for tasks to queue
[2025-02-09T09:03:05.850+0000] {logging_mixin.py:120} INFO - [2025-02-09T09:03:05.850+0000] {dagbag.py:537} INFO - Filling up the DagBag from /opt/airflow/dags/parallel_dag.py
[2025-02-09T09:03:05.891+0000] {processor.py:766} INFO - DAG(s) dict_keys(['parallel_dag']) retrieved from /opt/airflow/dags/parallel_dag.py
[2025-02-09T09:03:06.003+0000] {logging_mixin.py:120} INFO - [2025-02-09T09:03:06.003+0000] {dag.py:2585} INFO - Sync 1 DAGs
[2025-02-09T09:03:06.062+0000] {logging_mixin.py:120} INFO - [2025-02-09T09:03:06.061+0000] {dag.py:3340} INFO - Setting next_dagrun for parallel_dag to 2025-02-08T00:00:00+00:00, run_after=2025-02-09T00:00:00+00:00
[2025-02-09T09:03:06.110+0000] {processor.py:176} INFO - Processing /opt/airflow/dags/parallel_dag.py took 0.269 seconds
[2025-02-09T09:03:36.585+0000] {processor.py:154} INFO - Started process (PID=299) to work on /opt/airflow/dags/parallel_dag.py
[2025-02-09T09:03:36.586+0000] {processor.py:756} INFO - Processing file /opt/airflow/dags/parallel_dag.py for tasks to queue
[2025-02-09T09:03:36.588+0000] {logging_mixin.py:120} INFO - [2025-02-09T09:03:36.588+0000] {dagbag.py:537} INFO - Filling up the DagBag from /opt/airflow/dags/parallel_dag.py
[2025-02-09T09:03:36.630+0000] {processor.py:766} INFO - DAG(s) dict_keys(['parallel_dag']) retrieved from /opt/airflow/dags/parallel_dag.py
[2025-02-09T09:03:36.709+0000] {logging_mixin.py:120} INFO - [2025-02-09T09:03:36.708+0000] {dag.py:2585} INFO - Sync 1 DAGs
[2025-02-09T09:03:36.756+0000] {logging_mixin.py:120} INFO - [2025-02-09T09:03:36.756+0000] {dag.py:3340} INFO - Setting next_dagrun for parallel_dag to 2025-02-08T00:00:00+00:00, run_after=2025-02-09T00:00:00+00:00
[2025-02-09T09:03:36.797+0000] {processor.py:176} INFO - Processing /opt/airflow/dags/parallel_dag.py took 0.218 seconds
[2025-02-09T09:04:07.340+0000] {processor.py:154} INFO - Started process (PID=358) to work on /opt/airflow/dags/parallel_dag.py
[2025-02-09T09:04:07.342+0000] {processor.py:756} INFO - Processing file /opt/airflow/dags/parallel_dag.py for tasks to queue
[2025-02-09T09:04:07.344+0000] {logging_mixin.py:120} INFO - [2025-02-09T09:04:07.344+0000] {dagbag.py:537} INFO - Filling up the DagBag from /opt/airflow/dags/parallel_dag.py
[2025-02-09T09:04:07.390+0000] {processor.py:766} INFO - DAG(s) dict_keys(['parallel_dag']) retrieved from /opt/airflow/dags/parallel_dag.py
[2025-02-09T09:04:07.487+0000] {logging_mixin.py:120} INFO - [2025-02-09T09:04:07.487+0000] {dag.py:2585} INFO - Sync 1 DAGs
[2025-02-09T09:04:07.534+0000] {logging_mixin.py:120} INFO - [2025-02-09T09:04:07.534+0000] {dag.py:3340} INFO - Setting next_dagrun for parallel_dag to 2025-02-08T00:00:00+00:00, run_after=2025-02-09T00:00:00+00:00
[2025-02-09T09:04:07.579+0000] {processor.py:176} INFO - Processing /opt/airflow/dags/parallel_dag.py took 0.245 seconds
[2025-02-09T09:04:38.346+0000] {processor.py:154} INFO - Started process (PID=426) to work on /opt/airflow/dags/parallel_dag.py
[2025-02-09T09:04:38.348+0000] {processor.py:756} INFO - Processing file /opt/airflow/dags/parallel_dag.py for tasks to queue
[2025-02-09T09:04:38.350+0000] {logging_mixin.py:120} INFO - [2025-02-09T09:04:38.350+0000] {dagbag.py:537} INFO - Filling up the DagBag from /opt/airflow/dags/parallel_dag.py
[2025-02-09T09:04:38.386+0000] {processor.py:766} INFO - DAG(s) dict_keys(['parallel_dag']) retrieved from /opt/airflow/dags/parallel_dag.py
[2025-02-09T09:04:38.459+0000] {logging_mixin.py:120} INFO - [2025-02-09T09:04:38.459+0000] {dag.py:2585} INFO - Sync 1 DAGs
[2025-02-09T09:04:38.510+0000] {logging_mixin.py:120} INFO - [2025-02-09T09:04:38.510+0000] {dag.py:3340} INFO - Setting next_dagrun for parallel_dag to 2025-02-08T00:00:00+00:00, run_after=2025-02-09T00:00:00+00:00
[2025-02-09T09:04:38.550+0000] {processor.py:176} INFO - Processing /opt/airflow/dags/parallel_dag.py took 0.210 seconds
[2025-02-09T09:05:08.864+0000] {processor.py:154} INFO - Started process (PID=485) to work on /opt/airflow/dags/parallel_dag.py
[2025-02-09T09:05:08.868+0000] {processor.py:756} INFO - Processing file /opt/airflow/dags/parallel_dag.py for tasks to queue
[2025-02-09T09:05:08.869+0000] {logging_mixin.py:120} INFO - [2025-02-09T09:05:08.869+0000] {dagbag.py:537} INFO - Filling up the DagBag from /opt/airflow/dags/parallel_dag.py
[2025-02-09T09:05:08.943+0000] {processor.py:766} INFO - DAG(s) dict_keys(['parallel_dag']) retrieved from /opt/airflow/dags/parallel_dag.py
[2025-02-09T09:05:09.042+0000] {logging_mixin.py:120} INFO - [2025-02-09T09:05:09.042+0000] {dag.py:2585} INFO - Sync 1 DAGs
[2025-02-09T09:05:09.093+0000] {logging_mixin.py:120} INFO - [2025-02-09T09:05:09.093+0000] {dag.py:3340} INFO - Setting next_dagrun for parallel_dag to 2025-02-08T00:00:00+00:00, run_after=2025-02-09T00:00:00+00:00
[2025-02-09T09:05:09.128+0000] {processor.py:176} INFO - Processing /opt/airflow/dags/parallel_dag.py took 0.272 seconds
[2025-02-09T09:05:39.695+0000] {processor.py:154} INFO - Started process (PID=544) to work on /opt/airflow/dags/parallel_dag.py
[2025-02-09T09:05:39.699+0000] {processor.py:756} INFO - Processing file /opt/airflow/dags/parallel_dag.py for tasks to queue
[2025-02-09T09:05:39.701+0000] {logging_mixin.py:120} INFO - [2025-02-09T09:05:39.701+0000] {dagbag.py:537} INFO - Filling up the DagBag from /opt/airflow/dags/parallel_dag.py
[2025-02-09T09:05:39.755+0000] {processor.py:766} INFO - DAG(s) dict_keys(['parallel_dag']) retrieved from /opt/airflow/dags/parallel_dag.py
[2025-02-09T09:05:39.869+0000] {logging_mixin.py:120} INFO - [2025-02-09T09:05:39.868+0000] {dag.py:2585} INFO - Sync 1 DAGs
[2025-02-09T09:05:39.920+0000] {logging_mixin.py:120} INFO - [2025-02-09T09:05:39.920+0000] {dag.py:3340} INFO - Setting next_dagrun for parallel_dag to 2025-02-08T00:00:00+00:00, run_after=2025-02-09T00:00:00+00:00
[2025-02-09T09:05:39.961+0000] {processor.py:176} INFO - Processing /opt/airflow/dags/parallel_dag.py took 0.276 seconds
[2025-02-09T09:06:10.319+0000] {processor.py:154} INFO - Started process (PID=613) to work on /opt/airflow/dags/parallel_dag.py
[2025-02-09T09:06:10.321+0000] {processor.py:756} INFO - Processing file /opt/airflow/dags/parallel_dag.py for tasks to queue
[2025-02-09T09:06:10.322+0000] {logging_mixin.py:120} INFO - [2025-02-09T09:06:10.322+0000] {dagbag.py:537} INFO - Filling up the DagBag from /opt/airflow/dags/parallel_dag.py
[2025-02-09T09:06:10.362+0000] {processor.py:766} INFO - DAG(s) dict_keys(['parallel_dag']) retrieved from /opt/airflow/dags/parallel_dag.py
[2025-02-09T09:06:10.455+0000] {logging_mixin.py:120} INFO - [2025-02-09T09:06:10.455+0000] {dag.py:2585} INFO - Sync 1 DAGs
[2025-02-09T09:06:10.508+0000] {logging_mixin.py:120} INFO - [2025-02-09T09:06:10.507+0000] {dag.py:3340} INFO - Setting next_dagrun for parallel_dag to 2025-02-08T00:00:00+00:00, run_after=2025-02-09T00:00:00+00:00
[2025-02-09T09:06:10.549+0000] {processor.py:176} INFO - Processing /opt/airflow/dags/parallel_dag.py took 0.237 seconds
[2025-02-09T09:06:40.902+0000] {processor.py:154} INFO - Started process (PID=672) to work on /opt/airflow/dags/parallel_dag.py
[2025-02-09T09:06:40.904+0000] {processor.py:756} INFO - Processing file /opt/airflow/dags/parallel_dag.py for tasks to queue
[2025-02-09T09:06:40.906+0000] {logging_mixin.py:120} INFO - [2025-02-09T09:06:40.905+0000] {dagbag.py:537} INFO - Filling up the DagBag from /opt/airflow/dags/parallel_dag.py
[2025-02-09T09:06:40.943+0000] {processor.py:766} INFO - DAG(s) dict_keys(['parallel_dag']) retrieved from /opt/airflow/dags/parallel_dag.py
[2025-02-09T09:06:41.031+0000] {logging_mixin.py:120} INFO - [2025-02-09T09:06:41.030+0000] {dag.py:2585} INFO - Sync 1 DAGs
[2025-02-09T09:06:41.082+0000] {logging_mixin.py:120} INFO - [2025-02-09T09:06:41.082+0000] {dag.py:3340} INFO - Setting next_dagrun for parallel_dag to 2025-02-08T00:00:00+00:00, run_after=2025-02-09T00:00:00+00:00
[2025-02-09T09:06:41.120+0000] {processor.py:176} INFO - Processing /opt/airflow/dags/parallel_dag.py took 0.224 seconds
[2025-02-09T09:07:11.569+0000] {processor.py:154} INFO - Started process (PID=740) to work on /opt/airflow/dags/parallel_dag.py
[2025-02-09T09:07:11.575+0000] {processor.py:756} INFO - Processing file /opt/airflow/dags/parallel_dag.py for tasks to queue
[2025-02-09T09:07:11.578+0000] {logging_mixin.py:120} INFO - [2025-02-09T09:07:11.577+0000] {dagbag.py:537} INFO - Filling up the DagBag from /opt/airflow/dags/parallel_dag.py
[2025-02-09T09:07:11.622+0000] {processor.py:766} INFO - DAG(s) dict_keys(['parallel_dag']) retrieved from /opt/airflow/dags/parallel_dag.py
[2025-02-09T09:07:11.699+0000] {logging_mixin.py:120} INFO - [2025-02-09T09:07:11.699+0000] {dag.py:2585} INFO - Sync 1 DAGs
[2025-02-09T09:07:11.748+0000] {logging_mixin.py:120} INFO - [2025-02-09T09:07:11.747+0000] {dag.py:3340} INFO - Setting next_dagrun for parallel_dag to 2025-02-08T00:00:00+00:00, run_after=2025-02-09T00:00:00+00:00
[2025-02-09T09:07:11.780+0000] {processor.py:176} INFO - Processing /opt/airflow/dags/parallel_dag.py took 0.218 seconds
[2025-02-09T09:07:42.607+0000] {processor.py:154} INFO - Started process (PID=799) to work on /opt/airflow/dags/parallel_dag.py
[2025-02-09T09:07:42.609+0000] {processor.py:756} INFO - Processing file /opt/airflow/dags/parallel_dag.py for tasks to queue
[2025-02-09T09:07:42.610+0000] {logging_mixin.py:120} INFO - [2025-02-09T09:07:42.610+0000] {dagbag.py:537} INFO - Filling up the DagBag from /opt/airflow/dags/parallel_dag.py
[2025-02-09T09:07:42.642+0000] {processor.py:766} INFO - DAG(s) dict_keys(['parallel_dag']) retrieved from /opt/airflow/dags/parallel_dag.py
[2025-02-09T09:07:42.713+0000] {logging_mixin.py:120} INFO - [2025-02-09T09:07:42.713+0000] {dag.py:2585} INFO - Sync 1 DAGs
[2025-02-09T09:07:42.761+0000] {logging_mixin.py:120} INFO - [2025-02-09T09:07:42.761+0000] {dag.py:3340} INFO - Setting next_dagrun for parallel_dag to 2025-02-08T00:00:00+00:00, run_after=2025-02-09T00:00:00+00:00
[2025-02-09T09:07:42.795+0000] {processor.py:176} INFO - Processing /opt/airflow/dags/parallel_dag.py took 0.196 seconds
[2025-02-09T09:08:13.079+0000] {processor.py:154} INFO - Started process (PID=867) to work on /opt/airflow/dags/parallel_dag.py
[2025-02-09T09:08:13.080+0000] {processor.py:756} INFO - Processing file /opt/airflow/dags/parallel_dag.py for tasks to queue
[2025-02-09T09:08:13.082+0000] {logging_mixin.py:120} INFO - [2025-02-09T09:08:13.081+0000] {dagbag.py:537} INFO - Filling up the DagBag from /opt/airflow/dags/parallel_dag.py
[2025-02-09T09:08:13.125+0000] {processor.py:766} INFO - DAG(s) dict_keys(['parallel_dag']) retrieved from /opt/airflow/dags/parallel_dag.py
[2025-02-09T09:08:13.213+0000] {logging_mixin.py:120} INFO - [2025-02-09T09:08:13.213+0000] {dag.py:2585} INFO - Sync 1 DAGs
[2025-02-09T09:08:13.276+0000] {logging_mixin.py:120} INFO - [2025-02-09T09:08:13.276+0000] {dag.py:3340} INFO - Setting next_dagrun for parallel_dag to 2025-02-08T00:00:00+00:00, run_after=2025-02-09T00:00:00+00:00
[2025-02-09T09:08:13.309+0000] {processor.py:176} INFO - Processing /opt/airflow/dags/parallel_dag.py took 0.237 seconds
[2025-02-09T09:08:43.502+0000] {processor.py:154} INFO - Started process (PID=926) to work on /opt/airflow/dags/parallel_dag.py
[2025-02-09T09:08:43.503+0000] {processor.py:756} INFO - Processing file /opt/airflow/dags/parallel_dag.py for tasks to queue
[2025-02-09T09:08:43.505+0000] {logging_mixin.py:120} INFO - [2025-02-09T09:08:43.505+0000] {dagbag.py:537} INFO - Filling up the DagBag from /opt/airflow/dags/parallel_dag.py
[2025-02-09T09:08:43.542+0000] {processor.py:766} INFO - DAG(s) dict_keys(['parallel_dag']) retrieved from /opt/airflow/dags/parallel_dag.py
[2025-02-09T09:08:43.638+0000] {logging_mixin.py:120} INFO - [2025-02-09T09:08:43.638+0000] {dag.py:2585} INFO - Sync 1 DAGs
[2025-02-09T09:08:43.701+0000] {logging_mixin.py:120} INFO - [2025-02-09T09:08:43.700+0000] {dag.py:3340} INFO - Setting next_dagrun for parallel_dag to 2025-02-08T00:00:00+00:00, run_after=2025-02-09T00:00:00+00:00
[2025-02-09T09:08:43.745+0000] {processor.py:176} INFO - Processing /opt/airflow/dags/parallel_dag.py took 0.249 seconds
[2025-02-09T09:09:13.836+0000] {processor.py:154} INFO - Started process (PID=984) to work on /opt/airflow/dags/parallel_dag.py
[2025-02-09T09:09:13.839+0000] {processor.py:756} INFO - Processing file /opt/airflow/dags/parallel_dag.py for tasks to queue
[2025-02-09T09:09:13.841+0000] {logging_mixin.py:120} INFO - [2025-02-09T09:09:13.841+0000] {dagbag.py:537} INFO - Filling up the DagBag from /opt/airflow/dags/parallel_dag.py
[2025-02-09T09:09:13.893+0000] {processor.py:766} INFO - DAG(s) dict_keys(['parallel_dag']) retrieved from /opt/airflow/dags/parallel_dag.py
[2025-02-09T09:09:13.982+0000] {logging_mixin.py:120} INFO - [2025-02-09T09:09:13.981+0000] {dag.py:2585} INFO - Sync 1 DAGs
[2025-02-09T09:09:14.033+0000] {logging_mixin.py:120} INFO - [2025-02-09T09:09:14.033+0000] {dag.py:3340} INFO - Setting next_dagrun for parallel_dag to 2025-02-08T00:00:00+00:00, run_after=2025-02-09T00:00:00+00:00
[2025-02-09T09:09:14.068+0000] {processor.py:176} INFO - Processing /opt/airflow/dags/parallel_dag.py took 0.241 seconds
[2025-02-09T09:09:44.118+0000] {processor.py:154} INFO - Started process (PID=1052) to work on /opt/airflow/dags/parallel_dag.py
[2025-02-09T09:09:44.120+0000] {processor.py:756} INFO - Processing file /opt/airflow/dags/parallel_dag.py for tasks to queue
[2025-02-09T09:09:44.122+0000] {logging_mixin.py:120} INFO - [2025-02-09T09:09:44.122+0000] {dagbag.py:537} INFO - Filling up the DagBag from /opt/airflow/dags/parallel_dag.py
[2025-02-09T09:09:44.164+0000] {processor.py:766} INFO - DAG(s) dict_keys(['parallel_dag']) retrieved from /opt/airflow/dags/parallel_dag.py
[2025-02-09T09:09:44.249+0000] {logging_mixin.py:120} INFO - [2025-02-09T09:09:44.249+0000] {dag.py:2585} INFO - Sync 1 DAGs
[2025-02-09T09:09:44.300+0000] {logging_mixin.py:120} INFO - [2025-02-09T09:09:44.300+0000] {dag.py:3340} INFO - Setting next_dagrun for parallel_dag to 2025-02-08T00:00:00+00:00, run_after=2025-02-09T00:00:00+00:00
[2025-02-09T09:09:44.335+0000] {processor.py:176} INFO - Processing /opt/airflow/dags/parallel_dag.py took 0.223 seconds
[2025-02-09T09:10:14.630+0000] {processor.py:154} INFO - Started process (PID=1110) to work on /opt/airflow/dags/parallel_dag.py
[2025-02-09T09:10:14.632+0000] {processor.py:756} INFO - Processing file /opt/airflow/dags/parallel_dag.py for tasks to queue
[2025-02-09T09:10:14.634+0000] {logging_mixin.py:120} INFO - [2025-02-09T09:10:14.634+0000] {dagbag.py:537} INFO - Filling up the DagBag from /opt/airflow/dags/parallel_dag.py
[2025-02-09T09:10:14.668+0000] {processor.py:766} INFO - DAG(s) dict_keys(['parallel_dag']) retrieved from /opt/airflow/dags/parallel_dag.py
[2025-02-09T09:10:14.746+0000] {logging_mixin.py:120} INFO - [2025-02-09T09:10:14.745+0000] {dag.py:2585} INFO - Sync 1 DAGs
[2025-02-09T09:10:14.802+0000] {logging_mixin.py:120} INFO - [2025-02-09T09:10:14.802+0000] {dag.py:3340} INFO - Setting next_dagrun for parallel_dag to 2025-02-08T00:00:00+00:00, run_after=2025-02-09T00:00:00+00:00
[2025-02-09T09:10:14.842+0000] {processor.py:176} INFO - Processing /opt/airflow/dags/parallel_dag.py took 0.217 seconds
[2025-02-09T09:10:45.153+0000] {processor.py:154} INFO - Started process (PID=1178) to work on /opt/airflow/dags/parallel_dag.py
[2025-02-09T09:10:45.155+0000] {processor.py:756} INFO - Processing file /opt/airflow/dags/parallel_dag.py for tasks to queue
[2025-02-09T09:10:45.157+0000] {logging_mixin.py:120} INFO - [2025-02-09T09:10:45.156+0000] {dagbag.py:537} INFO - Filling up the DagBag from /opt/airflow/dags/parallel_dag.py
[2025-02-09T09:10:45.198+0000] {processor.py:766} INFO - DAG(s) dict_keys(['parallel_dag']) retrieved from /opt/airflow/dags/parallel_dag.py
[2025-02-09T09:10:45.288+0000] {logging_mixin.py:120} INFO - [2025-02-09T09:10:45.288+0000] {dag.py:2585} INFO - Sync 1 DAGs
[2025-02-09T09:10:45.354+0000] {logging_mixin.py:120} INFO - [2025-02-09T09:10:45.354+0000] {dag.py:3340} INFO - Setting next_dagrun for parallel_dag to 2025-02-08T00:00:00+00:00, run_after=2025-02-09T00:00:00+00:00
[2025-02-09T09:10:45.413+0000] {processor.py:176} INFO - Processing /opt/airflow/dags/parallel_dag.py took 0.267 seconds
[2025-02-09T09:11:16.146+0000] {processor.py:154} INFO - Started process (PID=1237) to work on /opt/airflow/dags/parallel_dag.py
[2025-02-09T09:11:16.148+0000] {processor.py:756} INFO - Processing file /opt/airflow/dags/parallel_dag.py for tasks to queue
[2025-02-09T09:11:16.150+0000] {logging_mixin.py:120} INFO - [2025-02-09T09:11:16.150+0000] {dagbag.py:537} INFO - Filling up the DagBag from /opt/airflow/dags/parallel_dag.py
[2025-02-09T09:11:16.192+0000] {processor.py:766} INFO - DAG(s) dict_keys(['parallel_dag']) retrieved from /opt/airflow/dags/parallel_dag.py
[2025-02-09T09:11:16.287+0000] {logging_mixin.py:120} INFO - [2025-02-09T09:11:16.286+0000] {dag.py:2585} INFO - Sync 1 DAGs
[2025-02-09T09:11:16.360+0000] {logging_mixin.py:120} INFO - [2025-02-09T09:11:16.360+0000] {dag.py:3340} INFO - Setting next_dagrun for parallel_dag to 2025-02-08T00:00:00+00:00, run_after=2025-02-09T00:00:00+00:00
[2025-02-09T09:11:16.413+0000] {processor.py:176} INFO - Processing /opt/airflow/dags/parallel_dag.py took 0.273 seconds
[2025-02-09T09:11:46.555+0000] {processor.py:154} INFO - Started process (PID=1305) to work on /opt/airflow/dags/parallel_dag.py
[2025-02-09T09:11:46.558+0000] {processor.py:756} INFO - Processing file /opt/airflow/dags/parallel_dag.py for tasks to queue
[2025-02-09T09:11:46.563+0000] {logging_mixin.py:120} INFO - [2025-02-09T09:11:46.562+0000] {dagbag.py:537} INFO - Filling up the DagBag from /opt/airflow/dags/parallel_dag.py
[2025-02-09T09:11:46.613+0000] {processor.py:766} INFO - DAG(s) dict_keys(['parallel_dag']) retrieved from /opt/airflow/dags/parallel_dag.py
[2025-02-09T09:11:46.701+0000] {logging_mixin.py:120} INFO - [2025-02-09T09:11:46.701+0000] {dag.py:2585} INFO - Sync 1 DAGs
[2025-02-09T09:11:46.755+0000] {logging_mixin.py:120} INFO - [2025-02-09T09:11:46.755+0000] {dag.py:3340} INFO - Setting next_dagrun for parallel_dag to 2025-02-08T00:00:00+00:00, run_after=2025-02-09T00:00:00+00:00
[2025-02-09T09:11:46.801+0000] {processor.py:176} INFO - Processing /opt/airflow/dags/parallel_dag.py took 0.251 seconds
[2025-02-09T09:12:17.041+0000] {processor.py:154} INFO - Started process (PID=1364) to work on /opt/airflow/dags/parallel_dag.py
[2025-02-09T09:12:17.042+0000] {processor.py:756} INFO - Processing file /opt/airflow/dags/parallel_dag.py for tasks to queue
[2025-02-09T09:12:17.044+0000] {logging_mixin.py:120} INFO - [2025-02-09T09:12:17.044+0000] {dagbag.py:537} INFO - Filling up the DagBag from /opt/airflow/dags/parallel_dag.py
[2025-02-09T09:12:17.086+0000] {processor.py:766} INFO - DAG(s) dict_keys(['parallel_dag']) retrieved from /opt/airflow/dags/parallel_dag.py
[2025-02-09T09:12:17.232+0000] {logging_mixin.py:120} INFO - [2025-02-09T09:12:17.231+0000] {dag.py:2585} INFO - Sync 1 DAGs
[2025-02-09T09:12:17.316+0000] {logging_mixin.py:120} INFO - [2025-02-09T09:12:17.316+0000] {dag.py:3340} INFO - Setting next_dagrun for parallel_dag to 2025-02-08T00:00:00+00:00, run_after=2025-02-09T00:00:00+00:00
[2025-02-09T09:12:17.361+0000] {processor.py:176} INFO - Processing /opt/airflow/dags/parallel_dag.py took 0.328 seconds
[2025-02-09T09:12:47.523+0000] {processor.py:154} INFO - Started process (PID=1423) to work on /opt/airflow/dags/parallel_dag.py
[2025-02-09T09:12:47.525+0000] {processor.py:756} INFO - Processing file /opt/airflow/dags/parallel_dag.py for tasks to queue
[2025-02-09T09:12:47.527+0000] {logging_mixin.py:120} INFO - [2025-02-09T09:12:47.527+0000] {dagbag.py:537} INFO - Filling up the DagBag from /opt/airflow/dags/parallel_dag.py
[2025-02-09T09:12:47.578+0000] {processor.py:766} INFO - DAG(s) dict_keys(['parallel_dag']) retrieved from /opt/airflow/dags/parallel_dag.py
[2025-02-09T09:12:47.909+0000] {logging_mixin.py:120} INFO - [2025-02-09T09:12:47.907+0000] {dag.py:2585} INFO - Sync 1 DAGs
[2025-02-09T09:12:48.074+0000] {logging_mixin.py:120} INFO - [2025-02-09T09:12:48.074+0000] {dag.py:3340} INFO - Setting next_dagrun for parallel_dag to 2025-02-08T00:00:00+00:00, run_after=2025-02-09T00:00:00+00:00
[2025-02-09T09:12:48.153+0000] {processor.py:176} INFO - Processing /opt/airflow/dags/parallel_dag.py took 0.638 seconds
[2025-02-09T09:13:18.887+0000] {processor.py:154} INFO - Started process (PID=1488) to work on /opt/airflow/dags/parallel_dag.py
[2025-02-09T09:13:18.889+0000] {processor.py:756} INFO - Processing file /opt/airflow/dags/parallel_dag.py for tasks to queue
[2025-02-09T09:13:18.890+0000] {logging_mixin.py:120} INFO - [2025-02-09T09:13:18.890+0000] {dagbag.py:537} INFO - Filling up the DagBag from /opt/airflow/dags/parallel_dag.py
[2025-02-09T09:13:19.013+0000] {processor.py:766} INFO - DAG(s) dict_keys(['parallel_dag']) retrieved from /opt/airflow/dags/parallel_dag.py
[2025-02-09T09:13:19.121+0000] {logging_mixin.py:120} INFO - [2025-02-09T09:13:19.121+0000] {dag.py:2585} INFO - Sync 1 DAGs
[2025-02-09T09:13:19.189+0000] {logging_mixin.py:120} INFO - [2025-02-09T09:13:19.189+0000] {dag.py:3340} INFO - Setting next_dagrun for parallel_dag to 2025-02-08T00:00:00+00:00, run_after=2025-02-09T00:00:00+00:00
[2025-02-09T09:13:19.231+0000] {processor.py:176} INFO - Processing /opt/airflow/dags/parallel_dag.py took 0.351 seconds
[2025-02-09T09:13:49.996+0000] {processor.py:154} INFO - Started process (PID=1547) to work on /opt/airflow/dags/parallel_dag.py
[2025-02-09T09:13:49.999+0000] {processor.py:756} INFO - Processing file /opt/airflow/dags/parallel_dag.py for tasks to queue
[2025-02-09T09:13:50.001+0000] {logging_mixin.py:120} INFO - [2025-02-09T09:13:50.000+0000] {dagbag.py:537} INFO - Filling up the DagBag from /opt/airflow/dags/parallel_dag.py
[2025-02-09T09:13:50.057+0000] {processor.py:766} INFO - DAG(s) dict_keys(['parallel_dag']) retrieved from /opt/airflow/dags/parallel_dag.py
[2025-02-09T09:13:50.150+0000] {logging_mixin.py:120} INFO - [2025-02-09T09:13:50.150+0000] {dag.py:2585} INFO - Sync 1 DAGs
[2025-02-09T09:13:50.211+0000] {logging_mixin.py:120} INFO - [2025-02-09T09:13:50.210+0000] {dag.py:3340} INFO - Setting next_dagrun for parallel_dag to 2025-02-08T00:00:00+00:00, run_after=2025-02-09T00:00:00+00:00
[2025-02-09T09:13:50.253+0000] {processor.py:176} INFO - Processing /opt/airflow/dags/parallel_dag.py took 0.263 seconds
[2025-02-09T09:14:20.905+0000] {processor.py:154} INFO - Started process (PID=1606) to work on /opt/airflow/dags/parallel_dag.py
[2025-02-09T09:14:20.908+0000] {processor.py:756} INFO - Processing file /opt/airflow/dags/parallel_dag.py for tasks to queue
[2025-02-09T09:14:20.911+0000] {logging_mixin.py:120} INFO - [2025-02-09T09:14:20.910+0000] {dagbag.py:537} INFO - Filling up the DagBag from /opt/airflow/dags/parallel_dag.py
[2025-02-09T09:14:20.954+0000] {processor.py:766} INFO - DAG(s) dict_keys(['parallel_dag']) retrieved from /opt/airflow/dags/parallel_dag.py
[2025-02-09T09:14:21.036+0000] {logging_mixin.py:120} INFO - [2025-02-09T09:14:21.035+0000] {dag.py:2585} INFO - Sync 1 DAGs
[2025-02-09T09:14:21.087+0000] {logging_mixin.py:120} INFO - [2025-02-09T09:14:21.087+0000] {dag.py:3340} INFO - Setting next_dagrun for parallel_dag to 2025-02-08T00:00:00+00:00, run_after=2025-02-09T00:00:00+00:00
[2025-02-09T09:14:21.123+0000] {processor.py:176} INFO - Processing /opt/airflow/dags/parallel_dag.py took 0.226 seconds
[2025-02-09T09:14:51.688+0000] {processor.py:154} INFO - Started process (PID=1672) to work on /opt/airflow/dags/parallel_dag.py
[2025-02-09T09:14:51.692+0000] {processor.py:756} INFO - Processing file /opt/airflow/dags/parallel_dag.py for tasks to queue
[2025-02-09T09:14:51.695+0000] {logging_mixin.py:120} INFO - [2025-02-09T09:14:51.694+0000] {dagbag.py:537} INFO - Filling up the DagBag from /opt/airflow/dags/parallel_dag.py
[2025-02-09T09:14:51.742+0000] {processor.py:766} INFO - DAG(s) dict_keys(['parallel_dag']) retrieved from /opt/airflow/dags/parallel_dag.py
[2025-02-09T09:14:51.842+0000] {logging_mixin.py:120} INFO - [2025-02-09T09:14:51.842+0000] {dag.py:2585} INFO - Sync 1 DAGs
[2025-02-09T09:14:51.926+0000] {logging_mixin.py:120} INFO - [2025-02-09T09:14:51.926+0000] {dag.py:3340} INFO - Setting next_dagrun for parallel_dag to 2025-02-08T00:00:00+00:00, run_after=2025-02-09T00:00:00+00:00
[2025-02-09T09:14:51.972+0000] {processor.py:176} INFO - Processing /opt/airflow/dags/parallel_dag.py took 0.296 seconds
[2025-02-09T09:15:22.445+0000] {processor.py:154} INFO - Started process (PID=1733) to work on /opt/airflow/dags/parallel_dag.py
[2025-02-09T09:15:22.449+0000] {processor.py:756} INFO - Processing file /opt/airflow/dags/parallel_dag.py for tasks to queue
[2025-02-09T09:15:22.451+0000] {logging_mixin.py:120} INFO - [2025-02-09T09:15:22.451+0000] {dagbag.py:537} INFO - Filling up the DagBag from /opt/airflow/dags/parallel_dag.py
[2025-02-09T09:15:22.499+0000] {processor.py:766} INFO - DAG(s) dict_keys(['parallel_dag']) retrieved from /opt/airflow/dags/parallel_dag.py
[2025-02-09T09:15:22.585+0000] {logging_mixin.py:120} INFO - [2025-02-09T09:15:22.585+0000] {dag.py:2585} INFO - Sync 1 DAGs
[2025-02-09T09:15:22.645+0000] {logging_mixin.py:120} INFO - [2025-02-09T09:15:22.645+0000] {dag.py:3340} INFO - Setting next_dagrun for parallel_dag to 2025-02-08T00:00:00+00:00, run_after=2025-02-09T00:00:00+00:00
[2025-02-09T09:15:22.693+0000] {processor.py:176} INFO - Processing /opt/airflow/dags/parallel_dag.py took 0.254 seconds
[2025-02-09T09:17:13.507+0000] {processor.py:154} INFO - Started process (PID=55) to work on /opt/airflow/dags/parallel_dag.py
[2025-02-09T09:17:13.511+0000] {processor.py:756} INFO - Processing file /opt/airflow/dags/parallel_dag.py for tasks to queue
[2025-02-09T09:17:13.513+0000] {logging_mixin.py:120} INFO - [2025-02-09T09:17:13.513+0000] {dagbag.py:537} INFO - Filling up the DagBag from /opt/airflow/dags/parallel_dag.py
[2025-02-09T09:17:13.757+0000] {processor.py:766} INFO - DAG(s) dict_keys(['parallel_dag']) retrieved from /opt/airflow/dags/parallel_dag.py
[2025-02-09T09:17:14.156+0000] {logging_mixin.py:120} INFO - [2025-02-09T09:17:14.156+0000] {dag.py:2585} INFO - Sync 1 DAGs
[2025-02-09T09:17:14.277+0000] {logging_mixin.py:120} INFO - [2025-02-09T09:17:14.276+0000] {dag.py:3340} INFO - Setting next_dagrun for parallel_dag to 2025-02-08T00:00:00+00:00, run_after=2025-02-09T00:00:00+00:00
[2025-02-09T09:17:14.343+0000] {processor.py:176} INFO - Processing /opt/airflow/dags/parallel_dag.py took 0.844 seconds
[2025-02-09T09:17:44.409+0000] {processor.py:154} INFO - Started process (PID=78) to work on /opt/airflow/dags/parallel_dag.py
[2025-02-09T09:17:44.412+0000] {processor.py:756} INFO - Processing file /opt/airflow/dags/parallel_dag.py for tasks to queue
[2025-02-09T09:17:44.415+0000] {logging_mixin.py:120} INFO - [2025-02-09T09:17:44.415+0000] {dagbag.py:537} INFO - Filling up the DagBag from /opt/airflow/dags/parallel_dag.py
[2025-02-09T09:17:44.459+0000] {processor.py:766} INFO - DAG(s) dict_keys(['parallel_dag']) retrieved from /opt/airflow/dags/parallel_dag.py
[2025-02-09T09:17:44.540+0000] {logging_mixin.py:120} INFO - [2025-02-09T09:17:44.539+0000] {dag.py:2585} INFO - Sync 1 DAGs
[2025-02-09T09:17:44.605+0000] {logging_mixin.py:120} INFO - [2025-02-09T09:17:44.605+0000] {dag.py:3340} INFO - Setting next_dagrun for parallel_dag to 2025-02-08T00:00:00+00:00, run_after=2025-02-09T00:00:00+00:00
[2025-02-09T09:17:44.655+0000] {processor.py:176} INFO - Processing /opt/airflow/dags/parallel_dag.py took 0.251 seconds
[2025-02-09T09:18:14.880+0000] {processor.py:154} INFO - Started process (PID=101) to work on /opt/airflow/dags/parallel_dag.py
[2025-02-09T09:18:14.882+0000] {processor.py:756} INFO - Processing file /opt/airflow/dags/parallel_dag.py for tasks to queue
[2025-02-09T09:18:14.883+0000] {logging_mixin.py:120} INFO - [2025-02-09T09:18:14.883+0000] {dagbag.py:537} INFO - Filling up the DagBag from /opt/airflow/dags/parallel_dag.py
[2025-02-09T09:18:14.925+0000] {processor.py:766} INFO - DAG(s) dict_keys(['parallel_dag']) retrieved from /opt/airflow/dags/parallel_dag.py
[2025-02-09T09:18:15.005+0000] {logging_mixin.py:120} INFO - [2025-02-09T09:18:15.005+0000] {dag.py:2585} INFO - Sync 1 DAGs
[2025-02-09T09:18:15.067+0000] {logging_mixin.py:120} INFO - [2025-02-09T09:18:15.067+0000] {dag.py:3340} INFO - Setting next_dagrun for parallel_dag to 2025-02-08T00:00:00+00:00, run_after=2025-02-09T00:00:00+00:00
[2025-02-09T09:18:15.139+0000] {processor.py:176} INFO - Processing /opt/airflow/dags/parallel_dag.py took 0.264 seconds
[2025-02-09T09:18:45.782+0000] {processor.py:154} INFO - Started process (PID=133) to work on /opt/airflow/dags/parallel_dag.py
[2025-02-09T09:18:45.783+0000] {processor.py:756} INFO - Processing file /opt/airflow/dags/parallel_dag.py for tasks to queue
[2025-02-09T09:18:45.785+0000] {logging_mixin.py:120} INFO - [2025-02-09T09:18:45.784+0000] {dagbag.py:537} INFO - Filling up the DagBag from /opt/airflow/dags/parallel_dag.py
[2025-02-09T09:18:45.832+0000] {processor.py:766} INFO - DAG(s) dict_keys(['parallel_dag']) retrieved from /opt/airflow/dags/parallel_dag.py
[2025-02-09T09:18:45.924+0000] {logging_mixin.py:120} INFO - [2025-02-09T09:18:45.924+0000] {dag.py:2585} INFO - Sync 1 DAGs
[2025-02-09T09:18:45.982+0000] {logging_mixin.py:120} INFO - [2025-02-09T09:18:45.982+0000] {dag.py:3340} INFO - Setting next_dagrun for parallel_dag to 2025-02-08T00:00:00+00:00, run_after=2025-02-09T00:00:00+00:00
[2025-02-09T09:18:46.156+0000] {processor.py:176} INFO - Processing /opt/airflow/dags/parallel_dag.py took 0.381 seconds
[2025-02-09T09:19:16.540+0000] {processor.py:154} INFO - Started process (PID=156) to work on /opt/airflow/dags/parallel_dag.py
[2025-02-09T09:19:16.545+0000] {processor.py:756} INFO - Processing file /opt/airflow/dags/parallel_dag.py for tasks to queue
[2025-02-09T09:19:16.547+0000] {logging_mixin.py:120} INFO - [2025-02-09T09:19:16.547+0000] {dagbag.py:537} INFO - Filling up the DagBag from /opt/airflow/dags/parallel_dag.py
[2025-02-09T09:19:16.613+0000] {processor.py:766} INFO - DAG(s) dict_keys(['parallel_dag']) retrieved from /opt/airflow/dags/parallel_dag.py
[2025-02-09T09:19:16.869+0000] {logging_mixin.py:120} INFO - [2025-02-09T09:19:16.869+0000] {dag.py:2585} INFO - Sync 1 DAGs
[2025-02-09T09:19:16.973+0000] {logging_mixin.py:120} INFO - [2025-02-09T09:19:16.973+0000] {dag.py:3340} INFO - Setting next_dagrun for parallel_dag to 2025-02-08T00:00:00+00:00, run_after=2025-02-09T00:00:00+00:00
[2025-02-09T09:19:17.015+0000] {processor.py:176} INFO - Processing /opt/airflow/dags/parallel_dag.py took 0.485 seconds
[2025-02-09T09:19:47.131+0000] {processor.py:154} INFO - Started process (PID=186) to work on /opt/airflow/dags/parallel_dag.py
[2025-02-09T09:19:47.134+0000] {processor.py:756} INFO - Processing file /opt/airflow/dags/parallel_dag.py for tasks to queue
[2025-02-09T09:19:47.136+0000] {logging_mixin.py:120} INFO - [2025-02-09T09:19:47.136+0000] {dagbag.py:537} INFO - Filling up the DagBag from /opt/airflow/dags/parallel_dag.py
[2025-02-09T09:19:47.174+0000] {processor.py:766} INFO - DAG(s) dict_keys(['parallel_dag']) retrieved from /opt/airflow/dags/parallel_dag.py
[2025-02-09T09:19:47.261+0000] {logging_mixin.py:120} INFO - [2025-02-09T09:19:47.261+0000] {dag.py:2585} INFO - Sync 1 DAGs
[2025-02-09T09:19:47.321+0000] {logging_mixin.py:120} INFO - [2025-02-09T09:19:47.320+0000] {dag.py:3340} INFO - Setting next_dagrun for parallel_dag to 2025-02-08T00:00:00+00:00, run_after=2025-02-09T00:00:00+00:00
[2025-02-09T09:19:47.363+0000] {processor.py:176} INFO - Processing /opt/airflow/dags/parallel_dag.py took 0.237 seconds
[2025-02-09T09:20:17.868+0000] {processor.py:154} INFO - Started process (PID=211) to work on /opt/airflow/dags/parallel_dag.py
[2025-02-09T09:20:17.870+0000] {processor.py:756} INFO - Processing file /opt/airflow/dags/parallel_dag.py for tasks to queue
[2025-02-09T09:20:17.872+0000] {logging_mixin.py:120} INFO - [2025-02-09T09:20:17.871+0000] {dagbag.py:537} INFO - Filling up the DagBag from /opt/airflow/dags/parallel_dag.py
[2025-02-09T09:20:17.906+0000] {processor.py:766} INFO - DAG(s) dict_keys(['parallel_dag']) retrieved from /opt/airflow/dags/parallel_dag.py
[2025-02-09T09:20:17.982+0000] {logging_mixin.py:120} INFO - [2025-02-09T09:20:17.981+0000] {dag.py:2585} INFO - Sync 1 DAGs
[2025-02-09T09:20:18.029+0000] {logging_mixin.py:120} INFO - [2025-02-09T09:20:18.029+0000] {dag.py:3340} INFO - Setting next_dagrun for parallel_dag to 2025-02-08T00:00:00+00:00, run_after=2025-02-09T00:00:00+00:00
[2025-02-09T09:20:18.068+0000] {processor.py:176} INFO - Processing /opt/airflow/dags/parallel_dag.py took 0.208 seconds
[2025-02-09T09:20:48.346+0000] {processor.py:154} INFO - Started process (PID=241) to work on /opt/airflow/dags/parallel_dag.py
[2025-02-09T09:20:48.349+0000] {processor.py:756} INFO - Processing file /opt/airflow/dags/parallel_dag.py for tasks to queue
[2025-02-09T09:20:48.350+0000] {logging_mixin.py:120} INFO - [2025-02-09T09:20:48.350+0000] {dagbag.py:537} INFO - Filling up the DagBag from /opt/airflow/dags/parallel_dag.py
[2025-02-09T09:20:48.390+0000] {processor.py:766} INFO - DAG(s) dict_keys(['parallel_dag']) retrieved from /opt/airflow/dags/parallel_dag.py
[2025-02-09T09:20:48.470+0000] {logging_mixin.py:120} INFO - [2025-02-09T09:20:48.470+0000] {dag.py:2585} INFO - Sync 1 DAGs
[2025-02-09T09:20:48.522+0000] {logging_mixin.py:120} INFO - [2025-02-09T09:20:48.522+0000] {dag.py:3340} INFO - Setting next_dagrun for parallel_dag to 2025-02-08T00:00:00+00:00, run_after=2025-02-09T00:00:00+00:00
[2025-02-09T09:20:48.564+0000] {processor.py:176} INFO - Processing /opt/airflow/dags/parallel_dag.py took 0.224 seconds
[2025-02-09T09:21:19.064+0000] {processor.py:154} INFO - Started process (PID=266) to work on /opt/airflow/dags/parallel_dag.py
[2025-02-09T09:21:19.066+0000] {processor.py:756} INFO - Processing file /opt/airflow/dags/parallel_dag.py for tasks to queue
[2025-02-09T09:21:19.067+0000] {logging_mixin.py:120} INFO - [2025-02-09T09:21:19.067+0000] {dagbag.py:537} INFO - Filling up the DagBag from /opt/airflow/dags/parallel_dag.py
[2025-02-09T09:21:19.100+0000] {processor.py:766} INFO - DAG(s) dict_keys(['parallel_dag']) retrieved from /opt/airflow/dags/parallel_dag.py
[2025-02-09T09:21:19.178+0000] {logging_mixin.py:120} INFO - [2025-02-09T09:21:19.178+0000] {dag.py:2585} INFO - Sync 1 DAGs
[2025-02-09T09:21:19.232+0000] {logging_mixin.py:120} INFO - [2025-02-09T09:21:19.232+0000] {dag.py:3340} INFO - Setting next_dagrun for parallel_dag to 2025-02-08T00:00:00+00:00, run_after=2025-02-09T00:00:00+00:00
[2025-02-09T09:21:19.276+0000] {processor.py:176} INFO - Processing /opt/airflow/dags/parallel_dag.py took 0.217 seconds
[2025-02-09T09:21:49.930+0000] {processor.py:154} INFO - Started process (PID=296) to work on /opt/airflow/dags/parallel_dag.py
[2025-02-09T09:21:49.932+0000] {processor.py:756} INFO - Processing file /opt/airflow/dags/parallel_dag.py for tasks to queue
[2025-02-09T09:21:49.935+0000] {logging_mixin.py:120} INFO - [2025-02-09T09:21:49.934+0000] {dagbag.py:537} INFO - Filling up the DagBag from /opt/airflow/dags/parallel_dag.py
[2025-02-09T09:21:49.977+0000] {processor.py:766} INFO - DAG(s) dict_keys(['parallel_dag']) retrieved from /opt/airflow/dags/parallel_dag.py
[2025-02-09T09:21:50.067+0000] {logging_mixin.py:120} INFO - [2025-02-09T09:21:50.066+0000] {dag.py:2585} INFO - Sync 1 DAGs
[2025-02-09T09:21:50.125+0000] {logging_mixin.py:120} INFO - [2025-02-09T09:21:50.125+0000] {dag.py:3340} INFO - Setting next_dagrun for parallel_dag to 2025-02-08T00:00:00+00:00, run_after=2025-02-09T00:00:00+00:00
[2025-02-09T09:21:50.161+0000] {processor.py:176} INFO - Processing /opt/airflow/dags/parallel_dag.py took 0.238 seconds
[2025-02-09T09:22:20.687+0000] {processor.py:154} INFO - Started process (PID=321) to work on /opt/airflow/dags/parallel_dag.py
[2025-02-09T09:22:20.692+0000] {processor.py:756} INFO - Processing file /opt/airflow/dags/parallel_dag.py for tasks to queue
[2025-02-09T09:22:20.694+0000] {logging_mixin.py:120} INFO - [2025-02-09T09:22:20.693+0000] {dagbag.py:537} INFO - Filling up the DagBag from /opt/airflow/dags/parallel_dag.py
[2025-02-09T09:22:20.732+0000] {processor.py:766} INFO - DAG(s) dict_keys(['parallel_dag']) retrieved from /opt/airflow/dags/parallel_dag.py
[2025-02-09T09:22:20.810+0000] {logging_mixin.py:120} INFO - [2025-02-09T09:22:20.810+0000] {dag.py:2585} INFO - Sync 1 DAGs
[2025-02-09T09:22:20.871+0000] {logging_mixin.py:120} INFO - [2025-02-09T09:22:20.870+0000] {dag.py:3340} INFO - Setting next_dagrun for parallel_dag to 2025-02-08T00:00:00+00:00, run_after=2025-02-09T00:00:00+00:00
[2025-02-09T09:22:20.910+0000] {processor.py:176} INFO - Processing /opt/airflow/dags/parallel_dag.py took 0.230 seconds
[2025-02-09T09:22:51.676+0000] {processor.py:154} INFO - Started process (PID=344) to work on /opt/airflow/dags/parallel_dag.py
[2025-02-09T09:22:51.678+0000] {processor.py:756} INFO - Processing file /opt/airflow/dags/parallel_dag.py for tasks to queue
[2025-02-09T09:22:51.679+0000] {logging_mixin.py:120} INFO - [2025-02-09T09:22:51.679+0000] {dagbag.py:537} INFO - Filling up the DagBag from /opt/airflow/dags/parallel_dag.py
[2025-02-09T09:22:51.715+0000] {processor.py:766} INFO - DAG(s) dict_keys(['parallel_dag']) retrieved from /opt/airflow/dags/parallel_dag.py
[2025-02-09T09:22:51.789+0000] {logging_mixin.py:120} INFO - [2025-02-09T09:22:51.788+0000] {dag.py:2585} INFO - Sync 1 DAGs
[2025-02-09T09:22:51.834+0000] {logging_mixin.py:120} INFO - [2025-02-09T09:22:51.834+0000] {dag.py:3340} INFO - Setting next_dagrun for parallel_dag to 2025-02-08T00:00:00+00:00, run_after=2025-02-09T00:00:00+00:00
[2025-02-09T09:22:51.870+0000] {processor.py:176} INFO - Processing /opt/airflow/dags/parallel_dag.py took 0.199 seconds
[2025-02-09T09:23:22.166+0000] {processor.py:154} INFO - Started process (PID=376) to work on /opt/airflow/dags/parallel_dag.py
[2025-02-09T09:23:22.168+0000] {processor.py:756} INFO - Processing file /opt/airflow/dags/parallel_dag.py for tasks to queue
[2025-02-09T09:23:22.170+0000] {logging_mixin.py:120} INFO - [2025-02-09T09:23:22.169+0000] {dagbag.py:537} INFO - Filling up the DagBag from /opt/airflow/dags/parallel_dag.py
[2025-02-09T09:23:22.210+0000] {processor.py:766} INFO - DAG(s) dict_keys(['parallel_dag']) retrieved from /opt/airflow/dags/parallel_dag.py
[2025-02-09T09:23:22.307+0000] {logging_mixin.py:120} INFO - [2025-02-09T09:23:22.306+0000] {dag.py:2585} INFO - Sync 1 DAGs
[2025-02-09T09:23:22.370+0000] {logging_mixin.py:120} INFO - [2025-02-09T09:23:22.369+0000] {dag.py:3340} INFO - Setting next_dagrun for parallel_dag to 2025-02-08T00:00:00+00:00, run_after=2025-02-09T00:00:00+00:00
[2025-02-09T09:23:22.482+0000] {processor.py:176} INFO - Processing /opt/airflow/dags/parallel_dag.py took 0.325 seconds
[2025-02-09T09:23:52.756+0000] {processor.py:154} INFO - Started process (PID=399) to work on /opt/airflow/dags/parallel_dag.py
[2025-02-09T09:23:52.757+0000] {processor.py:756} INFO - Processing file /opt/airflow/dags/parallel_dag.py for tasks to queue
[2025-02-09T09:23:52.759+0000] {logging_mixin.py:120} INFO - [2025-02-09T09:23:52.758+0000] {dagbag.py:537} INFO - Filling up the DagBag from /opt/airflow/dags/parallel_dag.py
[2025-02-09T09:23:52.794+0000] {processor.py:766} INFO - DAG(s) dict_keys(['parallel_dag']) retrieved from /opt/airflow/dags/parallel_dag.py
[2025-02-09T09:23:52.879+0000] {logging_mixin.py:120} INFO - [2025-02-09T09:23:52.878+0000] {dag.py:2585} INFO - Sync 1 DAGs
[2025-02-09T09:23:52.930+0000] {logging_mixin.py:120} INFO - [2025-02-09T09:23:52.929+0000] {dag.py:3340} INFO - Setting next_dagrun for parallel_dag to 2025-02-08T00:00:00+00:00, run_after=2025-02-09T00:00:00+00:00
[2025-02-09T09:23:52.968+0000] {processor.py:176} INFO - Processing /opt/airflow/dags/parallel_dag.py took 0.218 seconds
[2025-02-09T09:24:23.334+0000] {processor.py:154} INFO - Started process (PID=430) to work on /opt/airflow/dags/parallel_dag.py
[2025-02-09T09:24:23.336+0000] {processor.py:756} INFO - Processing file /opt/airflow/dags/parallel_dag.py for tasks to queue
[2025-02-09T09:24:23.348+0000] {logging_mixin.py:120} INFO - [2025-02-09T09:24:23.347+0000] {dagbag.py:537} INFO - Filling up the DagBag from /opt/airflow/dags/parallel_dag.py
[2025-02-09T09:24:23.389+0000] {processor.py:766} INFO - DAG(s) dict_keys(['parallel_dag']) retrieved from /opt/airflow/dags/parallel_dag.py
[2025-02-09T09:24:23.464+0000] {logging_mixin.py:120} INFO - [2025-02-09T09:24:23.463+0000] {dag.py:2585} INFO - Sync 1 DAGs
[2025-02-09T09:24:23.513+0000] {logging_mixin.py:120} INFO - [2025-02-09T09:24:23.513+0000] {dag.py:3340} INFO - Setting next_dagrun for parallel_dag to 2025-02-08T00:00:00+00:00, run_after=2025-02-09T00:00:00+00:00
[2025-02-09T09:24:23.547+0000] {processor.py:176} INFO - Processing /opt/airflow/dags/parallel_dag.py took 0.293 seconds
[2025-02-09T09:24:54.099+0000] {processor.py:154} INFO - Started process (PID=453) to work on /opt/airflow/dags/parallel_dag.py
[2025-02-09T09:24:54.101+0000] {processor.py:756} INFO - Processing file /opt/airflow/dags/parallel_dag.py for tasks to queue
[2025-02-09T09:24:54.106+0000] {logging_mixin.py:120} INFO - [2025-02-09T09:24:54.106+0000] {dagbag.py:537} INFO - Filling up the DagBag from /opt/airflow/dags/parallel_dag.py
[2025-02-09T09:24:54.184+0000] {processor.py:766} INFO - DAG(s) dict_keys(['parallel_dag']) retrieved from /opt/airflow/dags/parallel_dag.py
[2025-02-09T09:24:54.308+0000] {logging_mixin.py:120} INFO - [2025-02-09T09:24:54.308+0000] {dag.py:2585} INFO - Sync 1 DAGs
[2025-02-09T09:24:54.396+0000] {logging_mixin.py:120} INFO - [2025-02-09T09:24:54.396+0000] {dag.py:3340} INFO - Setting next_dagrun for parallel_dag to 2025-02-08T00:00:00+00:00, run_after=2025-02-09T00:00:00+00:00
[2025-02-09T09:24:54.453+0000] {processor.py:176} INFO - Processing /opt/airflow/dags/parallel_dag.py took 0.364 seconds
[2025-02-09T09:25:24.989+0000] {processor.py:154} INFO - Started process (PID=485) to work on /opt/airflow/dags/parallel_dag.py
[2025-02-09T09:25:24.991+0000] {processor.py:756} INFO - Processing file /opt/airflow/dags/parallel_dag.py for tasks to queue
[2025-02-09T09:25:24.997+0000] {logging_mixin.py:120} INFO - [2025-02-09T09:25:24.997+0000] {dagbag.py:537} INFO - Filling up the DagBag from /opt/airflow/dags/parallel_dag.py
[2025-02-09T09:25:25.029+0000] {processor.py:766} INFO - DAG(s) dict_keys(['parallel_dag']) retrieved from /opt/airflow/dags/parallel_dag.py
[2025-02-09T09:25:25.103+0000] {logging_mixin.py:120} INFO - [2025-02-09T09:25:25.103+0000] {dag.py:2585} INFO - Sync 1 DAGs
[2025-02-09T09:25:25.154+0000] {logging_mixin.py:120} INFO - [2025-02-09T09:25:25.154+0000] {dag.py:3340} INFO - Setting next_dagrun for parallel_dag to 2025-02-08T00:00:00+00:00, run_after=2025-02-09T00:00:00+00:00
[2025-02-09T09:25:25.188+0000] {processor.py:176} INFO - Processing /opt/airflow/dags/parallel_dag.py took 0.204 seconds
[2025-02-09T09:25:55.463+0000] {processor.py:154} INFO - Started process (PID=508) to work on /opt/airflow/dags/parallel_dag.py
[2025-02-09T09:25:55.464+0000] {processor.py:756} INFO - Processing file /opt/airflow/dags/parallel_dag.py for tasks to queue
[2025-02-09T09:25:55.466+0000] {logging_mixin.py:120} INFO - [2025-02-09T09:25:55.466+0000] {dagbag.py:537} INFO - Filling up the DagBag from /opt/airflow/dags/parallel_dag.py
[2025-02-09T09:25:55.499+0000] {processor.py:766} INFO - DAG(s) dict_keys(['parallel_dag']) retrieved from /opt/airflow/dags/parallel_dag.py
[2025-02-09T09:25:55.579+0000] {logging_mixin.py:120} INFO - [2025-02-09T09:25:55.579+0000] {dag.py:2585} INFO - Sync 1 DAGs
[2025-02-09T09:25:55.641+0000] {logging_mixin.py:120} INFO - [2025-02-09T09:25:55.641+0000] {dag.py:3340} INFO - Setting next_dagrun for parallel_dag to 2025-02-08T00:00:00+00:00, run_after=2025-02-09T00:00:00+00:00
[2025-02-09T09:25:55.682+0000] {processor.py:176} INFO - Processing /opt/airflow/dags/parallel_dag.py took 0.229 seconds
[2025-02-09T09:26:25.968+0000] {processor.py:154} INFO - Started process (PID=540) to work on /opt/airflow/dags/parallel_dag.py
[2025-02-09T09:26:25.970+0000] {processor.py:756} INFO - Processing file /opt/airflow/dags/parallel_dag.py for tasks to queue
[2025-02-09T09:26:25.972+0000] {logging_mixin.py:120} INFO - [2025-02-09T09:26:25.972+0000] {dagbag.py:537} INFO - Filling up the DagBag from /opt/airflow/dags/parallel_dag.py
[2025-02-09T09:26:26.004+0000] {processor.py:766} INFO - DAG(s) dict_keys(['parallel_dag']) retrieved from /opt/airflow/dags/parallel_dag.py
[2025-02-09T09:26:26.081+0000] {logging_mixin.py:120} INFO - [2025-02-09T09:26:26.081+0000] {dag.py:2585} INFO - Sync 1 DAGs
[2025-02-09T09:26:26.145+0000] {logging_mixin.py:120} INFO - [2025-02-09T09:26:26.145+0000] {dag.py:3340} INFO - Setting next_dagrun for parallel_dag to 2025-02-08T00:00:00+00:00, run_after=2025-02-09T00:00:00+00:00
[2025-02-09T09:26:26.184+0000] {processor.py:176} INFO - Processing /opt/airflow/dags/parallel_dag.py took 0.221 seconds
[2025-02-09T09:26:56.516+0000] {processor.py:154} INFO - Started process (PID=563) to work on /opt/airflow/dags/parallel_dag.py
[2025-02-09T09:26:56.518+0000] {processor.py:756} INFO - Processing file /opt/airflow/dags/parallel_dag.py for tasks to queue
[2025-02-09T09:26:56.520+0000] {logging_mixin.py:120} INFO - [2025-02-09T09:26:56.519+0000] {dagbag.py:537} INFO - Filling up the DagBag from /opt/airflow/dags/parallel_dag.py
[2025-02-09T09:26:56.552+0000] {processor.py:766} INFO - DAG(s) dict_keys(['parallel_dag']) retrieved from /opt/airflow/dags/parallel_dag.py
[2025-02-09T09:26:56.622+0000] {logging_mixin.py:120} INFO - [2025-02-09T09:26:56.622+0000] {dag.py:2585} INFO - Sync 1 DAGs
[2025-02-09T09:26:56.676+0000] {logging_mixin.py:120} INFO - [2025-02-09T09:26:56.676+0000] {dag.py:3340} INFO - Setting next_dagrun for parallel_dag to 2025-02-08T00:00:00+00:00, run_after=2025-02-09T00:00:00+00:00
[2025-02-09T09:26:56.710+0000] {processor.py:176} INFO - Processing /opt/airflow/dags/parallel_dag.py took 0.199 seconds
[2025-02-09T09:27:27.068+0000] {processor.py:154} INFO - Started process (PID=595) to work on /opt/airflow/dags/parallel_dag.py
[2025-02-09T09:27:27.070+0000] {processor.py:756} INFO - Processing file /opt/airflow/dags/parallel_dag.py for tasks to queue
[2025-02-09T09:27:27.073+0000] {logging_mixin.py:120} INFO - [2025-02-09T09:27:27.072+0000] {dagbag.py:537} INFO - Filling up the DagBag from /opt/airflow/dags/parallel_dag.py
[2025-02-09T09:27:27.112+0000] {processor.py:766} INFO - DAG(s) dict_keys(['parallel_dag']) retrieved from /opt/airflow/dags/parallel_dag.py
[2025-02-09T09:27:27.189+0000] {logging_mixin.py:120} INFO - [2025-02-09T09:27:27.188+0000] {dag.py:2585} INFO - Sync 1 DAGs
[2025-02-09T09:27:27.247+0000] {logging_mixin.py:120} INFO - [2025-02-09T09:27:27.246+0000] {dag.py:3340} INFO - Setting next_dagrun for parallel_dag to 2025-02-08T00:00:00+00:00, run_after=2025-02-09T00:00:00+00:00
[2025-02-09T09:27:27.284+0000] {processor.py:176} INFO - Processing /opt/airflow/dags/parallel_dag.py took 0.225 seconds
[2025-02-09T09:27:57.586+0000] {processor.py:154} INFO - Started process (PID=618) to work on /opt/airflow/dags/parallel_dag.py
[2025-02-09T09:27:57.588+0000] {processor.py:756} INFO - Processing file /opt/airflow/dags/parallel_dag.py for tasks to queue
[2025-02-09T09:27:57.589+0000] {logging_mixin.py:120} INFO - [2025-02-09T09:27:57.589+0000] {dagbag.py:537} INFO - Filling up the DagBag from /opt/airflow/dags/parallel_dag.py
[2025-02-09T09:27:57.639+0000] {processor.py:766} INFO - DAG(s) dict_keys(['parallel_dag']) retrieved from /opt/airflow/dags/parallel_dag.py
[2025-02-09T09:27:57.723+0000] {logging_mixin.py:120} INFO - [2025-02-09T09:27:57.722+0000] {dag.py:2585} INFO - Sync 1 DAGs
[2025-02-09T09:27:57.784+0000] {logging_mixin.py:120} INFO - [2025-02-09T09:27:57.784+0000] {dag.py:3340} INFO - Setting next_dagrun for parallel_dag to 2025-02-08T00:00:00+00:00, run_after=2025-02-09T00:00:00+00:00
[2025-02-09T09:27:57.817+0000] {processor.py:176} INFO - Processing /opt/airflow/dags/parallel_dag.py took 0.240 seconds
[2025-02-09T09:28:28.081+0000] {processor.py:154} INFO - Started process (PID=650) to work on /opt/airflow/dags/parallel_dag.py
[2025-02-09T09:28:28.085+0000] {processor.py:756} INFO - Processing file /opt/airflow/dags/parallel_dag.py for tasks to queue
[2025-02-09T09:28:28.087+0000] {logging_mixin.py:120} INFO - [2025-02-09T09:28:28.086+0000] {dagbag.py:537} INFO - Filling up the DagBag from /opt/airflow/dags/parallel_dag.py
[2025-02-09T09:28:28.177+0000] {processor.py:766} INFO - DAG(s) dict_keys(['parallel_dag']) retrieved from /opt/airflow/dags/parallel_dag.py
[2025-02-09T09:28:28.250+0000] {logging_mixin.py:120} INFO - [2025-02-09T09:28:28.249+0000] {dag.py:2585} INFO - Sync 1 DAGs
[2025-02-09T09:28:28.301+0000] {logging_mixin.py:120} INFO - [2025-02-09T09:28:28.300+0000] {dag.py:3340} INFO - Setting next_dagrun for parallel_dag to 2025-02-08T00:00:00+00:00, run_after=2025-02-09T00:00:00+00:00
[2025-02-09T09:28:28.334+0000] {processor.py:176} INFO - Processing /opt/airflow/dags/parallel_dag.py took 0.258 seconds
[2025-02-09T09:28:58.606+0000] {processor.py:154} INFO - Started process (PID=673) to work on /opt/airflow/dags/parallel_dag.py
[2025-02-09T09:28:58.608+0000] {processor.py:756} INFO - Processing file /opt/airflow/dags/parallel_dag.py for tasks to queue
[2025-02-09T09:28:58.609+0000] {logging_mixin.py:120} INFO - [2025-02-09T09:28:58.609+0000] {dagbag.py:537} INFO - Filling up the DagBag from /opt/airflow/dags/parallel_dag.py
[2025-02-09T09:28:58.646+0000] {processor.py:766} INFO - DAG(s) dict_keys(['parallel_dag']) retrieved from /opt/airflow/dags/parallel_dag.py
[2025-02-09T09:28:58.727+0000] {logging_mixin.py:120} INFO - [2025-02-09T09:28:58.727+0000] {dag.py:2585} INFO - Sync 1 DAGs
[2025-02-09T09:28:58.776+0000] {logging_mixin.py:120} INFO - [2025-02-09T09:28:58.776+0000] {dag.py:3340} INFO - Setting next_dagrun for parallel_dag to 2025-02-08T00:00:00+00:00, run_after=2025-02-09T00:00:00+00:00
[2025-02-09T09:28:58.807+0000] {processor.py:176} INFO - Processing /opt/airflow/dags/parallel_dag.py took 0.206 seconds
[2025-02-09T09:29:29.273+0000] {processor.py:154} INFO - Started process (PID=705) to work on /opt/airflow/dags/parallel_dag.py
[2025-02-09T09:29:29.275+0000] {processor.py:756} INFO - Processing file /opt/airflow/dags/parallel_dag.py for tasks to queue
[2025-02-09T09:29:29.276+0000] {logging_mixin.py:120} INFO - [2025-02-09T09:29:29.276+0000] {dagbag.py:537} INFO - Filling up the DagBag from /opt/airflow/dags/parallel_dag.py
[2025-02-09T09:29:29.352+0000] {processor.py:766} INFO - DAG(s) dict_keys(['parallel_dag']) retrieved from /opt/airflow/dags/parallel_dag.py
[2025-02-09T09:29:29.434+0000] {logging_mixin.py:120} INFO - [2025-02-09T09:29:29.434+0000] {dag.py:2585} INFO - Sync 1 DAGs
[2025-02-09T09:29:29.497+0000] {logging_mixin.py:120} INFO - [2025-02-09T09:29:29.497+0000] {dag.py:3340} INFO - Setting next_dagrun for parallel_dag to 2025-02-08T00:00:00+00:00, run_after=2025-02-09T00:00:00+00:00
[2025-02-09T09:29:29.535+0000] {processor.py:176} INFO - Processing /opt/airflow/dags/parallel_dag.py took 0.267 seconds
[2025-02-09T09:29:59.791+0000] {processor.py:154} INFO - Started process (PID=727) to work on /opt/airflow/dags/parallel_dag.py
[2025-02-09T09:29:59.793+0000] {processor.py:756} INFO - Processing file /opt/airflow/dags/parallel_dag.py for tasks to queue
[2025-02-09T09:29:59.794+0000] {logging_mixin.py:120} INFO - [2025-02-09T09:29:59.794+0000] {dagbag.py:537} INFO - Filling up the DagBag from /opt/airflow/dags/parallel_dag.py
[2025-02-09T09:29:59.831+0000] {processor.py:766} INFO - DAG(s) dict_keys(['parallel_dag']) retrieved from /opt/airflow/dags/parallel_dag.py
[2025-02-09T09:29:59.905+0000] {logging_mixin.py:120} INFO - [2025-02-09T09:29:59.905+0000] {dag.py:2585} INFO - Sync 1 DAGs
[2025-02-09T09:29:59.960+0000] {logging_mixin.py:120} INFO - [2025-02-09T09:29:59.959+0000] {dag.py:3340} INFO - Setting next_dagrun for parallel_dag to 2025-02-08T00:00:00+00:00, run_after=2025-02-09T00:00:00+00:00
[2025-02-09T09:29:59.995+0000] {processor.py:176} INFO - Processing /opt/airflow/dags/parallel_dag.py took 0.211 seconds
[2025-02-09T09:30:30.268+0000] {processor.py:154} INFO - Started process (PID=759) to work on /opt/airflow/dags/parallel_dag.py
[2025-02-09T09:30:30.269+0000] {processor.py:756} INFO - Processing file /opt/airflow/dags/parallel_dag.py for tasks to queue
[2025-02-09T09:30:30.271+0000] {logging_mixin.py:120} INFO - [2025-02-09T09:30:30.271+0000] {dagbag.py:537} INFO - Filling up the DagBag from /opt/airflow/dags/parallel_dag.py
[2025-02-09T09:30:30.302+0000] {processor.py:766} INFO - DAG(s) dict_keys(['parallel_dag']) retrieved from /opt/airflow/dags/parallel_dag.py
[2025-02-09T09:30:30.376+0000] {logging_mixin.py:120} INFO - [2025-02-09T09:30:30.376+0000] {dag.py:2585} INFO - Sync 1 DAGs
[2025-02-09T09:30:30.429+0000] {logging_mixin.py:120} INFO - [2025-02-09T09:30:30.429+0000] {dag.py:3340} INFO - Setting next_dagrun for parallel_dag to 2025-02-08T00:00:00+00:00, run_after=2025-02-09T00:00:00+00:00
[2025-02-09T09:30:30.460+0000] {processor.py:176} INFO - Processing /opt/airflow/dags/parallel_dag.py took 0.198 seconds
[2025-02-09T09:31:00.841+0000] {processor.py:154} INFO - Started process (PID=780) to work on /opt/airflow/dags/parallel_dag.py
[2025-02-09T09:31:00.842+0000] {processor.py:756} INFO - Processing file /opt/airflow/dags/parallel_dag.py for tasks to queue
[2025-02-09T09:31:00.844+0000] {logging_mixin.py:120} INFO - [2025-02-09T09:31:00.843+0000] {dagbag.py:537} INFO - Filling up the DagBag from /opt/airflow/dags/parallel_dag.py
[2025-02-09T09:31:00.881+0000] {processor.py:766} INFO - DAG(s) dict_keys(['parallel_dag']) retrieved from /opt/airflow/dags/parallel_dag.py
[2025-02-09T09:31:00.957+0000] {logging_mixin.py:120} INFO - [2025-02-09T09:31:00.957+0000] {dag.py:2585} INFO - Sync 1 DAGs
[2025-02-09T09:31:01.005+0000] {logging_mixin.py:120} INFO - [2025-02-09T09:31:01.005+0000] {dag.py:3340} INFO - Setting next_dagrun for parallel_dag to 2025-02-08T00:00:00+00:00, run_after=2025-02-09T00:00:00+00:00
[2025-02-09T09:31:01.045+0000] {processor.py:176} INFO - Processing /opt/airflow/dags/parallel_dag.py took 0.209 seconds
[2025-02-09T09:31:31.438+0000] {processor.py:154} INFO - Started process (PID=812) to work on /opt/airflow/dags/parallel_dag.py
[2025-02-09T09:31:31.439+0000] {processor.py:756} INFO - Processing file /opt/airflow/dags/parallel_dag.py for tasks to queue
[2025-02-09T09:31:31.440+0000] {logging_mixin.py:120} INFO - [2025-02-09T09:31:31.440+0000] {dagbag.py:537} INFO - Filling up the DagBag from /opt/airflow/dags/parallel_dag.py
[2025-02-09T09:31:31.478+0000] {processor.py:766} INFO - DAG(s) dict_keys(['parallel_dag']) retrieved from /opt/airflow/dags/parallel_dag.py
[2025-02-09T09:31:31.549+0000] {logging_mixin.py:120} INFO - [2025-02-09T09:31:31.548+0000] {dag.py:2585} INFO - Sync 1 DAGs
[2025-02-09T09:31:31.600+0000] {logging_mixin.py:120} INFO - [2025-02-09T09:31:31.600+0000] {dag.py:3340} INFO - Setting next_dagrun for parallel_dag to 2025-02-08T00:00:00+00:00, run_after=2025-02-09T00:00:00+00:00
[2025-02-09T09:31:31.632+0000] {processor.py:176} INFO - Processing /opt/airflow/dags/parallel_dag.py took 0.200 seconds
[2025-02-09T09:32:02.054+0000] {processor.py:154} INFO - Started process (PID=835) to work on /opt/airflow/dags/parallel_dag.py
[2025-02-09T09:32:02.056+0000] {processor.py:756} INFO - Processing file /opt/airflow/dags/parallel_dag.py for tasks to queue
[2025-02-09T09:32:02.059+0000] {logging_mixin.py:120} INFO - [2025-02-09T09:32:02.059+0000] {dagbag.py:537} INFO - Filling up the DagBag from /opt/airflow/dags/parallel_dag.py
[2025-02-09T09:32:02.098+0000] {processor.py:766} INFO - DAG(s) dict_keys(['parallel_dag']) retrieved from /opt/airflow/dags/parallel_dag.py
[2025-02-09T09:32:02.172+0000] {logging_mixin.py:120} INFO - [2025-02-09T09:32:02.172+0000] {dag.py:2585} INFO - Sync 1 DAGs
[2025-02-09T09:32:02.217+0000] {logging_mixin.py:120} INFO - [2025-02-09T09:32:02.217+0000] {dag.py:3340} INFO - Setting next_dagrun for parallel_dag to 2025-02-08T00:00:00+00:00, run_after=2025-02-09T00:00:00+00:00
[2025-02-09T09:32:02.258+0000] {processor.py:176} INFO - Processing /opt/airflow/dags/parallel_dag.py took 0.210 seconds
[2025-02-09T09:32:32.760+0000] {processor.py:154} INFO - Started process (PID=865) to work on /opt/airflow/dags/parallel_dag.py
[2025-02-09T09:32:32.761+0000] {processor.py:756} INFO - Processing file /opt/airflow/dags/parallel_dag.py for tasks to queue
[2025-02-09T09:32:32.763+0000] {logging_mixin.py:120} INFO - [2025-02-09T09:32:32.763+0000] {dagbag.py:537} INFO - Filling up the DagBag from /opt/airflow/dags/parallel_dag.py
[2025-02-09T09:32:32.798+0000] {processor.py:766} INFO - DAG(s) dict_keys(['parallel_dag']) retrieved from /opt/airflow/dags/parallel_dag.py
[2025-02-09T09:32:32.870+0000] {logging_mixin.py:120} INFO - [2025-02-09T09:32:32.869+0000] {dag.py:2585} INFO - Sync 1 DAGs
[2025-02-09T09:32:32.916+0000] {logging_mixin.py:120} INFO - [2025-02-09T09:32:32.916+0000] {dag.py:3340} INFO - Setting next_dagrun for parallel_dag to 2025-02-08T00:00:00+00:00, run_after=2025-02-09T00:00:00+00:00
[2025-02-09T09:32:32.952+0000] {processor.py:176} INFO - Processing /opt/airflow/dags/parallel_dag.py took 0.201 seconds
[2025-02-09T09:33:03.231+0000] {processor.py:154} INFO - Started process (PID=889) to work on /opt/airflow/dags/parallel_dag.py
[2025-02-09T09:33:03.232+0000] {processor.py:756} INFO - Processing file /opt/airflow/dags/parallel_dag.py for tasks to queue
[2025-02-09T09:33:03.233+0000] {logging_mixin.py:120} INFO - [2025-02-09T09:33:03.233+0000] {dagbag.py:537} INFO - Filling up the DagBag from /opt/airflow/dags/parallel_dag.py
[2025-02-09T09:33:03.266+0000] {processor.py:766} INFO - DAG(s) dict_keys(['parallel_dag']) retrieved from /opt/airflow/dags/parallel_dag.py
[2025-02-09T09:33:03.342+0000] {logging_mixin.py:120} INFO - [2025-02-09T09:33:03.342+0000] {dag.py:2585} INFO - Sync 1 DAGs
[2025-02-09T09:33:03.388+0000] {logging_mixin.py:120} INFO - [2025-02-09T09:33:03.387+0000] {dag.py:3340} INFO - Setting next_dagrun for parallel_dag to 2025-02-08T00:00:00+00:00, run_after=2025-02-09T00:00:00+00:00
[2025-02-09T09:33:03.418+0000] {processor.py:176} INFO - Processing /opt/airflow/dags/parallel_dag.py took 0.197 seconds
[2025-02-09T09:33:33.732+0000] {processor.py:154} INFO - Started process (PID=921) to work on /opt/airflow/dags/parallel_dag.py
[2025-02-09T09:33:33.733+0000] {processor.py:756} INFO - Processing file /opt/airflow/dags/parallel_dag.py for tasks to queue
[2025-02-09T09:33:33.734+0000] {logging_mixin.py:120} INFO - [2025-02-09T09:33:33.734+0000] {dagbag.py:537} INFO - Filling up the DagBag from /opt/airflow/dags/parallel_dag.py
[2025-02-09T09:33:33.769+0000] {processor.py:766} INFO - DAG(s) dict_keys(['parallel_dag']) retrieved from /opt/airflow/dags/parallel_dag.py
[2025-02-09T09:33:33.841+0000] {logging_mixin.py:120} INFO - [2025-02-09T09:33:33.841+0000] {dag.py:2585} INFO - Sync 1 DAGs
[2025-02-09T09:33:33.888+0000] {logging_mixin.py:120} INFO - [2025-02-09T09:33:33.888+0000] {dag.py:3340} INFO - Setting next_dagrun for parallel_dag to 2025-02-08T00:00:00+00:00, run_after=2025-02-09T00:00:00+00:00
[2025-02-09T09:33:33.921+0000] {processor.py:176} INFO - Processing /opt/airflow/dags/parallel_dag.py took 0.196 seconds
[2025-02-09T09:34:04.186+0000] {processor.py:154} INFO - Started process (PID=944) to work on /opt/airflow/dags/parallel_dag.py
[2025-02-09T09:34:04.188+0000] {processor.py:756} INFO - Processing file /opt/airflow/dags/parallel_dag.py for tasks to queue
[2025-02-09T09:34:04.191+0000] {logging_mixin.py:120} INFO - [2025-02-09T09:34:04.191+0000] {dagbag.py:537} INFO - Filling up the DagBag from /opt/airflow/dags/parallel_dag.py
[2025-02-09T09:34:04.230+0000] {processor.py:766} INFO - DAG(s) dict_keys(['parallel_dag']) retrieved from /opt/airflow/dags/parallel_dag.py
[2025-02-09T09:34:04.306+0000] {logging_mixin.py:120} INFO - [2025-02-09T09:34:04.306+0000] {dag.py:2585} INFO - Sync 1 DAGs
[2025-02-09T09:34:04.353+0000] {logging_mixin.py:120} INFO - [2025-02-09T09:34:04.353+0000] {dag.py:3340} INFO - Setting next_dagrun for parallel_dag to 2025-02-08T00:00:00+00:00, run_after=2025-02-09T00:00:00+00:00
[2025-02-09T09:34:04.386+0000] {processor.py:176} INFO - Processing /opt/airflow/dags/parallel_dag.py took 0.205 seconds
[2025-02-09T09:34:34.651+0000] {processor.py:154} INFO - Started process (PID=976) to work on /opt/airflow/dags/parallel_dag.py
[2025-02-09T09:34:34.653+0000] {processor.py:756} INFO - Processing file /opt/airflow/dags/parallel_dag.py for tasks to queue
[2025-02-09T09:34:34.654+0000] {logging_mixin.py:120} INFO - [2025-02-09T09:34:34.654+0000] {dagbag.py:537} INFO - Filling up the DagBag from /opt/airflow/dags/parallel_dag.py
[2025-02-09T09:34:34.687+0000] {processor.py:766} INFO - DAG(s) dict_keys(['parallel_dag']) retrieved from /opt/airflow/dags/parallel_dag.py
[2025-02-09T09:34:34.757+0000] {logging_mixin.py:120} INFO - [2025-02-09T09:34:34.756+0000] {dag.py:2585} INFO - Sync 1 DAGs
[2025-02-09T09:34:34.803+0000] {logging_mixin.py:120} INFO - [2025-02-09T09:34:34.803+0000] {dag.py:3340} INFO - Setting next_dagrun for parallel_dag to 2025-02-08T00:00:00+00:00, run_after=2025-02-09T00:00:00+00:00
[2025-02-09T09:34:34.834+0000] {processor.py:176} INFO - Processing /opt/airflow/dags/parallel_dag.py took 0.188 seconds
[2025-02-09T09:35:05.096+0000] {processor.py:154} INFO - Started process (PID=999) to work on /opt/airflow/dags/parallel_dag.py
[2025-02-09T09:35:05.097+0000] {processor.py:756} INFO - Processing file /opt/airflow/dags/parallel_dag.py for tasks to queue
[2025-02-09T09:35:05.099+0000] {logging_mixin.py:120} INFO - [2025-02-09T09:35:05.099+0000] {dagbag.py:537} INFO - Filling up the DagBag from /opt/airflow/dags/parallel_dag.py
[2025-02-09T09:35:05.134+0000] {processor.py:766} INFO - DAG(s) dict_keys(['parallel_dag']) retrieved from /opt/airflow/dags/parallel_dag.py
[2025-02-09T09:35:05.211+0000] {logging_mixin.py:120} INFO - [2025-02-09T09:35:05.211+0000] {dag.py:2585} INFO - Sync 1 DAGs
[2025-02-09T09:35:05.257+0000] {logging_mixin.py:120} INFO - [2025-02-09T09:35:05.257+0000] {dag.py:3340} INFO - Setting next_dagrun for parallel_dag to 2025-02-08T00:00:00+00:00, run_after=2025-02-09T00:00:00+00:00
[2025-02-09T09:35:05.292+0000] {processor.py:176} INFO - Processing /opt/airflow/dags/parallel_dag.py took 0.202 seconds
[2025-02-09T09:35:35.578+0000] {processor.py:154} INFO - Started process (PID=1031) to work on /opt/airflow/dags/parallel_dag.py
[2025-02-09T09:35:35.579+0000] {processor.py:756} INFO - Processing file /opt/airflow/dags/parallel_dag.py for tasks to queue
[2025-02-09T09:35:35.581+0000] {logging_mixin.py:120} INFO - [2025-02-09T09:35:35.580+0000] {dagbag.py:537} INFO - Filling up the DagBag from /opt/airflow/dags/parallel_dag.py
[2025-02-09T09:35:35.616+0000] {processor.py:766} INFO - DAG(s) dict_keys(['parallel_dag']) retrieved from /opt/airflow/dags/parallel_dag.py
[2025-02-09T09:35:35.687+0000] {logging_mixin.py:120} INFO - [2025-02-09T09:35:35.687+0000] {dag.py:2585} INFO - Sync 1 DAGs
[2025-02-09T09:35:35.743+0000] {logging_mixin.py:120} INFO - [2025-02-09T09:35:35.743+0000] {dag.py:3340} INFO - Setting next_dagrun for parallel_dag to 2025-02-08T00:00:00+00:00, run_after=2025-02-09T00:00:00+00:00
[2025-02-09T09:35:35.775+0000] {processor.py:176} INFO - Processing /opt/airflow/dags/parallel_dag.py took 0.203 seconds
[2025-02-09T09:36:06.052+0000] {processor.py:154} INFO - Started process (PID=1054) to work on /opt/airflow/dags/parallel_dag.py
[2025-02-09T09:36:06.053+0000] {processor.py:756} INFO - Processing file /opt/airflow/dags/parallel_dag.py for tasks to queue
[2025-02-09T09:36:06.055+0000] {logging_mixin.py:120} INFO - [2025-02-09T09:36:06.054+0000] {dagbag.py:537} INFO - Filling up the DagBag from /opt/airflow/dags/parallel_dag.py
[2025-02-09T09:36:06.087+0000] {processor.py:766} INFO - DAG(s) dict_keys(['parallel_dag']) retrieved from /opt/airflow/dags/parallel_dag.py
[2025-02-09T09:36:06.153+0000] {logging_mixin.py:120} INFO - [2025-02-09T09:36:06.153+0000] {dag.py:2585} INFO - Sync 1 DAGs
[2025-02-09T09:36:06.196+0000] {logging_mixin.py:120} INFO - [2025-02-09T09:36:06.195+0000] {dag.py:3340} INFO - Setting next_dagrun for parallel_dag to 2025-02-08T00:00:00+00:00, run_after=2025-02-09T00:00:00+00:00
[2025-02-09T09:36:06.225+0000] {processor.py:176} INFO - Processing /opt/airflow/dags/parallel_dag.py took 0.179 seconds
[2025-02-09T09:36:36.506+0000] {processor.py:154} INFO - Started process (PID=1086) to work on /opt/airflow/dags/parallel_dag.py
[2025-02-09T09:36:36.507+0000] {processor.py:756} INFO - Processing file /opt/airflow/dags/parallel_dag.py for tasks to queue
[2025-02-09T09:36:36.509+0000] {logging_mixin.py:120} INFO - [2025-02-09T09:36:36.508+0000] {dagbag.py:537} INFO - Filling up the DagBag from /opt/airflow/dags/parallel_dag.py
[2025-02-09T09:36:36.539+0000] {processor.py:766} INFO - DAG(s) dict_keys(['parallel_dag']) retrieved from /opt/airflow/dags/parallel_dag.py
[2025-02-09T09:36:36.604+0000] {logging_mixin.py:120} INFO - [2025-02-09T09:36:36.603+0000] {dag.py:2585} INFO - Sync 1 DAGs
[2025-02-09T09:36:36.647+0000] {logging_mixin.py:120} INFO - [2025-02-09T09:36:36.647+0000] {dag.py:3340} INFO - Setting next_dagrun for parallel_dag to 2025-02-08T00:00:00+00:00, run_after=2025-02-09T00:00:00+00:00
[2025-02-09T09:36:36.676+0000] {processor.py:176} INFO - Processing /opt/airflow/dags/parallel_dag.py took 0.175 seconds
[2025-02-09T09:37:06.931+0000] {processor.py:154} INFO - Started process (PID=1118) to work on /opt/airflow/dags/parallel_dag.py
[2025-02-09T09:37:06.932+0000] {processor.py:756} INFO - Processing file /opt/airflow/dags/parallel_dag.py for tasks to queue
[2025-02-09T09:37:06.934+0000] {logging_mixin.py:120} INFO - [2025-02-09T09:37:06.933+0000] {dagbag.py:537} INFO - Filling up the DagBag from /opt/airflow/dags/parallel_dag.py
[2025-02-09T09:37:06.968+0000] {processor.py:766} INFO - DAG(s) dict_keys(['parallel_dag']) retrieved from /opt/airflow/dags/parallel_dag.py
[2025-02-09T09:37:07.034+0000] {logging_mixin.py:120} INFO - [2025-02-09T09:37:07.033+0000] {dag.py:2585} INFO - Sync 1 DAGs
[2025-02-09T09:37:07.077+0000] {logging_mixin.py:120} INFO - [2025-02-09T09:37:07.076+0000] {dag.py:3340} INFO - Setting next_dagrun for parallel_dag to 2025-02-08T00:00:00+00:00, run_after=2025-02-09T00:00:00+00:00
[2025-02-09T09:37:07.109+0000] {processor.py:176} INFO - Processing /opt/airflow/dags/parallel_dag.py took 0.184 seconds
[2025-02-09T09:37:37.434+0000] {processor.py:154} INFO - Started process (PID=1141) to work on /opt/airflow/dags/parallel_dag.py
[2025-02-09T09:37:37.435+0000] {processor.py:756} INFO - Processing file /opt/airflow/dags/parallel_dag.py for tasks to queue
[2025-02-09T09:37:37.436+0000] {logging_mixin.py:120} INFO - [2025-02-09T09:37:37.436+0000] {dagbag.py:537} INFO - Filling up the DagBag from /opt/airflow/dags/parallel_dag.py
[2025-02-09T09:37:37.467+0000] {processor.py:766} INFO - DAG(s) dict_keys(['parallel_dag']) retrieved from /opt/airflow/dags/parallel_dag.py
[2025-02-09T09:37:37.532+0000] {logging_mixin.py:120} INFO - [2025-02-09T09:37:37.532+0000] {dag.py:2585} INFO - Sync 1 DAGs
[2025-02-09T09:37:37.576+0000] {logging_mixin.py:120} INFO - [2025-02-09T09:37:37.576+0000] {dag.py:3340} INFO - Setting next_dagrun for parallel_dag to 2025-02-08T00:00:00+00:00, run_after=2025-02-09T00:00:00+00:00
[2025-02-09T09:37:37.604+0000] {processor.py:176} INFO - Processing /opt/airflow/dags/parallel_dag.py took 0.175 seconds
[2025-02-09T09:38:07.885+0000] {processor.py:154} INFO - Started process (PID=1173) to work on /opt/airflow/dags/parallel_dag.py
[2025-02-09T09:38:07.886+0000] {processor.py:756} INFO - Processing file /opt/airflow/dags/parallel_dag.py for tasks to queue
[2025-02-09T09:38:07.887+0000] {logging_mixin.py:120} INFO - [2025-02-09T09:38:07.887+0000] {dagbag.py:537} INFO - Filling up the DagBag from /opt/airflow/dags/parallel_dag.py
[2025-02-09T09:38:07.920+0000] {processor.py:766} INFO - DAG(s) dict_keys(['parallel_dag']) retrieved from /opt/airflow/dags/parallel_dag.py
[2025-02-09T09:38:07.985+0000] {logging_mixin.py:120} INFO - [2025-02-09T09:38:07.985+0000] {dag.py:2585} INFO - Sync 1 DAGs
[2025-02-09T09:38:08.028+0000] {logging_mixin.py:120} INFO - [2025-02-09T09:38:08.027+0000] {dag.py:3340} INFO - Setting next_dagrun for parallel_dag to 2025-02-08T00:00:00+00:00, run_after=2025-02-09T00:00:00+00:00
[2025-02-09T09:38:08.060+0000] {processor.py:176} INFO - Processing /opt/airflow/dags/parallel_dag.py took 0.181 seconds
[2025-02-09T09:38:38.321+0000] {processor.py:154} INFO - Started process (PID=1196) to work on /opt/airflow/dags/parallel_dag.py
[2025-02-09T09:38:38.322+0000] {processor.py:756} INFO - Processing file /opt/airflow/dags/parallel_dag.py for tasks to queue
[2025-02-09T09:38:38.324+0000] {logging_mixin.py:120} INFO - [2025-02-09T09:38:38.324+0000] {dagbag.py:537} INFO - Filling up the DagBag from /opt/airflow/dags/parallel_dag.py
[2025-02-09T09:38:38.359+0000] {processor.py:766} INFO - DAG(s) dict_keys(['parallel_dag']) retrieved from /opt/airflow/dags/parallel_dag.py
[2025-02-09T09:38:38.426+0000] {logging_mixin.py:120} INFO - [2025-02-09T09:38:38.426+0000] {dag.py:2585} INFO - Sync 1 DAGs
[2025-02-09T09:38:38.470+0000] {logging_mixin.py:120} INFO - [2025-02-09T09:38:38.469+0000] {dag.py:3340} INFO - Setting next_dagrun for parallel_dag to 2025-02-08T00:00:00+00:00, run_after=2025-02-09T00:00:00+00:00
[2025-02-09T09:38:38.503+0000] {processor.py:176} INFO - Processing /opt/airflow/dags/parallel_dag.py took 0.187 seconds
