[2025-02-12T08:30:39.719+0000] {taskinstance.py:1165} INFO - Dependencies all met for <TaskInstance: consumer.read_dateset dataset_triggered__2025-02-12T08:30:37.024299+00:00 [queued]>
[2025-02-12T08:30:39.754+0000] {taskinstance.py:1165} INFO - Dependencies all met for <TaskInstance: consumer.read_dateset dataset_triggered__2025-02-12T08:30:37.024299+00:00 [queued]>
[2025-02-12T08:30:39.755+0000] {taskinstance.py:1362} INFO - 
--------------------------------------------------------------------------------
[2025-02-12T08:30:39.756+0000] {taskinstance.py:1363} INFO - Starting attempt 1 of 1
[2025-02-12T08:30:39.757+0000] {taskinstance.py:1364} INFO - 
--------------------------------------------------------------------------------
[2025-02-12T08:30:39.802+0000] {taskinstance.py:1383} INFO - Executing <Task(_PythonDecoratedOperator): read_dateset> on 2025-02-12 08:30:37.024299+00:00
[2025-02-12T08:30:39.814+0000] {standard_task_runner.py:55} INFO - Started process 255 to run task
[2025-02-12T08:30:39.823+0000] {standard_task_runner.py:82} INFO - Running: ['***', 'tasks', 'run', 'consumer', 'read_dateset', 'dataset_triggered__2025-02-12T08:30:37.024299+00:00', '--job-id', '120', '--raw', '--subdir', 'DAGS_FOLDER/consumer.py', '--cfg-path', '/tmp/tmpgyzjtuv3']
[2025-02-12T08:30:39.825+0000] {standard_task_runner.py:83} INFO - Job 120: Subtask read_dateset
[2025-02-12T08:30:40.166+0000] {task_command.py:376} INFO - Running <TaskInstance: consumer.read_dateset dataset_triggered__2025-02-12T08:30:37.024299+00:00 [running]> on host bb70ba7cbe58
[2025-02-12T08:30:40.413+0000] {taskinstance.py:1592} INFO - Exporting the following env vars:
AIRFLOW_CTX_DAG_OWNER=***
AIRFLOW_CTX_DAG_ID=consumer
AIRFLOW_CTX_TASK_ID=read_dateset
AIRFLOW_CTX_EXECUTION_DATE=2025-02-12T08:30:37.024299+00:00
AIRFLOW_CTX_TRY_NUMBER=1
AIRFLOW_CTX_DAG_RUN_ID=dataset_triggered__2025-02-12T08:30:37.024299+00:00
[2025-02-12T08:30:40.417+0000] {logging_mixin.py:120} INFO - producer update
[2025-02-12T08:30:40.440+0000] {python.py:177} INFO - Done. Returned value was: None
[2025-02-12T08:30:40.507+0000] {taskinstance.py:1406} INFO - Marking task as SUCCESS. dag_id=consumer, task_id=read_dateset, execution_date=20250212T083037, start_date=20250212T083039, end_date=20250212T083040
[2025-02-12T08:30:40.648+0000] {local_task_job.py:164} INFO - Task exited with return code 0
[2025-02-12T08:30:40.870+0000] {local_task_job.py:273} INFO - 0 downstream tasks scheduled from follow-on schedule check
