[2025-02-04T06:44:04.568+0000] {taskinstance.py:1165} INFO - Dependencies all met for <TaskInstance: user_processing.process_user manual__2025-02-04T06:43:50.293731+00:00 [queued]>
[2025-02-04T06:44:04.587+0000] {taskinstance.py:1165} INFO - Dependencies all met for <TaskInstance: user_processing.process_user manual__2025-02-04T06:43:50.293731+00:00 [queued]>
[2025-02-04T06:44:04.588+0000] {taskinstance.py:1362} INFO - 
--------------------------------------------------------------------------------
[2025-02-04T06:44:04.588+0000] {taskinstance.py:1363} INFO - Starting attempt 1 of 1
[2025-02-04T06:44:04.588+0000] {taskinstance.py:1364} INFO - 
--------------------------------------------------------------------------------
[2025-02-04T06:44:04.624+0000] {taskinstance.py:1383} INFO - Executing <Task(PythonOperator): process_user> on 2025-02-04 06:43:50.293731+00:00
[2025-02-04T06:44:04.636+0000] {standard_task_runner.py:55} INFO - Started process 7086 to run task
[2025-02-04T06:44:04.643+0000] {standard_task_runner.py:82} INFO - Running: ['***', 'tasks', 'run', 'user_processing', 'process_user', 'manual__2025-02-04T06:43:50.293731+00:00', '--job-id', '20', '--raw', '--subdir', 'DAGS_FOLDER/user_processing.py', '--cfg-path', '/tmp/tmpzjb4t9zw']
[2025-02-04T06:44:04.647+0000] {standard_task_runner.py:83} INFO - Job 20: Subtask process_user
[2025-02-04T06:44:04.776+0000] {task_command.py:376} INFO - Running <TaskInstance: user_processing.process_user manual__2025-02-04T06:43:50.293731+00:00 [running]> on host fb1f760c5ca3
[2025-02-04T06:44:04.911+0000] {taskinstance.py:1592} INFO - Exporting the following env vars:
AIRFLOW_CTX_DAG_OWNER=***
AIRFLOW_CTX_DAG_ID=user_processing
AIRFLOW_CTX_TASK_ID=process_user
AIRFLOW_CTX_EXECUTION_DATE=2025-02-04T06:43:50.293731+00:00
AIRFLOW_CTX_TRY_NUMBER=1
AIRFLOW_CTX_DAG_RUN_ID=manual__2025-02-04T06:43:50.293731+00:00
[2025-02-04T06:44:05.038+0000] {python.py:177} INFO - Done. Returned value was: None
[2025-02-04T06:44:05.072+0000] {taskinstance.py:1406} INFO - Marking task as SUCCESS. dag_id=user_processing, task_id=process_user, execution_date=20250204T064350, start_date=20250204T064404, end_date=20250204T064405
[2025-02-04T06:44:05.220+0000] {local_task_job.py:164} INFO - Task exited with return code 0
[2025-02-04T06:44:05.290+0000] {local_task_job.py:273} INFO - 1 downstream tasks scheduled from follow-on schedule check
