[2025-02-12T07:05:43.335+0000] {processor.py:154} INFO - Started process (PID=54) to work on /opt/airflow/dags/subdags/subdag_transforms.py
[2025-02-12T07:05:43.339+0000] {processor.py:756} INFO - Processing file /opt/airflow/dags/subdags/subdag_transforms.py for tasks to queue
[2025-02-12T07:05:43.342+0000] {logging_mixin.py:120} INFO - [2025-02-12T07:05:43.342+0000] {dagbag.py:537} INFO - Filling up the DagBag from /opt/airflow/dags/subdags/subdag_transforms.py
[2025-02-12T07:05:43.454+0000] {processor.py:768} WARNING - No viable dags retrieved from /opt/airflow/dags/subdags/subdag_transforms.py
[2025-02-12T07:05:43.534+0000] {processor.py:176} INFO - Processing /opt/airflow/dags/subdags/subdag_transforms.py took 0.218 seconds
[2025-02-12T07:06:14.107+0000] {processor.py:154} INFO - Started process (PID=80) to work on /opt/airflow/dags/subdags/subdag_transforms.py
[2025-02-12T07:06:14.114+0000] {processor.py:756} INFO - Processing file /opt/airflow/dags/subdags/subdag_transforms.py for tasks to queue
[2025-02-12T07:06:14.116+0000] {logging_mixin.py:120} INFO - [2025-02-12T07:06:14.115+0000] {dagbag.py:537} INFO - Filling up the DagBag from /opt/airflow/dags/subdags/subdag_transforms.py
[2025-02-12T07:06:14.137+0000] {processor.py:768} WARNING - No viable dags retrieved from /opt/airflow/dags/subdags/subdag_transforms.py
[2025-02-12T07:06:14.179+0000] {processor.py:176} INFO - Processing /opt/airflow/dags/subdags/subdag_transforms.py took 0.092 seconds
[2025-02-12T07:06:44.941+0000] {processor.py:154} INFO - Started process (PID=107) to work on /opt/airflow/dags/subdags/subdag_transforms.py
[2025-02-12T07:06:44.943+0000] {processor.py:756} INFO - Processing file /opt/airflow/dags/subdags/subdag_transforms.py for tasks to queue
[2025-02-12T07:06:44.945+0000] {logging_mixin.py:120} INFO - [2025-02-12T07:06:44.944+0000] {dagbag.py:537} INFO - Filling up the DagBag from /opt/airflow/dags/subdags/subdag_transforms.py
[2025-02-12T07:06:44.958+0000] {processor.py:768} WARNING - No viable dags retrieved from /opt/airflow/dags/subdags/subdag_transforms.py
[2025-02-12T07:06:44.988+0000] {processor.py:176} INFO - Processing /opt/airflow/dags/subdags/subdag_transforms.py took 0.052 seconds
[2025-02-12T07:07:15.705+0000] {processor.py:154} INFO - Started process (PID=140) to work on /opt/airflow/dags/subdags/subdag_transforms.py
[2025-02-12T07:07:15.708+0000] {processor.py:756} INFO - Processing file /opt/airflow/dags/subdags/subdag_transforms.py for tasks to queue
[2025-02-12T07:07:15.711+0000] {logging_mixin.py:120} INFO - [2025-02-12T07:07:15.710+0000] {dagbag.py:537} INFO - Filling up the DagBag from /opt/airflow/dags/subdags/subdag_transforms.py
[2025-02-12T07:07:15.737+0000] {processor.py:768} WARNING - No viable dags retrieved from /opt/airflow/dags/subdags/subdag_transforms.py
[2025-02-12T07:07:15.823+0000] {processor.py:176} INFO - Processing /opt/airflow/dags/subdags/subdag_transforms.py took 0.130 seconds
[2025-02-12T07:07:46.091+0000] {processor.py:154} INFO - Started process (PID=167) to work on /opt/airflow/dags/subdags/subdag_transforms.py
[2025-02-12T07:07:46.093+0000] {processor.py:756} INFO - Processing file /opt/airflow/dags/subdags/subdag_transforms.py for tasks to queue
[2025-02-12T07:07:46.095+0000] {logging_mixin.py:120} INFO - [2025-02-12T07:07:46.095+0000] {dagbag.py:537} INFO - Filling up the DagBag from /opt/airflow/dags/subdags/subdag_transforms.py
[2025-02-12T07:07:46.120+0000] {processor.py:768} WARNING - No viable dags retrieved from /opt/airflow/dags/subdags/subdag_transforms.py
[2025-02-12T07:07:46.160+0000] {processor.py:176} INFO - Processing /opt/airflow/dags/subdags/subdag_transforms.py took 0.077 seconds
[2025-02-12T07:08:08.099+0000] {processor.py:154} INFO - Started process (PID=193) to work on /opt/airflow/dags/subdags/subdag_transforms.py
[2025-02-12T07:08:08.101+0000] {processor.py:756} INFO - Processing file /opt/airflow/dags/subdags/subdag_transforms.py for tasks to queue
[2025-02-12T07:08:08.103+0000] {logging_mixin.py:120} INFO - [2025-02-12T07:08:08.102+0000] {dagbag.py:537} INFO - Filling up the DagBag from /opt/airflow/dags/subdags/subdag_transforms.py
[2025-02-12T07:08:08.127+0000] {processor.py:768} WARNING - No viable dags retrieved from /opt/airflow/dags/subdags/subdag_transforms.py
[2025-02-12T07:08:08.165+0000] {processor.py:176} INFO - Processing /opt/airflow/dags/subdags/subdag_transforms.py took 0.073 seconds
[2025-02-12T07:08:38.194+0000] {processor.py:154} INFO - Started process (PID=219) to work on /opt/airflow/dags/subdags/subdag_transforms.py
[2025-02-12T07:08:38.196+0000] {processor.py:756} INFO - Processing file /opt/airflow/dags/subdags/subdag_transforms.py for tasks to queue
[2025-02-12T07:08:38.197+0000] {logging_mixin.py:120} INFO - [2025-02-12T07:08:38.197+0000] {dagbag.py:537} INFO - Filling up the DagBag from /opt/airflow/dags/subdags/subdag_transforms.py
[2025-02-12T07:08:38.210+0000] {processor.py:768} WARNING - No viable dags retrieved from /opt/airflow/dags/subdags/subdag_transforms.py
[2025-02-12T07:08:38.248+0000] {processor.py:176} INFO - Processing /opt/airflow/dags/subdags/subdag_transforms.py took 0.060 seconds
[2025-02-12T07:10:20.782+0000] {processor.py:154} INFO - Started process (PID=56) to work on /opt/airflow/dags/subdags/subdag_transforms.py
[2025-02-12T07:10:20.785+0000] {processor.py:756} INFO - Processing file /opt/airflow/dags/subdags/subdag_transforms.py for tasks to queue
[2025-02-12T07:10:20.788+0000] {logging_mixin.py:120} INFO - [2025-02-12T07:10:20.788+0000] {dagbag.py:537} INFO - Filling up the DagBag from /opt/airflow/dags/subdags/subdag_transforms.py
[2025-02-12T07:10:20.868+0000] {processor.py:768} WARNING - No viable dags retrieved from /opt/airflow/dags/subdags/subdag_transforms.py
[2025-02-12T07:10:20.945+0000] {processor.py:176} INFO - Processing /opt/airflow/dags/subdags/subdag_transforms.py took 0.171 seconds
[2025-02-12T07:10:51.303+0000] {processor.py:154} INFO - Started process (PID=81) to work on /opt/airflow/dags/subdags/subdag_transforms.py
[2025-02-12T07:10:51.308+0000] {processor.py:756} INFO - Processing file /opt/airflow/dags/subdags/subdag_transforms.py for tasks to queue
[2025-02-12T07:10:51.309+0000] {logging_mixin.py:120} INFO - [2025-02-12T07:10:51.309+0000] {dagbag.py:537} INFO - Filling up the DagBag from /opt/airflow/dags/subdags/subdag_transforms.py
[2025-02-12T07:10:51.385+0000] {processor.py:768} WARNING - No viable dags retrieved from /opt/airflow/dags/subdags/subdag_transforms.py
[2025-02-12T07:10:51.495+0000] {processor.py:176} INFO - Processing /opt/airflow/dags/subdags/subdag_transforms.py took 0.201 seconds
[2025-02-12T07:11:21.699+0000] {processor.py:154} INFO - Started process (PID=115) to work on /opt/airflow/dags/subdags/subdag_transforms.py
[2025-02-12T07:11:21.702+0000] {processor.py:756} INFO - Processing file /opt/airflow/dags/subdags/subdag_transforms.py for tasks to queue
[2025-02-12T07:11:21.704+0000] {logging_mixin.py:120} INFO - [2025-02-12T07:11:21.704+0000] {dagbag.py:537} INFO - Filling up the DagBag from /opt/airflow/dags/subdags/subdag_transforms.py
[2025-02-12T07:11:21.728+0000] {processor.py:768} WARNING - No viable dags retrieved from /opt/airflow/dags/subdags/subdag_transforms.py
[2025-02-12T07:11:21.763+0000] {processor.py:176} INFO - Processing /opt/airflow/dags/subdags/subdag_transforms.py took 0.078 seconds
[2025-02-12T07:11:52.035+0000] {processor.py:154} INFO - Started process (PID=142) to work on /opt/airflow/dags/subdags/subdag_transforms.py
[2025-02-12T07:11:52.037+0000] {processor.py:756} INFO - Processing file /opt/airflow/dags/subdags/subdag_transforms.py for tasks to queue
[2025-02-12T07:11:52.038+0000] {logging_mixin.py:120} INFO - [2025-02-12T07:11:52.038+0000] {dagbag.py:537} INFO - Filling up the DagBag from /opt/airflow/dags/subdags/subdag_transforms.py
[2025-02-12T07:11:52.057+0000] {processor.py:768} WARNING - No viable dags retrieved from /opt/airflow/dags/subdags/subdag_transforms.py
[2025-02-12T07:11:52.118+0000] {processor.py:176} INFO - Processing /opt/airflow/dags/subdags/subdag_transforms.py took 0.095 seconds
[2025-02-12T07:12:23.164+0000] {processor.py:154} INFO - Started process (PID=169) to work on /opt/airflow/dags/subdags/subdag_transforms.py
[2025-02-12T07:12:23.172+0000] {processor.py:756} INFO - Processing file /opt/airflow/dags/subdags/subdag_transforms.py for tasks to queue
[2025-02-12T07:12:23.176+0000] {logging_mixin.py:120} INFO - [2025-02-12T07:12:23.175+0000] {dagbag.py:537} INFO - Filling up the DagBag from /opt/airflow/dags/subdags/subdag_transforms.py
[2025-02-12T07:12:23.233+0000] {processor.py:768} WARNING - No viable dags retrieved from /opt/airflow/dags/subdags/subdag_transforms.py
[2025-02-12T07:12:23.349+0000] {processor.py:176} INFO - Processing /opt/airflow/dags/subdags/subdag_transforms.py took 0.195 seconds
[2025-02-12T07:12:53.844+0000] {processor.py:154} INFO - Started process (PID=203) to work on /opt/airflow/dags/subdags/subdag_transforms.py
[2025-02-12T07:12:53.845+0000] {processor.py:756} INFO - Processing file /opt/airflow/dags/subdags/subdag_transforms.py for tasks to queue
[2025-02-12T07:12:53.851+0000] {logging_mixin.py:120} INFO - [2025-02-12T07:12:53.851+0000] {dagbag.py:537} INFO - Filling up the DagBag from /opt/airflow/dags/subdags/subdag_transforms.py
[2025-02-12T07:12:53.863+0000] {processor.py:768} WARNING - No viable dags retrieved from /opt/airflow/dags/subdags/subdag_transforms.py
[2025-02-12T07:12:53.896+0000] {processor.py:176} INFO - Processing /opt/airflow/dags/subdags/subdag_transforms.py took 0.059 seconds
[2025-02-12T07:13:24.302+0000] {processor.py:154} INFO - Started process (PID=229) to work on /opt/airflow/dags/subdags/subdag_transforms.py
[2025-02-12T07:13:24.305+0000] {processor.py:756} INFO - Processing file /opt/airflow/dags/subdags/subdag_transforms.py for tasks to queue
[2025-02-12T07:13:24.307+0000] {logging_mixin.py:120} INFO - [2025-02-12T07:13:24.307+0000] {dagbag.py:537} INFO - Filling up the DagBag from /opt/airflow/dags/subdags/subdag_transforms.py
[2025-02-12T07:13:24.324+0000] {processor.py:768} WARNING - No viable dags retrieved from /opt/airflow/dags/subdags/subdag_transforms.py
[2025-02-12T07:13:24.379+0000] {processor.py:176} INFO - Processing /opt/airflow/dags/subdags/subdag_transforms.py took 0.088 seconds
[2025-02-12T07:13:54.473+0000] {processor.py:154} INFO - Started process (PID=264) to work on /opt/airflow/dags/subdags/subdag_transforms.py
[2025-02-12T07:13:54.476+0000] {processor.py:756} INFO - Processing file /opt/airflow/dags/subdags/subdag_transforms.py for tasks to queue
[2025-02-12T07:13:54.477+0000] {logging_mixin.py:120} INFO - [2025-02-12T07:13:54.477+0000] {dagbag.py:537} INFO - Filling up the DagBag from /opt/airflow/dags/subdags/subdag_transforms.py
[2025-02-12T07:13:54.488+0000] {processor.py:768} WARNING - No viable dags retrieved from /opt/airflow/dags/subdags/subdag_transforms.py
[2025-02-12T07:13:54.515+0000] {processor.py:176} INFO - Processing /opt/airflow/dags/subdags/subdag_transforms.py took 0.048 seconds
[2025-02-12T07:14:24.559+0000] {processor.py:154} INFO - Started process (PID=290) to work on /opt/airflow/dags/subdags/subdag_transforms.py
[2025-02-12T07:14:24.561+0000] {processor.py:756} INFO - Processing file /opt/airflow/dags/subdags/subdag_transforms.py for tasks to queue
[2025-02-12T07:14:24.562+0000] {logging_mixin.py:120} INFO - [2025-02-12T07:14:24.562+0000] {dagbag.py:537} INFO - Filling up the DagBag from /opt/airflow/dags/subdags/subdag_transforms.py
[2025-02-12T07:14:24.572+0000] {processor.py:768} WARNING - No viable dags retrieved from /opt/airflow/dags/subdags/subdag_transforms.py
[2025-02-12T07:14:24.598+0000] {processor.py:176} INFO - Processing /opt/airflow/dags/subdags/subdag_transforms.py took 0.043 seconds
[2025-02-12T07:14:55.500+0000] {processor.py:154} INFO - Started process (PID=323) to work on /opt/airflow/dags/subdags/subdag_transforms.py
[2025-02-12T07:14:55.502+0000] {processor.py:756} INFO - Processing file /opt/airflow/dags/subdags/subdag_transforms.py for tasks to queue
[2025-02-12T07:14:55.503+0000] {logging_mixin.py:120} INFO - [2025-02-12T07:14:55.503+0000] {dagbag.py:537} INFO - Filling up the DagBag from /opt/airflow/dags/subdags/subdag_transforms.py
[2025-02-12T07:14:55.515+0000] {processor.py:768} WARNING - No viable dags retrieved from /opt/airflow/dags/subdags/subdag_transforms.py
[2025-02-12T07:14:55.545+0000] {processor.py:176} INFO - Processing /opt/airflow/dags/subdags/subdag_transforms.py took 0.050 seconds
[2025-02-12T07:15:26.557+0000] {processor.py:154} INFO - Started process (PID=351) to work on /opt/airflow/dags/subdags/subdag_transforms.py
[2025-02-12T07:15:26.564+0000] {processor.py:756} INFO - Processing file /opt/airflow/dags/subdags/subdag_transforms.py for tasks to queue
[2025-02-12T07:15:26.569+0000] {logging_mixin.py:120} INFO - [2025-02-12T07:15:26.569+0000] {dagbag.py:537} INFO - Filling up the DagBag from /opt/airflow/dags/subdags/subdag_transforms.py
[2025-02-12T07:15:26.626+0000] {processor.py:768} WARNING - No viable dags retrieved from /opt/airflow/dags/subdags/subdag_transforms.py
[2025-02-12T07:15:26.694+0000] {processor.py:176} INFO - Processing /opt/airflow/dags/subdags/subdag_transforms.py took 0.157 seconds
[2025-02-12T07:15:56.774+0000] {processor.py:154} INFO - Started process (PID=377) to work on /opt/airflow/dags/subdags/subdag_transforms.py
[2025-02-12T07:15:56.776+0000] {processor.py:756} INFO - Processing file /opt/airflow/dags/subdags/subdag_transforms.py for tasks to queue
[2025-02-12T07:15:56.777+0000] {logging_mixin.py:120} INFO - [2025-02-12T07:15:56.777+0000] {dagbag.py:537} INFO - Filling up the DagBag from /opt/airflow/dags/subdags/subdag_transforms.py
[2025-02-12T07:15:56.793+0000] {processor.py:768} WARNING - No viable dags retrieved from /opt/airflow/dags/subdags/subdag_transforms.py
[2025-02-12T07:15:56.826+0000] {processor.py:176} INFO - Processing /opt/airflow/dags/subdags/subdag_transforms.py took 0.059 seconds
[2025-02-12T07:16:26.902+0000] {processor.py:154} INFO - Started process (PID=411) to work on /opt/airflow/dags/subdags/subdag_transforms.py
[2025-02-12T07:16:26.904+0000] {processor.py:756} INFO - Processing file /opt/airflow/dags/subdags/subdag_transforms.py for tasks to queue
[2025-02-12T07:16:26.905+0000] {logging_mixin.py:120} INFO - [2025-02-12T07:16:26.905+0000] {dagbag.py:537} INFO - Filling up the DagBag from /opt/airflow/dags/subdags/subdag_transforms.py
[2025-02-12T07:16:26.920+0000] {processor.py:768} WARNING - No viable dags retrieved from /opt/airflow/dags/subdags/subdag_transforms.py
[2025-02-12T07:16:26.959+0000] {processor.py:176} INFO - Processing /opt/airflow/dags/subdags/subdag_transforms.py took 0.064 seconds
[2025-02-12T07:16:57.045+0000] {processor.py:154} INFO - Started process (PID=436) to work on /opt/airflow/dags/subdags/subdag_transforms.py
[2025-02-12T07:16:57.046+0000] {processor.py:756} INFO - Processing file /opt/airflow/dags/subdags/subdag_transforms.py for tasks to queue
[2025-02-12T07:16:57.048+0000] {logging_mixin.py:120} INFO - [2025-02-12T07:16:57.047+0000] {dagbag.py:537} INFO - Filling up the DagBag from /opt/airflow/dags/subdags/subdag_transforms.py
[2025-02-12T07:16:57.061+0000] {processor.py:768} WARNING - No viable dags retrieved from /opt/airflow/dags/subdags/subdag_transforms.py
[2025-02-12T07:16:57.095+0000] {processor.py:176} INFO - Processing /opt/airflow/dags/subdags/subdag_transforms.py took 0.056 seconds
[2025-02-12T07:17:26.789+0000] {processor.py:154} INFO - Started process (PID=462) to work on /opt/airflow/dags/subdags/subdag_transforms.py
[2025-02-12T07:17:26.790+0000] {processor.py:756} INFO - Processing file /opt/airflow/dags/subdags/subdag_transforms.py for tasks to queue
[2025-02-12T07:17:26.792+0000] {logging_mixin.py:120} INFO - [2025-02-12T07:17:26.791+0000] {dagbag.py:537} INFO - Filling up the DagBag from /opt/airflow/dags/subdags/subdag_transforms.py
[2025-02-12T07:17:26.811+0000] {processor.py:768} WARNING - No viable dags retrieved from /opt/airflow/dags/subdags/subdag_transforms.py
[2025-02-12T07:17:26.842+0000] {processor.py:176} INFO - Processing /opt/airflow/dags/subdags/subdag_transforms.py took 0.058 seconds
[2025-02-12T07:17:57.149+0000] {processor.py:154} INFO - Started process (PID=496) to work on /opt/airflow/dags/subdags/subdag_transforms.py
[2025-02-12T07:17:57.152+0000] {processor.py:756} INFO - Processing file /opt/airflow/dags/subdags/subdag_transforms.py for tasks to queue
[2025-02-12T07:17:57.157+0000] {logging_mixin.py:120} INFO - [2025-02-12T07:17:57.157+0000] {dagbag.py:537} INFO - Filling up the DagBag from /opt/airflow/dags/subdags/subdag_transforms.py
[2025-02-12T07:17:57.175+0000] {processor.py:768} WARNING - No viable dags retrieved from /opt/airflow/dags/subdags/subdag_transforms.py
[2025-02-12T07:17:57.211+0000] {processor.py:176} INFO - Processing /opt/airflow/dags/subdags/subdag_transforms.py took 0.070 seconds
[2025-02-12T07:18:27.338+0000] {processor.py:154} INFO - Started process (PID=534) to work on /opt/airflow/dags/subdags/subdag_transforms.py
[2025-02-12T07:18:27.339+0000] {processor.py:756} INFO - Processing file /opt/airflow/dags/subdags/subdag_transforms.py for tasks to queue
[2025-02-12T07:18:27.341+0000] {logging_mixin.py:120} INFO - [2025-02-12T07:18:27.341+0000] {dagbag.py:537} INFO - Filling up the DagBag from /opt/airflow/dags/subdags/subdag_transforms.py
[2025-02-12T07:18:27.352+0000] {processor.py:768} WARNING - No viable dags retrieved from /opt/airflow/dags/subdags/subdag_transforms.py
[2025-02-12T07:18:27.381+0000] {processor.py:176} INFO - Processing /opt/airflow/dags/subdags/subdag_transforms.py took 0.049 seconds
[2025-02-12T07:18:57.628+0000] {processor.py:154} INFO - Started process (PID=572) to work on /opt/airflow/dags/subdags/subdag_transforms.py
[2025-02-12T07:18:57.630+0000] {processor.py:756} INFO - Processing file /opt/airflow/dags/subdags/subdag_transforms.py for tasks to queue
[2025-02-12T07:18:57.631+0000] {logging_mixin.py:120} INFO - [2025-02-12T07:18:57.631+0000] {dagbag.py:537} INFO - Filling up the DagBag from /opt/airflow/dags/subdags/subdag_transforms.py
[2025-02-12T07:18:57.642+0000] {processor.py:768} WARNING - No viable dags retrieved from /opt/airflow/dags/subdags/subdag_transforms.py
[2025-02-12T07:18:57.669+0000] {processor.py:176} INFO - Processing /opt/airflow/dags/subdags/subdag_transforms.py took 0.049 seconds
[2025-02-12T07:19:27.784+0000] {processor.py:154} INFO - Started process (PID=599) to work on /opt/airflow/dags/subdags/subdag_transforms.py
[2025-02-12T07:19:27.787+0000] {processor.py:756} INFO - Processing file /opt/airflow/dags/subdags/subdag_transforms.py for tasks to queue
[2025-02-12T07:19:27.790+0000] {logging_mixin.py:120} INFO - [2025-02-12T07:19:27.790+0000] {dagbag.py:537} INFO - Filling up the DagBag from /opt/airflow/dags/subdags/subdag_transforms.py
[2025-02-12T07:19:27.803+0000] {processor.py:768} WARNING - No viable dags retrieved from /opt/airflow/dags/subdags/subdag_transforms.py
[2025-02-12T07:19:27.845+0000] {processor.py:176} INFO - Processing /opt/airflow/dags/subdags/subdag_transforms.py took 0.073 seconds
[2025-02-12T07:19:57.909+0000] {processor.py:154} INFO - Started process (PID=633) to work on /opt/airflow/dags/subdags/subdag_transforms.py
[2025-02-12T07:19:57.911+0000] {processor.py:756} INFO - Processing file /opt/airflow/dags/subdags/subdag_transforms.py for tasks to queue
[2025-02-12T07:19:57.913+0000] {logging_mixin.py:120} INFO - [2025-02-12T07:19:57.913+0000] {dagbag.py:537} INFO - Filling up the DagBag from /opt/airflow/dags/subdags/subdag_transforms.py
[2025-02-12T07:19:57.924+0000] {processor.py:768} WARNING - No viable dags retrieved from /opt/airflow/dags/subdags/subdag_transforms.py
[2025-02-12T07:19:57.952+0000] {processor.py:176} INFO - Processing /opt/airflow/dags/subdags/subdag_transforms.py took 0.050 seconds
[2025-02-12T07:20:28.655+0000] {processor.py:154} INFO - Started process (PID=660) to work on /opt/airflow/dags/subdags/subdag_transforms.py
[2025-02-12T07:20:28.657+0000] {processor.py:756} INFO - Processing file /opt/airflow/dags/subdags/subdag_transforms.py for tasks to queue
[2025-02-12T07:20:28.660+0000] {logging_mixin.py:120} INFO - [2025-02-12T07:20:28.659+0000] {dagbag.py:537} INFO - Filling up the DagBag from /opt/airflow/dags/subdags/subdag_transforms.py
[2025-02-12T07:20:28.675+0000] {processor.py:768} WARNING - No viable dags retrieved from /opt/airflow/dags/subdags/subdag_transforms.py
[2025-02-12T07:20:28.718+0000] {processor.py:176} INFO - Processing /opt/airflow/dags/subdags/subdag_transforms.py took 0.070 seconds
[2025-02-12T07:20:59.424+0000] {processor.py:154} INFO - Started process (PID=693) to work on /opt/airflow/dags/subdags/subdag_transforms.py
[2025-02-12T07:20:59.427+0000] {processor.py:756} INFO - Processing file /opt/airflow/dags/subdags/subdag_transforms.py for tasks to queue
[2025-02-12T07:20:59.428+0000] {logging_mixin.py:120} INFO - [2025-02-12T07:20:59.428+0000] {dagbag.py:537} INFO - Filling up the DagBag from /opt/airflow/dags/subdags/subdag_transforms.py
[2025-02-12T07:20:59.446+0000] {processor.py:768} WARNING - No viable dags retrieved from /opt/airflow/dags/subdags/subdag_transforms.py
[2025-02-12T07:20:59.476+0000] {processor.py:176} INFO - Processing /opt/airflow/dags/subdags/subdag_transforms.py took 0.059 seconds
