[2025-02-12T07:05:43.581+0000] {processor.py:154} INFO - Started process (PID=56) to work on /opt/airflow/dags/subdags/subdag_downloads.py
[2025-02-12T07:05:43.584+0000] {processor.py:756} INFO - Processing file /opt/airflow/dags/subdags/subdag_downloads.py for tasks to queue
[2025-02-12T07:05:43.588+0000] {logging_mixin.py:120} INFO - [2025-02-12T07:05:43.587+0000] {dagbag.py:537} INFO - Filling up the DagBag from /opt/airflow/dags/subdags/subdag_downloads.py
[2025-02-12T07:05:43.619+0000] {processor.py:768} WARNING - No viable dags retrieved from /opt/airflow/dags/subdags/subdag_downloads.py
[2025-02-12T07:05:43.733+0000] {processor.py:176} INFO - Processing /opt/airflow/dags/subdags/subdag_downloads.py took 0.160 seconds
[2025-02-12T07:06:14.141+0000] {processor.py:154} INFO - Started process (PID=81) to work on /opt/airflow/dags/subdags/subdag_downloads.py
[2025-02-12T07:06:14.147+0000] {processor.py:756} INFO - Processing file /opt/airflow/dags/subdags/subdag_downloads.py for tasks to queue
[2025-02-12T07:06:14.150+0000] {logging_mixin.py:120} INFO - [2025-02-12T07:06:14.149+0000] {dagbag.py:537} INFO - Filling up the DagBag from /opt/airflow/dags/subdags/subdag_downloads.py
[2025-02-12T07:06:14.171+0000] {processor.py:768} WARNING - No viable dags retrieved from /opt/airflow/dags/subdags/subdag_downloads.py
[2025-02-12T07:06:14.218+0000] {processor.py:176} INFO - Processing /opt/airflow/dags/subdags/subdag_downloads.py took 0.094 seconds
[2025-02-12T07:06:44.948+0000] {processor.py:154} INFO - Started process (PID=108) to work on /opt/airflow/dags/subdags/subdag_downloads.py
[2025-02-12T07:06:44.950+0000] {processor.py:756} INFO - Processing file /opt/airflow/dags/subdags/subdag_downloads.py for tasks to queue
[2025-02-12T07:06:44.953+0000] {logging_mixin.py:120} INFO - [2025-02-12T07:06:44.953+0000] {dagbag.py:537} INFO - Filling up the DagBag from /opt/airflow/dags/subdags/subdag_downloads.py
[2025-02-12T07:06:44.966+0000] {processor.py:768} WARNING - No viable dags retrieved from /opt/airflow/dags/subdags/subdag_downloads.py
[2025-02-12T07:06:44.997+0000] {processor.py:176} INFO - Processing /opt/airflow/dags/subdags/subdag_downloads.py took 0.054 seconds
[2025-02-12T07:07:15.719+0000] {processor.py:154} INFO - Started process (PID=141) to work on /opt/airflow/dags/subdags/subdag_downloads.py
[2025-02-12T07:07:15.722+0000] {processor.py:756} INFO - Processing file /opt/airflow/dags/subdags/subdag_downloads.py for tasks to queue
[2025-02-12T07:07:15.726+0000] {logging_mixin.py:120} INFO - [2025-02-12T07:07:15.725+0000] {dagbag.py:537} INFO - Filling up the DagBag from /opt/airflow/dags/subdags/subdag_downloads.py
[2025-02-12T07:07:15.770+0000] {processor.py:768} WARNING - No viable dags retrieved from /opt/airflow/dags/subdags/subdag_downloads.py
[2025-02-12T07:07:15.825+0000] {processor.py:176} INFO - Processing /opt/airflow/dags/subdags/subdag_downloads.py took 0.116 seconds
[2025-02-12T07:07:46.099+0000] {processor.py:154} INFO - Started process (PID=168) to work on /opt/airflow/dags/subdags/subdag_downloads.py
[2025-02-12T07:07:46.104+0000] {processor.py:756} INFO - Processing file /opt/airflow/dags/subdags/subdag_downloads.py for tasks to queue
[2025-02-12T07:07:46.107+0000] {logging_mixin.py:120} INFO - [2025-02-12T07:07:46.107+0000] {dagbag.py:537} INFO - Filling up the DagBag from /opt/airflow/dags/subdags/subdag_downloads.py
[2025-02-12T07:07:46.132+0000] {processor.py:768} WARNING - No viable dags retrieved from /opt/airflow/dags/subdags/subdag_downloads.py
[2025-02-12T07:07:46.167+0000] {processor.py:176} INFO - Processing /opt/airflow/dags/subdags/subdag_downloads.py took 0.075 seconds
[2025-02-12T07:08:16.253+0000] {processor.py:154} INFO - Started process (PID=194) to work on /opt/airflow/dags/subdags/subdag_downloads.py
[2025-02-12T07:08:16.255+0000] {processor.py:756} INFO - Processing file /opt/airflow/dags/subdags/subdag_downloads.py for tasks to queue
[2025-02-12T07:08:16.256+0000] {logging_mixin.py:120} INFO - [2025-02-12T07:08:16.256+0000] {dagbag.py:537} INFO - Filling up the DagBag from /opt/airflow/dags/subdags/subdag_downloads.py
[2025-02-12T07:08:16.271+0000] {processor.py:768} WARNING - No viable dags retrieved from /opt/airflow/dags/subdags/subdag_downloads.py
[2025-02-12T07:08:16.309+0000] {processor.py:176} INFO - Processing /opt/airflow/dags/subdags/subdag_downloads.py took 0.064 seconds
[2025-02-12T07:10:21.028+0000] {processor.py:154} INFO - Started process (PID=57) to work on /opt/airflow/dags/subdags/subdag_downloads.py
[2025-02-12T07:10:21.032+0000] {processor.py:756} INFO - Processing file /opt/airflow/dags/subdags/subdag_downloads.py for tasks to queue
[2025-02-12T07:10:21.035+0000] {logging_mixin.py:120} INFO - [2025-02-12T07:10:21.035+0000] {dagbag.py:537} INFO - Filling up the DagBag from /opt/airflow/dags/subdags/subdag_downloads.py
[2025-02-12T07:10:21.068+0000] {processor.py:768} WARNING - No viable dags retrieved from /opt/airflow/dags/subdags/subdag_downloads.py
[2025-02-12T07:10:21.109+0000] {processor.py:176} INFO - Processing /opt/airflow/dags/subdags/subdag_downloads.py took 0.102 seconds
[2025-02-12T07:10:51.667+0000] {processor.py:154} INFO - Started process (PID=82) to work on /opt/airflow/dags/subdags/subdag_downloads.py
[2025-02-12T07:10:51.673+0000] {processor.py:756} INFO - Processing file /opt/airflow/dags/subdags/subdag_downloads.py for tasks to queue
[2025-02-12T07:10:51.676+0000] {logging_mixin.py:120} INFO - [2025-02-12T07:10:51.675+0000] {dagbag.py:537} INFO - Filling up the DagBag from /opt/airflow/dags/subdags/subdag_downloads.py
[2025-02-12T07:10:51.706+0000] {processor.py:768} WARNING - No viable dags retrieved from /opt/airflow/dags/subdags/subdag_downloads.py
[2025-02-12T07:10:51.771+0000] {processor.py:176} INFO - Processing /opt/airflow/dags/subdags/subdag_downloads.py took 0.132 seconds
[2025-02-12T07:11:21.815+0000] {processor.py:154} INFO - Started process (PID=117) to work on /opt/airflow/dags/subdags/subdag_downloads.py
[2025-02-12T07:11:21.820+0000] {processor.py:756} INFO - Processing file /opt/airflow/dags/subdags/subdag_downloads.py for tasks to queue
[2025-02-12T07:11:21.822+0000] {logging_mixin.py:120} INFO - [2025-02-12T07:11:21.821+0000] {dagbag.py:537} INFO - Filling up the DagBag from /opt/airflow/dags/subdags/subdag_downloads.py
[2025-02-12T07:11:21.836+0000] {processor.py:768} WARNING - No viable dags retrieved from /opt/airflow/dags/subdags/subdag_downloads.py
[2025-02-12T07:11:21.896+0000] {processor.py:176} INFO - Processing /opt/airflow/dags/subdags/subdag_downloads.py took 0.089 seconds
[2025-02-12T07:11:52.181+0000] {processor.py:154} INFO - Started process (PID=143) to work on /opt/airflow/dags/subdags/subdag_downloads.py
[2025-02-12T07:11:52.186+0000] {processor.py:756} INFO - Processing file /opt/airflow/dags/subdags/subdag_downloads.py for tasks to queue
[2025-02-12T07:11:52.188+0000] {logging_mixin.py:120} INFO - [2025-02-12T07:11:52.187+0000] {dagbag.py:537} INFO - Filling up the DagBag from /opt/airflow/dags/subdags/subdag_downloads.py
[2025-02-12T07:11:52.214+0000] {processor.py:768} WARNING - No viable dags retrieved from /opt/airflow/dags/subdags/subdag_downloads.py
[2025-02-12T07:11:52.251+0000] {processor.py:176} INFO - Processing /opt/airflow/dags/subdags/subdag_downloads.py took 0.077 seconds
[2025-02-12T07:12:23.423+0000] {processor.py:154} INFO - Started process (PID=175) to work on /opt/airflow/dags/subdags/subdag_downloads.py
[2025-02-12T07:12:23.429+0000] {processor.py:756} INFO - Processing file /opt/airflow/dags/subdags/subdag_downloads.py for tasks to queue
[2025-02-12T07:12:23.434+0000] {logging_mixin.py:120} INFO - [2025-02-12T07:12:23.434+0000] {dagbag.py:537} INFO - Filling up the DagBag from /opt/airflow/dags/subdags/subdag_downloads.py
[2025-02-12T07:12:23.473+0000] {processor.py:768} WARNING - No viable dags retrieved from /opt/airflow/dags/subdags/subdag_downloads.py
[2025-02-12T07:12:23.535+0000] {processor.py:176} INFO - Processing /opt/airflow/dags/subdags/subdag_downloads.py took 0.124 seconds
[2025-02-12T07:12:53.933+0000] {processor.py:154} INFO - Started process (PID=204) to work on /opt/airflow/dags/subdags/subdag_downloads.py
[2025-02-12T07:12:53.935+0000] {processor.py:756} INFO - Processing file /opt/airflow/dags/subdags/subdag_downloads.py for tasks to queue
[2025-02-12T07:12:53.938+0000] {logging_mixin.py:120} INFO - [2025-02-12T07:12:53.937+0000] {dagbag.py:537} INFO - Filling up the DagBag from /opt/airflow/dags/subdags/subdag_downloads.py
[2025-02-12T07:12:53.951+0000] {processor.py:768} WARNING - No viable dags retrieved from /opt/airflow/dags/subdags/subdag_downloads.py
[2025-02-12T07:12:53.979+0000] {processor.py:176} INFO - Processing /opt/airflow/dags/subdags/subdag_downloads.py took 0.053 seconds
[2025-02-12T07:13:24.426+0000] {processor.py:154} INFO - Started process (PID=230) to work on /opt/airflow/dags/subdags/subdag_downloads.py
[2025-02-12T07:13:24.429+0000] {processor.py:756} INFO - Processing file /opt/airflow/dags/subdags/subdag_downloads.py for tasks to queue
[2025-02-12T07:13:24.431+0000] {logging_mixin.py:120} INFO - [2025-02-12T07:13:24.431+0000] {dagbag.py:537} INFO - Filling up the DagBag from /opt/airflow/dags/subdags/subdag_downloads.py
[2025-02-12T07:13:24.443+0000] {processor.py:768} WARNING - No viable dags retrieved from /opt/airflow/dags/subdags/subdag_downloads.py
[2025-02-12T07:13:24.473+0000] {processor.py:176} INFO - Processing /opt/airflow/dags/subdags/subdag_downloads.py took 0.058 seconds
[2025-02-12T07:13:54.547+0000] {processor.py:154} INFO - Started process (PID=265) to work on /opt/airflow/dags/subdags/subdag_downloads.py
[2025-02-12T07:13:54.548+0000] {processor.py:756} INFO - Processing file /opt/airflow/dags/subdags/subdag_downloads.py for tasks to queue
[2025-02-12T07:13:54.550+0000] {logging_mixin.py:120} INFO - [2025-02-12T07:13:54.550+0000] {dagbag.py:537} INFO - Filling up the DagBag from /opt/airflow/dags/subdags/subdag_downloads.py
[2025-02-12T07:13:54.561+0000] {processor.py:768} WARNING - No viable dags retrieved from /opt/airflow/dags/subdags/subdag_downloads.py
[2025-02-12T07:13:54.589+0000] {processor.py:176} INFO - Processing /opt/airflow/dags/subdags/subdag_downloads.py took 0.047 seconds
[2025-02-12T07:14:24.632+0000] {processor.py:154} INFO - Started process (PID=291) to work on /opt/airflow/dags/subdags/subdag_downloads.py
[2025-02-12T07:14:24.633+0000] {processor.py:756} INFO - Processing file /opt/airflow/dags/subdags/subdag_downloads.py for tasks to queue
[2025-02-12T07:14:24.635+0000] {logging_mixin.py:120} INFO - [2025-02-12T07:14:24.634+0000] {dagbag.py:537} INFO - Filling up the DagBag from /opt/airflow/dags/subdags/subdag_downloads.py
[2025-02-12T07:14:24.649+0000] {processor.py:768} WARNING - No viable dags retrieved from /opt/airflow/dags/subdags/subdag_downloads.py
[2025-02-12T07:14:24.681+0000] {processor.py:176} INFO - Processing /opt/airflow/dags/subdags/subdag_downloads.py took 0.054 seconds
[2025-02-12T07:14:55.510+0000] {processor.py:154} INFO - Started process (PID=324) to work on /opt/airflow/dags/subdags/subdag_downloads.py
[2025-02-12T07:14:55.512+0000] {processor.py:756} INFO - Processing file /opt/airflow/dags/subdags/subdag_downloads.py for tasks to queue
[2025-02-12T07:14:55.514+0000] {logging_mixin.py:120} INFO - [2025-02-12T07:14:55.513+0000] {dagbag.py:537} INFO - Filling up the DagBag from /opt/airflow/dags/subdags/subdag_downloads.py
[2025-02-12T07:14:55.527+0000] {processor.py:768} WARNING - No viable dags retrieved from /opt/airflow/dags/subdags/subdag_downloads.py
[2025-02-12T07:14:55.555+0000] {processor.py:176} INFO - Processing /opt/airflow/dags/subdags/subdag_downloads.py took 0.051 seconds
[2025-02-12T07:15:26.558+0000] {processor.py:154} INFO - Started process (PID=352) to work on /opt/airflow/dags/subdags/subdag_downloads.py
[2025-02-12T07:15:26.562+0000] {processor.py:756} INFO - Processing file /opt/airflow/dags/subdags/subdag_downloads.py for tasks to queue
[2025-02-12T07:15:26.566+0000] {logging_mixin.py:120} INFO - [2025-02-12T07:15:26.566+0000] {dagbag.py:537} INFO - Filling up the DagBag from /opt/airflow/dags/subdags/subdag_downloads.py
[2025-02-12T07:15:26.608+0000] {processor.py:768} WARNING - No viable dags retrieved from /opt/airflow/dags/subdags/subdag_downloads.py
[2025-02-12T07:15:26.691+0000] {processor.py:176} INFO - Processing /opt/airflow/dags/subdags/subdag_downloads.py took 0.141 seconds
[2025-02-12T07:15:56.780+0000] {processor.py:154} INFO - Started process (PID=378) to work on /opt/airflow/dags/subdags/subdag_downloads.py
[2025-02-12T07:15:56.783+0000] {processor.py:756} INFO - Processing file /opt/airflow/dags/subdags/subdag_downloads.py for tasks to queue
[2025-02-12T07:15:56.784+0000] {logging_mixin.py:120} INFO - [2025-02-12T07:15:56.784+0000] {dagbag.py:537} INFO - Filling up the DagBag from /opt/airflow/dags/subdags/subdag_downloads.py
[2025-02-12T07:15:56.803+0000] {processor.py:768} WARNING - No viable dags retrieved from /opt/airflow/dags/subdags/subdag_downloads.py
[2025-02-12T07:15:56.838+0000] {processor.py:176} INFO - Processing /opt/airflow/dags/subdags/subdag_downloads.py took 0.064 seconds
[2025-02-12T07:16:26.909+0000] {processor.py:154} INFO - Started process (PID=412) to work on /opt/airflow/dags/subdags/subdag_downloads.py
[2025-02-12T07:16:26.912+0000] {processor.py:756} INFO - Processing file /opt/airflow/dags/subdags/subdag_downloads.py for tasks to queue
[2025-02-12T07:16:26.913+0000] {logging_mixin.py:120} INFO - [2025-02-12T07:16:26.913+0000] {dagbag.py:537} INFO - Filling up the DagBag from /opt/airflow/dags/subdags/subdag_downloads.py
[2025-02-12T07:16:26.926+0000] {processor.py:768} WARNING - No viable dags retrieved from /opt/airflow/dags/subdags/subdag_downloads.py
[2025-02-12T07:16:26.961+0000] {processor.py:176} INFO - Processing /opt/airflow/dags/subdags/subdag_downloads.py took 0.059 seconds
[2025-02-12T07:16:57.050+0000] {processor.py:154} INFO - Started process (PID=437) to work on /opt/airflow/dags/subdags/subdag_downloads.py
[2025-02-12T07:16:57.052+0000] {processor.py:756} INFO - Processing file /opt/airflow/dags/subdags/subdag_downloads.py for tasks to queue
[2025-02-12T07:16:57.054+0000] {logging_mixin.py:120} INFO - [2025-02-12T07:16:57.054+0000] {dagbag.py:537} INFO - Filling up the DagBag from /opt/airflow/dags/subdags/subdag_downloads.py
[2025-02-12T07:16:57.066+0000] {processor.py:768} WARNING - No viable dags retrieved from /opt/airflow/dags/subdags/subdag_downloads.py
[2025-02-12T07:16:57.098+0000] {processor.py:176} INFO - Processing /opt/airflow/dags/subdags/subdag_downloads.py took 0.054 seconds
[2025-02-12T07:17:27.802+0000] {processor.py:154} INFO - Started process (PID=463) to work on /opt/airflow/dags/subdags/subdag_downloads.py
[2025-02-12T07:17:27.804+0000] {processor.py:756} INFO - Processing file /opt/airflow/dags/subdags/subdag_downloads.py for tasks to queue
[2025-02-12T07:17:27.805+0000] {logging_mixin.py:120} INFO - [2025-02-12T07:17:27.805+0000] {dagbag.py:537} INFO - Filling up the DagBag from /opt/airflow/dags/subdags/subdag_downloads.py
[2025-02-12T07:17:27.817+0000] {processor.py:768} WARNING - No viable dags retrieved from /opt/airflow/dags/subdags/subdag_downloads.py
[2025-02-12T07:17:27.843+0000] {processor.py:176} INFO - Processing /opt/airflow/dags/subdags/subdag_downloads.py took 0.047 seconds
[2025-02-12T07:17:58.232+0000] {processor.py:154} INFO - Started process (PID=499) to work on /opt/airflow/dags/subdags/subdag_downloads.py
[2025-02-12T07:17:58.234+0000] {processor.py:756} INFO - Processing file /opt/airflow/dags/subdags/subdag_downloads.py for tasks to queue
[2025-02-12T07:17:58.237+0000] {logging_mixin.py:120} INFO - [2025-02-12T07:17:58.236+0000] {dagbag.py:537} INFO - Filling up the DagBag from /opt/airflow/dags/subdags/subdag_downloads.py
[2025-02-12T07:17:58.251+0000] {processor.py:768} WARNING - No viable dags retrieved from /opt/airflow/dags/subdags/subdag_downloads.py
[2025-02-12T07:17:58.291+0000] {processor.py:176} INFO - Processing /opt/airflow/dags/subdags/subdag_downloads.py took 0.066 seconds
[2025-02-12T07:18:28.348+0000] {processor.py:154} INFO - Started process (PID=535) to work on /opt/airflow/dags/subdags/subdag_downloads.py
[2025-02-12T07:18:28.350+0000] {processor.py:756} INFO - Processing file /opt/airflow/dags/subdags/subdag_downloads.py for tasks to queue
[2025-02-12T07:18:28.351+0000] {logging_mixin.py:120} INFO - [2025-02-12T07:18:28.351+0000] {dagbag.py:537} INFO - Filling up the DagBag from /opt/airflow/dags/subdags/subdag_downloads.py
[2025-02-12T07:18:28.364+0000] {processor.py:768} WARNING - No viable dags retrieved from /opt/airflow/dags/subdags/subdag_downloads.py
[2025-02-12T07:18:28.389+0000] {processor.py:176} INFO - Processing /opt/airflow/dags/subdags/subdag_downloads.py took 0.046 seconds
[2025-02-12T07:18:58.641+0000] {processor.py:154} INFO - Started process (PID=573) to work on /opt/airflow/dags/subdags/subdag_downloads.py
[2025-02-12T07:18:58.643+0000] {processor.py:756} INFO - Processing file /opt/airflow/dags/subdags/subdag_downloads.py for tasks to queue
[2025-02-12T07:18:58.645+0000] {logging_mixin.py:120} INFO - [2025-02-12T07:18:58.644+0000] {dagbag.py:537} INFO - Filling up the DagBag from /opt/airflow/dags/subdags/subdag_downloads.py
[2025-02-12T07:18:58.657+0000] {processor.py:768} WARNING - No viable dags retrieved from /opt/airflow/dags/subdags/subdag_downloads.py
[2025-02-12T07:18:58.684+0000] {processor.py:176} INFO - Processing /opt/airflow/dags/subdags/subdag_downloads.py took 0.049 seconds
[2025-02-12T07:19:28.798+0000] {processor.py:154} INFO - Started process (PID=600) to work on /opt/airflow/dags/subdags/subdag_downloads.py
[2025-02-12T07:19:28.800+0000] {processor.py:756} INFO - Processing file /opt/airflow/dags/subdags/subdag_downloads.py for tasks to queue
[2025-02-12T07:19:28.803+0000] {logging_mixin.py:120} INFO - [2025-02-12T07:19:28.803+0000] {dagbag.py:537} INFO - Filling up the DagBag from /opt/airflow/dags/subdags/subdag_downloads.py
[2025-02-12T07:19:28.817+0000] {processor.py:768} WARNING - No viable dags retrieved from /opt/airflow/dags/subdags/subdag_downloads.py
[2025-02-12T07:19:28.846+0000] {processor.py:176} INFO - Processing /opt/airflow/dags/subdags/subdag_downloads.py took 0.054 seconds
[2025-02-12T07:19:58.922+0000] {processor.py:154} INFO - Started process (PID=634) to work on /opt/airflow/dags/subdags/subdag_downloads.py
[2025-02-12T07:19:58.924+0000] {processor.py:756} INFO - Processing file /opt/airflow/dags/subdags/subdag_downloads.py for tasks to queue
[2025-02-12T07:19:58.925+0000] {logging_mixin.py:120} INFO - [2025-02-12T07:19:58.925+0000] {dagbag.py:537} INFO - Filling up the DagBag from /opt/airflow/dags/subdags/subdag_downloads.py
[2025-02-12T07:19:58.938+0000] {processor.py:768} WARNING - No viable dags retrieved from /opt/airflow/dags/subdags/subdag_downloads.py
[2025-02-12T07:19:58.972+0000] {processor.py:176} INFO - Processing /opt/airflow/dags/subdags/subdag_downloads.py took 0.056 seconds
[2025-02-12T07:20:29.717+0000] {processor.py:154} INFO - Started process (PID=661) to work on /opt/airflow/dags/subdags/subdag_downloads.py
[2025-02-12T07:20:29.718+0000] {processor.py:756} INFO - Processing file /opt/airflow/dags/subdags/subdag_downloads.py for tasks to queue
[2025-02-12T07:20:29.720+0000] {logging_mixin.py:120} INFO - [2025-02-12T07:20:29.719+0000] {dagbag.py:537} INFO - Filling up the DagBag from /opt/airflow/dags/subdags/subdag_downloads.py
[2025-02-12T07:20:29.732+0000] {processor.py:768} WARNING - No viable dags retrieved from /opt/airflow/dags/subdags/subdag_downloads.py
[2025-02-12T07:20:29.763+0000] {processor.py:176} INFO - Processing /opt/airflow/dags/subdags/subdag_downloads.py took 0.054 seconds
[2025-02-12T07:21:00.437+0000] {processor.py:154} INFO - Started process (PID=696) to work on /opt/airflow/dags/subdags/subdag_downloads.py
[2025-02-12T07:21:00.439+0000] {processor.py:756} INFO - Processing file /opt/airflow/dags/subdags/subdag_downloads.py for tasks to queue
[2025-02-12T07:21:00.441+0000] {logging_mixin.py:120} INFO - [2025-02-12T07:21:00.441+0000] {dagbag.py:537} INFO - Filling up the DagBag from /opt/airflow/dags/subdags/subdag_downloads.py
[2025-02-12T07:21:00.452+0000] {processor.py:768} WARNING - No viable dags retrieved from /opt/airflow/dags/subdags/subdag_downloads.py
[2025-02-12T07:21:00.480+0000] {processor.py:176} INFO - Processing /opt/airflow/dags/subdags/subdag_downloads.py took 0.048 seconds
