[2025-02-12T08:11:08.927+0000] {taskinstance.py:1165} INFO - Dependencies all met for <TaskInstance: group_dag.downloads.download_a manual__2025-02-12T08:11:05.253889+00:00 [queued]>
[2025-02-12T08:11:08.956+0000] {taskinstance.py:1165} INFO - Dependencies all met for <TaskInstance: group_dag.downloads.download_a manual__2025-02-12T08:11:05.253889+00:00 [queued]>
[2025-02-12T08:11:08.957+0000] {taskinstance.py:1362} INFO - 
--------------------------------------------------------------------------------
[2025-02-12T08:11:08.958+0000] {taskinstance.py:1363} INFO - Starting attempt 1 of 1
[2025-02-12T08:11:08.960+0000] {taskinstance.py:1364} INFO - 
--------------------------------------------------------------------------------
[2025-02-12T08:11:09.022+0000] {taskinstance.py:1383} INFO - Executing <Task(BashOperator): downloads.download_a> on 2025-02-12 08:11:05.253889+00:00
[2025-02-12T08:11:09.035+0000] {standard_task_runner.py:55} INFO - Started process 1358 to run task
[2025-02-12T08:11:09.047+0000] {standard_task_runner.py:82} INFO - Running: ['***', 'tasks', 'run', 'group_dag', 'downloads.download_a', 'manual__2025-02-12T08:11:05.253889+00:00', '--job-id', '98', '--raw', '--subdir', 'DAGS_FOLDER/group_dag.py', '--cfg-path', '/tmp/tmpe6x6il6x']
[2025-02-12T08:11:09.049+0000] {standard_task_runner.py:83} INFO - Job 98: Subtask downloads.download_a
[2025-02-12T08:11:09.239+0000] {task_command.py:376} INFO - Running <TaskInstance: group_dag.downloads.download_a manual__2025-02-12T08:11:05.253889+00:00 [running]> on host 51d3b1eb2c88
[2025-02-12T08:11:09.418+0000] {taskinstance.py:1592} INFO - Exporting the following env vars:
AIRFLOW_CTX_DAG_OWNER=***
AIRFLOW_CTX_DAG_ID=group_dag
AIRFLOW_CTX_TASK_ID=downloads.download_a
AIRFLOW_CTX_EXECUTION_DATE=2025-02-12T08:11:05.253889+00:00
AIRFLOW_CTX_TRY_NUMBER=1
AIRFLOW_CTX_DAG_RUN_ID=manual__2025-02-12T08:11:05.253889+00:00
[2025-02-12T08:11:09.422+0000] {subprocess.py:63} INFO - Tmp dir root location: 
 /tmp
[2025-02-12T08:11:09.424+0000] {subprocess.py:75} INFO - Running command: ['/bin/bash', '-c', 'sleep 10']
[2025-02-12T08:11:09.443+0000] {subprocess.py:86} INFO - Output:
[2025-02-12T08:11:19.456+0000] {subprocess.py:97} INFO - Command exited with return code 0
[2025-02-12T08:11:19.539+0000] {taskinstance.py:1406} INFO - Marking task as SUCCESS. dag_id=group_dag, task_id=downloads.download_a, execution_date=20250212T081105, start_date=20250212T081108, end_date=20250212T081119
[2025-02-12T08:11:19.639+0000] {local_task_job.py:164} INFO - Task exited with return code 0
[2025-02-12T08:11:19.728+0000] {local_task_job.py:273} INFO - 1 downstream tasks scheduled from follow-on schedule check
