[2025-02-12T08:30:50.960+0000] {taskinstance.py:1165} INFO - Dependencies all met for <TaskInstance: user_processing.process_user scheduled__2025-02-11T00:00:00+00:00 [queued]>
[2025-02-12T08:30:50.976+0000] {taskinstance.py:1165} INFO - Dependencies all met for <TaskInstance: user_processing.process_user scheduled__2025-02-11T00:00:00+00:00 [queued]>
[2025-02-12T08:30:50.977+0000] {taskinstance.py:1362} INFO - 
--------------------------------------------------------------------------------
[2025-02-12T08:30:50.977+0000] {taskinstance.py:1363} INFO - Starting attempt 1 of 1
[2025-02-12T08:30:50.978+0000] {taskinstance.py:1364} INFO - 
--------------------------------------------------------------------------------
[2025-02-12T08:30:51.001+0000] {taskinstance.py:1383} INFO - Executing <Task(PythonOperator): process_user> on 2025-02-11 00:00:00+00:00
[2025-02-12T08:30:51.007+0000] {standard_task_runner.py:55} INFO - Started process 271 to run task
[2025-02-12T08:30:51.013+0000] {standard_task_runner.py:82} INFO - Running: ['***', 'tasks', 'run', 'user_processing', 'process_user', 'scheduled__2025-02-11T00:00:00+00:00', '--job-id', '124', '--raw', '--subdir', 'DAGS_FOLDER/user_processing.py', '--cfg-path', '/tmp/tmp7cb9mkmq']
[2025-02-12T08:30:51.016+0000] {standard_task_runner.py:83} INFO - Job 124: Subtask process_user
[2025-02-12T08:30:51.122+0000] {task_command.py:376} INFO - Running <TaskInstance: user_processing.process_user scheduled__2025-02-11T00:00:00+00:00 [running]> on host bb70ba7cbe58
[2025-02-12T08:30:51.241+0000] {taskinstance.py:1592} INFO - Exporting the following env vars:
AIRFLOW_CTX_DAG_OWNER=***
AIRFLOW_CTX_DAG_ID=user_processing
AIRFLOW_CTX_TASK_ID=process_user
AIRFLOW_CTX_EXECUTION_DATE=2025-02-11T00:00:00+00:00
AIRFLOW_CTX_TRY_NUMBER=1
AIRFLOW_CTX_DAG_RUN_ID=scheduled__2025-02-11T00:00:00+00:00
[2025-02-12T08:30:51.313+0000] {python.py:177} INFO - Done. Returned value was: None
[2025-02-12T08:30:51.344+0000] {taskinstance.py:1406} INFO - Marking task as SUCCESS. dag_id=user_processing, task_id=process_user, execution_date=20250211T000000, start_date=20250212T083050, end_date=20250212T083051
[2025-02-12T08:30:51.396+0000] {local_task_job.py:164} INFO - Task exited with return code 0
[2025-02-12T08:30:51.441+0000] {local_task_job.py:273} INFO - 1 downstream tasks scheduled from follow-on schedule check
