[2025-02-11T06:44:51.331+0000] {processor.py:154} INFO - Started process (PID=3454) to work on /opt/airflow/dags/subdags/subdag_downloads.py
[2025-02-11T06:44:51.334+0000] {processor.py:756} INFO - Processing file /opt/airflow/dags/subdags/subdag_downloads.py for tasks to queue
[2025-02-11T06:44:51.336+0000] {logging_mixin.py:120} INFO - [2025-02-11T06:44:51.336+0000] {dagbag.py:537} INFO - Filling up the DagBag from /opt/airflow/dags/subdags/subdag_downloads.py
[2025-02-11T06:44:51.368+0000] {processor.py:768} WARNING - No viable dags retrieved from /opt/airflow/dags/subdags/subdag_downloads.py
[2025-02-11T06:44:51.417+0000] {processor.py:176} INFO - Processing /opt/airflow/dags/subdags/subdag_downloads.py took 0.098 seconds
[2025-02-11T06:45:22.050+0000] {processor.py:154} INFO - Started process (PID=3488) to work on /opt/airflow/dags/subdags/subdag_downloads.py
[2025-02-11T06:45:22.052+0000] {processor.py:756} INFO - Processing file /opt/airflow/dags/subdags/subdag_downloads.py for tasks to queue
[2025-02-11T06:45:22.054+0000] {logging_mixin.py:120} INFO - [2025-02-11T06:45:22.054+0000] {dagbag.py:537} INFO - Filling up the DagBag from /opt/airflow/dags/subdags/subdag_downloads.py
[2025-02-11T06:45:22.067+0000] {processor.py:768} WARNING - No viable dags retrieved from /opt/airflow/dags/subdags/subdag_downloads.py
[2025-02-11T06:45:22.101+0000] {processor.py:176} INFO - Processing /opt/airflow/dags/subdags/subdag_downloads.py took 0.058 seconds
[2025-02-11T06:45:52.512+0000] {processor.py:154} INFO - Started process (PID=3513) to work on /opt/airflow/dags/subdags/subdag_downloads.py
[2025-02-11T06:45:52.514+0000] {processor.py:756} INFO - Processing file /opt/airflow/dags/subdags/subdag_downloads.py for tasks to queue
[2025-02-11T06:45:52.515+0000] {logging_mixin.py:120} INFO - [2025-02-11T06:45:52.515+0000] {dagbag.py:537} INFO - Filling up the DagBag from /opt/airflow/dags/subdags/subdag_downloads.py
[2025-02-11T06:45:52.528+0000] {processor.py:768} WARNING - No viable dags retrieved from /opt/airflow/dags/subdags/subdag_downloads.py
[2025-02-11T06:45:52.559+0000] {processor.py:176} INFO - Processing /opt/airflow/dags/subdags/subdag_downloads.py took 0.054 seconds
[2025-02-11T06:46:22.781+0000] {processor.py:154} INFO - Started process (PID=3537) to work on /opt/airflow/dags/subdags/subdag_downloads.py
[2025-02-11T06:46:22.782+0000] {processor.py:756} INFO - Processing file /opt/airflow/dags/subdags/subdag_downloads.py for tasks to queue
[2025-02-11T06:46:22.784+0000] {logging_mixin.py:120} INFO - [2025-02-11T06:46:22.784+0000] {dagbag.py:537} INFO - Filling up the DagBag from /opt/airflow/dags/subdags/subdag_downloads.py
[2025-02-11T06:46:22.794+0000] {processor.py:768} WARNING - No viable dags retrieved from /opt/airflow/dags/subdags/subdag_downloads.py
[2025-02-11T06:46:22.825+0000] {processor.py:176} INFO - Processing /opt/airflow/dags/subdags/subdag_downloads.py took 0.052 seconds
[2025-02-11T06:46:52.932+0000] {processor.py:154} INFO - Started process (PID=3562) to work on /opt/airflow/dags/subdags/subdag_downloads.py
[2025-02-11T06:46:52.936+0000] {processor.py:756} INFO - Processing file /opt/airflow/dags/subdags/subdag_downloads.py for tasks to queue
[2025-02-11T06:46:52.938+0000] {logging_mixin.py:120} INFO - [2025-02-11T06:46:52.938+0000] {dagbag.py:537} INFO - Filling up the DagBag from /opt/airflow/dags/subdags/subdag_downloads.py
[2025-02-11T06:46:52.948+0000] {processor.py:768} WARNING - No viable dags retrieved from /opt/airflow/dags/subdags/subdag_downloads.py
[2025-02-11T06:46:52.973+0000] {processor.py:176} INFO - Processing /opt/airflow/dags/subdags/subdag_downloads.py took 0.047 seconds
[2025-02-11T06:47:23.115+0000] {processor.py:154} INFO - Started process (PID=3597) to work on /opt/airflow/dags/subdags/subdag_downloads.py
[2025-02-11T06:47:23.117+0000] {processor.py:756} INFO - Processing file /opt/airflow/dags/subdags/subdag_downloads.py for tasks to queue
[2025-02-11T06:47:23.119+0000] {logging_mixin.py:120} INFO - [2025-02-11T06:47:23.119+0000] {dagbag.py:537} INFO - Filling up the DagBag from /opt/airflow/dags/subdags/subdag_downloads.py
[2025-02-11T06:47:23.132+0000] {processor.py:768} WARNING - No viable dags retrieved from /opt/airflow/dags/subdags/subdag_downloads.py
[2025-02-11T06:47:23.164+0000] {processor.py:176} INFO - Processing /opt/airflow/dags/subdags/subdag_downloads.py took 0.056 seconds
[2025-02-11T06:47:53.831+0000] {processor.py:154} INFO - Started process (PID=3620) to work on /opt/airflow/dags/subdags/subdag_downloads.py
[2025-02-11T06:47:53.833+0000] {processor.py:756} INFO - Processing file /opt/airflow/dags/subdags/subdag_downloads.py for tasks to queue
[2025-02-11T06:47:53.836+0000] {logging_mixin.py:120} INFO - [2025-02-11T06:47:53.835+0000] {dagbag.py:537} INFO - Filling up the DagBag from /opt/airflow/dags/subdags/subdag_downloads.py
[2025-02-11T06:47:53.855+0000] {processor.py:768} WARNING - No viable dags retrieved from /opt/airflow/dags/subdags/subdag_downloads.py
[2025-02-11T06:47:53.900+0000] {processor.py:176} INFO - Processing /opt/airflow/dags/subdags/subdag_downloads.py took 0.080 seconds
[2025-02-11T06:48:24.154+0000] {processor.py:154} INFO - Started process (PID=3645) to work on /opt/airflow/dags/subdags/subdag_downloads.py
[2025-02-11T06:48:24.156+0000] {processor.py:756} INFO - Processing file /opt/airflow/dags/subdags/subdag_downloads.py for tasks to queue
[2025-02-11T06:48:24.160+0000] {logging_mixin.py:120} INFO - [2025-02-11T06:48:24.159+0000] {dagbag.py:537} INFO - Filling up the DagBag from /opt/airflow/dags/subdags/subdag_downloads.py
[2025-02-11T06:48:24.196+0000] {processor.py:768} WARNING - No viable dags retrieved from /opt/airflow/dags/subdags/subdag_downloads.py
[2025-02-11T06:48:24.246+0000] {processor.py:176} INFO - Processing /opt/airflow/dags/subdags/subdag_downloads.py took 0.103 seconds
[2025-02-11T06:48:54.941+0000] {processor.py:154} INFO - Started process (PID=3669) to work on /opt/airflow/dags/subdags/subdag_downloads.py
[2025-02-11T06:48:54.944+0000] {processor.py:756} INFO - Processing file /opt/airflow/dags/subdags/subdag_downloads.py for tasks to queue
[2025-02-11T06:48:54.946+0000] {logging_mixin.py:120} INFO - [2025-02-11T06:48:54.945+0000] {dagbag.py:537} INFO - Filling up the DagBag from /opt/airflow/dags/subdags/subdag_downloads.py
[2025-02-11T06:48:54.958+0000] {processor.py:768} WARNING - No viable dags retrieved from /opt/airflow/dags/subdags/subdag_downloads.py
[2025-02-11T06:48:54.989+0000] {processor.py:176} INFO - Processing /opt/airflow/dags/subdags/subdag_downloads.py took 0.061 seconds
[2025-02-11T06:49:25.401+0000] {processor.py:154} INFO - Started process (PID=3694) to work on /opt/airflow/dags/subdags/subdag_downloads.py
[2025-02-11T06:49:25.404+0000] {processor.py:756} INFO - Processing file /opt/airflow/dags/subdags/subdag_downloads.py for tasks to queue
[2025-02-11T06:49:25.406+0000] {logging_mixin.py:120} INFO - [2025-02-11T06:49:25.406+0000] {dagbag.py:537} INFO - Filling up the DagBag from /opt/airflow/dags/subdags/subdag_downloads.py
[2025-02-11T06:49:25.423+0000] {processor.py:768} WARNING - No viable dags retrieved from /opt/airflow/dags/subdags/subdag_downloads.py
[2025-02-11T06:49:25.466+0000] {processor.py:176} INFO - Processing /opt/airflow/dags/subdags/subdag_downloads.py took 0.075 seconds
[2025-02-11T06:49:55.717+0000] {processor.py:154} INFO - Started process (PID=3728) to work on /opt/airflow/dags/subdags/subdag_downloads.py
[2025-02-11T06:49:55.718+0000] {processor.py:756} INFO - Processing file /opt/airflow/dags/subdags/subdag_downloads.py for tasks to queue
[2025-02-11T06:49:55.720+0000] {logging_mixin.py:120} INFO - [2025-02-11T06:49:55.720+0000] {dagbag.py:537} INFO - Filling up the DagBag from /opt/airflow/dags/subdags/subdag_downloads.py
[2025-02-11T06:49:55.736+0000] {processor.py:768} WARNING - No viable dags retrieved from /opt/airflow/dags/subdags/subdag_downloads.py
[2025-02-11T06:49:55.773+0000] {processor.py:176} INFO - Processing /opt/airflow/dags/subdags/subdag_downloads.py took 0.062 seconds
[2025-02-11T06:50:26.577+0000] {processor.py:154} INFO - Started process (PID=3753) to work on /opt/airflow/dags/subdags/subdag_downloads.py
[2025-02-11T06:50:26.620+0000] {processor.py:756} INFO - Processing file /opt/airflow/dags/subdags/subdag_downloads.py for tasks to queue
[2025-02-11T06:50:26.632+0000] {logging_mixin.py:120} INFO - [2025-02-11T06:50:26.632+0000] {dagbag.py:537} INFO - Filling up the DagBag from /opt/airflow/dags/subdags/subdag_downloads.py
[2025-02-11T06:50:26.650+0000] {processor.py:768} WARNING - No viable dags retrieved from /opt/airflow/dags/subdags/subdag_downloads.py
[2025-02-11T06:50:26.689+0000] {processor.py:176} INFO - Processing /opt/airflow/dags/subdags/subdag_downloads.py took 0.129 seconds
[2025-02-11T06:50:57.502+0000] {processor.py:154} INFO - Started process (PID=3788) to work on /opt/airflow/dags/subdags/subdag_downloads.py
[2025-02-11T06:50:57.504+0000] {processor.py:756} INFO - Processing file /opt/airflow/dags/subdags/subdag_downloads.py for tasks to queue
[2025-02-11T06:50:57.506+0000] {logging_mixin.py:120} INFO - [2025-02-11T06:50:57.506+0000] {dagbag.py:537} INFO - Filling up the DagBag from /opt/airflow/dags/subdags/subdag_downloads.py
[2025-02-11T06:50:57.520+0000] {processor.py:768} WARNING - No viable dags retrieved from /opt/airflow/dags/subdags/subdag_downloads.py
[2025-02-11T06:50:57.557+0000] {processor.py:176} INFO - Processing /opt/airflow/dags/subdags/subdag_downloads.py took 0.060 seconds
[2025-02-11T06:51:28.144+0000] {processor.py:154} INFO - Started process (PID=3812) to work on /opt/airflow/dags/subdags/subdag_downloads.py
[2025-02-11T06:51:28.147+0000] {processor.py:756} INFO - Processing file /opt/airflow/dags/subdags/subdag_downloads.py for tasks to queue
[2025-02-11T06:51:28.149+0000] {logging_mixin.py:120} INFO - [2025-02-11T06:51:28.148+0000] {dagbag.py:537} INFO - Filling up the DagBag from /opt/airflow/dags/subdags/subdag_downloads.py
[2025-02-11T06:51:28.165+0000] {processor.py:768} WARNING - No viable dags retrieved from /opt/airflow/dags/subdags/subdag_downloads.py
[2025-02-11T06:51:28.201+0000] {processor.py:176} INFO - Processing /opt/airflow/dags/subdags/subdag_downloads.py took 0.063 seconds
[2025-02-11T06:51:58.455+0000] {processor.py:154} INFO - Started process (PID=3837) to work on /opt/airflow/dags/subdags/subdag_downloads.py
[2025-02-11T06:51:58.456+0000] {processor.py:756} INFO - Processing file /opt/airflow/dags/subdags/subdag_downloads.py for tasks to queue
[2025-02-11T06:51:58.457+0000] {logging_mixin.py:120} INFO - [2025-02-11T06:51:58.457+0000] {dagbag.py:537} INFO - Filling up the DagBag from /opt/airflow/dags/subdags/subdag_downloads.py
[2025-02-11T06:51:58.469+0000] {processor.py:768} WARNING - No viable dags retrieved from /opt/airflow/dags/subdags/subdag_downloads.py
[2025-02-11T06:51:58.495+0000] {processor.py:176} INFO - Processing /opt/airflow/dags/subdags/subdag_downloads.py took 0.045 seconds
[2025-02-11T06:52:28.932+0000] {processor.py:154} INFO - Started process (PID=3871) to work on /opt/airflow/dags/subdags/subdag_downloads.py
[2025-02-11T06:52:28.933+0000] {processor.py:756} INFO - Processing file /opt/airflow/dags/subdags/subdag_downloads.py for tasks to queue
[2025-02-11T06:52:28.935+0000] {logging_mixin.py:120} INFO - [2025-02-11T06:52:28.935+0000] {dagbag.py:537} INFO - Filling up the DagBag from /opt/airflow/dags/subdags/subdag_downloads.py
[2025-02-11T06:52:28.949+0000] {processor.py:768} WARNING - No viable dags retrieved from /opt/airflow/dags/subdags/subdag_downloads.py
[2025-02-11T06:52:28.987+0000] {processor.py:176} INFO - Processing /opt/airflow/dags/subdags/subdag_downloads.py took 0.062 seconds
[2025-02-11T06:52:59.078+0000] {processor.py:154} INFO - Started process (PID=3897) to work on /opt/airflow/dags/subdags/subdag_downloads.py
[2025-02-11T06:52:59.080+0000] {processor.py:756} INFO - Processing file /opt/airflow/dags/subdags/subdag_downloads.py for tasks to queue
[2025-02-11T06:52:59.081+0000] {logging_mixin.py:120} INFO - [2025-02-11T06:52:59.081+0000] {dagbag.py:537} INFO - Filling up the DagBag from /opt/airflow/dags/subdags/subdag_downloads.py
[2025-02-11T06:52:59.092+0000] {processor.py:768} WARNING - No viable dags retrieved from /opt/airflow/dags/subdags/subdag_downloads.py
[2025-02-11T06:52:59.120+0000] {processor.py:176} INFO - Processing /opt/airflow/dags/subdags/subdag_downloads.py took 0.052 seconds
[2025-02-11T06:53:29.309+0000] {processor.py:154} INFO - Started process (PID=3922) to work on /opt/airflow/dags/subdags/subdag_downloads.py
[2025-02-11T06:53:29.311+0000] {processor.py:756} INFO - Processing file /opt/airflow/dags/subdags/subdag_downloads.py for tasks to queue
[2025-02-11T06:53:29.312+0000] {logging_mixin.py:120} INFO - [2025-02-11T06:53:29.312+0000] {dagbag.py:537} INFO - Filling up the DagBag from /opt/airflow/dags/subdags/subdag_downloads.py
[2025-02-11T06:53:29.325+0000] {processor.py:768} WARNING - No viable dags retrieved from /opt/airflow/dags/subdags/subdag_downloads.py
[2025-02-11T06:53:29.363+0000] {processor.py:176} INFO - Processing /opt/airflow/dags/subdags/subdag_downloads.py took 0.063 seconds
[2025-02-11T06:54:00.158+0000] {processor.py:154} INFO - Started process (PID=3956) to work on /opt/airflow/dags/subdags/subdag_downloads.py
[2025-02-11T06:54:00.160+0000] {processor.py:756} INFO - Processing file /opt/airflow/dags/subdags/subdag_downloads.py for tasks to queue
[2025-02-11T06:54:00.161+0000] {logging_mixin.py:120} INFO - [2025-02-11T06:54:00.161+0000] {dagbag.py:537} INFO - Filling up the DagBag from /opt/airflow/dags/subdags/subdag_downloads.py
[2025-02-11T06:54:00.175+0000] {processor.py:768} WARNING - No viable dags retrieved from /opt/airflow/dags/subdags/subdag_downloads.py
[2025-02-11T06:54:00.205+0000] {processor.py:176} INFO - Processing /opt/airflow/dags/subdags/subdag_downloads.py took 0.053 seconds
[2025-02-11T06:54:30.567+0000] {processor.py:154} INFO - Started process (PID=3980) to work on /opt/airflow/dags/subdags/subdag_downloads.py
[2025-02-11T06:54:30.569+0000] {processor.py:756} INFO - Processing file /opt/airflow/dags/subdags/subdag_downloads.py for tasks to queue
[2025-02-11T06:54:30.571+0000] {logging_mixin.py:120} INFO - [2025-02-11T06:54:30.570+0000] {dagbag.py:537} INFO - Filling up the DagBag from /opt/airflow/dags/subdags/subdag_downloads.py
[2025-02-11T06:54:30.585+0000] {processor.py:768} WARNING - No viable dags retrieved from /opt/airflow/dags/subdags/subdag_downloads.py
[2025-02-11T06:54:30.617+0000] {processor.py:176} INFO - Processing /opt/airflow/dags/subdags/subdag_downloads.py took 0.059 seconds
[2025-02-11T06:55:00.681+0000] {processor.py:154} INFO - Started process (PID=4005) to work on /opt/airflow/dags/subdags/subdag_downloads.py
[2025-02-11T06:55:00.683+0000] {processor.py:756} INFO - Processing file /opt/airflow/dags/subdags/subdag_downloads.py for tasks to queue
[2025-02-11T06:55:00.685+0000] {logging_mixin.py:120} INFO - [2025-02-11T06:55:00.685+0000] {dagbag.py:537} INFO - Filling up the DagBag from /opt/airflow/dags/subdags/subdag_downloads.py
[2025-02-11T06:55:00.700+0000] {processor.py:768} WARNING - No viable dags retrieved from /opt/airflow/dags/subdags/subdag_downloads.py
[2025-02-11T06:55:00.736+0000] {processor.py:176} INFO - Processing /opt/airflow/dags/subdags/subdag_downloads.py took 0.063 seconds
[2025-02-11T06:55:31.248+0000] {processor.py:154} INFO - Started process (PID=4039) to work on /opt/airflow/dags/subdags/subdag_downloads.py
[2025-02-11T06:55:31.250+0000] {processor.py:756} INFO - Processing file /opt/airflow/dags/subdags/subdag_downloads.py for tasks to queue
[2025-02-11T06:55:31.252+0000] {logging_mixin.py:120} INFO - [2025-02-11T06:55:31.252+0000] {dagbag.py:537} INFO - Filling up the DagBag from /opt/airflow/dags/subdags/subdag_downloads.py
[2025-02-11T06:55:31.276+0000] {processor.py:768} WARNING - No viable dags retrieved from /opt/airflow/dags/subdags/subdag_downloads.py
[2025-02-11T06:55:31.316+0000] {processor.py:176} INFO - Processing /opt/airflow/dags/subdags/subdag_downloads.py took 0.076 seconds
[2025-02-11T06:56:02.215+0000] {processor.py:154} INFO - Started process (PID=4065) to work on /opt/airflow/dags/subdags/subdag_downloads.py
[2025-02-11T06:56:02.216+0000] {processor.py:756} INFO - Processing file /opt/airflow/dags/subdags/subdag_downloads.py for tasks to queue
[2025-02-11T06:56:02.221+0000] {logging_mixin.py:120} INFO - [2025-02-11T06:56:02.218+0000] {dagbag.py:537} INFO - Filling up the DagBag from /opt/airflow/dags/subdags/subdag_downloads.py
[2025-02-11T06:56:02.232+0000] {processor.py:768} WARNING - No viable dags retrieved from /opt/airflow/dags/subdags/subdag_downloads.py
[2025-02-11T06:56:02.256+0000] {processor.py:176} INFO - Processing /opt/airflow/dags/subdags/subdag_downloads.py took 0.047 seconds
[2025-02-11T06:56:32.674+0000] {processor.py:154} INFO - Started process (PID=4090) to work on /opt/airflow/dags/subdags/subdag_downloads.py
[2025-02-11T06:56:32.675+0000] {processor.py:756} INFO - Processing file /opt/airflow/dags/subdags/subdag_downloads.py for tasks to queue
[2025-02-11T06:56:32.676+0000] {logging_mixin.py:120} INFO - [2025-02-11T06:56:32.676+0000] {dagbag.py:537} INFO - Filling up the DagBag from /opt/airflow/dags/subdags/subdag_downloads.py
[2025-02-11T06:56:32.691+0000] {processor.py:768} WARNING - No viable dags retrieved from /opt/airflow/dags/subdags/subdag_downloads.py
[2025-02-11T06:56:32.720+0000] {processor.py:176} INFO - Processing /opt/airflow/dags/subdags/subdag_downloads.py took 0.051 seconds
[2025-02-11T06:57:03.364+0000] {processor.py:154} INFO - Started process (PID=4113) to work on /opt/airflow/dags/subdags/subdag_downloads.py
[2025-02-11T06:57:03.366+0000] {processor.py:756} INFO - Processing file /opt/airflow/dags/subdags/subdag_downloads.py for tasks to queue
[2025-02-11T06:57:03.367+0000] {logging_mixin.py:120} INFO - [2025-02-11T06:57:03.367+0000] {dagbag.py:537} INFO - Filling up the DagBag from /opt/airflow/dags/subdags/subdag_downloads.py
[2025-02-11T06:57:03.377+0000] {processor.py:768} WARNING - No viable dags retrieved from /opt/airflow/dags/subdags/subdag_downloads.py
[2025-02-11T06:57:03.421+0000] {processor.py:176} INFO - Processing /opt/airflow/dags/subdags/subdag_downloads.py took 0.062 seconds
[2025-02-11T06:57:33.835+0000] {processor.py:154} INFO - Started process (PID=4146) to work on /opt/airflow/dags/subdags/subdag_downloads.py
[2025-02-11T06:57:33.837+0000] {processor.py:756} INFO - Processing file /opt/airflow/dags/subdags/subdag_downloads.py for tasks to queue
[2025-02-11T06:57:33.839+0000] {logging_mixin.py:120} INFO - [2025-02-11T06:57:33.839+0000] {dagbag.py:537} INFO - Filling up the DagBag from /opt/airflow/dags/subdags/subdag_downloads.py
[2025-02-11T06:57:33.856+0000] {processor.py:768} WARNING - No viable dags retrieved from /opt/airflow/dags/subdags/subdag_downloads.py
[2025-02-11T06:57:33.899+0000] {processor.py:176} INFO - Processing /opt/airflow/dags/subdags/subdag_downloads.py took 0.071 seconds
[2025-02-11T06:58:04.571+0000] {processor.py:154} INFO - Started process (PID=4169) to work on /opt/airflow/dags/subdags/subdag_downloads.py
[2025-02-11T06:58:04.576+0000] {processor.py:756} INFO - Processing file /opt/airflow/dags/subdags/subdag_downloads.py for tasks to queue
[2025-02-11T06:58:04.578+0000] {logging_mixin.py:120} INFO - [2025-02-11T06:58:04.578+0000] {dagbag.py:537} INFO - Filling up the DagBag from /opt/airflow/dags/subdags/subdag_downloads.py
[2025-02-11T06:58:04.594+0000] {processor.py:768} WARNING - No viable dags retrieved from /opt/airflow/dags/subdags/subdag_downloads.py
[2025-02-11T06:58:04.627+0000] {processor.py:176} INFO - Processing /opt/airflow/dags/subdags/subdag_downloads.py took 0.062 seconds
[2025-02-11T06:58:35.384+0000] {processor.py:154} INFO - Started process (PID=4194) to work on /opt/airflow/dags/subdags/subdag_downloads.py
[2025-02-11T06:58:35.386+0000] {processor.py:756} INFO - Processing file /opt/airflow/dags/subdags/subdag_downloads.py for tasks to queue
[2025-02-11T06:58:35.390+0000] {logging_mixin.py:120} INFO - [2025-02-11T06:58:35.390+0000] {dagbag.py:537} INFO - Filling up the DagBag from /opt/airflow/dags/subdags/subdag_downloads.py
[2025-02-11T06:58:35.404+0000] {processor.py:768} WARNING - No viable dags retrieved from /opt/airflow/dags/subdags/subdag_downloads.py
[2025-02-11T06:58:35.436+0000] {processor.py:176} INFO - Processing /opt/airflow/dags/subdags/subdag_downloads.py took 0.058 seconds
[2025-02-11T06:59:06.242+0000] {processor.py:154} INFO - Started process (PID=4229) to work on /opt/airflow/dags/subdags/subdag_downloads.py
[2025-02-11T06:59:06.244+0000] {processor.py:756} INFO - Processing file /opt/airflow/dags/subdags/subdag_downloads.py for tasks to queue
[2025-02-11T06:59:06.246+0000] {logging_mixin.py:120} INFO - [2025-02-11T06:59:06.246+0000] {dagbag.py:537} INFO - Filling up the DagBag from /opt/airflow/dags/subdags/subdag_downloads.py
[2025-02-11T06:59:06.263+0000] {processor.py:768} WARNING - No viable dags retrieved from /opt/airflow/dags/subdags/subdag_downloads.py
[2025-02-11T06:59:06.336+0000] {processor.py:176} INFO - Processing /opt/airflow/dags/subdags/subdag_downloads.py took 0.107 seconds
[2025-02-11T06:59:36.473+0000] {processor.py:154} INFO - Started process (PID=4254) to work on /opt/airflow/dags/subdags/subdag_downloads.py
[2025-02-11T06:59:36.475+0000] {processor.py:756} INFO - Processing file /opt/airflow/dags/subdags/subdag_downloads.py for tasks to queue
[2025-02-11T06:59:36.476+0000] {logging_mixin.py:120} INFO - [2025-02-11T06:59:36.476+0000] {dagbag.py:537} INFO - Filling up the DagBag from /opt/airflow/dags/subdags/subdag_downloads.py
[2025-02-11T06:59:36.488+0000] {processor.py:768} WARNING - No viable dags retrieved from /opt/airflow/dags/subdags/subdag_downloads.py
[2025-02-11T06:59:36.522+0000] {processor.py:176} INFO - Processing /opt/airflow/dags/subdags/subdag_downloads.py took 0.055 seconds
[2025-02-11T07:00:06.903+0000] {processor.py:154} INFO - Started process (PID=4279) to work on /opt/airflow/dags/subdags/subdag_downloads.py
[2025-02-11T07:00:06.905+0000] {processor.py:756} INFO - Processing file /opt/airflow/dags/subdags/subdag_downloads.py for tasks to queue
[2025-02-11T07:00:06.910+0000] {logging_mixin.py:120} INFO - [2025-02-11T07:00:06.909+0000] {dagbag.py:537} INFO - Filling up the DagBag from /opt/airflow/dags/subdags/subdag_downloads.py
[2025-02-11T07:00:06.928+0000] {processor.py:768} WARNING - No viable dags retrieved from /opt/airflow/dags/subdags/subdag_downloads.py
[2025-02-11T07:00:06.977+0000] {processor.py:176} INFO - Processing /opt/airflow/dags/subdags/subdag_downloads.py took 0.085 seconds
[2025-02-11T07:02:20.618+0000] {processor.py:154} INFO - Started process (PID=55) to work on /opt/airflow/dags/subdags/subdag_downloads.py
[2025-02-11T07:02:20.631+0000] {processor.py:756} INFO - Processing file /opt/airflow/dags/subdags/subdag_downloads.py for tasks to queue
[2025-02-11T07:02:20.634+0000] {logging_mixin.py:120} INFO - [2025-02-11T07:02:20.634+0000] {dagbag.py:537} INFO - Filling up the DagBag from /opt/airflow/dags/subdags/subdag_downloads.py
[2025-02-11T07:02:20.694+0000] {processor.py:768} WARNING - No viable dags retrieved from /opt/airflow/dags/subdags/subdag_downloads.py
[2025-02-11T07:02:20.777+0000] {processor.py:176} INFO - Processing /opt/airflow/dags/subdags/subdag_downloads.py took 0.207 seconds
[2025-02-11T07:02:51.827+0000] {processor.py:154} INFO - Started process (PID=79) to work on /opt/airflow/dags/subdags/subdag_downloads.py
[2025-02-11T07:02:51.831+0000] {processor.py:756} INFO - Processing file /opt/airflow/dags/subdags/subdag_downloads.py for tasks to queue
[2025-02-11T07:02:51.833+0000] {logging_mixin.py:120} INFO - [2025-02-11T07:02:51.833+0000] {dagbag.py:537} INFO - Filling up the DagBag from /opt/airflow/dags/subdags/subdag_downloads.py
[2025-02-11T07:02:51.870+0000] {processor.py:768} WARNING - No viable dags retrieved from /opt/airflow/dags/subdags/subdag_downloads.py
[2025-02-11T07:02:51.923+0000] {processor.py:176} INFO - Processing /opt/airflow/dags/subdags/subdag_downloads.py took 0.103 seconds
[2025-02-11T07:03:22.644+0000] {processor.py:154} INFO - Started process (PID=104) to work on /opt/airflow/dags/subdags/subdag_downloads.py
[2025-02-11T07:03:22.647+0000] {processor.py:756} INFO - Processing file /opt/airflow/dags/subdags/subdag_downloads.py for tasks to queue
[2025-02-11T07:03:22.649+0000] {logging_mixin.py:120} INFO - [2025-02-11T07:03:22.648+0000] {dagbag.py:537} INFO - Filling up the DagBag from /opt/airflow/dags/subdags/subdag_downloads.py
[2025-02-11T07:03:22.671+0000] {processor.py:768} WARNING - No viable dags retrieved from /opt/airflow/dags/subdags/subdag_downloads.py
[2025-02-11T07:03:22.721+0000] {processor.py:176} INFO - Processing /opt/airflow/dags/subdags/subdag_downloads.py took 0.088 seconds
[2025-02-11T07:03:53.638+0000] {processor.py:154} INFO - Started process (PID=128) to work on /opt/airflow/dags/subdags/subdag_downloads.py
[2025-02-11T07:03:53.640+0000] {processor.py:756} INFO - Processing file /opt/airflow/dags/subdags/subdag_downloads.py for tasks to queue
[2025-02-11T07:03:53.643+0000] {logging_mixin.py:120} INFO - [2025-02-11T07:03:53.642+0000] {dagbag.py:537} INFO - Filling up the DagBag from /opt/airflow/dags/subdags/subdag_downloads.py
[2025-02-11T07:03:53.664+0000] {processor.py:768} WARNING - No viable dags retrieved from /opt/airflow/dags/subdags/subdag_downloads.py
[2025-02-11T07:03:53.719+0000] {processor.py:176} INFO - Processing /opt/airflow/dags/subdags/subdag_downloads.py took 0.093 seconds
[2025-02-11T07:04:24.444+0000] {processor.py:154} INFO - Started process (PID=160) to work on /opt/airflow/dags/subdags/subdag_downloads.py
[2025-02-11T07:04:24.461+0000] {processor.py:756} INFO - Processing file /opt/airflow/dags/subdags/subdag_downloads.py for tasks to queue
[2025-02-11T07:04:24.482+0000] {logging_mixin.py:120} INFO - [2025-02-11T07:04:24.482+0000] {dagbag.py:537} INFO - Filling up the DagBag from /opt/airflow/dags/subdags/subdag_downloads.py
[2025-02-11T07:04:24.756+0000] {processor.py:768} WARNING - No viable dags retrieved from /opt/airflow/dags/subdags/subdag_downloads.py
[2025-02-11T07:04:24.980+0000] {processor.py:176} INFO - Processing /opt/airflow/dags/subdags/subdag_downloads.py took 0.593 seconds
[2025-02-11T07:04:55.232+0000] {processor.py:154} INFO - Started process (PID=187) to work on /opt/airflow/dags/subdags/subdag_downloads.py
[2025-02-11T07:04:55.238+0000] {processor.py:756} INFO - Processing file /opt/airflow/dags/subdags/subdag_downloads.py for tasks to queue
[2025-02-11T07:04:55.242+0000] {logging_mixin.py:120} INFO - [2025-02-11T07:04:55.242+0000] {dagbag.py:537} INFO - Filling up the DagBag from /opt/airflow/dags/subdags/subdag_downloads.py
[2025-02-11T07:04:55.266+0000] {processor.py:768} WARNING - No viable dags retrieved from /opt/airflow/dags/subdags/subdag_downloads.py
[2025-02-11T07:04:55.323+0000] {processor.py:176} INFO - Processing /opt/airflow/dags/subdags/subdag_downloads.py took 0.099 seconds
[2025-02-11T07:05:25.482+0000] {processor.py:154} INFO - Started process (PID=212) to work on /opt/airflow/dags/subdags/subdag_downloads.py
[2025-02-11T07:05:25.485+0000] {processor.py:756} INFO - Processing file /opt/airflow/dags/subdags/subdag_downloads.py for tasks to queue
[2025-02-11T07:05:25.486+0000] {logging_mixin.py:120} INFO - [2025-02-11T07:05:25.486+0000] {dagbag.py:537} INFO - Filling up the DagBag from /opt/airflow/dags/subdags/subdag_downloads.py
[2025-02-11T07:05:25.516+0000] {processor.py:768} WARNING - No viable dags retrieved from /opt/airflow/dags/subdags/subdag_downloads.py
[2025-02-11T07:05:25.574+0000] {processor.py:176} INFO - Processing /opt/airflow/dags/subdags/subdag_downloads.py took 0.100 seconds
[2025-02-11T07:05:56.395+0000] {processor.py:154} INFO - Started process (PID=237) to work on /opt/airflow/dags/subdags/subdag_downloads.py
[2025-02-11T07:05:56.397+0000] {processor.py:756} INFO - Processing file /opt/airflow/dags/subdags/subdag_downloads.py for tasks to queue
[2025-02-11T07:05:56.400+0000] {logging_mixin.py:120} INFO - [2025-02-11T07:05:56.400+0000] {dagbag.py:537} INFO - Filling up the DagBag from /opt/airflow/dags/subdags/subdag_downloads.py
[2025-02-11T07:05:56.415+0000] {processor.py:768} WARNING - No viable dags retrieved from /opt/airflow/dags/subdags/subdag_downloads.py
[2025-02-11T07:05:56.453+0000] {processor.py:176} INFO - Processing /opt/airflow/dags/subdags/subdag_downloads.py took 0.068 seconds
[2025-02-11T07:06:27.068+0000] {processor.py:154} INFO - Started process (PID=269) to work on /opt/airflow/dags/subdags/subdag_downloads.py
[2025-02-11T07:06:27.071+0000] {processor.py:756} INFO - Processing file /opt/airflow/dags/subdags/subdag_downloads.py for tasks to queue
[2025-02-11T07:06:27.074+0000] {logging_mixin.py:120} INFO - [2025-02-11T07:06:27.073+0000] {dagbag.py:537} INFO - Filling up the DagBag from /opt/airflow/dags/subdags/subdag_downloads.py
[2025-02-11T07:06:27.097+0000] {processor.py:768} WARNING - No viable dags retrieved from /opt/airflow/dags/subdags/subdag_downloads.py
[2025-02-11T07:06:27.142+0000] {processor.py:176} INFO - Processing /opt/airflow/dags/subdags/subdag_downloads.py took 0.081 seconds
[2025-02-11T07:06:58.004+0000] {processor.py:154} INFO - Started process (PID=296) to work on /opt/airflow/dags/subdags/subdag_downloads.py
[2025-02-11T07:06:58.006+0000] {processor.py:756} INFO - Processing file /opt/airflow/dags/subdags/subdag_downloads.py for tasks to queue
[2025-02-11T07:06:58.008+0000] {logging_mixin.py:120} INFO - [2025-02-11T07:06:58.007+0000] {dagbag.py:537} INFO - Filling up the DagBag from /opt/airflow/dags/subdags/subdag_downloads.py
[2025-02-11T07:06:58.030+0000] {processor.py:768} WARNING - No viable dags retrieved from /opt/airflow/dags/subdags/subdag_downloads.py
[2025-02-11T07:06:58.092+0000] {processor.py:176} INFO - Processing /opt/airflow/dags/subdags/subdag_downloads.py took 0.094 seconds
[2025-02-11T07:07:28.861+0000] {processor.py:154} INFO - Started process (PID=321) to work on /opt/airflow/dags/subdags/subdag_downloads.py
[2025-02-11T07:07:28.863+0000] {processor.py:756} INFO - Processing file /opt/airflow/dags/subdags/subdag_downloads.py for tasks to queue
[2025-02-11T07:07:28.865+0000] {logging_mixin.py:120} INFO - [2025-02-11T07:07:28.865+0000] {dagbag.py:537} INFO - Filling up the DagBag from /opt/airflow/dags/subdags/subdag_downloads.py
[2025-02-11T07:07:28.880+0000] {processor.py:768} WARNING - No viable dags retrieved from /opt/airflow/dags/subdags/subdag_downloads.py
[2025-02-11T07:07:28.907+0000] {processor.py:176} INFO - Processing /opt/airflow/dags/subdags/subdag_downloads.py took 0.052 seconds
[2025-02-11T07:07:59.638+0000] {processor.py:154} INFO - Started process (PID=346) to work on /opt/airflow/dags/subdags/subdag_downloads.py
[2025-02-11T07:07:59.640+0000] {processor.py:756} INFO - Processing file /opt/airflow/dags/subdags/subdag_downloads.py for tasks to queue
[2025-02-11T07:07:59.641+0000] {logging_mixin.py:120} INFO - [2025-02-11T07:07:59.641+0000] {dagbag.py:537} INFO - Filling up the DagBag from /opt/airflow/dags/subdags/subdag_downloads.py
[2025-02-11T07:07:59.658+0000] {processor.py:768} WARNING - No viable dags retrieved from /opt/airflow/dags/subdags/subdag_downloads.py
[2025-02-11T07:07:59.688+0000] {processor.py:176} INFO - Processing /opt/airflow/dags/subdags/subdag_downloads.py took 0.057 seconds
[2025-02-11T07:08:29.762+0000] {processor.py:154} INFO - Started process (PID=377) to work on /opt/airflow/dags/subdags/subdag_downloads.py
[2025-02-11T07:08:29.765+0000] {processor.py:756} INFO - Processing file /opt/airflow/dags/subdags/subdag_downloads.py for tasks to queue
[2025-02-11T07:08:29.767+0000] {logging_mixin.py:120} INFO - [2025-02-11T07:08:29.766+0000] {dagbag.py:537} INFO - Filling up the DagBag from /opt/airflow/dags/subdags/subdag_downloads.py
[2025-02-11T07:08:29.782+0000] {processor.py:768} WARNING - No viable dags retrieved from /opt/airflow/dags/subdags/subdag_downloads.py
[2025-02-11T07:08:29.815+0000] {processor.py:176} INFO - Processing /opt/airflow/dags/subdags/subdag_downloads.py took 0.060 seconds
[2025-02-11T07:09:00.055+0000] {processor.py:154} INFO - Started process (PID=402) to work on /opt/airflow/dags/subdags/subdag_downloads.py
[2025-02-11T07:09:00.059+0000] {processor.py:756} INFO - Processing file /opt/airflow/dags/subdags/subdag_downloads.py for tasks to queue
[2025-02-11T07:09:00.064+0000] {logging_mixin.py:120} INFO - [2025-02-11T07:09:00.064+0000] {dagbag.py:537} INFO - Filling up the DagBag from /opt/airflow/dags/subdags/subdag_downloads.py
[2025-02-11T07:09:00.099+0000] {processor.py:768} WARNING - No viable dags retrieved from /opt/airflow/dags/subdags/subdag_downloads.py
[2025-02-11T07:09:00.143+0000] {processor.py:176} INFO - Processing /opt/airflow/dags/subdags/subdag_downloads.py took 0.095 seconds
[2025-02-11T07:09:30.582+0000] {processor.py:154} INFO - Started process (PID=435) to work on /opt/airflow/dags/subdags/subdag_downloads.py
[2025-02-11T07:09:30.585+0000] {processor.py:756} INFO - Processing file /opt/airflow/dags/subdags/subdag_downloads.py for tasks to queue
[2025-02-11T07:09:30.586+0000] {logging_mixin.py:120} INFO - [2025-02-11T07:09:30.586+0000] {dagbag.py:537} INFO - Filling up the DagBag from /opt/airflow/dags/subdags/subdag_downloads.py
[2025-02-11T07:09:30.612+0000] {processor.py:768} WARNING - No viable dags retrieved from /opt/airflow/dags/subdags/subdag_downloads.py
[2025-02-11T07:09:30.647+0000] {processor.py:176} INFO - Processing /opt/airflow/dags/subdags/subdag_downloads.py took 0.071 seconds
[2025-02-11T07:10:00.884+0000] {processor.py:154} INFO - Started process (PID=462) to work on /opt/airflow/dags/subdags/subdag_downloads.py
[2025-02-11T07:10:00.886+0000] {processor.py:756} INFO - Processing file /opt/airflow/dags/subdags/subdag_downloads.py for tasks to queue
[2025-02-11T07:10:00.889+0000] {logging_mixin.py:120} INFO - [2025-02-11T07:10:00.889+0000] {dagbag.py:537} INFO - Filling up the DagBag from /opt/airflow/dags/subdags/subdag_downloads.py
[2025-02-11T07:10:00.908+0000] {processor.py:768} WARNING - No viable dags retrieved from /opt/airflow/dags/subdags/subdag_downloads.py
[2025-02-11T07:10:00.943+0000] {processor.py:176} INFO - Processing /opt/airflow/dags/subdags/subdag_downloads.py took 0.065 seconds
[2025-02-11T07:10:31.125+0000] {processor.py:154} INFO - Started process (PID=486) to work on /opt/airflow/dags/subdags/subdag_downloads.py
[2025-02-11T07:10:31.128+0000] {processor.py:756} INFO - Processing file /opt/airflow/dags/subdags/subdag_downloads.py for tasks to queue
[2025-02-11T07:10:31.132+0000] {logging_mixin.py:120} INFO - [2025-02-11T07:10:31.132+0000] {dagbag.py:537} INFO - Filling up the DagBag from /opt/airflow/dags/subdags/subdag_downloads.py
[2025-02-11T07:10:31.154+0000] {processor.py:768} WARNING - No viable dags retrieved from /opt/airflow/dags/subdags/subdag_downloads.py
[2025-02-11T07:10:31.201+0000] {processor.py:176} INFO - Processing /opt/airflow/dags/subdags/subdag_downloads.py took 0.082 seconds
[2025-02-11T07:11:02.075+0000] {processor.py:154} INFO - Started process (PID=510) to work on /opt/airflow/dags/subdags/subdag_downloads.py
[2025-02-11T07:11:02.077+0000] {processor.py:756} INFO - Processing file /opt/airflow/dags/subdags/subdag_downloads.py for tasks to queue
[2025-02-11T07:11:02.079+0000] {logging_mixin.py:120} INFO - [2025-02-11T07:11:02.079+0000] {dagbag.py:537} INFO - Filling up the DagBag from /opt/airflow/dags/subdags/subdag_downloads.py
[2025-02-11T07:11:02.099+0000] {processor.py:768} WARNING - No viable dags retrieved from /opt/airflow/dags/subdags/subdag_downloads.py
[2025-02-11T07:11:02.128+0000] {processor.py:176} INFO - Processing /opt/airflow/dags/subdags/subdag_downloads.py took 0.060 seconds
[2025-02-11T07:11:32.379+0000] {processor.py:154} INFO - Started process (PID=544) to work on /opt/airflow/dags/subdags/subdag_downloads.py
[2025-02-11T07:11:32.381+0000] {processor.py:756} INFO - Processing file /opt/airflow/dags/subdags/subdag_downloads.py for tasks to queue
[2025-02-11T07:11:32.383+0000] {logging_mixin.py:120} INFO - [2025-02-11T07:11:32.382+0000] {dagbag.py:537} INFO - Filling up the DagBag from /opt/airflow/dags/subdags/subdag_downloads.py
[2025-02-11T07:11:32.402+0000] {processor.py:768} WARNING - No viable dags retrieved from /opt/airflow/dags/subdags/subdag_downloads.py
[2025-02-11T07:11:32.432+0000] {processor.py:176} INFO - Processing /opt/airflow/dags/subdags/subdag_downloads.py took 0.061 seconds
[2025-02-11T07:12:02.495+0000] {processor.py:154} INFO - Started process (PID=568) to work on /opt/airflow/dags/subdags/subdag_downloads.py
[2025-02-11T07:12:02.498+0000] {processor.py:756} INFO - Processing file /opt/airflow/dags/subdags/subdag_downloads.py for tasks to queue
[2025-02-11T07:12:02.502+0000] {logging_mixin.py:120} INFO - [2025-02-11T07:12:02.502+0000] {dagbag.py:537} INFO - Filling up the DagBag from /opt/airflow/dags/subdags/subdag_downloads.py
[2025-02-11T07:12:02.521+0000] {processor.py:768} WARNING - No viable dags retrieved from /opt/airflow/dags/subdags/subdag_downloads.py
[2025-02-11T07:12:02.579+0000] {processor.py:176} INFO - Processing /opt/airflow/dags/subdags/subdag_downloads.py took 0.092 seconds
[2025-02-11T07:12:32.647+0000] {processor.py:154} INFO - Started process (PID=593) to work on /opt/airflow/dags/subdags/subdag_downloads.py
[2025-02-11T07:12:32.649+0000] {processor.py:756} INFO - Processing file /opt/airflow/dags/subdags/subdag_downloads.py for tasks to queue
[2025-02-11T07:12:32.651+0000] {logging_mixin.py:120} INFO - [2025-02-11T07:12:32.650+0000] {dagbag.py:537} INFO - Filling up the DagBag from /opt/airflow/dags/subdags/subdag_downloads.py
[2025-02-11T07:12:32.664+0000] {processor.py:768} WARNING - No viable dags retrieved from /opt/airflow/dags/subdags/subdag_downloads.py
[2025-02-11T07:12:32.697+0000] {processor.py:176} INFO - Processing /opt/airflow/dags/subdags/subdag_downloads.py took 0.057 seconds
[2025-02-11T07:13:02.830+0000] {processor.py:154} INFO - Started process (PID=618) to work on /opt/airflow/dags/subdags/subdag_downloads.py
[2025-02-11T07:13:02.832+0000] {processor.py:756} INFO - Processing file /opt/airflow/dags/subdags/subdag_downloads.py for tasks to queue
[2025-02-11T07:13:02.833+0000] {logging_mixin.py:120} INFO - [2025-02-11T07:13:02.833+0000] {dagbag.py:537} INFO - Filling up the DagBag from /opt/airflow/dags/subdags/subdag_downloads.py
[2025-02-11T07:13:02.846+0000] {processor.py:768} WARNING - No viable dags retrieved from /opt/airflow/dags/subdags/subdag_downloads.py
[2025-02-11T07:13:02.874+0000] {processor.py:176} INFO - Processing /opt/airflow/dags/subdags/subdag_downloads.py took 0.052 seconds
[2025-02-11T07:13:33.552+0000] {processor.py:154} INFO - Started process (PID=651) to work on /opt/airflow/dags/subdags/subdag_downloads.py
[2025-02-11T07:13:33.555+0000] {processor.py:756} INFO - Processing file /opt/airflow/dags/subdags/subdag_downloads.py for tasks to queue
[2025-02-11T07:13:33.562+0000] {logging_mixin.py:120} INFO - [2025-02-11T07:13:33.562+0000] {dagbag.py:537} INFO - Filling up the DagBag from /opt/airflow/dags/subdags/subdag_downloads.py
[2025-02-11T07:13:33.579+0000] {processor.py:768} WARNING - No viable dags retrieved from /opt/airflow/dags/subdags/subdag_downloads.py
[2025-02-11T07:13:33.624+0000] {processor.py:176} INFO - Processing /opt/airflow/dags/subdags/subdag_downloads.py took 0.079 seconds
[2025-02-11T07:14:04.042+0000] {processor.py:154} INFO - Started process (PID=675) to work on /opt/airflow/dags/subdags/subdag_downloads.py
[2025-02-11T07:14:04.044+0000] {processor.py:756} INFO - Processing file /opt/airflow/dags/subdags/subdag_downloads.py for tasks to queue
[2025-02-11T07:14:04.046+0000] {logging_mixin.py:120} INFO - [2025-02-11T07:14:04.046+0000] {dagbag.py:537} INFO - Filling up the DagBag from /opt/airflow/dags/subdags/subdag_downloads.py
[2025-02-11T07:14:04.061+0000] {processor.py:768} WARNING - No viable dags retrieved from /opt/airflow/dags/subdags/subdag_downloads.py
[2025-02-11T07:14:04.114+0000] {processor.py:176} INFO - Processing /opt/airflow/dags/subdags/subdag_downloads.py took 0.082 seconds
[2025-02-11T07:14:34.730+0000] {processor.py:154} INFO - Started process (PID=700) to work on /opt/airflow/dags/subdags/subdag_downloads.py
[2025-02-11T07:14:34.733+0000] {processor.py:756} INFO - Processing file /opt/airflow/dags/subdags/subdag_downloads.py for tasks to queue
[2025-02-11T07:14:34.736+0000] {logging_mixin.py:120} INFO - [2025-02-11T07:14:34.735+0000] {dagbag.py:537} INFO - Filling up the DagBag from /opt/airflow/dags/subdags/subdag_downloads.py
[2025-02-11T07:14:34.755+0000] {processor.py:768} WARNING - No viable dags retrieved from /opt/airflow/dags/subdags/subdag_downloads.py
[2025-02-11T07:14:34.823+0000] {processor.py:176} INFO - Processing /opt/airflow/dags/subdags/subdag_downloads.py took 0.099 seconds
[2025-02-11T07:15:05.013+0000] {processor.py:154} INFO - Started process (PID=725) to work on /opt/airflow/dags/subdags/subdag_downloads.py
[2025-02-11T07:15:05.015+0000] {processor.py:756} INFO - Processing file /opt/airflow/dags/subdags/subdag_downloads.py for tasks to queue
[2025-02-11T07:15:05.018+0000] {logging_mixin.py:120} INFO - [2025-02-11T07:15:05.018+0000] {dagbag.py:537} INFO - Filling up the DagBag from /opt/airflow/dags/subdags/subdag_downloads.py
[2025-02-11T07:15:05.029+0000] {processor.py:768} WARNING - No viable dags retrieved from /opt/airflow/dags/subdags/subdag_downloads.py
[2025-02-11T07:15:05.069+0000] {processor.py:176} INFO - Processing /opt/airflow/dags/subdags/subdag_downloads.py took 0.061 seconds
[2025-02-11T07:15:35.108+0000] {processor.py:154} INFO - Started process (PID=749) to work on /opt/airflow/dags/subdags/subdag_downloads.py
[2025-02-11T07:15:35.110+0000] {processor.py:756} INFO - Processing file /opt/airflow/dags/subdags/subdag_downloads.py for tasks to queue
[2025-02-11T07:15:35.112+0000] {logging_mixin.py:120} INFO - [2025-02-11T07:15:35.111+0000] {dagbag.py:537} INFO - Filling up the DagBag from /opt/airflow/dags/subdags/subdag_downloads.py
[2025-02-11T07:15:35.124+0000] {processor.py:768} WARNING - No viable dags retrieved from /opt/airflow/dags/subdags/subdag_downloads.py
[2025-02-11T07:15:35.155+0000] {processor.py:176} INFO - Processing /opt/airflow/dags/subdags/subdag_downloads.py took 0.054 seconds
[2025-02-11T07:16:05.203+0000] {processor.py:154} INFO - Started process (PID=783) to work on /opt/airflow/dags/subdags/subdag_downloads.py
[2025-02-11T07:16:05.205+0000] {processor.py:756} INFO - Processing file /opt/airflow/dags/subdags/subdag_downloads.py for tasks to queue
[2025-02-11T07:16:05.206+0000] {logging_mixin.py:120} INFO - [2025-02-11T07:16:05.206+0000] {dagbag.py:537} INFO - Filling up the DagBag from /opt/airflow/dags/subdags/subdag_downloads.py
[2025-02-11T07:16:05.224+0000] {processor.py:768} WARNING - No viable dags retrieved from /opt/airflow/dags/subdags/subdag_downloads.py
[2025-02-11T07:16:05.266+0000] {processor.py:176} INFO - Processing /opt/airflow/dags/subdags/subdag_downloads.py took 0.070 seconds
[2025-02-11T07:16:35.367+0000] {processor.py:154} INFO - Started process (PID=808) to work on /opt/airflow/dags/subdags/subdag_downloads.py
[2025-02-11T07:16:35.369+0000] {processor.py:756} INFO - Processing file /opt/airflow/dags/subdags/subdag_downloads.py for tasks to queue
[2025-02-11T07:16:35.371+0000] {logging_mixin.py:120} INFO - [2025-02-11T07:16:35.370+0000] {dagbag.py:537} INFO - Filling up the DagBag from /opt/airflow/dags/subdags/subdag_downloads.py
[2025-02-11T07:16:35.385+0000] {processor.py:768} WARNING - No viable dags retrieved from /opt/airflow/dags/subdags/subdag_downloads.py
[2025-02-11T07:16:35.417+0000] {processor.py:176} INFO - Processing /opt/airflow/dags/subdags/subdag_downloads.py took 0.058 seconds
[2025-02-11T07:17:05.879+0000] {processor.py:154} INFO - Started process (PID=834) to work on /opt/airflow/dags/subdags/subdag_downloads.py
[2025-02-11T07:17:05.880+0000] {processor.py:756} INFO - Processing file /opt/airflow/dags/subdags/subdag_downloads.py for tasks to queue
[2025-02-11T07:17:05.881+0000] {logging_mixin.py:120} INFO - [2025-02-11T07:17:05.881+0000] {dagbag.py:537} INFO - Filling up the DagBag from /opt/airflow/dags/subdags/subdag_downloads.py
[2025-02-11T07:17:05.894+0000] {processor.py:768} WARNING - No viable dags retrieved from /opt/airflow/dags/subdags/subdag_downloads.py
[2025-02-11T07:17:05.922+0000] {processor.py:176} INFO - Processing /opt/airflow/dags/subdags/subdag_downloads.py took 0.049 seconds
[2025-02-11T07:17:34.881+0000] {processor.py:154} INFO - Started process (PID=866) to work on /opt/airflow/dags/subdags/subdag_downloads.py
[2025-02-11T07:17:34.883+0000] {processor.py:756} INFO - Processing file /opt/airflow/dags/subdags/subdag_downloads.py for tasks to queue
[2025-02-11T07:17:34.885+0000] {logging_mixin.py:120} INFO - [2025-02-11T07:17:34.885+0000] {dagbag.py:537} INFO - Filling up the DagBag from /opt/airflow/dags/subdags/subdag_downloads.py
[2025-02-11T07:17:34.904+0000] {processor.py:768} WARNING - No viable dags retrieved from /opt/airflow/dags/subdags/subdag_downloads.py
[2025-02-11T07:17:34.938+0000] {processor.py:176} INFO - Processing /opt/airflow/dags/subdags/subdag_downloads.py took 0.065 seconds
[2025-02-11T07:18:05.485+0000] {processor.py:154} INFO - Started process (PID=890) to work on /opt/airflow/dags/subdags/subdag_downloads.py
[2025-02-11T07:18:05.489+0000] {processor.py:756} INFO - Processing file /opt/airflow/dags/subdags/subdag_downloads.py for tasks to queue
[2025-02-11T07:18:05.494+0000] {logging_mixin.py:120} INFO - [2025-02-11T07:18:05.494+0000] {dagbag.py:537} INFO - Filling up the DagBag from /opt/airflow/dags/subdags/subdag_downloads.py
[2025-02-11T07:18:05.514+0000] {processor.py:768} WARNING - No viable dags retrieved from /opt/airflow/dags/subdags/subdag_downloads.py
[2025-02-11T07:18:05.637+0000] {processor.py:176} INFO - Processing /opt/airflow/dags/subdags/subdag_downloads.py took 0.163 seconds
[2025-02-11T07:18:35.898+0000] {processor.py:154} INFO - Started process (PID=915) to work on /opt/airflow/dags/subdags/subdag_downloads.py
[2025-02-11T07:18:35.902+0000] {processor.py:756} INFO - Processing file /opt/airflow/dags/subdags/subdag_downloads.py for tasks to queue
[2025-02-11T07:18:35.905+0000] {logging_mixin.py:120} INFO - [2025-02-11T07:18:35.904+0000] {dagbag.py:537} INFO - Filling up the DagBag from /opt/airflow/dags/subdags/subdag_downloads.py
[2025-02-11T07:18:35.926+0000] {processor.py:768} WARNING - No viable dags retrieved from /opt/airflow/dags/subdags/subdag_downloads.py
[2025-02-11T07:18:35.975+0000] {processor.py:176} INFO - Processing /opt/airflow/dags/subdags/subdag_downloads.py took 0.086 seconds
[2025-02-11T07:19:06.123+0000] {processor.py:154} INFO - Started process (PID=940) to work on /opt/airflow/dags/subdags/subdag_downloads.py
[2025-02-11T07:19:06.126+0000] {processor.py:756} INFO - Processing file /opt/airflow/dags/subdags/subdag_downloads.py for tasks to queue
[2025-02-11T07:19:06.127+0000] {logging_mixin.py:120} INFO - [2025-02-11T07:19:06.127+0000] {dagbag.py:537} INFO - Filling up the DagBag from /opt/airflow/dags/subdags/subdag_downloads.py
[2025-02-11T07:19:06.142+0000] {processor.py:768} WARNING - No viable dags retrieved from /opt/airflow/dags/subdags/subdag_downloads.py
[2025-02-11T07:19:06.187+0000] {processor.py:176} INFO - Processing /opt/airflow/dags/subdags/subdag_downloads.py took 0.072 seconds
[2025-02-11T07:19:36.304+0000] {processor.py:154} INFO - Started process (PID=974) to work on /opt/airflow/dags/subdags/subdag_downloads.py
[2025-02-11T07:19:36.307+0000] {processor.py:756} INFO - Processing file /opt/airflow/dags/subdags/subdag_downloads.py for tasks to queue
[2025-02-11T07:19:36.310+0000] {logging_mixin.py:120} INFO - [2025-02-11T07:19:36.310+0000] {dagbag.py:537} INFO - Filling up the DagBag from /opt/airflow/dags/subdags/subdag_downloads.py
[2025-02-11T07:19:36.326+0000] {processor.py:768} WARNING - No viable dags retrieved from /opt/airflow/dags/subdags/subdag_downloads.py
[2025-02-11T07:19:36.359+0000] {processor.py:176} INFO - Processing /opt/airflow/dags/subdags/subdag_downloads.py took 0.064 seconds
[2025-02-11T07:20:06.979+0000] {processor.py:154} INFO - Started process (PID=999) to work on /opt/airflow/dags/subdags/subdag_downloads.py
[2025-02-11T07:20:06.982+0000] {processor.py:756} INFO - Processing file /opt/airflow/dags/subdags/subdag_downloads.py for tasks to queue
[2025-02-11T07:20:06.985+0000] {logging_mixin.py:120} INFO - [2025-02-11T07:20:06.984+0000] {dagbag.py:537} INFO - Filling up the DagBag from /opt/airflow/dags/subdags/subdag_downloads.py
[2025-02-11T07:20:07.004+0000] {processor.py:768} WARNING - No viable dags retrieved from /opt/airflow/dags/subdags/subdag_downloads.py
[2025-02-11T07:20:07.041+0000] {processor.py:176} INFO - Processing /opt/airflow/dags/subdags/subdag_downloads.py took 0.068 seconds
[2025-02-11T07:20:37.829+0000] {processor.py:154} INFO - Started process (PID=1024) to work on /opt/airflow/dags/subdags/subdag_downloads.py
[2025-02-11T07:20:37.831+0000] {processor.py:756} INFO - Processing file /opt/airflow/dags/subdags/subdag_downloads.py for tasks to queue
[2025-02-11T07:20:37.832+0000] {logging_mixin.py:120} INFO - [2025-02-11T07:20:37.832+0000] {dagbag.py:537} INFO - Filling up the DagBag from /opt/airflow/dags/subdags/subdag_downloads.py
[2025-02-11T07:20:37.844+0000] {processor.py:768} WARNING - No viable dags retrieved from /opt/airflow/dags/subdags/subdag_downloads.py
[2025-02-11T07:20:37.877+0000] {processor.py:176} INFO - Processing /opt/airflow/dags/subdags/subdag_downloads.py took 0.055 seconds
[2025-02-11T07:21:08.000+0000] {processor.py:154} INFO - Started process (PID=1050) to work on /opt/airflow/dags/subdags/subdag_downloads.py
[2025-02-11T07:21:08.003+0000] {processor.py:756} INFO - Processing file /opt/airflow/dags/subdags/subdag_downloads.py for tasks to queue
[2025-02-11T07:21:08.004+0000] {logging_mixin.py:120} INFO - [2025-02-11T07:21:08.004+0000] {dagbag.py:537} INFO - Filling up the DagBag from /opt/airflow/dags/subdags/subdag_downloads.py
[2025-02-11T07:21:08.018+0000] {processor.py:768} WARNING - No viable dags retrieved from /opt/airflow/dags/subdags/subdag_downloads.py
[2025-02-11T07:21:08.071+0000] {processor.py:176} INFO - Processing /opt/airflow/dags/subdags/subdag_downloads.py took 0.079 seconds
[2025-02-11T07:21:38.221+0000] {processor.py:154} INFO - Started process (PID=1084) to work on /opt/airflow/dags/subdags/subdag_downloads.py
[2025-02-11T07:21:38.224+0000] {processor.py:756} INFO - Processing file /opt/airflow/dags/subdags/subdag_downloads.py for tasks to queue
[2025-02-11T07:21:38.227+0000] {logging_mixin.py:120} INFO - [2025-02-11T07:21:38.226+0000] {dagbag.py:537} INFO - Filling up the DagBag from /opt/airflow/dags/subdags/subdag_downloads.py
[2025-02-11T07:21:38.251+0000] {processor.py:768} WARNING - No viable dags retrieved from /opt/airflow/dags/subdags/subdag_downloads.py
[2025-02-11T07:21:38.288+0000] {processor.py:176} INFO - Processing /opt/airflow/dags/subdags/subdag_downloads.py took 0.075 seconds
[2025-02-11T07:22:09.237+0000] {processor.py:154} INFO - Started process (PID=1109) to work on /opt/airflow/dags/subdags/subdag_downloads.py
[2025-02-11T07:22:09.239+0000] {processor.py:756} INFO - Processing file /opt/airflow/dags/subdags/subdag_downloads.py for tasks to queue
[2025-02-11T07:22:09.241+0000] {logging_mixin.py:120} INFO - [2025-02-11T07:22:09.240+0000] {dagbag.py:537} INFO - Filling up the DagBag from /opt/airflow/dags/subdags/subdag_downloads.py
[2025-02-11T07:22:09.258+0000] {processor.py:768} WARNING - No viable dags retrieved from /opt/airflow/dags/subdags/subdag_downloads.py
[2025-02-11T07:22:09.302+0000] {processor.py:176} INFO - Processing /opt/airflow/dags/subdags/subdag_downloads.py took 0.071 seconds
[2025-02-11T07:22:39.609+0000] {processor.py:154} INFO - Started process (PID=1134) to work on /opt/airflow/dags/subdags/subdag_downloads.py
[2025-02-11T07:22:39.611+0000] {processor.py:756} INFO - Processing file /opt/airflow/dags/subdags/subdag_downloads.py for tasks to queue
[2025-02-11T07:22:39.613+0000] {logging_mixin.py:120} INFO - [2025-02-11T07:22:39.613+0000] {dagbag.py:537} INFO - Filling up the DagBag from /opt/airflow/dags/subdags/subdag_downloads.py
[2025-02-11T07:22:39.631+0000] {processor.py:768} WARNING - No viable dags retrieved from /opt/airflow/dags/subdags/subdag_downloads.py
[2025-02-11T07:22:39.678+0000] {processor.py:176} INFO - Processing /opt/airflow/dags/subdags/subdag_downloads.py took 0.078 seconds
[2025-02-11T07:23:10.052+0000] {processor.py:154} INFO - Started process (PID=1159) to work on /opt/airflow/dags/subdags/subdag_downloads.py
[2025-02-11T07:23:10.054+0000] {processor.py:756} INFO - Processing file /opt/airflow/dags/subdags/subdag_downloads.py for tasks to queue
[2025-02-11T07:23:10.056+0000] {logging_mixin.py:120} INFO - [2025-02-11T07:23:10.055+0000] {dagbag.py:537} INFO - Filling up the DagBag from /opt/airflow/dags/subdags/subdag_downloads.py
[2025-02-11T07:23:10.067+0000] {processor.py:768} WARNING - No viable dags retrieved from /opt/airflow/dags/subdags/subdag_downloads.py
[2025-02-11T07:23:10.095+0000] {processor.py:176} INFO - Processing /opt/airflow/dags/subdags/subdag_downloads.py took 0.061 seconds
[2025-02-11T07:23:40.471+0000] {processor.py:154} INFO - Started process (PID=1194) to work on /opt/airflow/dags/subdags/subdag_downloads.py
[2025-02-11T07:23:40.473+0000] {processor.py:756} INFO - Processing file /opt/airflow/dags/subdags/subdag_downloads.py for tasks to queue
[2025-02-11T07:23:40.476+0000] {logging_mixin.py:120} INFO - [2025-02-11T07:23:40.476+0000] {dagbag.py:537} INFO - Filling up the DagBag from /opt/airflow/dags/subdags/subdag_downloads.py
[2025-02-11T07:23:40.498+0000] {processor.py:768} WARNING - No viable dags retrieved from /opt/airflow/dags/subdags/subdag_downloads.py
[2025-02-11T07:23:40.560+0000] {processor.py:176} INFO - Processing /opt/airflow/dags/subdags/subdag_downloads.py took 0.097 seconds
[2025-02-11T07:24:11.010+0000] {processor.py:154} INFO - Started process (PID=1219) to work on /opt/airflow/dags/subdags/subdag_downloads.py
[2025-02-11T07:24:11.014+0000] {processor.py:756} INFO - Processing file /opt/airflow/dags/subdags/subdag_downloads.py for tasks to queue
[2025-02-11T07:24:11.016+0000] {logging_mixin.py:120} INFO - [2025-02-11T07:24:11.016+0000] {dagbag.py:537} INFO - Filling up the DagBag from /opt/airflow/dags/subdags/subdag_downloads.py
[2025-02-11T07:24:11.036+0000] {processor.py:768} WARNING - No viable dags retrieved from /opt/airflow/dags/subdags/subdag_downloads.py
[2025-02-11T07:24:11.076+0000] {processor.py:176} INFO - Processing /opt/airflow/dags/subdags/subdag_downloads.py took 0.074 seconds
[2025-02-11T07:24:41.217+0000] {processor.py:154} INFO - Started process (PID=1242) to work on /opt/airflow/dags/subdags/subdag_downloads.py
[2025-02-11T07:24:41.219+0000] {processor.py:756} INFO - Processing file /opt/airflow/dags/subdags/subdag_downloads.py for tasks to queue
[2025-02-11T07:24:41.221+0000] {logging_mixin.py:120} INFO - [2025-02-11T07:24:41.221+0000] {dagbag.py:537} INFO - Filling up the DagBag from /opt/airflow/dags/subdags/subdag_downloads.py
[2025-02-11T07:24:41.233+0000] {processor.py:768} WARNING - No viable dags retrieved from /opt/airflow/dags/subdags/subdag_downloads.py
[2025-02-11T07:24:41.271+0000] {processor.py:176} INFO - Processing /opt/airflow/dags/subdags/subdag_downloads.py took 0.060 seconds
[2025-02-11T07:25:11.869+0000] {processor.py:154} INFO - Started process (PID=1266) to work on /opt/airflow/dags/subdags/subdag_downloads.py
[2025-02-11T07:25:11.871+0000] {processor.py:756} INFO - Processing file /opt/airflow/dags/subdags/subdag_downloads.py for tasks to queue
[2025-02-11T07:25:11.873+0000] {logging_mixin.py:120} INFO - [2025-02-11T07:25:11.872+0000] {dagbag.py:537} INFO - Filling up the DagBag from /opt/airflow/dags/subdags/subdag_downloads.py
[2025-02-11T07:25:11.883+0000] {processor.py:768} WARNING - No viable dags retrieved from /opt/airflow/dags/subdags/subdag_downloads.py
[2025-02-11T07:25:11.912+0000] {processor.py:176} INFO - Processing /opt/airflow/dags/subdags/subdag_downloads.py took 0.051 seconds
[2025-02-11T07:25:43.350+0000] {processor.py:154} INFO - Started process (PID=1301) to work on /opt/airflow/dags/subdags/subdag_downloads.py
[2025-02-11T07:25:43.376+0000] {processor.py:756} INFO - Processing file /opt/airflow/dags/subdags/subdag_downloads.py for tasks to queue
[2025-02-11T07:25:43.380+0000] {logging_mixin.py:120} INFO - [2025-02-11T07:25:43.380+0000] {dagbag.py:537} INFO - Filling up the DagBag from /opt/airflow/dags/subdags/subdag_downloads.py
[2025-02-11T07:25:43.471+0000] {processor.py:768} WARNING - No viable dags retrieved from /opt/airflow/dags/subdags/subdag_downloads.py
[2025-02-11T07:25:43.582+0000] {processor.py:176} INFO - Processing /opt/airflow/dags/subdags/subdag_downloads.py took 0.338 seconds
[2025-02-11T07:26:13.812+0000] {processor.py:154} INFO - Started process (PID=1317) to work on /opt/airflow/dags/subdags/subdag_downloads.py
[2025-02-11T07:26:13.814+0000] {processor.py:756} INFO - Processing file /opt/airflow/dags/subdags/subdag_downloads.py for tasks to queue
[2025-02-11T07:26:13.815+0000] {logging_mixin.py:120} INFO - [2025-02-11T07:26:13.815+0000] {dagbag.py:537} INFO - Filling up the DagBag from /opt/airflow/dags/subdags/subdag_downloads.py
[2025-02-11T07:26:13.841+0000] {processor.py:768} WARNING - No viable dags retrieved from /opt/airflow/dags/subdags/subdag_downloads.py
[2025-02-11T07:26:13.878+0000] {processor.py:176} INFO - Processing /opt/airflow/dags/subdags/subdag_downloads.py took 0.073 seconds
[2025-02-11T07:26:44.583+0000] {processor.py:154} INFO - Started process (PID=1342) to work on /opt/airflow/dags/subdags/subdag_downloads.py
[2025-02-11T07:26:44.586+0000] {processor.py:756} INFO - Processing file /opt/airflow/dags/subdags/subdag_downloads.py for tasks to queue
[2025-02-11T07:26:44.590+0000] {logging_mixin.py:120} INFO - [2025-02-11T07:26:44.590+0000] {dagbag.py:537} INFO - Filling up the DagBag from /opt/airflow/dags/subdags/subdag_downloads.py
[2025-02-11T07:26:44.615+0000] {processor.py:768} WARNING - No viable dags retrieved from /opt/airflow/dags/subdags/subdag_downloads.py
[2025-02-11T07:26:44.654+0000] {processor.py:176} INFO - Processing /opt/airflow/dags/subdags/subdag_downloads.py took 0.081 seconds
[2025-02-11T07:27:14.972+0000] {processor.py:154} INFO - Started process (PID=1376) to work on /opt/airflow/dags/subdags/subdag_downloads.py
[2025-02-11T07:27:14.973+0000] {processor.py:756} INFO - Processing file /opt/airflow/dags/subdags/subdag_downloads.py for tasks to queue
[2025-02-11T07:27:14.975+0000] {logging_mixin.py:120} INFO - [2025-02-11T07:27:14.974+0000] {dagbag.py:537} INFO - Filling up the DagBag from /opt/airflow/dags/subdags/subdag_downloads.py
[2025-02-11T07:27:14.987+0000] {processor.py:768} WARNING - No viable dags retrieved from /opt/airflow/dags/subdags/subdag_downloads.py
[2025-02-11T07:27:15.013+0000] {processor.py:176} INFO - Processing /opt/airflow/dags/subdags/subdag_downloads.py took 0.047 seconds
[2025-02-11T07:27:45.306+0000] {processor.py:154} INFO - Started process (PID=1402) to work on /opt/airflow/dags/subdags/subdag_downloads.py
[2025-02-11T07:27:45.308+0000] {processor.py:756} INFO - Processing file /opt/airflow/dags/subdags/subdag_downloads.py for tasks to queue
[2025-02-11T07:27:45.309+0000] {logging_mixin.py:120} INFO - [2025-02-11T07:27:45.309+0000] {dagbag.py:537} INFO - Filling up the DagBag from /opt/airflow/dags/subdags/subdag_downloads.py
[2025-02-11T07:27:45.321+0000] {processor.py:768} WARNING - No viable dags retrieved from /opt/airflow/dags/subdags/subdag_downloads.py
[2025-02-11T07:27:45.350+0000] {processor.py:176} INFO - Processing /opt/airflow/dags/subdags/subdag_downloads.py took 0.051 seconds
