[2025-02-11T06:29:17.406+0000] {taskinstance.py:1165} INFO - Dependencies all met for <TaskInstance: parallel_dag.transform manual__2025-02-11T06:29:05.952472+00:00 [queued]>
[2025-02-11T06:29:17.425+0000] {taskinstance.py:1165} INFO - Dependencies all met for <TaskInstance: parallel_dag.transform manual__2025-02-11T06:29:05.952472+00:00 [queued]>
[2025-02-11T06:29:17.426+0000] {taskinstance.py:1362} INFO - 
--------------------------------------------------------------------------------
[2025-02-11T06:29:17.426+0000] {taskinstance.py:1363} INFO - Starting attempt 1 of 1
[2025-02-11T06:29:17.426+0000] {taskinstance.py:1364} INFO - 
--------------------------------------------------------------------------------
[2025-02-11T06:29:17.458+0000] {taskinstance.py:1383} INFO - Executing <Task(BashOperator): transform> on 2025-02-11 06:29:05.952472+00:00
[2025-02-11T06:29:17.470+0000] {standard_task_runner.py:55} INFO - Started process 2136 to run task
[2025-02-11T06:29:17.478+0000] {standard_task_runner.py:82} INFO - Running: ['***', 'tasks', 'run', 'parallel_dag', 'transform', 'manual__2025-02-11T06:29:05.952472+00:00', '--job-id', '65', '--raw', '--subdir', 'DAGS_FOLDER/parallel_dag.py', '--cfg-path', '/tmp/tmp8n8xnywv']
[2025-02-11T06:29:17.480+0000] {standard_task_runner.py:83} INFO - Job 65: Subtask transform
[2025-02-11T06:29:17.778+0000] {task_command.py:376} INFO - Running <TaskInstance: parallel_dag.transform manual__2025-02-11T06:29:05.952472+00:00 [running]> on host 192c3f41754c
[2025-02-11T06:29:18.029+0000] {taskinstance.py:1592} INFO - Exporting the following env vars:
AIRFLOW_CTX_DAG_OWNER=***
AIRFLOW_CTX_DAG_ID=parallel_dag
AIRFLOW_CTX_TASK_ID=transform
AIRFLOW_CTX_EXECUTION_DATE=2025-02-11T06:29:05.952472+00:00
AIRFLOW_CTX_TRY_NUMBER=1
AIRFLOW_CTX_DAG_RUN_ID=manual__2025-02-11T06:29:05.952472+00:00
[2025-02-11T06:29:18.032+0000] {subprocess.py:63} INFO - Tmp dir root location: 
 /tmp
[2025-02-11T06:29:18.034+0000] {subprocess.py:75} INFO - Running command: ['/bin/bash', '-c', 'sleep 30']
[2025-02-11T06:29:18.058+0000] {subprocess.py:86} INFO - Output:
[2025-02-11T06:29:48.068+0000] {subprocess.py:97} INFO - Command exited with return code 0
[2025-02-11T06:29:48.128+0000] {taskinstance.py:1406} INFO - Marking task as SUCCESS. dag_id=parallel_dag, task_id=transform, execution_date=20250211T062905, start_date=20250211T062917, end_date=20250211T062948
[2025-02-11T06:29:48.211+0000] {local_task_job.py:164} INFO - Task exited with return code 0
[2025-02-11T06:29:48.260+0000] {local_task_job.py:273} INFO - 0 downstream tasks scheduled from follow-on schedule check
