[2025-01-28T08:11:39.377+0000] {taskinstance.py:1165} INFO - Dependencies all met for <TaskInstance: example_bash_operator.run_after_loop scheduled__2025-01-27T00:00:00+00:00 [queued]>
[2025-01-28T08:11:39.394+0000] {taskinstance.py:1165} INFO - Dependencies all met for <TaskInstance: example_bash_operator.run_after_loop scheduled__2025-01-27T00:00:00+00:00 [queued]>
[2025-01-28T08:11:39.395+0000] {taskinstance.py:1362} INFO - 
--------------------------------------------------------------------------------
[2025-01-28T08:11:39.395+0000] {taskinstance.py:1363} INFO - Starting attempt 1 of 1
[2025-01-28T08:11:39.395+0000] {taskinstance.py:1364} INFO - 
--------------------------------------------------------------------------------
[2025-01-28T08:11:39.418+0000] {taskinstance.py:1383} INFO - Executing <Task(BashOperator): run_after_loop> on 2025-01-27 00:00:00+00:00
[2025-01-28T08:11:39.424+0000] {standard_task_runner.py:55} INFO - Started process 2848 to run task
[2025-01-28T08:11:39.429+0000] {standard_task_runner.py:82} INFO - Running: ['***', 'tasks', 'run', 'example_bash_operator', 'run_after_loop', 'scheduled__2025-01-27T00:00:00+00:00', '--job-id', '10', '--raw', '--subdir', '/home/***/.local/lib/python3.7/site-packages/***/example_dags/example_bash_operator.py', '--cfg-path', '/tmp/tmpkhm7ueo4']
[2025-01-28T08:11:39.431+0000] {standard_task_runner.py:83} INFO - Job 10: Subtask run_after_loop
[2025-01-28T08:11:39.531+0000] {task_command.py:376} INFO - Running <TaskInstance: example_bash_operator.run_after_loop scheduled__2025-01-27T00:00:00+00:00 [running]> on host fb1f760c5ca3
[2025-01-28T08:11:39.637+0000] {taskinstance.py:1592} INFO - Exporting the following env vars:
AIRFLOW_CTX_DAG_OWNER=***
AIRFLOW_CTX_DAG_ID=example_bash_operator
AIRFLOW_CTX_TASK_ID=run_after_loop
AIRFLOW_CTX_EXECUTION_DATE=2025-01-27T00:00:00+00:00
AIRFLOW_CTX_TRY_NUMBER=1
AIRFLOW_CTX_DAG_RUN_ID=scheduled__2025-01-27T00:00:00+00:00
[2025-01-28T08:11:39.639+0000] {subprocess.py:63} INFO - Tmp dir root location: 
 /tmp
[2025-01-28T08:11:39.640+0000] {subprocess.py:75} INFO - Running command: ['/bin/bash', '-c', 'echo 1']
[2025-01-28T08:11:39.653+0000] {subprocess.py:86} INFO - Output:
[2025-01-28T08:11:39.656+0000] {subprocess.py:93} INFO - 1
[2025-01-28T08:11:39.656+0000] {subprocess.py:97} INFO - Command exited with return code 0
[2025-01-28T08:11:39.698+0000] {taskinstance.py:1406} INFO - Marking task as SUCCESS. dag_id=example_bash_operator, task_id=run_after_loop, execution_date=20250127T000000, start_date=20250128T081139, end_date=20250128T081139
[2025-01-28T08:11:39.734+0000] {local_task_job.py:164} INFO - Task exited with return code 0
[2025-01-28T08:11:39.765+0000] {local_task_job.py:273} INFO - 0 downstream tasks scheduled from follow-on schedule check
