[2025-02-12T08:30:40.264+0000] {taskinstance.py:1165} INFO - Dependencies all met for <TaskInstance: parallel_dag.transform scheduled__2025-02-11T00:00:00+00:00 [queued]>
[2025-02-12T08:30:40.308+0000] {taskinstance.py:1165} INFO - Dependencies all met for <TaskInstance: parallel_dag.transform scheduled__2025-02-11T00:00:00+00:00 [queued]>
[2025-02-12T08:30:40.308+0000] {taskinstance.py:1362} INFO - 
--------------------------------------------------------------------------------
[2025-02-12T08:30:40.309+0000] {taskinstance.py:1363} INFO - Starting attempt 1 of 1
[2025-02-12T08:30:40.310+0000] {taskinstance.py:1364} INFO - 
--------------------------------------------------------------------------------
[2025-02-12T08:30:40.376+0000] {taskinstance.py:1383} INFO - Executing <Task(BashOperator): transform> on 2025-02-11 00:00:00+00:00
[2025-02-12T08:30:40.390+0000] {standard_task_runner.py:55} INFO - Started process 220 to run task
[2025-02-12T08:30:40.399+0000] {standard_task_runner.py:82} INFO - Running: ['***', 'tasks', 'run', 'parallel_dag', 'transform', 'scheduled__2025-02-11T00:00:00+00:00', '--job-id', '121', '--raw', '--subdir', 'DAGS_FOLDER/parallel_dag.py', '--cfg-path', '/tmp/tmp11zzwgch']
[2025-02-12T08:30:40.403+0000] {standard_task_runner.py:83} INFO - Job 121: Subtask transform
[2025-02-12T08:30:40.852+0000] {task_command.py:376} INFO - Running <TaskInstance: parallel_dag.transform scheduled__2025-02-11T00:00:00+00:00 [running]> on host 91ad404e3a47
[2025-02-12T08:30:41.742+0000] {taskinstance.py:1592} INFO - Exporting the following env vars:
AIRFLOW_CTX_DAG_OWNER=***
AIRFLOW_CTX_DAG_ID=parallel_dag
AIRFLOW_CTX_TASK_ID=transform
AIRFLOW_CTX_EXECUTION_DATE=2025-02-11T00:00:00+00:00
AIRFLOW_CTX_TRY_NUMBER=1
AIRFLOW_CTX_DAG_RUN_ID=scheduled__2025-02-11T00:00:00+00:00
[2025-02-12T08:30:41.756+0000] {subprocess.py:63} INFO - Tmp dir root location: 
 /tmp
[2025-02-12T08:30:41.761+0000] {subprocess.py:75} INFO - Running command: ['/bin/bash', '-c', 'sleep 30']
[2025-02-12T08:30:41.955+0000] {subprocess.py:86} INFO - Output:
[2025-02-12T08:31:12.000+0000] {subprocess.py:97} INFO - Command exited with return code 0
[2025-02-12T08:31:12.058+0000] {taskinstance.py:1406} INFO - Marking task as SUCCESS. dag_id=parallel_dag, task_id=transform, execution_date=20250211T000000, start_date=20250212T083040, end_date=20250212T083112
[2025-02-12T08:31:12.123+0000] {local_task_job.py:164} INFO - Task exited with return code 0
[2025-02-12T08:31:12.182+0000] {local_task_job.py:273} INFO - 0 downstream tasks scheduled from follow-on schedule check
