[2025-02-12T07:19:24.672+0000] {taskinstance.py:1165} INFO - Dependencies all met for <TaskInstance: group_dag.check_files scheduled__2025-02-11T00:00:00+00:00 [queued]>
[2025-02-12T07:19:24.699+0000] {taskinstance.py:1165} INFO - Dependencies all met for <TaskInstance: group_dag.check_files scheduled__2025-02-11T00:00:00+00:00 [queued]>
[2025-02-12T07:19:24.700+0000] {taskinstance.py:1362} INFO - 
--------------------------------------------------------------------------------
[2025-02-12T07:19:24.701+0000] {taskinstance.py:1363} INFO - Starting attempt 1 of 1
[2025-02-12T07:19:24.701+0000] {taskinstance.py:1364} INFO - 
--------------------------------------------------------------------------------
[2025-02-12T07:19:24.729+0000] {taskinstance.py:1383} INFO - Executing <Task(BashOperator): check_files> on 2025-02-11 00:00:00+00:00
[2025-02-12T07:19:24.735+0000] {standard_task_runner.py:55} INFO - Started process 483 to run task
[2025-02-12T07:19:24.741+0000] {standard_task_runner.py:82} INFO - Running: ['***', 'tasks', 'run', 'group_dag', 'check_files', 'scheduled__2025-02-11T00:00:00+00:00', '--job-id', '94', '--raw', '--subdir', 'DAGS_FOLDER/group_dag.py', '--cfg-path', '/tmp/tmp0jhfxtgi']
[2025-02-12T07:19:24.742+0000] {standard_task_runner.py:83} INFO - Job 94: Subtask check_files
[2025-02-12T07:19:24.863+0000] {task_command.py:376} INFO - Running <TaskInstance: group_dag.check_files scheduled__2025-02-11T00:00:00+00:00 [running]> on host 3817b1be0181
[2025-02-12T07:19:24.999+0000] {taskinstance.py:1592} INFO - Exporting the following env vars:
AIRFLOW_CTX_DAG_OWNER=***
AIRFLOW_CTX_DAG_ID=group_dag
AIRFLOW_CTX_TASK_ID=check_files
AIRFLOW_CTX_EXECUTION_DATE=2025-02-11T00:00:00+00:00
AIRFLOW_CTX_TRY_NUMBER=1
AIRFLOW_CTX_DAG_RUN_ID=scheduled__2025-02-11T00:00:00+00:00
[2025-02-12T07:19:25.004+0000] {subprocess.py:63} INFO - Tmp dir root location: 
 /tmp
[2025-02-12T07:19:25.006+0000] {subprocess.py:75} INFO - Running command: ['/bin/bash', '-c', 'sleep 10']
[2025-02-12T07:19:25.022+0000] {subprocess.py:86} INFO - Output:
[2025-02-12T07:19:35.029+0000] {subprocess.py:97} INFO - Command exited with return code 0
[2025-02-12T07:19:35.078+0000] {taskinstance.py:1406} INFO - Marking task as SUCCESS. dag_id=group_dag, task_id=check_files, execution_date=20250211T000000, start_date=20250212T071924, end_date=20250212T071935
[2025-02-12T07:19:35.147+0000] {local_task_job.py:164} INFO - Task exited with return code 0
[2025-02-12T07:19:35.196+0000] {local_task_job.py:273} INFO - 1 downstream tasks scheduled from follow-on schedule check
