[2025-02-12T08:37:10.063+0000] {taskinstance.py:1165} INFO - Dependencies all met for <TaskInstance: xcom_dag.branch manual__2025-02-12T08:37:05.612595+00:00 [queued]>
[2025-02-12T08:37:10.081+0000] {taskinstance.py:1165} INFO - Dependencies all met for <TaskInstance: xcom_dag.branch manual__2025-02-12T08:37:05.612595+00:00 [queued]>
[2025-02-12T08:37:10.082+0000] {taskinstance.py:1362} INFO - 
--------------------------------------------------------------------------------
[2025-02-12T08:37:10.082+0000] {taskinstance.py:1363} INFO - Starting attempt 1 of 1
[2025-02-12T08:37:10.083+0000] {taskinstance.py:1364} INFO - 
--------------------------------------------------------------------------------
[2025-02-12T08:37:10.112+0000] {taskinstance.py:1383} INFO - Executing <Task(BranchPythonOperator): branch> on 2025-02-12 08:37:05.612595+00:00
[2025-02-12T08:37:10.118+0000] {standard_task_runner.py:55} INFO - Started process 535 to run task
[2025-02-12T08:37:10.123+0000] {standard_task_runner.py:82} INFO - Running: ['***', 'tasks', 'run', 'xcom_dag', 'branch', 'manual__2025-02-12T08:37:05.612595+00:00', '--job-id', '127', '--raw', '--subdir', 'DAGS_FOLDER/xcom_dag.py', '--cfg-path', '/tmp/tmpayv0vy3m']
[2025-02-12T08:37:10.126+0000] {standard_task_runner.py:83} INFO - Job 127: Subtask branch
[2025-02-12T08:37:10.237+0000] {task_command.py:376} INFO - Running <TaskInstance: xcom_dag.branch manual__2025-02-12T08:37:05.612595+00:00 [running]> on host bb70ba7cbe58
[2025-02-12T08:37:10.383+0000] {taskinstance.py:1592} INFO - Exporting the following env vars:
AIRFLOW_CTX_DAG_OWNER=***
AIRFLOW_CTX_DAG_ID=xcom_dag
AIRFLOW_CTX_TASK_ID=branch
AIRFLOW_CTX_EXECUTION_DATE=2025-02-12T08:37:05.612595+00:00
AIRFLOW_CTX_TRY_NUMBER=1
AIRFLOW_CTX_DAG_RUN_ID=manual__2025-02-12T08:37:05.612595+00:00
[2025-02-12T08:37:10.406+0000] {python.py:177} INFO - Done. Returned value was: t2
[2025-02-12T08:37:10.408+0000] {skipmixin.py:155} INFO - Following branch t2
[2025-02-12T08:37:10.410+0000] {skipmixin.py:190} INFO - Skipping tasks ['t3']
[2025-02-12T08:37:10.484+0000] {taskinstance.py:1406} INFO - Marking task as SUCCESS. dag_id=xcom_dag, task_id=branch, execution_date=20250212T083705, start_date=20250212T083710, end_date=20250212T083710
[2025-02-12T08:37:10.551+0000] {local_task_job.py:164} INFO - Task exited with return code 0
[2025-02-12T08:37:10.617+0000] {local_task_job.py:273} INFO - 1 downstream tasks scheduled from follow-on schedule check
