[2025-02-11T07:25:25.705+0000] {taskinstance.py:1165} INFO - Dependencies all met for <TaskInstance: group_dag.downloads scheduled__2025-02-10T00:00:00+00:00 [queued]>
[2025-02-11T07:25:25.736+0000] {taskinstance.py:1165} INFO - Dependencies all met for <TaskInstance: group_dag.downloads scheduled__2025-02-10T00:00:00+00:00 [queued]>
[2025-02-11T07:25:25.738+0000] {taskinstance.py:1362} INFO - 
--------------------------------------------------------------------------------
[2025-02-11T07:25:25.741+0000] {taskinstance.py:1363} INFO - Starting attempt 1 of 1
[2025-02-11T07:25:25.742+0000] {taskinstance.py:1364} INFO - 
--------------------------------------------------------------------------------
[2025-02-11T07:25:25.789+0000] {taskinstance.py:1383} INFO - Executing <Task(SubDagOperator): downloads> on 2025-02-10 00:00:00+00:00
[2025-02-11T07:25:25.822+0000] {standard_task_runner.py:55} INFO - Started process 961 to run task
[2025-02-11T07:25:25.852+0000] {standard_task_runner.py:82} INFO - Running: ['***', 'tasks', 'run', 'group_dag', 'downloads', 'scheduled__2025-02-10T00:00:00+00:00', '--job-id', '68', '--raw', '--subdir', 'DAGS_FOLDER/group_dag.py', '--cfg-path', '/tmp/tmp9sp55tvx']
[2025-02-11T07:25:25.854+0000] {standard_task_runner.py:83} INFO - Job 68: Subtask downloads
[2025-02-11T07:25:26.472+0000] {task_command.py:376} INFO - Running <TaskInstance: group_dag.downloads scheduled__2025-02-10T00:00:00+00:00 [running]> on host 504bf2b4f87f
[2025-02-11T07:25:27.027+0000] {taskinstance.py:1592} INFO - Exporting the following env vars:
AIRFLOW_CTX_DAG_OWNER=***
AIRFLOW_CTX_DAG_ID=group_dag
AIRFLOW_CTX_TASK_ID=downloads
AIRFLOW_CTX_EXECUTION_DATE=2025-02-10T00:00:00+00:00
AIRFLOW_CTX_TRY_NUMBER=1
AIRFLOW_CTX_DAG_RUN_ID=scheduled__2025-02-10T00:00:00+00:00
[2025-02-11T07:25:27.037+0000] {warnings.py:110} WARNING - /home/***/.local/lib/python3.7/site-packages/***/utils/context.py:204: AirflowContextDeprecationWarning: Accessing 'execution_date' from the template is deprecated and will be removed in a future version. Please use 'data_interval_start' or 'logical_date' instead.
  warnings.warn(_create_deprecation_warning(key, self._deprecation_replacements[key]))

[2025-02-11T07:25:27.222+0000] {subdag.py:171} INFO - Created DagRun: scheduled__2025-02-10T00:00:00+00:00
[2025-02-11T07:26:27.319+0000] {base.py:213} INFO - Success criteria met. Exiting.
[2025-02-11T07:26:27.363+0000] {subdag.py:186} INFO - Execution finished. State is success
[2025-02-11T07:26:27.403+0000] {taskinstance.py:1406} INFO - Marking task as SUCCESS. dag_id=group_dag, task_id=downloads, execution_date=20250210T000000, start_date=20250211T072525, end_date=20250211T072627
[2025-02-11T07:26:27.578+0000] {local_task_job.py:164} INFO - Task exited with return code 0
[2025-02-11T07:26:27.725+0000] {local_task_job.py:273} INFO - 1 downstream tasks scheduled from follow-on schedule check
