[2025-02-11T07:25:33.239+0000] {taskinstance.py:1165} INFO - Dependencies all met for <TaskInstance: group_dag.downloads.download_b scheduled__2025-02-11T07:25:19.762871+00:00 [queued]>
[2025-02-11T07:25:33.264+0000] {taskinstance.py:1165} INFO - Dependencies all met for <TaskInstance: group_dag.downloads.download_b scheduled__2025-02-11T07:25:19.762871+00:00 [queued]>
[2025-02-11T07:25:33.265+0000] {taskinstance.py:1362} INFO - 
--------------------------------------------------------------------------------
[2025-02-11T07:25:33.266+0000] {taskinstance.py:1363} INFO - Starting attempt 1 of 1
[2025-02-11T07:25:33.267+0000] {taskinstance.py:1364} INFO - 
--------------------------------------------------------------------------------
[2025-02-11T07:25:33.329+0000] {taskinstance.py:1383} INFO - Executing <Task(BashOperator): download_b> on 2025-02-11 07:25:19.762871+00:00
[2025-02-11T07:25:33.339+0000] {standard_task_runner.py:55} INFO - Started process 970 to run task
[2025-02-11T07:25:33.350+0000] {standard_task_runner.py:82} INFO - Running: ['***', 'tasks', 'run', 'group_dag.downloads', 'download_b', 'scheduled__2025-02-11T07:25:19.762871+00:00', '--job-id', '73', '--raw', '--subdir', 'DAGS_FOLDER/group_dag.py', '--cfg-path', '/tmp/tmpt20sru7c']
[2025-02-11T07:25:33.351+0000] {standard_task_runner.py:83} INFO - Job 73: Subtask download_b
[2025-02-11T07:25:33.646+0000] {task_command.py:376} INFO - Running <TaskInstance: group_dag.downloads.download_b scheduled__2025-02-11T07:25:19.762871+00:00 [running]> on host 504bf2b4f87f
[2025-02-11T07:25:33.913+0000] {taskinstance.py:1592} INFO - Exporting the following env vars:
AIRFLOW_CTX_DAG_OWNER=***
AIRFLOW_CTX_DAG_ID=group_dag.downloads
AIRFLOW_CTX_TASK_ID=download_b
AIRFLOW_CTX_EXECUTION_DATE=2025-02-11T07:25:19.762871+00:00
AIRFLOW_CTX_TRY_NUMBER=1
AIRFLOW_CTX_DAG_RUN_ID=scheduled__2025-02-11T07:25:19.762871+00:00
[2025-02-11T07:25:33.916+0000] {subprocess.py:63} INFO - Tmp dir root location: 
 /tmp
[2025-02-11T07:25:33.918+0000] {subprocess.py:75} INFO - Running command: ['/bin/bash', '-c', 'sleep 10']
[2025-02-11T07:25:33.944+0000] {subprocess.py:86} INFO - Output:
[2025-02-11T07:25:44.076+0000] {subprocess.py:97} INFO - Command exited with return code 0
[2025-02-11T07:25:45.094+0000] {taskinstance.py:1406} INFO - Marking task as SUCCESS. dag_id=group_dag.downloads, task_id=download_b, execution_date=20250211T072519, start_date=20250211T072533, end_date=20250211T072545
[2025-02-11T07:25:45.263+0000] {local_task_job.py:164} INFO - Task exited with return code 0
[2025-02-11T07:25:45.620+0000] {local_task_job.py:273} INFO - 0 downstream tasks scheduled from follow-on schedule check
