[2025-02-09T03:53:56.400+0000] {taskinstance.py:1165} INFO - Dependencies all met for <TaskInstance: user_processing.extract_user scheduled__2025-02-08T00:00:00+00:00 [queued]>
[2025-02-09T03:53:56.627+0000] {taskinstance.py:1165} INFO - Dependencies all met for <TaskInstance: user_processing.extract_user scheduled__2025-02-08T00:00:00+00:00 [queued]>
[2025-02-09T03:53:56.628+0000] {taskinstance.py:1362} INFO - 
--------------------------------------------------------------------------------
[2025-02-09T03:53:56.631+0000] {taskinstance.py:1363} INFO - Starting attempt 1 of 1
[2025-02-09T03:53:56.645+0000] {taskinstance.py:1364} INFO - 
--------------------------------------------------------------------------------
[2025-02-09T03:53:56.970+0000] {taskinstance.py:1383} INFO - Executing <Task(SimpleHttpOperator): extract_user> on 2025-02-08 00:00:00+00:00
[2025-02-09T03:53:57.125+0000] {standard_task_runner.py:55} INFO - Started process 112 to run task
[2025-02-09T03:53:57.229+0000] {standard_task_runner.py:82} INFO - Running: ['***', 'tasks', 'run', 'user_processing', 'extract_user', 'scheduled__2025-02-08T00:00:00+00:00', '--job-id', '28', '--raw', '--subdir', 'DAGS_FOLDER/user_processing.py', '--cfg-path', '/tmp/tmpn4dqemf7']
[2025-02-09T03:53:57.270+0000] {standard_task_runner.py:83} INFO - Job 28: Subtask extract_user
[2025-02-09T03:53:57.866+0000] {task_command.py:376} INFO - Running <TaskInstance: user_processing.extract_user scheduled__2025-02-08T00:00:00+00:00 [running]> on host fb1f760c5ca3
[2025-02-09T03:53:58.416+0000] {taskinstance.py:1592} INFO - Exporting the following env vars:
AIRFLOW_CTX_DAG_OWNER=***
AIRFLOW_CTX_DAG_ID=user_processing
AIRFLOW_CTX_TASK_ID=extract_user
AIRFLOW_CTX_EXECUTION_DATE=2025-02-08T00:00:00+00:00
AIRFLOW_CTX_TRY_NUMBER=1
AIRFLOW_CTX_DAG_RUN_ID=scheduled__2025-02-08T00:00:00+00:00
[2025-02-09T03:53:58.419+0000] {http.py:121} INFO - Calling HTTP method
[2025-02-09T03:53:58.479+0000] {base.py:71} INFO - Using connection ID 'user_api' for task execution.
[2025-02-09T03:53:58.495+0000] {http.py:148} INFO - Sending 'GET' to url: https://randomuser.me/api/
[2025-02-09T03:53:58.739+0000] {http.py:125} INFO - {"results":[{"gender":"female","name":{"title":"Miss","first":"Bonnie","last":"Gibson"},"location":{"street":{"number":6936,"name":"Timber Wolf Trail"},"city":"Darwin","state":"Victoria","country":"Australia","postcode":1781,"coordinates":{"latitude":"-81.4715","longitude":"57.3057"},"timezone":{"offset":"+10:00","description":"Eastern Australia, Guam, Vladivostok"}},"email":"bonnie.gibson@example.com","login":{"uuid":"144fbd5d-8def-4f37-aa6e-eec14e2be5a6","username":"tinytiger912","password":"geheim","salt":"2307pD3M","md5":"3fe5bb5fcf90af3ace515a14438481ea","sha1":"8e84ddcf649c60be2413fe9495bde36b6b464edc","sha256":"30cccb64cf76d749d7f18942c5036dc48c2d101442f41e593fece0f1b72c38f4"},"dob":{"date":"1987-06-06T07:55:49.512Z","age":37},"registered":{"date":"2004-08-03T13:41:55.046Z","age":20},"phone":"09-1793-6434","cell":"0499-832-427","id":{"name":"TFN","value":"880564783"},"picture":{"large":"https://randomuser.me/api/portraits/women/28.jpg","medium":"https://randomuser.me/api/portraits/med/women/28.jpg","thumbnail":"https://randomuser.me/api/portraits/thumb/women/28.jpg"},"nat":"AU"}],"info":{"seed":"19ff0241440b12de","results":1,"page":1,"version":"1.4"}}
[2025-02-09T03:53:58.799+0000] {taskinstance.py:1406} INFO - Marking task as SUCCESS. dag_id=user_processing, task_id=extract_user, execution_date=20250208T000000, start_date=20250209T035356, end_date=20250209T035358
[2025-02-09T03:53:58.875+0000] {local_task_job.py:164} INFO - Task exited with return code 0
[2025-02-09T03:53:58.985+0000] {local_task_job.py:273} INFO - 1 downstream tasks scheduled from follow-on schedule check
