[2025-02-12T08:30:32.193+0000] {taskinstance.py:1165} INFO - Dependencies all met for <TaskInstance: group_dag.transforms.transform_a manual__2025-02-12T08:11:05.253889+00:00 [queued]>
[2025-02-12T08:30:32.341+0000] {taskinstance.py:1165} INFO - Dependencies all met for <TaskInstance: group_dag.transforms.transform_a manual__2025-02-12T08:11:05.253889+00:00 [queued]>
[2025-02-12T08:30:32.347+0000] {taskinstance.py:1362} INFO - 
--------------------------------------------------------------------------------
[2025-02-12T08:30:32.348+0000] {taskinstance.py:1363} INFO - Starting attempt 1 of 1
[2025-02-12T08:30:32.349+0000] {taskinstance.py:1364} INFO - 
--------------------------------------------------------------------------------
[2025-02-12T08:30:32.787+0000] {taskinstance.py:1383} INFO - Executing <Task(BashOperator): transforms.transform_a> on 2025-02-12 08:11:05.253889+00:00
[2025-02-12T08:30:32.954+0000] {standard_task_runner.py:55} INFO - Started process 233 to run task
[2025-02-12T08:30:33.226+0000] {standard_task_runner.py:82} INFO - Running: ['***', 'tasks', 'run', 'group_dag', 'transforms.transform_a', 'manual__2025-02-12T08:11:05.253889+00:00', '--job-id', '110', '--raw', '--subdir', 'DAGS_FOLDER/group_dag.py', '--cfg-path', '/tmp/tmpatrv4v9m']
[2025-02-12T08:30:33.281+0000] {standard_task_runner.py:83} INFO - Job 110: Subtask transforms.transform_a
[2025-02-12T08:30:33.634+0000] {task_command.py:376} INFO - Running <TaskInstance: group_dag.transforms.transform_a manual__2025-02-12T08:11:05.253889+00:00 [running]> on host bb70ba7cbe58
[2025-02-12T08:30:34.233+0000] {taskinstance.py:1592} INFO - Exporting the following env vars:
AIRFLOW_CTX_DAG_OWNER=***
AIRFLOW_CTX_DAG_ID=group_dag
AIRFLOW_CTX_TASK_ID=transforms.transform_a
AIRFLOW_CTX_EXECUTION_DATE=2025-02-12T08:11:05.253889+00:00
AIRFLOW_CTX_TRY_NUMBER=1
AIRFLOW_CTX_DAG_RUN_ID=manual__2025-02-12T08:11:05.253889+00:00
[2025-02-12T08:30:34.236+0000] {subprocess.py:63} INFO - Tmp dir root location: 
 /tmp
[2025-02-12T08:30:34.241+0000] {subprocess.py:75} INFO - Running command: ['/bin/bash', '-c', 'sleep 10']
[2025-02-12T08:30:34.287+0000] {subprocess.py:86} INFO - Output:
[2025-02-12T08:30:44.292+0000] {subprocess.py:97} INFO - Command exited with return code 0
[2025-02-12T08:30:44.386+0000] {taskinstance.py:1406} INFO - Marking task as SUCCESS. dag_id=group_dag, task_id=transforms.transform_a, execution_date=20250212T081105, start_date=20250212T083032, end_date=20250212T083044
[2025-02-12T08:30:44.574+0000] {local_task_job.py:164} INFO - Task exited with return code 0
[2025-02-12T08:30:44.681+0000] {local_task_job.py:273} INFO - 0 downstream tasks scheduled from follow-on schedule check
