[2025-02-12T08:30:32.254+0000] {taskinstance.py:1165} INFO - Dependencies all met for <TaskInstance: parallel_dag.extract_a scheduled__2025-02-11T00:00:00+00:00 [queued]>
[2025-02-12T08:30:32.288+0000] {taskinstance.py:1165} INFO - Dependencies all met for <TaskInstance: parallel_dag.extract_a scheduled__2025-02-11T00:00:00+00:00 [queued]>
[2025-02-12T08:30:32.293+0000] {taskinstance.py:1362} INFO - 
--------------------------------------------------------------------------------
[2025-02-12T08:30:32.297+0000] {taskinstance.py:1363} INFO - Starting attempt 1 of 1
[2025-02-12T08:30:32.301+0000] {taskinstance.py:1364} INFO - 
--------------------------------------------------------------------------------
[2025-02-12T08:30:32.662+0000] {taskinstance.py:1383} INFO - Executing <Task(BashOperator): extract_a> on 2025-02-11 00:00:00+00:00
[2025-02-12T08:30:32.761+0000] {standard_task_runner.py:55} INFO - Started process 232 to run task
[2025-02-12T08:30:32.967+0000] {standard_task_runner.py:82} INFO - Running: ['***', 'tasks', 'run', 'parallel_dag', 'extract_a', 'scheduled__2025-02-11T00:00:00+00:00', '--job-id', '112', '--raw', '--subdir', 'DAGS_FOLDER/parallel_dag.py', '--cfg-path', '/tmp/tmpbg3jzeb7']
[2025-02-12T08:30:32.985+0000] {standard_task_runner.py:83} INFO - Job 112: Subtask extract_a
[2025-02-12T08:30:33.580+0000] {task_command.py:376} INFO - Running <TaskInstance: parallel_dag.extract_a scheduled__2025-02-11T00:00:00+00:00 [running]> on host bb70ba7cbe58
[2025-02-12T08:30:34.247+0000] {taskinstance.py:1592} INFO - Exporting the following env vars:
AIRFLOW_CTX_DAG_OWNER=***
AIRFLOW_CTX_DAG_ID=parallel_dag
AIRFLOW_CTX_TASK_ID=extract_a
AIRFLOW_CTX_EXECUTION_DATE=2025-02-11T00:00:00+00:00
AIRFLOW_CTX_TRY_NUMBER=1
AIRFLOW_CTX_DAG_RUN_ID=scheduled__2025-02-11T00:00:00+00:00
[2025-02-12T08:30:34.259+0000] {subprocess.py:63} INFO - Tmp dir root location: 
 /tmp
[2025-02-12T08:30:34.281+0000] {subprocess.py:75} INFO - Running command: ['/bin/bash', '-c', 'sleep 1']
[2025-02-12T08:30:34.313+0000] {subprocess.py:86} INFO - Output:
[2025-02-12T08:30:35.333+0000] {subprocess.py:97} INFO - Command exited with return code 0
[2025-02-12T08:30:35.415+0000] {taskinstance.py:1406} INFO - Marking task as SUCCESS. dag_id=parallel_dag, task_id=extract_a, execution_date=20250211T000000, start_date=20250212T083032, end_date=20250212T083035
[2025-02-12T08:30:35.476+0000] {local_task_job.py:164} INFO - Task exited with return code 0
[2025-02-12T08:30:35.568+0000] {local_task_job.py:273} INFO - 0 downstream tasks scheduled from follow-on schedule check
